09/10/20 11:14:50 ******************************************************
09/10/20 11:14:50 ** condor_scheduniv_exec.5.0 (CONDOR_DAGMAN) STARTING UP
09/10/20 11:14:50 ** /usr/bin/condor_dagman
09/10/20 11:14:50 ** SubsystemInfo: name=DAGMAN type=DAGMAN(10) class=DAEMON(1)
09/10/20 11:14:50 ** Configuration: subsystem:DAGMAN local:<NONE> class:DAEMON
09/10/20 11:14:50 ** $CondorVersion: 8.8.10 Aug 05 2020 BuildID: 513586 PackageID: 8.8.10-1 $
09/10/20 11:14:50 ** $CondorPlatform: x86_64_CentOS7 $
09/10/20 11:14:50 ** PID = 7773
09/10/20 11:14:50 ** Log last touched time unavailable (No such file or directory)
09/10/20 11:14:50 ******************************************************
09/10/20 11:14:50 Using config source: /etc/condor/condor_config
09/10/20 11:14:50 Using local config sources: 
09/10/20 11:14:50    /etc/condor/config.d/00-minicondor
09/10/20 11:14:50    /etc/condor/condor_config.local
09/10/20 11:14:50 config Macros = 81, Sorted = 81, StringBytes = 2244, TablesBytes = 2964
09/10/20 11:14:50 CLASSAD_CACHING is ENABLED
09/10/20 11:14:50 Daemon Log is logging: D_ALWAYS D_ERROR
09/10/20 11:14:50 DaemonCore: No command port requested.
09/10/20 11:14:50 DAGMAN_USE_STRICT setting: 1
09/10/20 11:14:50 DAGMAN_VERBOSITY setting: 3
09/10/20 11:14:50 DAGMAN_DEBUG_CACHE_SIZE setting: 5242880
09/10/20 11:14:50 DAGMAN_DEBUG_CACHE_ENABLE setting: False
09/10/20 11:14:50 DAGMAN_SUBMIT_DELAY setting: 0
09/10/20 11:14:50 DAGMAN_MAX_SUBMIT_ATTEMPTS setting: 6
09/10/20 11:14:50 DAGMAN_STARTUP_CYCLE_DETECT setting: False
09/10/20 11:14:50 DAGMAN_MAX_SUBMITS_PER_INTERVAL setting: 100
09/10/20 11:14:50 DAGMAN_AGGRESSIVE_SUBMIT setting: False
09/10/20 11:14:50 DAGMAN_USER_LOG_SCAN_INTERVAL setting: 5
09/10/20 11:14:50 DAGMAN_QUEUE_UPDATE_INTERVAL setting: 300
09/10/20 11:14:50 DAGMAN_DEFAULT_PRIORITY setting: 0
09/10/20 11:14:50 DAGMAN_SUPPRESS_NOTIFICATION setting: True
09/10/20 11:14:50 allow_events (DAGMAN_ALLOW_EVENTS) setting: 114
09/10/20 11:14:50 DAGMAN_RETRY_SUBMIT_FIRST setting: True
09/10/20 11:14:50 DAGMAN_RETRY_NODE_FIRST setting: False
09/10/20 11:14:50 DAGMAN_MAX_JOBS_IDLE setting: 1000
09/10/20 11:14:50 DAGMAN_MAX_JOBS_SUBMITTED setting: 0
09/10/20 11:14:50 DAGMAN_MAX_PRE_SCRIPTS setting: 20
09/10/20 11:14:50 DAGMAN_MAX_POST_SCRIPTS setting: 20
09/10/20 11:14:50 DAGMAN_MUNGE_NODE_NAMES setting: True
09/10/20 11:14:50 DAGMAN_PROHIBIT_MULTI_JOBS setting: False
09/10/20 11:14:50 DAGMAN_SUBMIT_DEPTH_FIRST setting: False
09/10/20 11:14:50 DAGMAN_ALWAYS_RUN_POST setting: False
09/10/20 11:14:50 DAGMAN_CONDOR_SUBMIT_EXE setting: /usr/bin/condor_submit
09/10/20 11:14:50 DAGMAN_USE_CONDOR_SUBMIT setting: True
09/10/20 11:14:50 DAGMAN_ABORT_DUPLICATES setting: True
09/10/20 11:14:50 DAGMAN_ABORT_ON_SCARY_SUBMIT setting: True
09/10/20 11:14:50 DAGMAN_PENDING_REPORT_INTERVAL setting: 600
09/10/20 11:14:50 DAGMAN_AUTO_RESCUE setting: True
09/10/20 11:14:50 DAGMAN_MAX_RESCUE_NUM setting: 100
09/10/20 11:14:50 DAGMAN_WRITE_PARTIAL_RESCUE setting: True
09/10/20 11:14:50 DAGMAN_DEFAULT_NODE_LOG setting: @(DAG_DIR)/@(DAG_FILE).nodes.log
09/10/20 11:14:50 DAGMAN_GENERATE_SUBDAG_SUBMITS setting: True
09/10/20 11:14:50 DAGMAN_MAX_JOB_HOLDS setting: 100
09/10/20 11:14:50 DAGMAN_HOLD_CLAIM_TIME setting: 20
09/10/20 11:14:50 ALL_DEBUG setting: 
09/10/20 11:14:50 DAGMAN_DEBUG setting: 
09/10/20 11:14:50 DAGMAN_SUPPRESS_JOB_LOGS setting: False
09/10/20 11:14:50 DAGMAN_REMOVE_NODE_JOBS setting: True
09/10/20 11:14:50 argv[0] == "condor_scheduniv_exec.5.0"
09/10/20 11:14:50 argv[1] == "-Lockfile"
09/10/20 11:14:50 argv[2] == "checkpoint-wf-0.dag.lock"
09/10/20 11:14:50 argv[3] == "-AutoRescue"
09/10/20 11:14:50 argv[4] == "1"
09/10/20 11:14:50 argv[5] == "-DoRescueFrom"
09/10/20 11:14:50 argv[6] == "0"
09/10/20 11:14:50 argv[7] == "-Dag"
09/10/20 11:14:50 argv[8] == "checkpoint-wf-0.dag"
09/10/20 11:14:50 argv[9] == "-MaxPost"
09/10/20 11:14:50 argv[10] == "20"
09/10/20 11:14:50 argv[11] == "-Suppress_notification"
09/10/20 11:14:50 argv[12] == "-CsdVersion"
09/10/20 11:14:50 argv[13] == "$CondorVersion: 8.8.10 Aug 05 2020 BuildID: 513586 PackageID: 8.8.10-1 $"
09/10/20 11:14:50 argv[14] == "-Dagman"
09/10/20 11:14:50 argv[15] == "/bin/condor_dagman"
09/10/20 11:14:50 Workflow batch-name: <checkpoint-wf-0.dag+5>
09/10/20 11:14:50 Workflow accounting_group: <>
09/10/20 11:14:50 Workflow accounting_group_user: <>
09/10/20 11:14:50 Warning: failed to get attribute DAGNodeName
09/10/20 11:14:50 DAGMAN_LOG_ON_NFS_IS_ERROR setting: False
09/10/20 11:14:50 Default node log file is: </home/scitech/shared-data/Workflow5/scitech/pegasus/checkpoint-wf/run0012/./checkpoint-wf-0.dag.nodes.log>
09/10/20 11:14:50 DAG Lockfile will be written to checkpoint-wf-0.dag.lock
09/10/20 11:14:50 DAG Input file is checkpoint-wf-0.dag
09/10/20 11:14:50 Parsing 1 dagfiles
09/10/20 11:14:50 Parsing checkpoint-wf-0.dag ...
09/10/20 11:14:50 Warning:  could not open Pegasus braindump file braindump.txt
09/10/20 11:14:50 Dag contains 9 total jobs
09/10/20 11:14:50 Sleeping for 3 seconds to ensure ProcessId uniqueness
09/10/20 11:14:53 Bootstrapping...
09/10/20 11:14:53 Number of pre-completed nodes: 0
09/10/20 11:14:53 MultiLogFiles: truncating log file /home/scitech/shared-data/Workflow5/scitech/pegasus/checkpoint-wf/run0012/./checkpoint-wf-0.dag.nodes.log
09/10/20 11:14:53 DAG status: 0 (DAG_STATUS_OK)
09/10/20 11:14:53 Of 9 nodes total:
09/10/20 11:14:53  Done     Pre   Queued    Post   Ready   Un-Ready   Failed
09/10/20 11:14:53   ===     ===      ===     ===     ===        ===      ===
09/10/20 11:14:53     0       0        0       0       1          8        0
09/10/20 11:14:53 0 job proc(s) currently held
09/10/20 11:14:53 DAGMan Runtime Statistics: [ EventCycleTimeSum = 0.0; EventCycleTimeCount = 0.0; SleepCycleTimeCount = 0.0; SubmitCycleTimeSum = 0.0; SubmitCycleTimeCount = 0.0; LogProcessCycleTimeSum = 0.0; SleepCycleTimeSum = 0.0; LogProcessCycleTimeCount = 0.0; ]
09/10/20 11:14:53 Registering condor_event_timer...
09/10/20 11:14:54 Submitting HTCondor Node create_dir_checkpoint-wf_0_local job(s)...
09/10/20 11:14:54 Adding a DAGMan workflow log /home/scitech/shared-data/Workflow5/scitech/pegasus/checkpoint-wf/run0012/./checkpoint-wf-0.dag.nodes.log
09/10/20 11:14:54 Masking the events recorded in the DAGMAN workflow log
09/10/20 11:14:54 Mask for workflow log is 0,1,2,4,5,7,9,10,11,12,13,16,17,24,27,35,36
09/10/20 11:14:54 submitting: /usr/bin/condor_submit -a dag_node_name' '=' 'create_dir_checkpoint-wf_0_local -a +DAGManJobId' '=' '5 -a DAGManJobId' '=' '5 -batch-name checkpoint-wf-0.dag+5 -a submit_event_notes' '=' 'DAG' 'Node:' 'create_dir_checkpoint-wf_0_local -a dagman_log' '=' '/home/scitech/shared-data/Workflow5/scitech/pegasus/checkpoint-wf/run0012/./checkpoint-wf-0.dag.nodes.log -a +DAGManNodesMask' '=' '"0,1,2,4,5,7,9,10,11,12,13,16,17,24,27,35,36" -a priority=800 -a +DAGNodeRetry' '=' '0 -a DAG_STATUS' '=' '0 -a FAILED_COUNT' '=' '0 -a +KeepClaimIdle' '=' '20 -a notification' '=' 'never -a +DAGParentNodeNames' '=' '"" 00/00/create_dir_checkpoint-wf_0_local.sub
09/10/20 11:14:54 From submit: Submitting job(s).
09/10/20 11:14:54 From submit: 1 job(s) submitted to cluster 6.
09/10/20 11:14:54 	assigned HTCondor ID (6.0.0)
09/10/20 11:14:54 Just submitted 1 job this cycle...
09/10/20 11:14:54 DAG status: 0 (DAG_STATUS_OK)
09/10/20 11:14:54 Of 9 nodes total:
09/10/20 11:14:54  Done     Pre   Queued    Post   Ready   Un-Ready   Failed
09/10/20 11:14:54   ===     ===      ===     ===     ===        ===      ===
09/10/20 11:14:54     0       0        1       0       0          8        0
09/10/20 11:14:54 0 job proc(s) currently held
09/10/20 11:14:54 DAGMan Runtime Statistics: [ EventCycleTimeCount = 0.0; EventCycleTimeSum = 0.0; LogProcessCycleTimeCount = 0.0; SleepCycleTimeSum = 0.0; LogProcessCycleTimeSum = 0.0; SubmitCycleTimeCount = 1.0; SubmitCycleTimeMax = 0.0839228630065918; SubmitCycleTimeMin = 0.0839228630065918; SubmitCycleTimeAvg = 0.0839228630065918; SubmitCycleTimeStd = 0.0839228630065918; SubmitCycleTimeSum = 0.0839228630065918; SleepCycleTimeCount = 0.0; ]
09/10/20 11:14:59 Currently monitoring 1 HTCondor log file(s)
09/10/20 11:14:59 Reassigning the id of job create_dir_checkpoint-wf_0_local from (6.0.0) to (6.0.0)
09/10/20 11:14:59 Event: ULOG_SUBMIT for HTCondor Node create_dir_checkpoint-wf_0_local (6.0.0) {09/10/20 11:14:54}
09/10/20 11:14:59 Number of idle job procs: 1
09/10/20 11:14:59 Event: ULOG_EXECUTE for HTCondor Node create_dir_checkpoint-wf_0_local (6.0.0) {09/10/20 11:14:55}
09/10/20 11:14:59 Number of idle job procs: 0
09/10/20 11:14:59 Event: ULOG_JOB_TERMINATED for HTCondor Node create_dir_checkpoint-wf_0_local (6.0.0) {09/10/20 11:14:58}
09/10/20 11:14:59 Number of idle job procs: 0
09/10/20 11:14:59 Node create_dir_checkpoint-wf_0_local job proc (6.0.0) completed successfully.
09/10/20 11:14:59 Node create_dir_checkpoint-wf_0_local job completed
09/10/20 11:14:59 Running POST script of Node create_dir_checkpoint-wf_0_local...
09/10/20 11:14:59 Warning: mysin has length 0 (ignore if produced by DAGMan; see gittrac #4987, #5031)
09/10/20 11:14:59 DAG status: 0 (DAG_STATUS_OK)
09/10/20 11:14:59 Of 9 nodes total:
09/10/20 11:14:59  Done     Pre   Queued    Post   Ready   Un-Ready   Failed
09/10/20 11:14:59   ===     ===      ===     ===     ===        ===      ===
09/10/20 11:14:59     0       0        0       1       0          8        0
09/10/20 11:14:59 0 job proc(s) currently held
09/10/20 11:14:59 DAGMan Runtime Statistics: [ EventCycleTimeStd = 0.09383296966552734; EventCycleTimeMax = 0.09383296966552734; SubmitCycleTimeMin = 0.0005228519439697266; SubmitCycleTimeAvg = 0.04222285747528076; SleepCycleTimeCount = 1.0; SubmitCycleTimeCount = 2.0; SubmitCycleTimeMax = 0.0839228630065918; SleepCycleTimeMin = 4.970779895782471; SubmitCycleTimeSum = 0.08444571495056152; LogProcessCycleTimeStd = 0.02042579650878906; SubmitCycleTimeStd = 0.05897271337341315; LogProcessCycleTimeAvg = 0.02042579650878906; EventCycleTimeMin = 0.09383296966552734; LogProcessCycleTimeMax = 0.02042579650878906; LogProcessCycleTimeMin = 0.02042579650878906; LogProcessCycleTimeSum = 0.02042579650878906; LogProcessCycleTimeCount = 1.0; EventCycleTimeSum = 0.09383296966552734; SleepCycleTimeSum = 4.970779895782471; SleepCycleTimeAvg = 4.970779895782471; SleepCycleTimeStd = 4.970779895782471; SleepCycleTimeMax = 4.970779895782471; EventCycleTimeCount = 1.0; EventCycleTimeAvg = 0.09383296966552734; ]
09/10/20 11:14:59 Initializing user log writer for /home/scitech/shared-data/Workflow5/scitech/pegasus/checkpoint-wf/run0012/./checkpoint-wf-0.dag.nodes.log, (6.0.0)
09/10/20 11:15:04 Currently monitoring 1 HTCondor log file(s)
09/10/20 11:15:04 Event: ULOG_POST_SCRIPT_TERMINATED for HTCondor Node create_dir_checkpoint-wf_0_local (6.0.0) {09/10/20 11:14:59}
09/10/20 11:15:04 POST Script of node create_dir_checkpoint-wf_0_local completed successfully.
09/10/20 11:15:04 DAG status: 0 (DAG_STATUS_OK)
09/10/20 11:15:04 Of 9 nodes total:
09/10/20 11:15:04  Done     Pre   Queued    Post   Ready   Un-Ready   Failed
09/10/20 11:15:04   ===     ===      ===     ===     ===        ===      ===
09/10/20 11:15:04     1       0        0       0       2          6        0
09/10/20 11:15:04 0 job proc(s) currently held
09/10/20 11:15:04 DAGMan Runtime Statistics: [ EventCycleTimeStd = 0.04618670823436025; EventCycleTimeMax = 0.09383296966552734; SubmitCycleTimeMin = 0.0005228519439697266; SubmitCycleTimeAvg = 0.02834224700927734; SleepCycleTimeCount = 2.0; SubmitCycleTimeCount = 3.0; SubmitCycleTimeMax = 0.0839228630065918; SleepCycleTimeMin = 4.970779895782471; SubmitCycleTimeSum = 0.08502674102783203; LogProcessCycleTimeStd = 0.01126197509689897; SubmitCycleTimeStd = 0.04813423420018378; LogProcessCycleTimeAvg = 0.01246237754821777; EventCycleTimeMin = 0.02851510047912598; LogProcessCycleTimeMax = 0.02042579650878906; LogProcessCycleTimeMin = 0.004498958587646484; LogProcessCycleTimeSum = 0.02492475509643555; LogProcessCycleTimeCount = 2.0; EventCycleTimeSum = 0.1223480701446533; SleepCycleTimeSum = 10.27437591552734; SleepCycleTimeAvg = 5.137187957763672; SleepCycleTimeStd = 0.2353365381420373; SleepCycleTimeMax = 5.303596019744873; EventCycleTimeCount = 2.0; EventCycleTimeAvg = 0.06117403507232666; ]
09/10/20 11:15:09 Submitting HTCondor Node stage_in_remote_local_0_0 job(s)...
09/10/20 11:15:09 Adding a DAGMan workflow log /home/scitech/shared-data/Workflow5/scitech/pegasus/checkpoint-wf/run0012/./checkpoint-wf-0.dag.nodes.log
09/10/20 11:15:09 Masking the events recorded in the DAGMAN workflow log
09/10/20 11:15:09 Mask for workflow log is 0,1,2,4,5,7,9,10,11,12,13,16,17,24,27,35,36
09/10/20 11:15:10 submitting: /usr/bin/condor_submit -a dag_node_name' '=' 'stage_in_remote_local_0_0 -a +DAGManJobId' '=' '5 -a DAGManJobId' '=' '5 -batch-name checkpoint-wf-0.dag+5 -a submit_event_notes' '=' 'DAG' 'Node:' 'stage_in_remote_local_0_0 -a dagman_log' '=' '/home/scitech/shared-data/Workflow5/scitech/pegasus/checkpoint-wf/run0012/./checkpoint-wf-0.dag.nodes.log -a +DAGManNodesMask' '=' '"0,1,2,4,5,7,9,10,11,12,13,16,17,24,27,35,36" -a priority=700 -a +DAGNodeRetry' '=' '0 -a DAG_STATUS' '=' '0 -a FAILED_COUNT' '=' '0 -a +KeepClaimIdle' '=' '20 -a notification' '=' 'never -a +DAGParentNodeNames' '=' '"create_dir_checkpoint-wf_0_local" 00/00/stage_in_remote_local_0_0.sub
09/10/20 11:15:10 From submit: Submitting job(s).
09/10/20 11:15:10 From submit: 1 job(s) submitted to cluster 7.
09/10/20 11:15:10 	assigned HTCondor ID (7.0.0)
09/10/20 11:15:10 Submitting HTCondor Node stage_in_local_local_0_0 job(s)...
09/10/20 11:15:10 Adding a DAGMan workflow log /home/scitech/shared-data/Workflow5/scitech/pegasus/checkpoint-wf/run0012/./checkpoint-wf-0.dag.nodes.log
09/10/20 11:15:10 Masking the events recorded in the DAGMAN workflow log
09/10/20 11:15:10 Mask for workflow log is 0,1,2,4,5,7,9,10,11,12,13,16,17,24,27,35,36
09/10/20 11:15:10 submitting: /usr/bin/condor_submit -a dag_node_name' '=' 'stage_in_local_local_0_0 -a +DAGManJobId' '=' '5 -a DAGManJobId' '=' '5 -batch-name checkpoint-wf-0.dag+5 -a submit_event_notes' '=' 'DAG' 'Node:' 'stage_in_local_local_0_0 -a dagman_log' '=' '/home/scitech/shared-data/Workflow5/scitech/pegasus/checkpoint-wf/run0012/./checkpoint-wf-0.dag.nodes.log -a +DAGManNodesMask' '=' '"0,1,2,4,5,7,9,10,11,12,13,16,17,24,27,35,36" -a priority=700 -a +DAGNodeRetry' '=' '0 -a DAG_STATUS' '=' '0 -a FAILED_COUNT' '=' '0 -a +KeepClaimIdle' '=' '20 -a notification' '=' 'never -a +DAGParentNodeNames' '=' '"create_dir_checkpoint-wf_0_local" 00/00/stage_in_local_local_0_0.sub
09/10/20 11:15:10 From submit: Submitting job(s).
09/10/20 11:15:10 From submit: 1 job(s) submitted to cluster 8.
09/10/20 11:15:10 	assigned HTCondor ID (8.0.0)
09/10/20 11:15:10 Just submitted 2 jobs this cycle...
09/10/20 11:15:10 DAG status: 0 (DAG_STATUS_OK)
09/10/20 11:15:10 Of 9 nodes total:
09/10/20 11:15:10  Done     Pre   Queued    Post   Ready   Un-Ready   Failed
09/10/20 11:15:10   ===     ===      ===     ===     ===        ===      ===
09/10/20 11:15:10     1       0        2       0       0          6        0
09/10/20 11:15:10 0 job proc(s) currently held
09/10/20 11:15:10 DAGMan Runtime Statistics: [ EventCycleTimeStd = 0.0427130049094375; EventCycleTimeMax = 0.09383296966552734; SubmitCycleTimeMin = 0.0005228519439697266; SubmitCycleTimeAvg = 0.05163943767547607; SleepCycleTimeCount = 3.0; SubmitCycleTimeCount = 4.0; SubmitCycleTimeMax = 0.1215310096740723; SleepCycleTimeMin = 4.970779895782471; SubmitCycleTimeSum = 0.2065577507019043; LogProcessCycleTimeStd = 0.01126197509689897; SubmitCycleTimeStd = 0.06095604459860917; LogProcessCycleTimeAvg = 0.01246237754821777; EventCycleTimeMin = 0.01349401473999023; LogProcessCycleTimeMax = 0.02042579650878906; LogProcessCycleTimeMin = 0.004498958587646484; LogProcessCycleTimeSum = 0.02492475509643555; LogProcessCycleTimeCount = 2.0; EventCycleTimeSum = 0.1358420848846436; SleepCycleTimeSum = 15.27959489822388; SleepCycleTimeAvg = 5.093198299407959; SleepCycleTimeStd = 0.1830216195401415; SleepCycleTimeMax = 5.303596019744873; EventCycleTimeCount = 3.0; EventCycleTimeAvg = 0.04528069496154785; ]
09/10/20 11:15:15 Currently monitoring 1 HTCondor log file(s)
09/10/20 11:15:15 Reassigning the id of job stage_in_remote_local_0_0 from (7.0.0) to (7.0.0)
09/10/20 11:15:15 Event: ULOG_SUBMIT for HTCondor Node stage_in_remote_local_0_0 (7.0.0) {09/10/20 11:15:10}
09/10/20 11:15:15 Number of idle job procs: 1
09/10/20 11:15:15 Reassigning the id of job stage_in_local_local_0_0 from (8.0.0) to (8.0.0)
09/10/20 11:15:15 Event: ULOG_SUBMIT for HTCondor Node stage_in_local_local_0_0 (8.0.0) {09/10/20 11:15:10}
09/10/20 11:15:15 Number of idle job procs: 2
09/10/20 11:15:15 Event: ULOG_EXECUTE for HTCondor Node stage_in_local_local_0_0 (8.0.0) {09/10/20 11:15:11}
09/10/20 11:15:15 Number of idle job procs: 1
09/10/20 11:15:15 Event: ULOG_EXECUTE for HTCondor Node stage_in_remote_local_0_0 (7.0.0) {09/10/20 11:15:11}
09/10/20 11:15:15 Number of idle job procs: 0
09/10/20 11:15:15 Event: ULOG_JOB_TERMINATED for HTCondor Node stage_in_local_local_0_0 (8.0.0) {09/10/20 11:15:13}
09/10/20 11:15:15 Number of idle job procs: 0
09/10/20 11:15:15 Node stage_in_local_local_0_0 job proc (8.0.0) completed successfully.
09/10/20 11:15:15 Node stage_in_local_local_0_0 job completed
09/10/20 11:15:15 Running POST script of Node stage_in_local_local_0_0...
09/10/20 11:15:15 Warning: mysin has length 0 (ignore if produced by DAGMan; see gittrac #4987, #5031)
09/10/20 11:15:15 Event: ULOG_JOB_TERMINATED for HTCondor Node stage_in_remote_local_0_0 (7.0.0) {09/10/20 11:15:13}
09/10/20 11:15:15 Number of idle job procs: 0
09/10/20 11:15:15 Node stage_in_remote_local_0_0 job proc (7.0.0) completed successfully.
09/10/20 11:15:15 Node stage_in_remote_local_0_0 job completed
09/10/20 11:15:15 Running POST script of Node stage_in_remote_local_0_0...
09/10/20 11:15:15 Warning: mysin has length 0 (ignore if produced by DAGMan; see gittrac #4987, #5031)
09/10/20 11:15:15 DAG status: 0 (DAG_STATUS_OK)
09/10/20 11:15:15 Of 9 nodes total:
09/10/20 11:15:15  Done     Pre   Queued    Post   Ready   Un-Ready   Failed
09/10/20 11:15:15   ===     ===      ===     ===     ===        ===      ===
09/10/20 11:15:15     1       0        0       2       0          6        0
09/10/20 11:15:15 0 job proc(s) currently held
09/10/20 11:15:15 DAGMan Runtime Statistics: [ EventCycleTimeStd = 0.05385951642607239; EventCycleTimeMax = 0.1273679733276367; SubmitCycleTimeMin = 0.0004289150238037109; SubmitCycleTimeAvg = 0.0413973331451416; SleepCycleTimeCount = 4.0; SubmitCycleTimeCount = 5.0; SubmitCycleTimeMax = 0.1215310096740723; SleepCycleTimeMin = 4.970779895782471; SubmitCycleTimeSum = 0.206986665725708; LogProcessCycleTimeStd = 0.01729091324686155; SubmitCycleTimeStd = 0.05754331460632253; LogProcessCycleTimeAvg = 0.02132352193196614; EventCycleTimeMin = 0.01349401473999023; LogProcessCycleTimeMax = 0.03904581069946289; LogProcessCycleTimeMin = 0.004498958587646484; LogProcessCycleTimeSum = 0.06397056579589844; LogProcessCycleTimeCount = 3.0; EventCycleTimeSum = 0.2632100582122803; SleepCycleTimeSum = 20.28506898880005; SleepCycleTimeAvg = 5.071267247200012; SleepCycleTimeStd = 0.1557406808871346; SleepCycleTimeMax = 5.303596019744873; EventCycleTimeCount = 4.0; EventCycleTimeAvg = 0.06580251455307007; ]
09/10/20 11:15:15 Initializing user log writer for /home/scitech/shared-data/Workflow5/scitech/pegasus/checkpoint-wf/run0012/./checkpoint-wf-0.dag.nodes.log, (8.0.0)
09/10/20 11:15:15 Initializing user log writer for /home/scitech/shared-data/Workflow5/scitech/pegasus/checkpoint-wf/run0012/./checkpoint-wf-0.dag.nodes.log, (7.0.0)
09/10/20 11:15:20 Currently monitoring 1 HTCondor log file(s)
09/10/20 11:15:20 Event: ULOG_POST_SCRIPT_TERMINATED for HTCondor Node stage_in_local_local_0_0 (8.0.0) {09/10/20 11:15:15}
09/10/20 11:15:20 POST Script of node stage_in_local_local_0_0 completed successfully.
09/10/20 11:15:20 Event: ULOG_POST_SCRIPT_TERMINATED for HTCondor Node stage_in_remote_local_0_0 (7.0.0) {09/10/20 11:15:15}
09/10/20 11:15:20 POST Script of node stage_in_remote_local_0_0 completed successfully.
09/10/20 11:15:20 DAG status: 0 (DAG_STATUS_OK)
09/10/20 11:15:20 Of 9 nodes total:
09/10/20 11:15:20  Done     Pre   Queued    Post   Ready   Un-Ready   Failed
09/10/20 11:15:20   ===     ===      ===     ===     ===        ===      ===
09/10/20 11:15:20     3       0        0       0       1          5        0
09/10/20 11:15:20 0 job proc(s) currently held
09/10/20 11:15:20 DAGMan Runtime Statistics: [ EventCycleTimeStd = 0.04736311228858106; EventCycleTimeMax = 0.1273679733276367; SubmitCycleTimeMin = 0.0004289150238037109; SubmitCycleTimeAvg = 0.03462159633636475; SleepCycleTimeCount = 5.0; SubmitCycleTimeCount = 6.0; SubmitCycleTimeMax = 0.1215310096740723; SleepCycleTimeMin = 4.970779895782471; SubmitCycleTimeSum = 0.2077295780181885; LogProcessCycleTimeStd = 0.01573780401333556; SubmitCycleTimeStd = 0.05407818507047598; LogProcessCycleTimeAvg = 0.01784640550613403; EventCycleTimeMin = 0.01349401473999023; LogProcessCycleTimeMax = 0.03904581069946289; LogProcessCycleTimeMin = 0.004498958587646484; LogProcessCycleTimeSum = 0.07138562202453613; LogProcessCycleTimeCount = 4.0; EventCycleTimeSum = 0.3106238842010498; SleepCycleTimeSum = 25.63030219078064; SleepCycleTimeAvg = 5.126060438156128; SleepCycleTimeStd = 0.1822164609417979; SleepCycleTimeMax = 5.345233201980591; EventCycleTimeCount = 5.0; EventCycleTimeAvg = 0.06212477684020996; ]
09/10/20 11:15:25 Submitting HTCondor Node print_nums_py_ID0000001 job(s)...
09/10/20 11:15:25 Adding a DAGMan workflow log /home/scitech/shared-data/Workflow5/scitech/pegasus/checkpoint-wf/run0012/./checkpoint-wf-0.dag.nodes.log
09/10/20 11:15:25 Masking the events recorded in the DAGMAN workflow log
09/10/20 11:15:25 Mask for workflow log is 0,1,2,4,5,7,9,10,11,12,13,16,17,24,27,35,36
09/10/20 11:15:25 submitting: /usr/bin/condor_submit -a dag_node_name' '=' 'print_nums_py_ID0000001 -a +DAGManJobId' '=' '5 -a DAGManJobId' '=' '5 -batch-name checkpoint-wf-0.dag+5 -a submit_event_notes' '=' 'DAG' 'Node:' 'print_nums_py_ID0000001 -a dagman_log' '=' '/home/scitech/shared-data/Workflow5/scitech/pegasus/checkpoint-wf/run0012/./checkpoint-wf-0.dag.nodes.log -a +DAGManNodesMask' '=' '"0,1,2,4,5,7,9,10,11,12,13,16,17,24,27,35,36" -a priority=20 -a +DAGNodeRetry' '=' '0 -a DAG_STATUS' '=' '0 -a FAILED_COUNT' '=' '0 -a +KeepClaimIdle' '=' '20 -a notification' '=' 'never -a +DAGParentNodeNames' '=' '"stage_in_remote_local_0_0,stage_in_local_local_0_0" 00/00/print_nums_py_ID0000001.sub
09/10/20 11:15:25 From submit: Submitting job(s).
09/10/20 11:15:25 From submit: 1 job(s) submitted to cluster 9.
09/10/20 11:15:25 	assigned HTCondor ID (9.0.0)
09/10/20 11:15:25 Just submitted 1 job this cycle...
09/10/20 11:15:25 DAG status: 0 (DAG_STATUS_OK)
09/10/20 11:15:25 Of 9 nodes total:
09/10/20 11:15:25  Done     Pre   Queued    Post   Ready   Un-Ready   Failed
09/10/20 11:15:25   ===     ===      ===     ===     ===        ===      ===
09/10/20 11:15:25     3       0        1       0       0          5        0
09/10/20 11:15:25 0 job proc(s) currently held
09/10/20 11:15:25 DAGMan Runtime Statistics: [ EventCycleTimeStd = 0.04632234693976562; EventCycleTimeMax = 0.1273679733276367; SubmitCycleTimeMin = 0.0004289150238037109; SubmitCycleTimeAvg = 0.04244521686008999; SleepCycleTimeCount = 6.0; SubmitCycleTimeCount = 7.0; SubmitCycleTimeMax = 0.1215310096740723; SleepCycleTimeMin = 4.970779895782471; SubmitCycleTimeSum = 0.2971165180206299; LogProcessCycleTimeStd = 0.01573780401333556; SubmitCycleTimeStd = 0.05353041207692433; LogProcessCycleTimeAvg = 0.01784640550613403; EventCycleTimeMin = 0.01349401473999023; LogProcessCycleTimeMax = 0.03904581069946289; LogProcessCycleTimeMin = 0.004498958587646484; LogProcessCycleTimeSum = 0.07138562202453613; LogProcessCycleTimeCount = 4.0; EventCycleTimeSum = 0.3268477916717529; SleepCycleTimeSum = 30.63563227653503; SleepCycleTimeAvg = 5.105938712755839; SleepCycleTimeStd = 0.1702691220069876; SleepCycleTimeMax = 5.345233201980591; EventCycleTimeCount = 6.0; EventCycleTimeAvg = 0.05447463194529215; ]
09/10/20 11:15:30 Currently monitoring 1 HTCondor log file(s)
09/10/20 11:15:30 Reassigning the id of job print_nums_py_ID0000001 from (9.0.0) to (9.0.0)
09/10/20 11:15:30 Event: ULOG_SUBMIT for HTCondor Node print_nums_py_ID0000001 (9.0.0) {09/10/20 11:15:25}
09/10/20 11:15:30 Number of idle job procs: 1
09/10/20 11:15:30 Event: ULOG_EXECUTE for HTCondor Node print_nums_py_ID0000001 (9.0.0) {09/10/20 11:15:30}
09/10/20 11:15:30 Number of idle job procs: 0
09/10/20 11:17:05 Currently monitoring 1 HTCondor log file(s)
09/10/20 11:17:05 Event: ULOG_JOB_TERMINATED for HTCondor Node print_nums_py_ID0000001 (9.0.0) {09/10/20 11:17:01}
09/10/20 11:17:05 Number of idle job procs: 0
09/10/20 11:17:05 Node print_nums_py_ID0000001 job proc (9.0.0) failed with status 14.
09/10/20 11:17:05 Node print_nums_py_ID0000001 job completed
09/10/20 11:17:05 Running POST script of Node print_nums_py_ID0000001...
09/10/20 11:17:05 Warning: mysin has length 0 (ignore if produced by DAGMan; see gittrac #4987, #5031)
09/10/20 11:17:05 DAG status: 0 (DAG_STATUS_OK)
09/10/20 11:17:05 Of 9 nodes total:
09/10/20 11:17:05  Done     Pre   Queued    Post   Ready   Un-Ready   Failed
09/10/20 11:17:05   ===     ===      ===     ===     ===        ===      ===
09/10/20 11:17:05     3       0        0       1       0          5        0
09/10/20 11:17:05 0 job proc(s) currently held
09/10/20 11:17:05 DAGMan Runtime Statistics: [ EventCycleTimeStd = 0.03455590093832503; EventCycleTimeMax = 0.1273679733276367; SubmitCycleTimeMin = 0.0002930164337158203; SubmitCycleTimeAvg = 0.01142336704112865; SleepCycleTimeCount = 26.0; SubmitCycleTimeCount = 27.0; SubmitCycleTimeMax = 0.1215310096740723; SleepCycleTimeMin = 4.970779895782471; SubmitCycleTimeSum = 0.3084309101104736; LogProcessCycleTimeStd = 0.01228794549059426; SubmitCycleTimeStd = 0.03179740941370311; LogProcessCycleTimeAvg = 0.0169754425684611; EventCycleTimeMin = 0.0007319450378417969; LogProcessCycleTimeMax = 0.03904581069946289; LogProcessCycleTimeMin = 0.004498958587646484; LogProcessCycleTimeSum = 0.1018526554107666; LogProcessCycleTimeCount = 6.0; EventCycleTimeSum = 0.4633104801177979; SleepCycleTimeSum = 130.6237444877625; SleepCycleTimeAvg = 5.023990172606248; SleepCycleTimeStd = 0.08973252948691614; SleepCycleTimeMax = 5.345233201980591; EventCycleTimeCount = 26.0; EventCycleTimeAvg = 0.01781963385068453; ]
09/10/20 11:17:05 Initializing user log writer for /home/scitech/shared-data/Workflow5/scitech/pegasus/checkpoint-wf/run0012/./checkpoint-wf-0.dag.nodes.log, (9.0.0)
09/10/20 11:17:10 Currently monitoring 1 HTCondor log file(s)
09/10/20 11:17:10 Event: ULOG_POST_SCRIPT_TERMINATED for HTCondor Node print_nums_py_ID0000001 (9.0.0) {09/10/20 11:17:05}
09/10/20 11:17:10 POST Script of node print_nums_py_ID0000001 failed with status 1
09/10/20 11:17:10 POST for Node print_nums_py_ID0000001 returned 1
09/10/20 11:17:10 Retrying node print_nums_py_ID0000001 (retry #1 of 5)...
09/10/20 11:17:10 DAG status: 0 (DAG_STATUS_OK)
09/10/20 11:17:10 Of 9 nodes total:
09/10/20 11:17:10  Done     Pre   Queued    Post   Ready   Un-Ready   Failed
09/10/20 11:17:10   ===     ===      ===     ===     ===        ===      ===
09/10/20 11:17:10     3       0        0       0       1          5        0
09/10/20 11:17:10 0 job proc(s) currently held
09/10/20 11:17:10 DAGMan Runtime Statistics: [ EventCycleTimeStd = 0.03392011768208499; EventCycleTimeMax = 0.1273679733276367; SubmitCycleTimeMin = 0.0002930164337158203; SubmitCycleTimeAvg = 0.01103288786751883; SleepCycleTimeCount = 27.0; SubmitCycleTimeCount = 28.0; SubmitCycleTimeMax = 0.1215310096740723; SleepCycleTimeMin = 4.970779895782471; SubmitCycleTimeSum = 0.3089208602905273; LogProcessCycleTimeStd = 0.01193984313983461; SubmitCycleTimeStd = 0.03127134927839458; LogProcessCycleTimeAvg = 0.01542939458574567; EventCycleTimeMin = 0.0007319450378417969; LogProcessCycleTimeMax = 0.03904581069946289; LogProcessCycleTimeMin = 0.004498958587646484; LogProcessCycleTimeSum = 0.1080057621002197; LogProcessCycleTimeCount = 7.0; EventCycleTimeSum = 0.4891655445098877; SleepCycleTimeSum = 135.8697865009308; SleepCycleTimeAvg = 5.032214314849289; SleepCycleTimeStd = 0.09781831769187171; SleepCycleTimeMax = 5.345233201980591; EventCycleTimeCount = 27.0; EventCycleTimeAvg = 0.0181172423892551; ]
09/10/20 11:17:15 Reassigning the id of job print_nums_py_ID0000001 from (9.0.0) to (-1.-1.-1)
09/10/20 11:17:15 Submitting HTCondor Node print_nums_py_ID0000001 job(s)...
09/10/20 11:17:15 Adding a DAGMan workflow log /home/scitech/shared-data/Workflow5/scitech/pegasus/checkpoint-wf/run0012/./checkpoint-wf-0.dag.nodes.log
09/10/20 11:17:15 Masking the events recorded in the DAGMAN workflow log
09/10/20 11:17:15 Mask for workflow log is 0,1,2,4,5,7,9,10,11,12,13,16,17,24,27,35,36
09/10/20 11:17:15 submitting: /usr/bin/condor_submit -a dag_node_name' '=' 'print_nums_py_ID0000001 -a +DAGManJobId' '=' '5 -a DAGManJobId' '=' '5 -batch-name checkpoint-wf-0.dag+5 -a submit_event_notes' '=' 'DAG' 'Node:' 'print_nums_py_ID0000001 -a dagman_log' '=' '/home/scitech/shared-data/Workflow5/scitech/pegasus/checkpoint-wf/run0012/./checkpoint-wf-0.dag.nodes.log -a +DAGManNodesMask' '=' '"0,1,2,4,5,7,9,10,11,12,13,16,17,24,27,35,36" -a priority=20 -a +DAGNodeRetry' '=' '1 -a DAG_STATUS' '=' '0 -a FAILED_COUNT' '=' '0 -a +KeepClaimIdle' '=' '20 -a notification' '=' 'never -a +DAGParentNodeNames' '=' '"stage_in_remote_local_0_0,stage_in_local_local_0_0" 00/00/print_nums_py_ID0000001.sub
09/10/20 11:17:16 From submit: Submitting job(s).
09/10/20 11:17:16 From submit: 1 job(s) submitted to cluster 10.
09/10/20 11:17:16 	assigned HTCondor ID (10.0.0)
09/10/20 11:17:16 Just submitted 1 job this cycle...
09/10/20 11:17:16 DAG status: 0 (DAG_STATUS_OK)
09/10/20 11:17:16 Of 9 nodes total:
09/10/20 11:17:16  Done     Pre   Queued    Post   Ready   Un-Ready   Failed
09/10/20 11:17:16   ===     ===      ===     ===     ===        ===      ===
09/10/20 11:17:16     3       0        1       0       0          5        0
09/10/20 11:17:16 0 job proc(s) currently held
09/10/20 11:17:16 DAGMan Runtime Statistics: [ EventCycleTimeStd = 0.03329552246231679; EventCycleTimeMax = 0.1273679733276367; SubmitCycleTimeMin = 0.0002930164337158203; SubmitCycleTimeAvg = 0.01319847435786806; SleepCycleTimeCount = 28.0; SubmitCycleTimeCount = 29.0; SubmitCycleTimeMax = 0.1215310096740723; SleepCycleTimeMin = 4.970779895782471; SubmitCycleTimeSum = 0.3827557563781738; LogProcessCycleTimeStd = 0.01193984313983461; SubmitCycleTimeStd = 0.03284776344287772; LogProcessCycleTimeAvg = 0.01542939458574567; EventCycleTimeMin = 0.0007319450378417969; LogProcessCycleTimeMax = 0.03904581069946289; LogProcessCycleTimeMin = 0.004498958587646484; LogProcessCycleTimeSum = 0.1080057621002197; LogProcessCycleTimeCount = 7.0; EventCycleTimeSum = 0.5030784606933594; SleepCycleTimeSum = 140.8750824928284; SleepCycleTimeAvg = 5.031252946172442; SleepCycleTimeStd = 0.09612448003149303; SleepCycleTimeMax = 5.345233201980591; EventCycleTimeCount = 28.0; EventCycleTimeAvg = 0.01796708788190569; ]
09/10/20 11:17:21 Currently monitoring 1 HTCondor log file(s)
09/10/20 11:17:21 Reassigning the id of job print_nums_py_ID0000001 from (10.0.0) to (10.0.0)
09/10/20 11:17:21 Event: ULOG_SUBMIT for HTCondor Node print_nums_py_ID0000001 (10.0.0) {09/10/20 11:17:16}
09/10/20 11:17:21 Number of idle job procs: 1
09/10/20 11:17:21 Event: ULOG_EXECUTE for HTCondor Node print_nums_py_ID0000001 (10.0.0) {09/10/20 11:17:17}
09/10/20 11:17:21 Number of idle job procs: 0
09/10/20 11:18:51 Currently monitoring 1 HTCondor log file(s)
09/10/20 11:18:51 Event: ULOG_JOB_TERMINATED for HTCondor Node print_nums_py_ID0000001 (10.0.0) {09/10/20 11:18:48}
09/10/20 11:18:51 Number of idle job procs: 0
09/10/20 11:18:51 Node print_nums_py_ID0000001 job proc (10.0.0) failed with status 14.
09/10/20 11:18:51 Node print_nums_py_ID0000001 job completed
09/10/20 11:18:51 Running POST script of Node print_nums_py_ID0000001...
09/10/20 11:18:51 Warning: mysin has length 0 (ignore if produced by DAGMan; see gittrac #4987, #5031)
09/10/20 11:18:51 DAG status: 0 (DAG_STATUS_OK)
09/10/20 11:18:51 Of 9 nodes total:
09/10/20 11:18:51  Done     Pre   Queued    Post   Ready   Un-Ready   Failed
09/10/20 11:18:51   ===     ===      ===     ===     ===        ===      ===
09/10/20 11:18:51     3       0        0       1       0          5        0
09/10/20 11:18:51 0 job proc(s) currently held
09/10/20 11:18:51 DAGMan Runtime Statistics: [ EventCycleTimeStd = 0.02847742001553114; EventCycleTimeMax = 0.1273679733276367; SubmitCycleTimeMin = 0.0002930164337158203; SubmitCycleTimeAvg = 0.00821763277053833; SleepCycleTimeCount = 47.0; SubmitCycleTimeCount = 48.0; SubmitCycleTimeMax = 0.1215310096740723; SleepCycleTimeMin = 4.967114210128784; SubmitCycleTimeSum = 0.3944463729858398; LogProcessCycleTimeStd = 0.01074653173020118; SubmitCycleTimeStd = 0.02610561423707956; LogProcessCycleTimeAvg = 0.01424384117126465; EventCycleTimeMin = 0.0007319450378417969; LogProcessCycleTimeMax = 0.03904581069946289; LogProcessCycleTimeMin = 0.004498958587646484; LogProcessCycleTimeSum = 0.1281945705413818; LogProcessCycleTimeCount = 9.0; EventCycleTimeSum = 0.6168687343597412; SleepCycleTimeSum = 235.8898682594299; SleepCycleTimeAvg = 5.018933367221914; SleepCycleTimeStd = 0.07562766346635393; SleepCycleTimeMax = 5.345233201980591; EventCycleTimeCount = 47.0; EventCycleTimeAvg = 0.01312486668850513; ]
09/10/20 11:18:51 Initializing user log writer for /home/scitech/shared-data/Workflow5/scitech/pegasus/checkpoint-wf/run0012/./checkpoint-wf-0.dag.nodes.log, (10.0.0)
09/10/20 11:18:56 Currently monitoring 1 HTCondor log file(s)
09/10/20 11:18:56 Event: ULOG_POST_SCRIPT_TERMINATED for HTCondor Node print_nums_py_ID0000001 (10.0.0) {09/10/20 11:18:51}
09/10/20 11:18:56 POST Script of node print_nums_py_ID0000001 failed with status 1
09/10/20 11:18:56 POST for Node print_nums_py_ID0000001 returned 1
09/10/20 11:18:56 Retrying node print_nums_py_ID0000001 (retry #2 of 5)...
09/10/20 11:18:56 DAG status: 0 (DAG_STATUS_OK)
09/10/20 11:18:56 Of 9 nodes total:
09/10/20 11:18:56  Done     Pre   Queued    Post   Ready   Un-Ready   Failed
09/10/20 11:18:56   ===     ===      ===     ===     ===        ===      ===
09/10/20 11:18:56     3       0        0       0       1          5        0
09/10/20 11:18:56 0 job proc(s) currently held
09/10/20 11:18:56 DAGMan Runtime Statistics: [ EventCycleTimeStd = 0.02819490852635699; EventCycleTimeMax = 0.1273679733276367; SubmitCycleTimeMin = 0.0002930164337158203; SubmitCycleTimeAvg = 0.008058314420738998; SleepCycleTimeCount = 48.0; SubmitCycleTimeCount = 49.0; SubmitCycleTimeMax = 0.1215310096740723; SleepCycleTimeMin = 4.967114210128784; SubmitCycleTimeSum = 0.3948574066162109; LogProcessCycleTimeStd = 0.01046271919637457; SubmitCycleTimeStd = 0.02585631157083863; LogProcessCycleTimeAvg = 0.01341845989227295; EventCycleTimeMin = 0.0007319450378417969; LogProcessCycleTimeMax = 0.03904581069946289; LogProcessCycleTimeMin = 0.004498958587646484; LogProcessCycleTimeSum = 0.1341845989227295; LogProcessCycleTimeCount = 10.0; EventCycleTimeSum = 0.6377208232879639; SleepCycleTimeSum = 241.1324360370636; SleepCycleTimeAvg = 5.023592417438825; SleepCycleTimeStd = 0.08148481462961078; SleepCycleTimeMax = 5.345233201980591; EventCycleTimeCount = 48.0; EventCycleTimeAvg = 0.01328585048516591; ]
09/10/20 11:19:01 Reassigning the id of job print_nums_py_ID0000001 from (10.0.0) to (-1.-1.-1)
09/10/20 11:19:01 Submitting HTCondor Node print_nums_py_ID0000001 job(s)...
09/10/20 11:19:01 Adding a DAGMan workflow log /home/scitech/shared-data/Workflow5/scitech/pegasus/checkpoint-wf/run0012/./checkpoint-wf-0.dag.nodes.log
09/10/20 11:19:01 Masking the events recorded in the DAGMAN workflow log
09/10/20 11:19:01 Mask for workflow log is 0,1,2,4,5,7,9,10,11,12,13,16,17,24,27,35,36
09/10/20 11:19:01 submitting: /usr/bin/condor_submit -a dag_node_name' '=' 'print_nums_py_ID0000001 -a +DAGManJobId' '=' '5 -a DAGManJobId' '=' '5 -batch-name checkpoint-wf-0.dag+5 -a submit_event_notes' '=' 'DAG' 'Node:' 'print_nums_py_ID0000001 -a dagman_log' '=' '/home/scitech/shared-data/Workflow5/scitech/pegasus/checkpoint-wf/run0012/./checkpoint-wf-0.dag.nodes.log -a +DAGManNodesMask' '=' '"0,1,2,4,5,7,9,10,11,12,13,16,17,24,27,35,36" -a priority=20 -a +DAGNodeRetry' '=' '2 -a DAG_STATUS' '=' '0 -a FAILED_COUNT' '=' '0 -a +KeepClaimIdle' '=' '20 -a notification' '=' 'never -a +DAGParentNodeNames' '=' '"stage_in_remote_local_0_0,stage_in_local_local_0_0" 00/00/print_nums_py_ID0000001.sub
09/10/20 11:19:01 From submit: Submitting job(s).
09/10/20 11:19:01 From submit: 1 job(s) submitted to cluster 11.
09/10/20 11:19:01 	assigned HTCondor ID (11.0.0)
09/10/20 11:19:01 Just submitted 1 job this cycle...
09/10/20 11:19:01 DAG status: 0 (DAG_STATUS_OK)
09/10/20 11:19:01 Of 9 nodes total:
09/10/20 11:19:01  Done     Pre   Queued    Post   Ready   Un-Ready   Failed
09/10/20 11:19:01   ===     ===      ===     ===     ===        ===      ===
09/10/20 11:19:01     3       0        1       0       0          5        0
09/10/20 11:19:01 0 job proc(s) currently held
09/10/20 11:19:01 DAGMan Runtime Statistics: [ EventCycleTimeStd = 0.02789966576240375; EventCycleTimeMax = 0.1273679733276367; SubmitCycleTimeMin = 0.0002930164337158203; SubmitCycleTimeAvg = 0.009287886619567871; SleepCycleTimeCount = 49.0; SubmitCycleTimeCount = 50.0; SubmitCycleTimeMax = 0.1215310096740723; SleepCycleTimeMin = 4.967114210128784; SubmitCycleTimeSum = 0.4643943309783936; LogProcessCycleTimeStd = 0.01046271919637457; SubmitCycleTimeStd = 0.02702771510159757; LogProcessCycleTimeAvg = 0.01341845989227295; EventCycleTimeMin = 0.0007319450378417969; LogProcessCycleTimeMax = 0.03904581069946289; LogProcessCycleTimeMin = 0.004498958587646484; LogProcessCycleTimeSum = 0.1341845989227295; LogProcessCycleTimeCount = 10.0; EventCycleTimeSum = 0.6510000228881836; SleepCycleTimeSum = 246.1404469013214; SleepCycleTimeAvg = 5.02327442655758; SleepCycleTimeStd = 0.08066226602876843; SleepCycleTimeMax = 5.345233201980591; EventCycleTimeCount = 49.0; EventCycleTimeAvg = 0.01328571475282007; ]
09/10/20 11:19:06 Currently monitoring 1 HTCondor log file(s)
09/10/20 11:19:06 Reassigning the id of job print_nums_py_ID0000001 from (11.0.0) to (11.0.0)
09/10/20 11:19:06 Event: ULOG_SUBMIT for HTCondor Node print_nums_py_ID0000001 (11.0.0) {09/10/20 11:19:01}
09/10/20 11:19:06 Number of idle job procs: 1
09/10/20 11:19:06 Event: ULOG_EXECUTE for HTCondor Node print_nums_py_ID0000001 (11.0.0) {09/10/20 11:19:02}
09/10/20 11:19:06 Number of idle job procs: 0
09/10/20 11:19:06 Event: ULOG_JOB_TERMINATED for HTCondor Node print_nums_py_ID0000001 (11.0.0) {09/10/20 11:19:06}
09/10/20 11:19:06 Number of idle job procs: 0
09/10/20 11:19:06 Node print_nums_py_ID0000001 job proc (11.0.0) completed successfully.
09/10/20 11:19:06 Node print_nums_py_ID0000001 job completed
09/10/20 11:19:06 Running POST script of Node print_nums_py_ID0000001...
09/10/20 11:19:06 Warning: mysin has length 0 (ignore if produced by DAGMan; see gittrac #4987, #5031)
09/10/20 11:19:06 DAG status: 0 (DAG_STATUS_OK)
09/10/20 11:19:06 Of 9 nodes total:
09/10/20 11:19:06  Done     Pre   Queued    Post   Ready   Un-Ready   Failed
09/10/20 11:19:06   ===     ===      ===     ===     ===        ===      ===
09/10/20 11:19:06     3       0        0       1       0          5        0
09/10/20 11:19:06 0 job proc(s) currently held
09/10/20 11:19:06 DAGMan Runtime Statistics: [ EventCycleTimeStd = 0.02897547228324713; EventCycleTimeMax = 0.1273679733276367; SubmitCycleTimeMin = 0.0002930164337158203; SubmitCycleTimeAvg = 0.009113498762542126; SleepCycleTimeCount = 50.0; SubmitCycleTimeCount = 51.0; SubmitCycleTimeMax = 0.1215310096740723; SleepCycleTimeMin = 4.967114210128784; SubmitCycleTimeSum = 0.4647884368896484; LogProcessCycleTimeStd = 0.009992945216913126; SubmitCycleTimeStd = 0.02678504066264306; LogProcessCycleTimeAvg = 0.01376713405955922; EventCycleTimeMin = 0.0007319450378417969; LogProcessCycleTimeMax = 0.03904581069946289; LogProcessCycleTimeMin = 0.004498958587646484; LogProcessCycleTimeSum = 0.1514384746551514; LogProcessCycleTimeCount = 11.0; EventCycleTimeSum = 0.7263631820678711; SleepCycleTimeSum = 251.1460897922516; SleepCycleTimeAvg = 5.022921795845032; SleepCycleTimeStd = 0.07987386859734714; SleepCycleTimeMax = 5.345233201980591; EventCycleTimeCount = 50.0; EventCycleTimeAvg = 0.01452726364135742; ]
09/10/20 11:19:06 Initializing user log writer for /home/scitech/shared-data/Workflow5/scitech/pegasus/checkpoint-wf/run0012/./checkpoint-wf-0.dag.nodes.log, (11.0.0)
09/10/20 11:19:11 Currently monitoring 1 HTCondor log file(s)
09/10/20 11:19:11 Event: ULOG_POST_SCRIPT_TERMINATED for HTCondor Node print_nums_py_ID0000001 (11.0.0) {09/10/20 11:19:06}
09/10/20 11:19:11 POST Script of node print_nums_py_ID0000001 completed successfully.
09/10/20 11:19:11 DAG status: 0 (DAG_STATUS_OK)
09/10/20 11:19:11 Of 9 nodes total:
09/10/20 11:19:11  Done     Pre   Queued    Post   Ready   Un-Ready   Failed
09/10/20 11:19:11   ===     ===      ===     ===     ===        ===      ===
09/10/20 11:19:11     4       0        0       0       2          3        0
09/10/20 11:19:11 0 job proc(s) currently held
09/10/20 11:19:11 DAGMan Runtime Statistics: [ EventCycleTimeStd = 0.02871351344147945; EventCycleTimeMax = 0.1273679733276367; SubmitCycleTimeMin = 0.0002930164337158203; SubmitCycleTimeAvg = 0.008948335280785194; SleepCycleTimeCount = 51.0; SubmitCycleTimeCount = 52.0; SubmitCycleTimeMax = 0.1215310096740723; SleepCycleTimeMin = 4.967114210128784; SubmitCycleTimeSum = 0.4653134346008301; LogProcessCycleTimeStd = 0.009976530463076363; SubmitCycleTimeStd = 0.02654787167295375; LogProcessCycleTimeAvg = 0.0129132072130839; EventCycleTimeMin = 0.0007319450378417969; LogProcessCycleTimeMax = 0.03904581069946289; LogProcessCycleTimeMin = 0.003520011901855469; LogProcessCycleTimeSum = 0.1549584865570068; LogProcessCycleTimeCount = 12.0; EventCycleTimeSum = 0.7501451969146729; SleepCycleTimeSum = 256.4345037937164; SleepCycleTimeAvg = 5.028127525366989; SleepCycleTimeStd = 0.08737458898135042; SleepCycleTimeMax = 5.345233201980591; EventCycleTimeCount = 51.0; EventCycleTimeAvg = 0.01470872935126809; ]
09/10/20 11:19:16 Submitting HTCondor Node clean_up_local_level_3_0 job(s)...
09/10/20 11:19:16 Adding a DAGMan workflow log /home/scitech/shared-data/Workflow5/scitech/pegasus/checkpoint-wf/run0012/./checkpoint-wf-0.dag.nodes.log
09/10/20 11:19:16 Masking the events recorded in the DAGMAN workflow log
09/10/20 11:19:16 Mask for workflow log is 0,1,2,4,5,7,9,10,11,12,13,16,17,24,27,35,36
09/10/20 11:19:16 submitting: /usr/bin/condor_submit -a dag_node_name' '=' 'clean_up_local_level_3_0 -a +DAGManJobId' '=' '5 -a DAGManJobId' '=' '5 -batch-name checkpoint-wf-0.dag+5 -a submit_event_notes' '=' 'DAG' 'Node:' 'clean_up_local_level_3_0 -a dagman_log' '=' '/home/scitech/shared-data/Workflow5/scitech/pegasus/checkpoint-wf/run0012/./checkpoint-wf-0.dag.nodes.log -a +DAGManNodesMask' '=' '"0,1,2,4,5,7,9,10,11,12,13,16,17,24,27,35,36" -a priority=1000 -a +DAGNodeRetry' '=' '0 -a DAG_STATUS' '=' '0 -a FAILED_COUNT' '=' '0 -a +KeepClaimIdle' '=' '20 -a notification' '=' 'never -a +DAGParentNodeNames' '=' '"print_nums_py_ID0000001" 00/00/clean_up_local_level_3_0.sub
09/10/20 11:19:16 From submit: Submitting job(s).
09/10/20 11:19:16 From submit: 1 job(s) submitted to cluster 12.
09/10/20 11:19:16 	assigned HTCondor ID (12.0.0)
09/10/20 11:19:16 Submitting HTCondor Node stage_out_local_local_0_0 job(s)...
09/10/20 11:19:16 Adding a DAGMan workflow log /home/scitech/shared-data/Workflow5/scitech/pegasus/checkpoint-wf/run0012/./checkpoint-wf-0.dag.nodes.log
09/10/20 11:19:16 Masking the events recorded in the DAGMAN workflow log
09/10/20 11:19:16 Mask for workflow log is 0,1,2,4,5,7,9,10,11,12,13,16,17,24,27,35,36
09/10/20 11:19:16 submitting: /usr/bin/condor_submit -a dag_node_name' '=' 'stage_out_local_local_0_0 -a +DAGManJobId' '=' '5 -a DAGManJobId' '=' '5 -batch-name checkpoint-wf-0.dag+5 -a submit_event_notes' '=' 'DAG' 'Node:' 'stage_out_local_local_0_0 -a dagman_log' '=' '/home/scitech/shared-data/Workflow5/scitech/pegasus/checkpoint-wf/run0012/./checkpoint-wf-0.dag.nodes.log -a +DAGManNodesMask' '=' '"0,1,2,4,5,7,9,10,11,12,13,16,17,24,27,35,36" -a priority=900 -a +DAGNodeRetry' '=' '0 -a DAG_STATUS' '=' '0 -a FAILED_COUNT' '=' '0 -a +KeepClaimIdle' '=' '20 -a notification' '=' 'never -a +DAGParentNodeNames' '=' '"print_nums_py_ID0000001" 00/00/stage_out_local_local_0_0.sub
09/10/20 11:19:16 From submit: Submitting job(s).
09/10/20 11:19:16 From submit: 1 job(s) submitted to cluster 13.
09/10/20 11:19:16 	assigned HTCondor ID (13.0.0)
09/10/20 11:19:16 Just submitted 2 jobs this cycle...
09/10/20 11:19:16 DAG status: 0 (DAG_STATUS_OK)
09/10/20 11:19:16 Of 9 nodes total:
09/10/20 11:19:16  Done     Pre   Queued    Post   Ready   Un-Ready   Failed
09/10/20 11:19:16   ===     ===      ===     ===     ===        ===      ===
09/10/20 11:19:16     4       0        2       0       0          3        0
09/10/20 11:19:16 0 job proc(s) currently held
09/10/20 11:19:16 DAGMan Runtime Statistics: [ EventCycleTimeStd = 0.02843711349437946; EventCycleTimeMax = 0.1273679733276367; SubmitCycleTimeMin = 0.0002930164337158203; SubmitCycleTimeAvg = 0.01076183678968897; SleepCycleTimeCount = 52.0; SubmitCycleTimeCount = 53.0; SubmitCycleTimeMax = 0.1215310096740723; SleepCycleTimeMin = 4.967114210128784; SubmitCycleTimeSum = 0.5703773498535156; LogProcessCycleTimeStd = 0.009976530463076363; SubmitCycleTimeStd = 0.0294200883007915; LogProcessCycleTimeAvg = 0.0129132072130839; EventCycleTimeMin = 0.0007319450378417969; LogProcessCycleTimeMax = 0.03904581069946289; LogProcessCycleTimeMin = 0.003520011901855469; LogProcessCycleTimeSum = 0.1549584865570068; LogProcessCycleTimeCount = 12.0; EventCycleTimeSum = 0.7604701519012451; SleepCycleTimeSum = 261.4434638023376; SleepCycleTimeAvg = 5.027758919275724; SleepCycleTimeStd = 0.08655455815609628; SleepCycleTimeMax = 5.345233201980591; EventCycleTimeCount = 52.0; EventCycleTimeAvg = 0.01462442599810087; ]
09/10/20 11:19:21 Currently monitoring 1 HTCondor log file(s)
09/10/20 11:19:21 Reassigning the id of job clean_up_local_level_3_0 from (12.0.0) to (12.0.0)
09/10/20 11:19:21 Event: ULOG_SUBMIT for HTCondor Node clean_up_local_level_3_0 (12.0.0) {09/10/20 11:19:16}
09/10/20 11:19:21 Number of idle job procs: 1
09/10/20 11:19:21 Reassigning the id of job stage_out_local_local_0_0 from (13.0.0) to (13.0.0)
09/10/20 11:19:21 Event: ULOG_SUBMIT for HTCondor Node stage_out_local_local_0_0 (13.0.0) {09/10/20 11:19:16}
09/10/20 11:19:21 Number of idle job procs: 2
09/10/20 11:19:21 Event: ULOG_EXECUTE for HTCondor Node clean_up_local_level_3_0 (12.0.0) {09/10/20 11:19:18}
09/10/20 11:19:21 Number of idle job procs: 1
09/10/20 11:19:21 Event: ULOG_EXECUTE for HTCondor Node stage_out_local_local_0_0 (13.0.0) {09/10/20 11:19:18}
09/10/20 11:19:21 Number of idle job procs: 0
09/10/20 11:19:21 Event: ULOG_JOB_TERMINATED for HTCondor Node clean_up_local_level_3_0 (12.0.0) {09/10/20 11:19:21}
09/10/20 11:19:21 Number of idle job procs: 0
09/10/20 11:19:21 Node clean_up_local_level_3_0 job proc (12.0.0) completed successfully.
09/10/20 11:19:21 Node clean_up_local_level_3_0 job completed
09/10/20 11:19:21 Running POST script of Node clean_up_local_level_3_0...
09/10/20 11:19:21 Warning: mysin has length 0 (ignore if produced by DAGMan; see gittrac #4987, #5031)
09/10/20 11:19:21 DAG status: 0 (DAG_STATUS_OK)
09/10/20 11:19:21 Of 9 nodes total:
09/10/20 11:19:21  Done     Pre   Queued    Post   Ready   Un-Ready   Failed
09/10/20 11:19:21   ===     ===      ===     ===     ===        ===      ===
09/10/20 11:19:21     4       0        1       1       0          3        0
09/10/20 11:19:21 0 job proc(s) currently held
09/10/20 11:19:21 DAGMan Runtime Statistics: [ EventCycleTimeStd = 0.03111382625872078; EventCycleTimeMax = 0.1273679733276367; SubmitCycleTimeMin = 0.0002930164337158203; SubmitCycleTimeAvg = 0.01056996981302897; SleepCycleTimeCount = 53.0; SubmitCycleTimeCount = 54.0; SubmitCycleTimeMax = 0.1215310096740723; SleepCycleTimeMin = 4.967114210128784; SubmitCycleTimeSum = 0.5707783699035645; LogProcessCycleTimeStd = 0.01025224123325311; SubmitCycleTimeStd = 0.02917530669431853; LogProcessCycleTimeAvg = 0.0139461847452017; EventCycleTimeMin = 0.0007319450378417969; LogProcessCycleTimeMax = 0.03904581069946289; LogProcessCycleTimeMin = 0.003520011901855469; LogProcessCycleTimeSum = 0.1813004016876221; LogProcessCycleTimeCount = 13.0; EventCycleTimeSum = 0.8713881969451904; SleepCycleTimeSum = 266.4522008895874; SleepCycleTimeAvg = 5.027400016784668; SleepCycleTimeStd = 0.0857580755928555; SleepCycleTimeMax = 5.345233201980591; EventCycleTimeCount = 53.0; EventCycleTimeAvg = 0.01644128673481491; ]
09/10/20 11:19:22 Initializing user log writer for /home/scitech/shared-data/Workflow5/scitech/pegasus/checkpoint-wf/run0012/./checkpoint-wf-0.dag.nodes.log, (12.0.0)
09/10/20 11:19:26 Currently monitoring 1 HTCondor log file(s)
09/10/20 11:19:26 Event: ULOG_POST_SCRIPT_TERMINATED for HTCondor Node clean_up_local_level_3_0 (12.0.0) {09/10/20 11:19:22}
09/10/20 11:19:26 POST Script of node clean_up_local_level_3_0 completed successfully.
09/10/20 11:19:26 Event: ULOG_JOB_TERMINATED for HTCondor Node stage_out_local_local_0_0 (13.0.0) {09/10/20 11:19:22}
09/10/20 11:19:26 Number of idle job procs: 0
09/10/20 11:19:26 Node stage_out_local_local_0_0 job proc (13.0.0) completed successfully.
09/10/20 11:19:26 Node stage_out_local_local_0_0 job completed
09/10/20 11:19:26 Running POST script of Node stage_out_local_local_0_0...
09/10/20 11:19:26 Warning: mysin has length 0 (ignore if produced by DAGMan; see gittrac #4987, #5031)
09/10/20 11:19:26 DAG status: 0 (DAG_STATUS_OK)
09/10/20 11:19:26 Of 9 nodes total:
09/10/20 11:19:26  Done     Pre   Queued    Post   Ready   Un-Ready   Failed
09/10/20 11:19:26   ===     ===      ===     ===     ===        ===      ===
09/10/20 11:19:26     5       0        0       1       0          3        0
09/10/20 11:19:26 0 job proc(s) currently held
09/10/20 11:19:26 DAGMan Runtime Statistics: [ EventCycleTimeStd = 0.03090722998092355; EventCycleTimeMax = 0.1273679733276367; SubmitCycleTimeMin = 0.0002930164337158203; SubmitCycleTimeAvg = 0.01038458997553045; SleepCycleTimeCount = 54.0; SubmitCycleTimeCount = 55.0; SubmitCycleTimeMax = 0.1215310096740723; SleepCycleTimeMin = 4.31005597114563; SubmitCycleTimeSum = 0.5711524486541748; LogProcessCycleTimeStd = 0.009850056732118436; SubmitCycleTimeStd = 0.02893658061636159; LogProcessCycleTimeAvg = 0.01395174435206822; EventCycleTimeMin = 0.0007319450378417969; LogProcessCycleTimeMax = 0.03904581069946289; LogProcessCycleTimeMin = 0.003520011901855469; LogProcessCycleTimeSum = 0.1953244209289551; LogProcessCycleTimeCount = 14.0; EventCycleTimeSum = 0.9049880504608154; SleepCycleTimeSum = 270.762256860733; SleepCycleTimeAvg = 5.014115867791353; SleepCycleTimeStd = 0.1294024325512961; SleepCycleTimeMax = 5.345233201980591; EventCycleTimeCount = 54.0; EventCycleTimeAvg = 0.01675903797149658; ]
09/10/20 11:19:26 Initializing user log writer for /home/scitech/shared-data/Workflow5/scitech/pegasus/checkpoint-wf/run0012/./checkpoint-wf-0.dag.nodes.log, (13.0.0)
09/10/20 11:19:31 Currently monitoring 1 HTCondor log file(s)
09/10/20 11:19:31 Event: ULOG_POST_SCRIPT_TERMINATED for HTCondor Node stage_out_local_local_0_0 (13.0.0) {09/10/20 11:19:26}
09/10/20 11:19:31 POST Script of node stage_out_local_local_0_0 completed successfully.
09/10/20 11:19:31 DAG status: 0 (DAG_STATUS_OK)
09/10/20 11:19:31 Of 9 nodes total:
09/10/20 11:19:31  Done     Pre   Queued    Post   Ready   Un-Ready   Failed
09/10/20 11:19:31   ===     ===      ===     ===     ===        ===      ===
09/10/20 11:19:31     6       0        0       0       2          1        0
09/10/20 11:19:31 0 job proc(s) currently held
09/10/20 11:19:31 DAGMan Runtime Statistics: [ EventCycleTimeStd = 0.03062284491956653; EventCycleTimeMax = 0.1273679733276367; SubmitCycleTimeMin = 0.0002930164337158203; SubmitCycleTimeAvg = 0.01020786591938564; SleepCycleTimeCount = 55.0; SubmitCycleTimeCount = 56.0; SubmitCycleTimeMax = 0.1215310096740723; SleepCycleTimeMin = 4.31005597114563; SubmitCycleTimeSum = 0.5716404914855957; LogProcessCycleTimeStd = 0.009836309064641825; SubmitCycleTimeStd = 0.0287027969390539; LogProcessCycleTimeAvg = 0.01328543027242025; EventCycleTimeMin = 0.0007319450378417969; LogProcessCycleTimeMax = 0.03904581069946289; LogProcessCycleTimeMin = 0.003520011901855469; LogProcessCycleTimeSum = 0.1992814540863037; LogProcessCycleTimeCount = 15.0; EventCycleTimeSum = 0.9249942302703857; SleepCycleTimeSum = 276.0735847949982; SleepCycleTimeAvg = 5.019519723545422; SleepCycleTimeStd = 0.134316746114204; SleepCycleTimeMax = 5.345233201980591; EventCycleTimeCount = 55.0; EventCycleTimeAvg = 0.01681807691400701; ]
09/10/20 11:19:36 Submitting HTCondor Node clean_up_local_level_4_0 job(s)...
09/10/20 11:19:36 Adding a DAGMan workflow log /home/scitech/shared-data/Workflow5/scitech/pegasus/checkpoint-wf/run0012/./checkpoint-wf-0.dag.nodes.log
09/10/20 11:19:36 Masking the events recorded in the DAGMAN workflow log
09/10/20 11:19:36 Mask for workflow log is 0,1,2,4,5,7,9,10,11,12,13,16,17,24,27,35,36
09/10/20 11:19:36 submitting: /usr/bin/condor_submit -a dag_node_name' '=' 'clean_up_local_level_4_0 -a +DAGManJobId' '=' '5 -a DAGManJobId' '=' '5 -batch-name checkpoint-wf-0.dag+5 -a submit_event_notes' '=' 'DAG' 'Node:' 'clean_up_local_level_4_0 -a dagman_log' '=' '/home/scitech/shared-data/Workflow5/scitech/pegasus/checkpoint-wf/run0012/./checkpoint-wf-0.dag.nodes.log -a +DAGManNodesMask' '=' '"0,1,2,4,5,7,9,10,11,12,13,16,17,24,27,35,36" -a priority=1000 -a +DAGNodeRetry' '=' '0 -a DAG_STATUS' '=' '0 -a FAILED_COUNT' '=' '0 -a +KeepClaimIdle' '=' '20 -a notification' '=' 'never -a +DAGParentNodeNames' '=' '"stage_out_local_local_0_0" 00/00/clean_up_local_level_4_0.sub
09/10/20 11:19:36 From submit: Submitting job(s).
09/10/20 11:19:36 From submit: 1 job(s) submitted to cluster 14.
09/10/20 11:19:36 	assigned HTCondor ID (14.0.0)
09/10/20 11:19:36 Submitting HTCondor Node register_local_0_0 job(s)...
09/10/20 11:19:36 Adding a DAGMan workflow log /home/scitech/shared-data/Workflow5/scitech/pegasus/checkpoint-wf/run0012/./checkpoint-wf-0.dag.nodes.log
09/10/20 11:19:36 Masking the events recorded in the DAGMAN workflow log
09/10/20 11:19:36 Mask for workflow log is 0,1,2,4,5,7,9,10,11,12,13,16,17,24,27,35,36
09/10/20 11:19:36 submitting: /usr/bin/condor_submit -a dag_node_name' '=' 'register_local_0_0 -a +DAGManJobId' '=' '5 -a DAGManJobId' '=' '5 -batch-name checkpoint-wf-0.dag+5 -a submit_event_notes' '=' 'DAG' 'Node:' 'register_local_0_0 -a dagman_log' '=' '/home/scitech/shared-data/Workflow5/scitech/pegasus/checkpoint-wf/run0012/./checkpoint-wf-0.dag.nodes.log -a +DAGManNodesMask' '=' '"0,1,2,4,5,7,9,10,11,12,13,16,17,24,27,35,36" -a priority=40 -a +DAGNodeRetry' '=' '0 -a DAG_STATUS' '=' '0 -a FAILED_COUNT' '=' '0 -a notification' '=' 'never -a +DAGParentNodeNames' '=' '"stage_out_local_local_0_0" 00/00/register_local_0_0.sub
09/10/20 11:19:36 From submit: Submitting job(s).
09/10/20 11:19:36 From submit: 1 job(s) submitted to cluster 15.
09/10/20 11:19:36 	assigned HTCondor ID (15.0.0)
09/10/20 11:19:36 Just submitted 2 jobs this cycle...
09/10/20 11:19:36 DAG status: 0 (DAG_STATUS_OK)
09/10/20 11:19:36 Of 9 nodes total:
09/10/20 11:19:36  Done     Pre   Queued    Post   Ready   Un-Ready   Failed
09/10/20 11:19:36   ===     ===      ===     ===     ===        ===      ===
09/10/20 11:19:36     6       0        2       0       0          1        0
09/10/20 11:19:36 0 job proc(s) currently held
09/10/20 11:19:36 DAGMan Runtime Statistics: [ EventCycleTimeStd = 0.03035236867069483; EventCycleTimeMax = 0.1273679733276367; SubmitCycleTimeMin = 0.0002930164337158203; SubmitCycleTimeAvg = 0.01198320221482662; SleepCycleTimeCount = 56.0; SubmitCycleTimeCount = 57.0; SubmitCycleTimeMax = 0.1215310096740723; SleepCycleTimeMin = 4.31005597114563; SubmitCycleTimeSum = 0.6830425262451172; LogProcessCycleTimeStd = 0.009836309064641825; SubmitCycleTimeStd = 0.03144507299961654; LogProcessCycleTimeAvg = 0.01328543027242025; EventCycleTimeMin = 0.0007319450378417969; LogProcessCycleTimeMax = 0.03904581069946289; LogProcessCycleTimeMin = 0.003520011901855469; LogProcessCycleTimeSum = 0.1992814540863037; LogProcessCycleTimeCount = 15.0; EventCycleTimeSum = 0.9362232685089111; SleepCycleTimeSum = 281.0814738273621; SleepCycleTimeAvg = 5.019312032631466; SleepCycleTimeStd = 0.1330991581744237; SleepCycleTimeMax = 5.345233201980591; EventCycleTimeCount = 56.0; EventCycleTimeAvg = 0.01671827265194484; ]
09/10/20 11:19:41 Currently monitoring 1 HTCondor log file(s)
09/10/20 11:19:41 Reassigning the id of job clean_up_local_level_4_0 from (14.0.0) to (14.0.0)
09/10/20 11:19:41 Event: ULOG_SUBMIT for HTCondor Node clean_up_local_level_4_0 (14.0.0) {09/10/20 11:19:36}
09/10/20 11:19:41 Number of idle job procs: 1
09/10/20 11:19:41 Reassigning the id of job register_local_0_0 from (15.0.0) to (15.0.0)
09/10/20 11:19:41 Event: ULOG_SUBMIT for HTCondor Node register_local_0_0 (15.0.0) {09/10/20 11:19:36}
09/10/20 11:19:41 Number of idle job procs: 2
09/10/20 11:19:41 Event: ULOG_EXECUTE for HTCondor Node register_local_0_0 (15.0.0) {09/10/20 11:19:39}
09/10/20 11:19:41 Number of idle job procs: 1
09/10/20 11:19:41 Event: ULOG_EXECUTE for HTCondor Node clean_up_local_level_4_0 (14.0.0) {09/10/20 11:19:39}
09/10/20 11:19:41 Number of idle job procs: 0
09/10/20 11:19:46 Currently monitoring 1 HTCondor log file(s)
09/10/20 11:19:46 Event: ULOG_JOB_TERMINATED for HTCondor Node register_local_0_0 (15.0.0) {09/10/20 11:19:43}
09/10/20 11:19:46 Number of idle job procs: 0
09/10/20 11:19:46 Node register_local_0_0 job proc (15.0.0) completed successfully.
09/10/20 11:19:46 Node register_local_0_0 job completed
09/10/20 11:19:46 Running POST script of Node register_local_0_0...
09/10/20 11:19:46 Warning: mysin has length 0 (ignore if produced by DAGMan; see gittrac #4987, #5031)
09/10/20 11:19:46 Event: ULOG_JOB_TERMINATED for HTCondor Node clean_up_local_level_4_0 (14.0.0) {09/10/20 11:19:44}
09/10/20 11:19:46 Number of idle job procs: 0
09/10/20 11:19:46 Node clean_up_local_level_4_0 job proc (14.0.0) completed successfully.
09/10/20 11:19:46 Node clean_up_local_level_4_0 job completed
09/10/20 11:19:46 Running POST script of Node clean_up_local_level_4_0...
09/10/20 11:19:46 Warning: mysin has length 0 (ignore if produced by DAGMan; see gittrac #4987, #5031)
09/10/20 11:19:46 DAG status: 0 (DAG_STATUS_OK)
09/10/20 11:19:46 Of 9 nodes total:
09/10/20 11:19:46  Done     Pre   Queued    Post   Ready   Un-Ready   Failed
09/10/20 11:19:46   ===     ===      ===     ===     ===        ===      ===
09/10/20 11:19:46     6       0        0       2       0          1        0
09/10/20 11:19:46 0 job proc(s) currently held
09/10/20 11:19:46 DAGMan Runtime Statistics: [ EventCycleTimeStd = 0.03265009964104213; EventCycleTimeMax = 0.1273679733276367; SubmitCycleTimeMin = 0.0002930164337158203; SubmitCycleTimeAvg = 0.01159876888081179; SleepCycleTimeCount = 58.0; SubmitCycleTimeCount = 59.0; SubmitCycleTimeMax = 0.1215310096740723; SleepCycleTimeMin = 4.31005597114563; SubmitCycleTimeSum = 0.6843273639678955; LogProcessCycleTimeStd = 0.009602141918111859; SubmitCycleTimeStd = 0.03096742076339058; LogProcessCycleTimeAvg = 0.01417420892154469; EventCycleTimeMin = 0.0007319450378417969; LogProcessCycleTimeMax = 0.03904581069946289; LogProcessCycleTimeMin = 0.003520011901855469; LogProcessCycleTimeSum = 0.2409615516662598; LogProcessCycleTimeCount = 17.0; EventCycleTimeSum = 1.073637008666992; SleepCycleTimeSum = 291.0927140712738; SleepCycleTimeAvg = 5.018839897780583; SleepCycleTimeStd = 0.1307675321731369; SleepCycleTimeMax = 5.345233201980591; EventCycleTimeCount = 58.0; EventCycleTimeAvg = 0.01851098290805159; ]
09/10/20 11:19:47 Initializing user log writer for /home/scitech/shared-data/Workflow5/scitech/pegasus/checkpoint-wf/run0012/./checkpoint-wf-0.dag.nodes.log, (15.0.0)
09/10/20 11:19:47 Initializing user log writer for /home/scitech/shared-data/Workflow5/scitech/pegasus/checkpoint-wf/run0012/./checkpoint-wf-0.dag.nodes.log, (14.0.0)
09/10/20 11:19:51 Currently monitoring 1 HTCondor log file(s)
09/10/20 11:19:51 Event: ULOG_POST_SCRIPT_TERMINATED for HTCondor Node register_local_0_0 (15.0.0) {09/10/20 11:19:47}
09/10/20 11:19:51 POST Script of node register_local_0_0 completed successfully.
09/10/20 11:19:51 Event: ULOG_POST_SCRIPT_TERMINATED for HTCondor Node clean_up_local_level_4_0 (14.0.0) {09/10/20 11:19:47}
09/10/20 11:19:51 POST Script of node clean_up_local_level_4_0 completed successfully.
09/10/20 11:19:51 DAG status: 0 (DAG_STATUS_OK)
09/10/20 11:19:51 Of 9 nodes total:
09/10/20 11:19:51  Done     Pre   Queued    Post   Ready   Un-Ready   Failed
09/10/20 11:19:51   ===     ===      ===     ===     ===        ===      ===
09/10/20 11:19:51     8       0        0       0       1          0        0
09/10/20 11:19:51 0 job proc(s) currently held
09/10/20 11:19:51 DAGMan Runtime Statistics: [ EventCycleTimeStd = 0.03241606989616974; EventCycleTimeMax = 0.1273679733276367; SubmitCycleTimeMin = 0.0002930164337158203; SubmitCycleTimeAvg = 0.01141233841578166; SleepCycleTimeCount = 59.0; SubmitCycleTimeCount = 60.0; SubmitCycleTimeMax = 0.1215310096740723; SleepCycleTimeMin = 4.31005597114563; SubmitCycleTimeSum = 0.6847403049468994; LogProcessCycleTimeStd = 0.009589014175494435; SubmitCycleTimeStd = 0.03073780424915147; LogProcessCycleTimeAvg = 0.0136381917529636; EventCycleTimeMin = 0.0007319450378417969; LogProcessCycleTimeMax = 0.03904581069946289; LogProcessCycleTimeMin = 0.003520011901855469; LogProcessCycleTimeSum = 0.2454874515533447; LogProcessCycleTimeCount = 18.0; EventCycleTimeSum = 1.105785846710205; SleepCycleTimeSum = 295.4329061508179; SleepCycleTimeAvg = 5.007337392386743; SleepCycleTimeStd = 0.156880424309825; SleepCycleTimeMax = 5.345233201980591; EventCycleTimeCount = 59.0; EventCycleTimeAvg = 0.01874213299508822; ]
09/10/20 11:19:56 Submitting HTCondor Node cleanup_checkpoint-wf_0_local job(s)...
09/10/20 11:19:56 Adding a DAGMan workflow log /home/scitech/shared-data/Workflow5/scitech/pegasus/checkpoint-wf/run0012/./checkpoint-wf-0.dag.nodes.log
09/10/20 11:19:56 Masking the events recorded in the DAGMAN workflow log
09/10/20 11:19:56 Mask for workflow log is 0,1,2,4,5,7,9,10,11,12,13,16,17,24,27,35,36
09/10/20 11:19:56 submitting: /usr/bin/condor_submit -a dag_node_name' '=' 'cleanup_checkpoint-wf_0_local -a +DAGManJobId' '=' '5 -a DAGManJobId' '=' '5 -batch-name checkpoint-wf-0.dag+5 -a submit_event_notes' '=' 'DAG' 'Node:' 'cleanup_checkpoint-wf_0_local -a dagman_log' '=' '/home/scitech/shared-data/Workflow5/scitech/pegasus/checkpoint-wf/run0012/./checkpoint-wf-0.dag.nodes.log -a +DAGManNodesMask' '=' '"0,1,2,4,5,7,9,10,11,12,13,16,17,24,27,35,36" -a priority=1000 -a +DAGNodeRetry' '=' '0 -a DAG_STATUS' '=' '0 -a FAILED_COUNT' '=' '0 -a notification' '=' 'never -a +DAGParentNodeNames' '=' '"clean_up_local_level_3_0,clean_up_local_level_4_0" 00/00/cleanup_checkpoint-wf_0_local.sub
09/10/20 11:19:56 From submit: Submitting job(s).
09/10/20 11:19:56 From submit: 1 job(s) submitted to cluster 16.
09/10/20 11:19:56 	assigned HTCondor ID (16.0.0)
09/10/20 11:19:56 Just submitted 1 job this cycle...
09/10/20 11:19:56 DAG status: 0 (DAG_STATUS_OK)
09/10/20 11:19:56 Of 9 nodes total:
09/10/20 11:19:56  Done     Pre   Queued    Post   Ready   Un-Ready   Failed
09/10/20 11:19:56   ===     ===      ===     ===     ===        ===      ===
09/10/20 11:19:56     8       0        1       0       0          0        0
09/10/20 11:19:56 0 job proc(s) currently held
09/10/20 11:19:56 DAGMan Runtime Statistics: [ EventCycleTimeStd = 0.03215991195036164; EventCycleTimeMax = 0.1273679733276367; SubmitCycleTimeMin = 0.0002930164337158203; SubmitCycleTimeAvg = 0.01222653076296947; SleepCycleTimeCount = 60.0; SubmitCycleTimeCount = 61.0; SubmitCycleTimeMax = 0.1215310096740723; SleepCycleTimeMin = 4.31005597114563; SubmitCycleTimeSum = 0.7458183765411377; LogProcessCycleTimeStd = 0.009589014175494435; SubmitCycleTimeStd = 0.03113684622912549; LogProcessCycleTimeAvg = 0.0136381917529636; EventCycleTimeMin = 0.0007319450378417969; LogProcessCycleTimeMax = 0.03904581069946289; LogProcessCycleTimeMin = 0.003520011901855469; LogProcessCycleTimeSum = 0.2454874515533447; LogProcessCycleTimeCount = 18.0; EventCycleTimeSum = 1.115803718566895; SleepCycleTimeSum = 300.4054753780365; SleepCycleTimeAvg = 5.006757922967275; SleepCycleTimeStd = 0.1556099967952786; SleepCycleTimeMax = 5.345233201980591; EventCycleTimeCount = 60.0; EventCycleTimeAvg = 0.01859672864278157; ]
09/10/20 11:20:01 Currently monitoring 1 HTCondor log file(s)
09/10/20 11:20:01 Reassigning the id of job cleanup_checkpoint-wf_0_local from (16.0.0) to (16.0.0)
09/10/20 11:20:01 Event: ULOG_SUBMIT for HTCondor Node cleanup_checkpoint-wf_0_local (16.0.0) {09/10/20 11:19:56}
09/10/20 11:20:01 Number of idle job procs: 1
09/10/20 11:20:06 Currently monitoring 1 HTCondor log file(s)
09/10/20 11:20:06 Event: ULOG_EXECUTE for HTCondor Node cleanup_checkpoint-wf_0_local (16.0.0) {09/10/20 11:20:01}
09/10/20 11:20:06 Number of idle job procs: 0
09/10/20 11:20:06 Event: ULOG_JOB_TERMINATED for HTCondor Node cleanup_checkpoint-wf_0_local (16.0.0) {09/10/20 11:20:03}
09/10/20 11:20:06 Number of idle job procs: 0
09/10/20 11:20:06 Node cleanup_checkpoint-wf_0_local job proc (16.0.0) completed successfully.
09/10/20 11:20:06 Node cleanup_checkpoint-wf_0_local job completed
09/10/20 11:20:06 Running POST script of Node cleanup_checkpoint-wf_0_local...
09/10/20 11:20:06 Warning: mysin has length 0 (ignore if produced by DAGMan; see gittrac #4987, #5031)
09/10/20 11:20:06 DAG status: 0 (DAG_STATUS_OK)
09/10/20 11:20:06 Of 9 nodes total:
09/10/20 11:20:06  Done     Pre   Queued    Post   Ready   Un-Ready   Failed
09/10/20 11:20:06   ===     ===      ===     ===     ===        ===      ===
09/10/20 11:20:06     8       0        0       1       0          0        0
09/10/20 11:20:06 0 job proc(s) currently held
09/10/20 11:20:06 DAGMan Runtime Statistics: [ EventCycleTimeStd = 0.03242751977355556; EventCycleTimeMax = 0.1273679733276367; SubmitCycleTimeMin = 0.0002930164337158203; SubmitCycleTimeAvg = 0.0118578312888978; SleepCycleTimeCount = 62.0; SubmitCycleTimeCount = 63.0; SubmitCycleTimeMax = 0.1215310096740723; SleepCycleTimeMin = 4.31005597114563; SubmitCycleTimeSum = 0.7470433712005615; LogProcessCycleTimeStd = 0.009320184031636635; SubmitCycleTimeStd = 0.03069925912639254; LogProcessCycleTimeAvg = 0.01332716941833496; EventCycleTimeMin = 0.0007319450378417969; LogProcessCycleTimeMax = 0.03904581069946289; LogProcessCycleTimeMin = 0.003520011901855469; LogProcessCycleTimeSum = 0.2665433883666992; LogProcessCycleTimeCount = 20.0; EventCycleTimeSum = 1.194262742996216; SleepCycleTimeSum = 310.4149973392487; SleepCycleTimeAvg = 5.006693505471753; SleepCycleTimeStd = 0.1530385464011176; SleepCycleTimeMax = 5.345233201980591; EventCycleTimeCount = 62.0; EventCycleTimeAvg = 0.01926230230639058; ]
09/10/20 11:20:06 Initializing user log writer for /home/scitech/shared-data/Workflow5/scitech/pegasus/checkpoint-wf/run0012/./checkpoint-wf-0.dag.nodes.log, (16.0.0)
09/10/20 11:20:11 Currently monitoring 1 HTCondor log file(s)
09/10/20 11:20:11 Event: ULOG_POST_SCRIPT_TERMINATED for HTCondor Node cleanup_checkpoint-wf_0_local (16.0.0) {09/10/20 11:20:06}
09/10/20 11:20:11 POST Script of node cleanup_checkpoint-wf_0_local completed successfully.
09/10/20 11:20:11 DAG status: 0 (DAG_STATUS_OK)
09/10/20 11:20:11 Of 9 nodes total:
09/10/20 11:20:11  Done     Pre   Queued    Post   Ready   Un-Ready   Failed
09/10/20 11:20:11   ===     ===      ===     ===     ===        ===      ===
09/10/20 11:20:11     9       0        0       0       0          0        0
09/10/20 11:20:11 0 job proc(s) currently held
09/10/20 11:20:11 DAGMan Runtime Statistics: [ EventCycleTimeStd = 0.03217054083503128; EventCycleTimeMax = 0.1273679733276367; SubmitCycleTimeMin = 0.0002930164337158203; SubmitCycleTimeAvg = 0.01168153807520866; SleepCycleTimeCount = 63.0; SubmitCycleTimeCount = 64.0; SubmitCycleTimeMax = 0.1215310096740723; SleepCycleTimeMin = 4.31005597114563; SubmitCycleTimeSum = 0.7476184368133545; LogProcessCycleTimeStd = 0.009243328984397739; SubmitCycleTimeStd = 0.0304872784821577; LogProcessCycleTimeAvg = 0.01295449620201474; EventCycleTimeMin = 0.0007319450378417969; LogProcessCycleTimeMax = 0.03904581069946289; LogProcessCycleTimeMin = 0.003520011901855469; LogProcessCycleTimeSum = 0.2720444202423096; LogProcessCycleTimeCount = 21.0; EventCycleTimeSum = 1.218287706375122; SleepCycleTimeSum = 315.7253472805023; SleepCycleTimeAvg = 5.011513448896862; SleepCycleTimeStd = 0.156545995606647; SleepCycleTimeMax = 5.345233201980591; EventCycleTimeCount = 63.0; EventCycleTimeAvg = 0.01933790010119241; ]
09/10/20 11:20:11 All jobs Completed!
09/10/20 11:20:11 Note: 0 total job deferrals because of -MaxJobs limit (0)
09/10/20 11:20:11 Note: 0 total job deferrals because of -MaxIdle limit (1000)
09/10/20 11:20:11 Note: 0 total job deferrals because of node category throttles
09/10/20 11:20:11 Note: 0 total PRE script deferrals because of -MaxPre limit (20) or DEFER
09/10/20 11:20:11 Note: 0 total POST script deferrals because of -MaxPost limit (20) or DEFER
09/10/20 11:20:11 DAG status: 0 (DAG_STATUS_OK)
09/10/20 11:20:11 Of 9 nodes total:
09/10/20 11:20:11  Done     Pre   Queued    Post   Ready   Un-Ready   Failed
09/10/20 11:20:11   ===     ===      ===     ===     ===        ===      ===
09/10/20 11:20:11     9       0        0       0       0          0        0
09/10/20 11:20:11 0 job proc(s) currently held
09/10/20 11:20:11 DAGMan Runtime Statistics: [ EventCycleTimeStd = 0.03217054083503128; EventCycleTimeMax = 0.1273679733276367; SubmitCycleTimeMin = 0.0002930164337158203; SubmitCycleTimeAvg = 0.01168153807520866; SleepCycleTimeCount = 63.0; SubmitCycleTimeCount = 64.0; SubmitCycleTimeMax = 0.1215310096740723; SleepCycleTimeMin = 4.31005597114563; SubmitCycleTimeSum = 0.7476184368133545; LogProcessCycleTimeStd = 0.009243328984397739; SubmitCycleTimeStd = 0.0304872784821577; LogProcessCycleTimeAvg = 0.01295449620201474; EventCycleTimeMin = 0.0007319450378417969; LogProcessCycleTimeMax = 0.03904581069946289; LogProcessCycleTimeMin = 0.003520011901855469; LogProcessCycleTimeSum = 0.2720444202423096; LogProcessCycleTimeCount = 21.0; EventCycleTimeSum = 1.218287706375122; SleepCycleTimeSum = 315.7253472805023; SleepCycleTimeAvg = 5.011513448896862; SleepCycleTimeStd = 0.156545995606647; SleepCycleTimeMax = 5.345233201980591; EventCycleTimeCount = 63.0; EventCycleTimeAvg = 0.01933790010119241; ]
09/10/20 11:20:11 Wrote metrics file checkpoint-wf-0.dag.metrics.
09/10/20 11:20:11 Reporting metrics to Pegasus metrics server(s); output is in checkpoint-wf-0.dag.metrics.out.
09/10/20 11:20:11 Running command </usr/libexec/condor/condor_dagman_metrics_reporter -f checkpoint-wf-0.dag.metrics -t 100>
09/10/20 11:20:11 Warning: mysin has length 0 (ignore if produced by DAGMan; see gittrac #4987, #5031)
09/10/20 11:20:11 DAGMan Runtime Statistics: [ EventCycleTimeStd = 0.03217054083503128; EventCycleTimeMax = 0.1273679733276367; SubmitCycleTimeMin = 0.0002930164337158203; SubmitCycleTimeAvg = 0.01168153807520866; SleepCycleTimeCount = 63.0; SubmitCycleTimeCount = 64.0; SubmitCycleTimeMax = 0.1215310096740723; SleepCycleTimeMin = 4.31005597114563; SubmitCycleTimeSum = 0.7476184368133545; LogProcessCycleTimeStd = 0.009243328984397739; SubmitCycleTimeStd = 0.0304872784821577; LogProcessCycleTimeAvg = 0.01295449620201474; EventCycleTimeMin = 0.0007319450378417969; LogProcessCycleTimeMax = 0.03904581069946289; LogProcessCycleTimeMin = 0.003520011901855469; LogProcessCycleTimeSum = 0.2720444202423096; LogProcessCycleTimeCount = 21.0; EventCycleTimeSum = 1.218287706375122; SleepCycleTimeSum = 315.7253472805023; SleepCycleTimeAvg = 5.011513448896862; SleepCycleTimeStd = 0.156545995606647; SleepCycleTimeMax = 5.345233201980591; EventCycleTimeCount = 63.0; EventCycleTimeAvg = 0.01933790010119241; ]
09/10/20 11:20:11 **** condor_scheduniv_exec.5.0 (condor_DAGMAN) pid 7773 EXITING WITH STATUS 0
