2020-07-16 10:19:31,836:INFO:pegasus-monitord(58): pegasus-monitord starting - pid 84930 
2020-07-16 10:19:31,857:INFO:pegasus-monitord(455): Final Command line options are: ['-N', 'add_thumbs-0.dag.dagman.out']
2020-07-16 10:19:31,877:INFO:Pegasus.monitoring.event_output(629): Connecting workflow event sink to sqlite:////home/scitech/shared-data/Workflow/Workflow4/scitech/pegasus/add_thumbs/run0012/add_thumbs-0.stampede.db
Created Pegasus database in: sqlite:////home/scitech/shared-data/Workflow/Workflow4/scitech/pegasus/add_thumbs/run0012/add_thumbs-0.stampede.db
Your database is compatible with Pegasus version: 5.0.0dev
2020-07-16 10:19:32,866:INFO:Pegasus.monitoring.event_output(703): output type=DB namespace=stampede. name=sqlite:////home/scitech/shared-data/Workflow/Workflow4/scitech/pegasus/add_thumbs/run0012/add_thumbs-0.stampede.db
2020-07-16 10:19:32,867:INFO:Pegasus.monitoring.event_output(629): Connecting workflow event sink to sqlite:////home/scitech/.pegasus/workflow.db
Your database is compatible with Pegasus version: 5.0.0dev
2020-07-16 10:19:33,417:INFO:Pegasus.monitoring.event_output(703): output type=DB namespace=dashboard. name=sqlite:////home/scitech/.pegasus/workflow.db
2020-07-16 10:19:33,418:INFO:pegasus-monitord(1247): monitord started in fast start mode
2020-07-16 10:19:33,447:INFO:Pegasus.monitoring.workflow(461): cannot open state file /home/scitech/shared-data/Workflow/Workflow4/scitech/pegasus/add_thumbs/run0012/monitord.info, continuing without state...
2020-07-16 10:19:33,448:INFO:Pegasus.monitoring.workflow(1148): creating new file /home/scitech/shared-data/Workflow/Workflow4/scitech/pegasus/add_thumbs/run0012/jobstate.log
2020-07-16 10:19:33,448:INFO:Pegasus.monitoring.workflow(1158): Appending to existing jobstate.log replay_mode 0 previous_processed_line 0
2020-07-16 10:19:33,451:INFO:Pegasus.monitoring.notifications(474): loading notifications from /home/scitech/shared-data/Workflow/Workflow4/scitech/pegasus/add_thumbs/run0012/add_thumbs-0.notify
2020-07-16 10:19:33,792:INFO:Pegasus.monitoring.workflow(205): Parsing DAG file /home/scitech/shared-data/Workflow/Workflow4/scitech/pegasus/add_thumbs/run0012/add_thumbs-0.dag
2020-07-16 10:19:33,802:INFO:pegasus-monitord(974): Using DAGMan version 8.8.9 80809
2020-07-16 10:19:33,804:INFO:pegasus-monitord(949): DAGMan runs at pid 84928
2020-07-16 10:19:33,808:INFO:pegasus-monitord(955): using dag add_thumbs-0.dag
2020-07-16 10:19:33,809:INFO:Pegasus.monitoring.workflow(811): DAGMan starting with condor id 51.0
2020-07-16 10:31:17,378:WARNING:pegasus-monitord(1029): DAGMan was aborted for workflow running in directory /home/scitech/shared-data/Workflow/Workflow4/scitech/pegasus/add_thumbs/run0012
2020-07-16 10:31:17,382:INFO:pegasus-monitord(927): DAGMan add_thumbs-0.dag finished with exit code 2
2020-07-16 10:31:18,405:INFO:pegasus-monitord(1427): workflow /home/scitech/shared-data/Workflow/Workflow4/scitech/pegasus/add_thumbs/run0012/add_thumbs-0.dag.dagman.out ended
2020-07-16 10:31:18,409:INFO:Pegasus.monitoring.workflow(1377): recovery file deleted: /home/scitech/shared-data/Workflow/Workflow4/scitech/pegasus/add_thumbs/run0012/monitord.recover
2020-07-16 10:31:18,412:INFO:pegasus-monitord(1665): finishing workflow: /home/scitech/shared-data/Workflow/Workflow4/scitech/pegasus/add_thumbs/run0012/add_thumbs-0.dag.dagman.out
2020-07-16 10:31:18,412:INFO:pegasus-monitord(1719): finishing notifications...
2020-07-16 10:31:18,413:INFO:pegasus-monitord(1727): monitord process 84930 exiting with 0
2020-07-16 10:31:18,415:INFO:pegasus-monitord(197): DB flushing beginning
2020-07-16 10:31:18,416:INFO:Pegasus.db.workflow_loader.WorkflowLoader(1244): Executing final flush
2020-07-16 10:31:18,438:INFO:Pegasus.db.dashboard_loader.DashboardLoader(397): Executing final flush
2020-07-16 10:31:18,439:INFO:pegasus-monitord(213): DB flushing ended
