2020-07-16 09:17:15: PegasusLite: version 5.0.0dev
2020-07-16 09:17:15: Executing on host 7bcbdb9d7e7e IP=172.18.0.1

########################[Pegasus Lite] Setting up workdir ########################
2020-07-16 09:17:15: Not creating a new work directory as it is already set to /var/lib/condor/execute/dir_72156

##############[Pegasus Lite] Figuring out the worker package to use ##############
2020-07-16 09:17:15: The job contained a Pegasus worker package

######[Pegasus Lite] Checking file integrity for transferred container files ######

########[Pegasus Lite] Writing out script to launch user task in container ########
2020-07-16 09:17:17: container file is tools-container
2020-07-16 09:17:19: Loaded docker image ssrujanaa/workflow_docker4:latest
2020-07-16 16:17:20: PegasusLite: version 5.0.0dev
2020-07-16 16:17:20: Executing on host e61247ff6d43 IP=172.18.0.2

##############[Container] Figuring out Pegasus worker package to use ##############
2020-07-16 16:17:20: The job contained a Pegasus worker package
2020-07-16 16:17:20: Skipping sanity check of included worker package because pegasus.transfer.worker.package.strict=false
PATH in container is set to is set to /scratch/pegasus-5.0.0dev-x86_64_ubuntu_16/bin:/usr/local/sbin:/usr/local/bin:/usr/sbin:/usr/bin:/sbin:/bin

###############[Container] Checking file integrity for input files ###############

#########################[Container] Launching user task #########################
Thumbs_up_ID0000001-f139653e-3b1c-4dfc-b311-af2cc9ab4873
2020-07-16 09:17:22: User task failed with exitcode 127
PegasusLite: exitcode 127
