000 (081.000.000) 09/10 13:33:28 Job submitted from host: <127.0.0.1:9618?addrs=127.0.0.1-9618&noUDP&sock=268_b7e0_4>
    DAG Node: create_dir_Cats_and_Dogs_0_local
    pool:local
...
001 (081.000.000) 09/10 13:33:29 Job executing on host: <127.0.0.1:9618?addrs=127.0.0.1-9618&noUDP&sock=276_3784_81>
...
005 (081.000.000) 09/10 13:33:31 Job terminated.
	(1) Normal termination (return value 0)
		Usr 0 00:00:00, Sys 0 00:00:00  -  Run Remote Usage
		Usr 0 00:00:00, Sys 0 00:00:00  -  Run Local Usage
		Usr 0 00:00:00, Sys 0 00:00:00  -  Total Remote Usage
		Usr 0 00:00:00, Sys 0 00:00:00  -  Total Local Usage
	0  -  Run Bytes Sent By Job
	0  -  Run Bytes Received By Job
	0  -  Total Bytes Sent By Job
	0  -  Total Bytes Received By Job
...
000 (085.000.000) 09/10 13:33:43 Job submitted from host: <127.0.0.1:9618?addrs=127.0.0.1-9618&noUDP&sock=268_b7e0_4>
    DAG Node: stage_in_remote_local_2_0
    pool:local
...
001 (085.000.000) 09/10 13:33:43 Job executing on host: <127.0.0.1:9618?addrs=127.0.0.1-9618&noUDP&sock=276_3784_85>
...
000 (086.000.000) 09/10 13:33:43 Job submitted from host: <127.0.0.1:9618?addrs=127.0.0.1-9618&noUDP&sock=268_b7e0_4>
    DAG Node: stage_in_remote_local_1_0
    pool:local
...
000 (087.000.000) 09/10 13:33:43 Job submitted from host: <127.0.0.1:9618?addrs=127.0.0.1-9618&noUDP&sock=268_b7e0_4>
    DAG Node: stage_in_remote_local_0_0
    pool:local
...
000 (088.000.000) 09/10 13:33:43 Job submitted from host: <127.0.0.1:9618?addrs=127.0.0.1-9618&noUDP&sock=268_b7e0_4>
    DAG Node: stage_in_local_local_4_0
    pool:local
...
000 (089.000.000) 09/10 13:33:43 Job submitted from host: <127.0.0.1:9618?addrs=127.0.0.1-9618&noUDP&sock=268_b7e0_4>
    DAG Node: stage_in_local_local_0_0
    pool:local
...
000 (090.000.000) 09/10 13:33:43 Job submitted from host: <127.0.0.1:9618?addrs=127.0.0.1-9618&noUDP&sock=268_b7e0_4>
    DAG Node: stage_in_remote_local_4_0
    pool:local
...
000 (091.000.000) 09/10 13:33:43 Job submitted from host: <127.0.0.1:9618?addrs=127.0.0.1-9618&noUDP&sock=268_b7e0_4>
    DAG Node: stage_in_remote_local_3_0
    pool:local
...
001 (089.000.000) 09/10 13:33:44 Job executing on host: <127.0.0.1:9618?addrs=127.0.0.1-9618&noUDP&sock=276_3784_86>
...
001 (090.000.000) 09/10 13:33:44 Job executing on host: <127.0.0.1:9618?addrs=127.0.0.1-9618&noUDP&sock=276_3784_87>
...
001 (091.000.000) 09/10 13:33:44 Job executing on host: <127.0.0.1:9618?addrs=127.0.0.1-9618&noUDP&sock=276_3784_88>
...
001 (087.000.000) 09/10 13:33:44 Job executing on host: <127.0.0.1:9618?addrs=127.0.0.1-9618&noUDP&sock=276_3784_90>
...
001 (086.000.000) 09/10 13:33:44 Job executing on host: <127.0.0.1:9618?addrs=127.0.0.1-9618&noUDP&sock=276_3784_89>
...
001 (088.000.000) 09/10 13:33:44 Job executing on host: <127.0.0.1:9618?addrs=127.0.0.1-9618&noUDP&sock=276_3784_91>
...
005 (085.000.000) 09/10 13:33:46 Job terminated.
	(1) Normal termination (return value 0)
		Usr 0 00:00:00, Sys 0 00:00:00  -  Run Remote Usage
		Usr 0 00:00:00, Sys 0 00:00:00  -  Run Local Usage
		Usr 0 00:00:00, Sys 0 00:00:00  -  Total Remote Usage
		Usr 0 00:00:00, Sys 0 00:00:00  -  Total Local Usage
	0  -  Run Bytes Sent By Job
	0  -  Run Bytes Received By Job
	0  -  Total Bytes Sent By Job
	0  -  Total Bytes Received By Job
...
005 (086.000.000) 09/10 13:33:47 Job terminated.
	(1) Normal termination (return value 0)
		Usr 0 00:00:00, Sys 0 00:00:00  -  Run Remote Usage
		Usr 0 00:00:00, Sys 0 00:00:00  -  Run Local Usage
		Usr 0 00:00:00, Sys 0 00:00:00  -  Total Remote Usage
		Usr 0 00:00:00, Sys 0 00:00:00  -  Total Local Usage
	0  -  Run Bytes Sent By Job
	0  -  Run Bytes Received By Job
	0  -  Total Bytes Sent By Job
	0  -  Total Bytes Received By Job
...
005 (087.000.000) 09/10 13:33:47 Job terminated.
	(1) Normal termination (return value 0)
		Usr 0 00:00:00, Sys 0 00:00:00  -  Run Remote Usage
		Usr 0 00:00:00, Sys 0 00:00:00  -  Run Local Usage
		Usr 0 00:00:00, Sys 0 00:00:00  -  Total Remote Usage
		Usr 0 00:00:00, Sys 0 00:00:00  -  Total Local Usage
	0  -  Run Bytes Sent By Job
	0  -  Run Bytes Received By Job
	0  -  Total Bytes Sent By Job
	0  -  Total Bytes Received By Job
...
005 (091.000.000) 09/10 13:33:47 Job terminated.
	(1) Normal termination (return value 0)
		Usr 0 00:00:00, Sys 0 00:00:00  -  Run Remote Usage
		Usr 0 00:00:00, Sys 0 00:00:00  -  Run Local Usage
		Usr 0 00:00:00, Sys 0 00:00:00  -  Total Remote Usage
		Usr 0 00:00:00, Sys 0 00:00:00  -  Total Local Usage
	0  -  Run Bytes Sent By Job
	0  -  Run Bytes Received By Job
	0  -  Total Bytes Sent By Job
	0  -  Total Bytes Received By Job
...
005 (088.000.000) 09/10 13:33:47 Job terminated.
	(1) Normal termination (return value 0)
		Usr 0 00:00:00, Sys 0 00:00:00  -  Run Remote Usage
		Usr 0 00:00:00, Sys 0 00:00:00  -  Run Local Usage
		Usr 0 00:00:00, Sys 0 00:00:00  -  Total Remote Usage
		Usr 0 00:00:00, Sys 0 00:00:00  -  Total Local Usage
	0  -  Run Bytes Sent By Job
	0  -  Run Bytes Received By Job
	0  -  Total Bytes Sent By Job
	0  -  Total Bytes Received By Job
...
005 (090.000.000) 09/10 13:33:47 Job terminated.
	(1) Normal termination (return value 0)
		Usr 0 00:00:00, Sys 0 00:00:00  -  Run Remote Usage
		Usr 0 00:00:00, Sys 0 00:00:00  -  Run Local Usage
		Usr 0 00:00:00, Sys 0 00:00:00  -  Total Remote Usage
		Usr 0 00:00:00, Sys 0 00:00:00  -  Total Local Usage
	0  -  Run Bytes Sent By Job
	0  -  Run Bytes Received By Job
	0  -  Total Bytes Sent By Job
	0  -  Total Bytes Received By Job
...
005 (089.000.000) 09/10 13:35:09 Job terminated.
	(1) Normal termination (return value 0)
		Usr 0 00:00:00, Sys 0 00:00:00  -  Run Remote Usage
		Usr 0 00:00:00, Sys 0 00:00:01  -  Run Local Usage
		Usr 0 00:00:00, Sys 0 00:00:00  -  Total Remote Usage
		Usr 0 00:00:00, Sys 0 00:00:00  -  Total Local Usage
	0  -  Run Bytes Sent By Job
	0  -  Run Bytes Received By Job
	0  -  Total Bytes Sent By Job
	0  -  Total Bytes Received By Job
...
000 (102.000.000) 09/10 13:35:25 Job submitted from host: <127.0.0.1:9618?addrs=127.0.0.1-9618&noUDP&sock=268_b7e0_4>
    DAG Node: preprocess1_py_ID0000001
    pool:condorpool
...
001 (102.000.000) 09/10 13:35:29 Job executing on host: <127.0.0.1:9618?addrs=127.0.0.1-9618&noUDP&sock=268_b7e0_5>
...
006 (102.000.000) 09/10 13:35:35 Image size of job updated: 353024
	21  -  MemoryUsage of job (MB)
	21288  -  ResidentSetSize of job (KB)
...
006 (102.000.000) 09/10 13:35:45 Image size of job updated: 353024
	36  -  MemoryUsage of job (MB)
	36168  -  ResidentSetSize of job (KB)
...
006 (102.000.000) 09/10 13:35:48 Image size of job updated: 824500
	36  -  MemoryUsage of job (MB)
	36168  -  ResidentSetSize of job (KB)
...
005 (102.000.000) 09/10 13:35:49 Job terminated.
	(1) Normal termination (return value 0)
		Usr 0 00:00:03, Sys 0 00:00:01  -  Run Remote Usage
		Usr 0 00:00:00, Sys 0 00:00:00  -  Run Local Usage
		Usr 0 00:00:03, Sys 0 00:00:01  -  Total Remote Usage
		Usr 0 00:00:00, Sys 0 00:00:00  -  Total Local Usage
	3106540  -  Run Bytes Sent By Job
	13826056  -  Run Bytes Received By Job
	3106540  -  Total Bytes Sent By Job
	13826056  -  Total Bytes Received By Job
	Partitionable Resources :    Usage  Request Allocated 
	   Cpus                 :     0.23        1         1 
	   Disk (KB)            : 70574       15000   4687149 
	   Memory (MB)          :    36           1       991 
...
000 (108.000.000) 09/10 13:36:00 Job submitted from host: <127.0.0.1:9618?addrs=127.0.0.1-9618&noUDP&sock=268_b7e0_4>
    DAG Node: clean_up_local_level_3_0
    pool:local
...
000 (109.000.000) 09/10 13:36:01 Job submitted from host: <127.0.0.1:9618?addrs=127.0.0.1-9618&noUDP&sock=268_b7e0_4>
    DAG Node: stage_out_local_local_0_0
    pool:local
...
000 (110.000.000) 09/10 13:36:01 Job submitted from host: <127.0.0.1:9618?addrs=127.0.0.1-9618&noUDP&sock=268_b7e0_4>
    DAG Node: Augmentation_py_ID0000002
    pool:condorpool
...
001 (108.000.000) 09/10 13:36:03 Job executing on host: <127.0.0.1:9618?addrs=127.0.0.1-9618&noUDP&sock=276_3784_108>
...
001 (109.000.000) 09/10 13:36:03 Job executing on host: <127.0.0.1:9618?addrs=127.0.0.1-9618&noUDP&sock=276_3784_109>
...
001 (110.000.000) 09/10 13:36:06 Job executing on host: <127.0.0.1:9618?addrs=127.0.0.1-9618&noUDP&sock=268_b7e0_5>
...
006 (110.000.000) 09/10 13:36:14 Image size of job updated: 184208
	20  -  MemoryUsage of job (MB)
	20368  -  ResidentSetSize of job (KB)
...
006 (110.000.000) 09/10 13:36:19 Image size of job updated: 199340
	20  -  MemoryUsage of job (MB)
	20368  -  ResidentSetSize of job (KB)
...
005 (108.000.000) 09/10 13:36:20 Job terminated.
	(1) Normal termination (return value 0)
		Usr 0 00:00:00, Sys 0 00:00:00  -  Run Remote Usage
		Usr 0 00:00:00, Sys 0 00:00:00  -  Run Local Usage
		Usr 0 00:00:00, Sys 0 00:00:00  -  Total Remote Usage
		Usr 0 00:00:00, Sys 0 00:00:00  -  Total Local Usage
	0  -  Run Bytes Sent By Job
	0  -  Run Bytes Received By Job
	0  -  Total Bytes Sent By Job
	0  -  Total Bytes Received By Job
...
006 (110.000.000) 09/10 13:36:30 Image size of job updated: 498236
	115  -  MemoryUsage of job (MB)
	117412  -  ResidentSetSize of job (KB)
...
006 (110.000.000) 09/10 13:36:35 Image size of job updated: 834872
	207  -  MemoryUsage of job (MB)
	211276  -  ResidentSetSize of job (KB)
...
006 (110.000.000) 09/10 13:36:46 Image size of job updated: 870496
	242  -  MemoryUsage of job (MB)
	246916  -  ResidentSetSize of job (KB)
...
006 (110.000.000) 09/10 13:36:56 Image size of job updated: 885768
	256  -  MemoryUsage of job (MB)
	261964  -  ResidentSetSize of job (KB)
...
005 (110.000.000) 09/10 13:37:04 Job terminated.
	(1) Normal termination (return value 0)
		Usr 0 00:00:13, Sys 0 00:00:04  -  Run Remote Usage
		Usr 0 00:00:00, Sys 0 00:00:00  -  Run Local Usage
		Usr 0 00:00:13, Sys 0 00:00:04  -  Total Remote Usage
		Usr 0 00:00:00, Sys 0 00:00:00  -  Total Local Usage
	7343648  -  Run Bytes Sent By Job
	13845906  -  Run Bytes Received By Job
	7343648  -  Total Bytes Sent By Job
	13845906  -  Total Bytes Received By Job
	Partitionable Resources :    Usage  Request Allocated 
	   Cpus                 :     0.00        1         1 
	   Disk (KB)            : 85708       15000   4687149 
	   Memory (MB)          :   256           1       991 
...
000 (114.000.000) 09/10 13:37:26 Job submitted from host: <127.0.0.1:9618?addrs=127.0.0.1-9618&noUDP&sock=268_b7e0_4>
    DAG Node: stage_out_local_local_1_0
    pool:local
...
000 (115.000.000) 09/10 13:37:28 Job submitted from host: <127.0.0.1:9618?addrs=127.0.0.1-9618&noUDP&sock=268_b7e0_4>
    DAG Node: Data_Split_py_ID0000003
    pool:condorpool
...
001 (114.000.000) 09/10 13:37:30 Job executing on host: <127.0.0.1:9618?addrs=127.0.0.1-9618&noUDP&sock=276_3784_113>
...
005 (109.000.000) 09/10 13:37:31 Job terminated.
	(1) Normal termination (return value 0)
		Usr 0 00:00:00, Sys 0 00:00:00  -  Run Remote Usage
		Usr 0 00:00:00, Sys 0 00:00:01  -  Run Local Usage
		Usr 0 00:00:00, Sys 0 00:00:00  -  Total Remote Usage
		Usr 0 00:00:00, Sys 0 00:00:00  -  Total Local Usage
	0  -  Run Bytes Sent By Job
	0  -  Run Bytes Received By Job
	0  -  Total Bytes Sent By Job
	0  -  Total Bytes Received By Job
...
001 (115.000.000) 09/10 13:37:41 Job executing on host: <127.0.0.1:9618?addrs=127.0.0.1-9618&noUDP&sock=268_b7e0_5>
...
000 (117.000.000) 09/10 13:37:43 Job submitted from host: <127.0.0.1:9618?addrs=127.0.0.1-9618&noUDP&sock=268_b7e0_4>
    DAG Node: clean_up_local_level_4_0
    pool:local
...
000 (118.000.000) 09/10 13:37:44 Job submitted from host: <127.0.0.1:9618?addrs=127.0.0.1-9618&noUDP&sock=268_b7e0_4>
    DAG Node: register_local_0_0
    pool:local
...
001 (117.000.000) 09/10 13:37:48 Job executing on host: <127.0.0.1:9618?addrs=127.0.0.1-9618&noUDP&sock=276_3784_116>
...
001 (118.000.000) 09/10 13:37:48 Job executing on host: <127.0.0.1:9618?addrs=127.0.0.1-9618&noUDP&sock=276_3784_117>
...
006 (115.000.000) 09/10 13:37:48 Image size of job updated: 213440
	25  -  MemoryUsage of job (MB)
	24788  -  ResidentSetSize of job (KB)
...
005 (117.000.000) 09/10 13:38:05 Job terminated.
	(1) Normal termination (return value 0)
		Usr 0 00:00:00, Sys 0 00:00:00  -  Run Remote Usage
		Usr 0 00:00:00, Sys 0 00:00:00  -  Run Local Usage
		Usr 0 00:00:00, Sys 0 00:00:00  -  Total Remote Usage
		Usr 0 00:00:00, Sys 0 00:00:00  -  Total Local Usage
	0  -  Run Bytes Sent By Job
	0  -  Run Bytes Received By Job
	0  -  Total Bytes Sent By Job
	0  -  Total Bytes Received By Job
...
005 (118.000.000) 09/10 13:38:07 Job terminated.
	(1) Normal termination (return value 0)
		Usr 0 00:00:00, Sys 0 00:00:00  -  Run Remote Usage
		Usr 0 00:00:02, Sys 0 00:00:01  -  Run Local Usage
		Usr 0 00:00:00, Sys 0 00:00:00  -  Total Remote Usage
		Usr 0 00:00:00, Sys 0 00:00:00  -  Total Local Usage
	0  -  Run Bytes Sent By Job
	0  -  Run Bytes Received By Job
	0  -  Total Bytes Sent By Job
	0  -  Total Bytes Received By Job
...
005 (115.000.000) 09/10 13:38:34 Job terminated.
	(1) Normal termination (return value 0)
		Usr 0 00:00:01, Sys 0 00:00:01  -  Run Remote Usage
		Usr 0 00:00:00, Sys 0 00:00:00  -  Run Local Usage
		Usr 0 00:00:01, Sys 0 00:00:01  -  Total Remote Usage
		Usr 0 00:00:00, Sys 0 00:00:00  -  Total Local Usage
	123860  -  Run Bytes Sent By Job
	18027960  -  Run Bytes Received By Job
	123860  -  Total Bytes Sent By Job
	18027960  -  Total Bytes Received By Job
	Partitionable Resources :    Usage  Request Allocated 
	   Cpus                 :     0.22        1         1 
	   Disk (KB)            : 71843       20000   4687149 
	   Memory (MB)          :    25           1       991 
...
000 (121.000.000) 09/10 13:38:49 Job submitted from host: <127.0.0.1:9618?addrs=127.0.0.1-9618&noUDP&sock=268_b7e0_4>
    DAG Node: stage_out_local_local_2_0
    pool:local
...
000 (122.000.000) 09/10 13:38:50 Job submitted from host: <127.0.0.1:9618?addrs=127.0.0.1-9618&noUDP&sock=268_b7e0_4>
    DAG Node: VGG_model_py_ID0000004
    pool:condorpool
...
001 (121.000.000) 09/10 13:38:54 Job executing on host: <127.0.0.1:9618?addrs=127.0.0.1-9618&noUDP&sock=276_3784_121>
...
001 (122.000.000) 09/10 13:38:56 Job executing on host: <127.0.0.1:9618?addrs=127.0.0.1-9618&noUDP&sock=268_b7e0_5>
...
005 (121.000.000) 09/10 13:38:59 Job terminated.
	(1) Normal termination (return value 0)
		Usr 0 00:00:00, Sys 0 00:00:00  -  Run Remote Usage
		Usr 0 00:00:00, Sys 0 00:00:00  -  Run Local Usage
		Usr 0 00:00:00, Sys 0 00:00:00  -  Total Remote Usage
		Usr 0 00:00:00, Sys 0 00:00:00  -  Total Local Usage
	0  -  Run Bytes Sent By Job
	0  -  Run Bytes Received By Job
	0  -  Total Bytes Sent By Job
	0  -  Total Bytes Received By Job
...
006 (122.000.000) 09/10 13:39:02 Image size of job updated: 47672
	13  -  MemoryUsage of job (MB)
	12676  -  ResidentSetSize of job (KB)
...
000 (123.000.000) 09/10 13:39:10 Job submitted from host: <127.0.0.1:9618?addrs=127.0.0.1-9618&noUDP&sock=268_b7e0_4>
    DAG Node: register_local_2_0
    pool:local
...
001 (123.000.000) 09/10 13:39:14 Job executing on host: <127.0.0.1:9618?addrs=127.0.0.1-9618&noUDP&sock=276_3784_122>
...
006 (122.000.000) 09/10 13:39:18 Image size of job updated: 225388
	26  -  MemoryUsage of job (MB)
	25688  -  ResidentSetSize of job (KB)
...
005 (123.000.000) 09/10 13:39:28 Job terminated.
	(1) Normal termination (return value 0)
		Usr 0 00:00:00, Sys 0 00:00:00  -  Run Remote Usage
		Usr 0 00:00:00, Sys 0 00:00:00  -  Run Local Usage
		Usr 0 00:00:00, Sys 0 00:00:00  -  Total Remote Usage
		Usr 0 00:00:00, Sys 0 00:00:00  -  Total Local Usage
	0  -  Run Bytes Sent By Job
	0  -  Run Bytes Received By Job
	0  -  Total Bytes Sent By Job
	0  -  Total Bytes Received By Job
...
006 (122.000.000) 09/10 13:39:30 Image size of job updated: 531956
	136  -  MemoryUsage of job (MB)
	138748  -  ResidentSetSize of job (KB)
...
006 (122.000.000) 09/10 13:39:42 Image size of job updated: 1155084
	467  -  MemoryUsage of job (MB)
	477424  -  ResidentSetSize of job (KB)
...
006 (122.000.000) 09/10 13:39:47 Image size of job updated: 2431220
	589  -  MemoryUsage of job (MB)
	602612  -  ResidentSetSize of job (KB)
...
006 (122.000.000) 09/10 13:39:53 Image size of job updated: 2431220
	639  -  MemoryUsage of job (MB)
	654264  -  ResidentSetSize of job (KB)
...
005 (114.000.000) 09/10 13:40:21 Job terminated.
	(1) Normal termination (return value 0)
		Usr 0 00:00:00, Sys 0 00:00:00  -  Run Remote Usage
		Usr 0 00:00:02, Sys 0 00:00:04  -  Run Local Usage
		Usr 0 00:00:00, Sys 0 00:00:00  -  Total Remote Usage
		Usr 0 00:00:00, Sys 0 00:00:00  -  Total Local Usage
	0  -  Run Bytes Sent By Job
	0  -  Run Bytes Received By Job
	0  -  Total Bytes Sent By Job
	0  -  Total Bytes Received By Job
...
000 (126.000.000) 09/10 13:40:35 Job submitted from host: <127.0.0.1:9618?addrs=127.0.0.1-9618&noUDP&sock=268_b7e0_4>
    DAG Node: clean_up_local_level_5_0
    pool:local
...
000 (127.000.000) 09/10 13:40:36 Job submitted from host: <127.0.0.1:9618?addrs=127.0.0.1-9618&noUDP&sock=268_b7e0_4>
    DAG Node: register_local_1_0
    pool:local
...
001 (126.000.000) 09/10 13:40:40 Job executing on host: <127.0.0.1:9618?addrs=127.0.0.1-9618&noUDP&sock=276_3784_125>
...
001 (127.000.000) 09/10 13:40:40 Job executing on host: <127.0.0.1:9618?addrs=127.0.0.1-9618&noUDP&sock=276_3784_126>
...
005 (127.000.000) 09/10 13:40:45 Job terminated.
	(1) Normal termination (return value 0)
		Usr 0 00:00:00, Sys 0 00:00:00  -  Run Remote Usage
		Usr 0 00:00:01, Sys 0 00:00:00  -  Run Local Usage
		Usr 0 00:00:00, Sys 0 00:00:00  -  Total Remote Usage
		Usr 0 00:00:00, Sys 0 00:00:00  -  Total Local Usage
	0  -  Run Bytes Sent By Job
	0  -  Run Bytes Received By Job
	0  -  Total Bytes Sent By Job
	0  -  Total Bytes Received By Job
...
005 (126.000.000) 09/10 13:40:48 Job terminated.
	(1) Normal termination (return value 0)
		Usr 0 00:00:00, Sys 0 00:00:00  -  Run Remote Usage
		Usr 0 00:00:00, Sys 0 00:00:00  -  Run Local Usage
		Usr 0 00:00:00, Sys 0 00:00:00  -  Total Remote Usage
		Usr 0 00:00:00, Sys 0 00:00:00  -  Total Local Usage
	0  -  Run Bytes Sent By Job
	0  -  Run Bytes Received By Job
	0  -  Total Bytes Sent By Job
	0  -  Total Bytes Received By Job
...
006 (122.000.000) 09/10 13:42:04 Image size of job updated: 2431220
	639  -  MemoryUsage of job (MB)
	654316  -  ResidentSetSize of job (KB)
...
006 (122.000.000) 09/10 13:56:28 Image size of job updated: 2531640
	727  -  MemoryUsage of job (MB)
	744172  -  ResidentSetSize of job (KB)
...
006 (122.000.000) 09/10 13:56:34 Image size of job updated: 2531640
	779  -  MemoryUsage of job (MB)
	797384  -  ResidentSetSize of job (KB)
...
006 (122.000.000) 09/10 13:56:49 Image size of job updated: 2531640
	783  -  MemoryUsage of job (MB)
	801444  -  ResidentSetSize of job (KB)
...
006 (122.000.000) 09/10 13:57:02 Image size of job updated: 2531640
	813  -  MemoryUsage of job (MB)
	831608  -  ResidentSetSize of job (KB)
...
006 (122.000.000) 09/10 13:57:27 Image size of job updated: 2531640
	815  -  MemoryUsage of job (MB)
	833636  -  ResidentSetSize of job (KB)
...
005 (122.000.000) 09/10 13:58:35 Job terminated.
	(1) Normal termination (return value 0)
		Usr 0 00:17:20, Sys 0 00:00:48  -  Run Remote Usage
		Usr 0 00:00:00, Sys 0 00:00:00  -  Run Local Usage
		Usr 0 00:17:20, Sys 0 00:00:48  -  Total Remote Usage
		Usr 0 00:00:00, Sys 0 00:00:00  -  Total Local Usage
	63327368  -  Run Bytes Sent By Job
	17980266  -  Run Bytes Received By Job
	63327368  -  Total Bytes Sent By Job
	17980266  -  Total Bytes Received By Job
	Partitionable Resources :     Usage  Request Allocated 
	   Cpus                 :      0.01        1         1 
	   Disk (KB)            : 133519       20000   4687149 
	   Memory (MB)          :    815           1       991 
...
000 (138.000.000) 09/10 13:58:47 Job submitted from host: <127.0.0.1:9618?addrs=127.0.0.1-9618&noUDP&sock=268_b7e0_4>
    DAG Node: clean_up_local_level_6_0
    pool:local
...
000 (139.000.000) 09/10 13:58:47 Job submitted from host: <127.0.0.1:9618?addrs=127.0.0.1-9618&noUDP&sock=268_b7e0_4>
    DAG Node: stage_out_local_local_3_0
    pool:local
...
000 (140.000.000) 09/10 13:58:47 Job submitted from host: <127.0.0.1:9618?addrs=127.0.0.1-9618&noUDP&sock=268_b7e0_4>
    DAG Node: hpo_checkpointing_py_ID0000005
    pool:condorpool
...
001 (139.000.000) 09/10 13:58:50 Job executing on host: <127.0.0.1:9618?addrs=127.0.0.1-9618&noUDP&sock=276_3784_137>
...
001 (138.000.000) 09/10 13:58:50 Job executing on host: <127.0.0.1:9618?addrs=127.0.0.1-9618&noUDP&sock=276_3784_138>
...
005 (138.000.000) 09/10 13:58:52 Job terminated.
	(1) Normal termination (return value 0)
		Usr 0 00:00:00, Sys 0 00:00:00  -  Run Remote Usage
		Usr 0 00:00:00, Sys 0 00:00:00  -  Run Local Usage
		Usr 0 00:00:00, Sys 0 00:00:00  -  Total Remote Usage
		Usr 0 00:00:00, Sys 0 00:00:00  -  Total Local Usage
	0  -  Run Bytes Sent By Job
	0  -  Run Bytes Received By Job
	0  -  Total Bytes Sent By Job
	0  -  Total Bytes Received By Job
...
005 (139.000.000) 09/10 13:58:53 Job terminated.
	(1) Normal termination (return value 0)
		Usr 0 00:00:00, Sys 0 00:00:00  -  Run Remote Usage
		Usr 0 00:00:00, Sys 0 00:00:00  -  Run Local Usage
		Usr 0 00:00:00, Sys 0 00:00:00  -  Total Remote Usage
		Usr 0 00:00:00, Sys 0 00:00:00  -  Total Local Usage
	0  -  Run Bytes Sent By Job
	0  -  Run Bytes Received By Job
	0  -  Total Bytes Sent By Job
	0  -  Total Bytes Received By Job
...
001 (140.000.000) 09/10 13:58:59 Job executing on host: <127.0.0.1:9618?addrs=127.0.0.1-9618&noUDP&sock=268_b7e0_5>
...
006 (140.000.000) 09/10 13:59:05 Image size of job updated: 300700
	27  -  MemoryUsage of job (MB)
	26716  -  ResidentSetSize of job (KB)
...
000 (141.000.000) 09/10 13:59:07 Job submitted from host: <127.0.0.1:9618?addrs=127.0.0.1-9618&noUDP&sock=268_b7e0_4>
    DAG Node: register_local_3_0
    pool:local
...
001 (141.000.000) 09/10 13:59:11 Job executing on host: <127.0.0.1:9618?addrs=127.0.0.1-9618&noUDP&sock=276_3784_140>
...
005 (141.000.000) 09/10 13:59:14 Job terminated.
	(1) Normal termination (return value 0)
		Usr 0 00:00:00, Sys 0 00:00:00  -  Run Remote Usage
		Usr 0 00:00:00, Sys 0 00:00:00  -  Run Local Usage
		Usr 0 00:00:00, Sys 0 00:00:00  -  Total Remote Usage
		Usr 0 00:00:00, Sys 0 00:00:00  -  Total Local Usage
	0  -  Run Bytes Sent By Job
	0  -  Run Bytes Received By Job
	0  -  Total Bytes Sent By Job
	0  -  Total Bytes Received By Job
...
006 (140.000.000) 09/10 13:59:16 Image size of job updated: 2751628
	909  -  MemoryUsage of job (MB)
	930320  -  ResidentSetSize of job (KB)
...
006 (140.000.000) 09/10 13:59:22 Image size of job updated: 2751628
	993  -  MemoryUsage of job (MB)
	1016104  -  ResidentSetSize of job (KB)
...
006 (140.000.000) 09/10 13:59:35 Image size of job updated: 2751628
	1065  -  MemoryUsage of job (MB)
	1090316  -  ResidentSetSize of job (KB)
...
006 (140.000.000) 09/10 13:59:50 Image size of job updated: 2751628
	1070  -  MemoryUsage of job (MB)
	1095464  -  ResidentSetSize of job (KB)
...
006 (140.000.000) 09/10 14:00:05 Image size of job updated: 2751628
	1072  -  MemoryUsage of job (MB)
	1097576  -  ResidentSetSize of job (KB)
...
006 (140.000.000) 09/10 14:02:07 Image size of job updated: 2751628
	1074  -  MemoryUsage of job (MB)
	1098896  -  ResidentSetSize of job (KB)
...
005 (140.000.000) 09/10 14:18:26 Job terminated.
	(1) Normal termination (return value 1)
		Usr 0 00:18:27, Sys 0 00:00:22  -  Run Remote Usage
		Usr 0 00:00:00, Sys 0 00:00:00  -  Run Local Usage
		Usr 0 00:18:27, Sys 0 00:00:22  -  Total Remote Usage
		Usr 0 00:00:00, Sys 0 00:00:00  -  Total Local Usage
	63351524  -  Run Bytes Sent By Job
	81157200  -  Run Bytes Received By Job
	63351524  -  Total Bytes Sent By Job
	81157200  -  Total Bytes Received By Job
	Partitionable Resources :     Usage  Request Allocated 
	   Cpus                 :      0.99        1         1 
	   Disk (KB)            : 254817      100000   4687149 
	   Memory (MB)          :   1074           1       991 
...
000 (144.000.000) 09/10 14:18:38 Job submitted from host: <127.0.0.1:9618?addrs=127.0.0.1-9618&noUDP&sock=268_b7e0_4>
    DAG Node: hpo_checkpointing_py_ID0000005
    pool:condorpool
...
001 (144.000.000) 09/10 14:18:41 Job executing on host: <127.0.0.1:9618?addrs=127.0.0.1-9618&noUDP&sock=268_b7e0_5>
...
006 (144.000.000) 09/10 14:18:47 Image size of job updated: 17
	7  -  MemoryUsage of job (MB)
	6436  -  ResidentSetSize of job (KB)
...
006 (144.000.000) 09/10 14:18:52 Image size of job updated: 791572
	193  -  MemoryUsage of job (MB)
	197496  -  ResidentSetSize of job (KB)
...
006 (144.000.000) 09/10 14:19:04 Image size of job updated: 2748900
	1022  -  MemoryUsage of job (MB)
	1046272  -  ResidentSetSize of job (KB)
...
006 (144.000.000) 09/10 14:19:22 Image size of job updated: 2748900
	1060  -  MemoryUsage of job (MB)
	1085080  -  ResidentSetSize of job (KB)
...
006 (144.000.000) 09/10 14:19:51 Image size of job updated: 2748900
	1065  -  MemoryUsage of job (MB)
	1090352  -  ResidentSetSize of job (KB)
...
006 (144.000.000) 09/10 14:20:49 Image size of job updated: 2748900
	1067  -  MemoryUsage of job (MB)
	1092464  -  ResidentSetSize of job (KB)
...
006 (144.000.000) 09/10 14:21:50 Image size of job updated: 2748900
	1069  -  MemoryUsage of job (MB)
	1093784  -  ResidentSetSize of job (KB)
...
006 (144.000.000) 09/10 14:24:06 Image size of job updated: 2748900
	1070  -  MemoryUsage of job (MB)
	1094832  -  ResidentSetSize of job (KB)
...
005 (144.000.000) 09/10 14:35:35 Job terminated.
	(1) Normal termination (return value 1)
		Usr 0 00:15:50, Sys 0 00:00:21  -  Run Remote Usage
		Usr 0 00:00:00, Sys 0 00:00:00  -  Run Local Usage
		Usr 0 00:15:50, Sys 0 00:00:21  -  Total Remote Usage
		Usr 0 00:00:00, Sys 0 00:00:00  -  Total Local Usage
	63351552  -  Run Bytes Sent By Job
	81157200  -  Run Bytes Received By Job
	63351552  -  Total Bytes Sent By Job
	81157200  -  Total Bytes Received By Job
	Partitionable Resources :     Usage  Request Allocated 
	   Cpus                 :      1.00        1         1 
	   Disk (KB)            : 254817      100000   4687149 
	   Memory (MB)          :   1070           1       991 
...
000 (147.000.000) 09/10 14:35:49 Job submitted from host: <127.0.0.1:9618?addrs=127.0.0.1-9618&noUDP&sock=268_b7e0_4>
    DAG Node: hpo_checkpointing_py_ID0000005
    pool:condorpool
...
001 (147.000.000) 09/10 14:36:00 Job executing on host: <127.0.0.1:9618?addrs=127.0.0.1-9618&noUDP&sock=268_b7e0_5>
...
006 (147.000.000) 09/10 14:36:06 Image size of job updated: 267440
	24  -  MemoryUsage of job (MB)
	23896  -  ResidentSetSize of job (KB)
...
006 (147.000.000) 09/10 14:36:21 Image size of job updated: 2751808
	1067  -  MemoryUsage of job (MB)
	1092340  -  ResidentSetSize of job (KB)
...
006 (147.000.000) 09/10 14:36:36 Image size of job updated: 2751808
	1073  -  MemoryUsage of job (MB)
	1098128  -  ResidentSetSize of job (KB)
...
006 (147.000.000) 09/10 14:37:38 Image size of job updated: 2751808
	1075  -  MemoryUsage of job (MB)
	1099976  -  ResidentSetSize of job (KB)
...
006 (147.000.000) 09/10 14:51:25 Image size of job updated: 2771952
	1075  -  MemoryUsage of job (MB)
	1099976  -  ResidentSetSize of job (KB)
...
005 (147.000.000) 09/10 14:52:46 Job terminated.
	(1) Normal termination (return value 1)
		Usr 0 00:15:53, Sys 0 00:00:18  -  Run Remote Usage
		Usr 0 00:00:00, Sys 0 00:00:00  -  Run Local Usage
		Usr 0 00:15:53, Sys 0 00:00:18  -  Total Remote Usage
		Usr 0 00:00:00, Sys 0 00:00:00  -  Total Local Usage
	63351532  -  Run Bytes Sent By Job
	81157200  -  Run Bytes Received By Job
	63351532  -  Total Bytes Sent By Job
	81157200  -  Total Bytes Received By Job
	Partitionable Resources :     Usage  Request Allocated 
	   Cpus                 :      0.99        1         1 
	   Disk (KB)            : 254817      100000   4687149 
	   Memory (MB)          :   1075           1       991 
...
000 (150.000.000) 09/10 14:53:00 Job submitted from host: <127.0.0.1:9618?addrs=127.0.0.1-9618&noUDP&sock=268_b7e0_4>
    DAG Node: hpo_checkpointing_py_ID0000005
    pool:condorpool
...
001 (150.000.000) 09/10 14:53:05 Job executing on host: <127.0.0.1:9618?addrs=127.0.0.1-9618&noUDP&sock=268_b7e0_5>
...
006 (150.000.000) 09/10 14:53:11 Image size of job updated: 48436
	7  -  MemoryUsage of job (MB)
	6612  -  ResidentSetSize of job (KB)
...
006 (150.000.000) 09/10 14:53:22 Image size of job updated: 2743676
	861  -  MemoryUsage of job (MB)
	881648  -  ResidentSetSize of job (KB)
...
006 (150.000.000) 09/10 14:53:37 Image size of job updated: 2743676
	1021  -  MemoryUsage of job (MB)
	1044980  -  ResidentSetSize of job (KB)
...
006 (150.000.000) 09/10 14:53:54 Image size of job updated: 2743676
	1060  -  MemoryUsage of job (MB)
	1084700  -  ResidentSetSize of job (KB)
...
006 (150.000.000) 09/10 14:54:06 Image size of job updated: 2743676
	1062  -  MemoryUsage of job (MB)
	1086812  -  ResidentSetSize of job (KB)
...
006 (150.000.000) 09/10 14:54:24 Image size of job updated: 2743676
	1066  -  MemoryUsage of job (MB)
	1091036  -  ResidentSetSize of job (KB)
...
006 (150.000.000) 09/10 14:55:11 Image size of job updated: 2743676
	1067  -  MemoryUsage of job (MB)
	1092356  -  ResidentSetSize of job (KB)
...
006 (150.000.000) 09/10 14:55:23 Image size of job updated: 2743676
	1069  -  MemoryUsage of job (MB)
	1093676  -  ResidentSetSize of job (KB)
...
004 (150.000.000) 09/10 15:08:16 Job was evicted.
	(0) Job was not checkpointed.
		Usr 0 00:13:52, Sys 0 00:00:30  -  Run Remote Usage
		Usr 0 00:00:00, Sys 0 00:00:00  -  Run Local Usage
	0  -  Run Bytes Sent By Job
	81157200  -  Run Bytes Received By Job
	Partitionable Resources :     Usage  Request Allocated 
	   Cpus                 :      0.99        1         1 
	   Disk (KB)            : 193025      100000   4687149 
	   Memory (MB)          :   1069           1       991 
...
009 (150.000.000) 09/10 15:08:16 Job was aborted by the user.
	removed because <OtherJobRemoveRequirements = DAGManJobId =?= 80> fired when job (80.0) was removed
...
