2020-09-10 13:33:25,384:INFO:pegasus-monitord(58): pegasus-monitord starting - pid 88580 
2020-09-10 13:33:25,402:INFO:pegasus-monitord(455): Final Command line options are: ['-N', 'Cats_and_Dogs-0.dag.dagman.out']
2020-09-10 13:33:25,419:INFO:Pegasus.monitoring.event_output(629): Connecting workflow event sink to sqlite:////home/scitech/shared-data/CatsAndDogs/scitech/pegasus/Cats_and_Dogs/run0004/Cats_and_Dogs-0.stampede.db
Created Pegasus database in: sqlite:////home/scitech/shared-data/CatsAndDogs/scitech/pegasus/Cats_and_Dogs/run0004/Cats_and_Dogs-0.stampede.db
Your database is compatible with Pegasus version: 5.0.0dev
2020-09-10 13:33:26,479:INFO:Pegasus.monitoring.event_output(703): output type=DB namespace=stampede. name=sqlite:////home/scitech/shared-data/CatsAndDogs/scitech/pegasus/Cats_and_Dogs/run0004/Cats_and_Dogs-0.stampede.db
2020-09-10 13:33:26,480:INFO:Pegasus.monitoring.event_output(629): Connecting workflow event sink to sqlite:////home/scitech/.pegasus/workflow.db
Your database is compatible with Pegasus version: 5.0.0dev
2020-09-10 13:33:27,036:INFO:Pegasus.monitoring.event_output(703): output type=DB namespace=dashboard. name=sqlite:////home/scitech/.pegasus/workflow.db
2020-09-10 13:33:27,037:INFO:pegasus-monitord(1247): monitord started in fast start mode
2020-09-10 13:33:27,062:INFO:Pegasus.monitoring.workflow(461): cannot open state file /home/scitech/shared-data/CatsAndDogs/scitech/pegasus/Cats_and_Dogs/run0004/monitord.info, continuing without state...
2020-09-10 13:33:27,063:INFO:Pegasus.monitoring.workflow(1148): creating new file /home/scitech/shared-data/CatsAndDogs/scitech/pegasus/Cats_and_Dogs/run0004/jobstate.log
2020-09-10 13:33:27,064:INFO:Pegasus.monitoring.workflow(1158): Appending to existing jobstate.log replay_mode 0 previous_processed_line 0
2020-09-10 13:33:27,067:INFO:Pegasus.monitoring.notifications(474): loading notifications from /home/scitech/shared-data/CatsAndDogs/scitech/pegasus/Cats_and_Dogs/run0004/Cats_and_Dogs-0.notify
2020-09-10 13:33:27,415:INFO:Pegasus.monitoring.workflow(205): Parsing DAG file /home/scitech/shared-data/CatsAndDogs/scitech/pegasus/Cats_and_Dogs/run0004/Cats_and_Dogs-0.dag
2020-09-10 13:33:27,425:INFO:pegasus-monitord(974): Using DAGMan version 8.8.10 80810
2020-09-10 13:33:27,425:INFO:pegasus-monitord(949): DAGMan runs at pid 88579
2020-09-10 13:33:27,430:INFO:pegasus-monitord(955): using dag Cats_and_Dogs-0.dag
2020-09-10 13:33:27,431:INFO:Pegasus.monitoring.workflow(811): DAGMan starting with condor id 80.0
2020-09-10 13:36:10,949:WARNING:Pegasus.monitoring.workflow(1707): truncating stdout for job stage_in_local_local_0_0
2020-09-10 13:40:05,350:WARNING:Pegasus.monitoring.workflow(1707): truncating stdout for job stage_out_local_local_0_0
2020-09-10 13:40:05,570:INFO:Pegasus.monitoring.workflow(2468): Populating locations corresponding to succeeded registration job  /home/scitech/shared-data/CatsAndDogs/scitech/pegasus/Cats_and_Dogs/run0004/00/00/register_local_0_0.in 
2020-09-10 13:40:08,566:INFO:Pegasus.monitoring.workflow(2468): Populating locations corresponding to succeeded registration job  /home/scitech/shared-data/CatsAndDogs/scitech/pegasus/Cats_and_Dogs/run0004/00/00/register_local_2_0.in 
2020-09-10 13:40:32,088:WARNING:Pegasus.monitoring.workflow(1707): truncating stdout for job stage_out_local_local_1_0
2020-09-10 13:40:52,277:INFO:Pegasus.monitoring.workflow(2468): Populating locations corresponding to succeeded registration job  /home/scitech/shared-data/CatsAndDogs/scitech/pegasus/Cats_and_Dogs/run0004/00/00/register_local_1_0.in 
2020-09-10 13:59:22,604:INFO:Pegasus.monitoring.workflow(2468): Populating locations corresponding to succeeded registration job  /home/scitech/shared-data/CatsAndDogs/scitech/pegasus/Cats_and_Dogs/run0004/00/00/register_local_3_0.in 
2020-09-10 14:58:20,581:WARNING:pegasus-monitord(1029): DAGMan was aborted for workflow running in directory /home/scitech/shared-data/CatsAndDogs/scitech/pegasus/Cats_and_Dogs/run0004
2020-09-10 14:58:20,584:INFO:pegasus-monitord(927): DAGMan Cats_and_Dogs-0.dag finished with exit code 2
2020-09-10 14:58:21,626:INFO:pegasus-monitord(1427): workflow /home/scitech/shared-data/CatsAndDogs/scitech/pegasus/Cats_and_Dogs/run0004/Cats_and_Dogs-0.dag.dagman.out ended
2020-09-10 14:58:21,630:INFO:Pegasus.monitoring.workflow(1378): recovery file deleted: /home/scitech/shared-data/CatsAndDogs/scitech/pegasus/Cats_and_Dogs/run0004/monitord.recover
2020-09-10 14:58:21,632:INFO:pegasus-monitord(1665): finishing workflow: /home/scitech/shared-data/CatsAndDogs/scitech/pegasus/Cats_and_Dogs/run0004/Cats_and_Dogs-0.dag.dagman.out
2020-09-10 14:58:21,633:INFO:pegasus-monitord(1719): finishing notifications...
2020-09-10 14:58:21,633:INFO:pegasus-monitord(1727): monitord process 88580 exiting with 0
2020-09-10 14:58:21,636:INFO:pegasus-monitord(197): DB flushing beginning
2020-09-10 14:58:21,637:INFO:Pegasus.db.workflow_loader.WorkflowLoader(1244): Executing final flush
2020-09-10 14:58:21,642:INFO:Pegasus.db.dashboard_loader.DashboardLoader(397): Executing final flush
2020-09-10 14:58:21,642:INFO:pegasus-monitord(213): DB flushing ended
