000 (064.000.000) 07/16 10:53:25 Job submitted from host: <127.0.0.1:9618?addrs=127.0.0.1-9618&noUDP&sock=269_1710_4>
    DAG Node: create_dir_add_thumbs_0_local
    pool:local
...
001 (064.000.000) 07/16 10:53:26 Job executing on host: <127.0.0.1:9618?addrs=127.0.0.1-9618&noUDP&sock=68233_1230_25>
...
005 (064.000.000) 07/16 10:53:28 Job terminated.
	(1) Normal termination (return value 0)
		Usr 0 00:00:00, Sys 0 00:00:00  -  Run Remote Usage
		Usr 0 00:00:00, Sys 0 00:00:00  -  Run Local Usage
		Usr 0 00:00:00, Sys 0 00:00:00  -  Total Remote Usage
		Usr 0 00:00:00, Sys 0 00:00:00  -  Total Local Usage
	0  -  Run Bytes Sent By Job
	0  -  Run Bytes Received By Job
	0  -  Total Bytes Sent By Job
	0  -  Total Bytes Received By Job
...
016 (064.000.000) 07/16 10:53:30 POST Script terminated.
	(1) Normal termination (return value 0)
    DAG Node: create_dir_add_thumbs_0_local
...
000 (065.000.000) 07/16 10:53:40 Job submitted from host: <127.0.0.1:9618?addrs=127.0.0.1-9618&noUDP&sock=269_1710_4>
    DAG Node: stage_in_local_local_0_0
    pool:local
...
001 (065.000.000) 07/16 10:53:42 Job executing on host: <127.0.0.1:9618?addrs=127.0.0.1-9618&noUDP&sock=68233_1230_26>
...
005 (065.000.000) 07/16 10:54:08 Job terminated.
	(1) Normal termination (return value 0)
		Usr 0 00:00:00, Sys 0 00:00:00  -  Run Remote Usage
		Usr 0 00:00:00, Sys 0 00:00:01  -  Run Local Usage
		Usr 0 00:00:00, Sys 0 00:00:00  -  Total Remote Usage
		Usr 0 00:00:00, Sys 0 00:00:00  -  Total Local Usage
	0  -  Run Bytes Sent By Job
	0  -  Run Bytes Received By Job
	0  -  Total Bytes Sent By Job
	0  -  Total Bytes Received By Job
...
016 (065.000.000) 07/16 10:54:11 POST Script terminated.
	(1) Normal termination (return value 0)
    DAG Node: stage_in_local_local_0_0
...
000 (066.000.000) 07/16 10:54:20 Job submitted from host: <127.0.0.1:9618?addrs=127.0.0.1-9618&noUDP&sock=269_1710_4>
    DAG Node: Thumbs_up_ID0000001
    pool:condorpool
...
001 (066.000.000) 07/16 10:54:30 Job executing on host: <127.0.0.1:9618?addrs=127.0.0.1-9618&noUDP&sock=269_1710_5>
...
005 (066.000.000) 07/16 10:54:36 Job terminated.
	(1) Normal termination (return value 0)
		Usr 0 00:00:00, Sys 0 00:00:00  -  Run Remote Usage
		Usr 0 00:00:00, Sys 0 00:00:00  -  Run Local Usage
		Usr 0 00:00:00, Sys 0 00:00:00  -  Total Remote Usage
		Usr 0 00:00:00, Sys 0 00:00:00  -  Total Local Usage
	6277  -  Run Bytes Sent By Job
	470581216  -  Run Bytes Received By Job
	6277  -  Total Bytes Sent By Job
	470581216  -  Total Bytes Received By Job
	Partitionable Resources :     Usage  Request Allocated 
	   Cpus                 :      0.15        1         1 
	   Disk (KB)            : 567090      475000   6060130 
	   Memory (MB)          :      7           1       331 
...
016 (066.000.000) 07/16 10:54:40 POST Script terminated.
	(1) Normal termination (return value 0)
    DAG Node: Thumbs_up_ID0000001
...
000 (067.000.000) 07/16 10:54:50 Job submitted from host: <127.0.0.1:9618?addrs=127.0.0.1-9618&noUDP&sock=269_1710_4>
    DAG Node: clean_up_local_level_3_0
    pool:local
...
000 (068.000.000) 07/16 10:54:50 Job submitted from host: <127.0.0.1:9618?addrs=127.0.0.1-9618&noUDP&sock=269_1710_4>
    DAG Node: stage_out_local_local_0_0
    pool:local
...
001 (068.000.000) 07/16 10:54:54 Job executing on host: <127.0.0.1:9618?addrs=127.0.0.1-9618&noUDP&sock=68233_1230_28>
...
001 (067.000.000) 07/16 10:54:54 Job executing on host: <127.0.0.1:9618?addrs=127.0.0.1-9618&noUDP&sock=68233_1230_29>
...
005 (068.000.000) 07/16 10:54:56 Job terminated.
	(1) Normal termination (return value 0)
		Usr 0 00:00:00, Sys 0 00:00:00  -  Run Remote Usage
		Usr 0 00:00:00, Sys 0 00:00:00  -  Run Local Usage
		Usr 0 00:00:00, Sys 0 00:00:00  -  Total Remote Usage
		Usr 0 00:00:00, Sys 0 00:00:00  -  Total Local Usage
	0  -  Run Bytes Sent By Job
	0  -  Run Bytes Received By Job
	0  -  Total Bytes Sent By Job
	0  -  Total Bytes Received By Job
...
005 (067.000.000) 07/16 10:54:58 Job terminated.
	(1) Normal termination (return value 0)
		Usr 0 00:00:00, Sys 0 00:00:00  -  Run Remote Usage
		Usr 0 00:00:00, Sys 0 00:00:00  -  Run Local Usage
		Usr 0 00:00:00, Sys 0 00:00:00  -  Total Remote Usage
		Usr 0 00:00:00, Sys 0 00:00:00  -  Total Local Usage
	0  -  Run Bytes Sent By Job
	0  -  Run Bytes Received By Job
	0  -  Total Bytes Sent By Job
	0  -  Total Bytes Received By Job
...
016 (068.000.000) 07/16 10:55:00 POST Script terminated.
	(1) Normal termination (return value 0)
    DAG Node: stage_out_local_local_0_0
...
016 (067.000.000) 07/16 10:55:00 POST Script terminated.
	(1) Normal termination (return value 0)
    DAG Node: clean_up_local_level_3_0
...
000 (069.000.000) 07/16 10:55:10 Job submitted from host: <127.0.0.1:9618?addrs=127.0.0.1-9618&noUDP&sock=269_1710_4>
    DAG Node: clean_up_local_level_4_0
    pool:local
...
000 (070.000.000) 07/16 10:55:10 Job submitted from host: <127.0.0.1:9618?addrs=127.0.0.1-9618&noUDP&sock=269_1710_4>
    DAG Node: register_local_0_0
    pool:local
...
001 (070.000.000) 07/16 10:55:16 Job executing on host: <127.0.0.1:9618?addrs=127.0.0.1-9618&noUDP&sock=68233_1230_30>
...
001 (069.000.000) 07/16 10:55:16 Job executing on host: <127.0.0.1:9618?addrs=127.0.0.1-9618&noUDP&sock=68233_1230_31>
...
005 (069.000.000) 07/16 10:55:18 Job terminated.
	(1) Normal termination (return value 0)
		Usr 0 00:00:00, Sys 0 00:00:00  -  Run Remote Usage
		Usr 0 00:00:00, Sys 0 00:00:00  -  Run Local Usage
		Usr 0 00:00:00, Sys 0 00:00:00  -  Total Remote Usage
		Usr 0 00:00:00, Sys 0 00:00:00  -  Total Local Usage
	0  -  Run Bytes Sent By Job
	0  -  Run Bytes Received By Job
	0  -  Total Bytes Sent By Job
	0  -  Total Bytes Received By Job
...
005 (070.000.000) 07/16 10:55:18 Job terminated.
	(1) Normal termination (return value 0)
		Usr 0 00:00:00, Sys 0 00:00:00  -  Run Remote Usage
		Usr 0 00:00:00, Sys 0 00:00:00  -  Run Local Usage
		Usr 0 00:00:00, Sys 0 00:00:00  -  Total Remote Usage
		Usr 0 00:00:00, Sys 0 00:00:00  -  Total Local Usage
	0  -  Run Bytes Sent By Job
	0  -  Run Bytes Received By Job
	0  -  Total Bytes Sent By Job
	0  -  Total Bytes Received By Job
...
016 (069.000.000) 07/16 10:55:21 POST Script terminated.
	(1) Normal termination (return value 0)
    DAG Node: clean_up_local_level_4_0
...
016 (070.000.000) 07/16 10:55:21 POST Script terminated.
	(1) Normal termination (return value 0)
    DAG Node: register_local_0_0
...
000 (071.000.000) 07/16 10:55:30 Job submitted from host: <127.0.0.1:9618?addrs=127.0.0.1-9618&noUDP&sock=269_1710_4>
    DAG Node: cleanup_add_thumbs_0_local
    pool:local
...
001 (071.000.000) 07/16 10:55:31 Job executing on host: <127.0.0.1:9618?addrs=127.0.0.1-9618&noUDP&sock=68233_1230_32>
...
005 (071.000.000) 07/16 10:55:34 Job terminated.
	(1) Normal termination (return value 0)
		Usr 0 00:00:00, Sys 0 00:00:00  -  Run Remote Usage
		Usr 0 00:00:00, Sys 0 00:00:00  -  Run Local Usage
		Usr 0 00:00:00, Sys 0 00:00:00  -  Total Remote Usage
		Usr 0 00:00:00, Sys 0 00:00:00  -  Total Local Usage
	0  -  Run Bytes Sent By Job
	0  -  Run Bytes Received By Job
	0  -  Total Bytes Sent By Job
	0  -  Total Bytes Received By Job
...
016 (071.000.000) 07/16 10:55:35 POST Script terminated.
	(1) Normal termination (return value 0)
    DAG Node: cleanup_add_thumbs_0_local
...
