07/09/20 21:02:59 ******************************************************
07/09/20 21:02:59 ** condor_scheduniv_exec.1.0 (CONDOR_DAGMAN) STARTING UP
07/09/20 21:02:59 ** /usr/bin/condor_dagman
07/09/20 21:02:59 ** SubsystemInfo: name=DAGMAN type=DAGMAN(10) class=DAEMON(1)
07/09/20 21:02:59 ** Configuration: subsystem:DAGMAN local:<NONE> class:DAEMON
07/09/20 21:02:59 ** $CondorVersion: 8.8.9 May 06 2020 BuildID: 503068 PackageID: 8.8.9-1 $
07/09/20 21:02:59 ** $CondorPlatform: x86_64_CentOS7 $
07/09/20 21:02:59 ** PID = 641
07/09/20 21:02:59 ** Log last touched time unavailable (No such file or directory)
07/09/20 21:02:59 ******************************************************
07/09/20 21:02:59 Using config source: /etc/condor/condor_config
07/09/20 21:02:59 Using local config sources: 
07/09/20 21:02:59    /etc/condor/config.d/00-minicondor
07/09/20 21:02:59    /etc/condor/condor_config.local
07/09/20 21:02:59 config Macros = 81, Sorted = 81, StringBytes = 2236, TablesBytes = 2964
07/09/20 21:02:59 CLASSAD_CACHING is ENABLED
07/09/20 21:02:59 Daemon Log is logging: D_ALWAYS D_ERROR
07/09/20 21:02:59 DaemonCore: No command port requested.
07/09/20 21:02:59 DAGMAN_USE_STRICT setting: 1
07/09/20 21:02:59 DAGMAN_VERBOSITY setting: 3
07/09/20 21:02:59 DAGMAN_DEBUG_CACHE_SIZE setting: 5242880
07/09/20 21:02:59 DAGMAN_DEBUG_CACHE_ENABLE setting: False
07/09/20 21:02:59 DAGMAN_SUBMIT_DELAY setting: 0
07/09/20 21:02:59 DAGMAN_MAX_SUBMIT_ATTEMPTS setting: 6
07/09/20 21:02:59 DAGMAN_STARTUP_CYCLE_DETECT setting: False
07/09/20 21:02:59 DAGMAN_MAX_SUBMITS_PER_INTERVAL setting: 100
07/09/20 21:02:59 DAGMAN_AGGRESSIVE_SUBMIT setting: False
07/09/20 21:02:59 DAGMAN_USER_LOG_SCAN_INTERVAL setting: 5
07/09/20 21:02:59 DAGMAN_QUEUE_UPDATE_INTERVAL setting: 300
07/09/20 21:02:59 DAGMAN_DEFAULT_PRIORITY setting: 0
07/09/20 21:02:59 DAGMAN_SUPPRESS_NOTIFICATION setting: True
07/09/20 21:02:59 allow_events (DAGMAN_ALLOW_EVENTS) setting: 114
07/09/20 21:02:59 DAGMAN_RETRY_SUBMIT_FIRST setting: True
07/09/20 21:02:59 DAGMAN_RETRY_NODE_FIRST setting: False
07/09/20 21:02:59 DAGMAN_MAX_JOBS_IDLE setting: 1000
07/09/20 21:02:59 DAGMAN_MAX_JOBS_SUBMITTED setting: 0
07/09/20 21:02:59 DAGMAN_MAX_PRE_SCRIPTS setting: 20
07/09/20 21:02:59 DAGMAN_MAX_POST_SCRIPTS setting: 20
07/09/20 21:02:59 DAGMAN_MUNGE_NODE_NAMES setting: True
07/09/20 21:02:59 DAGMAN_PROHIBIT_MULTI_JOBS setting: False
07/09/20 21:02:59 DAGMAN_SUBMIT_DEPTH_FIRST setting: False
07/09/20 21:02:59 DAGMAN_ALWAYS_RUN_POST setting: False
07/09/20 21:02:59 DAGMAN_CONDOR_SUBMIT_EXE setting: /usr/bin/condor_submit
07/09/20 21:02:59 DAGMAN_USE_CONDOR_SUBMIT setting: True
07/09/20 21:02:59 DAGMAN_ABORT_DUPLICATES setting: True
07/09/20 21:02:59 DAGMAN_ABORT_ON_SCARY_SUBMIT setting: True
07/09/20 21:02:59 DAGMAN_PENDING_REPORT_INTERVAL setting: 600
07/09/20 21:02:59 DAGMAN_AUTO_RESCUE setting: True
07/09/20 21:02:59 DAGMAN_MAX_RESCUE_NUM setting: 100
07/09/20 21:02:59 DAGMAN_WRITE_PARTIAL_RESCUE setting: True
07/09/20 21:02:59 DAGMAN_DEFAULT_NODE_LOG setting: @(DAG_DIR)/@(DAG_FILE).nodes.log
07/09/20 21:02:59 DAGMAN_GENERATE_SUBDAG_SUBMITS setting: True
07/09/20 21:02:59 DAGMAN_MAX_JOB_HOLDS setting: 100
07/09/20 21:02:59 DAGMAN_HOLD_CLAIM_TIME setting: 20
07/09/20 21:02:59 ALL_DEBUG setting: 
07/09/20 21:02:59 DAGMAN_DEBUG setting: 
07/09/20 21:02:59 DAGMAN_SUPPRESS_JOB_LOGS setting: False
07/09/20 21:02:59 DAGMAN_REMOVE_NODE_JOBS setting: True
07/09/20 21:02:59 argv[0] == "condor_scheduniv_exec.1.0"
07/09/20 21:02:59 argv[1] == "-Lockfile"
07/09/20 21:02:59 argv[2] == "hello-world-0.dag.lock"
07/09/20 21:02:59 argv[3] == "-AutoRescue"
07/09/20 21:02:59 argv[4] == "1"
07/09/20 21:02:59 argv[5] == "-DoRescueFrom"
07/09/20 21:02:59 argv[6] == "0"
07/09/20 21:02:59 argv[7] == "-Dag"
07/09/20 21:02:59 argv[8] == "hello-world-0.dag"
07/09/20 21:02:59 argv[9] == "-MaxPost"
07/09/20 21:02:59 argv[10] == "20"
07/09/20 21:02:59 argv[11] == "-Suppress_notification"
07/09/20 21:02:59 argv[12] == "-CsdVersion"
07/09/20 21:02:59 argv[13] == "$CondorVersion: 8.8.9 May 06 2020 BuildID: 503068 PackageID: 8.8.9-1 $"
07/09/20 21:02:59 argv[14] == "-Dagman"
07/09/20 21:02:59 argv[15] == "/bin/condor_dagman"
07/09/20 21:02:59 Workflow batch-name: <hello-world-0.dag+1>
07/09/20 21:02:59 Workflow accounting_group: <>
07/09/20 21:02:59 Workflow accounting_group_user: <>
07/09/20 21:02:59 Warning: failed to get attribute DAGNodeName
07/09/20 21:02:59 DAGMAN_LOG_ON_NFS_IS_ERROR setting: False
07/09/20 21:02:59 Default node log file is: </home/scitech/shared-data/workflow/scitech/pegasus/hello-world/run0002/./hello-world-0.dag.nodes.log>
07/09/20 21:02:59 DAG Lockfile will be written to hello-world-0.dag.lock
07/09/20 21:02:59 DAG Input file is hello-world-0.dag
07/09/20 21:02:59 Parsing 1 dagfiles
07/09/20 21:02:59 Parsing hello-world-0.dag ...
07/09/20 21:02:59 Warning:  could not open Pegasus braindump file braindump.txt
07/09/20 21:02:59 Dag contains 8 total jobs
07/09/20 21:02:59 Sleeping for 3 seconds to ensure ProcessId uniqueness
07/09/20 21:03:02 Bootstrapping...
07/09/20 21:03:02 Number of pre-completed nodes: 0
07/09/20 21:03:02 MultiLogFiles: truncating log file /home/scitech/shared-data/workflow/scitech/pegasus/hello-world/run0002/./hello-world-0.dag.nodes.log
07/09/20 21:03:02 DAG status: 0 (DAG_STATUS_OK)
07/09/20 21:03:02 Of 8 nodes total:
07/09/20 21:03:02  Done     Pre   Queued    Post   Ready   Un-Ready   Failed
07/09/20 21:03:02   ===     ===      ===     ===     ===        ===      ===
07/09/20 21:03:02     0       0        0       0       1          7        0
07/09/20 21:03:02 0 job proc(s) currently held
07/09/20 21:03:02 DAGMan Runtime Statistics: [ EventCycleTimeSum = 0.0; EventCycleTimeCount = 0.0; SleepCycleTimeCount = 0.0; SubmitCycleTimeSum = 0.0; SubmitCycleTimeCount = 0.0; LogProcessCycleTimeSum = 0.0; SleepCycleTimeSum = 0.0; LogProcessCycleTimeCount = 0.0; ]
07/09/20 21:03:02 Registering condor_event_timer...
07/09/20 21:03:03 Submitting HTCondor Node create_dir_hello-world_0_local job(s)...
07/09/20 21:03:03 Adding a DAGMan workflow log /home/scitech/shared-data/workflow/scitech/pegasus/hello-world/run0002/./hello-world-0.dag.nodes.log
07/09/20 21:03:03 Masking the events recorded in the DAGMAN workflow log
07/09/20 21:03:03 Mask for workflow log is 0,1,2,4,5,7,9,10,11,12,13,16,17,24,27,35,36
07/09/20 21:03:03 submitting: /usr/bin/condor_submit -a dag_node_name' '=' 'create_dir_hello-world_0_local -a +DAGManJobId' '=' '1 -a DAGManJobId' '=' '1 -batch-name hello-world-0.dag+1 -a submit_event_notes' '=' 'DAG' 'Node:' 'create_dir_hello-world_0_local -a dagman_log' '=' '/home/scitech/shared-data/workflow/scitech/pegasus/hello-world/run0002/./hello-world-0.dag.nodes.log -a +DAGManNodesMask' '=' '"0,1,2,4,5,7,9,10,11,12,13,16,17,24,27,35,36" -a priority=800 -a +DAGNodeRetry' '=' '0 -a DAG_STATUS' '=' '0 -a FAILED_COUNT' '=' '0 -a +KeepClaimIdle' '=' '20 -a notification' '=' 'never -a +DAGParentNodeNames' '=' '"" 00/00/create_dir_hello-world_0_local.sub
07/09/20 21:03:03 From submit: Submitting job(s).
07/09/20 21:03:03 From submit: 1 job(s) submitted to cluster 2.
07/09/20 21:03:03 	assigned HTCondor ID (2.0.0)
07/09/20 21:03:03 Just submitted 1 job this cycle...
07/09/20 21:03:03 DAG status: 0 (DAG_STATUS_OK)
07/09/20 21:03:03 Of 8 nodes total:
07/09/20 21:03:03  Done     Pre   Queued    Post   Ready   Un-Ready   Failed
07/09/20 21:03:03   ===     ===      ===     ===     ===        ===      ===
07/09/20 21:03:03     0       0        1       0       0          7        0
07/09/20 21:03:03 0 job proc(s) currently held
07/09/20 21:03:03 DAGMan Runtime Statistics: [ EventCycleTimeCount = 0.0; EventCycleTimeSum = 0.0; LogProcessCycleTimeCount = 0.0; SleepCycleTimeSum = 0.0; LogProcessCycleTimeSum = 0.0; SubmitCycleTimeCount = 1.0; SubmitCycleTimeMax = 0.03721404075622559; SubmitCycleTimeMin = 0.03721404075622559; SubmitCycleTimeAvg = 0.03721404075622559; SubmitCycleTimeStd = 0.03721404075622559; SubmitCycleTimeSum = 0.03721404075622559; SleepCycleTimeCount = 0.0; ]
07/09/20 21:03:08 Currently monitoring 1 HTCondor log file(s)
07/09/20 21:03:08 Reassigning the id of job create_dir_hello-world_0_local from (2.0.0) to (2.0.0)
07/09/20 21:03:08 Event: ULOG_SUBMIT for HTCondor Node create_dir_hello-world_0_local (2.0.0) {07/09/20 21:03:03}
07/09/20 21:03:08 Number of idle job procs: 1
07/09/20 21:03:08 Event: ULOG_EXECUTE for HTCondor Node create_dir_hello-world_0_local (2.0.0) {07/09/20 21:03:04}
07/09/20 21:03:08 Number of idle job procs: 0
07/09/20 21:03:08 Event: ULOG_JOB_TERMINATED for HTCondor Node create_dir_hello-world_0_local (2.0.0) {07/09/20 21:03:06}
07/09/20 21:03:08 Number of idle job procs: 0
07/09/20 21:03:08 Node create_dir_hello-world_0_local job proc (2.0.0) completed successfully.
07/09/20 21:03:08 Node create_dir_hello-world_0_local job completed
07/09/20 21:03:08 Running POST script of Node create_dir_hello-world_0_local...
07/09/20 21:03:08 Warning: mysin has length 0 (ignore if produced by DAGMan; see gittrac #4987, #5031)
07/09/20 21:03:08 DAG status: 0 (DAG_STATUS_OK)
07/09/20 21:03:08 Of 8 nodes total:
07/09/20 21:03:08  Done     Pre   Queued    Post   Ready   Un-Ready   Failed
07/09/20 21:03:08   ===     ===      ===     ===     ===        ===      ===
07/09/20 21:03:08     0       0        0       1       0          7        0
07/09/20 21:03:08 0 job proc(s) currently held
07/09/20 21:03:08 DAGMan Runtime Statistics: [ EventCycleTimeStd = 0.04302120208740234; EventCycleTimeMax = 0.04302120208740234; SubmitCycleTimeMin = 0.001049041748046875; SubmitCycleTimeAvg = 0.01913154125213623; SleepCycleTimeCount = 1.0; SubmitCycleTimeCount = 2.0; SubmitCycleTimeMax = 0.03721404075622559; SleepCycleTimeMin = 5.005721807479858; SubmitCycleTimeSum = 0.03826308250427246; LogProcessCycleTimeStd = 0.03575611114501953; SubmitCycleTimeStd = 0.02557251604028793; LogProcessCycleTimeAvg = 0.03575611114501953; EventCycleTimeMin = 0.04302120208740234; LogProcessCycleTimeMax = 0.03575611114501953; LogProcessCycleTimeMin = 0.03575611114501953; LogProcessCycleTimeSum = 0.03575611114501953; LogProcessCycleTimeCount = 1.0; EventCycleTimeSum = 0.04302120208740234; SleepCycleTimeSum = 5.005721807479858; SleepCycleTimeAvg = 5.005721807479858; SleepCycleTimeStd = 5.005721807479858; SleepCycleTimeMax = 5.005721807479858; EventCycleTimeCount = 1.0; EventCycleTimeAvg = 0.04302120208740234; ]
07/09/20 21:03:08 Initializing user log writer for /home/scitech/shared-data/workflow/scitech/pegasus/hello-world/run0002/./hello-world-0.dag.nodes.log, (2.0.0)
07/09/20 21:03:13 Currently monitoring 1 HTCondor log file(s)
07/09/20 21:03:13 Event: ULOG_POST_SCRIPT_TERMINATED for HTCondor Node create_dir_hello-world_0_local (2.0.0) {07/09/20 21:03:08}
07/09/20 21:03:13 POST Script of node create_dir_hello-world_0_local completed successfully.
07/09/20 21:03:13 DAG status: 0 (DAG_STATUS_OK)
07/09/20 21:03:13 Of 8 nodes total:
07/09/20 21:03:13  Done     Pre   Queued    Post   Ready   Un-Ready   Failed
07/09/20 21:03:13   ===     ===      ===     ===     ===        ===      ===
07/09/20 21:03:13     1       0        0       0       1          6        0
07/09/20 21:03:13 0 job proc(s) currently held
07/09/20 21:03:13 DAGMan Runtime Statistics: [ EventCycleTimeStd = 0.0006222560714148395; EventCycleTimeMax = 0.04390120506286621; SubmitCycleTimeMin = 0.0009291172027587891; SubmitCycleTimeAvg = 0.01306406656901042; SleepCycleTimeCount = 2.0; SubmitCycleTimeCount = 3.0; SubmitCycleTimeMax = 0.03721404075622559; SleepCycleTimeMin = 5.005721807479858; SubmitCycleTimeSum = 0.03919219970703125; LogProcessCycleTimeStd = 0.02114541107270362; SubmitCycleTimeStd = 0.02091457710321942; LogProcessCycleTimeAvg = 0.02080404758453369; EventCycleTimeMin = 0.04302120208740234; LogProcessCycleTimeMax = 0.03575611114501953; LogProcessCycleTimeMin = 0.005851984024047852; LogProcessCycleTimeSum = 0.04160809516906738; LogProcessCycleTimeCount = 2.0; EventCycleTimeSum = 0.08692240715026855; SleepCycleTimeSum = 10.21297073364258; SleepCycleTimeAvg = 5.106485366821289; SleepCycleTimeStd = 0.1425011922136374; SleepCycleTimeMax = 5.20724892616272; EventCycleTimeCount = 2.0; EventCycleTimeAvg = 0.04346120357513428; ]
07/09/20 21:03:18 Submitting HTCondor Node stage_in_local_local_0_0 job(s)...
07/09/20 21:03:18 Adding a DAGMan workflow log /home/scitech/shared-data/workflow/scitech/pegasus/hello-world/run0002/./hello-world-0.dag.nodes.log
07/09/20 21:03:18 Masking the events recorded in the DAGMAN workflow log
07/09/20 21:03:18 Mask for workflow log is 0,1,2,4,5,7,9,10,11,12,13,16,17,24,27,35,36
07/09/20 21:03:18 submitting: /usr/bin/condor_submit -a dag_node_name' '=' 'stage_in_local_local_0_0 -a +DAGManJobId' '=' '1 -a DAGManJobId' '=' '1 -batch-name hello-world-0.dag+1 -a submit_event_notes' '=' 'DAG' 'Node:' 'stage_in_local_local_0_0 -a dagman_log' '=' '/home/scitech/shared-data/workflow/scitech/pegasus/hello-world/run0002/./hello-world-0.dag.nodes.log -a +DAGManNodesMask' '=' '"0,1,2,4,5,7,9,10,11,12,13,16,17,24,27,35,36" -a priority=700 -a +DAGNodeRetry' '=' '0 -a DAG_STATUS' '=' '0 -a FAILED_COUNT' '=' '0 -a +KeepClaimIdle' '=' '20 -a notification' '=' 'never -a +DAGParentNodeNames' '=' '"create_dir_hello-world_0_local" 00/00/stage_in_local_local_0_0.sub
07/09/20 21:03:18 From submit: Submitting job(s).
07/09/20 21:03:18 From submit: 1 job(s) submitted to cluster 3.
07/09/20 21:03:18 	assigned HTCondor ID (3.0.0)
07/09/20 21:03:18 Just submitted 1 job this cycle...
07/09/20 21:03:18 DAG status: 0 (DAG_STATUS_OK)
07/09/20 21:03:18 Of 8 nodes total:
07/09/20 21:03:18  Done     Pre   Queued    Post   Ready   Un-Ready   Failed
07/09/20 21:03:18   ===     ===      ===     ===     ===        ===      ===
07/09/20 21:03:18     1       0        1       0       0          6        0
07/09/20 21:03:18 0 job proc(s) currently held
07/09/20 21:03:18 DAGMan Runtime Statistics: [ EventCycleTimeStd = 0.01788841467392722; EventCycleTimeMax = 0.04390120506286621; SubmitCycleTimeMin = 0.0009291172027587891; SubmitCycleTimeAvg = 0.0176575779914856; SleepCycleTimeCount = 3.0; SubmitCycleTimeCount = 4.0; SubmitCycleTimeMax = 0.03721404075622559; SleepCycleTimeMin = 5.005721807479858; SubmitCycleTimeSum = 0.07063031196594238; LogProcessCycleTimeStd = 0.02114541107270362; SubmitCycleTimeStd = 0.01939109105640989; LogProcessCycleTimeAvg = 0.02080404758453369; EventCycleTimeMin = 0.01248693466186523; LogProcessCycleTimeMax = 0.03575611114501953; LogProcessCycleTimeMin = 0.005851984024047852; LogProcessCycleTimeSum = 0.04160809516906738; LogProcessCycleTimeCount = 2.0; EventCycleTimeSum = 0.09940934181213379; SleepCycleTimeSum = 15.2199387550354; SleepCycleTimeAvg = 5.073312918345134; SleepCycleTimeStd = 0.1159936588993505; SleepCycleTimeMax = 5.20724892616272; EventCycleTimeCount = 3.0; EventCycleTimeAvg = 0.03313644727071127; ]
07/09/20 21:03:23 Currently monitoring 1 HTCondor log file(s)
07/09/20 21:03:23 Reassigning the id of job stage_in_local_local_0_0 from (3.0.0) to (3.0.0)
07/09/20 21:03:23 Event: ULOG_SUBMIT for HTCondor Node stage_in_local_local_0_0 (3.0.0) {07/09/20 21:03:18}
07/09/20 21:03:23 Number of idle job procs: 1
07/09/20 21:03:23 Event: ULOG_EXECUTE for HTCondor Node stage_in_local_local_0_0 (3.0.0) {07/09/20 21:03:20}
07/09/20 21:03:23 Number of idle job procs: 0
07/09/20 21:03:23 Event: ULOG_JOB_TERMINATED for HTCondor Node stage_in_local_local_0_0 (3.0.0) {07/09/20 21:03:23}
07/09/20 21:03:23 Number of idle job procs: 0
07/09/20 21:03:23 Node stage_in_local_local_0_0 job proc (3.0.0) completed successfully.
07/09/20 21:03:23 Node stage_in_local_local_0_0 job completed
07/09/20 21:03:23 Running POST script of Node stage_in_local_local_0_0...
07/09/20 21:03:23 Warning: mysin has length 0 (ignore if produced by DAGMan; see gittrac #4987, #5031)
07/09/20 21:03:23 DAG status: 0 (DAG_STATUS_OK)
07/09/20 21:03:23 Of 8 nodes total:
07/09/20 21:03:23  Done     Pre   Queued    Post   Ready   Un-Ready   Failed
07/09/20 21:03:23   ===     ===      ===     ===     ===        ===      ===
07/09/20 21:03:23     1       0        0       1       0          6        0
07/09/20 21:03:23 0 job proc(s) currently held
07/09/20 21:03:23 DAGMan Runtime Statistics: [ EventCycleTimeStd = 0.01467293885030662; EventCycleTimeMax = 0.04390120506286621; SubmitCycleTimeMin = 0.0009291172027587891; SubmitCycleTimeAvg = 0.01431465148925781; SleepCycleTimeCount = 4.0; SubmitCycleTimeCount = 5.0; SubmitCycleTimeMax = 0.03721404075622559; SleepCycleTimeMin = 5.005721807479858; SubmitCycleTimeSum = 0.07157325744628906; LogProcessCycleTimeStd = 0.01694212681673236; SubmitCycleTimeStd = 0.01838169190430982; LogProcessCycleTimeAvg = 0.02540373802185059; EventCycleTimeMin = 0.01248693466186523; LogProcessCycleTimeMax = 0.03575611114501953; LogProcessCycleTimeMin = 0.005851984024047852; LogProcessCycleTimeSum = 0.07621121406555176; LogProcessCycleTimeCount = 3.0; EventCycleTimeSum = 0.1353492736816406; SleepCycleTimeSum = 20.22624278068542; SleepCycleTimeAvg = 5.056560695171356; SleepCycleTimeStd = 0.1004601107984254; SleepCycleTimeMax = 5.20724892616272; EventCycleTimeCount = 4.0; EventCycleTimeAvg = 0.03383731842041016; ]
07/09/20 21:03:23 Initializing user log writer for /home/scitech/shared-data/workflow/scitech/pegasus/hello-world/run0002/./hello-world-0.dag.nodes.log, (3.0.0)
07/09/20 21:03:28 Currently monitoring 1 HTCondor log file(s)
07/09/20 21:03:28 Event: ULOG_POST_SCRIPT_TERMINATED for HTCondor Node stage_in_local_local_0_0 (3.0.0) {07/09/20 21:03:23}
07/09/20 21:03:28 POST Script of node stage_in_local_local_0_0 completed successfully.
07/09/20 21:03:28 DAG status: 0 (DAG_STATUS_OK)
07/09/20 21:03:28 Of 8 nodes total:
07/09/20 21:03:28  Done     Pre   Queued    Post   Ready   Un-Ready   Failed
07/09/20 21:03:28   ===     ===      ===     ===     ===        ===      ===
07/09/20 21:03:28     2       0        0       0       1          5        0
07/09/20 21:03:28 0 job proc(s) currently held
07/09/20 21:03:28 DAGMan Runtime Statistics: [ EventCycleTimeStd = 0.01328469541011527; EventCycleTimeMax = 0.04390120506286621; SubmitCycleTimeMin = 0.0009291172027587891; SubmitCycleTimeAvg = 0.01208702723185221; SleepCycleTimeCount = 5.0; SubmitCycleTimeCount = 6.0; SubmitCycleTimeMax = 0.03721404075622559; SleepCycleTimeMin = 5.005721807479858; SubmitCycleTimeSum = 0.07252216339111328; LogProcessCycleTimeStd = 0.01570526346259959; SubmitCycleTimeStd = 0.0173229078622807; LogProcessCycleTimeAvg = 0.02168560028076172; EventCycleTimeMin = 0.01248693466186523; LogProcessCycleTimeMax = 0.03575611114501953; LogProcessCycleTimeMin = 0.005851984024047852; LogProcessCycleTimeSum = 0.08674240112304688; LogProcessCycleTimeCount = 4.0; EventCycleTimeSum = 0.1778502464294434; SleepCycleTimeSum = 25.43540787696838; SleepCycleTimeAvg = 5.087081575393677; SleepCycleTimeStd = 0.1105748436306707; SleepCycleTimeMax = 5.209165096282959; EventCycleTimeCount = 5.0; EventCycleTimeAvg = 0.03557004928588867; ]
07/09/20 21:03:33 Submitting HTCondor Node echo_ID0000001 job(s)...
07/09/20 21:03:33 Adding a DAGMan workflow log /home/scitech/shared-data/workflow/scitech/pegasus/hello-world/run0002/./hello-world-0.dag.nodes.log
07/09/20 21:03:33 Masking the events recorded in the DAGMAN workflow log
07/09/20 21:03:33 Mask for workflow log is 0,1,2,4,5,7,9,10,11,12,13,16,17,24,27,35,36
07/09/20 21:03:33 submitting: /usr/bin/condor_submit -a dag_node_name' '=' 'echo_ID0000001 -a +DAGManJobId' '=' '1 -a DAGManJobId' '=' '1 -batch-name hello-world-0.dag+1 -a submit_event_notes' '=' 'DAG' 'Node:' 'echo_ID0000001 -a dagman_log' '=' '/home/scitech/shared-data/workflow/scitech/pegasus/hello-world/run0002/./hello-world-0.dag.nodes.log -a +DAGManNodesMask' '=' '"0,1,2,4,5,7,9,10,11,12,13,16,17,24,27,35,36" -a priority=20 -a +DAGNodeRetry' '=' '0 -a DAG_STATUS' '=' '0 -a FAILED_COUNT' '=' '0 -a +KeepClaimIdle' '=' '20 -a notification' '=' 'never -a +DAGParentNodeNames' '=' '"stage_in_local_local_0_0" 00/00/echo_ID0000001.sub
07/09/20 21:03:33 From submit: Submitting job(s).
07/09/20 21:03:33 From submit: 1 job(s) submitted to cluster 4.
07/09/20 21:03:33 	assigned HTCondor ID (4.0.0)
07/09/20 21:03:33 Just submitted 1 job this cycle...
07/09/20 21:03:33 DAG status: 0 (DAG_STATUS_OK)
07/09/20 21:03:33 Of 8 nodes total:
07/09/20 21:03:33  Done     Pre   Queued    Post   Ready   Un-Ready   Failed
07/09/20 21:03:33   ===     ===      ===     ===     ===        ===      ===
07/09/20 21:03:33     2       0        1       0       0          5        0
07/09/20 21:03:33 0 job proc(s) currently held
07/09/20 21:03:33 DAGMan Runtime Statistics: [ EventCycleTimeStd = 0.01266268311302589; EventCycleTimeMax = 0.04390120506286621; SubmitCycleTimeMin = 0.0009291172027587891; SubmitCycleTimeAvg = 0.01781232016427176; SleepCycleTimeCount = 6.0; SubmitCycleTimeCount = 7.0; SubmitCycleTimeMax = 0.05216407775878906; SleepCycleTimeMin = 5.00537109375; SubmitCycleTimeSum = 0.1246862411499023; LogProcessCycleTimeStd = 0.01570526346259959; SubmitCycleTimeStd = 0.02189799385343282; LogProcessCycleTimeAvg = 0.02168560028076172; EventCycleTimeMin = 0.01248693466186523; LogProcessCycleTimeMax = 0.03575611114501953; LogProcessCycleTimeMin = 0.005851984024047852; LogProcessCycleTimeSum = 0.08674240112304688; LogProcessCycleTimeCount = 4.0; EventCycleTimeSum = 0.2026991844177246; SleepCycleTimeSum = 30.44077897071838; SleepCycleTimeAvg = 5.073463161786397; SleepCycleTimeStd = 0.1043753034497893; SleepCycleTimeMax = 5.209165096282959; EventCycleTimeCount = 6.0; EventCycleTimeAvg = 0.0337831974029541; ]
07/09/20 21:03:39 Currently monitoring 1 HTCondor log file(s)
07/09/20 21:03:39 Reassigning the id of job echo_ID0000001 from (4.0.0) to (4.0.0)
07/09/20 21:03:39 Event: ULOG_SUBMIT for HTCondor Node echo_ID0000001 (4.0.0) {07/09/20 21:03:33}
07/09/20 21:03:39 Number of idle job procs: 1
07/09/20 21:03:44 Currently monitoring 1 HTCondor log file(s)
07/09/20 21:03:44 Event: ULOG_EXECUTE for HTCondor Node echo_ID0000001 (4.0.0) {07/09/20 21:03:39}
07/09/20 21:03:44 Number of idle job procs: 0
07/09/20 21:03:44 Event: ULOG_JOB_TERMINATED for HTCondor Node echo_ID0000001 (4.0.0) {07/09/20 21:03:40}
07/09/20 21:03:44 Number of idle job procs: 0
07/09/20 21:03:44 Node echo_ID0000001 job proc (4.0.0) completed successfully.
07/09/20 21:03:44 Node echo_ID0000001 job completed
07/09/20 21:03:44 Running POST script of Node echo_ID0000001...
07/09/20 21:03:44 Warning: mysin has length 0 (ignore if produced by DAGMan; see gittrac #4987, #5031)
07/09/20 21:03:44 DAG status: 0 (DAG_STATUS_OK)
07/09/20 21:03:44 Of 8 nodes total:
07/09/20 21:03:44  Done     Pre   Queued    Post   Ready   Un-Ready   Failed
07/09/20 21:03:44   ===     ===      ===     ===     ===        ===      ===
07/09/20 21:03:44     2       0        0       1       0          5        0
07/09/20 21:03:44 0 job proc(s) currently held
07/09/20 21:03:44 DAGMan Runtime Statistics: [ EventCycleTimeStd = 0.01814683671700956; EventCycleTimeMax = 0.05808901786804199; SubmitCycleTimeMin = 0.0003449916839599609; SubmitCycleTimeAvg = 0.013986693488227; SleepCycleTimeCount = 8.0; SubmitCycleTimeCount = 9.0; SubmitCycleTimeMax = 0.05216407775878906; SleepCycleTimeMin = 5.005220890045166; SubmitCycleTimeSum = 0.125880241394043; LogProcessCycleTimeStd = 0.01447142109291949; SubmitCycleTimeStd = 0.02042754126928368; LogProcessCycleTimeAvg = 0.01706775029500325; EventCycleTimeMin = 0.003499031066894531; LogProcessCycleTimeMax = 0.03575611114501953; LogProcessCycleTimeMin = 0.002769947052001953; LogProcessCycleTimeSum = 0.1024065017700195; LogProcessCycleTimeCount = 6.0; EventCycleTimeSum = 0.2642872333526611; SleepCycleTimeSum = 40.45137882232666; SleepCycleTimeAvg = 5.056422352790833; SleepCycleTimeStd = 0.09368669096959793; SleepCycleTimeMax = 5.209165096282959; EventCycleTimeCount = 8.0; EventCycleTimeAvg = 0.03303590416908264; ]
07/09/20 21:03:44 Initializing user log writer for /home/scitech/shared-data/workflow/scitech/pegasus/hello-world/run0002/./hello-world-0.dag.nodes.log, (4.0.0)
07/09/20 21:03:49 Currently monitoring 1 HTCondor log file(s)
07/09/20 21:03:49 Event: ULOG_POST_SCRIPT_TERMINATED for HTCondor Node echo_ID0000001 (4.0.0) {07/09/20 21:03:44}
07/09/20 21:03:49 POST Script of node echo_ID0000001 completed successfully.
07/09/20 21:03:49 DAG status: 0 (DAG_STATUS_OK)
07/09/20 21:03:49 Of 8 nodes total:
07/09/20 21:03:49  Done     Pre   Queued    Post   Ready   Un-Ready   Failed
07/09/20 21:03:49   ===     ===      ===     ===     ===        ===      ===
07/09/20 21:03:49     3       0        0       0       2          3        0
07/09/20 21:03:49 0 job proc(s) currently held
07/09/20 21:03:49 DAGMan Runtime Statistics: [ EventCycleTimeStd = 0.01763958534257987; EventCycleTimeMax = 0.05808901786804199; SubmitCycleTimeMin = 0.0003449916839599609; SubmitCycleTimeAvg = 0.01264252662658691; SleepCycleTimeCount = 9.0; SubmitCycleTimeCount = 10.0; SubmitCycleTimeMax = 0.05216407775878906; SleepCycleTimeMin = 5.005220890045166; SubmitCycleTimeSum = 0.1264252662658691; LogProcessCycleTimeStd = 0.01395082160537895; SubmitCycleTimeStd = 0.01972276222523983; LogProcessCycleTimeAvg = 0.01537292344229562; EventCycleTimeMin = 0.003499031066894531; LogProcessCycleTimeMax = 0.03575611114501953; LogProcessCycleTimeMin = 0.002769947052001953; LogProcessCycleTimeSum = 0.1076104640960693; LogProcessCycleTimeCount = 7.0; EventCycleTimeSum = 0.2829322814941406; SleepCycleTimeSum = 45.669353723526; SleepCycleTimeAvg = 5.074372635947333; SleepCycleTimeStd = 0.1028589351749173; SleepCycleTimeMax = 5.217974901199341; EventCycleTimeCount = 9.0; EventCycleTimeAvg = 0.03143692016601562; ]
07/09/20 21:03:54 Submitting HTCondor Node clean_up_local_level_3_0 job(s)...
07/09/20 21:03:54 Adding a DAGMan workflow log /home/scitech/shared-data/workflow/scitech/pegasus/hello-world/run0002/./hello-world-0.dag.nodes.log
07/09/20 21:03:54 Masking the events recorded in the DAGMAN workflow log
07/09/20 21:03:54 Mask for workflow log is 0,1,2,4,5,7,9,10,11,12,13,16,17,24,27,35,36
07/09/20 21:03:54 submitting: /usr/bin/condor_submit -a dag_node_name' '=' 'clean_up_local_level_3_0 -a +DAGManJobId' '=' '1 -a DAGManJobId' '=' '1 -batch-name hello-world-0.dag+1 -a submit_event_notes' '=' 'DAG' 'Node:' 'clean_up_local_level_3_0 -a dagman_log' '=' '/home/scitech/shared-data/workflow/scitech/pegasus/hello-world/run0002/./hello-world-0.dag.nodes.log -a +DAGManNodesMask' '=' '"0,1,2,4,5,7,9,10,11,12,13,16,17,24,27,35,36" -a priority=1000 -a +DAGNodeRetry' '=' '0 -a DAG_STATUS' '=' '0 -a FAILED_COUNT' '=' '0 -a +KeepClaimIdle' '=' '20 -a notification' '=' 'never -a +DAGParentNodeNames' '=' '"echo_ID0000001" 00/00/clean_up_local_level_3_0.sub
07/09/20 21:03:54 From submit: Submitting job(s).
07/09/20 21:03:54 From submit: 1 job(s) submitted to cluster 5.
07/09/20 21:03:54 	assigned HTCondor ID (5.0.0)
07/09/20 21:03:54 Submitting HTCondor Node stage_out_local_local_0_0 job(s)...
07/09/20 21:03:54 Adding a DAGMan workflow log /home/scitech/shared-data/workflow/scitech/pegasus/hello-world/run0002/./hello-world-0.dag.nodes.log
07/09/20 21:03:54 Masking the events recorded in the DAGMAN workflow log
07/09/20 21:03:54 Mask for workflow log is 0,1,2,4,5,7,9,10,11,12,13,16,17,24,27,35,36
07/09/20 21:03:54 submitting: /usr/bin/condor_submit -a dag_node_name' '=' 'stage_out_local_local_0_0 -a +DAGManJobId' '=' '1 -a DAGManJobId' '=' '1 -batch-name hello-world-0.dag+1 -a submit_event_notes' '=' 'DAG' 'Node:' 'stage_out_local_local_0_0 -a dagman_log' '=' '/home/scitech/shared-data/workflow/scitech/pegasus/hello-world/run0002/./hello-world-0.dag.nodes.log -a +DAGManNodesMask' '=' '"0,1,2,4,5,7,9,10,11,12,13,16,17,24,27,35,36" -a priority=900 -a +DAGNodeRetry' '=' '0 -a DAG_STATUS' '=' '0 -a FAILED_COUNT' '=' '0 -a +KeepClaimIdle' '=' '20 -a notification' '=' 'never -a +DAGParentNodeNames' '=' '"echo_ID0000001" 00/00/stage_out_local_local_0_0.sub
07/09/20 21:03:54 From submit: Submitting job(s).
07/09/20 21:03:54 From submit: 1 job(s) submitted to cluster 6.
07/09/20 21:03:54 	assigned HTCondor ID (6.0.0)
07/09/20 21:03:54 Just submitted 2 jobs this cycle...
07/09/20 21:03:54 DAG status: 0 (DAG_STATUS_OK)
07/09/20 21:03:54 Of 8 nodes total:
07/09/20 21:03:54  Done     Pre   Queued    Post   Ready   Un-Ready   Failed
07/09/20 21:03:54   ===     ===      ===     ===     ===        ===      ===
07/09/20 21:03:54     3       0        2       0       0          3        0
07/09/20 21:03:54 0 job proc(s) currently held
07/09/20 21:03:54 DAGMan Runtime Statistics: [ EventCycleTimeStd = 0.01781598646929265; EventCycleTimeMax = 0.05808901786804199; SubmitCycleTimeMin = 0.0003449916839599609; SubmitCycleTimeAvg = 0.01809675043279474; SleepCycleTimeCount = 10.0; SubmitCycleTimeCount = 11.0; SubmitCycleTimeMax = 0.07263898849487305; SleepCycleTimeMin = 5.005220890045166; SubmitCycleTimeSum = 0.1990642547607422; LogProcessCycleTimeStd = 0.01395082160537895; SubmitCycleTimeStd = 0.02602542498066572; LogProcessCycleTimeAvg = 0.01537292344229562; EventCycleTimeMin = 0.003499031066894531; LogProcessCycleTimeMax = 0.03575611114501953; LogProcessCycleTimeMin = 0.002769947052001953; LogProcessCycleTimeSum = 0.1076104640960693; LogProcessCycleTimeCount = 7.0; EventCycleTimeSum = 0.2941634654998779; SleepCycleTimeSum = 50.67468571662903; SleepCycleTimeAvg = 5.067468571662903; SleepCycleTimeStd = 0.09940357342695975; SleepCycleTimeMax = 5.217974901199341; EventCycleTimeCount = 10.0; EventCycleTimeAvg = 0.02941634654998779; ]
07/09/20 21:03:59 Currently monitoring 1 HTCondor log file(s)
07/09/20 21:03:59 Reassigning the id of job clean_up_local_level_3_0 from (5.0.0) to (5.0.0)
07/09/20 21:03:59 Event: ULOG_SUBMIT for HTCondor Node clean_up_local_level_3_0 (5.0.0) {07/09/20 21:03:54}
07/09/20 21:03:59 Number of idle job procs: 1
07/09/20 21:03:59 Reassigning the id of job stage_out_local_local_0_0 from (6.0.0) to (6.0.0)
07/09/20 21:03:59 Event: ULOG_SUBMIT for HTCondor Node stage_out_local_local_0_0 (6.0.0) {07/09/20 21:03:54}
07/09/20 21:03:59 Number of idle job procs: 2
07/09/20 21:03:59 Event: ULOG_EXECUTE for HTCondor Node stage_out_local_local_0_0 (6.0.0) {07/09/20 21:03:58}
07/09/20 21:03:59 Number of idle job procs: 1
07/09/20 21:03:59 Event: ULOG_EXECUTE for HTCondor Node clean_up_local_level_3_0 (5.0.0) {07/09/20 21:03:58}
07/09/20 21:03:59 Number of idle job procs: 0
07/09/20 21:04:04 Currently monitoring 1 HTCondor log file(s)
07/09/20 21:04:04 Event: ULOG_JOB_TERMINATED for HTCondor Node clean_up_local_level_3_0 (5.0.0) {07/09/20 21:04:00}
07/09/20 21:04:04 Number of idle job procs: 0
07/09/20 21:04:04 Node clean_up_local_level_3_0 job proc (5.0.0) completed successfully.
07/09/20 21:04:04 Node clean_up_local_level_3_0 job completed
07/09/20 21:04:04 Running POST script of Node clean_up_local_level_3_0...
07/09/20 21:04:04 Warning: mysin has length 0 (ignore if produced by DAGMan; see gittrac #4987, #5031)
07/09/20 21:04:04 Event: ULOG_JOB_TERMINATED for HTCondor Node stage_out_local_local_0_0 (6.0.0) {07/09/20 21:04:01}
07/09/20 21:04:04 Number of idle job procs: 0
07/09/20 21:04:04 Node stage_out_local_local_0_0 job proc (6.0.0) completed successfully.
07/09/20 21:04:04 Node stage_out_local_local_0_0 job completed
07/09/20 21:04:04 Running POST script of Node stage_out_local_local_0_0...
07/09/20 21:04:04 Warning: mysin has length 0 (ignore if produced by DAGMan; see gittrac #4987, #5031)
07/09/20 21:04:04 DAG status: 0 (DAG_STATUS_OK)
07/09/20 21:04:04 Of 8 nodes total:
07/09/20 21:04:04  Done     Pre   Queued    Post   Ready   Un-Ready   Failed
07/09/20 21:04:04   ===     ===      ===     ===     ===        ===      ===
07/09/20 21:04:04     3       0        0       2       0          3        0
07/09/20 21:04:04 0 job proc(s) currently held
07/09/20 21:04:04 DAGMan Runtime Statistics: [ EventCycleTimeStd = 0.0215785068499239; EventCycleTimeMax = 0.07749485969543457; SubmitCycleTimeMin = 0.0003449916839599609; SubmitCycleTimeAvg = 0.01544902874873235; SleepCycleTimeCount = 12.0; SubmitCycleTimeCount = 13.0; SubmitCycleTimeMax = 0.07263898849487305; SleepCycleTimeMin = 5.005220890045166; SubmitCycleTimeSum = 0.2008373737335205; LogProcessCycleTimeStd = 0.01224077557078959; SubmitCycleTimeStd = 0.02462142212184846; LogProcessCycleTimeAvg = 0.01628314124213324; EventCycleTimeMin = 0.003499031066894531; LogProcessCycleTimeMax = 0.03575611114501953; LogProcessCycleTimeMin = 0.002769947052001953; LogProcessCycleTimeSum = 0.1465482711791992; LogProcessCycleTimeCount = 9.0; EventCycleTimeSum = 0.3920753002166748; SleepCycleTimeSum = 60.69149589538574; SleepCycleTimeAvg = 5.057624657948812; SleepCycleTimeStd = 0.09281393284960879; SleepCycleTimeMax = 5.217974901199341; EventCycleTimeCount = 12.0; EventCycleTimeAvg = 0.0326729416847229; ]
07/09/20 21:04:04 Initializing user log writer for /home/scitech/shared-data/workflow/scitech/pegasus/hello-world/run0002/./hello-world-0.dag.nodes.log, (5.0.0)
07/09/20 21:04:04 Initializing user log writer for /home/scitech/shared-data/workflow/scitech/pegasus/hello-world/run0002/./hello-world-0.dag.nodes.log, (6.0.0)
07/09/20 21:04:09 Currently monitoring 1 HTCondor log file(s)
07/09/20 21:04:09 Event: ULOG_POST_SCRIPT_TERMINATED for HTCondor Node clean_up_local_level_3_0 (5.0.0) {07/09/20 21:04:04}
07/09/20 21:04:09 POST Script of node clean_up_local_level_3_0 completed successfully.
07/09/20 21:04:09 Event: ULOG_POST_SCRIPT_TERMINATED for HTCondor Node stage_out_local_local_0_0 (6.0.0) {07/09/20 21:04:04}
07/09/20 21:04:09 POST Script of node stage_out_local_local_0_0 completed successfully.
07/09/20 21:04:09 DAG status: 0 (DAG_STATUS_OK)
07/09/20 21:04:09 Of 8 nodes total:
07/09/20 21:04:09  Done     Pre   Queued    Post   Ready   Un-Ready   Failed
07/09/20 21:04:09   ===     ===      ===     ===     ===        ===      ===
07/09/20 21:04:09     5       0        0       0       2          1        0
07/09/20 21:04:09 0 job proc(s) currently held
07/09/20 21:04:09 DAGMan Runtime Statistics: [ EventCycleTimeStd = 0.0207462573934291; EventCycleTimeMax = 0.07749485969543457; SubmitCycleTimeMin = 0.0003449916839599609; SubmitCycleTimeAvg = 0.01438280514308385; SleepCycleTimeCount = 13.0; SubmitCycleTimeCount = 14.0; SubmitCycleTimeMax = 0.07263898849487305; SleepCycleTimeMin = 5.005220890045166; SubmitCycleTimeSum = 0.2013592720031738; LogProcessCycleTimeStd = 0.01202563335369001; SubmitCycleTimeStd = 0.0239895437047141; LogProcessCycleTimeAvg = 0.01521413326263428; EventCycleTimeMin = 0.003499031066894531; LogProcessCycleTimeMax = 0.03575611114501953; LogProcessCycleTimeMin = 0.002769947052001953; LogProcessCycleTimeSum = 0.1521413326263428; LogProcessCycleTimeCount = 10.0; EventCycleTimeSum = 0.4179282188415527; SleepCycleTimeSum = 65.92354583740234; SleepCycleTimeAvg = 5.071041987492488; SleepCycleTimeStd = 0.1011774619361797; SleepCycleTimeMax = 5.232049942016602; EventCycleTimeCount = 13.0; EventCycleTimeAvg = 0.03214832452627329; ]
07/09/20 21:04:14 Submitting HTCondor Node clean_up_local_level_4_0 job(s)...
07/09/20 21:04:14 Adding a DAGMan workflow log /home/scitech/shared-data/workflow/scitech/pegasus/hello-world/run0002/./hello-world-0.dag.nodes.log
07/09/20 21:04:14 Masking the events recorded in the DAGMAN workflow log
07/09/20 21:04:14 Mask for workflow log is 0,1,2,4,5,7,9,10,11,12,13,16,17,24,27,35,36
07/09/20 21:04:14 submitting: /usr/bin/condor_submit -a dag_node_name' '=' 'clean_up_local_level_4_0 -a +DAGManJobId' '=' '1 -a DAGManJobId' '=' '1 -batch-name hello-world-0.dag+1 -a submit_event_notes' '=' 'DAG' 'Node:' 'clean_up_local_level_4_0 -a dagman_log' '=' '/home/scitech/shared-data/workflow/scitech/pegasus/hello-world/run0002/./hello-world-0.dag.nodes.log -a +DAGManNodesMask' '=' '"0,1,2,4,5,7,9,10,11,12,13,16,17,24,27,35,36" -a priority=1000 -a +DAGNodeRetry' '=' '0 -a DAG_STATUS' '=' '0 -a FAILED_COUNT' '=' '0 -a +KeepClaimIdle' '=' '20 -a notification' '=' 'never -a +DAGParentNodeNames' '=' '"stage_out_local_local_0_0" 00/00/clean_up_local_level_4_0.sub
07/09/20 21:04:14 From submit: Submitting job(s).
07/09/20 21:04:14 From submit: 1 job(s) submitted to cluster 7.
07/09/20 21:04:14 	assigned HTCondor ID (7.0.0)
07/09/20 21:04:14 Submitting HTCondor Node register_local_0_0 job(s)...
07/09/20 21:04:14 Adding a DAGMan workflow log /home/scitech/shared-data/workflow/scitech/pegasus/hello-world/run0002/./hello-world-0.dag.nodes.log
07/09/20 21:04:14 Masking the events recorded in the DAGMAN workflow log
07/09/20 21:04:14 Mask for workflow log is 0,1,2,4,5,7,9,10,11,12,13,16,17,24,27,35,36
07/09/20 21:04:14 submitting: /usr/bin/condor_submit -a dag_node_name' '=' 'register_local_0_0 -a +DAGManJobId' '=' '1 -a DAGManJobId' '=' '1 -batch-name hello-world-0.dag+1 -a submit_event_notes' '=' 'DAG' 'Node:' 'register_local_0_0 -a dagman_log' '=' '/home/scitech/shared-data/workflow/scitech/pegasus/hello-world/run0002/./hello-world-0.dag.nodes.log -a +DAGManNodesMask' '=' '"0,1,2,4,5,7,9,10,11,12,13,16,17,24,27,35,36" -a priority=40 -a +DAGNodeRetry' '=' '0 -a DAG_STATUS' '=' '0 -a FAILED_COUNT' '=' '0 -a notification' '=' 'never -a +DAGParentNodeNames' '=' '"stage_out_local_local_0_0" 00/00/register_local_0_0.sub
07/09/20 21:04:14 From submit: Submitting job(s).
07/09/20 21:04:14 From submit: 1 job(s) submitted to cluster 8.
07/09/20 21:04:14 	assigned HTCondor ID (8.0.0)
07/09/20 21:04:14 Just submitted 2 jobs this cycle...
07/09/20 21:04:14 DAG status: 0 (DAG_STATUS_OK)
07/09/20 21:04:14 Of 8 nodes total:
07/09/20 21:04:14  Done     Pre   Queued    Post   Ready   Un-Ready   Failed
07/09/20 21:04:14   ===     ===      ===     ===     ===        ===      ===
07/09/20 21:04:14     5       0        2       0       0          1        0
07/09/20 21:04:14 0 job proc(s) currently held
07/09/20 21:04:14 DAGMan Runtime Statistics: [ EventCycleTimeStd = 0.02072795733797558; EventCycleTimeMax = 0.07749485969543457; SubmitCycleTimeMin = 0.0003449916839599609; SubmitCycleTimeAvg = 0.01798335711161296; SleepCycleTimeCount = 14.0; SubmitCycleTimeCount = 15.0; SubmitCycleTimeMax = 0.07263898849487305; SleepCycleTimeMin = 5.005220890045166; SubmitCycleTimeSum = 0.2697503566741943; LogProcessCycleTimeStd = 0.01202563335369001; SubmitCycleTimeStd = 0.0269972370722339; LogProcessCycleTimeAvg = 0.01521413326263428; EventCycleTimeMin = 0.003499031066894531; LogProcessCycleTimeMax = 0.03575611114501953; LogProcessCycleTimeMin = 0.002769947052001953; LogProcessCycleTimeSum = 0.1521413326263428; LogProcessCycleTimeCount = 10.0; EventCycleTimeSum = 0.428795337677002; SleepCycleTimeSum = 70.92883276939392; SleepCycleTimeAvg = 5.066345197813852; SleepCycleTimeStd = 0.09878392710436598; SleepCycleTimeMax = 5.232049942016602; EventCycleTimeCount = 14.0; EventCycleTimeAvg = 0.03062823840550014; ]
07/09/20 21:04:19 Currently monitoring 1 HTCondor log file(s)
07/09/20 21:04:19 Reassigning the id of job clean_up_local_level_4_0 from (7.0.0) to (7.0.0)
07/09/20 21:04:19 Event: ULOG_SUBMIT for HTCondor Node clean_up_local_level_4_0 (7.0.0) {07/09/20 21:04:14}
07/09/20 21:04:19 Number of idle job procs: 1
07/09/20 21:04:19 Reassigning the id of job register_local_0_0 from (8.0.0) to (8.0.0)
07/09/20 21:04:19 Event: ULOG_SUBMIT for HTCondor Node register_local_0_0 (8.0.0) {07/09/20 21:04:14}
07/09/20 21:04:19 Number of idle job procs: 2
07/09/20 21:04:19 Event: ULOG_EXECUTE for HTCondor Node register_local_0_0 (8.0.0) {07/09/20 21:04:15}
07/09/20 21:04:19 Number of idle job procs: 1
07/09/20 21:04:19 Event: ULOG_EXECUTE for HTCondor Node clean_up_local_level_4_0 (7.0.0) {07/09/20 21:04:15}
07/09/20 21:04:19 Number of idle job procs: 0
07/09/20 21:04:19 Event: ULOG_JOB_TERMINATED for HTCondor Node register_local_0_0 (8.0.0) {07/09/20 21:04:16}
07/09/20 21:04:19 Number of idle job procs: 0
07/09/20 21:04:19 Node register_local_0_0 job proc (8.0.0) completed successfully.
07/09/20 21:04:19 Node register_local_0_0 job completed
07/09/20 21:04:19 Running POST script of Node register_local_0_0...
07/09/20 21:04:19 Warning: mysin has length 0 (ignore if produced by DAGMan; see gittrac #4987, #5031)
07/09/20 21:04:19 Event: ULOG_JOB_TERMINATED for HTCondor Node clean_up_local_level_4_0 (7.0.0) {07/09/20 21:04:17}
07/09/20 21:04:19 Number of idle job procs: 0
07/09/20 21:04:19 Node clean_up_local_level_4_0 job proc (7.0.0) completed successfully.
07/09/20 21:04:19 Node clean_up_local_level_4_0 job completed
07/09/20 21:04:19 Running POST script of Node clean_up_local_level_4_0...
07/09/20 21:04:19 Warning: mysin has length 0 (ignore if produced by DAGMan; see gittrac #4987, #5031)
07/09/20 21:04:19 DAG status: 0 (DAG_STATUS_OK)
07/09/20 21:04:19 Of 8 nodes total:
07/09/20 21:04:19  Done     Pre   Queued    Post   Ready   Un-Ready   Failed
07/09/20 21:04:19   ===     ===      ===     ===     ===        ===      ===
07/09/20 21:04:19     5       0        0       2       0          1        0
07/09/20 21:04:19 0 job proc(s) currently held
07/09/20 21:04:19 DAGMan Runtime Statistics: [ EventCycleTimeStd = 0.02280684948358646; EventCycleTimeMax = 0.07749485969543457; SubmitCycleTimeMin = 0.0003449916839599609; SubmitCycleTimeAvg = 0.01689265668392181; SleepCycleTimeCount = 15.0; SubmitCycleTimeCount = 16.0; SubmitCycleTimeMax = 0.07263898849487305; SleepCycleTimeMin = 5.00513482093811; SubmitCycleTimeSum = 0.270282506942749; LogProcessCycleTimeStd = 0.01207684198446104; SubmitCycleTimeStd = 0.0264441826179765; LogProcessCycleTimeAvg = 0.01640866019509055; EventCycleTimeMin = 0.003499031066894531; LogProcessCycleTimeMax = 0.03575611114501953; LogProcessCycleTimeMin = 0.002769947052001953; LogProcessCycleTimeSum = 0.1804952621459961; LogProcessCycleTimeCount = 11.0; EventCycleTimeSum = 0.5020604133605957; SleepCycleTimeSum = 75.93396759033203; SleepCycleTimeAvg = 5.062264506022135; SleepCycleTimeStd = 0.09649365814056468; SleepCycleTimeMax = 5.232049942016602; EventCycleTimeCount = 15.0; EventCycleTimeAvg = 0.03347069422403971; ]
07/09/20 21:04:20 Initializing user log writer for /home/scitech/shared-data/workflow/scitech/pegasus/hello-world/run0002/./hello-world-0.dag.nodes.log, (8.0.0)
07/09/20 21:04:20 Initializing user log writer for /home/scitech/shared-data/workflow/scitech/pegasus/hello-world/run0002/./hello-world-0.dag.nodes.log, (7.0.0)
07/09/20 21:04:24 Currently monitoring 1 HTCondor log file(s)
07/09/20 21:04:24 Event: ULOG_POST_SCRIPT_TERMINATED for HTCondor Node register_local_0_0 (8.0.0) {07/09/20 21:04:20}
07/09/20 21:04:24 POST Script of node register_local_0_0 completed successfully.
07/09/20 21:04:24 Event: ULOG_POST_SCRIPT_TERMINATED for HTCondor Node clean_up_local_level_4_0 (7.0.0) {07/09/20 21:04:20}
07/09/20 21:04:24 POST Script of node clean_up_local_level_4_0 completed successfully.
07/09/20 21:04:24 DAG status: 0 (DAG_STATUS_OK)
07/09/20 21:04:24 Of 8 nodes total:
07/09/20 21:04:24  Done     Pre   Queued    Post   Ready   Un-Ready   Failed
07/09/20 21:04:24   ===     ===      ===     ===     ===        ===      ===
07/09/20 21:04:24     7       0        0       0       1          0        0
07/09/20 21:04:24 0 job proc(s) currently held
07/09/20 21:04:24 DAGMan Runtime Statistics: [ EventCycleTimeStd = 0.02203390141014831; EventCycleTimeMax = 0.07749485969543457; SubmitCycleTimeMin = 0.0003449916839599609; SubmitCycleTimeAvg = 0.01593567343319164; SleepCycleTimeCount = 16.0; SubmitCycleTimeCount = 17.0; SubmitCycleTimeMax = 0.07263898849487305; SleepCycleTimeMin = 4.247041940689087; SubmitCycleTimeSum = 0.2709064483642578; LogProcessCycleTimeStd = 0.01192217103431531; SubmitCycleTimeStd = 0.02590671259932669; LogProcessCycleTimeAvg = 0.01551669836044312; EventCycleTimeMin = 0.003499031066894531; LogProcessCycleTimeMax = 0.03575611114501953; LogProcessCycleTimeMin = 0.002769947052001953; LogProcessCycleTimeSum = 0.1862003803253174; LogProcessCycleTimeCount = 12.0; EventCycleTimeSum = 0.5360565185546875; SleepCycleTimeSum = 80.18100953102112; SleepCycleTimeAvg = 5.01131309568882; SleepCycleTimeStd = 0.2241138782624893; SleepCycleTimeMax = 5.232049942016602; EventCycleTimeCount = 16.0; EventCycleTimeAvg = 0.03350353240966797; ]
07/09/20 21:04:29 Submitting HTCondor Node cleanup_hello-world_0_local job(s)...
07/09/20 21:04:29 Adding a DAGMan workflow log /home/scitech/shared-data/workflow/scitech/pegasus/hello-world/run0002/./hello-world-0.dag.nodes.log
07/09/20 21:04:29 Masking the events recorded in the DAGMAN workflow log
07/09/20 21:04:29 Mask for workflow log is 0,1,2,4,5,7,9,10,11,12,13,16,17,24,27,35,36
07/09/20 21:04:29 submitting: /usr/bin/condor_submit -a dag_node_name' '=' 'cleanup_hello-world_0_local -a +DAGManJobId' '=' '1 -a DAGManJobId' '=' '1 -batch-name hello-world-0.dag+1 -a submit_event_notes' '=' 'DAG' 'Node:' 'cleanup_hello-world_0_local -a dagman_log' '=' '/home/scitech/shared-data/workflow/scitech/pegasus/hello-world/run0002/./hello-world-0.dag.nodes.log -a +DAGManNodesMask' '=' '"0,1,2,4,5,7,9,10,11,12,13,16,17,24,27,35,36" -a priority=1000 -a +DAGNodeRetry' '=' '0 -a DAG_STATUS' '=' '0 -a FAILED_COUNT' '=' '0 -a notification' '=' 'never -a +DAGParentNodeNames' '=' '"clean_up_local_level_3_0,clean_up_local_level_4_0" 00/00/cleanup_hello-world_0_local.sub
07/09/20 21:04:29 From submit: Submitting job(s).
07/09/20 21:04:29 From submit: 1 job(s) submitted to cluster 9.
07/09/20 21:04:29 	assigned HTCondor ID (9.0.0)
07/09/20 21:04:29 Just submitted 1 job this cycle...
07/09/20 21:04:29 DAG status: 0 (DAG_STATUS_OK)
07/09/20 21:04:29 Of 8 nodes total:
07/09/20 21:04:29  Done     Pre   Queued    Post   Ready   Un-Ready   Failed
07/09/20 21:04:29   ===     ===      ===     ===     ===        ===      ===
07/09/20 21:04:29     7       0        1       0       0          0        0
07/09/20 21:04:29 0 job proc(s) currently held
07/09/20 21:04:29 DAGMan Runtime Statistics: [ EventCycleTimeStd = 0.02199793625667007; EventCycleTimeMax = 0.07749485969543457; SubmitCycleTimeMin = 0.0003449916839599609; SubmitCycleTimeAvg = 0.01698835690816243; SleepCycleTimeCount = 17.0; SubmitCycleTimeCount = 18.0; SubmitCycleTimeMax = 0.07263898849487305; SleepCycleTimeMin = 4.247041940689087; SubmitCycleTimeSum = 0.3057904243469238; LogProcessCycleTimeStd = 0.01192217103431531; SubmitCycleTimeStd = 0.02552693586344529; LogProcessCycleTimeAvg = 0.01551669836044312; EventCycleTimeMin = 0.003499031066894531; LogProcessCycleTimeMax = 0.03575611114501953; LogProcessCycleTimeMin = 0.002769947052001953; LogProcessCycleTimeSum = 0.1862003803253174; LogProcessCycleTimeCount = 12.0; EventCycleTimeSum = 0.5474486351013184; SleepCycleTimeSum = 85.18878054618835; SleepCycleTimeAvg = 5.011104738011079; SleepCycleTimeStd = 0.2169990300615652; SleepCycleTimeMax = 5.232049942016602; EventCycleTimeCount = 17.0; EventCycleTimeAvg = 0.03220286088831285; ]
07/09/20 21:04:34 Currently monitoring 1 HTCondor log file(s)
07/09/20 21:04:34 Reassigning the id of job cleanup_hello-world_0_local from (9.0.0) to (9.0.0)
07/09/20 21:04:34 Event: ULOG_SUBMIT for HTCondor Node cleanup_hello-world_0_local (9.0.0) {07/09/20 21:04:29}
07/09/20 21:04:34 Number of idle job procs: 1
07/09/20 21:04:34 Event: ULOG_EXECUTE for HTCondor Node cleanup_hello-world_0_local (9.0.0) {07/09/20 21:04:30}
07/09/20 21:04:34 Number of idle job procs: 0
07/09/20 21:04:34 Event: ULOG_JOB_TERMINATED for HTCondor Node cleanup_hello-world_0_local (9.0.0) {07/09/20 21:04:32}
07/09/20 21:04:34 Number of idle job procs: 0
07/09/20 21:04:34 Node cleanup_hello-world_0_local job proc (9.0.0) completed successfully.
07/09/20 21:04:34 Node cleanup_hello-world_0_local job completed
07/09/20 21:04:34 Running POST script of Node cleanup_hello-world_0_local...
07/09/20 21:04:34 Warning: mysin has length 0 (ignore if produced by DAGMan; see gittrac #4987, #5031)
07/09/20 21:04:34 DAG status: 0 (DAG_STATUS_OK)
07/09/20 21:04:34 Of 8 nodes total:
07/09/20 21:04:34  Done     Pre   Queued    Post   Ready   Un-Ready   Failed
07/09/20 21:04:34   ===     ===      ===     ===     ===        ===      ===
07/09/20 21:04:34     7       0        0       1       0          0        0
07/09/20 21:04:34 0 job proc(s) currently held
07/09/20 21:04:34 DAGMan Runtime Statistics: [ EventCycleTimeStd = 0.02141004485301006; EventCycleTimeMax = 0.07749485969543457; SubmitCycleTimeMin = 0.0003449916839599609; SubmitCycleTimeAvg = 0.01613102461162366; SleepCycleTimeCount = 18.0; SubmitCycleTimeCount = 19.0; SubmitCycleTimeMax = 0.07263898849487305; SleepCycleTimeMin = 4.247041940689087; SubmitCycleTimeSum = 0.3064894676208496; LogProcessCycleTimeStd = 0.01141643039059972; SubmitCycleTimeStd = 0.02508761548365945; LogProcessCycleTimeAvg = 0.01557324482844426; EventCycleTimeMin = 0.003499031066894531; LogProcessCycleTimeMax = 0.03575611114501953; LogProcessCycleTimeMin = 0.002769947052001953; LogProcessCycleTimeSum = 0.2024521827697754; LogProcessCycleTimeCount = 13.0; EventCycleTimeSum = 0.5869336128234863; SleepCycleTimeSum = 90.19885849952698; SleepCycleTimeAvg = 5.011047694418165; SleepCycleTimeStd = 0.2105201206644645; SleepCycleTimeMax = 5.232049942016602; EventCycleTimeCount = 18.0; EventCycleTimeAvg = 0.03260742293463813; ]
07/09/20 21:04:34 Initializing user log writer for /home/scitech/shared-data/workflow/scitech/pegasus/hello-world/run0002/./hello-world-0.dag.nodes.log, (9.0.0)
07/09/20 21:04:39 Currently monitoring 1 HTCondor log file(s)
07/09/20 21:04:39 Event: ULOG_POST_SCRIPT_TERMINATED for HTCondor Node cleanup_hello-world_0_local (9.0.0) {07/09/20 21:04:34}
07/09/20 21:04:39 POST Script of node cleanup_hello-world_0_local completed successfully.
07/09/20 21:04:39 DAG status: 0 (DAG_STATUS_OK)
07/09/20 21:04:39 Of 8 nodes total:
07/09/20 21:04:39  Done     Pre   Queued    Post   Ready   Un-Ready   Failed
07/09/20 21:04:39   ===     ===      ===     ===     ===        ===      ===
07/09/20 21:04:39     8       0        0       0       0          0        0
07/09/20 21:04:39 0 job proc(s) currently held
07/09/20 21:04:39 DAGMan Runtime Statistics: [ EventCycleTimeStd = 0.02092092859932435; EventCycleTimeMax = 0.07749485969543457; SubmitCycleTimeMin = 0.0003449916839599609; SubmitCycleTimeAvg = 0.01537127494812012; SleepCycleTimeCount = 19.0; SubmitCycleTimeCount = 20.0; SubmitCycleTimeMax = 0.07263898849487305; SleepCycleTimeMin = 4.247041940689087; SubmitCycleTimeSum = 0.3074254989624023; LogProcessCycleTimeStd = 0.01113848570377228; SubmitCycleTimeStd = 0.02465374482204608; LogProcessCycleTimeAvg = 0.01505523068564279; EventCycleTimeMin = 0.003499031066894531; LogProcessCycleTimeMax = 0.03575611114501953; LogProcessCycleTimeMin = 0.002769947052001953; LogProcessCycleTimeSum = 0.210773229598999; LogProcessCycleTimeCount = 14.0; EventCycleTimeSum = 0.6100296974182129; SleepCycleTimeSum = 95.43527746200562; SleepCycleTimeAvg = 5.022909340105559; SleepCycleTimeStd = 0.2110209566758616; SleepCycleTimeMax = 5.236418962478638; EventCycleTimeCount = 19.0; EventCycleTimeAvg = 0.03210682617990594; ]
07/09/20 21:04:39 All jobs Completed!
07/09/20 21:04:39 Note: 0 total job deferrals because of -MaxJobs limit (0)
07/09/20 21:04:39 Note: 0 total job deferrals because of -MaxIdle limit (1000)
07/09/20 21:04:39 Note: 0 total job deferrals because of node category throttles
07/09/20 21:04:39 Note: 0 total PRE script deferrals because of -MaxPre limit (20) or DEFER
07/09/20 21:04:39 Note: 0 total POST script deferrals because of -MaxPost limit (20) or DEFER
07/09/20 21:04:39 DAG status: 0 (DAG_STATUS_OK)
07/09/20 21:04:39 Of 8 nodes total:
07/09/20 21:04:39  Done     Pre   Queued    Post   Ready   Un-Ready   Failed
07/09/20 21:04:39   ===     ===      ===     ===     ===        ===      ===
07/09/20 21:04:39     8       0        0       0       0          0        0
07/09/20 21:04:39 0 job proc(s) currently held
07/09/20 21:04:39 DAGMan Runtime Statistics: [ EventCycleTimeStd = 0.02092092859932435; EventCycleTimeMax = 0.07749485969543457; SubmitCycleTimeMin = 0.0003449916839599609; SubmitCycleTimeAvg = 0.01537127494812012; SleepCycleTimeCount = 19.0; SubmitCycleTimeCount = 20.0; SubmitCycleTimeMax = 0.07263898849487305; SleepCycleTimeMin = 4.247041940689087; SubmitCycleTimeSum = 0.3074254989624023; LogProcessCycleTimeStd = 0.01113848570377228; SubmitCycleTimeStd = 0.02465374482204608; LogProcessCycleTimeAvg = 0.01505523068564279; EventCycleTimeMin = 0.003499031066894531; LogProcessCycleTimeMax = 0.03575611114501953; LogProcessCycleTimeMin = 0.002769947052001953; LogProcessCycleTimeSum = 0.210773229598999; LogProcessCycleTimeCount = 14.0; EventCycleTimeSum = 0.6100296974182129; SleepCycleTimeSum = 95.43527746200562; SleepCycleTimeAvg = 5.022909340105559; SleepCycleTimeStd = 0.2110209566758616; SleepCycleTimeMax = 5.236418962478638; EventCycleTimeCount = 19.0; EventCycleTimeAvg = 0.03210682617990594; ]
07/09/20 21:04:39 Wrote metrics file hello-world-0.dag.metrics.
07/09/20 21:04:39 Reporting metrics to Pegasus metrics server(s); output is in hello-world-0.dag.metrics.out.
07/09/20 21:04:39 Running command </usr/libexec/condor/condor_dagman_metrics_reporter -f hello-world-0.dag.metrics -t 100>
07/09/20 21:04:39 Warning: mysin has length 0 (ignore if produced by DAGMan; see gittrac #4987, #5031)
07/09/20 21:04:39 DAGMan Runtime Statistics: [ EventCycleTimeStd = 0.02092092859932435; EventCycleTimeMax = 0.07749485969543457; SubmitCycleTimeMin = 0.0003449916839599609; SubmitCycleTimeAvg = 0.01537127494812012; SleepCycleTimeCount = 19.0; SubmitCycleTimeCount = 20.0; SubmitCycleTimeMax = 0.07263898849487305; SleepCycleTimeMin = 4.247041940689087; SubmitCycleTimeSum = 0.3074254989624023; LogProcessCycleTimeStd = 0.01113848570377228; SubmitCycleTimeStd = 0.02465374482204608; LogProcessCycleTimeAvg = 0.01505523068564279; EventCycleTimeMin = 0.003499031066894531; LogProcessCycleTimeMax = 0.03575611114501953; LogProcessCycleTimeMin = 0.002769947052001953; LogProcessCycleTimeSum = 0.210773229598999; LogProcessCycleTimeCount = 14.0; EventCycleTimeSum = 0.6100296974182129; SleepCycleTimeSum = 95.43527746200562; SleepCycleTimeAvg = 5.022909340105559; SleepCycleTimeStd = 0.2110209566758616; SleepCycleTimeMax = 5.236418962478638; EventCycleTimeCount = 19.0; EventCycleTimeAvg = 0.03210682617990594; ]
07/09/20 21:04:39 **** condor_scheduniv_exec.1.0 (condor_DAGMAN) pid 641 EXITING WITH STATUS 0
