000 (071.000.000) 09/10 13:32:38 Job submitted from host: <127.0.0.1:9618?addrs=127.0.0.1-9618&noUDP&sock=268_b7e0_4>
    DAG Node: create_dir_Cats_and_Dogs_0_local
    pool:local
...
001 (071.000.000) 09/10 13:32:39 Job executing on host: <127.0.0.1:9618?addrs=127.0.0.1-9618&noUDP&sock=276_3784_71>
...
005 (071.000.000) 09/10 13:32:41 Job terminated.
	(1) Normal termination (return value 0)
		Usr 0 00:00:00, Sys 0 00:00:00  -  Run Remote Usage
		Usr 0 00:00:00, Sys 0 00:00:00  -  Run Local Usage
		Usr 0 00:00:00, Sys 0 00:00:00  -  Total Remote Usage
		Usr 0 00:00:00, Sys 0 00:00:00  -  Total Local Usage
	0  -  Run Bytes Sent By Job
	0  -  Run Bytes Received By Job
	0  -  Total Bytes Sent By Job
	0  -  Total Bytes Received By Job
...
000 (072.000.000) 09/10 13:32:53 Job submitted from host: <127.0.0.1:9618?addrs=127.0.0.1-9618&noUDP&sock=268_b7e0_4>
    DAG Node: stage_in_remote_local_2_0
    pool:local
...
000 (073.000.000) 09/10 13:32:53 Job submitted from host: <127.0.0.1:9618?addrs=127.0.0.1-9618&noUDP&sock=268_b7e0_4>
    DAG Node: stage_in_remote_local_1_0
    pool:local
...
000 (074.000.000) 09/10 13:32:53 Job submitted from host: <127.0.0.1:9618?addrs=127.0.0.1-9618&noUDP&sock=268_b7e0_4>
    DAG Node: stage_in_remote_local_0_0
    pool:local
...
000 (075.000.000) 09/10 13:32:54 Job submitted from host: <127.0.0.1:9618?addrs=127.0.0.1-9618&noUDP&sock=268_b7e0_4>
    DAG Node: stage_in_local_local_4_0
    pool:local
...
001 (072.000.000) 09/10 13:32:54 Job executing on host: <127.0.0.1:9618?addrs=127.0.0.1-9618&noUDP&sock=276_3784_72>
...
001 (073.000.000) 09/10 13:32:54 Job executing on host: <127.0.0.1:9618?addrs=127.0.0.1-9618&noUDP&sock=276_3784_73>
...
001 (074.000.000) 09/10 13:32:54 Job executing on host: <127.0.0.1:9618?addrs=127.0.0.1-9618&noUDP&sock=276_3784_74>
...
000 (076.000.000) 09/10 13:32:54 Job submitted from host: <127.0.0.1:9618?addrs=127.0.0.1-9618&noUDP&sock=268_b7e0_4>
    DAG Node: stage_in_local_local_0_0
    pool:local
...
001 (075.000.000) 09/10 13:32:54 Job executing on host: <127.0.0.1:9618?addrs=127.0.0.1-9618&noUDP&sock=276_3784_75>
...
000 (077.000.000) 09/10 13:32:54 Job submitted from host: <127.0.0.1:9618?addrs=127.0.0.1-9618&noUDP&sock=268_b7e0_4>
    DAG Node: stage_in_remote_local_4_0
    pool:local
...
000 (078.000.000) 09/10 13:32:54 Job submitted from host: <127.0.0.1:9618?addrs=127.0.0.1-9618&noUDP&sock=268_b7e0_4>
    DAG Node: stage_in_remote_local_3_0
    pool:local
...
005 (075.000.000) 09/10 13:32:56 Job terminated.
	(1) Normal termination (return value 0)
		Usr 0 00:00:00, Sys 0 00:00:00  -  Run Remote Usage
		Usr 0 00:00:00, Sys 0 00:00:00  -  Run Local Usage
		Usr 0 00:00:00, Sys 0 00:00:00  -  Total Remote Usage
		Usr 0 00:00:00, Sys 0 00:00:00  -  Total Local Usage
	0  -  Run Bytes Sent By Job
	0  -  Run Bytes Received By Job
	0  -  Total Bytes Sent By Job
	0  -  Total Bytes Received By Job
...
001 (076.000.000) 09/10 13:32:56 Job executing on host: <127.0.0.1:9618?addrs=127.0.0.1-9618&noUDP&sock=276_3784_76>
...
001 (077.000.000) 09/10 13:32:56 Job executing on host: <127.0.0.1:9618?addrs=127.0.0.1-9618&noUDP&sock=276_3784_77>
...
005 (074.000.000) 09/10 13:32:56 Job terminated.
	(1) Normal termination (return value 0)
		Usr 0 00:00:00, Sys 0 00:00:00  -  Run Remote Usage
		Usr 0 00:00:00, Sys 0 00:00:00  -  Run Local Usage
		Usr 0 00:00:00, Sys 0 00:00:00  -  Total Remote Usage
		Usr 0 00:00:00, Sys 0 00:00:00  -  Total Local Usage
	0  -  Run Bytes Sent By Job
	0  -  Run Bytes Received By Job
	0  -  Total Bytes Sent By Job
	0  -  Total Bytes Received By Job
...
001 (078.000.000) 09/10 13:32:56 Job executing on host: <127.0.0.1:9618?addrs=127.0.0.1-9618&noUDP&sock=276_3784_78>
...
005 (073.000.000) 09/10 13:32:56 Job terminated.
	(1) Normal termination (return value 0)
		Usr 0 00:00:00, Sys 0 00:00:00  -  Run Remote Usage
		Usr 0 00:00:00, Sys 0 00:00:00  -  Run Local Usage
		Usr 0 00:00:00, Sys 0 00:00:00  -  Total Remote Usage
		Usr 0 00:00:00, Sys 0 00:00:00  -  Total Local Usage
	0  -  Run Bytes Sent By Job
	0  -  Run Bytes Received By Job
	0  -  Total Bytes Sent By Job
	0  -  Total Bytes Received By Job
...
005 (072.000.000) 09/10 13:32:56 Job terminated.
	(1) Normal termination (return value 0)
		Usr 0 00:00:00, Sys 0 00:00:00  -  Run Remote Usage
		Usr 0 00:00:00, Sys 0 00:00:00  -  Run Local Usage
		Usr 0 00:00:00, Sys 0 00:00:00  -  Total Remote Usage
		Usr 0 00:00:00, Sys 0 00:00:00  -  Total Local Usage
	0  -  Run Bytes Sent By Job
	0  -  Run Bytes Received By Job
	0  -  Total Bytes Sent By Job
	0  -  Total Bytes Received By Job
...
005 (078.000.000) 09/10 13:32:59 Job terminated.
	(1) Normal termination (return value 0)
		Usr 0 00:00:00, Sys 0 00:00:00  -  Run Remote Usage
		Usr 0 00:00:00, Sys 0 00:00:00  -  Run Local Usage
		Usr 0 00:00:00, Sys 0 00:00:00  -  Total Remote Usage
		Usr 0 00:00:00, Sys 0 00:00:00  -  Total Local Usage
	0  -  Run Bytes Sent By Job
	0  -  Run Bytes Received By Job
	0  -  Total Bytes Sent By Job
	0  -  Total Bytes Received By Job
...
005 (077.000.000) 09/10 13:32:59 Job terminated.
	(1) Normal termination (return value 0)
		Usr 0 00:00:00, Sys 0 00:00:00  -  Run Remote Usage
		Usr 0 00:00:00, Sys 0 00:00:00  -  Run Local Usage
		Usr 0 00:00:00, Sys 0 00:00:00  -  Total Remote Usage
		Usr 0 00:00:00, Sys 0 00:00:00  -  Total Local Usage
	0  -  Run Bytes Sent By Job
	0  -  Run Bytes Received By Job
	0  -  Total Bytes Sent By Job
	0  -  Total Bytes Received By Job
...
005 (076.000.000) 09/10 13:33:43 Job terminated.
	(1) Normal termination (return value 0)
		Usr 0 00:00:00, Sys 0 00:00:00  -  Run Remote Usage
		Usr 0 00:00:00, Sys 0 00:00:01  -  Run Local Usage
		Usr 0 00:00:00, Sys 0 00:00:00  -  Total Remote Usage
		Usr 0 00:00:00, Sys 0 00:00:00  -  Total Local Usage
	0  -  Run Bytes Sent By Job
	0  -  Run Bytes Received By Job
	0  -  Total Bytes Sent By Job
	0  -  Total Bytes Received By Job
...
000 (092.000.000) 09/10 13:33:55 Job submitted from host: <127.0.0.1:9618?addrs=127.0.0.1-9618&noUDP&sock=268_b7e0_4>
    DAG Node: preprocess1_py_ID0000001
    pool:condorpool
...
001 (092.000.000) 09/10 13:34:04 Job executing on host: <127.0.0.1:9618?addrs=127.0.0.1-9618&noUDP&sock=268_b7e0_5>
...
006 (092.000.000) 09/10 13:34:11 Image size of job updated: 186256
	20  -  MemoryUsage of job (MB)
	20208  -  ResidentSetSize of job (KB)
...
006 (092.000.000) 09/10 13:34:14 Image size of job updated: 468832
	20  -  MemoryUsage of job (MB)
	20208  -  ResidentSetSize of job (KB)
...
005 (092.000.000) 09/10 13:34:15 Job terminated.
	(1) Normal termination (return value 0)
		Usr 0 00:00:00, Sys 0 00:00:00  -  Run Remote Usage
		Usr 0 00:00:00, Sys 0 00:00:00  -  Run Local Usage
		Usr 0 00:00:00, Sys 0 00:00:00  -  Total Remote Usage
		Usr 0 00:00:00, Sys 0 00:00:00  -  Total Local Usage
	3106532  -  Run Bytes Sent By Job
	13826055  -  Run Bytes Received By Job
	3106532  -  Total Bytes Sent By Job
	13826055  -  Total Bytes Received By Job
	Partitionable Resources :    Usage  Request Allocated 
	   Cpus                 :     0.21        1         1 
	   Disk (KB)            : 70574       15000   4687149 
	   Memory (MB)          :    20           1       991 
...
000 (095.000.000) 09/10 13:34:25 Job submitted from host: <127.0.0.1:9618?addrs=127.0.0.1-9618&noUDP&sock=268_b7e0_4>
    DAG Node: clean_up_local_level_3_0
    pool:local
...
000 (096.000.000) 09/10 13:34:25 Job submitted from host: <127.0.0.1:9618?addrs=127.0.0.1-9618&noUDP&sock=268_b7e0_4>
    DAG Node: stage_out_local_local_0_0
    pool:local
...
000 (097.000.000) 09/10 13:34:26 Job submitted from host: <127.0.0.1:9618?addrs=127.0.0.1-9618&noUDP&sock=268_b7e0_4>
    DAG Node: Augmentation_py_ID0000002
    pool:condorpool
...
001 (095.000.000) 09/10 13:34:29 Job executing on host: <127.0.0.1:9618?addrs=127.0.0.1-9618&noUDP&sock=276_3784_94>
...
001 (096.000.000) 09/10 13:34:29 Job executing on host: <127.0.0.1:9618?addrs=127.0.0.1-9618&noUDP&sock=276_3784_95>
...
001 (097.000.000) 09/10 13:34:33 Job executing on host: <127.0.0.1:9618?addrs=127.0.0.1-9618&noUDP&sock=268_b7e0_5>
...
006 (097.000.000) 09/10 13:34:40 Image size of job updated: 37
	7  -  MemoryUsage of job (MB)
	6460  -  ResidentSetSize of job (KB)
...
006 (097.000.000) 09/10 13:34:46 Image size of job updated: 199340
	20  -  MemoryUsage of job (MB)
	20452  -  ResidentSetSize of job (KB)
...
005 (095.000.000) 09/10 13:34:46 Job terminated.
	(1) Normal termination (return value 0)
		Usr 0 00:00:00, Sys 0 00:00:00  -  Run Remote Usage
		Usr 0 00:00:00, Sys 0 00:00:00  -  Run Local Usage
		Usr 0 00:00:00, Sys 0 00:00:00  -  Total Remote Usage
		Usr 0 00:00:00, Sys 0 00:00:00  -  Total Local Usage
	0  -  Run Bytes Sent By Job
	0  -  Run Bytes Received By Job
	0  -  Total Bytes Sent By Job
	0  -  Total Bytes Received By Job
...
006 (097.000.000) 09/10 13:34:51 Image size of job updated: 227424
	20  -  MemoryUsage of job (MB)
	20452  -  ResidentSetSize of job (KB)
...
006 (097.000.000) 09/10 13:34:56 Image size of job updated: 838104
	210  -  MemoryUsage of job (MB)
	214136  -  ResidentSetSize of job (KB)
...
006 (097.000.000) 09/10 13:35:12 Image size of job updated: 885704
	210  -  MemoryUsage of job (MB)
	214136  -  ResidentSetSize of job (KB)
...
005 (097.000.000) 09/10 13:35:15 Job terminated.
	(1) Normal termination (return value 0)
		Usr 0 00:00:12, Sys 0 00:00:02  -  Run Remote Usage
		Usr 0 00:00:00, Sys 0 00:00:00  -  Run Local Usage
		Usr 0 00:00:12, Sys 0 00:00:02  -  Total Remote Usage
		Usr 0 00:00:00, Sys 0 00:00:00  -  Total Local Usage
	7315827  -  Run Bytes Sent By Job
	13845904  -  Run Bytes Received By Job
	7315827  -  Total Bytes Sent By Job
	13845904  -  Total Bytes Received By Job
	Partitionable Resources :    Usage  Request Allocated 
	   Cpus                 :        0        1         1 
	   Disk (KB)            :    85649    15000   4687149 
	   Memory (MB)          :      210        1       991 
...
000 (104.000.000) 09/10 13:35:32 Job submitted from host: <127.0.0.1:9618?addrs=127.0.0.1-9618&noUDP&sock=268_b7e0_4>
    DAG Node: stage_out_local_local_1_0
    pool:local
...
005 (096.000.000) 09/10 13:35:32 Job terminated.
	(1) Normal termination (return value 0)
		Usr 0 00:00:00, Sys 0 00:00:00  -  Run Remote Usage
		Usr 0 00:00:01, Sys 0 00:00:01  -  Run Local Usage
		Usr 0 00:00:00, Sys 0 00:00:00  -  Total Remote Usage
		Usr 0 00:00:00, Sys 0 00:00:00  -  Total Local Usage
	0  -  Run Bytes Sent By Job
	0  -  Run Bytes Received By Job
	0  -  Total Bytes Sent By Job
	0  -  Total Bytes Received By Job
...
000 (105.000.000) 09/10 13:35:33 Job submitted from host: <127.0.0.1:9618?addrs=127.0.0.1-9618&noUDP&sock=268_b7e0_4>
    DAG Node: Data_Split_py_ID0000003
    pool:condorpool
...
001 (104.000.000) 09/10 13:35:33 Job executing on host: <127.0.0.1:9618?addrs=127.0.0.1-9618&noUDP&sock=276_3784_103>
...
001 (105.000.000) 09/10 13:35:47 Job executing on host: <127.0.0.1:9618?addrs=127.0.0.1-9618&noUDP&sock=268_b7e0_5>
...
000 (106.000.000) 09/10 13:35:48 Job submitted from host: <127.0.0.1:9618?addrs=127.0.0.1-9618&noUDP&sock=268_b7e0_4>
    DAG Node: clean_up_local_level_4_0
    pool:local
...
000 (107.000.000) 09/10 13:35:48 Job submitted from host: <127.0.0.1:9618?addrs=127.0.0.1-9618&noUDP&sock=268_b7e0_4>
    DAG Node: register_local_0_0
    pool:local
...
001 (106.000.000) 09/10 13:35:52 Job executing on host: <127.0.0.1:9618?addrs=127.0.0.1-9618&noUDP&sock=276_3784_105>
...
001 (107.000.000) 09/10 13:35:52 Job executing on host: <127.0.0.1:9618?addrs=127.0.0.1-9618&noUDP&sock=276_3784_106>
...
006 (105.000.000) 09/10 13:35:53 Image size of job updated: 228572
	24  -  MemoryUsage of job (MB)
	24220  -  ResidentSetSize of job (KB)
...
006 (105.000.000) 09/10 13:35:58 Image size of job updated: 358664
	30  -  MemoryUsage of job (MB)
	30216  -  ResidentSetSize of job (KB)
...
005 (106.000.000) 09/10 13:36:10 Job terminated.
	(1) Normal termination (return value 0)
		Usr 0 00:00:00, Sys 0 00:00:00  -  Run Remote Usage
		Usr 0 00:00:00, Sys 0 00:00:00  -  Run Local Usage
		Usr 0 00:00:00, Sys 0 00:00:00  -  Total Remote Usage
		Usr 0 00:00:00, Sys 0 00:00:00  -  Total Local Usage
	0  -  Run Bytes Sent By Job
	0  -  Run Bytes Received By Job
	0  -  Total Bytes Sent By Job
	0  -  Total Bytes Received By Job
...
005 (107.000.000) 09/10 13:36:15 Job terminated.
	(1) Normal termination (return value 0)
		Usr 0 00:00:00, Sys 0 00:00:00  -  Run Remote Usage
		Usr 0 00:00:01, Sys 0 00:00:01  -  Run Local Usage
		Usr 0 00:00:00, Sys 0 00:00:00  -  Total Remote Usage
		Usr 0 00:00:00, Sys 0 00:00:00  -  Total Local Usage
	0  -  Run Bytes Sent By Job
	0  -  Run Bytes Received By Job
	0  -  Total Bytes Sent By Job
	0  -  Total Bytes Received By Job
...
005 (105.000.000) 09/10 13:36:31 Job terminated.
	(1) Normal termination (return value 0)
		Usr 0 00:00:01, Sys 0 00:00:01  -  Run Remote Usage
		Usr 0 00:00:00, Sys 0 00:00:00  -  Run Local Usage
		Usr 0 00:00:01, Sys 0 00:00:01  -  Total Remote Usage
		Usr 0 00:00:00, Sys 0 00:00:00  -  Total Local Usage
	123865  -  Run Bytes Sent By Job
	18000788  -  Run Bytes Received By Job
	123865  -  Total Bytes Sent By Job
	18000788  -  Total Bytes Received By Job
	Partitionable Resources :    Usage  Request Allocated 
	   Cpus                 :     0.08        1         1 
	   Disk (KB)            : 71817       20000   4687149 
	   Memory (MB)          :    30           1       991 
...
000 (111.000.000) 09/10 13:36:45 Job submitted from host: <127.0.0.1:9618?addrs=127.0.0.1-9618&noUDP&sock=268_b7e0_4>
    DAG Node: stage_out_local_local_2_0
    pool:local
...
001 (111.000.000) 09/10 13:36:46 Job executing on host: <127.0.0.1:9618?addrs=127.0.0.1-9618&noUDP&sock=276_3784_110>
...
000 (112.000.000) 09/10 13:36:47 Job submitted from host: <127.0.0.1:9618?addrs=127.0.0.1-9618&noUDP&sock=268_b7e0_4>
    DAG Node: VGG_model_py_ID0000004
    pool:condorpool
...
005 (111.000.000) 09/10 13:36:52 Job terminated.
	(1) Normal termination (return value 0)
		Usr 0 00:00:00, Sys 0 00:00:00  -  Run Remote Usage
		Usr 0 00:00:00, Sys 0 00:00:00  -  Run Local Usage
		Usr 0 00:00:00, Sys 0 00:00:00  -  Total Remote Usage
		Usr 0 00:00:00, Sys 0 00:00:00  -  Total Local Usage
	0  -  Run Bytes Sent By Job
	0  -  Run Bytes Received By Job
	0  -  Total Bytes Sent By Job
	0  -  Total Bytes Received By Job
...
001 (112.000.000) 09/10 13:36:54 Job executing on host: <127.0.0.1:9618?addrs=127.0.0.1-9618&noUDP&sock=268_b7e0_5>
...
006 (112.000.000) 09/10 13:37:01 Image size of job updated: 43392
	7  -  MemoryUsage of job (MB)
	6968  -  ResidentSetSize of job (KB)
...
006 (112.000.000) 09/10 13:37:06 Image size of job updated: 354048
	29  -  MemoryUsage of job (MB)
	29236  -  ResidentSetSize of job (KB)
...
000 (113.000.000) 09/10 13:37:07 Job submitted from host: <127.0.0.1:9618?addrs=127.0.0.1-9618&noUDP&sock=268_b7e0_4>
    DAG Node: register_local_2_0
    pool:local
...
001 (113.000.000) 09/10 13:37:11 Job executing on host: <127.0.0.1:9618?addrs=127.0.0.1-9618&noUDP&sock=276_3784_112>
...
005 (113.000.000) 09/10 13:37:30 Job terminated.
	(1) Normal termination (return value 0)
		Usr 0 00:00:00, Sys 0 00:00:00  -  Run Remote Usage
		Usr 0 00:00:01, Sys 0 00:00:01  -  Run Local Usage
		Usr 0 00:00:00, Sys 0 00:00:00  -  Total Remote Usage
		Usr 0 00:00:00, Sys 0 00:00:00  -  Total Local Usage
	0  -  Run Bytes Sent By Job
	0  -  Run Bytes Received By Job
	0  -  Total Bytes Sent By Job
	0  -  Total Bytes Received By Job
...
006 (112.000.000) 09/10 13:37:33 Image size of job updated: 354048
	31  -  MemoryUsage of job (MB)
	31744  -  ResidentSetSize of job (KB)
...
006 (112.000.000) 09/10 13:37:44 Image size of job updated: 1223952
	554  -  MemoryUsage of job (MB)
	566836  -  ResidentSetSize of job (KB)
...
006 (112.000.000) 09/10 13:37:49 Image size of job updated: 2432084
	698  -  MemoryUsage of job (MB)
	714312  -  ResidentSetSize of job (KB)
...
006 (112.000.000) 09/10 13:37:54 Image size of job updated: 2432084
	704  -  MemoryUsage of job (MB)
	720060  -  ResidentSetSize of job (KB)
...
005 (104.000.000) 09/10 13:39:21 Job terminated.
	(1) Normal termination (return value 0)
		Usr 0 00:00:00, Sys 0 00:00:00  -  Run Remote Usage
		Usr 0 00:00:03, Sys 0 00:00:05  -  Run Local Usage
		Usr 0 00:00:00, Sys 0 00:00:00  -  Total Remote Usage
		Usr 0 00:00:00, Sys 0 00:00:00  -  Total Local Usage
	0  -  Run Bytes Sent By Job
	0  -  Run Bytes Received By Job
	0  -  Total Bytes Sent By Job
	0  -  Total Bytes Received By Job
...
000 (124.000.000) 09/10 13:39:34 Job submitted from host: <127.0.0.1:9618?addrs=127.0.0.1-9618&noUDP&sock=268_b7e0_4>
    DAG Node: clean_up_local_level_5_0
    pool:local
...
000 (125.000.000) 09/10 13:39:34 Job submitted from host: <127.0.0.1:9618?addrs=127.0.0.1-9618&noUDP&sock=268_b7e0_4>
    DAG Node: register_local_1_0
    pool:local
...
001 (124.000.000) 09/10 13:39:39 Job executing on host: <127.0.0.1:9618?addrs=127.0.0.1-9618&noUDP&sock=276_3784_123>
...
001 (125.000.000) 09/10 13:39:39 Job executing on host: <127.0.0.1:9618?addrs=127.0.0.1-9618&noUDP&sock=276_3784_124>
...
005 (124.000.000) 09/10 13:39:48 Job terminated.
	(1) Normal termination (return value 0)
		Usr 0 00:00:00, Sys 0 00:00:00  -  Run Remote Usage
		Usr 0 00:00:00, Sys 0 00:00:00  -  Run Local Usage
		Usr 0 00:00:00, Sys 0 00:00:00  -  Total Remote Usage
		Usr 0 00:00:00, Sys 0 00:00:00  -  Total Local Usage
	0  -  Run Bytes Sent By Job
	0  -  Run Bytes Received By Job
	0  -  Total Bytes Sent By Job
	0  -  Total Bytes Received By Job
...
005 (125.000.000) 09/10 13:39:59 Job terminated.
	(1) Normal termination (return value 0)
		Usr 0 00:00:00, Sys 0 00:00:00  -  Run Remote Usage
		Usr 0 00:00:00, Sys 0 00:00:00  -  Run Local Usage
		Usr 0 00:00:00, Sys 0 00:00:00  -  Total Remote Usage
		Usr 0 00:00:00, Sys 0 00:00:00  -  Total Local Usage
	0  -  Run Bytes Sent By Job
	0  -  Run Bytes Received By Job
	0  -  Total Bytes Sent By Job
	0  -  Total Bytes Received By Job
...
006 (112.000.000) 09/10 13:55:02 Image size of job updated: 2531636
	764  -  MemoryUsage of job (MB)
	781608  -  ResidentSetSize of job (KB)
...
006 (112.000.000) 09/10 13:55:20 Image size of job updated: 2531636
	804  -  MemoryUsage of job (MB)
	823016  -  ResidentSetSize of job (KB)
...
006 (112.000.000) 09/10 13:55:31 Image size of job updated: 2531636
	825  -  MemoryUsage of job (MB)
	843856  -  ResidentSetSize of job (KB)
...
005 (112.000.000) 09/10 13:57:07 Job terminated.
	(1) Normal termination (return value 0)
		Usr 0 00:17:24, Sys 0 00:00:53  -  Run Remote Usage
		Usr 0 00:00:00, Sys 0 00:00:00  -  Run Local Usage
		Usr 0 00:17:24, Sys 0 00:00:53  -  Total Remote Usage
		Usr 0 00:00:00, Sys 0 00:00:00  -  Total Local Usage
	63327448  -  Run Bytes Sent By Job
	17953096  -  Run Bytes Received By Job
	63327448  -  Total Bytes Sent By Job
	17953096  -  Total Bytes Received By Job
	Partitionable Resources :     Usage  Request Allocated 
	   Cpus                 :      0.97        1         1 
	   Disk (KB)            : 133493       20000   4687149 
	   Memory (MB)          :    825           1       991 
...
000 (134.000.000) 09/10 13:57:19 Job submitted from host: <127.0.0.1:9618?addrs=127.0.0.1-9618&noUDP&sock=268_b7e0_4>
    DAG Node: clean_up_local_level_6_0
    pool:local
...
000 (135.000.000) 09/10 13:57:19 Job submitted from host: <127.0.0.1:9618?addrs=127.0.0.1-9618&noUDP&sock=268_b7e0_4>
    DAG Node: stage_out_local_local_3_0
    pool:local
...
000 (136.000.000) 09/10 13:57:20 Job submitted from host: <127.0.0.1:9618?addrs=127.0.0.1-9618&noUDP&sock=268_b7e0_4>
    DAG Node: hpo_checkpointing_py_ID0000005
    pool:condorpool
...
001 (134.000.000) 09/10 13:57:24 Job executing on host: <127.0.0.1:9618?addrs=127.0.0.1-9618&noUDP&sock=276_3784_133>
...
001 (135.000.000) 09/10 13:57:24 Job executing on host: <127.0.0.1:9618?addrs=127.0.0.1-9618&noUDP&sock=276_3784_134>
...
005 (134.000.000) 09/10 13:57:27 Job terminated.
	(1) Normal termination (return value 0)
		Usr 0 00:00:00, Sys 0 00:00:00  -  Run Remote Usage
		Usr 0 00:00:00, Sys 0 00:00:00  -  Run Local Usage
		Usr 0 00:00:00, Sys 0 00:00:00  -  Total Remote Usage
		Usr 0 00:00:00, Sys 0 00:00:00  -  Total Local Usage
	0  -  Run Bytes Sent By Job
	0  -  Run Bytes Received By Job
	0  -  Total Bytes Sent By Job
	0  -  Total Bytes Received By Job
...
005 (135.000.000) 09/10 13:57:29 Job terminated.
	(1) Normal termination (return value 0)
		Usr 0 00:00:00, Sys 0 00:00:00  -  Run Remote Usage
		Usr 0 00:00:00, Sys 0 00:00:00  -  Run Local Usage
		Usr 0 00:00:00, Sys 0 00:00:00  -  Total Remote Usage
		Usr 0 00:00:00, Sys 0 00:00:00  -  Total Local Usage
	0  -  Run Bytes Sent By Job
	0  -  Run Bytes Received By Job
	0  -  Total Bytes Sent By Job
	0  -  Total Bytes Received By Job
...
001 (136.000.000) 09/10 13:57:38 Job executing on host: <127.0.0.1:9618?addrs=127.0.0.1-9618&noUDP&sock=268_b7e0_5>
...
000 (137.000.000) 09/10 13:57:40 Job submitted from host: <127.0.0.1:9618?addrs=127.0.0.1-9618&noUDP&sock=268_b7e0_4>
    DAG Node: register_local_3_0
    pool:local
...
006 (136.000.000) 09/10 13:57:44 Image size of job updated: 17
	7  -  MemoryUsage of job (MB)
	6568  -  ResidentSetSize of job (KB)
...
001 (137.000.000) 09/10 13:57:44 Job executing on host: <127.0.0.1:9618?addrs=127.0.0.1-9618&noUDP&sock=276_3784_136>
...
006 (136.000.000) 09/10 13:57:49 Image size of job updated: 267440
	24  -  MemoryUsage of job (MB)
	23740  -  ResidentSetSize of job (KB)
...
005 (137.000.000) 09/10 13:57:52 Job terminated.
	(1) Normal termination (return value 0)
		Usr 0 00:00:00, Sys 0 00:00:00  -  Run Remote Usage
		Usr 0 00:00:00, Sys 0 00:00:00  -  Run Local Usage
		Usr 0 00:00:00, Sys 0 00:00:00  -  Total Remote Usage
		Usr 0 00:00:00, Sys 0 00:00:00  -  Total Local Usage
	0  -  Run Bytes Sent By Job
	0  -  Run Bytes Received By Job
	0  -  Total Bytes Sent By Job
	0  -  Total Bytes Received By Job
...
006 (136.000.000) 09/10 13:57:55 Image size of job updated: 282576
	24  -  MemoryUsage of job (MB)
	23960  -  ResidentSetSize of job (KB)
...
006 (136.000.000) 09/10 13:58:06 Image size of job updated: 1110100
	439  -  MemoryUsage of job (MB)
	449188  -  ResidentSetSize of job (KB)
...
006 (136.000.000) 09/10 13:58:16 Image size of job updated: 2750892
	730  -  MemoryUsage of job (MB)
	747468  -  ResidentSetSize of job (KB)
...
006 (136.000.000) 09/10 13:58:21 Image size of job updated: 2751660
	867  -  MemoryUsage of job (MB)
	887296  -  ResidentSetSize of job (KB)
...
006 (136.000.000) 09/10 13:58:36 Image size of job updated: 2751660
	992  -  MemoryUsage of job (MB)
	1015000  -  ResidentSetSize of job (KB)
...
006 (136.000.000) 09/10 13:58:53 Image size of job updated: 2751660
	995  -  MemoryUsage of job (MB)
	1018432  -  ResidentSetSize of job (KB)
...
006 (136.000.000) 09/10 14:03:09 Image size of job updated: 2751660
	996  -  MemoryUsage of job (MB)
	1019752  -  ResidentSetSize of job (KB)
...
005 (136.000.000) 09/10 14:17:24 Job terminated.
	(1) Normal termination (return value 1)
		Usr 0 00:18:31, Sys 0 00:00:29  -  Run Remote Usage
		Usr 0 00:00:00, Sys 0 00:00:00  -  Run Local Usage
		Usr 0 00:18:31, Sys 0 00:00:29  -  Total Remote Usage
		Usr 0 00:00:00, Sys 0 00:00:00  -  Total Local Usage
	63352216  -  Run Bytes Sent By Job
	81130032  -  Run Bytes Received By Job
	63352216  -  Total Bytes Sent By Job
	81130032  -  Total Bytes Received By Job
	Partitionable Resources :     Usage  Request Allocated 
	   Cpus                 :      0.01        1         1 
	   Disk (KB)            : 254791      100000   4687149 
	   Memory (MB)          :    996           1       991 
...
000 (143.000.000) 09/10 14:17:36 Job submitted from host: <127.0.0.1:9618?addrs=127.0.0.1-9618&noUDP&sock=268_b7e0_4>
    DAG Node: hpo_checkpointing_py_ID0000005
    pool:condorpool
...
001 (143.000.000) 09/10 14:17:41 Job executing on host: <127.0.0.1:9618?addrs=127.0.0.1-9618&noUDP&sock=268_b7e0_5>
...
006 (143.000.000) 09/10 14:17:47 Image size of job updated: 17
	7  -  MemoryUsage of job (MB)
	6480  -  ResidentSetSize of job (KB)
...
006 (143.000.000) 09/10 14:17:52 Image size of job updated: 672012
	168  -  MemoryUsage of job (MB)
	171056  -  ResidentSetSize of job (KB)
...
006 (143.000.000) 09/10 14:18:07 Image size of job updated: 2751636
	991  -  MemoryUsage of job (MB)
	1014584  -  ResidentSetSize of job (KB)
...
006 (143.000.000) 09/10 14:18:24 Image size of job updated: 2751636
	1067  -  MemoryUsage of job (MB)
	1091692  -  ResidentSetSize of job (KB)
...
006 (143.000.000) 09/10 14:18:54 Image size of job updated: 2751636
	1069  -  MemoryUsage of job (MB)
	1093804  -  ResidentSetSize of job (KB)
...
006 (143.000.000) 09/10 14:19:06 Image size of job updated: 2751636
	1071  -  MemoryUsage of job (MB)
	1095904  -  ResidentSetSize of job (KB)
...
007 (143.000.000) 09/10 14:28:55 Shadow exception!
	Error from slot3@23512e8a13a2: STARTER at 127.0.0.1 failed to send file(s) to <127.0.0.1:9618>: error reading from /var/lib/condor/execute/dir_33962/model_hpo.h5: (errno 2) No such file or directory; SHADOW failed to receive file(s) from <127.0.0.1:42669>
	176295  -  Run Bytes Sent By Job
	81130032  -  Run Bytes Received By Job
...
012 (143.000.000) 09/10 14:28:55 Job was held.
	Error from slot3@23512e8a13a2: STARTER at 127.0.0.1 failed to send file(s) to <127.0.0.1:9618>: error reading from /var/lib/condor/execute/dir_33962/model_hpo.h5: (errno 2) No such file or directory; SHADOW failed to receive file(s) from <127.0.0.1:42669>
	Code 13 Subcode 2
...
