2020-07-30 08:31:15,860:INFO:pegasus-monitord(58): pegasus-monitord starting - pid 14535 
2020-07-30 08:31:15,873:INFO:pegasus-monitord(455): Final Command line options are: ['-N', 'Cats_and_Dogs-0.dag.dagman.out']
2020-07-30 08:31:15,885:INFO:Pegasus.monitoring.event_output(629): Connecting workflow event sink to sqlite:////home/scitech/shared-data/CatsAndDogs/scitech/pegasus/Cats_and_Dogs/run0003/Cats_and_Dogs-0.stampede.db
Created Pegasus database in: sqlite:////home/scitech/shared-data/CatsAndDogs/scitech/pegasus/Cats_and_Dogs/run0003/Cats_and_Dogs-0.stampede.db
Your database is compatible with Pegasus version: 5.0.0dev
2020-07-30 08:31:16,557:INFO:Pegasus.monitoring.event_output(703): output type=DB namespace=stampede. name=sqlite:////home/scitech/shared-data/CatsAndDogs/scitech/pegasus/Cats_and_Dogs/run0003/Cats_and_Dogs-0.stampede.db
2020-07-30 08:31:16,557:INFO:Pegasus.monitoring.event_output(629): Connecting workflow event sink to sqlite:////home/scitech/.pegasus/workflow.db
Your database is compatible with Pegasus version: 5.0.0dev
2020-07-30 08:31:17,006:INFO:Pegasus.monitoring.event_output(703): output type=DB namespace=dashboard. name=sqlite:////home/scitech/.pegasus/workflow.db
2020-07-30 08:31:17,006:INFO:pegasus-monitord(1247): monitord started in fast start mode
2020-07-30 08:31:17,023:INFO:Pegasus.monitoring.workflow(461): cannot open state file /home/scitech/shared-data/CatsAndDogs/scitech/pegasus/Cats_and_Dogs/run0003/monitord.info, continuing without state...
2020-07-30 08:31:17,024:INFO:Pegasus.monitoring.workflow(1148): creating new file /home/scitech/shared-data/CatsAndDogs/scitech/pegasus/Cats_and_Dogs/run0003/jobstate.log
2020-07-30 08:31:17,024:INFO:Pegasus.monitoring.workflow(1158): Appending to existing jobstate.log replay_mode 0 previous_processed_line 0
2020-07-30 08:31:17,026:INFO:Pegasus.monitoring.notifications(474): loading notifications from /home/scitech/shared-data/CatsAndDogs/scitech/pegasus/Cats_and_Dogs/run0003/Cats_and_Dogs-0.notify
2020-07-30 08:31:17,197:INFO:Pegasus.monitoring.workflow(205): Parsing DAG file /home/scitech/shared-data/CatsAndDogs/scitech/pegasus/Cats_and_Dogs/run0003/Cats_and_Dogs-0.dag
2020-07-30 08:31:17,201:INFO:pegasus-monitord(974): Using DAGMan version 8.8.9 80809
2020-07-30 08:31:17,201:INFO:pegasus-monitord(949): DAGMan runs at pid 14534
2020-07-30 08:31:17,204:INFO:pegasus-monitord(955): using dag Cats_and_Dogs-0.dag
2020-07-30 08:31:17,204:INFO:Pegasus.monitoring.workflow(811): DAGMan starting with condor id 13.0
2020-07-30 08:32:33,584:WARNING:Pegasus.monitoring.workflow(1706): truncating stdout for job stage_in_local_local_0_0
2020-07-30 08:36:04,922:WARNING:pegasus-monitord(1029): DAGMan was aborted for workflow running in directory /home/scitech/shared-data/CatsAndDogs/scitech/pegasus/Cats_and_Dogs/run0003
2020-07-30 08:36:04,925:INFO:pegasus-monitord(927): DAGMan Cats_and_Dogs-0.dag finished with exit code 2
2020-07-30 08:36:05,951:INFO:pegasus-monitord(1427): workflow /home/scitech/shared-data/CatsAndDogs/scitech/pegasus/Cats_and_Dogs/run0003/Cats_and_Dogs-0.dag.dagman.out ended
2020-07-30 08:36:05,957:INFO:Pegasus.monitoring.workflow(1377): recovery file deleted: /home/scitech/shared-data/CatsAndDogs/scitech/pegasus/Cats_and_Dogs/run0003/monitord.recover
2020-07-30 08:36:05,960:INFO:pegasus-monitord(1665): finishing workflow: /home/scitech/shared-data/CatsAndDogs/scitech/pegasus/Cats_and_Dogs/run0003/Cats_and_Dogs-0.dag.dagman.out
2020-07-30 08:36:05,961:INFO:pegasus-monitord(1719): finishing notifications...
2020-07-30 08:36:05,961:INFO:pegasus-monitord(1727): monitord process 14535 exiting with 0
2020-07-30 08:36:05,963:INFO:pegasus-monitord(197): DB flushing beginning
2020-07-30 08:36:05,964:INFO:Pegasus.db.workflow_loader.WorkflowLoader(1244): Executing final flush
2020-07-30 08:36:05,987:INFO:Pegasus.db.dashboard_loader.DashboardLoader(397): Executing final flush
2020-07-30 08:36:05,987:INFO:pegasus-monitord(213): DB flushing ended
