07/20/20 14:45:50 ******************************************************
07/20/20 14:45:50 ** condor_scheduniv_exec.127.0 (CONDOR_DAGMAN) STARTING UP
07/20/20 14:45:50 ** /usr/bin/condor_dagman
07/20/20 14:45:50 ** SubsystemInfo: name=DAGMAN type=DAGMAN(10) class=DAEMON(1)
07/20/20 14:45:50 ** Configuration: subsystem:DAGMAN local:<NONE> class:DAEMON
07/20/20 14:45:50 ** $CondorVersion: 8.8.9 May 06 2020 BuildID: 503068 PackageID: 8.8.9-1 $
07/20/20 14:45:50 ** $CondorPlatform: x86_64_CentOS7 $
07/20/20 14:45:50 ** PID = 41420
07/20/20 14:45:50 ** Log last touched time unavailable (No such file or directory)
07/20/20 14:45:50 ******************************************************
07/20/20 14:45:50 Using config source: /etc/condor/condor_config
07/20/20 14:45:50 Using local config sources: 
07/20/20 14:45:50    /etc/condor/config.d/00-minicondor
07/20/20 14:45:50    /etc/condor/condor_config.local
07/20/20 14:45:50 config Macros = 81, Sorted = 81, StringBytes = 2249, TablesBytes = 2964
07/20/20 14:45:50 CLASSAD_CACHING is ENABLED
07/20/20 14:45:50 Daemon Log is logging: D_ALWAYS D_ERROR
07/20/20 14:45:50 DaemonCore: No command port requested.
07/20/20 14:45:50 DAGMAN_USE_STRICT setting: 1
07/20/20 14:45:50 DAGMAN_VERBOSITY setting: 3
07/20/20 14:45:50 DAGMAN_DEBUG_CACHE_SIZE setting: 5242880
07/20/20 14:45:50 DAGMAN_DEBUG_CACHE_ENABLE setting: False
07/20/20 14:45:50 DAGMAN_SUBMIT_DELAY setting: 0
07/20/20 14:45:50 DAGMAN_MAX_SUBMIT_ATTEMPTS setting: 6
07/20/20 14:45:50 DAGMAN_STARTUP_CYCLE_DETECT setting: False
07/20/20 14:45:50 DAGMAN_MAX_SUBMITS_PER_INTERVAL setting: 100
07/20/20 14:45:50 DAGMAN_AGGRESSIVE_SUBMIT setting: False
07/20/20 14:45:50 DAGMAN_USER_LOG_SCAN_INTERVAL setting: 5
07/20/20 14:45:50 DAGMAN_QUEUE_UPDATE_INTERVAL setting: 300
07/20/20 14:45:50 DAGMAN_DEFAULT_PRIORITY setting: 0
07/20/20 14:45:50 DAGMAN_SUPPRESS_NOTIFICATION setting: True
07/20/20 14:45:50 allow_events (DAGMAN_ALLOW_EVENTS) setting: 114
07/20/20 14:45:50 DAGMAN_RETRY_SUBMIT_FIRST setting: True
07/20/20 14:45:50 DAGMAN_RETRY_NODE_FIRST setting: False
07/20/20 14:45:50 DAGMAN_MAX_JOBS_IDLE setting: 1000
07/20/20 14:45:50 DAGMAN_MAX_JOBS_SUBMITTED setting: 0
07/20/20 14:45:50 DAGMAN_MAX_PRE_SCRIPTS setting: 20
07/20/20 14:45:50 DAGMAN_MAX_POST_SCRIPTS setting: 20
07/20/20 14:45:50 DAGMAN_MUNGE_NODE_NAMES setting: True
07/20/20 14:45:50 DAGMAN_PROHIBIT_MULTI_JOBS setting: False
07/20/20 14:45:50 DAGMAN_SUBMIT_DEPTH_FIRST setting: False
07/20/20 14:45:50 DAGMAN_ALWAYS_RUN_POST setting: False
07/20/20 14:45:50 DAGMAN_CONDOR_SUBMIT_EXE setting: /usr/bin/condor_submit
07/20/20 14:45:50 DAGMAN_USE_CONDOR_SUBMIT setting: True
07/20/20 14:45:50 DAGMAN_ABORT_DUPLICATES setting: True
07/20/20 14:45:50 DAGMAN_ABORT_ON_SCARY_SUBMIT setting: True
07/20/20 14:45:50 DAGMAN_PENDING_REPORT_INTERVAL setting: 600
07/20/20 14:45:50 DAGMAN_AUTO_RESCUE setting: True
07/20/20 14:45:50 DAGMAN_MAX_RESCUE_NUM setting: 100
07/20/20 14:45:50 DAGMAN_WRITE_PARTIAL_RESCUE setting: True
07/20/20 14:45:50 DAGMAN_DEFAULT_NODE_LOG setting: @(DAG_DIR)/@(DAG_FILE).nodes.log
07/20/20 14:45:50 DAGMAN_GENERATE_SUBDAG_SUBMITS setting: True
07/20/20 14:45:50 DAGMAN_MAX_JOB_HOLDS setting: 100
07/20/20 14:45:50 DAGMAN_HOLD_CLAIM_TIME setting: 20
07/20/20 14:45:50 ALL_DEBUG setting: 
07/20/20 14:45:50 DAGMAN_DEBUG setting: 
07/20/20 14:45:50 DAGMAN_SUPPRESS_JOB_LOGS setting: False
07/20/20 14:45:50 DAGMAN_REMOVE_NODE_JOBS setting: True
07/20/20 14:45:50 argv[0] == "condor_scheduniv_exec.127.0"
07/20/20 14:45:50 argv[1] == "-Lockfile"
07/20/20 14:45:50 argv[2] == "checkpoint-wf-0.dag.lock"
07/20/20 14:45:50 argv[3] == "-AutoRescue"
07/20/20 14:45:50 argv[4] == "1"
07/20/20 14:45:50 argv[5] == "-DoRescueFrom"
07/20/20 14:45:50 argv[6] == "0"
07/20/20 14:45:50 argv[7] == "-Dag"
07/20/20 14:45:50 argv[8] == "checkpoint-wf-0.dag"
07/20/20 14:45:50 argv[9] == "-MaxPost"
07/20/20 14:45:50 argv[10] == "20"
07/20/20 14:45:50 argv[11] == "-Suppress_notification"
07/20/20 14:45:50 argv[12] == "-CsdVersion"
07/20/20 14:45:50 argv[13] == "$CondorVersion: 8.8.9 May 06 2020 BuildID: 503068 PackageID: 8.8.9-1 $"
07/20/20 14:45:50 argv[14] == "-Dagman"
07/20/20 14:45:50 argv[15] == "/bin/condor_dagman"
07/20/20 14:45:50 Workflow batch-name: <checkpoint-wf-0.dag+127>
07/20/20 14:45:50 Workflow accounting_group: <>
07/20/20 14:45:50 Workflow accounting_group_user: <>
07/20/20 14:45:50 Warning: failed to get attribute DAGNodeName
07/20/20 14:45:50 DAGMAN_LOG_ON_NFS_IS_ERROR setting: False
07/20/20 14:45:50 Default node log file is: </home/scitech/shared-data/Workflow5/scitech/pegasus/checkpoint-wf/run0010/./checkpoint-wf-0.dag.nodes.log>
07/20/20 14:45:50 DAG Lockfile will be written to checkpoint-wf-0.dag.lock
07/20/20 14:45:50 DAG Input file is checkpoint-wf-0.dag
07/20/20 14:45:50 Parsing 1 dagfiles
07/20/20 14:45:50 Parsing checkpoint-wf-0.dag ...
07/20/20 14:45:50 Warning:  could not open Pegasus braindump file braindump.txt
07/20/20 14:45:50 Dag contains 9 total jobs
07/20/20 14:45:50 Sleeping for 3 seconds to ensure ProcessId uniqueness
07/20/20 14:45:53 Bootstrapping...
07/20/20 14:45:53 Number of pre-completed nodes: 0
07/20/20 14:45:53 MultiLogFiles: truncating log file /home/scitech/shared-data/Workflow5/scitech/pegasus/checkpoint-wf/run0010/./checkpoint-wf-0.dag.nodes.log
07/20/20 14:45:53 DAG status: 0 (DAG_STATUS_OK)
07/20/20 14:45:53 Of 9 nodes total:
07/20/20 14:45:53  Done     Pre   Queued    Post   Ready   Un-Ready   Failed
07/20/20 14:45:53   ===     ===      ===     ===     ===        ===      ===
07/20/20 14:45:53     0       0        0       0       1          8        0
07/20/20 14:45:53 0 job proc(s) currently held
07/20/20 14:45:53 DAGMan Runtime Statistics: [ EventCycleTimeSum = 0.0; EventCycleTimeCount = 0.0; SleepCycleTimeCount = 0.0; SubmitCycleTimeSum = 0.0; SubmitCycleTimeCount = 0.0; LogProcessCycleTimeSum = 0.0; SleepCycleTimeSum = 0.0; LogProcessCycleTimeCount = 0.0; ]
07/20/20 14:45:53 Registering condor_event_timer...
07/20/20 14:45:54 Submitting HTCondor Node create_dir_checkpoint-wf_0_local job(s)...
07/20/20 14:45:54 Adding a DAGMan workflow log /home/scitech/shared-data/Workflow5/scitech/pegasus/checkpoint-wf/run0010/./checkpoint-wf-0.dag.nodes.log
07/20/20 14:45:54 Masking the events recorded in the DAGMAN workflow log
07/20/20 14:45:54 Mask for workflow log is 0,1,2,4,5,7,9,10,11,12,13,16,17,24,27,35,36
07/20/20 14:45:54 submitting: /usr/bin/condor_submit -a dag_node_name' '=' 'create_dir_checkpoint-wf_0_local -a +DAGManJobId' '=' '127 -a DAGManJobId' '=' '127 -batch-name checkpoint-wf-0.dag+127 -a submit_event_notes' '=' 'DAG' 'Node:' 'create_dir_checkpoint-wf_0_local -a dagman_log' '=' '/home/scitech/shared-data/Workflow5/scitech/pegasus/checkpoint-wf/run0010/./checkpoint-wf-0.dag.nodes.log -a +DAGManNodesMask' '=' '"0,1,2,4,5,7,9,10,11,12,13,16,17,24,27,35,36" -a priority=800 -a +DAGNodeRetry' '=' '0 -a DAG_STATUS' '=' '0 -a FAILED_COUNT' '=' '0 -a +KeepClaimIdle' '=' '20 -a notification' '=' 'never -a +DAGParentNodeNames' '=' '"" 00/00/create_dir_checkpoint-wf_0_local.sub
07/20/20 14:45:54 From submit: Submitting job(s).
07/20/20 14:45:54 From submit: 1 job(s) submitted to cluster 128.
07/20/20 14:45:54 	assigned HTCondor ID (128.0.0)
07/20/20 14:45:54 Just submitted 1 job this cycle...
07/20/20 14:45:54 DAG status: 0 (DAG_STATUS_OK)
07/20/20 14:45:54 Of 9 nodes total:
07/20/20 14:45:54  Done     Pre   Queued    Post   Ready   Un-Ready   Failed
07/20/20 14:45:54   ===     ===      ===     ===     ===        ===      ===
07/20/20 14:45:54     0       0        1       0       0          8        0
07/20/20 14:45:54 0 job proc(s) currently held
07/20/20 14:45:54 DAGMan Runtime Statistics: [ EventCycleTimeCount = 0.0; EventCycleTimeSum = 0.0; LogProcessCycleTimeCount = 0.0; SleepCycleTimeSum = 0.0; LogProcessCycleTimeSum = 0.0; SubmitCycleTimeCount = 1.0; SubmitCycleTimeMax = 0.06021904945373535; SubmitCycleTimeMin = 0.06021904945373535; SubmitCycleTimeAvg = 0.06021904945373535; SubmitCycleTimeStd = 0.06021904945373535; SubmitCycleTimeSum = 0.06021904945373535; SleepCycleTimeCount = 0.0; ]
07/20/20 14:45:59 Currently monitoring 1 HTCondor log file(s)
07/20/20 14:45:59 Reassigning the id of job create_dir_checkpoint-wf_0_local from (128.0.0) to (128.0.0)
07/20/20 14:45:59 Event: ULOG_SUBMIT for HTCondor Node create_dir_checkpoint-wf_0_local (128.0.0) {07/20/20 14:45:54}
07/20/20 14:45:59 Number of idle job procs: 1
07/20/20 14:45:59 Event: ULOG_EXECUTE for HTCondor Node create_dir_checkpoint-wf_0_local (128.0.0) {07/20/20 14:45:55}
07/20/20 14:45:59 Number of idle job procs: 0
07/20/20 14:45:59 Event: ULOG_JOB_TERMINATED for HTCondor Node create_dir_checkpoint-wf_0_local (128.0.0) {07/20/20 14:45:57}
07/20/20 14:45:59 Number of idle job procs: 0
07/20/20 14:45:59 Node create_dir_checkpoint-wf_0_local job proc (128.0.0) completed successfully.
07/20/20 14:45:59 Node create_dir_checkpoint-wf_0_local job completed
07/20/20 14:45:59 Running POST script of Node create_dir_checkpoint-wf_0_local...
07/20/20 14:45:59 Warning: mysin has length 0 (ignore if produced by DAGMan; see gittrac #4987, #5031)
07/20/20 14:45:59 DAG status: 0 (DAG_STATUS_OK)
07/20/20 14:45:59 Of 9 nodes total:
07/20/20 14:45:59  Done     Pre   Queued    Post   Ready   Un-Ready   Failed
07/20/20 14:45:59   ===     ===      ===     ===     ===        ===      ===
07/20/20 14:45:59     0       0        0       1       0          8        0
07/20/20 14:45:59 0 job proc(s) currently held
07/20/20 14:45:59 DAGMan Runtime Statistics: [ EventCycleTimeStd = 0.0677800178527832; EventCycleTimeMax = 0.0677800178527832; SubmitCycleTimeMin = 0.0006480216979980469; SubmitCycleTimeAvg = 0.0304335355758667; SleepCycleTimeCount = 1.0; SubmitCycleTimeCount = 2.0; SubmitCycleTimeMax = 0.06021904945373535; SleepCycleTimeMin = 4.972337007522583; SubmitCycleTimeSum = 0.0608670711517334; LogProcessCycleTimeStd = 0.01659798622131348; SubmitCycleTimeStd = 0.04212307768833388; LogProcessCycleTimeAvg = 0.01659798622131348; EventCycleTimeMin = 0.0677800178527832; LogProcessCycleTimeMax = 0.01659798622131348; LogProcessCycleTimeMin = 0.01659798622131348; LogProcessCycleTimeSum = 0.01659798622131348; LogProcessCycleTimeCount = 1.0; EventCycleTimeSum = 0.0677800178527832; SleepCycleTimeSum = 4.972337007522583; SleepCycleTimeAvg = 4.972337007522583; SleepCycleTimeStd = 4.972337007522583; SleepCycleTimeMax = 4.972337007522583; EventCycleTimeCount = 1.0; EventCycleTimeAvg = 0.0677800178527832; ]
07/20/20 14:45:59 Initializing user log writer for /home/scitech/shared-data/Workflow5/scitech/pegasus/checkpoint-wf/run0010/./checkpoint-wf-0.dag.nodes.log, (128.0.0)
07/20/20 14:46:04 Currently monitoring 1 HTCondor log file(s)
07/20/20 14:46:04 Event: ULOG_POST_SCRIPT_TERMINATED for HTCondor Node create_dir_checkpoint-wf_0_local (128.0.0) {07/20/20 14:45:59}
07/20/20 14:46:04 POST Script of node create_dir_checkpoint-wf_0_local completed successfully.
07/20/20 14:46:04 DAG status: 0 (DAG_STATUS_OK)
07/20/20 14:46:04 Of 9 nodes total:
07/20/20 14:46:04  Done     Pre   Queued    Post   Ready   Un-Ready   Failed
07/20/20 14:46:04   ===     ===      ===     ===     ===        ===      ===
07/20/20 14:46:04     1       0        0       0       2          6        0
07/20/20 14:46:04 0 job proc(s) currently held
07/20/20 14:46:04 DAGMan Runtime Statistics: [ EventCycleTimeStd = 0.03077680889441313; EventCycleTimeMax = 0.0677800178527832; SubmitCycleTimeMin = 0.0006480216979980469; SubmitCycleTimeAvg = 0.02063870429992676; SleepCycleTimeCount = 2.0; SubmitCycleTimeCount = 3.0; SubmitCycleTimeMax = 0.06021904945373535; SleepCycleTimeMin = 4.972337007522583; SubmitCycleTimeSum = 0.06191611289978027; LogProcessCycleTimeStd = 0.007185700496319346; SubmitCycleTimeStd = 0.03427817084007109; LogProcessCycleTimeAvg = 0.01151692867279053; EventCycleTimeMin = 0.02425503730773926; LogProcessCycleTimeMax = 0.01659798622131348; LogProcessCycleTimeMin = 0.006435871124267578; LogProcessCycleTimeSum = 0.02303385734558105; LogProcessCycleTimeCount = 2.0; EventCycleTimeSum = 0.09203505516052246; SleepCycleTimeSum = 10.26221299171448; SleepCycleTimeAvg = 5.131106495857239; SleepCycleTimeStd = 0.2245339636939071; SleepCycleTimeMax = 5.289875984191895; EventCycleTimeCount = 2.0; EventCycleTimeAvg = 0.04601752758026123; ]
07/20/20 14:46:09 Submitting HTCondor Node stage_in_remote_local_0_0 job(s)...
07/20/20 14:46:09 Adding a DAGMan workflow log /home/scitech/shared-data/Workflow5/scitech/pegasus/checkpoint-wf/run0010/./checkpoint-wf-0.dag.nodes.log
07/20/20 14:46:09 Masking the events recorded in the DAGMAN workflow log
07/20/20 14:46:09 Mask for workflow log is 0,1,2,4,5,7,9,10,11,12,13,16,17,24,27,35,36
07/20/20 14:46:09 submitting: /usr/bin/condor_submit -a dag_node_name' '=' 'stage_in_remote_local_0_0 -a +DAGManJobId' '=' '127 -a DAGManJobId' '=' '127 -batch-name checkpoint-wf-0.dag+127 -a submit_event_notes' '=' 'DAG' 'Node:' 'stage_in_remote_local_0_0 -a dagman_log' '=' '/home/scitech/shared-data/Workflow5/scitech/pegasus/checkpoint-wf/run0010/./checkpoint-wf-0.dag.nodes.log -a +DAGManNodesMask' '=' '"0,1,2,4,5,7,9,10,11,12,13,16,17,24,27,35,36" -a priority=700 -a +DAGNodeRetry' '=' '0 -a DAG_STATUS' '=' '0 -a FAILED_COUNT' '=' '0 -a +KeepClaimIdle' '=' '20 -a notification' '=' 'never -a +DAGParentNodeNames' '=' '"create_dir_checkpoint-wf_0_local" 00/00/stage_in_remote_local_0_0.sub
07/20/20 14:46:09 From submit: Submitting job(s).
07/20/20 14:46:09 From submit: 1 job(s) submitted to cluster 129.
07/20/20 14:46:09 	assigned HTCondor ID (129.0.0)
07/20/20 14:46:09 Submitting HTCondor Node stage_in_local_local_0_0 job(s)...
07/20/20 14:46:09 Adding a DAGMan workflow log /home/scitech/shared-data/Workflow5/scitech/pegasus/checkpoint-wf/run0010/./checkpoint-wf-0.dag.nodes.log
07/20/20 14:46:09 Masking the events recorded in the DAGMAN workflow log
07/20/20 14:46:09 Mask for workflow log is 0,1,2,4,5,7,9,10,11,12,13,16,17,24,27,35,36
07/20/20 14:46:09 submitting: /usr/bin/condor_submit -a dag_node_name' '=' 'stage_in_local_local_0_0 -a +DAGManJobId' '=' '127 -a DAGManJobId' '=' '127 -batch-name checkpoint-wf-0.dag+127 -a submit_event_notes' '=' 'DAG' 'Node:' 'stage_in_local_local_0_0 -a dagman_log' '=' '/home/scitech/shared-data/Workflow5/scitech/pegasus/checkpoint-wf/run0010/./checkpoint-wf-0.dag.nodes.log -a +DAGManNodesMask' '=' '"0,1,2,4,5,7,9,10,11,12,13,16,17,24,27,35,36" -a priority=700 -a +DAGNodeRetry' '=' '0 -a DAG_STATUS' '=' '0 -a FAILED_COUNT' '=' '0 -a +KeepClaimIdle' '=' '20 -a notification' '=' 'never -a +DAGParentNodeNames' '=' '"create_dir_checkpoint-wf_0_local" 00/00/stage_in_local_local_0_0.sub
07/20/20 14:46:09 From submit: Submitting job(s).
07/20/20 14:46:09 From submit: 1 job(s) submitted to cluster 130.
07/20/20 14:46:09 	assigned HTCondor ID (130.0.0)
07/20/20 14:46:09 Just submitted 2 jobs this cycle...
07/20/20 14:46:09 DAG status: 0 (DAG_STATUS_OK)
07/20/20 14:46:09 Of 9 nodes total:
07/20/20 14:46:09  Done     Pre   Queued    Post   Ready   Un-Ready   Failed
07/20/20 14:46:09   ===     ===      ===     ===     ===        ===      ===
07/20/20 14:46:09     1       0        2       0       0          6        0
07/20/20 14:46:09 0 job proc(s) currently held
07/20/20 14:46:09 DAGMan Runtime Statistics: [ EventCycleTimeStd = 0.02840393152412208; EventCycleTimeMax = 0.0677800178527832; SubmitCycleTimeMin = 0.0006480216979980469; SubmitCycleTimeAvg = 0.04170125722885132; SleepCycleTimeCount = 3.0; SubmitCycleTimeCount = 4.0; SubmitCycleTimeMax = 0.104888916015625; SleepCycleTimeMin = 4.972337007522583; SubmitCycleTimeSum = 0.1668050289154053; LogProcessCycleTimeStd = 0.007185700496319346; SubmitCycleTimeStd = 0.05057522325832147; LogProcessCycleTimeAvg = 0.01151692867279053; EventCycleTimeMin = 0.01440215110778809; LogProcessCycleTimeMax = 0.01659798622131348; LogProcessCycleTimeMin = 0.006435871124267578; LogProcessCycleTimeSum = 0.02303385734558105; LogProcessCycleTimeCount = 2.0; EventCycleTimeSum = 0.1064372062683105; SleepCycleTimeSum = 15.26955699920654; SleepCycleTimeAvg = 5.089852333068848; SleepCycleTimeStd = 0.1741076341467014; SleepCycleTimeMax = 5.289875984191895; EventCycleTimeCount = 3.0; EventCycleTimeAvg = 0.03547906875610352; ]
07/20/20 14:46:14 Currently monitoring 1 HTCondor log file(s)
07/20/20 14:46:14 Reassigning the id of job stage_in_remote_local_0_0 from (129.0.0) to (129.0.0)
07/20/20 14:46:14 Event: ULOG_SUBMIT for HTCondor Node stage_in_remote_local_0_0 (129.0.0) {07/20/20 14:46:09}
07/20/20 14:46:14 Number of idle job procs: 1
07/20/20 14:46:14 Reassigning the id of job stage_in_local_local_0_0 from (130.0.0) to (130.0.0)
07/20/20 14:46:14 Event: ULOG_SUBMIT for HTCondor Node stage_in_local_local_0_0 (130.0.0) {07/20/20 14:46:09}
07/20/20 14:46:14 Number of idle job procs: 2
07/20/20 14:46:14 Event: ULOG_EXECUTE for HTCondor Node stage_in_local_local_0_0 (130.0.0) {07/20/20 14:46:12}
07/20/20 14:46:14 Number of idle job procs: 1
07/20/20 14:46:14 Event: ULOG_EXECUTE for HTCondor Node stage_in_remote_local_0_0 (129.0.0) {07/20/20 14:46:12}
07/20/20 14:46:14 Number of idle job procs: 0
07/20/20 14:46:19 Currently monitoring 1 HTCondor log file(s)
07/20/20 14:46:19 Event: ULOG_JOB_TERMINATED for HTCondor Node stage_in_remote_local_0_0 (129.0.0) {07/20/20 14:46:15}
07/20/20 14:46:19 Number of idle job procs: 0
07/20/20 14:46:19 Node stage_in_remote_local_0_0 job proc (129.0.0) completed successfully.
07/20/20 14:46:19 Node stage_in_remote_local_0_0 job completed
07/20/20 14:46:19 Running POST script of Node stage_in_remote_local_0_0...
07/20/20 14:46:19 Warning: mysin has length 0 (ignore if produced by DAGMan; see gittrac #4987, #5031)
07/20/20 14:46:19 Event: ULOG_JOB_TERMINATED for HTCondor Node stage_in_local_local_0_0 (130.0.0) {07/20/20 14:46:15}
07/20/20 14:46:19 Number of idle job procs: 0
07/20/20 14:46:19 Node stage_in_local_local_0_0 job proc (130.0.0) completed successfully.
07/20/20 14:46:19 Node stage_in_local_local_0_0 job completed
07/20/20 14:46:19 Running POST script of Node stage_in_local_local_0_0...
07/20/20 14:46:19 Warning: mysin has length 0 (ignore if produced by DAGMan; see gittrac #4987, #5031)
07/20/20 14:46:19 DAG status: 0 (DAG_STATUS_OK)
07/20/20 14:46:19 Of 9 nodes total:
07/20/20 14:46:19  Done     Pre   Queued    Post   Ready   Un-Ready   Failed
07/20/20 14:46:19   ===     ===      ===     ===     ===        ===      ===
07/20/20 14:46:19     1       0        0       2       0          6        0
07/20/20 14:46:19 0 job proc(s) currently held
07/20/20 14:46:19 DAGMan Runtime Statistics: [ EventCycleTimeStd = 0.04213531916451442; EventCycleTimeMax = 0.1110107898712158; SubmitCycleTimeMin = 0.0003278255462646484; SubmitCycleTimeAvg = 0.02805729707082113; SleepCycleTimeCount = 5.0; SubmitCycleTimeCount = 6.0; SubmitCycleTimeMax = 0.104888916015625; SleepCycleTimeMin = 4.972337007522583; SubmitCycleTimeSum = 0.1683437824249268; LogProcessCycleTimeStd = 0.00520378269569916; SubmitCycleTimeStd = 0.04451480954323767; LogProcessCycleTimeAvg = 0.01344972848892212; EventCycleTimeMin = 0.01440215110778809; LogProcessCycleTimeMax = 0.01809000968933105; LogProcessCycleTimeMin = 0.006435871124267578; LogProcessCycleTimeSum = 0.05379891395568848; LogProcessCycleTimeCount = 4.0; EventCycleTimeSum = 0.2329320907592773; SleepCycleTimeSum = 25.28091812133789; SleepCycleTimeAvg = 5.056183624267578; SleepCycleTimeStd = 0.1314621482203372; SleepCycleTimeMax = 5.289875984191895; EventCycleTimeCount = 5.0; EventCycleTimeAvg = 0.04658641815185547; ]
07/20/20 14:46:19 Initializing user log writer for /home/scitech/shared-data/Workflow5/scitech/pegasus/checkpoint-wf/run0010/./checkpoint-wf-0.dag.nodes.log, (130.0.0)
07/20/20 14:46:19 Initializing user log writer for /home/scitech/shared-data/Workflow5/scitech/pegasus/checkpoint-wf/run0010/./checkpoint-wf-0.dag.nodes.log, (129.0.0)
07/20/20 14:46:24 Currently monitoring 1 HTCondor log file(s)
07/20/20 14:46:24 Event: ULOG_POST_SCRIPT_TERMINATED for HTCondor Node stage_in_local_local_0_0 (130.0.0) {07/20/20 14:46:19}
07/20/20 14:46:24 POST Script of node stage_in_local_local_0_0 completed successfully.
07/20/20 14:46:24 Event: ULOG_POST_SCRIPT_TERMINATED for HTCondor Node stage_in_remote_local_0_0 (129.0.0) {07/20/20 14:46:19}
07/20/20 14:46:24 POST Script of node stage_in_remote_local_0_0 completed successfully.
07/20/20 14:46:25 DAG status: 0 (DAG_STATUS_OK)
07/20/20 14:46:25 Of 9 nodes total:
07/20/20 14:46:25  Done     Pre   Queued    Post   Ready   Un-Ready   Failed
07/20/20 14:46:25   ===     ===      ===     ===     ===        ===      ===
07/20/20 14:46:25     3       0        0       0       1          5        0
07/20/20 14:46:25 0 job proc(s) currently held
07/20/20 14:46:25 DAGMan Runtime Statistics: [ EventCycleTimeStd = 0.03893564819365741; EventCycleTimeMax = 0.1110107898712158; SubmitCycleTimeMin = 0.0003278255462646484; SubmitCycleTimeAvg = 0.02413511276245117; SleepCycleTimeCount = 6.0; SubmitCycleTimeCount = 7.0; SubmitCycleTimeMax = 0.104888916015625; SleepCycleTimeMin = 4.972337007522583; SubmitCycleTimeSum = 0.1689457893371582; LogProcessCycleTimeStd = 0.005078001837028638; SubmitCycleTimeStd = 0.04194033379457894; LogProcessCycleTimeAvg = 0.01240315437316894; EventCycleTimeMin = 0.01440215110778809; LogProcessCycleTimeMax = 0.01809000968933105; LogProcessCycleTimeMin = 0.006435871124267578; LogProcessCycleTimeSum = 0.06201577186584473; LogProcessCycleTimeCount = 5.0; EventCycleTimeSum = 0.255558967590332; SleepCycleTimeSum = 30.56395506858826; SleepCycleTimeAvg = 5.093992511431376; SleepCycleTimeStd = 0.149676012851584; SleepCycleTimeMax = 5.289875984191895; EventCycleTimeCount = 6.0; EventCycleTimeAvg = 0.04259316126505534; ]
07/20/20 14:46:30 Submitting HTCondor Node print_nums_py_ID0000001 job(s)...
07/20/20 14:46:30 Adding a DAGMan workflow log /home/scitech/shared-data/Workflow5/scitech/pegasus/checkpoint-wf/run0010/./checkpoint-wf-0.dag.nodes.log
07/20/20 14:46:30 Masking the events recorded in the DAGMAN workflow log
07/20/20 14:46:30 Mask for workflow log is 0,1,2,4,5,7,9,10,11,12,13,16,17,24,27,35,36
07/20/20 14:46:30 submitting: /usr/bin/condor_submit -a dag_node_name' '=' 'print_nums_py_ID0000001 -a +DAGManJobId' '=' '127 -a DAGManJobId' '=' '127 -batch-name checkpoint-wf-0.dag+127 -a submit_event_notes' '=' 'DAG' 'Node:' 'print_nums_py_ID0000001 -a dagman_log' '=' '/home/scitech/shared-data/Workflow5/scitech/pegasus/checkpoint-wf/run0010/./checkpoint-wf-0.dag.nodes.log -a +DAGManNodesMask' '=' '"0,1,2,4,5,7,9,10,11,12,13,16,17,24,27,35,36" -a priority=20 -a +DAGNodeRetry' '=' '0 -a DAG_STATUS' '=' '0 -a FAILED_COUNT' '=' '0 -a +KeepClaimIdle' '=' '20 -a notification' '=' 'never -a +DAGParentNodeNames' '=' '"stage_in_remote_local_0_0,stage_in_local_local_0_0" 00/00/print_nums_py_ID0000001.sub
07/20/20 14:46:31 From submit: Submitting job(s).
07/20/20 14:46:31 From submit: 1 job(s) submitted to cluster 131.
07/20/20 14:46:31 	assigned HTCondor ID (131.0.0)
07/20/20 14:46:31 Just submitted 1 job this cycle...
07/20/20 14:46:31 DAG status: 0 (DAG_STATUS_OK)
07/20/20 14:46:31 Of 9 nodes total:
07/20/20 14:46:31  Done     Pre   Queued    Post   Ready   Un-Ready   Failed
07/20/20 14:46:31   ===     ===      ===     ===     ===        ===      ===
07/20/20 14:46:31     3       0        1       0       0          5        0
07/20/20 14:46:31 0 job proc(s) currently held
07/20/20 14:46:31 DAGMan Runtime Statistics: [ EventCycleTimeStd = 0.03692385025405005; EventCycleTimeMax = 0.1110107898712158; SubmitCycleTimeMin = 0.0003278255462646484; SubmitCycleTimeAvg = 0.02748286724090576; SleepCycleTimeCount = 7.0; SubmitCycleTimeCount = 8.0; SubmitCycleTimeMax = 0.104888916015625; SleepCycleTimeMin = 4.972337007522583; SubmitCycleTimeSum = 0.2198629379272461; LogProcessCycleTimeStd = 0.005078001837028638; SubmitCycleTimeStd = 0.03996707100939993; LogProcessCycleTimeAvg = 0.01240315437316894; EventCycleTimeMin = 0.01440215110778809; LogProcessCycleTimeMax = 0.01809000968933105; LogProcessCycleTimeMin = 0.006435871124267578; LogProcessCycleTimeSum = 0.06201577186584473; LogProcessCycleTimeCount = 5.0; EventCycleTimeSum = 0.2716879844665527; SleepCycleTimeSum = 36.53867411613464; SleepCycleTimeAvg = 5.219810588019235; SleepCycleTimeStd = 0.359833863692448; SleepCycleTimeMax = 5.974719047546387; EventCycleTimeCount = 7.0; EventCycleTimeAvg = 0.03881256920950753; ]
07/20/20 14:46:36 Currently monitoring 1 HTCondor log file(s)
07/20/20 14:46:36 Reassigning the id of job print_nums_py_ID0000001 from (131.0.0) to (131.0.0)
07/20/20 14:46:36 Event: ULOG_SUBMIT for HTCondor Node print_nums_py_ID0000001 (131.0.0) {07/20/20 14:46:31}
07/20/20 14:46:36 Number of idle job procs: 1
07/20/20 14:46:41 Currently monitoring 1 HTCondor log file(s)
07/20/20 14:46:41 Event: ULOG_EXECUTE for HTCondor Node print_nums_py_ID0000001 (131.0.0) {07/20/20 14:46:37}
07/20/20 14:46:41 Number of idle job procs: 0
07/20/20 14:48:11 Currently monitoring 1 HTCondor log file(s)
07/20/20 14:48:11 Event: ULOG_JOB_TERMINATED for HTCondor Node print_nums_py_ID0000001 (131.0.0) {07/20/20 14:48:08}
07/20/20 14:48:11 Number of idle job procs: 0
07/20/20 14:48:11 Node print_nums_py_ID0000001 job proc (131.0.0) failed with status 14.
07/20/20 14:48:11 Node print_nums_py_ID0000001 job completed
07/20/20 14:48:11 Running POST script of Node print_nums_py_ID0000001...
07/20/20 14:48:11 Warning: mysin has length 0 (ignore if produced by DAGMan; see gittrac #4987, #5031)
07/20/20 14:48:11 DAG status: 0 (DAG_STATUS_OK)
07/20/20 14:48:11 Of 9 nodes total:
07/20/20 14:48:11  Done     Pre   Queued    Post   Ready   Un-Ready   Failed
07/20/20 14:48:11   ===     ===      ===     ===     ===        ===      ===
07/20/20 14:48:11     3       0        0       1       0          5        0
07/20/20 14:48:11 0 job proc(s) currently held
07/20/20 14:48:11 DAGMan Runtime Statistics: [ EventCycleTimeStd = 0.02547205147096329; EventCycleTimeMax = 0.1110107898712158; SubmitCycleTimeMin = 0.0003278255462646484; SubmitCycleTimeAvg = 0.008365545954023088; SleepCycleTimeCount = 27.0; SubmitCycleTimeCount = 28.0; SubmitCycleTimeMax = 0.104888916015625; SleepCycleTimeMin = 4.968123912811279; SubmitCycleTimeSum = 0.2342352867126465; LogProcessCycleTimeStd = 0.004854238643654335; SubmitCycleTimeStd = 0.02378584467104028; LogProcessCycleTimeAvg = 0.01089397072792053; EventCycleTimeMin = 0.0007870197296142578; LogProcessCycleTimeMax = 0.01809000968933105; LogProcessCycleTimeMin = 0.005805015563964844; LogProcessCycleTimeSum = 0.08715176582336426; LogProcessCycleTimeCount = 8.0; EventCycleTimeSum = 0.3743221759796143; SleepCycleTimeSum = 136.564621925354; SleepCycleTimeAvg = 5.057948960198297; SleepCycleTimeStd = 0.1988151903255026; SleepCycleTimeMax = 5.974719047546387; EventCycleTimeCount = 27.0; EventCycleTimeAvg = 0.01386378429554127; ]
07/20/20 14:48:11 Initializing user log writer for /home/scitech/shared-data/Workflow5/scitech/pegasus/checkpoint-wf/run0010/./checkpoint-wf-0.dag.nodes.log, (131.0.0)
07/20/20 14:48:16 Currently monitoring 1 HTCondor log file(s)
07/20/20 14:48:16 Event: ULOG_POST_SCRIPT_TERMINATED for HTCondor Node print_nums_py_ID0000001 (131.0.0) {07/20/20 14:48:11}
07/20/20 14:48:16 POST Script of node print_nums_py_ID0000001 failed with status 1
07/20/20 14:48:16 POST for Node print_nums_py_ID0000001 returned 1
07/20/20 14:48:16 Retrying node print_nums_py_ID0000001 (retry #1 of 5)...
07/20/20 14:48:16 DAG status: 0 (DAG_STATUS_OK)
07/20/20 14:48:16 Of 9 nodes total:
07/20/20 14:48:16  Done     Pre   Queued    Post   Ready   Un-Ready   Failed
07/20/20 14:48:16   ===     ===      ===     ===     ===        ===      ===
07/20/20 14:48:16     3       0        0       0       1          5        0
07/20/20 14:48:16 0 job proc(s) currently held
07/20/20 14:48:16 DAGMan Runtime Statistics: [ EventCycleTimeStd = 0.02502362085142764; EventCycleTimeMax = 0.1110107898712158; SubmitCycleTimeMin = 0.0003278255462646484; SubmitCycleTimeAvg = 0.008097525300650761; SleepCycleTimeCount = 28.0; SubmitCycleTimeCount = 29.0; SubmitCycleTimeMax = 0.104888916015625; SleepCycleTimeMin = 4.968123912811279; SubmitCycleTimeSum = 0.2348282337188721; LogProcessCycleTimeStd = 0.004721861549496607; SubmitCycleTimeStd = 0.02340178798011567; LogProcessCycleTimeAvg = 0.01046220461527506; EventCycleTimeMin = 0.0007870197296142578; LogProcessCycleTimeMax = 0.01809000968933105; LogProcessCycleTimeMin = 0.005805015563964844; LogProcessCycleTimeSum = 0.09415984153747559; LogProcessCycleTimeCount = 9.0; EventCycleTimeSum = 0.3944172859191895; SleepCycleTimeSum = 141.8234407901764; SleepCycleTimeAvg = 5.065122885363443; SleepCycleTimeStd = 0.1987574522644993; SleepCycleTimeMax = 5.974719047546387; EventCycleTimeCount = 28.0; EventCycleTimeAvg = 0.01408633163997105; ]
07/20/20 14:48:21 Reassigning the id of job print_nums_py_ID0000001 from (131.0.0) to (-1.-1.-1)
07/20/20 14:48:21 Submitting HTCondor Node print_nums_py_ID0000001 job(s)...
07/20/20 14:48:21 Adding a DAGMan workflow log /home/scitech/shared-data/Workflow5/scitech/pegasus/checkpoint-wf/run0010/./checkpoint-wf-0.dag.nodes.log
07/20/20 14:48:21 Masking the events recorded in the DAGMAN workflow log
07/20/20 14:48:21 Mask for workflow log is 0,1,2,4,5,7,9,10,11,12,13,16,17,24,27,35,36
07/20/20 14:48:21 submitting: /usr/bin/condor_submit -a dag_node_name' '=' 'print_nums_py_ID0000001 -a +DAGManJobId' '=' '127 -a DAGManJobId' '=' '127 -batch-name checkpoint-wf-0.dag+127 -a submit_event_notes' '=' 'DAG' 'Node:' 'print_nums_py_ID0000001 -a dagman_log' '=' '/home/scitech/shared-data/Workflow5/scitech/pegasus/checkpoint-wf/run0010/./checkpoint-wf-0.dag.nodes.log -a +DAGManNodesMask' '=' '"0,1,2,4,5,7,9,10,11,12,13,16,17,24,27,35,36" -a priority=20 -a +DAGNodeRetry' '=' '1 -a DAG_STATUS' '=' '0 -a FAILED_COUNT' '=' '0 -a +KeepClaimIdle' '=' '20 -a notification' '=' 'never -a +DAGParentNodeNames' '=' '"stage_in_remote_local_0_0,stage_in_local_local_0_0" 00/00/print_nums_py_ID0000001.sub
07/20/20 14:48:21 From submit: Submitting job(s).
07/20/20 14:48:21 From submit: 1 job(s) submitted to cluster 132.
07/20/20 14:48:21 	assigned HTCondor ID (132.0.0)
07/20/20 14:48:21 Just submitted 1 job this cycle...
07/20/20 14:48:21 DAG status: 0 (DAG_STATUS_OK)
07/20/20 14:48:21 Of 9 nodes total:
07/20/20 14:48:21  Done     Pre   Queued    Post   Ready   Un-Ready   Failed
07/20/20 14:48:21   ===     ===      ===     ===     ===        ===      ===
07/20/20 14:48:21     3       0        1       0       0          5        0
07/20/20 14:48:21 0 job proc(s) currently held
07/20/20 14:48:21 DAGMan Runtime Statistics: [ EventCycleTimeStd = 0.02457276147563021; EventCycleTimeMax = 0.1110107898712158; SubmitCycleTimeMin = 0.0003278255462646484; SubmitCycleTimeAvg = 0.01023104190826416; SleepCycleTimeCount = 29.0; SubmitCycleTimeCount = 30.0; SubmitCycleTimeMax = 0.104888916015625; SleepCycleTimeMin = 4.968123912811279; SubmitCycleTimeSum = 0.3069312572479248; LogProcessCycleTimeStd = 0.004721861549496607; SubmitCycleTimeStd = 0.02579372422246524; LogProcessCycleTimeAvg = 0.01046220461527506; EventCycleTimeMin = 0.0007870197296142578; LogProcessCycleTimeMax = 0.01809000968933105; LogProcessCycleTimeMin = 0.005805015563964844; LogProcessCycleTimeSum = 0.09415984153747559; LogProcessCycleTimeCount = 9.0; EventCycleTimeSum = 0.4082272052764893; SleepCycleTimeSum = 146.8291049003601; SleepCycleTimeAvg = 5.063072582771039; SleepCycleTimeStd = 0.1954879981603864; SleepCycleTimeMax = 5.974719047546387; EventCycleTimeCount = 29.0; EventCycleTimeAvg = 0.01407680018194791; ]
07/20/20 14:48:26 Currently monitoring 1 HTCondor log file(s)
07/20/20 14:48:26 Reassigning the id of job print_nums_py_ID0000001 from (132.0.0) to (132.0.0)
07/20/20 14:48:26 Event: ULOG_SUBMIT for HTCondor Node print_nums_py_ID0000001 (132.0.0) {07/20/20 14:48:21}
07/20/20 14:48:26 Number of idle job procs: 1
07/20/20 14:48:26 Event: ULOG_EXECUTE for HTCondor Node print_nums_py_ID0000001 (132.0.0) {07/20/20 14:48:22}
07/20/20 14:48:26 Number of idle job procs: 0
07/20/20 14:49:56 Currently monitoring 1 HTCondor log file(s)
07/20/20 14:49:56 Event: ULOG_JOB_TERMINATED for HTCondor Node print_nums_py_ID0000001 (132.0.0) {07/20/20 14:49:53}
07/20/20 14:49:56 Number of idle job procs: 0
07/20/20 14:49:56 Node print_nums_py_ID0000001 job proc (132.0.0) failed with status 14.
07/20/20 14:49:56 Node print_nums_py_ID0000001 job completed
07/20/20 14:49:56 Running POST script of Node print_nums_py_ID0000001...
07/20/20 14:49:56 Warning: mysin has length 0 (ignore if produced by DAGMan; see gittrac #4987, #5031)
07/20/20 14:49:56 DAG status: 0 (DAG_STATUS_OK)
07/20/20 14:49:56 Of 9 nodes total:
07/20/20 14:49:56  Done     Pre   Queued    Post   Ready   Un-Ready   Failed
07/20/20 14:49:56   ===     ===      ===     ===     ===        ===      ===
07/20/20 14:49:56     3       0        0       1       0          5        0
07/20/20 14:49:56 0 job proc(s) currently held
07/20/20 14:49:56 DAGMan Runtime Statistics: [ EventCycleTimeStd = 0.02217095269184342; EventCycleTimeMax = 0.1110107898712158; SubmitCycleTimeMin = 0.0003278255462646484; SubmitCycleTimeAvg = 0.006533058322205835; SleepCycleTimeCount = 48.0; SubmitCycleTimeCount = 49.0; SubmitCycleTimeMax = 0.104888916015625; SleepCycleTimeMin = 4.968123912811279; SubmitCycleTimeSum = 0.3201198577880859; LogProcessCycleTimeStd = 0.004671839335434361; SubmitCycleTimeStd = 0.02059213784899193; LogProcessCycleTimeAvg = 0.01091187650507147; EventCycleTimeMin = 0.0007870197296142578; LogProcessCycleTimeMax = 0.01809000968933105; LogProcessCycleTimeMin = 0.005805015563964844; LogProcessCycleTimeSum = 0.1200306415557861; LogProcessCycleTimeCount = 11.0; EventCycleTimeSum = 0.5263445377349854; SleepCycleTimeSum = 241.8726155757904; SleepCycleTimeAvg = 5.039012824495633; SleepCycleTimeStd = 0.1540966624564029; SleepCycleTimeMax = 5.974719047546387; EventCycleTimeCount = 48.0; EventCycleTimeAvg = 0.01096551120281219; ]
07/20/20 14:49:56 Initializing user log writer for /home/scitech/shared-data/Workflow5/scitech/pegasus/checkpoint-wf/run0010/./checkpoint-wf-0.dag.nodes.log, (132.0.0)
07/20/20 14:50:01 Currently monitoring 1 HTCondor log file(s)
07/20/20 14:50:01 Event: ULOG_POST_SCRIPT_TERMINATED for HTCondor Node print_nums_py_ID0000001 (132.0.0) {07/20/20 14:49:56}
07/20/20 14:50:01 POST Script of node print_nums_py_ID0000001 failed with status 1
07/20/20 14:50:01 POST for Node print_nums_py_ID0000001 returned 1
07/20/20 14:50:01 Retrying node print_nums_py_ID0000001 (retry #2 of 5)...
07/20/20 14:50:01 DAG status: 0 (DAG_STATUS_OK)
07/20/20 14:50:01 Of 9 nodes total:
07/20/20 14:50:01  Done     Pre   Queued    Post   Ready   Un-Ready   Failed
07/20/20 14:50:01   ===     ===      ===     ===     ===        ===      ===
07/20/20 14:50:01     3       0        0       0       1          5        0
07/20/20 14:50:01 0 job proc(s) currently held
07/20/20 14:50:01 DAGMan Runtime Statistics: [ EventCycleTimeStd = 0.02203211973653225; EventCycleTimeMax = 0.1110107898712158; SubmitCycleTimeMin = 0.0003278255462646484; SubmitCycleTimeAvg = 0.006421298980712891; SleepCycleTimeCount = 49.0; SubmitCycleTimeCount = 50.0; SubmitCycleTimeMax = 0.104888916015625; SleepCycleTimeMin = 4.968123912811279; SubmitCycleTimeSum = 0.3210649490356445; LogProcessCycleTimeStd = 0.004535893787792033; SubmitCycleTimeStd = 0.020396245975978; LogProcessCycleTimeAvg = 0.01066482067108154; EventCycleTimeMin = 0.0007870197296142578; LogProcessCycleTimeMax = 0.01809000968933105; LogProcessCycleTimeMin = 0.005805015563964844; LogProcessCycleTimeSum = 0.1279778480529785; LogProcessCycleTimeCount = 12.0; EventCycleTimeSum = 0.5514905452728271; SleepCycleTimeSum = 247.0691545009613; SleepCycleTimeAvg = 5.042227642876761; SleepCycleTimeStd = 0.1541346664621732; SleepCycleTimeMax = 5.974719047546387; EventCycleTimeCount = 49.0; EventCycleTimeAvg = 0.01125490908720055; ]
07/20/20 14:50:06 Reassigning the id of job print_nums_py_ID0000001 from (132.0.0) to (-1.-1.-1)
07/20/20 14:50:06 Submitting HTCondor Node print_nums_py_ID0000001 job(s)...
07/20/20 14:50:06 Adding a DAGMan workflow log /home/scitech/shared-data/Workflow5/scitech/pegasus/checkpoint-wf/run0010/./checkpoint-wf-0.dag.nodes.log
07/20/20 14:50:06 Masking the events recorded in the DAGMAN workflow log
07/20/20 14:50:06 Mask for workflow log is 0,1,2,4,5,7,9,10,11,12,13,16,17,24,27,35,36
07/20/20 14:50:06 submitting: /usr/bin/condor_submit -a dag_node_name' '=' 'print_nums_py_ID0000001 -a +DAGManJobId' '=' '127 -a DAGManJobId' '=' '127 -batch-name checkpoint-wf-0.dag+127 -a submit_event_notes' '=' 'DAG' 'Node:' 'print_nums_py_ID0000001 -a dagman_log' '=' '/home/scitech/shared-data/Workflow5/scitech/pegasus/checkpoint-wf/run0010/./checkpoint-wf-0.dag.nodes.log -a +DAGManNodesMask' '=' '"0,1,2,4,5,7,9,10,11,12,13,16,17,24,27,35,36" -a priority=20 -a +DAGNodeRetry' '=' '2 -a DAG_STATUS' '=' '0 -a FAILED_COUNT' '=' '0 -a +KeepClaimIdle' '=' '20 -a notification' '=' 'never -a +DAGParentNodeNames' '=' '"stage_in_remote_local_0_0,stage_in_local_local_0_0" 00/00/print_nums_py_ID0000001.sub
07/20/20 14:50:06 From submit: Submitting job(s).
07/20/20 14:50:06 From submit: 1 job(s) submitted to cluster 133.
07/20/20 14:50:06 	assigned HTCondor ID (133.0.0)
07/20/20 14:50:06 Just submitted 1 job this cycle...
07/20/20 14:50:06 DAG status: 0 (DAG_STATUS_OK)
07/20/20 14:50:06 Of 9 nodes total:
07/20/20 14:50:06  Done     Pre   Queued    Post   Ready   Un-Ready   Failed
07/20/20 14:50:06   ===     ===      ===     ===     ===        ===      ===
07/20/20 14:50:06     3       0        1       0       0          5        0
07/20/20 14:50:06 0 job proc(s) currently held
07/20/20 14:50:06 DAGMan Runtime Statistics: [ EventCycleTimeStd = 0.02183015656866916; EventCycleTimeMax = 0.1110107898712158; SubmitCycleTimeMin = 0.0003278255462646484; SubmitCycleTimeAvg = 0.00782474349526798; SleepCycleTimeCount = 50.0; SubmitCycleTimeCount = 51.0; SubmitCycleTimeMax = 0.104888916015625; SleepCycleTimeMin = 4.968123912811279; SubmitCycleTimeSum = 0.399061918258667; LogProcessCycleTimeStd = 0.004535893787792033; SubmitCycleTimeStd = 0.02254194301056411; LogProcessCycleTimeAvg = 0.01066482067108154; EventCycleTimeMin = 0.0007870197296142578; LogProcessCycleTimeMax = 0.01809000968933105; LogProcessCycleTimeMin = 0.005805015563964844; LogProcessCycleTimeSum = 0.1279778480529785; LogProcessCycleTimeCount = 12.0; EventCycleTimeSum = 0.5699837207794189; SleepCycleTimeSum = 252.0765924453735; SleepCycleTimeAvg = 5.041531848907471; SleepCycleTimeStd = 0.1526330731616836; SleepCycleTimeMax = 5.974719047546387; EventCycleTimeCount = 50.0; EventCycleTimeAvg = 0.01139967441558838; ]
07/20/20 14:50:11 Currently monitoring 1 HTCondor log file(s)
07/20/20 14:50:11 Reassigning the id of job print_nums_py_ID0000001 from (133.0.0) to (133.0.0)
07/20/20 14:50:11 Event: ULOG_SUBMIT for HTCondor Node print_nums_py_ID0000001 (133.0.0) {07/20/20 14:50:06}
07/20/20 14:50:11 Number of idle job procs: 1
07/20/20 14:50:11 Event: ULOG_EXECUTE for HTCondor Node print_nums_py_ID0000001 (133.0.0) {07/20/20 14:50:08}
07/20/20 14:50:11 Number of idle job procs: 0
07/20/20 14:50:11 Event: ULOG_JOB_TERMINATED for HTCondor Node print_nums_py_ID0000001 (133.0.0) {07/20/20 14:50:11}
07/20/20 14:50:11 Number of idle job procs: 0
07/20/20 14:50:11 Node print_nums_py_ID0000001 job proc (133.0.0) completed successfully.
07/20/20 14:50:11 Node print_nums_py_ID0000001 job completed
07/20/20 14:50:11 Running POST script of Node print_nums_py_ID0000001...
07/20/20 14:50:11 Warning: mysin has length 0 (ignore if produced by DAGMan; see gittrac #4987, #5031)
07/20/20 14:50:11 DAG status: 0 (DAG_STATUS_OK)
07/20/20 14:50:11 Of 9 nodes total:
07/20/20 14:50:11  Done     Pre   Queued    Post   Ready   Un-Ready   Failed
07/20/20 14:50:11   ===     ===      ===     ===     ===        ===      ===
07/20/20 14:50:11     3       0        0       1       0          5        0
07/20/20 14:50:11 0 job proc(s) currently held
07/20/20 14:50:11 DAGMan Runtime Statistics: [ EventCycleTimeStd = 0.02389610942697819; EventCycleTimeMax = 0.1110107898712158; SubmitCycleTimeMin = 0.0003278255462646484; SubmitCycleTimeAvg = 0.007685688825754019; SleepCycleTimeCount = 51.0; SubmitCycleTimeCount = 52.0; SubmitCycleTimeMax = 0.104888916015625; SleepCycleTimeMin = 4.968123912811279; SubmitCycleTimeSum = 0.399655818939209; LogProcessCycleTimeStd = 0.004467431744165764; SubmitCycleTimeStd = 0.02234236253237393; LogProcessCycleTimeAvg = 0.0109554620889517; EventCycleTimeMin = 0.0007870197296142578; LogProcessCycleTimeMax = 0.01809000968933105; LogProcessCycleTimeMin = 0.005805015563964844; LogProcessCycleTimeSum = 0.1424210071563721; LogProcessCycleTimeCount = 13.0; EventCycleTimeSum = 0.6542117595672607; SleepCycleTimeSum = 257.0832943916321; SleepCycleTimeAvg = 5.040848909639845; SleepCycleTimeStd = 0.1511777253120682; SleepCycleTimeMax = 5.974719047546387; EventCycleTimeCount = 51.0; EventCycleTimeAvg = 0.01282768156014237; ]
07/20/20 14:50:12 Initializing user log writer for /home/scitech/shared-data/Workflow5/scitech/pegasus/checkpoint-wf/run0010/./checkpoint-wf-0.dag.nodes.log, (133.0.0)
07/20/20 14:50:16 Currently monitoring 1 HTCondor log file(s)
07/20/20 14:50:16 Event: ULOG_POST_SCRIPT_TERMINATED for HTCondor Node print_nums_py_ID0000001 (133.0.0) {07/20/20 14:50:12}
07/20/20 14:50:16 POST Script of node print_nums_py_ID0000001 completed successfully.
07/20/20 14:50:16 DAG status: 0 (DAG_STATUS_OK)
07/20/20 14:50:16 Of 9 nodes total:
07/20/20 14:50:16  Done     Pre   Queued    Post   Ready   Un-Ready   Failed
07/20/20 14:50:16   ===     ===      ===     ===     ===        ===      ===
07/20/20 14:50:16     4       0        0       0       2          3        0
07/20/20 14:50:16 0 job proc(s) currently held
07/20/20 14:50:16 DAGMan Runtime Statistics: [ EventCycleTimeStd = 0.02368715916546237; EventCycleTimeMax = 0.1110107898712158; SubmitCycleTimeMin = 0.0003278255462646484; SubmitCycleTimeAvg = 0.00755578616880021; SleepCycleTimeCount = 52.0; SubmitCycleTimeCount = 53.0; SubmitCycleTimeMax = 0.104888916015625; SleepCycleTimeMin = 4.290426969528198; SubmitCycleTimeSum = 0.4004566669464111; LogProcessCycleTimeStd = 0.004647182359686104; SubmitCycleTimeStd = 0.02214669015638468; LogProcessCycleTimeAvg = 0.01047934804643903; EventCycleTimeMin = 0.0007870197296142578; LogProcessCycleTimeMax = 0.01809000968933105; LogProcessCycleTimeMin = 0.004289865493774414; LogProcessCycleTimeSum = 0.1467108726501465; LogProcessCycleTimeCount = 14.0; EventCycleTimeSum = 0.675114631652832; SleepCycleTimeSum = 261.3737213611603; SleepCycleTimeAvg = 5.026417718483851; SleepCycleTimeStd = 0.1823075852305345; SleepCycleTimeMax = 5.974719047546387; EventCycleTimeCount = 52.0; EventCycleTimeAvg = 0.01298297368563139; ]
07/20/20 14:50:21 Submitting HTCondor Node clean_up_local_level_3_0 job(s)...
07/20/20 14:50:21 Adding a DAGMan workflow log /home/scitech/shared-data/Workflow5/scitech/pegasus/checkpoint-wf/run0010/./checkpoint-wf-0.dag.nodes.log
07/20/20 14:50:21 Masking the events recorded in the DAGMAN workflow log
07/20/20 14:50:21 Mask for workflow log is 0,1,2,4,5,7,9,10,11,12,13,16,17,24,27,35,36
07/20/20 14:50:21 submitting: /usr/bin/condor_submit -a dag_node_name' '=' 'clean_up_local_level_3_0 -a +DAGManJobId' '=' '127 -a DAGManJobId' '=' '127 -batch-name checkpoint-wf-0.dag+127 -a submit_event_notes' '=' 'DAG' 'Node:' 'clean_up_local_level_3_0 -a dagman_log' '=' '/home/scitech/shared-data/Workflow5/scitech/pegasus/checkpoint-wf/run0010/./checkpoint-wf-0.dag.nodes.log -a +DAGManNodesMask' '=' '"0,1,2,4,5,7,9,10,11,12,13,16,17,24,27,35,36" -a priority=1000 -a +DAGNodeRetry' '=' '0 -a DAG_STATUS' '=' '0 -a FAILED_COUNT' '=' '0 -a +KeepClaimIdle' '=' '20 -a notification' '=' 'never -a +DAGParentNodeNames' '=' '"print_nums_py_ID0000001" 00/00/clean_up_local_level_3_0.sub
07/20/20 14:50:21 From submit: Submitting job(s).
07/20/20 14:50:21 From submit: 1 job(s) submitted to cluster 134.
07/20/20 14:50:21 	assigned HTCondor ID (134.0.0)
07/20/20 14:50:21 Submitting HTCondor Node stage_out_local_local_0_0 job(s)...
07/20/20 14:50:21 Adding a DAGMan workflow log /home/scitech/shared-data/Workflow5/scitech/pegasus/checkpoint-wf/run0010/./checkpoint-wf-0.dag.nodes.log
07/20/20 14:50:21 Masking the events recorded in the DAGMAN workflow log
07/20/20 14:50:21 Mask for workflow log is 0,1,2,4,5,7,9,10,11,12,13,16,17,24,27,35,36
07/20/20 14:50:21 submitting: /usr/bin/condor_submit -a dag_node_name' '=' 'stage_out_local_local_0_0 -a +DAGManJobId' '=' '127 -a DAGManJobId' '=' '127 -batch-name checkpoint-wf-0.dag+127 -a submit_event_notes' '=' 'DAG' 'Node:' 'stage_out_local_local_0_0 -a dagman_log' '=' '/home/scitech/shared-data/Workflow5/scitech/pegasus/checkpoint-wf/run0010/./checkpoint-wf-0.dag.nodes.log -a +DAGManNodesMask' '=' '"0,1,2,4,5,7,9,10,11,12,13,16,17,24,27,35,36" -a priority=900 -a +DAGNodeRetry' '=' '0 -a DAG_STATUS' '=' '0 -a FAILED_COUNT' '=' '0 -a +KeepClaimIdle' '=' '20 -a notification' '=' 'never -a +DAGParentNodeNames' '=' '"print_nums_py_ID0000001" 00/00/stage_out_local_local_0_0.sub
07/20/20 14:50:21 From submit: Submitting job(s).
07/20/20 14:50:21 From submit: 1 job(s) submitted to cluster 135.
07/20/20 14:50:21 	assigned HTCondor ID (135.0.0)
07/20/20 14:50:21 Just submitted 2 jobs this cycle...
07/20/20 14:50:21 DAG status: 0 (DAG_STATUS_OK)
07/20/20 14:50:21 Of 9 nodes total:
07/20/20 14:50:21  Done     Pre   Queued    Post   Ready   Un-Ready   Failed
07/20/20 14:50:21   ===     ===      ===     ===     ===        ===      ===
07/20/20 14:50:21     4       0        2       0       0          3        0
07/20/20 14:50:21 0 job proc(s) currently held
07/20/20 14:50:21 DAGMan Runtime Statistics: [ EventCycleTimeStd = 0.02345931654564787; EventCycleTimeMax = 0.1110107898712158; SubmitCycleTimeMin = 0.0003278255462646484; SubmitCycleTimeAvg = 0.008612955058062519; SleepCycleTimeCount = 53.0; SubmitCycleTimeCount = 54.0; SubmitCycleTimeMax = 0.104888916015625; SleepCycleTimeMin = 4.290426969528198; SubmitCycleTimeSum = 0.465099573135376; LogProcessCycleTimeStd = 0.004647182359686104; SubmitCycleTimeStd = 0.02327170707461928; LogProcessCycleTimeAvg = 0.01047934804643903; EventCycleTimeMin = 0.0007870197296142578; LogProcessCycleTimeMax = 0.01809000968933105; LogProcessCycleTimeMin = 0.004289865493774414; LogProcessCycleTimeSum = 0.1467108726501465; LogProcessCycleTimeCount = 14.0; EventCycleTimeSum = 0.6865017414093018; SleepCycleTimeSum = 266.3783183097839; SleepCycleTimeAvg = 5.02600600584498; SleepCycleTimeStd = 0.1805709960190638; SleepCycleTimeMax = 5.974719047546387; EventCycleTimeCount = 53.0; EventCycleTimeAvg = 0.01295286304545852; ]
07/20/20 14:50:26 Currently monitoring 1 HTCondor log file(s)
07/20/20 14:50:26 Reassigning the id of job clean_up_local_level_3_0 from (134.0.0) to (134.0.0)
07/20/20 14:50:26 Event: ULOG_SUBMIT for HTCondor Node clean_up_local_level_3_0 (134.0.0) {07/20/20 14:50:21}
07/20/20 14:50:26 Number of idle job procs: 1
07/20/20 14:50:26 Reassigning the id of job stage_out_local_local_0_0 from (135.0.0) to (135.0.0)
07/20/20 14:50:26 Event: ULOG_SUBMIT for HTCondor Node stage_out_local_local_0_0 (135.0.0) {07/20/20 14:50:21}
07/20/20 14:50:26 Number of idle job procs: 2
07/20/20 14:50:26 Event: ULOG_EXECUTE for HTCondor Node stage_out_local_local_0_0 (135.0.0) {07/20/20 14:50:24}
07/20/20 14:50:26 Number of idle job procs: 1
07/20/20 14:50:26 Event: ULOG_EXECUTE for HTCondor Node clean_up_local_level_3_0 (134.0.0) {07/20/20 14:50:24}
07/20/20 14:50:26 Number of idle job procs: 0
07/20/20 14:50:31 Currently monitoring 1 HTCondor log file(s)
07/20/20 14:50:31 Event: ULOG_JOB_TERMINATED for HTCondor Node clean_up_local_level_3_0 (134.0.0) {07/20/20 14:50:26}
07/20/20 14:50:31 Number of idle job procs: 0
07/20/20 14:50:31 Node clean_up_local_level_3_0 job proc (134.0.0) completed successfully.
07/20/20 14:50:31 Node clean_up_local_level_3_0 job completed
07/20/20 14:50:31 Running POST script of Node clean_up_local_level_3_0...
07/20/20 14:50:31 Warning: mysin has length 0 (ignore if produced by DAGMan; see gittrac #4987, #5031)
07/20/20 14:50:31 Event: ULOG_JOB_TERMINATED for HTCondor Node stage_out_local_local_0_0 (135.0.0) {07/20/20 14:50:28}
07/20/20 14:50:31 Number of idle job procs: 0
07/20/20 14:50:31 Node stage_out_local_local_0_0 job proc (135.0.0) completed successfully.
07/20/20 14:50:31 Node stage_out_local_local_0_0 job completed
07/20/20 14:50:31 Running POST script of Node stage_out_local_local_0_0...
07/20/20 14:50:31 Warning: mysin has length 0 (ignore if produced by DAGMan; see gittrac #4987, #5031)
07/20/20 14:50:31 DAG status: 0 (DAG_STATUS_OK)
07/20/20 14:50:31 Of 9 nodes total:
07/20/20 14:50:31  Done     Pre   Queued    Post   Ready   Un-Ready   Failed
07/20/20 14:50:31   ===     ===      ===     ===     ===        ===      ===
07/20/20 14:50:31     4       0        0       2       0          3        0
07/20/20 14:50:31 0 job proc(s) currently held
07/20/20 14:50:31 DAGMan Runtime Statistics: [ EventCycleTimeStd = 0.02418905556549803; EventCycleTimeMax = 0.1110107898712158; SubmitCycleTimeMin = 0.0003278255462646484; SubmitCycleTimeAvg = 0.008333099739892142; SleepCycleTimeCount = 55.0; SubmitCycleTimeCount = 56.0; SubmitCycleTimeMax = 0.104888916015625; SleepCycleTimeMin = 4.290426969528198; SubmitCycleTimeSum = 0.46665358543396; LogProcessCycleTimeStd = 0.005610092276619137; SubmitCycleTimeStd = 0.02289178630441513; LogProcessCycleTimeAvg = 0.01140210032463074; EventCycleTimeMin = 0.0007870197296142578; LogProcessCycleTimeMax = 0.02478885650634766; LogProcessCycleTimeMin = 0.004289865493774414; LogProcessCycleTimeSum = 0.1824336051940918; LogProcessCycleTimeCount = 16.0; EventCycleTimeSum = 0.7676198482513428; SleepCycleTimeSum = 276.3568851947784; SleepCycleTimeAvg = 5.024670639905063; SleepCycleTimeStd = 0.1773663602681049; SleepCycleTimeMax = 5.974719047546387; EventCycleTimeCount = 55.0; EventCycleTimeAvg = 0.01395672451366078; ]
07/20/20 14:50:31 Initializing user log writer for /home/scitech/shared-data/Workflow5/scitech/pegasus/checkpoint-wf/run0010/./checkpoint-wf-0.dag.nodes.log, (134.0.0)
07/20/20 14:50:31 Initializing user log writer for /home/scitech/shared-data/Workflow5/scitech/pegasus/checkpoint-wf/run0010/./checkpoint-wf-0.dag.nodes.log, (135.0.0)
07/20/20 14:50:36 Currently monitoring 1 HTCondor log file(s)
07/20/20 14:50:36 Event: ULOG_POST_SCRIPT_TERMINATED for HTCondor Node clean_up_local_level_3_0 (134.0.0) {07/20/20 14:50:31}
07/20/20 14:50:36 POST Script of node clean_up_local_level_3_0 completed successfully.
07/20/20 14:50:36 Event: ULOG_POST_SCRIPT_TERMINATED for HTCondor Node stage_out_local_local_0_0 (135.0.0) {07/20/20 14:50:31}
07/20/20 14:50:36 POST Script of node stage_out_local_local_0_0 completed successfully.
07/20/20 14:50:36 DAG status: 0 (DAG_STATUS_OK)
07/20/20 14:50:36 Of 9 nodes total:
07/20/20 14:50:36  Done     Pre   Queued    Post   Ready   Un-Ready   Failed
07/20/20 14:50:36   ===     ===      ===     ===     ===        ===      ===
07/20/20 14:50:36     6       0        0       0       2          1        0
07/20/20 14:50:36 0 job proc(s) currently held
07/20/20 14:50:36 DAGMan Runtime Statistics: [ EventCycleTimeStd = 0.02410148101700399; EventCycleTimeMax = 0.1110107898712158; SubmitCycleTimeMin = 0.0003278255462646484; SubmitCycleTimeAvg = 0.008204640003672818; SleepCycleTimeCount = 56.0; SubmitCycleTimeCount = 57.0; SubmitCycleTimeMax = 0.104888916015625; SleepCycleTimeMin = 4.290426969528198; SubmitCycleTimeSum = 0.4676644802093506; LogProcessCycleTimeStd = 0.005515746262793345; SubmitCycleTimeStd = 0.02270719579482355; LogProcessCycleTimeAvg = 0.0111697982339298; EventCycleTimeMin = 0.0007870197296142578; LogProcessCycleTimeMax = 0.02478885650634766; LogProcessCycleTimeMin = 0.004289865493774414; LogProcessCycleTimeSum = 0.1898865699768066; LogProcessCycleTimeCount = 17.0; EventCycleTimeSum = 0.8005218505859375; SleepCycleTimeSum = 281.6059243679047; SleepCycleTimeAvg = 5.028677220855441; SleepCycleTimeStd = 0.1782857195507628; SleepCycleTimeMax = 5.974719047546387; EventCycleTimeCount = 56.0; EventCycleTimeAvg = 0.01429503304617745; ]
07/20/20 14:50:41 Submitting HTCondor Node clean_up_local_level_4_0 job(s)...
07/20/20 14:50:41 Adding a DAGMan workflow log /home/scitech/shared-data/Workflow5/scitech/pegasus/checkpoint-wf/run0010/./checkpoint-wf-0.dag.nodes.log
07/20/20 14:50:41 Masking the events recorded in the DAGMAN workflow log
07/20/20 14:50:41 Mask for workflow log is 0,1,2,4,5,7,9,10,11,12,13,16,17,24,27,35,36
07/20/20 14:50:41 submitting: /usr/bin/condor_submit -a dag_node_name' '=' 'clean_up_local_level_4_0 -a +DAGManJobId' '=' '127 -a DAGManJobId' '=' '127 -batch-name checkpoint-wf-0.dag+127 -a submit_event_notes' '=' 'DAG' 'Node:' 'clean_up_local_level_4_0 -a dagman_log' '=' '/home/scitech/shared-data/Workflow5/scitech/pegasus/checkpoint-wf/run0010/./checkpoint-wf-0.dag.nodes.log -a +DAGManNodesMask' '=' '"0,1,2,4,5,7,9,10,11,12,13,16,17,24,27,35,36" -a priority=1000 -a +DAGNodeRetry' '=' '0 -a DAG_STATUS' '=' '0 -a FAILED_COUNT' '=' '0 -a +KeepClaimIdle' '=' '20 -a notification' '=' 'never -a +DAGParentNodeNames' '=' '"stage_out_local_local_0_0" 00/00/clean_up_local_level_4_0.sub
07/20/20 14:50:41 From submit: Submitting job(s).
07/20/20 14:50:41 From submit: 1 job(s) submitted to cluster 136.
07/20/20 14:50:41 	assigned HTCondor ID (136.0.0)
07/20/20 14:50:41 Submitting HTCondor Node register_local_0_0 job(s)...
07/20/20 14:50:41 Adding a DAGMan workflow log /home/scitech/shared-data/Workflow5/scitech/pegasus/checkpoint-wf/run0010/./checkpoint-wf-0.dag.nodes.log
07/20/20 14:50:41 Masking the events recorded in the DAGMAN workflow log
07/20/20 14:50:41 Mask for workflow log is 0,1,2,4,5,7,9,10,11,12,13,16,17,24,27,35,36
07/20/20 14:50:41 submitting: /usr/bin/condor_submit -a dag_node_name' '=' 'register_local_0_0 -a +DAGManJobId' '=' '127 -a DAGManJobId' '=' '127 -batch-name checkpoint-wf-0.dag+127 -a submit_event_notes' '=' 'DAG' 'Node:' 'register_local_0_0 -a dagman_log' '=' '/home/scitech/shared-data/Workflow5/scitech/pegasus/checkpoint-wf/run0010/./checkpoint-wf-0.dag.nodes.log -a +DAGManNodesMask' '=' '"0,1,2,4,5,7,9,10,11,12,13,16,17,24,27,35,36" -a priority=40 -a +DAGNodeRetry' '=' '0 -a DAG_STATUS' '=' '0 -a FAILED_COUNT' '=' '0 -a notification' '=' 'never -a +DAGParentNodeNames' '=' '"stage_out_local_local_0_0" 00/00/register_local_0_0.sub
07/20/20 14:50:41 From submit: Submitting job(s).
07/20/20 14:50:41 From submit: 1 job(s) submitted to cluster 137.
07/20/20 14:50:41 	assigned HTCondor ID (137.0.0)
07/20/20 14:50:41 Just submitted 2 jobs this cycle...
07/20/20 14:50:41 DAG status: 0 (DAG_STATUS_OK)
07/20/20 14:50:41 Of 9 nodes total:
07/20/20 14:50:41  Done     Pre   Queued    Post   Ready   Un-Ready   Failed
07/20/20 14:50:41   ===     ===      ===     ===     ===        ===      ===
07/20/20 14:50:41     6       0        2       0       0          1        0
07/20/20 14:50:41 0 job proc(s) currently held
07/20/20 14:50:41 DAGMan Runtime Statistics: [ EventCycleTimeStd = 0.02388603142516981; EventCycleTimeMax = 0.1110107898712158; SubmitCycleTimeMin = 0.0003278255462646484; SubmitCycleTimeAvg = 0.009470647779004327; SleepCycleTimeCount = 57.0; SubmitCycleTimeCount = 58.0; SubmitCycleTimeMax = 0.104888916015625; SleepCycleTimeMin = 4.290426969528198; SubmitCycleTimeSum = 0.549297571182251; LogProcessCycleTimeStd = 0.005515746262793345; SubmitCycleTimeStd = 0.02448533893960994; LogProcessCycleTimeAvg = 0.0111697982339298; EventCycleTimeMin = 0.0007870197296142578; LogProcessCycleTimeMax = 0.02478885650634766; LogProcessCycleTimeMin = 0.004289865493774414; LogProcessCycleTimeSum = 0.1898865699768066; LogProcessCycleTimeCount = 17.0; EventCycleTimeSum = 0.8162088394165039; SleepCycleTimeSum = 286.6112751960754; SleepCycleTimeAvg = 5.02826798589606; SleepCycleTimeStd = 0.1767137239691082; SleepCycleTimeMax = 5.974719047546387; EventCycleTimeCount = 57.0; EventCycleTimeAvg = 0.01431945332309656; ]
07/20/20 14:50:46 Currently monitoring 1 HTCondor log file(s)
07/20/20 14:50:46 Reassigning the id of job clean_up_local_level_4_0 from (136.0.0) to (136.0.0)
07/20/20 14:50:46 Event: ULOG_SUBMIT for HTCondor Node clean_up_local_level_4_0 (136.0.0) {07/20/20 14:50:41}
07/20/20 14:50:46 Number of idle job procs: 1
07/20/20 14:50:46 Reassigning the id of job register_local_0_0 from (137.0.0) to (137.0.0)
07/20/20 14:50:46 Event: ULOG_SUBMIT for HTCondor Node register_local_0_0 (137.0.0) {07/20/20 14:50:41}
07/20/20 14:50:46 Number of idle job procs: 2
07/20/20 14:50:46 Event: ULOG_EXECUTE for HTCondor Node register_local_0_0 (137.0.0) {07/20/20 14:50:46}
07/20/20 14:50:46 Number of idle job procs: 1
07/20/20 14:50:46 Event: ULOG_EXECUTE for HTCondor Node clean_up_local_level_4_0 (136.0.0) {07/20/20 14:50:46}
07/20/20 14:50:46 Number of idle job procs: 0
07/20/20 14:50:51 Currently monitoring 1 HTCondor log file(s)
07/20/20 14:50:51 Event: ULOG_JOB_TERMINATED for HTCondor Node register_local_0_0 (137.0.0) {07/20/20 14:50:48}
07/20/20 14:50:51 Number of idle job procs: 0
07/20/20 14:50:51 Node register_local_0_0 job proc (137.0.0) completed successfully.
07/20/20 14:50:51 Node register_local_0_0 job completed
07/20/20 14:50:51 Running POST script of Node register_local_0_0...
07/20/20 14:50:51 Warning: mysin has length 0 (ignore if produced by DAGMan; see gittrac #4987, #5031)
07/20/20 14:50:51 Event: ULOG_JOB_TERMINATED for HTCondor Node clean_up_local_level_4_0 (136.0.0) {07/20/20 14:50:50}
07/20/20 14:50:51 Number of idle job procs: 0
07/20/20 14:50:51 Node clean_up_local_level_4_0 job proc (136.0.0) completed successfully.
07/20/20 14:50:51 Node clean_up_local_level_4_0 job completed
07/20/20 14:50:51 Running POST script of Node clean_up_local_level_4_0...
07/20/20 14:50:51 Warning: mysin has length 0 (ignore if produced by DAGMan; see gittrac #4987, #5031)
07/20/20 14:50:51 DAG status: 0 (DAG_STATUS_OK)
07/20/20 14:50:51 Of 9 nodes total:
07/20/20 14:50:51  Done     Pre   Queued    Post   Ready   Un-Ready   Failed
07/20/20 14:50:51   ===     ===      ===     ===     ===        ===      ===
07/20/20 14:50:51     6       0        0       2       0          1        0
07/20/20 14:50:51 0 job proc(s) currently held
07/20/20 14:50:51 DAGMan Runtime Statistics: [ EventCycleTimeStd = 0.02533896906269607; EventCycleTimeMax = 0.1110107898712158; SubmitCycleTimeMin = 0.0003278255462646484; SubmitCycleTimeAvg = 0.009181145826975505; SleepCycleTimeCount = 59.0; SubmitCycleTimeCount = 60.0; SubmitCycleTimeMax = 0.104888916015625; SleepCycleTimeMin = 4.290426969528198; SubmitCycleTimeSum = 0.5508687496185303; LogProcessCycleTimeStd = 0.006454376109596426; SubmitCycleTimeStd = 0.02411806262685369; LogProcessCycleTimeAvg = 0.01209502471120734; EventCycleTimeMin = 0.0007870197296142578; LogProcessCycleTimeMax = 0.02785992622375488; LogProcessCycleTimeMin = 0.004289865493774414; LogProcessCycleTimeSum = 0.2298054695129395; LogProcessCycleTimeCount = 19.0; EventCycleTimeSum = 0.9172070026397705; SleepCycleTimeSum = 296.6212091445923; SleepCycleTimeAvg = 5.027478121094784; SleepCycleTimeStd = 0.1736931936868856; SleepCycleTimeMax = 5.974719047546387; EventCycleTimeCount = 59.0; EventCycleTimeAvg = 0.01554588140067408; ]
07/20/20 14:50:51 Initializing user log writer for /home/scitech/shared-data/Workflow5/scitech/pegasus/checkpoint-wf/run0010/./checkpoint-wf-0.dag.nodes.log, (137.0.0)
07/20/20 14:50:52 Initializing user log writer for /home/scitech/shared-data/Workflow5/scitech/pegasus/checkpoint-wf/run0010/./checkpoint-wf-0.dag.nodes.log, (136.0.0)
07/20/20 14:50:56 Currently monitoring 1 HTCondor log file(s)
07/20/20 14:50:56 Event: ULOG_POST_SCRIPT_TERMINATED for HTCondor Node register_local_0_0 (137.0.0) {07/20/20 14:50:51}
07/20/20 14:50:56 POST Script of node register_local_0_0 completed successfully.
07/20/20 14:50:56 Event: ULOG_POST_SCRIPT_TERMINATED for HTCondor Node clean_up_local_level_4_0 (136.0.0) {07/20/20 14:50:52}
07/20/20 14:50:56 POST Script of node clean_up_local_level_4_0 completed successfully.
07/20/20 14:50:56 DAG status: 0 (DAG_STATUS_OK)
07/20/20 14:50:56 Of 9 nodes total:
07/20/20 14:50:56  Done     Pre   Queued    Post   Ready   Un-Ready   Failed
07/20/20 14:50:56   ===     ===      ===     ===     ===        ===      ===
07/20/20 14:50:56     8       0        0       0       1          0        0
07/20/20 14:50:56 0 job proc(s) currently held
07/20/20 14:50:56 DAGMan Runtime Statistics: [ EventCycleTimeStd = 0.02528940834696525; EventCycleTimeMax = 0.1110107898712158; SubmitCycleTimeMin = 0.0003278255462646484; SubmitCycleTimeAvg = 0.009036603521128169; SleepCycleTimeCount = 60.0; SubmitCycleTimeCount = 61.0; SubmitCycleTimeMax = 0.104888916015625; SleepCycleTimeMin = 4.270714998245239; SubmitCycleTimeSum = 0.5512328147888184; LogProcessCycleTimeStd = 0.006395662766267298; SubmitCycleTimeStd = 0.02394286331304694; LogProcessCycleTimeAvg = 0.01182687282562256; EventCycleTimeMin = 0.0007870197296142578; LogProcessCycleTimeMax = 0.02785992622375488; LogProcessCycleTimeMin = 0.004289865493774414; LogProcessCycleTimeSum = 0.2365374565124512; LogProcessCycleTimeCount = 20.0; EventCycleTimeSum = 0.9551670551300049; SleepCycleTimeSum = 300.8919241428375; SleepCycleTimeAvg = 5.014865402380625; SleepCycleTimeStd = 0.1979970238017112; SleepCycleTimeMax = 5.974719047546387; EventCycleTimeCount = 60.0; EventCycleTimeAvg = 0.01591945091883341; ]
07/20/20 14:51:01 Submitting HTCondor Node cleanup_checkpoint-wf_0_local job(s)...
07/20/20 14:51:01 Adding a DAGMan workflow log /home/scitech/shared-data/Workflow5/scitech/pegasus/checkpoint-wf/run0010/./checkpoint-wf-0.dag.nodes.log
07/20/20 14:51:01 Masking the events recorded in the DAGMAN workflow log
07/20/20 14:51:01 Mask for workflow log is 0,1,2,4,5,7,9,10,11,12,13,16,17,24,27,35,36
07/20/20 14:51:01 submitting: /usr/bin/condor_submit -a dag_node_name' '=' 'cleanup_checkpoint-wf_0_local -a +DAGManJobId' '=' '127 -a DAGManJobId' '=' '127 -batch-name checkpoint-wf-0.dag+127 -a submit_event_notes' '=' 'DAG' 'Node:' 'cleanup_checkpoint-wf_0_local -a dagman_log' '=' '/home/scitech/shared-data/Workflow5/scitech/pegasus/checkpoint-wf/run0010/./checkpoint-wf-0.dag.nodes.log -a +DAGManNodesMask' '=' '"0,1,2,4,5,7,9,10,11,12,13,16,17,24,27,35,36" -a priority=1000 -a +DAGNodeRetry' '=' '0 -a DAG_STATUS' '=' '0 -a FAILED_COUNT' '=' '0 -a notification' '=' 'never -a +DAGParentNodeNames' '=' '"clean_up_local_level_3_0,clean_up_local_level_4_0" 00/00/cleanup_checkpoint-wf_0_local.sub
07/20/20 14:51:01 From submit: Submitting job(s).
07/20/20 14:51:01 From submit: 1 job(s) submitted to cluster 138.
07/20/20 14:51:01 	assigned HTCondor ID (138.0.0)
07/20/20 14:51:01 Just submitted 1 job this cycle...
07/20/20 14:51:01 DAG status: 0 (DAG_STATUS_OK)
07/20/20 14:51:01 Of 9 nodes total:
07/20/20 14:51:01  Done     Pre   Queued    Post   Ready   Un-Ready   Failed
07/20/20 14:51:01   ===     ===      ===     ===     ===        ===      ===
07/20/20 14:51:01     8       0        1       0       0          0        0
07/20/20 14:51:01 0 job proc(s) currently held
07/20/20 14:51:01 DAGMan Runtime Statistics: [ EventCycleTimeStd = 0.02509539786045603; EventCycleTimeMax = 0.1110107898712158; SubmitCycleTimeMin = 0.0003278255462646484; SubmitCycleTimeAvg = 0.009774596460403935; SleepCycleTimeCount = 61.0; SubmitCycleTimeCount = 62.0; SubmitCycleTimeMax = 0.104888916015625; SleepCycleTimeMin = 4.270714998245239; SubmitCycleTimeSum = 0.6060249805450439; LogProcessCycleTimeStd = 0.006395662766267298; SubmitCycleTimeStd = 0.0244464776406835; LogProcessCycleTimeAvg = 0.01182687282562256; EventCycleTimeMin = 0.0007870197296142578; LogProcessCycleTimeMax = 0.02785992622375488; LogProcessCycleTimeMin = 0.004289865493774414; LogProcessCycleTimeSum = 0.2365374565124512; LogProcessCycleTimeCount = 20.0; EventCycleTimeSum = 0.9784300327301025; SleepCycleTimeSum = 305.864403963089; SleepCycleTimeAvg = 5.01417055677195; SleepCycleTimeStd = 0.1964151025575952; SleepCycleTimeMax = 5.974719047546387; EventCycleTimeCount = 61.0; EventCycleTimeAvg = 0.01603983660213283; ]
07/20/20 14:51:06 Currently monitoring 1 HTCondor log file(s)
07/20/20 14:51:06 Reassigning the id of job cleanup_checkpoint-wf_0_local from (138.0.0) to (138.0.0)
07/20/20 14:51:06 Event: ULOG_SUBMIT for HTCondor Node cleanup_checkpoint-wf_0_local (138.0.0) {07/20/20 14:51:01}
07/20/20 14:51:06 Number of idle job procs: 1
07/20/20 14:51:06 Event: ULOG_EXECUTE for HTCondor Node cleanup_checkpoint-wf_0_local (138.0.0) {07/20/20 14:51:02}
07/20/20 14:51:06 Number of idle job procs: 0
07/20/20 14:51:06 Event: ULOG_JOB_TERMINATED for HTCondor Node cleanup_checkpoint-wf_0_local (138.0.0) {07/20/20 14:51:04}
07/20/20 14:51:06 Number of idle job procs: 0
07/20/20 14:51:06 Node cleanup_checkpoint-wf_0_local job proc (138.0.0) completed successfully.
07/20/20 14:51:06 Node cleanup_checkpoint-wf_0_local job completed
07/20/20 14:51:06 Running POST script of Node cleanup_checkpoint-wf_0_local...
07/20/20 14:51:06 Warning: mysin has length 0 (ignore if produced by DAGMan; see gittrac #4987, #5031)
07/20/20 14:51:06 DAG status: 0 (DAG_STATUS_OK)
07/20/20 14:51:06 Of 9 nodes total:
07/20/20 14:51:06  Done     Pre   Queued    Post   Ready   Un-Ready   Failed
07/20/20 14:51:06   ===     ===      ===     ===     ===        ===      ===
07/20/20 14:51:06     8       0        0       1       0          0        0
07/20/20 14:51:06 0 job proc(s) currently held
07/20/20 14:51:06 DAGMan Runtime Statistics: [ EventCycleTimeStd = 0.02553393183495438; EventCycleTimeMax = 0.1110107898712158; SubmitCycleTimeMin = 0.0003278255462646484; SubmitCycleTimeAvg = 0.009628174796937004; SleepCycleTimeCount = 62.0; SubmitCycleTimeCount = 63.0; SubmitCycleTimeMax = 0.104888916015625; SleepCycleTimeMin = 4.270714998245239; SubmitCycleTimeSum = 0.6065750122070312; LogProcessCycleTimeStd = 0.006474565740617233; SubmitCycleTimeStd = 0.02427636190353275; LogProcessCycleTimeAvg = 0.01220864341372535; EventCycleTimeMin = 0.0007870197296142578; LogProcessCycleTimeMax = 0.02785992622375488; LogProcessCycleTimeMin = 0.004289865493774414; LogProcessCycleTimeSum = 0.2563815116882324; LogProcessCycleTimeCount = 21.0; EventCycleTimeSum = 1.039377212524414; SleepCycleTimeSum = 310.8664979934692; SleepCycleTimeAvg = 5.013975774088213; SleepCycleTimeStd = 0.1948045275399611; SleepCycleTimeMax = 5.974719047546387; EventCycleTimeCount = 62.0; EventCycleTimeAvg = 0.01676414858910345; ]
07/20/20 14:51:06 Initializing user log writer for /home/scitech/shared-data/Workflow5/scitech/pegasus/checkpoint-wf/run0010/./checkpoint-wf-0.dag.nodes.log, (138.0.0)
07/20/20 14:51:11 Currently monitoring 1 HTCondor log file(s)
07/20/20 14:51:11 Event: ULOG_POST_SCRIPT_TERMINATED for HTCondor Node cleanup_checkpoint-wf_0_local (138.0.0) {07/20/20 14:51:06}
07/20/20 14:51:11 POST Script of node cleanup_checkpoint-wf_0_local completed successfully.
07/20/20 14:51:11 DAG status: 0 (DAG_STATUS_OK)
07/20/20 14:51:11 Of 9 nodes total:
07/20/20 14:51:11  Done     Pre   Queued    Post   Ready   Un-Ready   Failed
07/20/20 14:51:11   ===     ===      ===     ===     ===        ===      ===
07/20/20 14:51:11     9       0        0       0       0          0        0
07/20/20 14:51:11 0 job proc(s) currently held
07/20/20 14:51:11 DAGMan Runtime Statistics: [ EventCycleTimeStd = 0.02537298091013711; EventCycleTimeMax = 0.1110107898712158; SubmitCycleTimeMin = 0.0003278255462646484; SubmitCycleTimeAvg = 0.009487595409154892; SleepCycleTimeCount = 63.0; SubmitCycleTimeCount = 64.0; SubmitCycleTimeMax = 0.104888916015625; SleepCycleTimeMin = 4.270714998245239; SubmitCycleTimeSum = 0.6072061061859131; LogProcessCycleTimeStd = 0.006515186310662759; SubmitCycleTimeStd = 0.02410916673125508; LogProcessCycleTimeAvg = 0.01186993989077481; EventCycleTimeMin = 0.0007870197296142578; LogProcessCycleTimeMax = 0.02785992622375488; LogProcessCycleTimeMin = 0.004289865493774414; LogProcessCycleTimeSum = 0.2611386775970459; LogProcessCycleTimeCount = 22.0; EventCycleTimeSum = 1.068237066268921; SleepCycleTimeSum = 316.1258490085602; SleepCycleTimeAvg = 5.017870619183495; SleepCycleTimeStd = 0.1956845037833181; SleepCycleTimeMax = 5.974719047546387; EventCycleTimeCount = 63.0; EventCycleTimeAvg = 0.01695614390903049; ]
07/20/20 14:51:11 All jobs Completed!
07/20/20 14:51:11 Note: 0 total job deferrals because of -MaxJobs limit (0)
07/20/20 14:51:11 Note: 0 total job deferrals because of -MaxIdle limit (1000)
07/20/20 14:51:11 Note: 0 total job deferrals because of node category throttles
07/20/20 14:51:11 Note: 0 total PRE script deferrals because of -MaxPre limit (20) or DEFER
07/20/20 14:51:11 Note: 0 total POST script deferrals because of -MaxPost limit (20) or DEFER
07/20/20 14:51:11 DAG status: 0 (DAG_STATUS_OK)
07/20/20 14:51:11 Of 9 nodes total:
07/20/20 14:51:11  Done     Pre   Queued    Post   Ready   Un-Ready   Failed
07/20/20 14:51:11   ===     ===      ===     ===     ===        ===      ===
07/20/20 14:51:11     9       0        0       0       0          0        0
07/20/20 14:51:11 0 job proc(s) currently held
07/20/20 14:51:11 DAGMan Runtime Statistics: [ EventCycleTimeStd = 0.02537298091013711; EventCycleTimeMax = 0.1110107898712158; SubmitCycleTimeMin = 0.0003278255462646484; SubmitCycleTimeAvg = 0.009487595409154892; SleepCycleTimeCount = 63.0; SubmitCycleTimeCount = 64.0; SubmitCycleTimeMax = 0.104888916015625; SleepCycleTimeMin = 4.270714998245239; SubmitCycleTimeSum = 0.6072061061859131; LogProcessCycleTimeStd = 0.006515186310662759; SubmitCycleTimeStd = 0.02410916673125508; LogProcessCycleTimeAvg = 0.01186993989077481; EventCycleTimeMin = 0.0007870197296142578; LogProcessCycleTimeMax = 0.02785992622375488; LogProcessCycleTimeMin = 0.004289865493774414; LogProcessCycleTimeSum = 0.2611386775970459; LogProcessCycleTimeCount = 22.0; EventCycleTimeSum = 1.068237066268921; SleepCycleTimeSum = 316.1258490085602; SleepCycleTimeAvg = 5.017870619183495; SleepCycleTimeStd = 0.1956845037833181; SleepCycleTimeMax = 5.974719047546387; EventCycleTimeCount = 63.0; EventCycleTimeAvg = 0.01695614390903049; ]
07/20/20 14:51:11 Wrote metrics file checkpoint-wf-0.dag.metrics.
07/20/20 14:51:11 Reporting metrics to Pegasus metrics server(s); output is in checkpoint-wf-0.dag.metrics.out.
07/20/20 14:51:11 Running command </usr/libexec/condor/condor_dagman_metrics_reporter -f checkpoint-wf-0.dag.metrics -t 100>
07/20/20 14:51:11 Warning: mysin has length 0 (ignore if produced by DAGMan; see gittrac #4987, #5031)
07/20/20 14:51:11 DAGMan Runtime Statistics: [ EventCycleTimeStd = 0.02537298091013711; EventCycleTimeMax = 0.1110107898712158; SubmitCycleTimeMin = 0.0003278255462646484; SubmitCycleTimeAvg = 0.009487595409154892; SleepCycleTimeCount = 63.0; SubmitCycleTimeCount = 64.0; SubmitCycleTimeMax = 0.104888916015625; SleepCycleTimeMin = 4.270714998245239; SubmitCycleTimeSum = 0.6072061061859131; LogProcessCycleTimeStd = 0.006515186310662759; SubmitCycleTimeStd = 0.02410916673125508; LogProcessCycleTimeAvg = 0.01186993989077481; EventCycleTimeMin = 0.0007870197296142578; LogProcessCycleTimeMax = 0.02785992622375488; LogProcessCycleTimeMin = 0.004289865493774414; LogProcessCycleTimeSum = 0.2611386775970459; LogProcessCycleTimeCount = 22.0; EventCycleTimeSum = 1.068237066268921; SleepCycleTimeSum = 316.1258490085602; SleepCycleTimeAvg = 5.017870619183495; SleepCycleTimeStd = 0.1956845037833181; SleepCycleTimeMax = 5.974719047546387; EventCycleTimeCount = 63.0; EventCycleTimeAvg = 0.01695614390903049; ]
07/20/20 14:51:11 **** condor_scheduniv_exec.127.0 (condor_DAGMAN) pid 41420 EXITING WITH STATUS 0
