2020-09-23 22:49:58,186:INFO:pegasus-monitord(58): pegasus-monitord starting - pid 63063 
2020-09-23 22:49:58,207:INFO:pegasus-monitord(455): Final Command line options are: ['-N', 'Cats_and_Dogs-0.dag.dagman.out']
2020-09-23 22:49:58,233:INFO:Pegasus.monitoring.event_output(629): Connecting workflow event sink to sqlite:////home/scitech/shared-data/CatsAndDogs/scitech/pegasus/Cats_and_Dogs/run0016/Cats_and_Dogs-0.stampede.db
Created Pegasus database in: sqlite:////home/scitech/shared-data/CatsAndDogs/scitech/pegasus/Cats_and_Dogs/run0016/Cats_and_Dogs-0.stampede.db
Your database is compatible with Pegasus version: 5.0.0dev
2020-09-23 22:49:59,066:INFO:Pegasus.monitoring.event_output(703): output type=DB namespace=stampede. name=sqlite:////home/scitech/shared-data/CatsAndDogs/scitech/pegasus/Cats_and_Dogs/run0016/Cats_and_Dogs-0.stampede.db
2020-09-23 22:49:59,067:INFO:Pegasus.monitoring.event_output(629): Connecting workflow event sink to sqlite:////home/scitech/.pegasus/workflow.db
Your database is compatible with Pegasus version: 5.0.0dev
2020-09-23 22:49:59,517:INFO:Pegasus.monitoring.event_output(703): output type=DB namespace=dashboard. name=sqlite:////home/scitech/.pegasus/workflow.db
2020-09-23 22:49:59,518:INFO:pegasus-monitord(1247): monitord started in fast start mode
2020-09-23 22:49:59,548:INFO:Pegasus.monitoring.workflow(461): cannot open state file /home/scitech/shared-data/CatsAndDogs/scitech/pegasus/Cats_and_Dogs/run0016/monitord.info, continuing without state...
2020-09-23 22:49:59,550:INFO:Pegasus.monitoring.workflow(1148): creating new file /home/scitech/shared-data/CatsAndDogs/scitech/pegasus/Cats_and_Dogs/run0016/jobstate.log
2020-09-23 22:49:59,551:INFO:Pegasus.monitoring.workflow(1158): Appending to existing jobstate.log replay_mode 0 previous_processed_line 0
2020-09-23 22:49:59,554:INFO:Pegasus.monitoring.notifications(474): loading notifications from /home/scitech/shared-data/CatsAndDogs/scitech/pegasus/Cats_and_Dogs/run0016/Cats_and_Dogs-0.notify
2020-09-23 22:49:59,854:INFO:Pegasus.monitoring.workflow(205): Parsing DAG file /home/scitech/shared-data/CatsAndDogs/scitech/pegasus/Cats_and_Dogs/run0016/Cats_and_Dogs-0.dag
2020-09-23 22:49:59,864:INFO:pegasus-monitord(974): Using DAGMan version 8.8.10 80810
2020-09-23 22:49:59,864:INFO:pegasus-monitord(949): DAGMan runs at pid 63062
2020-09-23 22:49:59,868:INFO:pegasus-monitord(955): using dag Cats_and_Dogs-0.dag
2020-09-23 22:49:59,869:INFO:Pegasus.monitoring.workflow(811): DAGMan starting with condor id 325.0
2020-09-23 22:50:28,442:INFO:Pegasus.monitoring.workflow(2468): Populating locations corresponding to succeeded registration job  /home/scitech/shared-data/CatsAndDogs/scitech/pegasus/Cats_and_Dogs/run0016/00/00/register_local_1000_0.in 
2020-09-23 22:51:35,332:INFO:Pegasus.monitoring.workflow(2468): Populating locations corresponding to succeeded registration job  /home/scitech/shared-data/CatsAndDogs/scitech/pegasus/Cats_and_Dogs/run0016/00/00/register_local_0_0.in 
2020-09-23 22:51:54,847:INFO:Pegasus.monitoring.workflow(2468): Populating locations corresponding to succeeded registration job  /home/scitech/shared-data/CatsAndDogs/scitech/pegasus/Cats_and_Dogs/run0016/00/00/register_local_1_0.in 
2020-09-23 22:52:09,956:INFO:Pegasus.monitoring.workflow(2468): Populating locations corresponding to succeeded registration job  /home/scitech/shared-data/CatsAndDogs/scitech/pegasus/Cats_and_Dogs/run0016/00/00/register_local_2_0.in 
2020-09-23 22:52:51,790:INFO:Pegasus.monitoring.workflow(2468): Populating locations corresponding to succeeded registration job  /home/scitech/shared-data/CatsAndDogs/scitech/pegasus/Cats_and_Dogs/run0016/00/00/register_local_3_0.in 
2020-09-23 22:53:05,966:INFO:pegasus-monitord(927): DAGMan Cats_and_Dogs-0.dag finished with exit code 0
2020-09-23 22:53:06,977:INFO:pegasus-monitord(1427): workflow /home/scitech/shared-data/CatsAndDogs/scitech/pegasus/Cats_and_Dogs/run0016/Cats_and_Dogs-0.dag.dagman.out ended
2020-09-23 22:53:06,983:INFO:Pegasus.monitoring.workflow(1378): recovery file deleted: /home/scitech/shared-data/CatsAndDogs/scitech/pegasus/Cats_and_Dogs/run0016/monitord.recover
2020-09-23 22:53:06,986:INFO:pegasus-monitord(1665): finishing workflow: /home/scitech/shared-data/CatsAndDogs/scitech/pegasus/Cats_and_Dogs/run0016/Cats_and_Dogs-0.dag.dagman.out
2020-09-23 22:53:06,987:INFO:pegasus-monitord(1719): finishing notifications...
2020-09-23 22:53:06,987:INFO:pegasus-monitord(1727): monitord process 63063 exiting with 0
2020-09-23 22:53:06,989:INFO:pegasus-monitord(197): DB flushing beginning
2020-09-23 22:53:06,989:INFO:Pegasus.db.workflow_loader.WorkflowLoader(1244): Executing final flush
2020-09-23 22:53:07,049:INFO:Pegasus.db.dashboard_loader.DashboardLoader(397): Executing final flush
2020-09-23 22:53:07,050:INFO:pegasus-monitord(213): DB flushing ended
