2020-09-10 15:38:52,161:INFO:pegasus-monitord(58): pegasus-monitord starting - pid 11752 
2020-09-10 15:38:52,188:INFO:pegasus-monitord(455): Final Command line options are: ['-N', 'Cats_and_Dogs-0.dag.dagman.out']
2020-09-10 15:38:52,226:INFO:Pegasus.monitoring.event_output(629): Connecting workflow event sink to sqlite:////home/scitech/shared-data/CatsAndDogs/scitech/pegasus/Cats_and_Dogs/run0006/Cats_and_Dogs-0.stampede.db
Created Pegasus database in: sqlite:////home/scitech/shared-data/CatsAndDogs/scitech/pegasus/Cats_and_Dogs/run0006/Cats_and_Dogs-0.stampede.db
Your database is compatible with Pegasus version: 5.0.0dev
2020-09-10 15:38:53,611:INFO:Pegasus.monitoring.event_output(703): output type=DB namespace=stampede. name=sqlite:////home/scitech/shared-data/CatsAndDogs/scitech/pegasus/Cats_and_Dogs/run0006/Cats_and_Dogs-0.stampede.db
2020-09-10 15:38:53,613:INFO:Pegasus.monitoring.event_output(629): Connecting workflow event sink to sqlite:////home/scitech/.pegasus/workflow.db
Your database is compatible with Pegasus version: 5.0.0dev
2020-09-10 15:38:54,324:INFO:Pegasus.monitoring.event_output(703): output type=DB namespace=dashboard. name=sqlite:////home/scitech/.pegasus/workflow.db
2020-09-10 15:38:54,326:INFO:pegasus-monitord(1247): monitord started in fast start mode
2020-09-10 15:38:54,362:INFO:Pegasus.monitoring.workflow(461): cannot open state file /home/scitech/shared-data/CatsAndDogs/scitech/pegasus/Cats_and_Dogs/run0006/monitord.info, continuing without state...
2020-09-10 15:38:54,363:INFO:Pegasus.monitoring.workflow(1148): creating new file /home/scitech/shared-data/CatsAndDogs/scitech/pegasus/Cats_and_Dogs/run0006/jobstate.log
2020-09-10 15:38:54,363:INFO:Pegasus.monitoring.workflow(1158): Appending to existing jobstate.log replay_mode 0 previous_processed_line 0
2020-09-10 15:38:54,365:INFO:Pegasus.monitoring.notifications(474): loading notifications from /home/scitech/shared-data/CatsAndDogs/scitech/pegasus/Cats_and_Dogs/run0006/Cats_and_Dogs-0.notify
2020-09-10 15:38:54,920:INFO:Pegasus.monitoring.workflow(205): Parsing DAG file /home/scitech/shared-data/CatsAndDogs/scitech/pegasus/Cats_and_Dogs/run0006/Cats_and_Dogs-0.dag
2020-09-10 15:38:54,936:INFO:pegasus-monitord(974): Using DAGMan version 8.8.10 80810
2020-09-10 15:38:54,937:INFO:pegasus-monitord(949): DAGMan runs at pid 11751
2020-09-10 15:38:54,941:INFO:pegasus-monitord(955): using dag Cats_and_Dogs-0.dag
2020-09-10 15:38:54,942:INFO:Pegasus.monitoring.workflow(811): DAGMan starting with condor id 182.0
2020-09-10 15:39:32,393:INFO:Pegasus.monitoring.workflow(2468): Populating locations corresponding to succeeded registration job  /home/scitech/shared-data/CatsAndDogs/scitech/pegasus/Cats_and_Dogs/run0006/00/00/register_local_1000_0.in 
2020-09-10 15:40:59,622:WARNING:Pegasus.monitoring.workflow(1707): truncating stdout for job stage_in_local_local_0_0
2020-09-10 15:44:27,130:WARNING:Pegasus.monitoring.workflow(1707): truncating stdout for job stage_out_local_local_0_0
2020-09-10 15:44:30,426:INFO:Pegasus.monitoring.workflow(2468): Populating locations corresponding to succeeded registration job  /home/scitech/shared-data/CatsAndDogs/scitech/pegasus/Cats_and_Dogs/run0006/00/00/register_local_0_0.in 
2020-09-10 15:44:32,300:INFO:Pegasus.monitoring.workflow(2468): Populating locations corresponding to succeeded registration job  /home/scitech/shared-data/CatsAndDogs/scitech/pegasus/Cats_and_Dogs/run0006/00/00/register_local_2_0.in 
2020-09-10 15:45:47,786:WARNING:Pegasus.monitoring.workflow(1707): truncating stdout for job stage_out_local_local_1_0
2020-09-10 15:46:12,012:INFO:Pegasus.monitoring.workflow(2468): Populating locations corresponding to succeeded registration job  /home/scitech/shared-data/CatsAndDogs/scitech/pegasus/Cats_and_Dogs/run0006/00/00/register_local_1_0.in 
2020-09-10 16:02:43,258:WARNING:Pegasus.monitoring.workflow(1707): truncating stdout for job clean_up_local_level_6_0
2020-09-10 16:02:52,452:INFO:Pegasus.monitoring.workflow(2468): Populating locations corresponding to succeeded registration job  /home/scitech/shared-data/CatsAndDogs/scitech/pegasus/Cats_and_Dogs/run0006/00/00/register_local_3_0.in 
2020-09-10 16:03:01,651:INFO:pegasus-monitord(927): DAGMan Cats_and_Dogs-0.dag finished with exit code 0
2020-09-10 16:03:02,671:INFO:pegasus-monitord(1427): workflow /home/scitech/shared-data/CatsAndDogs/scitech/pegasus/Cats_and_Dogs/run0006/Cats_and_Dogs-0.dag.dagman.out ended
2020-09-10 16:03:02,676:INFO:Pegasus.monitoring.workflow(1378): recovery file deleted: /home/scitech/shared-data/CatsAndDogs/scitech/pegasus/Cats_and_Dogs/run0006/monitord.recover
2020-09-10 16:03:02,679:INFO:pegasus-monitord(1665): finishing workflow: /home/scitech/shared-data/CatsAndDogs/scitech/pegasus/Cats_and_Dogs/run0006/Cats_and_Dogs-0.dag.dagman.out
2020-09-10 16:03:02,680:INFO:pegasus-monitord(1719): finishing notifications...
2020-09-10 16:03:02,681:INFO:pegasus-monitord(1727): monitord process 11752 exiting with 0
2020-09-10 16:03:02,683:INFO:pegasus-monitord(197): DB flushing beginning
2020-09-10 16:03:02,683:INFO:Pegasus.db.workflow_loader.WorkflowLoader(1244): Executing final flush
2020-09-10 16:03:03,000:INFO:Pegasus.db.dashboard_loader.DashboardLoader(397): Executing final flush
2020-09-10 16:03:03,000:INFO:pegasus-monitord(213): DB flushing ended
