07/20/20 14:35:14 ******************************************************
07/20/20 14:35:14 ** condor_scheduniv_exec.114.0 (CONDOR_DAGMAN) STARTING UP
07/20/20 14:35:14 ** /usr/bin/condor_dagman
07/20/20 14:35:14 ** SubsystemInfo: name=DAGMAN type=DAGMAN(10) class=DAEMON(1)
07/20/20 14:35:14 ** Configuration: subsystem:DAGMAN local:<NONE> class:DAEMON
07/20/20 14:35:14 ** $CondorVersion: 8.8.9 May 06 2020 BuildID: 503068 PackageID: 8.8.9-1 $
07/20/20 14:35:14 ** $CondorPlatform: x86_64_CentOS7 $
07/20/20 14:35:14 ** PID = 37390
07/20/20 14:35:14 ** Log last touched time unavailable (No such file or directory)
07/20/20 14:35:14 ******************************************************
07/20/20 14:35:14 Using config source: /etc/condor/condor_config
07/20/20 14:35:14 Using local config sources: 
07/20/20 14:35:14    /etc/condor/config.d/00-minicondor
07/20/20 14:35:14    /etc/condor/condor_config.local
07/20/20 14:35:14 config Macros = 81, Sorted = 81, StringBytes = 2249, TablesBytes = 2964
07/20/20 14:35:14 CLASSAD_CACHING is ENABLED
07/20/20 14:35:14 Daemon Log is logging: D_ALWAYS D_ERROR
07/20/20 14:35:14 DaemonCore: No command port requested.
07/20/20 14:35:14 DAGMAN_USE_STRICT setting: 1
07/20/20 14:35:14 DAGMAN_VERBOSITY setting: 3
07/20/20 14:35:14 DAGMAN_DEBUG_CACHE_SIZE setting: 5242880
07/20/20 14:35:14 DAGMAN_DEBUG_CACHE_ENABLE setting: False
07/20/20 14:35:14 DAGMAN_SUBMIT_DELAY setting: 0
07/20/20 14:35:14 DAGMAN_MAX_SUBMIT_ATTEMPTS setting: 6
07/20/20 14:35:14 DAGMAN_STARTUP_CYCLE_DETECT setting: False
07/20/20 14:35:14 DAGMAN_MAX_SUBMITS_PER_INTERVAL setting: 100
07/20/20 14:35:14 DAGMAN_AGGRESSIVE_SUBMIT setting: False
07/20/20 14:35:14 DAGMAN_USER_LOG_SCAN_INTERVAL setting: 5
07/20/20 14:35:14 DAGMAN_QUEUE_UPDATE_INTERVAL setting: 300
07/20/20 14:35:14 DAGMAN_DEFAULT_PRIORITY setting: 0
07/20/20 14:35:14 DAGMAN_SUPPRESS_NOTIFICATION setting: True
07/20/20 14:35:14 allow_events (DAGMAN_ALLOW_EVENTS) setting: 114
07/20/20 14:35:14 DAGMAN_RETRY_SUBMIT_FIRST setting: True
07/20/20 14:35:14 DAGMAN_RETRY_NODE_FIRST setting: False
07/20/20 14:35:14 DAGMAN_MAX_JOBS_IDLE setting: 1000
07/20/20 14:35:14 DAGMAN_MAX_JOBS_SUBMITTED setting: 0
07/20/20 14:35:14 DAGMAN_MAX_PRE_SCRIPTS setting: 20
07/20/20 14:35:14 DAGMAN_MAX_POST_SCRIPTS setting: 20
07/20/20 14:35:14 DAGMAN_MUNGE_NODE_NAMES setting: True
07/20/20 14:35:14 DAGMAN_PROHIBIT_MULTI_JOBS setting: False
07/20/20 14:35:14 DAGMAN_SUBMIT_DEPTH_FIRST setting: False
07/20/20 14:35:14 DAGMAN_ALWAYS_RUN_POST setting: False
07/20/20 14:35:14 DAGMAN_CONDOR_SUBMIT_EXE setting: /usr/bin/condor_submit
07/20/20 14:35:14 DAGMAN_USE_CONDOR_SUBMIT setting: True
07/20/20 14:35:14 DAGMAN_ABORT_DUPLICATES setting: True
07/20/20 14:35:14 DAGMAN_ABORT_ON_SCARY_SUBMIT setting: True
07/20/20 14:35:14 DAGMAN_PENDING_REPORT_INTERVAL setting: 600
07/20/20 14:35:14 DAGMAN_AUTO_RESCUE setting: True
07/20/20 14:35:14 DAGMAN_MAX_RESCUE_NUM setting: 100
07/20/20 14:35:14 DAGMAN_WRITE_PARTIAL_RESCUE setting: True
07/20/20 14:35:14 DAGMAN_DEFAULT_NODE_LOG setting: @(DAG_DIR)/@(DAG_FILE).nodes.log
07/20/20 14:35:14 DAGMAN_GENERATE_SUBDAG_SUBMITS setting: True
07/20/20 14:35:14 DAGMAN_MAX_JOB_HOLDS setting: 100
07/20/20 14:35:14 DAGMAN_HOLD_CLAIM_TIME setting: 20
07/20/20 14:35:14 ALL_DEBUG setting: 
07/20/20 14:35:14 DAGMAN_DEBUG setting: 
07/20/20 14:35:14 DAGMAN_SUPPRESS_JOB_LOGS setting: False
07/20/20 14:35:14 DAGMAN_REMOVE_NODE_JOBS setting: True
07/20/20 14:35:14 argv[0] == "condor_scheduniv_exec.114.0"
07/20/20 14:35:14 argv[1] == "-Lockfile"
07/20/20 14:35:14 argv[2] == "checkpoint-wf-0.dag.lock"
07/20/20 14:35:14 argv[3] == "-AutoRescue"
07/20/20 14:35:14 argv[4] == "1"
07/20/20 14:35:14 argv[5] == "-DoRescueFrom"
07/20/20 14:35:14 argv[6] == "0"
07/20/20 14:35:14 argv[7] == "-Dag"
07/20/20 14:35:14 argv[8] == "checkpoint-wf-0.dag"
07/20/20 14:35:14 argv[9] == "-MaxPost"
07/20/20 14:35:14 argv[10] == "20"
07/20/20 14:35:14 argv[11] == "-Suppress_notification"
07/20/20 14:35:14 argv[12] == "-CsdVersion"
07/20/20 14:35:14 argv[13] == "$CondorVersion: 8.8.9 May 06 2020 BuildID: 503068 PackageID: 8.8.9-1 $"
07/20/20 14:35:14 argv[14] == "-Dagman"
07/20/20 14:35:14 argv[15] == "/bin/condor_dagman"
07/20/20 14:35:14 Workflow batch-name: <checkpoint-wf-0.dag+114>
07/20/20 14:35:14 Workflow accounting_group: <>
07/20/20 14:35:14 Workflow accounting_group_user: <>
07/20/20 14:35:14 Warning: failed to get attribute DAGNodeName
07/20/20 14:35:14 DAGMAN_LOG_ON_NFS_IS_ERROR setting: False
07/20/20 14:35:14 Default node log file is: </home/scitech/shared-data/Workflow5/scitech/pegasus/checkpoint-wf/run0009/./checkpoint-wf-0.dag.nodes.log>
07/20/20 14:35:14 DAG Lockfile will be written to checkpoint-wf-0.dag.lock
07/20/20 14:35:14 DAG Input file is checkpoint-wf-0.dag
07/20/20 14:35:14 Parsing 1 dagfiles
07/20/20 14:35:14 Parsing checkpoint-wf-0.dag ...
07/20/20 14:35:14 Warning:  could not open Pegasus braindump file braindump.txt
07/20/20 14:35:14 Dag contains 9 total jobs
07/20/20 14:35:14 Sleeping for 3 seconds to ensure ProcessId uniqueness
07/20/20 14:35:17 Bootstrapping...
07/20/20 14:35:17 Number of pre-completed nodes: 0
07/20/20 14:35:17 MultiLogFiles: truncating log file /home/scitech/shared-data/Workflow5/scitech/pegasus/checkpoint-wf/run0009/./checkpoint-wf-0.dag.nodes.log
07/20/20 14:35:17 DAG status: 0 (DAG_STATUS_OK)
07/20/20 14:35:17 Of 9 nodes total:
07/20/20 14:35:17  Done     Pre   Queued    Post   Ready   Un-Ready   Failed
07/20/20 14:35:17   ===     ===      ===     ===     ===        ===      ===
07/20/20 14:35:17     0       0        0       0       1          8        0
07/20/20 14:35:17 0 job proc(s) currently held
07/20/20 14:35:17 DAGMan Runtime Statistics: [ EventCycleTimeSum = 0.0; EventCycleTimeCount = 0.0; SleepCycleTimeCount = 0.0; SubmitCycleTimeSum = 0.0; SubmitCycleTimeCount = 0.0; LogProcessCycleTimeSum = 0.0; SleepCycleTimeSum = 0.0; LogProcessCycleTimeCount = 0.0; ]
07/20/20 14:35:17 Registering condor_event_timer...
07/20/20 14:35:18 Submitting HTCondor Node create_dir_checkpoint-wf_0_local job(s)...
07/20/20 14:35:18 Adding a DAGMan workflow log /home/scitech/shared-data/Workflow5/scitech/pegasus/checkpoint-wf/run0009/./checkpoint-wf-0.dag.nodes.log
07/20/20 14:35:18 Masking the events recorded in the DAGMAN workflow log
07/20/20 14:35:18 Mask for workflow log is 0,1,2,4,5,7,9,10,11,12,13,16,17,24,27,35,36
07/20/20 14:35:18 submitting: /usr/bin/condor_submit -a dag_node_name' '=' 'create_dir_checkpoint-wf_0_local -a +DAGManJobId' '=' '114 -a DAGManJobId' '=' '114 -batch-name checkpoint-wf-0.dag+114 -a submit_event_notes' '=' 'DAG' 'Node:' 'create_dir_checkpoint-wf_0_local -a dagman_log' '=' '/home/scitech/shared-data/Workflow5/scitech/pegasus/checkpoint-wf/run0009/./checkpoint-wf-0.dag.nodes.log -a +DAGManNodesMask' '=' '"0,1,2,4,5,7,9,10,11,12,13,16,17,24,27,35,36" -a priority=800 -a +DAGNodeRetry' '=' '0 -a DAG_STATUS' '=' '0 -a FAILED_COUNT' '=' '0 -a +KeepClaimIdle' '=' '20 -a notification' '=' 'never -a +DAGParentNodeNames' '=' '"" 00/00/create_dir_checkpoint-wf_0_local.sub
07/20/20 14:35:18 From submit: Submitting job(s).
07/20/20 14:35:18 From submit: 1 job(s) submitted to cluster 115.
07/20/20 14:35:18 	assigned HTCondor ID (115.0.0)
07/20/20 14:35:18 Just submitted 1 job this cycle...
07/20/20 14:35:18 DAG status: 0 (DAG_STATUS_OK)
07/20/20 14:35:18 Of 9 nodes total:
07/20/20 14:35:18  Done     Pre   Queued    Post   Ready   Un-Ready   Failed
07/20/20 14:35:18   ===     ===      ===     ===     ===        ===      ===
07/20/20 14:35:18     0       0        1       0       0          8        0
07/20/20 14:35:18 0 job proc(s) currently held
07/20/20 14:35:18 DAGMan Runtime Statistics: [ EventCycleTimeCount = 0.0; EventCycleTimeSum = 0.0; LogProcessCycleTimeCount = 0.0; SleepCycleTimeSum = 0.0; LogProcessCycleTimeSum = 0.0; SubmitCycleTimeCount = 1.0; SubmitCycleTimeMax = 0.04517316818237305; SubmitCycleTimeMin = 0.04517316818237305; SubmitCycleTimeAvg = 0.04517316818237305; SubmitCycleTimeStd = 0.04517316818237305; SubmitCycleTimeSum = 0.04517316818237305; SleepCycleTimeCount = 0.0; ]
07/20/20 14:35:23 Currently monitoring 1 HTCondor log file(s)
07/20/20 14:35:23 Reassigning the id of job create_dir_checkpoint-wf_0_local from (115.0.0) to (115.0.0)
07/20/20 14:35:23 Event: ULOG_SUBMIT for HTCondor Node create_dir_checkpoint-wf_0_local (115.0.0) {07/20/20 14:35:18}
07/20/20 14:35:23 Number of idle job procs: 1
07/20/20 14:35:23 Event: ULOG_EXECUTE for HTCondor Node create_dir_checkpoint-wf_0_local (115.0.0) {07/20/20 14:35:19}
07/20/20 14:35:23 Number of idle job procs: 0
07/20/20 14:35:23 Event: ULOG_JOB_TERMINATED for HTCondor Node create_dir_checkpoint-wf_0_local (115.0.0) {07/20/20 14:35:21}
07/20/20 14:35:23 Number of idle job procs: 0
07/20/20 14:35:23 Node create_dir_checkpoint-wf_0_local job proc (115.0.0) completed successfully.
07/20/20 14:35:23 Node create_dir_checkpoint-wf_0_local job completed
07/20/20 14:35:23 Running POST script of Node create_dir_checkpoint-wf_0_local...
07/20/20 14:35:23 Warning: mysin has length 0 (ignore if produced by DAGMan; see gittrac #4987, #5031)
07/20/20 14:35:23 DAG status: 0 (DAG_STATUS_OK)
07/20/20 14:35:23 Of 9 nodes total:
07/20/20 14:35:23  Done     Pre   Queued    Post   Ready   Un-Ready   Failed
07/20/20 14:35:23   ===     ===      ===     ===     ===        ===      ===
07/20/20 14:35:23     0       0        0       1       0          8        0
07/20/20 14:35:23 0 job proc(s) currently held
07/20/20 14:35:23 DAGMan Runtime Statistics: [ EventCycleTimeStd = 0.05054688453674316; EventCycleTimeMax = 0.05054688453674316; SubmitCycleTimeMin = 0.0005629062652587891; SubmitCycleTimeAvg = 0.02286803722381592; SleepCycleTimeCount = 1.0; SubmitCycleTimeCount = 2.0; SubmitCycleTimeMax = 0.04517316818237305; SleepCycleTimeMin = 5.005458116531372; SubmitCycleTimeSum = 0.04573607444763184; LogProcessCycleTimeStd = 0.01699185371398926; SubmitCycleTimeStd = 0.03154421871209948; LogProcessCycleTimeAvg = 0.01699185371398926; EventCycleTimeMin = 0.05054688453674316; LogProcessCycleTimeMax = 0.01699185371398926; LogProcessCycleTimeMin = 0.01699185371398926; LogProcessCycleTimeSum = 0.01699185371398926; LogProcessCycleTimeCount = 1.0; EventCycleTimeSum = 0.05054688453674316; SleepCycleTimeSum = 5.005458116531372; SleepCycleTimeAvg = 5.005458116531372; SleepCycleTimeStd = 5.005458116531372; SleepCycleTimeMax = 5.005458116531372; EventCycleTimeCount = 1.0; EventCycleTimeAvg = 0.05054688453674316; ]
07/20/20 14:35:23 Initializing user log writer for /home/scitech/shared-data/Workflow5/scitech/pegasus/checkpoint-wf/run0009/./checkpoint-wf-0.dag.nodes.log, (115.0.0)
07/20/20 14:35:28 Currently monitoring 1 HTCondor log file(s)
07/20/20 14:35:28 Event: ULOG_POST_SCRIPT_TERMINATED for HTCondor Node create_dir_checkpoint-wf_0_local (115.0.0) {07/20/20 14:35:23}
07/20/20 14:35:28 POST Script of node create_dir_checkpoint-wf_0_local completed successfully.
07/20/20 14:35:28 DAG status: 0 (DAG_STATUS_OK)
07/20/20 14:35:28 Of 9 nodes total:
07/20/20 14:35:28  Done     Pre   Queued    Post   Ready   Un-Ready   Failed
07/20/20 14:35:28   ===     ===      ===     ===     ===        ===      ===
07/20/20 14:35:28     1       0        0       0       2          6        0
07/20/20 14:35:28 0 job proc(s) currently held
07/20/20 14:35:28 DAGMan Runtime Statistics: [ EventCycleTimeStd = 0.0187551789999538; EventCycleTimeMax = 0.05054688453674316; SubmitCycleTimeMin = 0.0003831386566162109; SubmitCycleTimeAvg = 0.01537307103474935; SleepCycleTimeCount = 2.0; SubmitCycleTimeCount = 3.0; SubmitCycleTimeMax = 0.04517316818237305; SleepCycleTimeMin = 5.005458116531372; SubmitCycleTimeSum = 0.04611921310424805; LogProcessCycleTimeStd = 0.009680119578588098; SubmitCycleTimeStd = 0.02580779768992575; LogProcessCycleTimeAvg = 0.01014697551727295; EventCycleTimeMin = 0.02402305603027344; LogProcessCycleTimeMax = 0.01699185371398926; LogProcessCycleTimeMin = 0.003302097320556641; LogProcessCycleTimeSum = 0.0202939510345459; LogProcessCycleTimeCount = 2.0; EventCycleTimeSum = 0.0745699405670166; SleepCycleTimeSum = 10.23444104194641; SleepCycleTimeAvg = 5.117220520973206; SleepCycleTimeStd = 0.158055908125068; SleepCycleTimeMax = 5.228982925415039; EventCycleTimeCount = 2.0; EventCycleTimeAvg = 0.0372849702835083; ]
07/20/20 14:35:33 Submitting HTCondor Node stage_in_remote_local_0_0 job(s)...
07/20/20 14:35:33 Adding a DAGMan workflow log /home/scitech/shared-data/Workflow5/scitech/pegasus/checkpoint-wf/run0009/./checkpoint-wf-0.dag.nodes.log
07/20/20 14:35:33 Masking the events recorded in the DAGMAN workflow log
07/20/20 14:35:33 Mask for workflow log is 0,1,2,4,5,7,9,10,11,12,13,16,17,24,27,35,36
07/20/20 14:35:33 submitting: /usr/bin/condor_submit -a dag_node_name' '=' 'stage_in_remote_local_0_0 -a +DAGManJobId' '=' '114 -a DAGManJobId' '=' '114 -batch-name checkpoint-wf-0.dag+114 -a submit_event_notes' '=' 'DAG' 'Node:' 'stage_in_remote_local_0_0 -a dagman_log' '=' '/home/scitech/shared-data/Workflow5/scitech/pegasus/checkpoint-wf/run0009/./checkpoint-wf-0.dag.nodes.log -a +DAGManNodesMask' '=' '"0,1,2,4,5,7,9,10,11,12,13,16,17,24,27,35,36" -a priority=700 -a +DAGNodeRetry' '=' '0 -a DAG_STATUS' '=' '0 -a FAILED_COUNT' '=' '0 -a +KeepClaimIdle' '=' '20 -a notification' '=' 'never -a +DAGParentNodeNames' '=' '"create_dir_checkpoint-wf_0_local" 00/00/stage_in_remote_local_0_0.sub
07/20/20 14:35:33 From submit: Submitting job(s).
07/20/20 14:35:33 From submit: 1 job(s) submitted to cluster 116.
07/20/20 14:35:33 	assigned HTCondor ID (116.0.0)
07/20/20 14:35:33 Submitting HTCondor Node stage_in_local_local_0_0 job(s)...
07/20/20 14:35:33 Adding a DAGMan workflow log /home/scitech/shared-data/Workflow5/scitech/pegasus/checkpoint-wf/run0009/./checkpoint-wf-0.dag.nodes.log
07/20/20 14:35:33 Masking the events recorded in the DAGMAN workflow log
07/20/20 14:35:33 Mask for workflow log is 0,1,2,4,5,7,9,10,11,12,13,16,17,24,27,35,36
07/20/20 14:35:33 submitting: /usr/bin/condor_submit -a dag_node_name' '=' 'stage_in_local_local_0_0 -a +DAGManJobId' '=' '114 -a DAGManJobId' '=' '114 -batch-name checkpoint-wf-0.dag+114 -a submit_event_notes' '=' 'DAG' 'Node:' 'stage_in_local_local_0_0 -a dagman_log' '=' '/home/scitech/shared-data/Workflow5/scitech/pegasus/checkpoint-wf/run0009/./checkpoint-wf-0.dag.nodes.log -a +DAGManNodesMask' '=' '"0,1,2,4,5,7,9,10,11,12,13,16,17,24,27,35,36" -a priority=700 -a +DAGNodeRetry' '=' '0 -a DAG_STATUS' '=' '0 -a FAILED_COUNT' '=' '0 -a +KeepClaimIdle' '=' '20 -a notification' '=' 'never -a +DAGParentNodeNames' '=' '"create_dir_checkpoint-wf_0_local" 00/00/stage_in_local_local_0_0.sub
07/20/20 14:35:33 From submit: Submitting job(s).
07/20/20 14:35:33 From submit: 1 job(s) submitted to cluster 117.
07/20/20 14:35:33 	assigned HTCondor ID (117.0.0)
07/20/20 14:35:33 Just submitted 2 jobs this cycle...
07/20/20 14:35:33 DAG status: 0 (DAG_STATUS_OK)
07/20/20 14:35:33 Of 9 nodes total:
07/20/20 14:35:33  Done     Pre   Queued    Post   Ready   Un-Ready   Failed
07/20/20 14:35:33   ===     ===      ===     ===     ===        ===      ===
07/20/20 14:35:33     1       0        2       0       0          6        0
07/20/20 14:35:33 0 job proc(s) currently held
07/20/20 14:35:33 DAGMan Runtime Statistics: [ EventCycleTimeStd = 0.02093547790238004; EventCycleTimeMax = 0.05054688453674316; SubmitCycleTimeMin = 0.0003831386566162109; SubmitCycleTimeAvg = 0.03347033262252808; SleepCycleTimeCount = 3.0; SubmitCycleTimeCount = 4.0; SubmitCycleTimeMax = 0.08776211738586426; SleepCycleTimeMin = 5.005458116531372; SubmitCycleTimeSum = 0.1338813304901123; LogProcessCycleTimeStd = 0.009680119578588098; SubmitCycleTimeStd = 0.04188164023740463; LogProcessCycleTimeAvg = 0.01014697551727295; EventCycleTimeMin = 0.00922703742980957; LogProcessCycleTimeMax = 0.01699185371398926; LogProcessCycleTimeMin = 0.003302097320556641; LogProcessCycleTimeSum = 0.0202939510345459; LogProcessCycleTimeCount = 2.0; EventCycleTimeSum = 0.08379697799682617; SleepCycleTimeSum = 15.24148893356323; SleepCycleTimeAvg = 5.080496311187744; SleepCycleTimeStd = 0.1285956367833672; SleepCycleTimeMax = 5.228982925415039; EventCycleTimeCount = 3.0; EventCycleTimeAvg = 0.02793232599894206; ]
07/20/20 14:35:38 Currently monitoring 1 HTCondor log file(s)
07/20/20 14:35:38 Reassigning the id of job stage_in_remote_local_0_0 from (116.0.0) to (116.0.0)
07/20/20 14:35:38 Event: ULOG_SUBMIT for HTCondor Node stage_in_remote_local_0_0 (116.0.0) {07/20/20 14:35:33}
07/20/20 14:35:38 Number of idle job procs: 1
07/20/20 14:35:38 Reassigning the id of job stage_in_local_local_0_0 from (117.0.0) to (117.0.0)
07/20/20 14:35:38 Event: ULOG_SUBMIT for HTCondor Node stage_in_local_local_0_0 (117.0.0) {07/20/20 14:35:33}
07/20/20 14:35:38 Number of idle job procs: 2
07/20/20 14:35:38 Event: ULOG_EXECUTE for HTCondor Node stage_in_local_local_0_0 (117.0.0) {07/20/20 14:35:35}
07/20/20 14:35:38 Number of idle job procs: 1
07/20/20 14:35:38 Event: ULOG_EXECUTE for HTCondor Node stage_in_remote_local_0_0 (116.0.0) {07/20/20 14:35:35}
07/20/20 14:35:38 Number of idle job procs: 0
07/20/20 14:35:38 Event: ULOG_JOB_TERMINATED for HTCondor Node stage_in_remote_local_0_0 (116.0.0) {07/20/20 14:35:37}
07/20/20 14:35:38 Number of idle job procs: 0
07/20/20 14:35:38 Node stage_in_remote_local_0_0 job proc (116.0.0) completed successfully.
07/20/20 14:35:38 Node stage_in_remote_local_0_0 job completed
07/20/20 14:35:38 Running POST script of Node stage_in_remote_local_0_0...
07/20/20 14:35:38 Warning: mysin has length 0 (ignore if produced by DAGMan; see gittrac #4987, #5031)
07/20/20 14:35:38 Event: ULOG_JOB_TERMINATED for HTCondor Node stage_in_local_local_0_0 (117.0.0) {07/20/20 14:35:37}
07/20/20 14:35:38 Number of idle job procs: 0
07/20/20 14:35:38 Node stage_in_local_local_0_0 job proc (117.0.0) completed successfully.
07/20/20 14:35:38 Node stage_in_local_local_0_0 job completed
07/20/20 14:35:38 Running POST script of Node stage_in_local_local_0_0...
07/20/20 14:35:38 Warning: mysin has length 0 (ignore if produced by DAGMan; see gittrac #4987, #5031)
07/20/20 14:35:38 DAG status: 0 (DAG_STATUS_OK)
07/20/20 14:35:38 Of 9 nodes total:
07/20/20 14:35:38  Done     Pre   Queued    Post   Ready   Un-Ready   Failed
07/20/20 14:35:38   ===     ===      ===     ===     ===        ===      ===
07/20/20 14:35:38     1       0        0       2       0          6        0
07/20/20 14:35:38 0 job proc(s) currently held
07/20/20 14:35:38 DAGMan Runtime Statistics: [ EventCycleTimeStd = 0.03698105194688807; EventCycleTimeMax = 0.09351897239685059; SubmitCycleTimeMin = 0.0003831386566162109; SubmitCycleTimeAvg = 0.02694168090820313; SleepCycleTimeCount = 4.0; SubmitCycleTimeCount = 5.0; SubmitCycleTimeMax = 0.08776211738586426; SleepCycleTimeMin = 5.005458116531372; SubmitCycleTimeSum = 0.1347084045410156; LogProcessCycleTimeStd = 0.01545376345479373; SubmitCycleTimeStd = 0.03909821361349305; LogProcessCycleTimeAvg = 0.01814627647399902; EventCycleTimeMin = 0.00922703742980957; LogProcessCycleTimeMax = 0.03414487838745117; LogProcessCycleTimeMin = 0.003302097320556641; LogProcessCycleTimeSum = 0.05443882942199707; LogProcessCycleTimeCount = 3.0; EventCycleTimeSum = 0.1773159503936768; SleepCycleTimeSum = 20.24765014648438; SleepCycleTimeAvg = 5.061912536621094; SleepCycleTimeStd = 0.1113821585431114; SleepCycleTimeMax = 5.228982925415039; EventCycleTimeCount = 4.0; EventCycleTimeAvg = 0.04432898759841919; ]
07/20/20 14:35:38 Initializing user log writer for /home/scitech/shared-data/Workflow5/scitech/pegasus/checkpoint-wf/run0009/./checkpoint-wf-0.dag.nodes.log, (116.0.0)
07/20/20 14:35:38 Initializing user log writer for /home/scitech/shared-data/Workflow5/scitech/pegasus/checkpoint-wf/run0009/./checkpoint-wf-0.dag.nodes.log, (117.0.0)
07/20/20 14:35:43 Currently monitoring 1 HTCondor log file(s)
07/20/20 14:35:43 Event: ULOG_POST_SCRIPT_TERMINATED for HTCondor Node stage_in_remote_local_0_0 (116.0.0) {07/20/20 14:35:38}
07/20/20 14:35:43 POST Script of node stage_in_remote_local_0_0 completed successfully.
07/20/20 14:35:43 Event: ULOG_POST_SCRIPT_TERMINATED for HTCondor Node stage_in_local_local_0_0 (117.0.0) {07/20/20 14:35:38}
07/20/20 14:35:43 POST Script of node stage_in_local_local_0_0 completed successfully.
07/20/20 14:35:43 DAG status: 0 (DAG_STATUS_OK)
07/20/20 14:35:43 Of 9 nodes total:
07/20/20 14:35:43  Done     Pre   Queued    Post   Ready   Un-Ready   Failed
07/20/20 14:35:43   ===     ===      ===     ===     ===        ===      ===
07/20/20 14:35:43     3       0        0       0       1          5        0
07/20/20 14:35:43 0 job proc(s) currently held
07/20/20 14:35:43 DAGMan Runtime Statistics: [ EventCycleTimeStd = 0.03206248201120351; EventCycleTimeMax = 0.09351897239685059; SubmitCycleTimeMin = 0.0003831386566162109; SubmitCycleTimeAvg = 0.02261288960774739; SleepCycleTimeCount = 5.0; SubmitCycleTimeCount = 6.0; SubmitCycleTimeMax = 0.08776211738586426; SleepCycleTimeMin = 5.005458116531372; SubmitCycleTimeSum = 0.1356773376464844; LogProcessCycleTimeStd = 0.01379639008477999; SubmitCycleTimeStd = 0.03654267164494782; LogProcessCycleTimeAvg = 0.01535665988922119; EventCycleTimeMin = 0.00922703742980957; LogProcessCycleTimeMax = 0.03414487838745117; LogProcessCycleTimeMin = 0.003302097320556641; LogProcessCycleTimeSum = 0.06142663955688477; LogProcessCycleTimeCount = 4.0; EventCycleTimeSum = 0.2182507514953613; SleepCycleTimeSum = 25.4858341217041; SleepCycleTimeAvg = 5.09716682434082; SleepCycleTimeStd = 0.1245745276708736; SleepCycleTimeMax = 5.238183975219727; EventCycleTimeCount = 5.0; EventCycleTimeAvg = 0.04365015029907227; ]
07/20/20 14:35:48 Submitting HTCondor Node print_nums_py_ID0000001 job(s)...
07/20/20 14:35:48 Adding a DAGMan workflow log /home/scitech/shared-data/Workflow5/scitech/pegasus/checkpoint-wf/run0009/./checkpoint-wf-0.dag.nodes.log
07/20/20 14:35:48 Masking the events recorded in the DAGMAN workflow log
07/20/20 14:35:48 Mask for workflow log is 0,1,2,4,5,7,9,10,11,12,13,16,17,24,27,35,36
07/20/20 14:35:48 submitting: /usr/bin/condor_submit -a dag_node_name' '=' 'print_nums_py_ID0000001 -a +DAGManJobId' '=' '114 -a DAGManJobId' '=' '114 -batch-name checkpoint-wf-0.dag+114 -a submit_event_notes' '=' 'DAG' 'Node:' 'print_nums_py_ID0000001 -a dagman_log' '=' '/home/scitech/shared-data/Workflow5/scitech/pegasus/checkpoint-wf/run0009/./checkpoint-wf-0.dag.nodes.log -a +DAGManNodesMask' '=' '"0,1,2,4,5,7,9,10,11,12,13,16,17,24,27,35,36" -a priority=20 -a +DAGNodeRetry' '=' '0 -a DAG_STATUS' '=' '0 -a FAILED_COUNT' '=' '0 -a +KeepClaimIdle' '=' '20 -a notification' '=' 'never -a +DAGParentNodeNames' '=' '"stage_in_remote_local_0_0,stage_in_local_local_0_0" 00/00/print_nums_py_ID0000001.sub
07/20/20 14:35:49 From submit: Submitting job(s).
07/20/20 14:35:49 From submit: 1 job(s) submitted to cluster 118.
07/20/20 14:35:49 	assigned HTCondor ID (118.0.0)
07/20/20 14:35:49 Just submitted 1 job this cycle...
07/20/20 14:35:49 DAG status: 0 (DAG_STATUS_OK)
07/20/20 14:35:49 Of 9 nodes total:
07/20/20 14:35:49  Done     Pre   Queued    Post   Ready   Un-Ready   Failed
07/20/20 14:35:49   ===     ===      ===     ===     ===        ===      ===
07/20/20 14:35:49     3       0        1       0       0          5        0
07/20/20 14:35:49 0 job proc(s) currently held
07/20/20 14:35:49 DAGMan Runtime Statistics: [ EventCycleTimeStd = 0.03091996190652653; EventCycleTimeMax = 0.09351897239685059; SubmitCycleTimeMin = 0.0003831386566162109; SubmitCycleTimeAvg = 0.02995147023882185; SleepCycleTimeCount = 6.0; SubmitCycleTimeCount = 7.0; SubmitCycleTimeMax = 0.08776211738586426; SleepCycleTimeMin = 5.001597881317139; SubmitCycleTimeSum = 0.2096602916717529; LogProcessCycleTimeStd = 0.01379639008477999; SubmitCycleTimeStd = 0.03859778580277452; LogProcessCycleTimeAvg = 0.01535665988922119; EventCycleTimeMin = 0.00922703742980957; LogProcessCycleTimeMax = 0.03414487838745117; LogProcessCycleTimeMin = 0.003302097320556641; LogProcessCycleTimeSum = 0.06142663955688477; LogProcessCycleTimeCount = 4.0; EventCycleTimeSum = 0.233583927154541; SleepCycleTimeSum = 30.48743200302124; SleepCycleTimeAvg = 5.081238667170207; SleepCycleTimeStd = 0.1180562895429191; SleepCycleTimeMax = 5.238183975219727; EventCycleTimeCount = 6.0; EventCycleTimeAvg = 0.03893065452575684; ]
07/20/20 14:35:54 Currently monitoring 1 HTCondor log file(s)
07/20/20 14:35:54 Reassigning the id of job print_nums_py_ID0000001 from (118.0.0) to (118.0.0)
07/20/20 14:35:54 Event: ULOG_SUBMIT for HTCondor Node print_nums_py_ID0000001 (118.0.0) {07/20/20 14:35:49}
07/20/20 14:35:54 Number of idle job procs: 1
07/20/20 14:35:59 Currently monitoring 1 HTCondor log file(s)
07/20/20 14:35:59 Event: ULOG_EXECUTE for HTCondor Node print_nums_py_ID0000001 (118.0.0) {07/20/20 14:35:57}
07/20/20 14:35:59 Number of idle job procs: 0
07/20/20 14:37:29 Currently monitoring 1 HTCondor log file(s)
07/20/20 14:37:29 Event: ULOG_JOB_TERMINATED for HTCondor Node print_nums_py_ID0000001 (118.0.0) {07/20/20 14:37:28}
07/20/20 14:37:29 Number of idle job procs: 0
07/20/20 14:37:29 Node print_nums_py_ID0000001 job proc (118.0.0) failed with status 14.
07/20/20 14:37:29 Node print_nums_py_ID0000001 job completed
07/20/20 14:37:29 Running POST script of Node print_nums_py_ID0000001...
07/20/20 14:37:29 Warning: mysin has length 0 (ignore if produced by DAGMan; see gittrac #4987, #5031)
07/20/20 14:37:29 DAG status: 0 (DAG_STATUS_OK)
07/20/20 14:37:29 Of 9 nodes total:
07/20/20 14:37:29  Done     Pre   Queued    Post   Ready   Un-Ready   Failed
07/20/20 14:37:29   ===     ===      ===     ===     ===        ===      ===
07/20/20 14:37:29     3       0        0       1       0          5        0
07/20/20 14:37:29 0 job proc(s) currently held
07/20/20 14:37:29 DAGMan Runtime Statistics: [ EventCycleTimeStd = 0.02506867246484115; EventCycleTimeMax = 0.09351897239685059; SubmitCycleTimeMin = 0.0002210140228271484; SubmitCycleTimeAvg = 0.00820383319148311; SleepCycleTimeCount = 26.0; SubmitCycleTimeCount = 27.0; SubmitCycleTimeMax = 0.08776211738586426; SleepCycleTimeMin = 4.969663143157959; SubmitCycleTimeSum = 0.2215034961700439; LogProcessCycleTimeStd = 0.01124145949395495; SubmitCycleTimeStd = 0.02271009294557891; LogProcessCycleTimeAvg = 0.01237566130501883; EventCycleTimeMin = 0.0006189346313476562; LogProcessCycleTimeMax = 0.03414487838745117; LogProcessCycleTimeMin = 0.003302097320556641; LogProcessCycleTimeSum = 0.08662962913513184; LogProcessCycleTimeCount = 7.0; EventCycleTimeSum = 0.3502814769744873; SleepCycleTimeSum = 130.4905345439911; SleepCycleTimeAvg = 5.018866713230427; SleepCycleTimeStd = 0.06454018615227157; SleepCycleTimeMax = 5.238183975219727; EventCycleTimeCount = 26.0; EventCycleTimeAvg = 0.01347236449901874; ]
07/20/20 14:37:29 Initializing user log writer for /home/scitech/shared-data/Workflow5/scitech/pegasus/checkpoint-wf/run0009/./checkpoint-wf-0.dag.nodes.log, (118.0.0)
07/20/20 14:37:34 Currently monitoring 1 HTCondor log file(s)
07/20/20 14:37:34 Event: ULOG_POST_SCRIPT_TERMINATED for HTCondor Node print_nums_py_ID0000001 (118.0.0) {07/20/20 14:37:29}
07/20/20 14:37:34 POST Script of node print_nums_py_ID0000001 failed with status 1
07/20/20 14:37:34 POST for Node print_nums_py_ID0000001 returned 1
07/20/20 14:37:34 Retrying node print_nums_py_ID0000001 (retry #1 of 5)...
07/20/20 14:37:34 DAG status: 0 (DAG_STATUS_OK)
07/20/20 14:37:34 Of 9 nodes total:
07/20/20 14:37:34  Done     Pre   Queued    Post   Ready   Un-Ready   Failed
07/20/20 14:37:34   ===     ===      ===     ===     ===        ===      ===
07/20/20 14:37:34     3       0        0       0       1          5        0
07/20/20 14:37:34 0 job proc(s) currently held
07/20/20 14:37:34 DAGMan Runtime Statistics: [ EventCycleTimeStd = 0.02466374352607393; EventCycleTimeMax = 0.09351897239685059; SubmitCycleTimeMin = 0.0002210140228271484; SubmitCycleTimeAvg = 0.007937984807150704; SleepCycleTimeCount = 27.0; SubmitCycleTimeCount = 28.0; SubmitCycleTimeMax = 0.08776211738586426; SleepCycleTimeMin = 4.969663143157959; SubmitCycleTimeSum = 0.2222635746002197; LogProcessCycleTimeStd = 0.01056488281419416; SubmitCycleTimeStd = 0.02232992257229571; LogProcessCycleTimeAvg = 0.01173347234725952; EventCycleTimeMin = 0.0006189346313476562; LogProcessCycleTimeMax = 0.03414487838745117; LogProcessCycleTimeMin = 0.003302097320556641; LogProcessCycleTimeSum = 0.09386777877807617; LogProcessCycleTimeCount = 8.0; EventCycleTimeSum = 0.3741884231567383; SleepCycleTimeSum = 135.7528476715088; SleepCycleTimeAvg = 5.027883247092918; SleepCycleTimeStd = 0.07874178943898745; SleepCycleTimeMax = 5.2623131275177; EventCycleTimeCount = 27.0; EventCycleTimeAvg = 0.0138588304872866; ]
07/20/20 14:37:39 Reassigning the id of job print_nums_py_ID0000001 from (118.0.0) to (-1.-1.-1)
07/20/20 14:37:39 Submitting HTCondor Node print_nums_py_ID0000001 job(s)...
07/20/20 14:37:39 Adding a DAGMan workflow log /home/scitech/shared-data/Workflow5/scitech/pegasus/checkpoint-wf/run0009/./checkpoint-wf-0.dag.nodes.log
07/20/20 14:37:39 Masking the events recorded in the DAGMAN workflow log
07/20/20 14:37:39 Mask for workflow log is 0,1,2,4,5,7,9,10,11,12,13,16,17,24,27,35,36
07/20/20 14:37:39 submitting: /usr/bin/condor_submit -a dag_node_name' '=' 'print_nums_py_ID0000001 -a +DAGManJobId' '=' '114 -a DAGManJobId' '=' '114 -batch-name checkpoint-wf-0.dag+114 -a submit_event_notes' '=' 'DAG' 'Node:' 'print_nums_py_ID0000001 -a dagman_log' '=' '/home/scitech/shared-data/Workflow5/scitech/pegasus/checkpoint-wf/run0009/./checkpoint-wf-0.dag.nodes.log -a +DAGManNodesMask' '=' '"0,1,2,4,5,7,9,10,11,12,13,16,17,24,27,35,36" -a priority=20 -a +DAGNodeRetry' '=' '1 -a DAG_STATUS' '=' '0 -a FAILED_COUNT' '=' '0 -a +KeepClaimIdle' '=' '20 -a notification' '=' 'never -a +DAGParentNodeNames' '=' '"stage_in_remote_local_0_0,stage_in_local_local_0_0" 00/00/print_nums_py_ID0000001.sub
07/20/20 14:37:39 From submit: Submitting job(s).
07/20/20 14:37:39 From submit: 1 job(s) submitted to cluster 119.
07/20/20 14:37:39 	assigned HTCondor ID (119.0.0)
07/20/20 14:37:39 Just submitted 1 job this cycle...
07/20/20 14:37:39 DAG status: 0 (DAG_STATUS_OK)
07/20/20 14:37:39 Of 9 nodes total:
07/20/20 14:37:39  Done     Pre   Queued    Post   Ready   Un-Ready   Failed
07/20/20 14:37:39   ===     ===      ===     ===     ===        ===      ===
07/20/20 14:37:39     3       0        1       0       0          5        0
07/20/20 14:37:39 0 job proc(s) currently held
07/20/20 14:37:39 DAGMan Runtime Statistics: [ EventCycleTimeStd = 0.02420293465915025; EventCycleTimeMax = 0.09351897239685059; SubmitCycleTimeMin = 0.0002210140228271484; SubmitCycleTimeAvg = 0.009871811702333647; SleepCycleTimeCount = 28.0; SubmitCycleTimeCount = 29.0; SubmitCycleTimeMax = 0.08776211738586426; SleepCycleTimeMin = 4.969663143157959; SubmitCycleTimeSum = 0.2862825393676758; LogProcessCycleTimeStd = 0.01056488281419416; SubmitCycleTimeStd = 0.02427484908165548; LogProcessCycleTimeAvg = 0.01173347234725952; EventCycleTimeMin = 0.0006189346313476562; LogProcessCycleTimeMax = 0.03414487838745117; LogProcessCycleTimeMin = 0.003302097320556641; LogProcessCycleTimeSum = 0.09386777877807617; LogProcessCycleTimeCount = 8.0; EventCycleTimeSum = 0.388613224029541; SleepCycleTimeSum = 140.75958776474; SleepCycleTimeAvg = 5.027128134454999; SleepCycleTimeStd = 0.07737309131207171; SleepCycleTimeMax = 5.2623131275177; EventCycleTimeCount = 28.0; EventCycleTimeAvg = 0.01387904371534075; ]
07/20/20 14:37:44 Currently monitoring 1 HTCondor log file(s)
07/20/20 14:37:44 Reassigning the id of job print_nums_py_ID0000001 from (119.0.0) to (119.0.0)
07/20/20 14:37:44 Event: ULOG_SUBMIT for HTCondor Node print_nums_py_ID0000001 (119.0.0) {07/20/20 14:37:39}
07/20/20 14:37:44 Number of idle job procs: 1
07/20/20 14:37:44 Event: ULOG_EXECUTE for HTCondor Node print_nums_py_ID0000001 (119.0.0) {07/20/20 14:37:40}
07/20/20 14:37:44 Number of idle job procs: 0
07/20/20 14:39:14 Currently monitoring 1 HTCondor log file(s)
07/20/20 14:39:14 Event: ULOG_JOB_TERMINATED for HTCondor Node print_nums_py_ID0000001 (119.0.0) {07/20/20 14:39:11}
07/20/20 14:39:14 Number of idle job procs: 0
07/20/20 14:39:14 Node print_nums_py_ID0000001 job proc (119.0.0) failed with status 14.
07/20/20 14:39:14 Node print_nums_py_ID0000001 job completed
07/20/20 14:39:14 Running POST script of Node print_nums_py_ID0000001...
07/20/20 14:39:14 Warning: mysin has length 0 (ignore if produced by DAGMan; see gittrac #4987, #5031)
07/20/20 14:39:14 DAG status: 0 (DAG_STATUS_OK)
07/20/20 14:39:14 Of 9 nodes total:
07/20/20 14:39:14  Done     Pre   Queued    Post   Ready   Un-Ready   Failed
07/20/20 14:39:14   ===     ===      ===     ===     ===        ===      ===
07/20/20 14:39:14     3       0        0       1       0          5        0
07/20/20 14:39:14 0 job proc(s) currently held
07/20/20 14:39:14 DAGMan Runtime Statistics: [ EventCycleTimeStd = 0.0213588540512846; EventCycleTimeMax = 0.09351897239685059; SubmitCycleTimeMin = 0.0002210140228271484; SubmitCycleTimeAvg = 0.006212815642356873; SleepCycleTimeCount = 47.0; SubmitCycleTimeCount = 48.0; SubmitCycleTimeMax = 0.08776211738586426; SleepCycleTimeMin = 4.969663143157959; SubmitCycleTimeSum = 0.2982151508331299; LogProcessCycleTimeStd = 0.009444057915032755; SubmitCycleTimeStd = 0.01928570839554827; LogProcessCycleTimeAvg = 0.01141326427459717; EventCycleTimeMin = 0.0006189346313476562; LogProcessCycleTimeMax = 0.03414487838745117; LogProcessCycleTimeMin = 0.003302097320556641; LogProcessCycleTimeSum = 0.1141326427459717; LogProcessCycleTimeCount = 10.0; EventCycleTimeSum = 0.4979753494262695; SleepCycleTimeSum = 235.7894647121429; SleepCycleTimeAvg = 5.016797121534956; SleepCycleTimeStd = 0.06121894104909489; SleepCycleTimeMax = 5.2623131275177; EventCycleTimeCount = 47.0; EventCycleTimeAvg = 0.01059522020055893; ]
07/20/20 14:39:14 Initializing user log writer for /home/scitech/shared-data/Workflow5/scitech/pegasus/checkpoint-wf/run0009/./checkpoint-wf-0.dag.nodes.log, (119.0.0)
07/20/20 14:39:19 Currently monitoring 1 HTCondor log file(s)
07/20/20 14:39:19 Event: ULOG_POST_SCRIPT_TERMINATED for HTCondor Node print_nums_py_ID0000001 (119.0.0) {07/20/20 14:39:14}
07/20/20 14:39:19 POST Script of node print_nums_py_ID0000001 failed with status 1
07/20/20 14:39:19 POST for Node print_nums_py_ID0000001 returned 1
07/20/20 14:39:19 Retrying node print_nums_py_ID0000001 (retry #2 of 5)...
07/20/20 14:39:19 DAG status: 0 (DAG_STATUS_OK)
07/20/20 14:39:19 Of 9 nodes total:
07/20/20 14:39:19  Done     Pre   Queued    Post   Ready   Un-Ready   Failed
07/20/20 14:39:19   ===     ===      ===     ===     ===        ===      ===
07/20/20 14:39:19     3       0        0       0       1          5        0
07/20/20 14:39:19 0 job proc(s) currently held
07/20/20 14:39:19 DAGMan Runtime Statistics: [ EventCycleTimeStd = 0.02118724654922956; EventCycleTimeMax = 0.09351897239685059; SubmitCycleTimeMin = 0.0002210140228271484; SubmitCycleTimeAvg = 0.006097224293922891; SleepCycleTimeCount = 48.0; SubmitCycleTimeCount = 49.0; SubmitCycleTimeMax = 0.08776211738586426; SleepCycleTimeMin = 4.969663143157959; SubmitCycleTimeSum = 0.2987639904022217; LogProcessCycleTimeStd = 0.009148520603948759; SubmitCycleTimeStd = 0.01910090404125679; LogProcessCycleTimeAvg = 0.01085532795299183; EventCycleTimeMin = 0.0006189346313476562; LogProcessCycleTimeMax = 0.03414487838745117; LogProcessCycleTimeMin = 0.003302097320556641; LogProcessCycleTimeSum = 0.1194086074829102; LogProcessCycleTimeCount = 11.0; EventCycleTimeSum = 0.519315242767334; SleepCycleTimeSum = 241.0549788475037; SleepCycleTimeAvg = 5.021978725989659; SleepCycleTimeStd = 0.07040434917136697; SleepCycleTimeMax = 5.265514135360718; EventCycleTimeCount = 48.0; EventCycleTimeAvg = 0.01081906755765279; ]
07/20/20 14:39:24 Reassigning the id of job print_nums_py_ID0000001 from (119.0.0) to (-1.-1.-1)
07/20/20 14:39:24 Submitting HTCondor Node print_nums_py_ID0000001 job(s)...
07/20/20 14:39:24 Adding a DAGMan workflow log /home/scitech/shared-data/Workflow5/scitech/pegasus/checkpoint-wf/run0009/./checkpoint-wf-0.dag.nodes.log
07/20/20 14:39:24 Masking the events recorded in the DAGMAN workflow log
07/20/20 14:39:24 Mask for workflow log is 0,1,2,4,5,7,9,10,11,12,13,16,17,24,27,35,36
07/20/20 14:39:24 submitting: /usr/bin/condor_submit -a dag_node_name' '=' 'print_nums_py_ID0000001 -a +DAGManJobId' '=' '114 -a DAGManJobId' '=' '114 -batch-name checkpoint-wf-0.dag+114 -a submit_event_notes' '=' 'DAG' 'Node:' 'print_nums_py_ID0000001 -a dagman_log' '=' '/home/scitech/shared-data/Workflow5/scitech/pegasus/checkpoint-wf/run0009/./checkpoint-wf-0.dag.nodes.log -a +DAGManNodesMask' '=' '"0,1,2,4,5,7,9,10,11,12,13,16,17,24,27,35,36" -a priority=20 -a +DAGNodeRetry' '=' '2 -a DAG_STATUS' '=' '0 -a FAILED_COUNT' '=' '0 -a +KeepClaimIdle' '=' '20 -a notification' '=' 'never -a +DAGParentNodeNames' '=' '"stage_in_remote_local_0_0,stage_in_local_local_0_0" 00/00/print_nums_py_ID0000001.sub
07/20/20 14:39:24 From submit: Submitting job(s).
07/20/20 14:39:24 From submit: 1 job(s) submitted to cluster 120.
07/20/20 14:39:24 	assigned HTCondor ID (120.0.0)
07/20/20 14:39:24 Just submitted 1 job this cycle...
07/20/20 14:39:24 DAG status: 0 (DAG_STATUS_OK)
07/20/20 14:39:24 Of 9 nodes total:
07/20/20 14:39:24  Done     Pre   Queued    Post   Ready   Un-Ready   Failed
07/20/20 14:39:24   ===     ===      ===     ===     ===        ===      ===
07/20/20 14:39:24     3       0        1       0       0          5        0
07/20/20 14:39:24 0 job proc(s) currently held
07/20/20 14:39:24 DAGMan Runtime Statistics: [ EventCycleTimeStd = 0.02096709687602734; EventCycleTimeMax = 0.09351897239685059; SubmitCycleTimeMin = 0.0002210140228271484; SubmitCycleTimeAvg = 0.007401881217956543; SleepCycleTimeCount = 49.0; SubmitCycleTimeCount = 50.0; SubmitCycleTimeMax = 0.08776211738586426; SleepCycleTimeMin = 4.969663143157959; SubmitCycleTimeSum = 0.3700940608978271; LogProcessCycleTimeStd = 0.009148520603948759; SubmitCycleTimeStd = 0.02103580787191374; LogProcessCycleTimeAvg = 0.01085532795299183; EventCycleTimeMin = 0.0006189346313476562; LogProcessCycleTimeMax = 0.03414487838745117; LogProcessCycleTimeMin = 0.003302097320556641; LogProcessCycleTimeSum = 0.1194086074829102; LogProcessCycleTimeCount = 11.0; EventCycleTimeSum = 0.5320100784301758; SleepCycleTimeSum = 246.0630719661713; SleepCycleTimeAvg = 5.021695346248393; SleepCycleTimeStd = 0.06969534554585169; SleepCycleTimeMax = 5.265514135360718; EventCycleTimeCount = 49.0; EventCycleTimeAvg = 0.01085734853939134; ]
07/20/20 14:39:29 Currently monitoring 1 HTCondor log file(s)
07/20/20 14:39:29 Reassigning the id of job print_nums_py_ID0000001 from (120.0.0) to (120.0.0)
07/20/20 14:39:29 Event: ULOG_SUBMIT for HTCondor Node print_nums_py_ID0000001 (120.0.0) {07/20/20 14:39:24}
07/20/20 14:39:29 Number of idle job procs: 1
07/20/20 14:39:29 Event: ULOG_EXECUTE for HTCondor Node print_nums_py_ID0000001 (120.0.0) {07/20/20 14:39:26}
07/20/20 14:39:29 Number of idle job procs: 0
07/20/20 14:40:29 Currently monitoring 1 HTCondor log file(s)
07/20/20 14:40:29 Event: ULOG_JOB_TERMINATED for HTCondor Node print_nums_py_ID0000001 (120.0.0) {07/20/20 14:40:27}
07/20/20 14:40:29 Number of idle job procs: 0
07/20/20 14:40:29 Node print_nums_py_ID0000001 job proc (120.0.0) failed with status 14.
07/20/20 14:40:29 Node print_nums_py_ID0000001 job completed
07/20/20 14:40:29 Running POST script of Node print_nums_py_ID0000001...
07/20/20 14:40:29 Warning: mysin has length 0 (ignore if produced by DAGMan; see gittrac #4987, #5031)
07/20/20 14:40:29 DAG status: 0 (DAG_STATUS_OK)
07/20/20 14:40:29 Of 9 nodes total:
07/20/20 14:40:29  Done     Pre   Queued    Post   Ready   Un-Ready   Failed
07/20/20 14:40:29   ===     ===      ===     ===     ===        ===      ===
07/20/20 14:40:29     3       0        0       1       0          5        0
07/20/20 14:40:29 0 job proc(s) currently held
07/20/20 14:40:29 DAGMan Runtime Statistics: [ EventCycleTimeStd = 0.02080698123172571; EventCycleTimeMax = 0.09351897239685059; SubmitCycleTimeMin = 0.0002210140228271484; SubmitCycleTimeAvg = 0.005986997059413365; SleepCycleTimeCount = 62.0; SubmitCycleTimeCount = 63.0; SubmitCycleTimeMax = 0.08776211738586426; SleepCycleTimeMin = 4.969663143157959; SubmitCycleTimeSum = 0.377180814743042; LogProcessCycleTimeStd = 0.00845351527342589; SubmitCycleTimeStd = 0.01890918625989283; LogProcessCycleTimeAvg = 0.01050118299630972; EventCycleTimeMin = 0.0006120204925537109; LogProcessCycleTimeMax = 0.03414487838745117; LogProcessCycleTimeMin = 0.003302097320556641; LogProcessCycleTimeSum = 0.1365153789520264; LogProcessCycleTimeCount = 13.0; EventCycleTimeSum = 0.6329910755157471; SleepCycleTimeSum = 311.0409259796143; SleepCycleTimeAvg = 5.016789128703456; SleepCycleTimeStd = 0.0629555628442533; SleepCycleTimeMax = 5.265514135360718; EventCycleTimeCount = 62.0; EventCycleTimeAvg = 0.01020953347606044; ]
07/20/20 14:40:30 Initializing user log writer for /home/scitech/shared-data/Workflow5/scitech/pegasus/checkpoint-wf/run0009/./checkpoint-wf-0.dag.nodes.log, (120.0.0)
07/20/20 14:40:34 Currently monitoring 1 HTCondor log file(s)
07/20/20 14:40:34 Event: ULOG_POST_SCRIPT_TERMINATED for HTCondor Node print_nums_py_ID0000001 (120.0.0) {07/20/20 14:40:30}
07/20/20 14:40:34 POST Script of node print_nums_py_ID0000001 failed with status 1
07/20/20 14:40:34 POST for Node print_nums_py_ID0000001 returned 1
07/20/20 14:40:34 Retrying node print_nums_py_ID0000001 (retry #3 of 5)...
07/20/20 14:40:34 DAG status: 0 (DAG_STATUS_OK)
07/20/20 14:40:34 Of 9 nodes total:
07/20/20 14:40:34  Done     Pre   Queued    Post   Ready   Un-Ready   Failed
07/20/20 14:40:34   ===     ===      ===     ===     ===        ===      ===
07/20/20 14:40:34     3       0        0       0       1          5        0
07/20/20 14:40:34 0 job proc(s) currently held
07/20/20 14:40:34 DAGMan Runtime Statistics: [ EventCycleTimeStd = 0.02072236245511953; EventCycleTimeMax = 0.09351897239685059; SubmitCycleTimeMin = 0.0002210140228271484; SubmitCycleTimeAvg = 0.005901150405406952; SleepCycleTimeCount = 63.0; SubmitCycleTimeCount = 64.0; SubmitCycleTimeMax = 0.08776211738586426; SleepCycleTimeMin = 4.205972909927368; SubmitCycleTimeSum = 0.3776736259460449; LogProcessCycleTimeStd = 0.008244254443389132; SubmitCycleTimeStd = 0.01877108066649771; LogProcessCycleTimeAvg = 0.01012294633047921; EventCycleTimeMin = 0.0006120204925537109; LogProcessCycleTimeMax = 0.03414487838745117; LogProcessCycleTimeMin = 0.003302097320556641; LogProcessCycleTimeSum = 0.141721248626709; LogProcessCycleTimeCount = 14.0; EventCycleTimeSum = 0.6579830646514893; SleepCycleTimeSum = 315.2468988895416; SleepCycleTimeAvg = 5.003919029992725; SleepCycleTimeStd = 0.1197278656446839; SleepCycleTimeMax = 5.265514135360718; EventCycleTimeCount = 63.0; EventCycleTimeAvg = 0.01044417562938872; ]
07/20/20 14:40:39 Reassigning the id of job print_nums_py_ID0000001 from (120.0.0) to (-1.-1.-1)
07/20/20 14:40:39 Submitting HTCondor Node print_nums_py_ID0000001 job(s)...
07/20/20 14:40:39 Adding a DAGMan workflow log /home/scitech/shared-data/Workflow5/scitech/pegasus/checkpoint-wf/run0009/./checkpoint-wf-0.dag.nodes.log
07/20/20 14:40:39 Masking the events recorded in the DAGMAN workflow log
07/20/20 14:40:39 Mask for workflow log is 0,1,2,4,5,7,9,10,11,12,13,16,17,24,27,35,36
07/20/20 14:40:39 submitting: /usr/bin/condor_submit -a dag_node_name' '=' 'print_nums_py_ID0000001 -a +DAGManJobId' '=' '114 -a DAGManJobId' '=' '114 -batch-name checkpoint-wf-0.dag+114 -a submit_event_notes' '=' 'DAG' 'Node:' 'print_nums_py_ID0000001 -a dagman_log' '=' '/home/scitech/shared-data/Workflow5/scitech/pegasus/checkpoint-wf/run0009/./checkpoint-wf-0.dag.nodes.log -a +DAGManNodesMask' '=' '"0,1,2,4,5,7,9,10,11,12,13,16,17,24,27,35,36" -a priority=20 -a +DAGNodeRetry' '=' '3 -a DAG_STATUS' '=' '0 -a FAILED_COUNT' '=' '0 -a +KeepClaimIdle' '=' '20 -a notification' '=' 'never -a +DAGParentNodeNames' '=' '"stage_in_remote_local_0_0,stage_in_local_local_0_0" 00/00/print_nums_py_ID0000001.sub
07/20/20 14:40:39 From submit: Submitting job(s).
07/20/20 14:40:39 From submit: 1 job(s) submitted to cluster 121.
07/20/20 14:40:39 	assigned HTCondor ID (121.0.0)
07/20/20 14:40:39 Just submitted 1 job this cycle...
07/20/20 14:40:39 DAG status: 0 (DAG_STATUS_OK)
07/20/20 14:40:39 Of 9 nodes total:
07/20/20 14:40:39  Done     Pre   Queued    Post   Ready   Un-Ready   Failed
07/20/20 14:40:39   ===     ===      ===     ===     ===        ===      ===
07/20/20 14:40:39     3       0        1       0       0          5        0
07/20/20 14:40:39 0 job proc(s) currently held
07/20/20 14:40:39 DAGMan Runtime Statistics: [ EventCycleTimeStd = 0.02055724476908209; EventCycleTimeMax = 0.09351897239685059; SubmitCycleTimeMin = 0.0002210140228271484; SubmitCycleTimeAvg = 0.006803193459144006; SleepCycleTimeCount = 64.0; SubmitCycleTimeCount = 65.0; SubmitCycleTimeMax = 0.08776211738586426; SleepCycleTimeMin = 4.205972909927368; SubmitCycleTimeSum = 0.4422075748443604; LogProcessCycleTimeStd = 0.008244254443389132; SubmitCycleTimeStd = 0.01999343029674164; LogProcessCycleTimeAvg = 0.01012294633047921; EventCycleTimeMin = 0.0006120204925537109; LogProcessCycleTimeMax = 0.03414487838745117; LogProcessCycleTimeMin = 0.003302097320556641; LogProcessCycleTimeSum = 0.141721248626709; LogProcessCycleTimeCount = 14.0; EventCycleTimeSum = 0.6683330535888672; SleepCycleTimeSum = 320.2526948451996; SleepCycleTimeAvg = 5.003948356956244; SleepCycleTimeStd = 0.1187740752630327; SleepCycleTimeMax = 5.265514135360718; EventCycleTimeCount = 64.0; EventCycleTimeAvg = 0.01044270396232605; ]
07/20/20 14:40:44 Currently monitoring 1 HTCondor log file(s)
07/20/20 14:40:44 Reassigning the id of job print_nums_py_ID0000001 from (121.0.0) to (121.0.0)
07/20/20 14:40:44 Event: ULOG_SUBMIT for HTCondor Node print_nums_py_ID0000001 (121.0.0) {07/20/20 14:40:39}
07/20/20 14:40:44 Number of idle job procs: 1
07/20/20 14:40:44 Event: ULOG_EXECUTE for HTCondor Node print_nums_py_ID0000001 (121.0.0) {07/20/20 14:40:40}
07/20/20 14:40:44 Number of idle job procs: 0
07/20/20 14:40:44 Event: ULOG_JOB_TERMINATED for HTCondor Node print_nums_py_ID0000001 (121.0.0) {07/20/20 14:40:41}
07/20/20 14:40:44 Number of idle job procs: 0
07/20/20 14:40:44 Node print_nums_py_ID0000001 job proc (121.0.0) completed successfully.
07/20/20 14:40:44 Node print_nums_py_ID0000001 job completed
07/20/20 14:40:44 Running POST script of Node print_nums_py_ID0000001...
07/20/20 14:40:44 Warning: mysin has length 0 (ignore if produced by DAGMan; see gittrac #4987, #5031)
07/20/20 14:40:44 DAG status: 0 (DAG_STATUS_OK)
07/20/20 14:40:44 Of 9 nodes total:
07/20/20 14:40:44  Done     Pre   Queued    Post   Ready   Un-Ready   Failed
07/20/20 14:40:44   ===     ===      ===     ===     ===        ===      ===
07/20/20 14:40:44     3       0        0       1       0          5        0
07/20/20 14:40:44 0 job proc(s) currently held
07/20/20 14:40:44 DAGMan Runtime Statistics: [ EventCycleTimeStd = 0.02167152597678819; EventCycleTimeMax = 0.09351897239685059; SubmitCycleTimeMin = 0.0002210140228271484; SubmitCycleTimeAvg = 0.00670882427331173; SleepCycleTimeCount = 65.0; SubmitCycleTimeCount = 66.0; SubmitCycleTimeMax = 0.08776211738586426; SleepCycleTimeMin = 4.205972909927368; SubmitCycleTimeSum = 0.4427824020385742; LogProcessCycleTimeStd = 0.008167647014425194; SubmitCycleTimeStd = 0.01985384640216108; LogProcessCycleTimeAvg = 0.01061267852783203; EventCycleTimeMin = 0.0006120204925537109; LogProcessCycleTimeMax = 0.03414487838745117; LogProcessCycleTimeMin = 0.003302097320556641; LogProcessCycleTimeSum = 0.1591901779174805; LogProcessCycleTimeCount = 15.0; EventCycleTimeSum = 0.7378330230712891; SleepCycleTimeSum = 325.2617309093475; SleepCycleTimeAvg = 5.004026629374578; SleepCycleTimeStd = 0.1178441891516794; SleepCycleTimeMax = 5.265514135360718; EventCycleTimeCount = 65.0; EventCycleTimeAvg = 0.01135127727801983; ]
07/20/20 14:40:44 Initializing user log writer for /home/scitech/shared-data/Workflow5/scitech/pegasus/checkpoint-wf/run0009/./checkpoint-wf-0.dag.nodes.log, (121.0.0)
07/20/20 14:40:49 Currently monitoring 1 HTCondor log file(s)
07/20/20 14:40:49 Event: ULOG_POST_SCRIPT_TERMINATED for HTCondor Node print_nums_py_ID0000001 (121.0.0) {07/20/20 14:40:44}
07/20/20 14:40:49 POST Script of node print_nums_py_ID0000001 completed successfully.
07/20/20 14:40:49 DAG status: 0 (DAG_STATUS_OK)
07/20/20 14:40:49 Of 9 nodes total:
07/20/20 14:40:49  Done     Pre   Queued    Post   Ready   Un-Ready   Failed
07/20/20 14:40:49   ===     ===      ===     ===     ===        ===      ===
07/20/20 14:40:49     4       0        0       0       2          3        0
07/20/20 14:40:49 0 job proc(s) currently held
07/20/20 14:40:49 DAGMan Runtime Statistics: [ EventCycleTimeStd = 0.0215598181775236; EventCycleTimeMax = 0.09351897239685059; SubmitCycleTimeMin = 0.0002210140228271484; SubmitCycleTimeAvg = 0.006617542523056713; SleepCycleTimeCount = 66.0; SubmitCycleTimeCount = 67.0; SubmitCycleTimeMax = 0.08776211738586426; SleepCycleTimeMin = 4.205972909927368; SubmitCycleTimeSum = 0.4433753490447998; LogProcessCycleTimeStd = 0.008023354484865014; SubmitCycleTimeStd = 0.01971702647890292; LogProcessCycleTimeAvg = 0.01024943590164185; EventCycleTimeMin = 0.0006120204925537109; LogProcessCycleTimeMax = 0.03414487838745117; LogProcessCycleTimeMin = 0.003302097320556641; LogProcessCycleTimeSum = 0.1639909744262695; LogProcessCycleTimeCount = 16.0; EventCycleTimeSum = 0.7617599964141846; SleepCycleTimeSum = 330.5192630290985; SleepCycleTimeAvg = 5.007867621653007; SleepCycleTimeStd = 0.1210260943062384; SleepCycleTimeMax = 5.265514135360718; EventCycleTimeCount = 66.0; EventCycleTimeAvg = 0.01154181812748764; ]
07/20/20 14:40:54 Submitting HTCondor Node clean_up_local_level_3_0 job(s)...
07/20/20 14:40:54 Adding a DAGMan workflow log /home/scitech/shared-data/Workflow5/scitech/pegasus/checkpoint-wf/run0009/./checkpoint-wf-0.dag.nodes.log
07/20/20 14:40:54 Masking the events recorded in the DAGMAN workflow log
07/20/20 14:40:54 Mask for workflow log is 0,1,2,4,5,7,9,10,11,12,13,16,17,24,27,35,36
07/20/20 14:40:54 submitting: /usr/bin/condor_submit -a dag_node_name' '=' 'clean_up_local_level_3_0 -a +DAGManJobId' '=' '114 -a DAGManJobId' '=' '114 -batch-name checkpoint-wf-0.dag+114 -a submit_event_notes' '=' 'DAG' 'Node:' 'clean_up_local_level_3_0 -a dagman_log' '=' '/home/scitech/shared-data/Workflow5/scitech/pegasus/checkpoint-wf/run0009/./checkpoint-wf-0.dag.nodes.log -a +DAGManNodesMask' '=' '"0,1,2,4,5,7,9,10,11,12,13,16,17,24,27,35,36" -a priority=1000 -a +DAGNodeRetry' '=' '0 -a DAG_STATUS' '=' '0 -a FAILED_COUNT' '=' '0 -a +KeepClaimIdle' '=' '20 -a notification' '=' 'never -a +DAGParentNodeNames' '=' '"print_nums_py_ID0000001" 00/00/clean_up_local_level_3_0.sub
07/20/20 14:40:54 From submit: Submitting job(s).
07/20/20 14:40:54 From submit: 1 job(s) submitted to cluster 122.
07/20/20 14:40:54 	assigned HTCondor ID (122.0.0)
07/20/20 14:40:54 Submitting HTCondor Node stage_out_local_local_0_0 job(s)...
07/20/20 14:40:54 Adding a DAGMan workflow log /home/scitech/shared-data/Workflow5/scitech/pegasus/checkpoint-wf/run0009/./checkpoint-wf-0.dag.nodes.log
07/20/20 14:40:54 Masking the events recorded in the DAGMAN workflow log
07/20/20 14:40:54 Mask for workflow log is 0,1,2,4,5,7,9,10,11,12,13,16,17,24,27,35,36
07/20/20 14:40:54 submitting: /usr/bin/condor_submit -a dag_node_name' '=' 'stage_out_local_local_0_0 -a +DAGManJobId' '=' '114 -a DAGManJobId' '=' '114 -batch-name checkpoint-wf-0.dag+114 -a submit_event_notes' '=' 'DAG' 'Node:' 'stage_out_local_local_0_0 -a dagman_log' '=' '/home/scitech/shared-data/Workflow5/scitech/pegasus/checkpoint-wf/run0009/./checkpoint-wf-0.dag.nodes.log -a +DAGManNodesMask' '=' '"0,1,2,4,5,7,9,10,11,12,13,16,17,24,27,35,36" -a priority=900 -a +DAGNodeRetry' '=' '0 -a DAG_STATUS' '=' '0 -a FAILED_COUNT' '=' '0 -a +KeepClaimIdle' '=' '20 -a notification' '=' 'never -a +DAGParentNodeNames' '=' '"print_nums_py_ID0000001" 00/00/stage_out_local_local_0_0.sub
07/20/20 14:40:54 From submit: Submitting job(s).
07/20/20 14:40:54 From submit: 1 job(s) submitted to cluster 123.
07/20/20 14:40:54 	assigned HTCondor ID (123.0.0)
07/20/20 14:40:54 Just submitted 2 jobs this cycle...
07/20/20 14:40:54 DAG status: 0 (DAG_STATUS_OK)
07/20/20 14:40:54 Of 9 nodes total:
07/20/20 14:40:54  Done     Pre   Queued    Post   Ready   Un-Ready   Failed
07/20/20 14:40:54   ===     ===      ===     ===     ===        ===      ===
07/20/20 14:40:54     4       0        2       0       0          3        0
07/20/20 14:40:54 0 job proc(s) currently held
07/20/20 14:40:54 DAGMan Runtime Statistics: [ EventCycleTimeStd = 0.02139600255386151; EventCycleTimeMax = 0.09351897239685059; SubmitCycleTimeMin = 0.0002210140228271484; SubmitCycleTimeAvg = 0.007815238307504094; SleepCycleTimeCount = 67.0; SubmitCycleTimeCount = 68.0; SubmitCycleTimeMax = 0.08806085586547852; SleepCycleTimeMin = 4.205972909927368; SubmitCycleTimeSum = 0.5314362049102783; LogProcessCycleTimeStd = 0.008023354484865014; SubmitCycleTimeStd = 0.02192037958746886; LogProcessCycleTimeAvg = 0.01024943590164185; EventCycleTimeMin = 0.0006120204925537109; LogProcessCycleTimeMax = 0.03414487838745117; LogProcessCycleTimeMin = 0.003302097320556641; LogProcessCycleTimeSum = 0.1639909744262695; LogProcessCycleTimeCount = 16.0; EventCycleTimeSum = 0.7726688385009766; SleepCycleTimeSum = 335.5276691913605; SleepCycleTimeAvg = 5.007875659572544; SleepCycleTimeStd = 0.1201057484427491; SleepCycleTimeMax = 5.265514135360718; EventCycleTimeCount = 67.0; EventCycleTimeAvg = 0.01153237072389517; ]
07/20/20 14:40:59 Currently monitoring 1 HTCondor log file(s)
07/20/20 14:40:59 Reassigning the id of job clean_up_local_level_3_0 from (122.0.0) to (122.0.0)
07/20/20 14:40:59 Event: ULOG_SUBMIT for HTCondor Node clean_up_local_level_3_0 (122.0.0) {07/20/20 14:40:54}
07/20/20 14:40:59 Number of idle job procs: 1
07/20/20 14:40:59 Reassigning the id of job stage_out_local_local_0_0 from (123.0.0) to (123.0.0)
07/20/20 14:40:59 Event: ULOG_SUBMIT for HTCondor Node stage_out_local_local_0_0 (123.0.0) {07/20/20 14:40:54}
07/20/20 14:40:59 Number of idle job procs: 2
07/20/20 14:40:59 Event: ULOG_EXECUTE for HTCondor Node clean_up_local_level_3_0 (122.0.0) {07/20/20 14:40:55}
07/20/20 14:40:59 Number of idle job procs: 1
07/20/20 14:40:59 Event: ULOG_EXECUTE for HTCondor Node stage_out_local_local_0_0 (123.0.0) {07/20/20 14:40:55}
07/20/20 14:40:59 Number of idle job procs: 0
07/20/20 14:40:59 Event: ULOG_JOB_TERMINATED for HTCondor Node clean_up_local_level_3_0 (122.0.0) {07/20/20 14:40:58}
07/20/20 14:40:59 Number of idle job procs: 0
07/20/20 14:40:59 Node clean_up_local_level_3_0 job proc (122.0.0) completed successfully.
07/20/20 14:40:59 Node clean_up_local_level_3_0 job completed
07/20/20 14:40:59 Running POST script of Node clean_up_local_level_3_0...
07/20/20 14:40:59 Warning: mysin has length 0 (ignore if produced by DAGMan; see gittrac #4987, #5031)
07/20/20 14:40:59 DAG status: 0 (DAG_STATUS_OK)
07/20/20 14:40:59 Of 9 nodes total:
07/20/20 14:40:59  Done     Pre   Queued    Post   Ready   Un-Ready   Failed
07/20/20 14:40:59   ===     ===      ===     ===     ===        ===      ===
07/20/20 14:40:59     4       0        1       1       0          3        0
07/20/20 14:40:59 0 job proc(s) currently held
07/20/20 14:40:59 DAGMan Runtime Statistics: [ EventCycleTimeStd = 0.02336587827370527; EventCycleTimeMax = 0.09351897239685059; SubmitCycleTimeMin = 0.0002210140228271484; SubmitCycleTimeAvg = 0.007711379424385403; SleepCycleTimeCount = 68.0; SubmitCycleTimeCount = 69.0; SubmitCycleTimeMax = 0.08806085586547852; SleepCycleTimeMin = 4.205972909927368; SubmitCycleTimeSum = 0.5320851802825928; LogProcessCycleTimeStd = 0.007873164061005689; SubmitCycleTimeStd = 0.02177569976208167; LogProcessCycleTimeAvg = 0.010559643016142; EventCycleTimeMin = 0.0006120204925537109; LogProcessCycleTimeMax = 0.03414487838745117; LogProcessCycleTimeMin = 0.003302097320556641; LogProcessCycleTimeSum = 0.1795139312744141; LogProcessCycleTimeCount = 17.0; EventCycleTimeSum = 0.8645787239074707; SleepCycleTimeSum = 340.5003302097321; SleepCycleTimeAvg = 5.007357797201942; SleepCycleTimeStd = 0.1192825335333553; SleepCycleTimeMax = 5.265514135360718; EventCycleTimeCount = 68.0; EventCycleTimeAvg = 0.01271439299863928; ]
07/20/20 14:40:59 Initializing user log writer for /home/scitech/shared-data/Workflow5/scitech/pegasus/checkpoint-wf/run0009/./checkpoint-wf-0.dag.nodes.log, (122.0.0)
07/20/20 14:41:04 Currently monitoring 1 HTCondor log file(s)
07/20/20 14:41:04 Event: ULOG_POST_SCRIPT_TERMINATED for HTCondor Node clean_up_local_level_3_0 (122.0.0) {07/20/20 14:40:59}
07/20/20 14:41:04 POST Script of node clean_up_local_level_3_0 completed successfully.
07/20/20 14:41:04 Event: ULOG_JOB_TERMINATED for HTCondor Node stage_out_local_local_0_0 (123.0.0) {07/20/20 14:41:00}
07/20/20 14:41:04 Number of idle job procs: 0
07/20/20 14:41:04 Node stage_out_local_local_0_0 job proc (123.0.0) completed successfully.
07/20/20 14:41:04 Node stage_out_local_local_0_0 job completed
07/20/20 14:41:04 Running POST script of Node stage_out_local_local_0_0...
07/20/20 14:41:04 Warning: mysin has length 0 (ignore if produced by DAGMan; see gittrac #4987, #5031)
07/20/20 14:41:04 DAG status: 0 (DAG_STATUS_OK)
07/20/20 14:41:04 Of 9 nodes total:
07/20/20 14:41:04  Done     Pre   Queued    Post   Ready   Un-Ready   Failed
07/20/20 14:41:04   ===     ===      ===     ===     ===        ===      ===
07/20/20 14:41:04     5       0        0       1       0          3        0
07/20/20 14:41:04 0 job proc(s) currently held
07/20/20 14:41:04 DAGMan Runtime Statistics: [ EventCycleTimeStd = 0.02321348486793761; EventCycleTimeMax = 0.09351897239685059; SubmitCycleTimeMin = 0.0002210140228271484; SubmitCycleTimeAvg = 0.007607729094369071; SleepCycleTimeCount = 69.0; SubmitCycleTimeCount = 70.0; SubmitCycleTimeMax = 0.08806085586547852; SleepCycleTimeMin = 4.205972909927368; SubmitCycleTimeSum = 0.532541036605835; LogProcessCycleTimeStd = 0.007696185946458971; SubmitCycleTimeStd = 0.02163471625964312; LogProcessCycleTimeAvg = 0.0107821093665229; EventCycleTimeMin = 0.0006120204925537109; LogProcessCycleTimeMax = 0.03414487838745117; LogProcessCycleTimeMin = 0.003302097320556641; LogProcessCycleTimeSum = 0.1940779685974121; LogProcessCycleTimeCount = 18.0; EventCycleTimeSum = 0.8853058815002441; SleepCycleTimeSum = 345.7431390285492; SleepCycleTimeAvg = 5.010770130848539; SleepCycleTimeStd = 0.1217477729079642; SleepCycleTimeMax = 5.265514135360718; EventCycleTimeCount = 69.0; EventCycleTimeAvg = 0.01283052002174267; ]
07/20/20 14:41:05 Initializing user log writer for /home/scitech/shared-data/Workflow5/scitech/pegasus/checkpoint-wf/run0009/./checkpoint-wf-0.dag.nodes.log, (123.0.0)
07/20/20 14:41:09 Currently monitoring 1 HTCondor log file(s)
07/20/20 14:41:09 Event: ULOG_POST_SCRIPT_TERMINATED for HTCondor Node stage_out_local_local_0_0 (123.0.0) {07/20/20 14:41:05}
07/20/20 14:41:09 POST Script of node stage_out_local_local_0_0 completed successfully.
07/20/20 14:41:09 DAG status: 0 (DAG_STATUS_OK)
07/20/20 14:41:09 Of 9 nodes total:
07/20/20 14:41:09  Done     Pre   Queued    Post   Ready   Un-Ready   Failed
07/20/20 14:41:09   ===     ===      ===     ===     ===        ===      ===
07/20/20 14:41:09     6       0        0       0       2          1        0
07/20/20 14:41:09 0 job proc(s) currently held
07/20/20 14:41:09 DAGMan Runtime Statistics: [ EventCycleTimeStd = 0.02306642672703096; EventCycleTimeMax = 0.09351897239685059; SubmitCycleTimeMin = 0.0002210140228271484; SubmitCycleTimeAvg = 0.007506565308906663; SleepCycleTimeCount = 70.0; SubmitCycleTimeCount = 71.0; SubmitCycleTimeMax = 0.08806085586547852; SleepCycleTimeMin = 4.205972909927368; SubmitCycleTimeSum = 0.532966136932373; LogProcessCycleTimeStd = 0.007678024365493596; SubmitCycleTimeStd = 0.0214965342458912; LogProcessCycleTimeAvg = 0.01038399495576557; EventCycleTimeMin = 0.0006120204925537109; LogProcessCycleTimeMax = 0.03414487838745117; LogProcessCycleTimeMin = 0.003217935562133789; LogProcessCycleTimeSum = 0.1972959041595459; LogProcessCycleTimeCount = 19.0; EventCycleTimeSum = 0.9065189361572266; SleepCycleTimeSum = 349.9961929321289; SleepCycleTimeAvg = 4.999945613316127; SleepCycleTimeStd = 0.1510285193639388; SleepCycleTimeMax = 5.265514135360718; EventCycleTimeCount = 70.0; EventCycleTimeAvg = 0.01295027051653181; ]
07/20/20 14:41:14 Submitting HTCondor Node clean_up_local_level_4_0 job(s)...
07/20/20 14:41:14 Adding a DAGMan workflow log /home/scitech/shared-data/Workflow5/scitech/pegasus/checkpoint-wf/run0009/./checkpoint-wf-0.dag.nodes.log
07/20/20 14:41:14 Masking the events recorded in the DAGMAN workflow log
07/20/20 14:41:14 Mask for workflow log is 0,1,2,4,5,7,9,10,11,12,13,16,17,24,27,35,36
07/20/20 14:41:14 submitting: /usr/bin/condor_submit -a dag_node_name' '=' 'clean_up_local_level_4_0 -a +DAGManJobId' '=' '114 -a DAGManJobId' '=' '114 -batch-name checkpoint-wf-0.dag+114 -a submit_event_notes' '=' 'DAG' 'Node:' 'clean_up_local_level_4_0 -a dagman_log' '=' '/home/scitech/shared-data/Workflow5/scitech/pegasus/checkpoint-wf/run0009/./checkpoint-wf-0.dag.nodes.log -a +DAGManNodesMask' '=' '"0,1,2,4,5,7,9,10,11,12,13,16,17,24,27,35,36" -a priority=1000 -a +DAGNodeRetry' '=' '0 -a DAG_STATUS' '=' '0 -a FAILED_COUNT' '=' '0 -a +KeepClaimIdle' '=' '20 -a notification' '=' 'never -a +DAGParentNodeNames' '=' '"stage_out_local_local_0_0" 00/00/clean_up_local_level_4_0.sub
07/20/20 14:41:14 From submit: Submitting job(s).
07/20/20 14:41:14 From submit: 1 job(s) submitted to cluster 124.
07/20/20 14:41:14 	assigned HTCondor ID (124.0.0)
07/20/20 14:41:14 Submitting HTCondor Node register_local_0_0 job(s)...
07/20/20 14:41:14 Adding a DAGMan workflow log /home/scitech/shared-data/Workflow5/scitech/pegasus/checkpoint-wf/run0009/./checkpoint-wf-0.dag.nodes.log
07/20/20 14:41:14 Masking the events recorded in the DAGMAN workflow log
07/20/20 14:41:14 Mask for workflow log is 0,1,2,4,5,7,9,10,11,12,13,16,17,24,27,35,36
07/20/20 14:41:14 submitting: /usr/bin/condor_submit -a dag_node_name' '=' 'register_local_0_0 -a +DAGManJobId' '=' '114 -a DAGManJobId' '=' '114 -batch-name checkpoint-wf-0.dag+114 -a submit_event_notes' '=' 'DAG' 'Node:' 'register_local_0_0 -a dagman_log' '=' '/home/scitech/shared-data/Workflow5/scitech/pegasus/checkpoint-wf/run0009/./checkpoint-wf-0.dag.nodes.log -a +DAGManNodesMask' '=' '"0,1,2,4,5,7,9,10,11,12,13,16,17,24,27,35,36" -a priority=40 -a +DAGNodeRetry' '=' '0 -a DAG_STATUS' '=' '0 -a FAILED_COUNT' '=' '0 -a notification' '=' 'never -a +DAGParentNodeNames' '=' '"stage_out_local_local_0_0" 00/00/register_local_0_0.sub
07/20/20 14:41:14 From submit: Submitting job(s).
07/20/20 14:41:14 From submit: 1 job(s) submitted to cluster 125.
07/20/20 14:41:14 	assigned HTCondor ID (125.0.0)
07/20/20 14:41:14 Just submitted 2 jobs this cycle...
07/20/20 14:41:14 DAG status: 0 (DAG_STATUS_OK)
07/20/20 14:41:14 Of 9 nodes total:
07/20/20 14:41:14  Done     Pre   Queued    Post   Ready   Un-Ready   Failed
07/20/20 14:41:14   ===     ===      ===     ===     ===        ===      ===
07/20/20 14:41:14     6       0        2       0       0          1        0
07/20/20 14:41:14 0 job proc(s) currently held
07/20/20 14:41:14 DAGMan Runtime Statistics: [ EventCycleTimeStd = 0.02291083322556055; EventCycleTimeMax = 0.09351897239685059; SubmitCycleTimeMin = 0.0002210140228271484; SubmitCycleTimeAvg = 0.008569253815544976; SleepCycleTimeCount = 71.0; SubmitCycleTimeCount = 72.0; SubmitCycleTimeMax = 0.08806085586547852; SleepCycleTimeMin = 4.205972909927368; SubmitCycleTimeSum = 0.6169862747192383; LogProcessCycleTimeStd = 0.007678024365493596; SubmitCycleTimeStd = 0.02317115910107478; LogProcessCycleTimeAvg = 0.01038399495576557; EventCycleTimeMin = 0.0006120204925537109; LogProcessCycleTimeMax = 0.03414487838745117; LogProcessCycleTimeMin = 0.003217935562133789; LogProcessCycleTimeSum = 0.1972959041595459; LogProcessCycleTimeCount = 19.0; EventCycleTimeSum = 0.9138350486755371; SleepCycleTimeSum = 355.0024359226227; SleepCycleTimeAvg = 5.000034308769334; SleepCycleTimeStd = 0.1499477261789916; SleepCycleTimeMax = 5.265514135360718; EventCycleTimeCount = 71.0; EventCycleTimeAvg = 0.01287091617852869; ]
07/20/20 14:41:19 Currently monitoring 1 HTCondor log file(s)
07/20/20 14:41:19 Reassigning the id of job clean_up_local_level_4_0 from (124.0.0) to (124.0.0)
07/20/20 14:41:19 Event: ULOG_SUBMIT for HTCondor Node clean_up_local_level_4_0 (124.0.0) {07/20/20 14:41:14}
07/20/20 14:41:19 Number of idle job procs: 1
07/20/20 14:41:19 Reassigning the id of job register_local_0_0 from (125.0.0) to (125.0.0)
07/20/20 14:41:19 Event: ULOG_SUBMIT for HTCondor Node register_local_0_0 (125.0.0) {07/20/20 14:41:14}
07/20/20 14:41:19 Number of idle job procs: 2
07/20/20 14:41:19 Event: ULOG_EXECUTE for HTCondor Node clean_up_local_level_4_0 (124.0.0) {07/20/20 14:41:18}
07/20/20 14:41:19 Number of idle job procs: 1
07/20/20 14:41:19 Event: ULOG_EXECUTE for HTCondor Node register_local_0_0 (125.0.0) {07/20/20 14:41:18}
07/20/20 14:41:19 Number of idle job procs: 0
07/20/20 14:41:24 Currently monitoring 1 HTCondor log file(s)
07/20/20 14:41:24 Event: ULOG_JOB_TERMINATED for HTCondor Node register_local_0_0 (125.0.0) {07/20/20 14:41:20}
07/20/20 14:41:24 Number of idle job procs: 0
07/20/20 14:41:24 Node register_local_0_0 job proc (125.0.0) completed successfully.
07/20/20 14:41:24 Node register_local_0_0 job completed
07/20/20 14:41:24 Running POST script of Node register_local_0_0...
07/20/20 14:41:24 Warning: mysin has length 0 (ignore if produced by DAGMan; see gittrac #4987, #5031)
07/20/20 14:41:24 Event: ULOG_JOB_TERMINATED for HTCondor Node clean_up_local_level_4_0 (124.0.0) {07/20/20 14:41:22}
07/20/20 14:41:24 Number of idle job procs: 0
07/20/20 14:41:24 Node clean_up_local_level_4_0 job proc (124.0.0) completed successfully.
07/20/20 14:41:24 Node clean_up_local_level_4_0 job completed
07/20/20 14:41:24 Running POST script of Node clean_up_local_level_4_0...
07/20/20 14:41:24 Warning: mysin has length 0 (ignore if produced by DAGMan; see gittrac #4987, #5031)
07/20/20 14:41:24 DAG status: 0 (DAG_STATUS_OK)
07/20/20 14:41:24 Of 9 nodes total:
07/20/20 14:41:24  Done     Pre   Queued    Post   Ready   Un-Ready   Failed
07/20/20 14:41:24   ===     ===      ===     ===     ===        ===      ===
07/20/20 14:41:24     6       0        0       2       0          1        0
07/20/20 14:41:24 0 job proc(s) currently held
07/20/20 14:41:24 DAGMan Runtime Statistics: [ EventCycleTimeStd = 0.02428595263901349; EventCycleTimeMax = 0.09351897239685059; SubmitCycleTimeMin = 0.0002210140228271484; SubmitCycleTimeAvg = 0.008354654183258882; SleepCycleTimeCount = 73.0; SubmitCycleTimeCount = 74.0; SubmitCycleTimeMax = 0.08806085586547852; SleepCycleTimeMin = 4.205972909927368; SubmitCycleTimeSum = 0.6182444095611572; LogProcessCycleTimeStd = 0.00837175634665676; SubmitCycleTimeStd = 0.02288837561469791; LogProcessCycleTimeAvg = 0.01101851463317871; EventCycleTimeMin = 0.0006120204925537109; LogProcessCycleTimeMax = 0.03414487838745117; LogProcessCycleTimeMin = 0.003217935562133789; LogProcessCycleTimeSum = 0.2313888072967529; LogProcessCycleTimeCount = 21.0; EventCycleTimeSum = 1.008826971054077; SleepCycleTimeSum = 365.0174839496613; SleepCycleTimeAvg = 5.000239506159743; SleepCycleTimeStd = 0.1478556014236914; SleepCycleTimeMax = 5.265514135360718; EventCycleTimeCount = 73.0; EventCycleTimeAvg = 0.01381954754868599; ]
07/20/20 14:41:24 Initializing user log writer for /home/scitech/shared-data/Workflow5/scitech/pegasus/checkpoint-wf/run0009/./checkpoint-wf-0.dag.nodes.log, (125.0.0)
07/20/20 14:41:24 Initializing user log writer for /home/scitech/shared-data/Workflow5/scitech/pegasus/checkpoint-wf/run0009/./checkpoint-wf-0.dag.nodes.log, (124.0.0)
07/20/20 14:41:29 Currently monitoring 1 HTCondor log file(s)
07/20/20 14:41:29 Event: ULOG_POST_SCRIPT_TERMINATED for HTCondor Node register_local_0_0 (125.0.0) {07/20/20 14:41:24}
07/20/20 14:41:29 POST Script of node register_local_0_0 completed successfully.
07/20/20 14:41:29 Event: ULOG_POST_SCRIPT_TERMINATED for HTCondor Node clean_up_local_level_4_0 (124.0.0) {07/20/20 14:41:24}
07/20/20 14:41:29 POST Script of node clean_up_local_level_4_0 completed successfully.
07/20/20 14:41:29 DAG status: 0 (DAG_STATUS_OK)
07/20/20 14:41:29 Of 9 nodes total:
07/20/20 14:41:29  Done     Pre   Queued    Post   Ready   Un-Ready   Failed
07/20/20 14:41:29   ===     ===      ===     ===     ===        ===      ===
07/20/20 14:41:29     8       0        0       0       1          0        0
07/20/20 14:41:29 0 job proc(s) currently held
07/20/20 14:41:29 DAGMan Runtime Statistics: [ EventCycleTimeStd = 0.02427820537026244; EventCycleTimeMax = 0.09351897239685059; SubmitCycleTimeMin = 0.0002210140228271484; SubmitCycleTimeAvg = 0.008255484898885092; SleepCycleTimeCount = 74.0; SubmitCycleTimeCount = 75.0; SubmitCycleTimeMax = 0.08806085586547852; SleepCycleTimeMin = 4.205972909927368; SubmitCycleTimeSum = 0.6191613674163818; LogProcessCycleTimeStd = 0.008193464812866777; SubmitCycleTimeStd = 0.02274941538602849; LogProcessCycleTimeAvg = 0.01088639822873202; EventCycleTimeMin = 0.0006120204925537109; LogProcessCycleTimeMax = 0.03414487838745117; LogProcessCycleTimeMin = 0.003217935562133789; LogProcessCycleTimeSum = 0.2395007610321045; LogProcessCycleTimeCount = 22.0; EventCycleTimeSum = 1.04652214050293; SleepCycleTimeSum = 370.2252857685089; SleepCycleTimeAvg = 5.003044402277148; SleepCycleTimeStd = 0.1488086019816872; SleepCycleTimeMax = 5.265514135360718; EventCycleTimeCount = 74.0; EventCycleTimeAvg = 0.01414219108787743; ]
07/20/20 14:41:34 Submitting HTCondor Node cleanup_checkpoint-wf_0_local job(s)...
07/20/20 14:41:34 Adding a DAGMan workflow log /home/scitech/shared-data/Workflow5/scitech/pegasus/checkpoint-wf/run0009/./checkpoint-wf-0.dag.nodes.log
07/20/20 14:41:34 Masking the events recorded in the DAGMAN workflow log
07/20/20 14:41:34 Mask for workflow log is 0,1,2,4,5,7,9,10,11,12,13,16,17,24,27,35,36
07/20/20 14:41:34 submitting: /usr/bin/condor_submit -a dag_node_name' '=' 'cleanup_checkpoint-wf_0_local -a +DAGManJobId' '=' '114 -a DAGManJobId' '=' '114 -batch-name checkpoint-wf-0.dag+114 -a submit_event_notes' '=' 'DAG' 'Node:' 'cleanup_checkpoint-wf_0_local -a dagman_log' '=' '/home/scitech/shared-data/Workflow5/scitech/pegasus/checkpoint-wf/run0009/./checkpoint-wf-0.dag.nodes.log -a +DAGManNodesMask' '=' '"0,1,2,4,5,7,9,10,11,12,13,16,17,24,27,35,36" -a priority=1000 -a +DAGNodeRetry' '=' '0 -a DAG_STATUS' '=' '0 -a FAILED_COUNT' '=' '0 -a notification' '=' 'never -a +DAGParentNodeNames' '=' '"clean_up_local_level_3_0,clean_up_local_level_4_0" 00/00/cleanup_checkpoint-wf_0_local.sub
07/20/20 14:41:34 From submit: Submitting job(s).
07/20/20 14:41:34 From submit: 1 job(s) submitted to cluster 126.
07/20/20 14:41:34 	assigned HTCondor ID (126.0.0)
07/20/20 14:41:34 Just submitted 1 job this cycle...
07/20/20 14:41:34 DAG status: 0 (DAG_STATUS_OK)
07/20/20 14:41:34 Of 9 nodes total:
07/20/20 14:41:34  Done     Pre   Queued    Post   Ready   Un-Ready   Failed
07/20/20 14:41:34   ===     ===      ===     ===     ===        ===      ===
07/20/20 14:41:34     8       0        1       0       0          0        0
07/20/20 14:41:34 0 job proc(s) currently held
07/20/20 14:41:34 DAGMan Runtime Statistics: [ EventCycleTimeStd = 0.02411461082313058; EventCycleTimeMax = 0.09351897239685059; SubmitCycleTimeMin = 0.0002210140228271484; SubmitCycleTimeAvg = 0.008852202641336541; SleepCycleTimeCount = 75.0; SubmitCycleTimeCount = 76.0; SubmitCycleTimeMax = 0.08806085586547852; SleepCycleTimeMin = 4.205972909927368; SubmitCycleTimeSum = 0.6727674007415771; LogProcessCycleTimeStd = 0.008193464812866777; SubmitCycleTimeStd = 0.0231882922745482; LogProcessCycleTimeAvg = 0.01088639822873202; EventCycleTimeMin = 0.0006120204925537109; LogProcessCycleTimeMax = 0.03414487838745117; LogProcessCycleTimeMin = 0.003217935562133789; LogProcessCycleTimeSum = 0.2395007610321045; LogProcessCycleTimeCount = 22.0; EventCycleTimeSum = 1.062571287155151; SleepCycleTimeSum = 375.2308177947998; SleepCycleTimeAvg = 5.00307757059733; SleepCycleTimeStd = 0.1477999975997698; SleepCycleTimeMax = 5.265514135360718; EventCycleTimeCount = 75.0; EventCycleTimeAvg = 0.01416761716206869; ]
07/20/20 14:41:39 Currently monitoring 1 HTCondor log file(s)
07/20/20 14:41:39 Reassigning the id of job cleanup_checkpoint-wf_0_local from (126.0.0) to (126.0.0)
07/20/20 14:41:39 Event: ULOG_SUBMIT for HTCondor Node cleanup_checkpoint-wf_0_local (126.0.0) {07/20/20 14:41:34}
07/20/20 14:41:39 Number of idle job procs: 1
07/20/20 14:41:39 Event: ULOG_EXECUTE for HTCondor Node cleanup_checkpoint-wf_0_local (126.0.0) {07/20/20 14:41:35}
07/20/20 14:41:39 Number of idle job procs: 0
07/20/20 14:41:39 Event: ULOG_JOB_TERMINATED for HTCondor Node cleanup_checkpoint-wf_0_local (126.0.0) {07/20/20 14:41:37}
07/20/20 14:41:39 Number of idle job procs: 0
07/20/20 14:41:39 Node cleanup_checkpoint-wf_0_local job proc (126.0.0) completed successfully.
07/20/20 14:41:39 Node cleanup_checkpoint-wf_0_local job completed
07/20/20 14:41:39 Running POST script of Node cleanup_checkpoint-wf_0_local...
07/20/20 14:41:39 Warning: mysin has length 0 (ignore if produced by DAGMan; see gittrac #4987, #5031)
07/20/20 14:41:39 DAG status: 0 (DAG_STATUS_OK)
07/20/20 14:41:39 Of 9 nodes total:
07/20/20 14:41:39  Done     Pre   Queued    Post   Ready   Un-Ready   Failed
07/20/20 14:41:39   ===     ===      ===     ===     ===        ===      ===
07/20/20 14:41:39     8       0        0       1       0          0        0
07/20/20 14:41:39 0 job proc(s) currently held
07/20/20 14:41:39 DAGMan Runtime Statistics: [ EventCycleTimeStd = 0.02451077225941801; EventCycleTimeMax = 0.09351897239685059; SubmitCycleTimeMin = 0.0002210140228271484; SubmitCycleTimeAvg = 0.008747927554242023; SleepCycleTimeCount = 76.0; SubmitCycleTimeCount = 77.0; SubmitCycleTimeMax = 0.08806085586547852; SleepCycleTimeMin = 4.205972909927368; SubmitCycleTimeSum = 0.6735904216766357; LogProcessCycleTimeStd = 0.008191919274190378; SubmitCycleTimeStd = 0.02305339851387115; LogProcessCycleTimeAvg = 0.01124912759532099; EventCycleTimeMin = 0.0006120204925537109; LogProcessCycleTimeMax = 0.03414487838745117; LogProcessCycleTimeMin = 0.003217935562133789; LogProcessCycleTimeSum = 0.2587299346923828; LogProcessCycleTimeCount = 23.0; EventCycleTimeSum = 1.122052192687988; SleepCycleTimeSum = 380.2365028858185; SleepCycleTimeAvg = 5.003111880076559; SleepCycleTimeStd = 0.1468116624430306; SleepCycleTimeMax = 5.265514135360718; EventCycleTimeCount = 76.0; EventCycleTimeAvg = 0.01476384464063142; ]
07/20/20 14:41:39 Initializing user log writer for /home/scitech/shared-data/Workflow5/scitech/pegasus/checkpoint-wf/run0009/./checkpoint-wf-0.dag.nodes.log, (126.0.0)
07/20/20 14:41:44 Currently monitoring 1 HTCondor log file(s)
07/20/20 14:41:44 Event: ULOG_POST_SCRIPT_TERMINATED for HTCondor Node cleanup_checkpoint-wf_0_local (126.0.0) {07/20/20 14:41:39}
07/20/20 14:41:44 POST Script of node cleanup_checkpoint-wf_0_local completed successfully.
07/20/20 14:41:44 DAG status: 0 (DAG_STATUS_OK)
07/20/20 14:41:44 Of 9 nodes total:
07/20/20 14:41:44  Done     Pre   Queued    Post   Ready   Un-Ready   Failed
07/20/20 14:41:44   ===     ===      ===     ===     ===        ===      ===
07/20/20 14:41:44     9       0        0       0       0          0        0
07/20/20 14:41:44 0 job proc(s) currently held
07/20/20 14:41:44 DAGMan Runtime Statistics: [ EventCycleTimeStd = 0.02439010008321978; EventCycleTimeMax = 0.09351897239685059; SubmitCycleTimeMin = 0.0002210140228271484; SubmitCycleTimeAvg = 0.008643978681319799; SleepCycleTimeCount = 77.0; SubmitCycleTimeCount = 78.0; SubmitCycleTimeMax = 0.08806085586547852; SleepCycleTimeMin = 4.205972909927368; SubmitCycleTimeSum = 0.6742303371429443; LogProcessCycleTimeStd = 0.008133131216480261; SubmitCycleTimeStd = 0.02292160409843381; LogProcessCycleTimeAvg = 0.01096349954605103; EventCycleTimeMin = 0.0006120204925537109; LogProcessCycleTimeMax = 0.03414487838745117; LogProcessCycleTimeMin = 0.003217935562133789; LogProcessCycleTimeSum = 0.2631239891052246; LogProcessCycleTimeCount = 24.0; EventCycleTimeSum = 1.149238109588623; SleepCycleTimeSum = 385.4874248504639; SleepCycleTimeAvg = 5.006330192863167; SleepCycleTimeStd = 0.1485516534676738; SleepCycleTimeMax = 5.265514135360718; EventCycleTimeCount = 77.0; EventCycleTimeAvg = 0.0149251702543977; ]
07/20/20 14:41:44 All jobs Completed!
07/20/20 14:41:44 Note: 0 total job deferrals because of -MaxJobs limit (0)
07/20/20 14:41:44 Note: 0 total job deferrals because of -MaxIdle limit (1000)
07/20/20 14:41:44 Note: 0 total job deferrals because of node category throttles
07/20/20 14:41:44 Note: 0 total PRE script deferrals because of -MaxPre limit (20) or DEFER
07/20/20 14:41:44 Note: 0 total POST script deferrals because of -MaxPost limit (20) or DEFER
07/20/20 14:41:44 DAG status: 0 (DAG_STATUS_OK)
07/20/20 14:41:44 Of 9 nodes total:
07/20/20 14:41:44  Done     Pre   Queued    Post   Ready   Un-Ready   Failed
07/20/20 14:41:44   ===     ===      ===     ===     ===        ===      ===
07/20/20 14:41:44     9       0        0       0       0          0        0
07/20/20 14:41:44 0 job proc(s) currently held
07/20/20 14:41:44 DAGMan Runtime Statistics: [ EventCycleTimeStd = 0.02439010008321978; EventCycleTimeMax = 0.09351897239685059; SubmitCycleTimeMin = 0.0002210140228271484; SubmitCycleTimeAvg = 0.008643978681319799; SleepCycleTimeCount = 77.0; SubmitCycleTimeCount = 78.0; SubmitCycleTimeMax = 0.08806085586547852; SleepCycleTimeMin = 4.205972909927368; SubmitCycleTimeSum = 0.6742303371429443; LogProcessCycleTimeStd = 0.008133131216480261; SubmitCycleTimeStd = 0.02292160409843381; LogProcessCycleTimeAvg = 0.01096349954605103; EventCycleTimeMin = 0.0006120204925537109; LogProcessCycleTimeMax = 0.03414487838745117; LogProcessCycleTimeMin = 0.003217935562133789; LogProcessCycleTimeSum = 0.2631239891052246; LogProcessCycleTimeCount = 24.0; EventCycleTimeSum = 1.149238109588623; SleepCycleTimeSum = 385.4874248504639; SleepCycleTimeAvg = 5.006330192863167; SleepCycleTimeStd = 0.1485516534676738; SleepCycleTimeMax = 5.265514135360718; EventCycleTimeCount = 77.0; EventCycleTimeAvg = 0.0149251702543977; ]
07/20/20 14:41:44 Wrote metrics file checkpoint-wf-0.dag.metrics.
07/20/20 14:41:44 Reporting metrics to Pegasus metrics server(s); output is in checkpoint-wf-0.dag.metrics.out.
07/20/20 14:41:44 Running command </usr/libexec/condor/condor_dagman_metrics_reporter -f checkpoint-wf-0.dag.metrics -t 100>
07/20/20 14:41:44 Warning: mysin has length 0 (ignore if produced by DAGMan; see gittrac #4987, #5031)
07/20/20 14:41:44 DAGMan Runtime Statistics: [ EventCycleTimeStd = 0.02439010008321978; EventCycleTimeMax = 0.09351897239685059; SubmitCycleTimeMin = 0.0002210140228271484; SubmitCycleTimeAvg = 0.008643978681319799; SleepCycleTimeCount = 77.0; SubmitCycleTimeCount = 78.0; SubmitCycleTimeMax = 0.08806085586547852; SleepCycleTimeMin = 4.205972909927368; SubmitCycleTimeSum = 0.6742303371429443; LogProcessCycleTimeStd = 0.008133131216480261; SubmitCycleTimeStd = 0.02292160409843381; LogProcessCycleTimeAvg = 0.01096349954605103; EventCycleTimeMin = 0.0006120204925537109; LogProcessCycleTimeMax = 0.03414487838745117; LogProcessCycleTimeMin = 0.003217935562133789; LogProcessCycleTimeSum = 0.2631239891052246; LogProcessCycleTimeCount = 24.0; EventCycleTimeSum = 1.149238109588623; SleepCycleTimeSum = 385.4874248504639; SleepCycleTimeAvg = 5.006330192863167; SleepCycleTimeStd = 0.1485516534676738; SleepCycleTimeMax = 5.265514135360718; EventCycleTimeCount = 77.0; EventCycleTimeAvg = 0.0149251702543977; ]
07/20/20 14:41:44 **** condor_scheduniv_exec.114.0 (condor_DAGMAN) pid 37390 EXITING WITH STATUS 0
