2020-07-20 14:35:14,820:INFO:pegasus-monitord(58): pegasus-monitord starting - pid 37391 
2020-07-20 14:35:14,836:INFO:pegasus-monitord(455): Final Command line options are: ['-N', 'checkpoint-wf-0.dag.dagman.out']
2020-07-20 14:35:14,854:INFO:Pegasus.monitoring.event_output(629): Connecting workflow event sink to sqlite:////home/scitech/shared-data/Workflow5/scitech/pegasus/checkpoint-wf/run0009/checkpoint-wf-0.stampede.db
Created Pegasus database in: sqlite:////home/scitech/shared-data/Workflow5/scitech/pegasus/checkpoint-wf/run0009/checkpoint-wf-0.stampede.db
Your database is compatible with Pegasus version: 5.0.0dev
2020-07-20 14:35:15,604:INFO:Pegasus.monitoring.event_output(703): output type=DB namespace=stampede. name=sqlite:////home/scitech/shared-data/Workflow5/scitech/pegasus/checkpoint-wf/run0009/checkpoint-wf-0.stampede.db
2020-07-20 14:35:15,605:INFO:Pegasus.monitoring.event_output(629): Connecting workflow event sink to sqlite:////home/scitech/.pegasus/workflow.db
Your database is compatible with Pegasus version: 5.0.0dev
2020-07-20 14:35:16,053:INFO:Pegasus.monitoring.event_output(703): output type=DB namespace=dashboard. name=sqlite:////home/scitech/.pegasus/workflow.db
2020-07-20 14:35:16,054:INFO:pegasus-monitord(1247): monitord started in fast start mode
2020-07-20 14:35:16,076:INFO:Pegasus.monitoring.workflow(461): cannot open state file /home/scitech/shared-data/Workflow5/scitech/pegasus/checkpoint-wf/run0009/monitord.info, continuing without state...
2020-07-20 14:35:16,077:INFO:Pegasus.monitoring.workflow(1148): creating new file /home/scitech/shared-data/Workflow5/scitech/pegasus/checkpoint-wf/run0009/jobstate.log
2020-07-20 14:35:16,077:INFO:Pegasus.monitoring.workflow(1158): Appending to existing jobstate.log replay_mode 0 previous_processed_line 0
2020-07-20 14:35:16,079:INFO:Pegasus.monitoring.notifications(474): loading notifications from /home/scitech/shared-data/Workflow5/scitech/pegasus/checkpoint-wf/run0009/checkpoint-wf-0.notify
2020-07-20 14:35:16,273:INFO:Pegasus.monitoring.workflow(205): Parsing DAG file /home/scitech/shared-data/Workflow5/scitech/pegasus/checkpoint-wf/run0009/checkpoint-wf-0.dag
2020-07-20 14:35:16,279:INFO:pegasus-monitord(974): Using DAGMan version 8.8.9 80809
2020-07-20 14:35:16,279:INFO:pegasus-monitord(949): DAGMan runs at pid 37390
2020-07-20 14:35:16,282:INFO:pegasus-monitord(955): using dag checkpoint-wf-0.dag
2020-07-20 14:35:16,282:INFO:Pegasus.monitoring.workflow(811): DAGMan starting with condor id 114.0
2020-07-20 14:41:30,273:INFO:Pegasus.monitoring.workflow(2467): Populating locations corresponding to succeeded registration job  /home/scitech/shared-data/Workflow5/scitech/pegasus/checkpoint-wf/run0009/00/00/register_local_0_0.in 
2020-07-20 14:41:45,548:INFO:pegasus-monitord(927): DAGMan checkpoint-wf-0.dag finished with exit code 0
2020-07-20 14:41:46,562:INFO:pegasus-monitord(1427): workflow /home/scitech/shared-data/Workflow5/scitech/pegasus/checkpoint-wf/run0009/checkpoint-wf-0.dag.dagman.out ended
2020-07-20 14:41:46,567:INFO:Pegasus.monitoring.workflow(1377): recovery file deleted: /home/scitech/shared-data/Workflow5/scitech/pegasus/checkpoint-wf/run0009/monitord.recover
2020-07-20 14:41:46,570:INFO:pegasus-monitord(1665): finishing workflow: /home/scitech/shared-data/Workflow5/scitech/pegasus/checkpoint-wf/run0009/checkpoint-wf-0.dag.dagman.out
2020-07-20 14:41:46,570:INFO:pegasus-monitord(1719): finishing notifications...
2020-07-20 14:41:46,571:INFO:pegasus-monitord(1727): monitord process 37391 exiting with 0
2020-07-20 14:41:46,572:INFO:pegasus-monitord(197): DB flushing beginning
2020-07-20 14:41:46,572:INFO:Pegasus.db.workflow_loader.WorkflowLoader(1244): Executing final flush
2020-07-20 14:41:46,659:INFO:Pegasus.db.dashboard_loader.DashboardLoader(397): Executing final flush
2020-07-20 14:41:46,660:INFO:pegasus-monitord(213): DB flushing ended
