1594916179 INTERNAL *** MONITORD_STARTED ***
1594916177 INTERNAL *** DAGMAN_STARTED 43.0 ***
1594916181 create_dir_add_thumbs_0_local SUBMIT 44.0 local - 1
1594916182 create_dir_add_thumbs_0_local EXECUTE 44.0 local - 1
1594916185 create_dir_add_thumbs_0_local JOB_TERMINATED 44.0 local - 1
1594916186 create_dir_add_thumbs_0_local JOB_SUCCESS 0 local - 1
1594916186 create_dir_add_thumbs_0_local POST_SCRIPT_STARTED 44.0 local - 1
1594916187 create_dir_add_thumbs_0_local POST_SCRIPT_TERMINATED 44.0 local - 1
1594916191 create_dir_add_thumbs_0_local POST_SCRIPT_SUCCESS 0 local - 1
1594916196 stage_in_local_local_0_0 SUBMIT 45.0 local - 2
1594916199 stage_in_local_local_0_0 EXECUTE 45.0 local - 2
1594916217 stage_in_local_local_0_0 JOB_TERMINATED 45.0 local - 2
1594916221 stage_in_local_local_0_0 JOB_SUCCESS 0 local - 2
1594916221 stage_in_local_local_0_0 POST_SCRIPT_STARTED 45.0 local - 2
1594916221 stage_in_local_local_0_0 POST_SCRIPT_TERMINATED 45.0 local - 2
1594916226 stage_in_local_local_0_0 POST_SCRIPT_SUCCESS 0 local - 2
1594916231 Thumbs_up_ID0000001 SUBMIT 46.0 condorpool - 3
1594916235 Thumbs_up_ID0000001 EXECUTE 46.0 condorpool - 3
1594916242 Thumbs_up_ID0000001 SHADOW_EXCEPTION 46.0 condorpool - 3
1594916242 Thumbs_up_ID0000001 JOB_HELD 46.0 condorpool - 3
1594916246 Thumbs_up_ID0000001 JOB_HELD_REASON 46.0 condorpool - 3
1594916892 INTERNAL *** DAGMAN_FINISHED 2 ***
1594916894 INTERNAL *** MONITORD_FINISHED 0 ***
