000 (021.000.000) 08/26 20:17:34 Job submitted from host: <127.0.0.1:9618?addrs=127.0.0.1-9618&noUDP&sock=265_58af_4>
    DAG Node: create_dir_Cats_and_Dogs_0_local
    pool:local
...
001 (021.000.000) 08/26 20:17:35 Job executing on host: <127.0.0.1:9618?addrs=127.0.0.1-9618&noUDP&sock=34582_e5b7_11>
...
005 (021.000.000) 08/26 20:17:37 Job terminated.
	(1) Normal termination (return value 0)
		Usr 0 00:00:00, Sys 0 00:00:00  -  Run Remote Usage
		Usr 0 00:00:00, Sys 0 00:00:00  -  Run Local Usage
		Usr 0 00:00:00, Sys 0 00:00:00  -  Total Remote Usage
		Usr 0 00:00:00, Sys 0 00:00:00  -  Total Local Usage
	0  -  Run Bytes Sent By Job
	0  -  Run Bytes Received By Job
	0  -  Total Bytes Sent By Job
	0  -  Total Bytes Received By Job
...
000 (022.000.000) 08/26 20:17:49 Job submitted from host: <127.0.0.1:9618?addrs=127.0.0.1-9618&noUDP&sock=265_58af_4>
    DAG Node: stage_in_remote_local_2_0
    pool:local
...
000 (023.000.000) 08/26 20:17:49 Job submitted from host: <127.0.0.1:9618?addrs=127.0.0.1-9618&noUDP&sock=265_58af_4>
    DAG Node: stage_in_remote_local_1_0
    pool:local
...
000 (024.000.000) 08/26 20:17:49 Job submitted from host: <127.0.0.1:9618?addrs=127.0.0.1-9618&noUDP&sock=265_58af_4>
    DAG Node: stage_in_remote_local_0_0
    pool:local
...
000 (025.000.000) 08/26 20:17:49 Job submitted from host: <127.0.0.1:9618?addrs=127.0.0.1-9618&noUDP&sock=265_58af_4>
    DAG Node: stage_in_local_local_0_0
    pool:local
...
000 (026.000.000) 08/26 20:17:49 Job submitted from host: <127.0.0.1:9618?addrs=127.0.0.1-9618&noUDP&sock=265_58af_4>
    DAG Node: stage_in_remote_local_4_0
    pool:local
...
000 (027.000.000) 08/26 20:17:49 Job submitted from host: <127.0.0.1:9618?addrs=127.0.0.1-9618&noUDP&sock=265_58af_4>
    DAG Node: stage_in_remote_local_3_0
    pool:local
...
001 (024.000.000) 08/26 20:17:52 Job executing on host: <127.0.0.1:9618?addrs=127.0.0.1-9618&noUDP&sock=34582_e5b7_12>
...
001 (027.000.000) 08/26 20:17:52 Job executing on host: <127.0.0.1:9618?addrs=127.0.0.1-9618&noUDP&sock=34582_e5b7_13>
...
001 (023.000.000) 08/26 20:17:52 Job executing on host: <127.0.0.1:9618?addrs=127.0.0.1-9618&noUDP&sock=34582_e5b7_14>
...
001 (026.000.000) 08/26 20:17:52 Job executing on host: <127.0.0.1:9618?addrs=127.0.0.1-9618&noUDP&sock=34582_e5b7_15>
...
001 (022.000.000) 08/26 20:17:52 Job executing on host: <127.0.0.1:9618?addrs=127.0.0.1-9618&noUDP&sock=34582_e5b7_16>
...
001 (025.000.000) 08/26 20:17:52 Job executing on host: <127.0.0.1:9618?addrs=127.0.0.1-9618&noUDP&sock=34582_e5b7_17>
...
005 (024.000.000) 08/26 20:17:54 Job terminated.
	(1) Normal termination (return value 0)
		Usr 0 00:00:00, Sys 0 00:00:00  -  Run Remote Usage
		Usr 0 00:00:00, Sys 0 00:00:00  -  Run Local Usage
		Usr 0 00:00:00, Sys 0 00:00:00  -  Total Remote Usage
		Usr 0 00:00:00, Sys 0 00:00:00  -  Total Local Usage
	0  -  Run Bytes Sent By Job
	0  -  Run Bytes Received By Job
	0  -  Total Bytes Sent By Job
	0  -  Total Bytes Received By Job
...
005 (026.000.000) 08/26 20:17:54 Job terminated.
	(1) Normal termination (return value 0)
		Usr 0 00:00:00, Sys 0 00:00:00  -  Run Remote Usage
		Usr 0 00:00:00, Sys 0 00:00:00  -  Run Local Usage
		Usr 0 00:00:00, Sys 0 00:00:00  -  Total Remote Usage
		Usr 0 00:00:00, Sys 0 00:00:00  -  Total Local Usage
	0  -  Run Bytes Sent By Job
	0  -  Run Bytes Received By Job
	0  -  Total Bytes Sent By Job
	0  -  Total Bytes Received By Job
...
005 (027.000.000) 08/26 20:17:54 Job terminated.
	(1) Normal termination (return value 0)
		Usr 0 00:00:00, Sys 0 00:00:00  -  Run Remote Usage
		Usr 0 00:00:00, Sys 0 00:00:00  -  Run Local Usage
		Usr 0 00:00:00, Sys 0 00:00:00  -  Total Remote Usage
		Usr 0 00:00:00, Sys 0 00:00:00  -  Total Local Usage
	0  -  Run Bytes Sent By Job
	0  -  Run Bytes Received By Job
	0  -  Total Bytes Sent By Job
	0  -  Total Bytes Received By Job
...
005 (022.000.000) 08/26 20:17:54 Job terminated.
	(1) Normal termination (return value 0)
		Usr 0 00:00:00, Sys 0 00:00:00  -  Run Remote Usage
		Usr 0 00:00:00, Sys 0 00:00:00  -  Run Local Usage
		Usr 0 00:00:00, Sys 0 00:00:00  -  Total Remote Usage
		Usr 0 00:00:00, Sys 0 00:00:00  -  Total Local Usage
	0  -  Run Bytes Sent By Job
	0  -  Run Bytes Received By Job
	0  -  Total Bytes Sent By Job
	0  -  Total Bytes Received By Job
...
005 (023.000.000) 08/26 20:17:54 Job terminated.
	(1) Normal termination (return value 0)
		Usr 0 00:00:00, Sys 0 00:00:00  -  Run Remote Usage
		Usr 0 00:00:00, Sys 0 00:00:00  -  Run Local Usage
		Usr 0 00:00:00, Sys 0 00:00:00  -  Total Remote Usage
		Usr 0 00:00:00, Sys 0 00:00:00  -  Total Local Usage
	0  -  Run Bytes Sent By Job
	0  -  Run Bytes Received By Job
	0  -  Total Bytes Sent By Job
	0  -  Total Bytes Received By Job
...
005 (025.000.000) 08/26 20:18:18 Job terminated.
	(1) Normal termination (return value 0)
		Usr 0 00:00:00, Sys 0 00:00:00  -  Run Remote Usage
		Usr 0 00:00:00, Sys 0 00:00:00  -  Run Local Usage
		Usr 0 00:00:00, Sys 0 00:00:00  -  Total Remote Usage
		Usr 0 00:00:00, Sys 0 00:00:00  -  Total Local Usage
	0  -  Run Bytes Sent By Job
	0  -  Run Bytes Received By Job
	0  -  Total Bytes Sent By Job
	0  -  Total Bytes Received By Job
...
000 (028.000.000) 08/26 20:18:29 Job submitted from host: <127.0.0.1:9618?addrs=127.0.0.1-9618&noUDP&sock=265_58af_4>
    DAG Node: preprocess1_py_ID0000001
    pool:condorpool
...
001 (028.000.000) 08/26 20:18:33 Job executing on host: <127.0.0.1:9618?addrs=127.0.0.1-9618&noUDP&sock=265_58af_5>
...
006 (028.000.000) 08/26 20:18:38 Image size of job updated: 12
	0  -  MemoryUsage of job (MB)
	0  -  ResidentSetSize of job (KB)
...
005 (028.000.000) 08/26 20:18:38 Job terminated.
	(1) Normal termination (return value 0)
		Usr 0 00:00:00, Sys 0 00:00:00  -  Run Remote Usage
		Usr 0 00:00:00, Sys 0 00:00:00  -  Run Local Usage
		Usr 0 00:00:00, Sys 0 00:00:00  -  Total Remote Usage
		Usr 0 00:00:00, Sys 0 00:00:00  -  Total Local Usage
	3106528  -  Run Bytes Sent By Job
	13826056  -  Run Bytes Received By Job
	3106528  -  Total Bytes Sent By Job
	13826056  -  Total Bytes Received By Job
	Partitionable Resources :    Usage  Request Allocated 
	   Cpus                 :     0.22        1         1 
	   Disk (KB)            : 70574       15000   6426608 
	   Memory (MB)          :     0           1       991 
...
000 (029.000.000) 08/26 20:18:49 Job submitted from host: <127.0.0.1:9618?addrs=127.0.0.1-9618&noUDP&sock=265_58af_4>
    DAG Node: clean_up_local_level_3_0
    pool:local
...
000 (030.000.000) 08/26 20:18:49 Job submitted from host: <127.0.0.1:9618?addrs=127.0.0.1-9618&noUDP&sock=265_58af_4>
    DAG Node: stage_out_local_local_0_0
    pool:local
...
000 (031.000.000) 08/26 20:18:49 Job submitted from host: <127.0.0.1:9618?addrs=127.0.0.1-9618&noUDP&sock=265_58af_4>
    DAG Node: Augmentation_py_ID0000002
    pool:condorpool
...
001 (030.000.000) 08/26 20:18:51 Job executing on host: <127.0.0.1:9618?addrs=127.0.0.1-9618&noUDP&sock=34582_e5b7_20>
...
001 (029.000.000) 08/26 20:18:51 Job executing on host: <127.0.0.1:9618?addrs=127.0.0.1-9618&noUDP&sock=34582_e5b7_21>
...
001 (031.000.000) 08/26 20:18:51 Job executing on host: <127.0.0.1:9618?addrs=127.0.0.1-9618&noUDP&sock=265_58af_5>
...
006 (031.000.000) 08/26 20:18:57 Image size of job updated: 37
	6  -  MemoryUsage of job (MB)
	6116  -  ResidentSetSize of job (KB)
...
006 (031.000.000) 08/26 20:19:02 Image size of job updated: 857392
	230  -  MemoryUsage of job (MB)
	235432  -  ResidentSetSize of job (KB)
...
005 (029.000.000) 08/26 20:19:07 Job terminated.
	(1) Normal termination (return value 0)
		Usr 0 00:00:00, Sys 0 00:00:00  -  Run Remote Usage
		Usr 0 00:00:00, Sys 0 00:00:00  -  Run Local Usage
		Usr 0 00:00:00, Sys 0 00:00:00  -  Total Remote Usage
		Usr 0 00:00:00, Sys 0 00:00:00  -  Total Local Usage
	0  -  Run Bytes Sent By Job
	0  -  Run Bytes Received By Job
	0  -  Total Bytes Sent By Job
	0  -  Total Bytes Received By Job
...
005 (031.000.000) 08/26 20:19:08 Job terminated.
	(1) Normal termination (return value 0)
		Usr 0 00:00:03, Sys 0 00:00:00  -  Run Remote Usage
		Usr 0 00:00:00, Sys 0 00:00:00  -  Run Local Usage
		Usr 0 00:00:03, Sys 0 00:00:00  -  Total Remote Usage
		Usr 0 00:00:00, Sys 0 00:00:00  -  Total Local Usage
	7300284  -  Run Bytes Sent By Job
	13845904  -  Run Bytes Received By Job
	7300284  -  Total Bytes Sent By Job
	13845904  -  Total Bytes Received By Job
	Partitionable Resources :    Usage  Request Allocated 
	   Cpus                 :     0.01        1         1 
	   Disk (KB)            : 85623       15000   6426608 
	   Memory (MB)          :   230           1       991 
...
005 (030.000.000) 08/26 20:19:14 Job terminated.
	(1) Normal termination (return value 0)
		Usr 0 00:00:00, Sys 0 00:00:00  -  Run Remote Usage
		Usr 0 00:00:00, Sys 0 00:00:00  -  Run Local Usage
		Usr 0 00:00:00, Sys 0 00:00:00  -  Total Remote Usage
		Usr 0 00:00:00, Sys 0 00:00:00  -  Total Local Usage
	0  -  Run Bytes Sent By Job
	0  -  Run Bytes Received By Job
	0  -  Total Bytes Sent By Job
	0  -  Total Bytes Received By Job
...
000 (032.000.000) 08/26 20:19:19 Job submitted from host: <127.0.0.1:9618?addrs=127.0.0.1-9618&noUDP&sock=265_58af_4>
    DAG Node: stage_out_local_local_1_0
    pool:local
...
000 (033.000.000) 08/26 20:19:20 Job submitted from host: <127.0.0.1:9618?addrs=127.0.0.1-9618&noUDP&sock=265_58af_4>
    DAG Node: Data_Split_py_ID0000003
    pool:condorpool
...
001 (032.000.000) 08/26 20:19:22 Job executing on host: <127.0.0.1:9618?addrs=127.0.0.1-9618&noUDP&sock=34582_e5b7_23>
...
000 (034.000.000) 08/26 20:19:25 Job submitted from host: <127.0.0.1:9618?addrs=127.0.0.1-9618&noUDP&sock=265_58af_4>
    DAG Node: clean_up_local_level_4_0
    pool:local
...
000 (035.000.000) 08/26 20:19:25 Job submitted from host: <127.0.0.1:9618?addrs=127.0.0.1-9618&noUDP&sock=265_58af_4>
    DAG Node: register_local_0_0
    pool:local
...
001 (033.000.000) 08/26 20:19:25 Job executing on host: <127.0.0.1:9618?addrs=127.0.0.1-9618&noUDP&sock=265_58af_5>
...
001 (034.000.000) 08/26 20:19:27 Job executing on host: <127.0.0.1:9618?addrs=127.0.0.1-9618&noUDP&sock=34582_e5b7_24>
...
001 (035.000.000) 08/26 20:19:27 Job executing on host: <127.0.0.1:9618?addrs=127.0.0.1-9618&noUDP&sock=34582_e5b7_25>
...
006 (033.000.000) 08/26 20:19:32 Image size of job updated: 284464
	21  -  MemoryUsage of job (MB)
	20988  -  ResidentSetSize of job (KB)
...
005 (035.000.000) 08/26 20:19:32 Job terminated.
	(1) Normal termination (return value 0)
		Usr 0 00:00:00, Sys 0 00:00:00  -  Run Remote Usage
		Usr 0 00:00:00, Sys 0 00:00:00  -  Run Local Usage
		Usr 0 00:00:00, Sys 0 00:00:00  -  Total Remote Usage
		Usr 0 00:00:00, Sys 0 00:00:00  -  Total Local Usage
	0  -  Run Bytes Sent By Job
	0  -  Run Bytes Received By Job
	0  -  Total Bytes Sent By Job
	0  -  Total Bytes Received By Job
...
005 (033.000.000) 08/26 20:19:37 Job terminated.
	(1) Normal termination (return value 0)
		Usr 0 00:00:00, Sys 0 00:00:00  -  Run Remote Usage
		Usr 0 00:00:00, Sys 0 00:00:00  -  Run Local Usage
		Usr 0 00:00:00, Sys 0 00:00:00  -  Total Remote Usage
		Usr 0 00:00:00, Sys 0 00:00:00  -  Total Local Usage
	123854  -  Run Bytes Sent By Job
	17984614  -  Run Bytes Received By Job
	123854  -  Total Bytes Sent By Job
	17984614  -  Total Bytes Received By Job
	Partitionable Resources :    Usage  Request Allocated 
	   Cpus                 :     0.24        1         1 
	   Disk (KB)            : 71801       20000   6426608 
	   Memory (MB)          :    21           1       991 
...
005 (034.000.000) 08/26 20:19:43 Job terminated.
	(1) Normal termination (return value 0)
		Usr 0 00:00:00, Sys 0 00:00:00  -  Run Remote Usage
		Usr 0 00:00:00, Sys 0 00:00:00  -  Run Local Usage
		Usr 0 00:00:00, Sys 0 00:00:00  -  Total Remote Usage
		Usr 0 00:00:00, Sys 0 00:00:00  -  Total Local Usage
	0  -  Run Bytes Sent By Job
	0  -  Run Bytes Received By Job
	0  -  Total Bytes Sent By Job
	0  -  Total Bytes Received By Job
...
000 (036.000.000) 08/26 20:19:50 Job submitted from host: <127.0.0.1:9618?addrs=127.0.0.1-9618&noUDP&sock=265_58af_4>
    DAG Node: stage_out_local_local_2_0
    pool:local
...
000 (037.000.000) 08/26 20:19:51 Job submitted from host: <127.0.0.1:9618?addrs=127.0.0.1-9618&noUDP&sock=265_58af_4>
    DAG Node: VGG_model_py_ID0000004
    pool:condorpool
...
001 (036.000.000) 08/26 20:19:52 Job executing on host: <127.0.0.1:9618?addrs=127.0.0.1-9618&noUDP&sock=34582_e5b7_27>
...
001 (037.000.000) 08/26 20:19:55 Job executing on host: <127.0.0.1:9618?addrs=127.0.0.1-9618&noUDP&sock=265_58af_5>
...
005 (036.000.000) 08/26 20:19:56 Job terminated.
	(1) Normal termination (return value 0)
		Usr 0 00:00:00, Sys 0 00:00:00  -  Run Remote Usage
		Usr 0 00:00:00, Sys 0 00:00:00  -  Run Local Usage
		Usr 0 00:00:00, Sys 0 00:00:00  -  Total Remote Usage
		Usr 0 00:00:00, Sys 0 00:00:00  -  Total Local Usage
	0  -  Run Bytes Sent By Job
	0  -  Run Bytes Received By Job
	0  -  Total Bytes Sent By Job
	0  -  Total Bytes Received By Job
...
006 (037.000.000) 08/26 20:20:01 Image size of job updated: 253560
	21  -  MemoryUsage of job (MB)
	20780  -  ResidentSetSize of job (KB)
...
000 (038.000.000) 08/26 20:20:11 Job submitted from host: <127.0.0.1:9618?addrs=127.0.0.1-9618&noUDP&sock=265_58af_4>
    DAG Node: register_local_2_0
    pool:local
...
001 (038.000.000) 08/26 20:20:13 Job executing on host: <127.0.0.1:9618?addrs=127.0.0.1-9618&noUDP&sock=34582_e5b7_28>
...
006 (037.000.000) 08/26 20:20:18 Image size of job updated: 1235524
	564  -  MemoryUsage of job (MB)
	577328  -  ResidentSetSize of job (KB)
...
005 (038.000.000) 08/26 20:20:19 Job terminated.
	(1) Normal termination (return value 0)
		Usr 0 00:00:00, Sys 0 00:00:00  -  Run Remote Usage
		Usr 0 00:00:00, Sys 0 00:00:00  -  Run Local Usage
		Usr 0 00:00:00, Sys 0 00:00:00  -  Total Remote Usage
		Usr 0 00:00:00, Sys 0 00:00:00  -  Total Local Usage
	0  -  Run Bytes Sent By Job
	0  -  Run Bytes Received By Job
	0  -  Total Bytes Sent By Job
	0  -  Total Bytes Received By Job
...
006 (037.000.000) 08/26 20:20:23 Image size of job updated: 2433316
	685  -  MemoryUsage of job (MB)
	700952  -  ResidentSetSize of job (KB)
...
006 (037.000.000) 08/26 20:20:28 Image size of job updated: 2433316
	692  -  MemoryUsage of job (MB)
	707892  -  ResidentSetSize of job (KB)
...
005 (032.000.000) 08/26 20:20:32 Job terminated.
	(1) Normal termination (return value 0)
		Usr 0 00:00:00, Sys 0 00:00:00  -  Run Remote Usage
		Usr 0 00:00:01, Sys 0 00:00:03  -  Run Local Usage
		Usr 0 00:00:00, Sys 0 00:00:00  -  Total Remote Usage
		Usr 0 00:00:00, Sys 0 00:00:00  -  Total Local Usage
	0  -  Run Bytes Sent By Job
	0  -  Run Bytes Received By Job
	0  -  Total Bytes Sent By Job
	0  -  Total Bytes Received By Job
...
006 (037.000.000) 08/26 20:20:33 Image size of job updated: 2433316
	695  -  MemoryUsage of job (MB)
	711412  -  ResidentSetSize of job (KB)
...
006 (037.000.000) 08/26 20:20:43 Image size of job updated: 2433316
	696  -  MemoryUsage of job (MB)
	711844  -  ResidentSetSize of job (KB)
...
000 (039.000.000) 08/26 20:20:46 Job submitted from host: <127.0.0.1:9618?addrs=127.0.0.1-9618&noUDP&sock=265_58af_4>
    DAG Node: clean_up_local_level_5_0
    pool:local
...
000 (040.000.000) 08/26 20:20:46 Job submitted from host: <127.0.0.1:9618?addrs=127.0.0.1-9618&noUDP&sock=265_58af_4>
    DAG Node: register_local_1_0
    pool:local
...
001 (040.000.000) 08/26 20:20:50 Job executing on host: <127.0.0.1:9618?addrs=127.0.0.1-9618&noUDP&sock=34582_e5b7_29>
...
001 (039.000.000) 08/26 20:20:50 Job executing on host: <127.0.0.1:9618?addrs=127.0.0.1-9618&noUDP&sock=34582_e5b7_30>
...
005 (040.000.000) 08/26 20:20:53 Job terminated.
	(1) Normal termination (return value 0)
		Usr 0 00:00:00, Sys 0 00:00:00  -  Run Remote Usage
		Usr 0 00:00:00, Sys 0 00:00:00  -  Run Local Usage
		Usr 0 00:00:00, Sys 0 00:00:00  -  Total Remote Usage
		Usr 0 00:00:00, Sys 0 00:00:00  -  Total Local Usage
	0  -  Run Bytes Sent By Job
	0  -  Run Bytes Received By Job
	0  -  Total Bytes Sent By Job
	0  -  Total Bytes Received By Job
...
005 (039.000.000) 08/26 20:20:58 Job terminated.
	(1) Normal termination (return value 0)
		Usr 0 00:00:00, Sys 0 00:00:00  -  Run Remote Usage
		Usr 0 00:00:00, Sys 0 00:00:00  -  Run Local Usage
		Usr 0 00:00:00, Sys 0 00:00:00  -  Total Remote Usage
		Usr 0 00:00:00, Sys 0 00:00:00  -  Total Local Usage
	0  -  Run Bytes Sent By Job
	0  -  Run Bytes Received By Job
	0  -  Total Bytes Sent By Job
	0  -  Total Bytes Received By Job
...
006 (037.000.000) 08/26 20:21:48 Image size of job updated: 2433316
	696  -  MemoryUsage of job (MB)
	711936  -  ResidentSetSize of job (KB)
...
006 (037.000.000) 08/26 20:22:45 Image size of job updated: 2433316
	696  -  MemoryUsage of job (MB)
	712348  -  ResidentSetSize of job (KB)
...
006 (037.000.000) 08/26 20:24:31 Image size of job updated: 2433572
	696  -  MemoryUsage of job (MB)
	712348  -  ResidentSetSize of job (KB)
...
006 (037.000.000) 08/26 20:27:14 Image size of job updated: 2433572
	699  -  MemoryUsage of job (MB)
	715264  -  ResidentSetSize of job (KB)
...
006 (037.000.000) 08/26 20:30:59 Image size of job updated: 2433572
	701  -  MemoryUsage of job (MB)
	717528  -  ResidentSetSize of job (KB)
...
006 (037.000.000) 08/26 20:33:00 Image size of job updated: 2542840
	905  -  MemoryUsage of job (MB)
	926572  -  ResidentSetSize of job (KB)
...
006 (037.000.000) 08/26 20:33:15 Image size of job updated: 2542840
	925  -  MemoryUsage of job (MB)
	947164  -  ResidentSetSize of job (KB)
...
005 (037.000.000) 08/26 20:33:52 Job terminated.
	(1) Normal termination (return value 0)
		Usr 0 00:13:15, Sys 0 00:00:17  -  Run Remote Usage
		Usr 0 00:00:00, Sys 0 00:00:00  -  Run Local Usage
		Usr 0 00:13:15, Sys 0 00:00:17  -  Total Remote Usage
		Usr 0 00:00:00, Sys 0 00:00:00  -  Total Local Usage
	63331844  -  Run Bytes Sent By Job
	17936922  -  Run Bytes Received By Job
	63331844  -  Total Bytes Sent By Job
	17936922  -  Total Bytes Received By Job
	Partitionable Resources :     Usage  Request Allocated 
	   Cpus                 :      0.01        1         1 
	   Disk (KB)            : 133481       20000   6426608 
	   Memory (MB)          :    925           1       991 
...
000 (041.000.000) 08/26 20:34:06 Job submitted from host: <127.0.0.1:9618?addrs=127.0.0.1-9618&noUDP&sock=265_58af_4>
    DAG Node: clean_up_local_level_6_0
    pool:local
...
000 (042.000.000) 08/26 20:34:06 Job submitted from host: <127.0.0.1:9618?addrs=127.0.0.1-9618&noUDP&sock=265_58af_4>
    DAG Node: stage_out_local_local_3_0
    pool:local
...
000 (043.000.000) 08/26 20:34:07 Job submitted from host: <127.0.0.1:9618?addrs=127.0.0.1-9618&noUDP&sock=265_58af_4>
    DAG Node: Optuna_py_ID0000005
    pool:condorpool
...
001 (042.000.000) 08/26 20:34:09 Job executing on host: <127.0.0.1:9618?addrs=127.0.0.1-9618&noUDP&sock=34582_e5b7_32>
...
001 (041.000.000) 08/26 20:34:09 Job executing on host: <127.0.0.1:9618?addrs=127.0.0.1-9618&noUDP&sock=34582_e5b7_33>
...
001 (043.000.000) 08/26 20:34:10 Job executing on host: <127.0.0.1:9618?addrs=127.0.0.1-9618&noUDP&sock=265_58af_5>
...
005 (041.000.000) 08/26 20:34:11 Job terminated.
	(1) Normal termination (return value 0)
		Usr 0 00:00:00, Sys 0 00:00:00  -  Run Remote Usage
		Usr 0 00:00:00, Sys 0 00:00:00  -  Run Local Usage
		Usr 0 00:00:00, Sys 0 00:00:00  -  Total Remote Usage
		Usr 0 00:00:00, Sys 0 00:00:00  -  Total Local Usage
	0  -  Run Bytes Sent By Job
	0  -  Run Bytes Received By Job
	0  -  Total Bytes Sent By Job
	0  -  Total Bytes Received By Job
...
005 (042.000.000) 08/26 20:34:12 Job terminated.
	(1) Normal termination (return value 0)
		Usr 0 00:00:00, Sys 0 00:00:00  -  Run Remote Usage
		Usr 0 00:00:00, Sys 0 00:00:00  -  Run Local Usage
		Usr 0 00:00:00, Sys 0 00:00:00  -  Total Remote Usage
		Usr 0 00:00:00, Sys 0 00:00:00  -  Total Local Usage
	0  -  Run Bytes Sent By Job
	0  -  Run Bytes Received By Job
	0  -  Total Bytes Sent By Job
	0  -  Total Bytes Received By Job
...
006 (043.000.000) 08/26 20:34:16 Image size of job updated: 358152
	21  -  MemoryUsage of job (MB)
	20712  -  ResidentSetSize of job (KB)
...
000 (044.000.000) 08/26 20:34:27 Job submitted from host: <127.0.0.1:9618?addrs=127.0.0.1-9618&noUDP&sock=265_58af_4>
    DAG Node: register_local_3_0
    pool:local
...
001 (044.000.000) 08/26 20:34:29 Job executing on host: <127.0.0.1:9618?addrs=127.0.0.1-9618&noUDP&sock=34582_e5b7_34>
...
005 (044.000.000) 08/26 20:34:32 Job terminated.
	(1) Normal termination (return value 0)
		Usr 0 00:00:00, Sys 0 00:00:00  -  Run Remote Usage
		Usr 0 00:00:00, Sys 0 00:00:00  -  Run Local Usage
		Usr 0 00:00:00, Sys 0 00:00:00  -  Total Remote Usage
		Usr 0 00:00:00, Sys 0 00:00:00  -  Total Local Usage
	0  -  Run Bytes Sent By Job
	0  -  Run Bytes Received By Job
	0  -  Total Bytes Sent By Job
	0  -  Total Bytes Received By Job
...
006 (043.000.000) 08/26 20:34:33 Image size of job updated: 2743116
	1029  -  MemoryUsage of job (MB)
	1053220  -  ResidentSetSize of job (KB)
...
006 (043.000.000) 08/26 20:34:46 Image size of job updated: 2743372
	1068  -  MemoryUsage of job (MB)
	1092756  -  ResidentSetSize of job (KB)
...
006 (043.000.000) 08/26 20:34:56 Image size of job updated: 2743372
	1070  -  MemoryUsage of job (MB)
	1094868  -  ResidentSetSize of job (KB)
...
006 (043.000.000) 08/26 20:35:16 Image size of job updated: 2743372
	1074  -  MemoryUsage of job (MB)
	1099092  -  ResidentSetSize of job (KB)
...
006 (043.000.000) 08/26 20:36:49 Image size of job updated: 2743372
	1074  -  MemoryUsage of job (MB)
	1099400  -  ResidentSetSize of job (KB)
...
006 (043.000.000) 08/26 20:37:30 Image size of job updated: 2743372
	1075  -  MemoryUsage of job (MB)
	1100456  -  ResidentSetSize of job (KB)
...
006 (043.000.000) 08/26 20:46:16 Image size of job updated: 2743372
	1076  -  MemoryUsage of job (MB)
	1101408  -  ResidentSetSize of job (KB)
...
006 (043.000.000) 08/26 20:48:17 Image size of job updated: 2786416
	1076  -  MemoryUsage of job (MB)
	1101408  -  ResidentSetSize of job (KB)
...
005 (043.000.000) 08/26 20:59:54 Job terminated.
	(1) Normal termination (return value 0)
		Usr 0 00:25:01, Sys 0 00:00:15  -  Run Remote Usage
		Usr 0 00:00:00, Sys 0 00:00:00  -  Run Local Usage
		Usr 0 00:25:01, Sys 0 00:00:15  -  Total Remote Usage
		Usr 0 00:00:00, Sys 0 00:00:00  -  Total Local Usage
	63329480  -  Run Bytes Sent By Job
	81093832  -  Run Bytes Received By Job
	63329480  -  Total Bytes Sent By Job
	81093832  -  Total Bytes Received By Job
	Partitionable Resources :     Usage  Request Allocated 
	   Cpus                 :      0.01        1         1 
	   Disk (KB)            : 256831      100000   6426608 
	   Memory (MB)          :   1076           1       991 
...
000 (062.000.000) 08/26 21:00:07 Job submitted from host: <127.0.0.1:9618?addrs=127.0.0.1-9618&noUDP&sock=265_58af_4>
    DAG Node: clean_up_local_level_7_0
    pool:local
...
000 (063.000.000) 08/26 21:00:07 Job submitted from host: <127.0.0.1:9618?addrs=127.0.0.1-9618&noUDP&sock=265_58af_4>
    DAG Node: stage_out_local_local_4_0
    pool:local
...
001 (062.000.000) 08/26 21:00:12 Job executing on host: <127.0.0.1:9618?addrs=127.0.0.1-9618&noUDP&sock=34582_e5b7_52>
...
001 (063.000.000) 08/26 21:00:12 Job executing on host: <127.0.0.1:9618?addrs=127.0.0.1-9618&noUDP&sock=34582_e5b7_53>
...
005 (063.000.000) 08/26 21:00:16 Job terminated.
	(1) Normal termination (return value 0)
		Usr 0 00:00:00, Sys 0 00:00:00  -  Run Remote Usage
		Usr 0 00:00:00, Sys 0 00:00:00  -  Run Local Usage
		Usr 0 00:00:00, Sys 0 00:00:00  -  Total Remote Usage
		Usr 0 00:00:00, Sys 0 00:00:00  -  Total Local Usage
	0  -  Run Bytes Sent By Job
	0  -  Run Bytes Received By Job
	0  -  Total Bytes Sent By Job
	0  -  Total Bytes Received By Job
...
000 (064.000.000) 08/26 21:00:27 Job submitted from host: <127.0.0.1:9618?addrs=127.0.0.1-9618&noUDP&sock=265_58af_4>
    DAG Node: clean_up_local_level_8_0
    pool:local
...
000 (065.000.000) 08/26 21:00:27 Job submitted from host: <127.0.0.1:9618?addrs=127.0.0.1-9618&noUDP&sock=265_58af_4>
    DAG Node: register_local_4_0
    pool:local
...
001 (065.000.000) 08/26 21:00:28 Job executing on host: <127.0.0.1:9618?addrs=127.0.0.1-9618&noUDP&sock=34582_e5b7_54>
...
001 (064.000.000) 08/26 21:00:28 Job executing on host: <127.0.0.1:9618?addrs=127.0.0.1-9618&noUDP&sock=34582_e5b7_55>
...
005 (062.000.000) 08/26 21:00:28 Job terminated.
	(1) Normal termination (return value 0)
		Usr 0 00:00:00, Sys 0 00:00:00  -  Run Remote Usage
		Usr 0 00:00:00, Sys 0 00:00:01  -  Run Local Usage
		Usr 0 00:00:00, Sys 0 00:00:00  -  Total Remote Usage
		Usr 0 00:00:00, Sys 0 00:00:00  -  Total Local Usage
	0  -  Run Bytes Sent By Job
	0  -  Run Bytes Received By Job
	0  -  Total Bytes Sent By Job
	0  -  Total Bytes Received By Job
...
005 (065.000.000) 08/26 21:00:30 Job terminated.
	(1) Normal termination (return value 0)
		Usr 0 00:00:00, Sys 0 00:00:00  -  Run Remote Usage
		Usr 0 00:00:00, Sys 0 00:00:00  -  Run Local Usage
		Usr 0 00:00:00, Sys 0 00:00:00  -  Total Remote Usage
		Usr 0 00:00:00, Sys 0 00:00:00  -  Total Local Usage
	0  -  Run Bytes Sent By Job
	0  -  Run Bytes Received By Job
	0  -  Total Bytes Sent By Job
	0  -  Total Bytes Received By Job
...
005 (064.000.000) 08/26 21:00:32 Job terminated.
	(1) Normal termination (return value 0)
		Usr 0 00:00:00, Sys 0 00:00:00  -  Run Remote Usage
		Usr 0 00:00:00, Sys 0 00:00:00  -  Run Local Usage
		Usr 0 00:00:00, Sys 0 00:00:00  -  Total Remote Usage
		Usr 0 00:00:00, Sys 0 00:00:00  -  Total Local Usage
	0  -  Run Bytes Sent By Job
	0  -  Run Bytes Received By Job
	0  -  Total Bytes Sent By Job
	0  -  Total Bytes Received By Job
...
000 (066.000.000) 08/26 21:00:42 Job submitted from host: <127.0.0.1:9618?addrs=127.0.0.1-9618&noUDP&sock=265_58af_4>
    DAG Node: cleanup_Cats_and_Dogs_0_local
    pool:local
...
001 (066.000.000) 08/26 21:00:43 Job executing on host: <127.0.0.1:9618?addrs=127.0.0.1-9618&noUDP&sock=34582_e5b7_56>
...
005 (066.000.000) 08/26 21:00:45 Job terminated.
	(1) Normal termination (return value 0)
		Usr 0 00:00:00, Sys 0 00:00:00  -  Run Remote Usage
		Usr 0 00:00:00, Sys 0 00:00:00  -  Run Local Usage
		Usr 0 00:00:00, Sys 0 00:00:00  -  Total Remote Usage
		Usr 0 00:00:00, Sys 0 00:00:00  -  Total Local Usage
	0  -  Run Bytes Sent By Job
	0  -  Run Bytes Received By Job
	0  -  Total Bytes Sent By Job
	0  -  Total Bytes Received By Job
...
