2020-08-26 20:17:30,659:INFO:pegasus-monitord(58): pegasus-monitord starting - pid 43081 
2020-08-26 20:17:30,675:INFO:pegasus-monitord(455): Final Command line options are: ['-N', 'Cats_and_Dogs-0.dag.dagman.out']
2020-08-26 20:17:30,690:INFO:Pegasus.monitoring.event_output(629): Connecting workflow event sink to sqlite:////home/scitech/shared-data/CatsAndDogs/scitech/pegasus/Cats_and_Dogs/run0021/Cats_and_Dogs-0.stampede.db
Created Pegasus database in: sqlite:////home/scitech/shared-data/CatsAndDogs/scitech/pegasus/Cats_and_Dogs/run0021/Cats_and_Dogs-0.stampede.db
Your database is compatible with Pegasus version: 5.0.0dev
2020-08-26 20:17:31,373:INFO:Pegasus.monitoring.event_output(703): output type=DB namespace=stampede. name=sqlite:////home/scitech/shared-data/CatsAndDogs/scitech/pegasus/Cats_and_Dogs/run0021/Cats_and_Dogs-0.stampede.db
2020-08-26 20:17:31,374:INFO:Pegasus.monitoring.event_output(629): Connecting workflow event sink to sqlite:////home/scitech/.pegasus/workflow.db
Your database is compatible with Pegasus version: 5.0.0dev
2020-08-26 20:17:31,767:INFO:Pegasus.monitoring.event_output(703): output type=DB namespace=dashboard. name=sqlite:////home/scitech/.pegasus/workflow.db
2020-08-26 20:17:31,767:INFO:pegasus-monitord(1247): monitord started in fast start mode
2020-08-26 20:17:31,789:INFO:Pegasus.monitoring.workflow(461): cannot open state file /home/scitech/shared-data/CatsAndDogs/scitech/pegasus/Cats_and_Dogs/run0021/monitord.info, continuing without state...
2020-08-26 20:17:31,790:INFO:Pegasus.monitoring.workflow(1148): creating new file /home/scitech/shared-data/CatsAndDogs/scitech/pegasus/Cats_and_Dogs/run0021/jobstate.log
2020-08-26 20:17:31,790:INFO:Pegasus.monitoring.workflow(1158): Appending to existing jobstate.log replay_mode 0 previous_processed_line 0
2020-08-26 20:17:31,792:INFO:Pegasus.monitoring.notifications(474): loading notifications from /home/scitech/shared-data/CatsAndDogs/scitech/pegasus/Cats_and_Dogs/run0021/Cats_and_Dogs-0.notify
2020-08-26 20:17:32,044:INFO:Pegasus.monitoring.workflow(205): Parsing DAG file /home/scitech/shared-data/CatsAndDogs/scitech/pegasus/Cats_and_Dogs/run0021/Cats_and_Dogs-0.dag
2020-08-26 20:17:32,053:INFO:pegasus-monitord(974): Using DAGMan version 8.8.10 80810
2020-08-26 20:17:32,054:INFO:pegasus-monitord(949): DAGMan runs at pid 43079
2020-08-26 20:17:32,057:INFO:pegasus-monitord(955): using dag Cats_and_Dogs-0.dag
2020-08-26 20:17:32,058:INFO:Pegasus.monitoring.workflow(811): DAGMan starting with condor id 20.0
2020-08-26 20:18:50,065:WARNING:Pegasus.monitoring.workflow(1707): truncating stdout for job stage_in_local_local_0_0
2020-08-26 20:21:10,128:WARNING:Pegasus.monitoring.workflow(1707): truncating stdout for job stage_out_local_local_0_0
2020-08-26 20:21:11,328:INFO:Pegasus.monitoring.workflow(2468): Populating locations corresponding to succeeded registration job  /home/scitech/shared-data/CatsAndDogs/scitech/pegasus/Cats_and_Dogs/run0021/00/00/register_local_0_0.in 
2020-08-26 20:21:12,851:INFO:Pegasus.monitoring.workflow(2468): Populating locations corresponding to succeeded registration job  /home/scitech/shared-data/CatsAndDogs/scitech/pegasus/Cats_and_Dogs/run0021/00/00/register_local_2_0.in 
2020-08-26 20:21:13,198:WARNING:Pegasus.monitoring.workflow(1707): truncating stdout for job stage_out_local_local_1_0
2020-08-26 20:21:14,333:INFO:Pegasus.monitoring.workflow(2468): Populating locations corresponding to succeeded registration job  /home/scitech/shared-data/CatsAndDogs/scitech/pegasus/Cats_and_Dogs/run0021/00/00/register_local_1_0.in 
2020-08-26 20:34:02,474:WARNING:Pegasus.monitoring.workflow(1707): truncating stdout for job VGG_model_py_ID0000004
2020-08-26 20:34:37,943:INFO:Pegasus.monitoring.workflow(2468): Populating locations corresponding to succeeded registration job  /home/scitech/shared-data/CatsAndDogs/scitech/pegasus/Cats_and_Dogs/run0021/00/00/register_local_3_0.in 
2020-08-26 21:00:37,656:INFO:Pegasus.monitoring.workflow(2468): Populating locations corresponding to succeeded registration job  /home/scitech/shared-data/CatsAndDogs/scitech/pegasus/Cats_and_Dogs/run0021/00/00/register_local_4_0.in 
2020-08-26 21:00:37,839:WARNING:Pegasus.monitoring.workflow(1707): truncating stdout for job clean_up_local_level_7_0
2020-08-26 21:00:52,963:INFO:pegasus-monitord(927): DAGMan Cats_and_Dogs-0.dag finished with exit code 0
2020-08-26 21:00:53,977:INFO:pegasus-monitord(1427): workflow /home/scitech/shared-data/CatsAndDogs/scitech/pegasus/Cats_and_Dogs/run0021/Cats_and_Dogs-0.dag.dagman.out ended
2020-08-26 21:00:53,980:INFO:Pegasus.monitoring.workflow(1378): recovery file deleted: /home/scitech/shared-data/CatsAndDogs/scitech/pegasus/Cats_and_Dogs/run0021/monitord.recover
2020-08-26 21:00:53,982:INFO:pegasus-monitord(1665): finishing workflow: /home/scitech/shared-data/CatsAndDogs/scitech/pegasus/Cats_and_Dogs/run0021/Cats_and_Dogs-0.dag.dagman.out
2020-08-26 21:00:53,983:INFO:pegasus-monitord(1719): finishing notifications...
2020-08-26 21:00:53,983:INFO:pegasus-monitord(1727): monitord process 43081 exiting with 0
2020-08-26 21:00:53,984:INFO:pegasus-monitord(197): DB flushing beginning
2020-08-26 21:00:53,984:INFO:Pegasus.db.workflow_loader.WorkflowLoader(1244): Executing final flush
2020-08-26 21:00:54,034:INFO:Pegasus.db.dashboard_loader.DashboardLoader(397): Executing final flush
2020-08-26 21:00:54,035:INFO:pegasus-monitord(213): DB flushing ended
