07/20/20 14:22:17 ******************************************************
07/20/20 14:22:17 ** condor_scheduniv_exec.92.0 (CONDOR_DAGMAN) STARTING UP
07/20/20 14:22:17 ** /usr/bin/condor_dagman
07/20/20 14:22:17 ** SubsystemInfo: name=DAGMAN type=DAGMAN(10) class=DAEMON(1)
07/20/20 14:22:17 ** Configuration: subsystem:DAGMAN local:<NONE> class:DAEMON
07/20/20 14:22:17 ** $CondorVersion: 8.8.9 May 06 2020 BuildID: 503068 PackageID: 8.8.9-1 $
07/20/20 14:22:17 ** $CondorPlatform: x86_64_CentOS7 $
07/20/20 14:22:17 ** PID = 31359
07/20/20 14:22:17 ** Log last touched time unavailable (No such file or directory)
07/20/20 14:22:17 ******************************************************
07/20/20 14:22:17 Using config source: /etc/condor/condor_config
07/20/20 14:22:17 Using local config sources: 
07/20/20 14:22:17    /etc/condor/config.d/00-minicondor
07/20/20 14:22:17    /etc/condor/condor_config.local
07/20/20 14:22:17 config Macros = 81, Sorted = 81, StringBytes = 2248, TablesBytes = 2964
07/20/20 14:22:17 CLASSAD_CACHING is ENABLED
07/20/20 14:22:17 Daemon Log is logging: D_ALWAYS D_ERROR
07/20/20 14:22:17 DaemonCore: No command port requested.
07/20/20 14:22:17 DAGMAN_USE_STRICT setting: 1
07/20/20 14:22:17 DAGMAN_VERBOSITY setting: 3
07/20/20 14:22:17 DAGMAN_DEBUG_CACHE_SIZE setting: 5242880
07/20/20 14:22:17 DAGMAN_DEBUG_CACHE_ENABLE setting: False
07/20/20 14:22:17 DAGMAN_SUBMIT_DELAY setting: 0
07/20/20 14:22:17 DAGMAN_MAX_SUBMIT_ATTEMPTS setting: 6
07/20/20 14:22:17 DAGMAN_STARTUP_CYCLE_DETECT setting: False
07/20/20 14:22:17 DAGMAN_MAX_SUBMITS_PER_INTERVAL setting: 100
07/20/20 14:22:17 DAGMAN_AGGRESSIVE_SUBMIT setting: False
07/20/20 14:22:17 DAGMAN_USER_LOG_SCAN_INTERVAL setting: 5
07/20/20 14:22:17 DAGMAN_QUEUE_UPDATE_INTERVAL setting: 300
07/20/20 14:22:17 DAGMAN_DEFAULT_PRIORITY setting: 0
07/20/20 14:22:17 DAGMAN_SUPPRESS_NOTIFICATION setting: True
07/20/20 14:22:17 allow_events (DAGMAN_ALLOW_EVENTS) setting: 114
07/20/20 14:22:17 DAGMAN_RETRY_SUBMIT_FIRST setting: True
07/20/20 14:22:17 DAGMAN_RETRY_NODE_FIRST setting: False
07/20/20 14:22:17 DAGMAN_MAX_JOBS_IDLE setting: 1000
07/20/20 14:22:17 DAGMAN_MAX_JOBS_SUBMITTED setting: 0
07/20/20 14:22:17 DAGMAN_MAX_PRE_SCRIPTS setting: 20
07/20/20 14:22:17 DAGMAN_MAX_POST_SCRIPTS setting: 20
07/20/20 14:22:17 DAGMAN_MUNGE_NODE_NAMES setting: True
07/20/20 14:22:17 DAGMAN_PROHIBIT_MULTI_JOBS setting: False
07/20/20 14:22:17 DAGMAN_SUBMIT_DEPTH_FIRST setting: False
07/20/20 14:22:17 DAGMAN_ALWAYS_RUN_POST setting: False
07/20/20 14:22:17 DAGMAN_CONDOR_SUBMIT_EXE setting: /usr/bin/condor_submit
07/20/20 14:22:17 DAGMAN_USE_CONDOR_SUBMIT setting: True
07/20/20 14:22:17 DAGMAN_ABORT_DUPLICATES setting: True
07/20/20 14:22:17 DAGMAN_ABORT_ON_SCARY_SUBMIT setting: True
07/20/20 14:22:17 DAGMAN_PENDING_REPORT_INTERVAL setting: 600
07/20/20 14:22:17 DAGMAN_AUTO_RESCUE setting: True
07/20/20 14:22:17 DAGMAN_MAX_RESCUE_NUM setting: 100
07/20/20 14:22:17 DAGMAN_WRITE_PARTIAL_RESCUE setting: True
07/20/20 14:22:17 DAGMAN_DEFAULT_NODE_LOG setting: @(DAG_DIR)/@(DAG_FILE).nodes.log
07/20/20 14:22:17 DAGMAN_GENERATE_SUBDAG_SUBMITS setting: True
07/20/20 14:22:17 DAGMAN_MAX_JOB_HOLDS setting: 100
07/20/20 14:22:17 DAGMAN_HOLD_CLAIM_TIME setting: 20
07/20/20 14:22:17 ALL_DEBUG setting: 
07/20/20 14:22:17 DAGMAN_DEBUG setting: 
07/20/20 14:22:17 DAGMAN_SUPPRESS_JOB_LOGS setting: False
07/20/20 14:22:17 DAGMAN_REMOVE_NODE_JOBS setting: True
07/20/20 14:22:17 argv[0] == "condor_scheduniv_exec.92.0"
07/20/20 14:22:17 argv[1] == "-Lockfile"
07/20/20 14:22:17 argv[2] == "checkpoint-wf-0.dag.lock"
07/20/20 14:22:17 argv[3] == "-AutoRescue"
07/20/20 14:22:17 argv[4] == "1"
07/20/20 14:22:17 argv[5] == "-DoRescueFrom"
07/20/20 14:22:17 argv[6] == "0"
07/20/20 14:22:17 argv[7] == "-Dag"
07/20/20 14:22:17 argv[8] == "checkpoint-wf-0.dag"
07/20/20 14:22:17 argv[9] == "-MaxPost"
07/20/20 14:22:17 argv[10] == "20"
07/20/20 14:22:17 argv[11] == "-Suppress_notification"
07/20/20 14:22:17 argv[12] == "-CsdVersion"
07/20/20 14:22:17 argv[13] == "$CondorVersion: 8.8.9 May 06 2020 BuildID: 503068 PackageID: 8.8.9-1 $"
07/20/20 14:22:17 argv[14] == "-Dagman"
07/20/20 14:22:17 argv[15] == "/bin/condor_dagman"
07/20/20 14:22:17 Workflow batch-name: <checkpoint-wf-0.dag+92>
07/20/20 14:22:17 Workflow accounting_group: <>
07/20/20 14:22:17 Workflow accounting_group_user: <>
07/20/20 14:22:17 Warning: failed to get attribute DAGNodeName
07/20/20 14:22:17 DAGMAN_LOG_ON_NFS_IS_ERROR setting: False
07/20/20 14:22:17 Default node log file is: </home/scitech/shared-data/Workflow5/scitech/pegasus/checkpoint-wf/run0007/./checkpoint-wf-0.dag.nodes.log>
07/20/20 14:22:17 DAG Lockfile will be written to checkpoint-wf-0.dag.lock
07/20/20 14:22:17 DAG Input file is checkpoint-wf-0.dag
07/20/20 14:22:17 Parsing 1 dagfiles
07/20/20 14:22:17 Parsing checkpoint-wf-0.dag ...
07/20/20 14:22:17 Warning:  could not open Pegasus braindump file braindump.txt
07/20/20 14:22:17 Dag contains 9 total jobs
07/20/20 14:22:17 Sleeping for 3 seconds to ensure ProcessId uniqueness
07/20/20 14:22:21 Bootstrapping...
07/20/20 14:22:21 Number of pre-completed nodes: 0
07/20/20 14:22:21 MultiLogFiles: truncating log file /home/scitech/shared-data/Workflow5/scitech/pegasus/checkpoint-wf/run0007/./checkpoint-wf-0.dag.nodes.log
07/20/20 14:22:21 DAG status: 0 (DAG_STATUS_OK)
07/20/20 14:22:21 Of 9 nodes total:
07/20/20 14:22:21  Done     Pre   Queued    Post   Ready   Un-Ready   Failed
07/20/20 14:22:21   ===     ===      ===     ===     ===        ===      ===
07/20/20 14:22:21     0       0        0       0       1          8        0
07/20/20 14:22:21 0 job proc(s) currently held
07/20/20 14:22:21 DAGMan Runtime Statistics: [ EventCycleTimeSum = 0.0; EventCycleTimeCount = 0.0; SleepCycleTimeCount = 0.0; SubmitCycleTimeSum = 0.0; SubmitCycleTimeCount = 0.0; LogProcessCycleTimeSum = 0.0; SleepCycleTimeSum = 0.0; LogProcessCycleTimeCount = 0.0; ]
07/20/20 14:22:21 Registering condor_event_timer...
07/20/20 14:22:22 Submitting HTCondor Node create_dir_checkpoint-wf_0_local job(s)...
07/20/20 14:22:22 Adding a DAGMan workflow log /home/scitech/shared-data/Workflow5/scitech/pegasus/checkpoint-wf/run0007/./checkpoint-wf-0.dag.nodes.log
07/20/20 14:22:22 Masking the events recorded in the DAGMAN workflow log
07/20/20 14:22:22 Mask for workflow log is 0,1,2,4,5,7,9,10,11,12,13,16,17,24,27,35,36
07/20/20 14:22:22 submitting: /usr/bin/condor_submit -a dag_node_name' '=' 'create_dir_checkpoint-wf_0_local -a +DAGManJobId' '=' '92 -a DAGManJobId' '=' '92 -batch-name checkpoint-wf-0.dag+92 -a submit_event_notes' '=' 'DAG' 'Node:' 'create_dir_checkpoint-wf_0_local -a dagman_log' '=' '/home/scitech/shared-data/Workflow5/scitech/pegasus/checkpoint-wf/run0007/./checkpoint-wf-0.dag.nodes.log -a +DAGManNodesMask' '=' '"0,1,2,4,5,7,9,10,11,12,13,16,17,24,27,35,36" -a priority=800 -a +DAGNodeRetry' '=' '0 -a DAG_STATUS' '=' '0 -a FAILED_COUNT' '=' '0 -a +KeepClaimIdle' '=' '20 -a notification' '=' 'never -a +DAGParentNodeNames' '=' '"" 00/00/create_dir_checkpoint-wf_0_local.sub
07/20/20 14:22:22 From submit: Submitting job(s).
07/20/20 14:22:22 From submit: 1 job(s) submitted to cluster 93.
07/20/20 14:22:22 	assigned HTCondor ID (93.0.0)
07/20/20 14:22:22 Just submitted 1 job this cycle...
07/20/20 14:22:22 DAG status: 0 (DAG_STATUS_OK)
07/20/20 14:22:22 Of 9 nodes total:
07/20/20 14:22:22  Done     Pre   Queued    Post   Ready   Un-Ready   Failed
07/20/20 14:22:22   ===     ===      ===     ===     ===        ===      ===
07/20/20 14:22:22     0       0        1       0       0          8        0
07/20/20 14:22:22 0 job proc(s) currently held
07/20/20 14:22:22 DAGMan Runtime Statistics: [ EventCycleTimeCount = 0.0; EventCycleTimeSum = 0.0; LogProcessCycleTimeCount = 0.0; SleepCycleTimeSum = 0.0; LogProcessCycleTimeSum = 0.0; SubmitCycleTimeCount = 1.0; SubmitCycleTimeMax = 0.05417299270629883; SubmitCycleTimeMin = 0.05417299270629883; SubmitCycleTimeAvg = 0.05417299270629883; SubmitCycleTimeStd = 0.05417299270629883; SubmitCycleTimeSum = 0.05417299270629883; SleepCycleTimeCount = 0.0; ]
07/20/20 14:22:27 Currently monitoring 1 HTCondor log file(s)
07/20/20 14:22:27 Reassigning the id of job create_dir_checkpoint-wf_0_local from (93.0.0) to (93.0.0)
07/20/20 14:22:27 Event: ULOG_SUBMIT for HTCondor Node create_dir_checkpoint-wf_0_local (93.0.0) {07/20/20 14:22:22}
07/20/20 14:22:27 Number of idle job procs: 1
07/20/20 14:22:27 Event: ULOG_EXECUTE for HTCondor Node create_dir_checkpoint-wf_0_local (93.0.0) {07/20/20 14:22:23}
07/20/20 14:22:27 Number of idle job procs: 0
07/20/20 14:22:27 Event: ULOG_JOB_TERMINATED for HTCondor Node create_dir_checkpoint-wf_0_local (93.0.0) {07/20/20 14:22:25}
07/20/20 14:22:27 Number of idle job procs: 0
07/20/20 14:22:27 Node create_dir_checkpoint-wf_0_local job proc (93.0.0) completed successfully.
07/20/20 14:22:27 Node create_dir_checkpoint-wf_0_local job completed
07/20/20 14:22:27 Running POST script of Node create_dir_checkpoint-wf_0_local...
07/20/20 14:22:27 Warning: mysin has length 0 (ignore if produced by DAGMan; see gittrac #4987, #5031)
07/20/20 14:22:27 DAG status: 0 (DAG_STATUS_OK)
07/20/20 14:22:27 Of 9 nodes total:
07/20/20 14:22:27  Done     Pre   Queued    Post   Ready   Un-Ready   Failed
07/20/20 14:22:27   ===     ===      ===     ===     ===        ===      ===
07/20/20 14:22:27     0       0        0       1       0          8        0
07/20/20 14:22:27 0 job proc(s) currently held
07/20/20 14:22:27 DAGMan Runtime Statistics: [ EventCycleTimeStd = 0.06031990051269531; EventCycleTimeMax = 0.06031990051269531; SubmitCycleTimeMin = 0.0004429817199707031; SubmitCycleTimeAvg = 0.02730798721313477; SleepCycleTimeCount = 1.0; SubmitCycleTimeCount = 2.0; SubmitCycleTimeMax = 0.05417299270629883; SleepCycleTimeMin = 5.005456209182739; SubmitCycleTimeSum = 0.05461597442626953; LogProcessCycleTimeStd = 0.01328492164611816; SubmitCycleTimeStd = 0.03799285512166031; LogProcessCycleTimeAvg = 0.01328492164611816; EventCycleTimeMin = 0.06031990051269531; LogProcessCycleTimeMax = 0.01328492164611816; LogProcessCycleTimeMin = 0.01328492164611816; LogProcessCycleTimeSum = 0.01328492164611816; LogProcessCycleTimeCount = 1.0; EventCycleTimeSum = 0.06031990051269531; SleepCycleTimeSum = 5.005456209182739; SleepCycleTimeAvg = 5.005456209182739; SleepCycleTimeStd = 5.005456209182739; SleepCycleTimeMax = 5.005456209182739; EventCycleTimeCount = 1.0; EventCycleTimeAvg = 0.06031990051269531; ]
07/20/20 14:22:27 Initializing user log writer for /home/scitech/shared-data/Workflow5/scitech/pegasus/checkpoint-wf/run0007/./checkpoint-wf-0.dag.nodes.log, (93.0.0)
07/20/20 14:22:32 Currently monitoring 1 HTCondor log file(s)
07/20/20 14:22:32 Event: ULOG_POST_SCRIPT_TERMINATED for HTCondor Node create_dir_checkpoint-wf_0_local (93.0.0) {07/20/20 14:22:27}
07/20/20 14:22:32 POST Script of node create_dir_checkpoint-wf_0_local completed successfully.
07/20/20 14:22:32 DAG status: 0 (DAG_STATUS_OK)
07/20/20 14:22:32 Of 9 nodes total:
07/20/20 14:22:32  Done     Pre   Queued    Post   Ready   Un-Ready   Failed
07/20/20 14:22:32   ===     ===      ===     ===     ===        ===      ===
07/20/20 14:22:32     1       0        0       0       2          6        0
07/20/20 14:22:32 0 job proc(s) currently held
07/20/20 14:22:32 DAGMan Runtime Statistics: [ EventCycleTimeStd = 0.03005845800839345; EventCycleTimeMax = 0.06031990051269531; SubmitCycleTimeMin = 0.0004429817199707031; SubmitCycleTimeAvg = 0.01838231086730957; SleepCycleTimeCount = 2.0; SubmitCycleTimeCount = 3.0; SubmitCycleTimeMax = 0.05417299270629883; SleepCycleTimeMin = 5.005456209182739; SubmitCycleTimeSum = 0.05514693260192871; LogProcessCycleTimeStd = 0.006653132918535688; SubmitCycleTimeStd = 0.03099567090480549; LogProcessCycleTimeAvg = 0.008580446243286133; EventCycleTimeMin = 0.01781082153320312; LogProcessCycleTimeMax = 0.01328492164611816; LogProcessCycleTimeMin = 0.003875970840454102; LogProcessCycleTimeSum = 0.01716089248657227; LogProcessCycleTimeCount = 2.0; EventCycleTimeSum = 0.07813072204589844; SleepCycleTimeSum = 10.23356628417969; SleepCycleTimeAvg = 5.116783142089844; SleepCycleTimeStd = 0.1574400583746268; SleepCycleTimeMax = 5.228110074996948; EventCycleTimeCount = 2.0; EventCycleTimeAvg = 0.03906536102294922; ]
07/20/20 14:22:37 Submitting HTCondor Node stage_in_remote_local_0_0 job(s)...
07/20/20 14:22:37 Adding a DAGMan workflow log /home/scitech/shared-data/Workflow5/scitech/pegasus/checkpoint-wf/run0007/./checkpoint-wf-0.dag.nodes.log
07/20/20 14:22:37 Masking the events recorded in the DAGMAN workflow log
07/20/20 14:22:37 Mask for workflow log is 0,1,2,4,5,7,9,10,11,12,13,16,17,24,27,35,36
07/20/20 14:22:37 submitting: /usr/bin/condor_submit -a dag_node_name' '=' 'stage_in_remote_local_0_0 -a +DAGManJobId' '=' '92 -a DAGManJobId' '=' '92 -batch-name checkpoint-wf-0.dag+92 -a submit_event_notes' '=' 'DAG' 'Node:' 'stage_in_remote_local_0_0 -a dagman_log' '=' '/home/scitech/shared-data/Workflow5/scitech/pegasus/checkpoint-wf/run0007/./checkpoint-wf-0.dag.nodes.log -a +DAGManNodesMask' '=' '"0,1,2,4,5,7,9,10,11,12,13,16,17,24,27,35,36" -a priority=700 -a +DAGNodeRetry' '=' '0 -a DAG_STATUS' '=' '0 -a FAILED_COUNT' '=' '0 -a +KeepClaimIdle' '=' '20 -a notification' '=' 'never -a +DAGParentNodeNames' '=' '"create_dir_checkpoint-wf_0_local" 00/00/stage_in_remote_local_0_0.sub
07/20/20 14:22:37 From submit: Submitting job(s).
07/20/20 14:22:37 From submit: 1 job(s) submitted to cluster 94.
07/20/20 14:22:37 	assigned HTCondor ID (94.0.0)
07/20/20 14:22:37 Submitting HTCondor Node stage_in_local_local_0_0 job(s)...
07/20/20 14:22:37 Adding a DAGMan workflow log /home/scitech/shared-data/Workflow5/scitech/pegasus/checkpoint-wf/run0007/./checkpoint-wf-0.dag.nodes.log
07/20/20 14:22:37 Masking the events recorded in the DAGMAN workflow log
07/20/20 14:22:37 Mask for workflow log is 0,1,2,4,5,7,9,10,11,12,13,16,17,24,27,35,36
07/20/20 14:22:37 submitting: /usr/bin/condor_submit -a dag_node_name' '=' 'stage_in_local_local_0_0 -a +DAGManJobId' '=' '92 -a DAGManJobId' '=' '92 -batch-name checkpoint-wf-0.dag+92 -a submit_event_notes' '=' 'DAG' 'Node:' 'stage_in_local_local_0_0 -a dagman_log' '=' '/home/scitech/shared-data/Workflow5/scitech/pegasus/checkpoint-wf/run0007/./checkpoint-wf-0.dag.nodes.log -a +DAGManNodesMask' '=' '"0,1,2,4,5,7,9,10,11,12,13,16,17,24,27,35,36" -a priority=700 -a +DAGNodeRetry' '=' '0 -a DAG_STATUS' '=' '0 -a FAILED_COUNT' '=' '0 -a +KeepClaimIdle' '=' '20 -a notification' '=' 'never -a +DAGParentNodeNames' '=' '"create_dir_checkpoint-wf_0_local" 00/00/stage_in_local_local_0_0.sub
07/20/20 14:22:37 From submit: Submitting job(s).
07/20/20 14:22:37 From submit: 1 job(s) submitted to cluster 95.
07/20/20 14:22:37 	assigned HTCondor ID (95.0.0)
07/20/20 14:22:37 Just submitted 2 jobs this cycle...
07/20/20 14:22:37 DAG status: 0 (DAG_STATUS_OK)
07/20/20 14:22:37 Of 9 nodes total:
07/20/20 14:22:37  Done     Pre   Queued    Post   Ready   Un-Ready   Failed
07/20/20 14:22:37   ===     ===      ===     ===     ===        ===      ===
07/20/20 14:22:37     1       0        2       0       0          6        0
07/20/20 14:22:37 0 job proc(s) currently held
07/20/20 14:22:37 DAGMan Runtime Statistics: [ EventCycleTimeStd = 0.02717485504816675; EventCycleTimeMax = 0.06031990051269531; SubmitCycleTimeMin = 0.0004429817199707031; SubmitCycleTimeAvg = 0.03873348236083984; SleepCycleTimeCount = 3.0; SubmitCycleTimeCount = 4.0; SubmitCycleTimeMax = 0.09978699684143066; SleepCycleTimeMin = 5.000634908676147; SubmitCycleTimeSum = 0.1549339294433594; LogProcessCycleTimeStd = 0.006653132918535688; SubmitCycleTimeStd = 0.04792878537854178; LogProcessCycleTimeAvg = 0.008580446243286133; EventCycleTimeMin = 0.009737014770507812; LogProcessCycleTimeMax = 0.01328492164611816; LogProcessCycleTimeMin = 0.003875970840454102; LogProcessCycleTimeSum = 0.01716089248657227; LogProcessCycleTimeCount = 2.0; EventCycleTimeSum = 0.08786773681640625; SleepCycleTimeSum = 15.23420119285583; SleepCycleTimeAvg = 5.078067064285278; SleepCycleTimeStd = 0.1299634180537371; SleepCycleTimeMax = 5.228110074996948; EventCycleTimeCount = 3.0; EventCycleTimeAvg = 0.02928924560546875; ]
07/20/20 14:22:42 Currently monitoring 1 HTCondor log file(s)
07/20/20 14:22:42 Reassigning the id of job stage_in_remote_local_0_0 from (94.0.0) to (94.0.0)
07/20/20 14:22:42 Event: ULOG_SUBMIT for HTCondor Node stage_in_remote_local_0_0 (94.0.0) {07/20/20 14:22:37}
07/20/20 14:22:42 Number of idle job procs: 1
07/20/20 14:22:42 Reassigning the id of job stage_in_local_local_0_0 from (95.0.0) to (95.0.0)
07/20/20 14:22:42 Event: ULOG_SUBMIT for HTCondor Node stage_in_local_local_0_0 (95.0.0) {07/20/20 14:22:37}
07/20/20 14:22:42 Number of idle job procs: 2
07/20/20 14:22:42 Event: ULOG_EXECUTE for HTCondor Node stage_in_remote_local_0_0 (94.0.0) {07/20/20 14:22:39}
07/20/20 14:22:42 Number of idle job procs: 1
07/20/20 14:22:42 Event: ULOG_EXECUTE for HTCondor Node stage_in_local_local_0_0 (95.0.0) {07/20/20 14:22:39}
07/20/20 14:22:42 Number of idle job procs: 0
07/20/20 14:22:42 Event: ULOG_JOB_TERMINATED for HTCondor Node stage_in_remote_local_0_0 (94.0.0) {07/20/20 14:22:41}
07/20/20 14:22:42 Number of idle job procs: 0
07/20/20 14:22:42 Node stage_in_remote_local_0_0 job proc (94.0.0) completed successfully.
07/20/20 14:22:42 Node stage_in_remote_local_0_0 job completed
07/20/20 14:22:42 Running POST script of Node stage_in_remote_local_0_0...
07/20/20 14:22:42 Warning: mysin has length 0 (ignore if produced by DAGMan; see gittrac #4987, #5031)
07/20/20 14:22:42 Event: ULOG_JOB_TERMINATED for HTCondor Node stage_in_local_local_0_0 (95.0.0) {07/20/20 14:22:41}
07/20/20 14:22:42 Number of idle job procs: 0
07/20/20 14:22:42 Node stage_in_local_local_0_0 job proc (95.0.0) completed successfully.
07/20/20 14:22:42 Node stage_in_local_local_0_0 job completed
07/20/20 14:22:42 Running POST script of Node stage_in_local_local_0_0...
07/20/20 14:22:42 Warning: mysin has length 0 (ignore if produced by DAGMan; see gittrac #4987, #5031)
07/20/20 14:22:42 DAG status: 0 (DAG_STATUS_OK)
07/20/20 14:22:42 Of 9 nodes total:
07/20/20 14:22:42  Done     Pre   Queued    Post   Ready   Un-Ready   Failed
07/20/20 14:22:42   ===     ===      ===     ===     ===        ===      ===
07/20/20 14:22:42     1       0        0       2       0          6        0
07/20/20 14:22:42 0 job proc(s) currently held
07/20/20 14:22:42 DAGMan Runtime Statistics: [ EventCycleTimeStd = 0.04473092680679077; EventCycleTimeMax = 0.1069691181182861; SubmitCycleTimeMin = 0.0004429817199707031; SubmitCycleTimeAvg = 0.03117055892944336; SleepCycleTimeCount = 4.0; SubmitCycleTimeCount = 5.0; SubmitCycleTimeMax = 0.09978699684143066; SleepCycleTimeMin = 5.000634908676147; SubmitCycleTimeSum = 0.1558527946472168; LogProcessCycleTimeStd = 0.01800966735679678; SubmitCycleTimeStd = 0.04482036819396479; LogProcessCycleTimeAvg = 0.01861731211344401; EventCycleTimeMin = 0.009737014770507812; LogProcessCycleTimeMax = 0.03869104385375977; LogProcessCycleTimeMin = 0.003875970840454102; LogProcessCycleTimeSum = 0.05585193634033203; LogProcessCycleTimeCount = 3.0; EventCycleTimeSum = 0.1948368549346924; SleepCycleTimeSum = 20.23975515365601; SleepCycleTimeAvg = 5.059938788414001; SleepCycleTimeStd = 0.1121377021005904; SleepCycleTimeMax = 5.228110074996948; EventCycleTimeCount = 4.0; EventCycleTimeAvg = 0.0487092137336731; ]
07/20/20 14:22:42 Initializing user log writer for /home/scitech/shared-data/Workflow5/scitech/pegasus/checkpoint-wf/run0007/./checkpoint-wf-0.dag.nodes.log, (95.0.0)
07/20/20 14:22:42 Initializing user log writer for /home/scitech/shared-data/Workflow5/scitech/pegasus/checkpoint-wf/run0007/./checkpoint-wf-0.dag.nodes.log, (94.0.0)
07/20/20 14:22:47 Currently monitoring 1 HTCondor log file(s)
07/20/20 14:22:47 Event: ULOG_POST_SCRIPT_TERMINATED for HTCondor Node stage_in_local_local_0_0 (95.0.0) {07/20/20 14:22:42}
07/20/20 14:22:47 POST Script of node stage_in_local_local_0_0 completed successfully.
07/20/20 14:22:47 Event: ULOG_POST_SCRIPT_TERMINATED for HTCondor Node stage_in_remote_local_0_0 (94.0.0) {07/20/20 14:22:42}
07/20/20 14:22:47 POST Script of node stage_in_remote_local_0_0 completed successfully.
07/20/20 14:22:47 DAG status: 0 (DAG_STATUS_OK)
07/20/20 14:22:47 Of 9 nodes total:
07/20/20 14:22:47  Done     Pre   Queued    Post   Ready   Un-Ready   Failed
07/20/20 14:22:47   ===     ===      ===     ===     ===        ===      ===
07/20/20 14:22:47     3       0        0       0       1          5        0
07/20/20 14:22:47 0 job proc(s) currently held
07/20/20 14:22:47 DAGMan Runtime Statistics: [ EventCycleTimeStd = 0.03876718689912294; EventCycleTimeMax = 0.1069691181182861; SubmitCycleTimeMin = 0.0004429817199707031; SubmitCycleTimeAvg = 0.02611649036407471; SleepCycleTimeCount = 5.0; SubmitCycleTimeCount = 6.0; SubmitCycleTimeMax = 0.09978699684143066; SleepCycleTimeMin = 5.000634908676147; SubmitCycleTimeSum = 0.1566989421844482; LogProcessCycleTimeStd = 0.0155932473473456; SubmitCycleTimeStd = 0.04195657252939927; LogProcessCycleTimeAvg = 0.01602321863174438; EventCycleTimeMin = 0.009737014770507812; LogProcessCycleTimeMax = 0.03869104385375977; LogProcessCycleTimeMin = 0.003875970840454102; LogProcessCycleTimeSum = 0.06409287452697754; LogProcessCycleTimeCount = 4.0; EventCycleTimeSum = 0.240189790725708; SleepCycleTimeSum = 25.50090718269348; SleepCycleTimeAvg = 5.100181436538696; SleepCycleTimeStd = 0.1323952484598479; SleepCycleTimeMax = 5.261152029037476; EventCycleTimeCount = 5.0; EventCycleTimeAvg = 0.0480379581451416; ]
07/20/20 14:22:52 Submitting HTCondor Node print_nums1_py_ID0000001 job(s)...
07/20/20 14:22:52 Adding a DAGMan workflow log /home/scitech/shared-data/Workflow5/scitech/pegasus/checkpoint-wf/run0007/./checkpoint-wf-0.dag.nodes.log
07/20/20 14:22:52 Masking the events recorded in the DAGMAN workflow log
07/20/20 14:22:52 Mask for workflow log is 0,1,2,4,5,7,9,10,11,12,13,16,17,24,27,35,36
07/20/20 14:22:52 submitting: /usr/bin/condor_submit -a dag_node_name' '=' 'print_nums1_py_ID0000001 -a +DAGManJobId' '=' '92 -a DAGManJobId' '=' '92 -batch-name checkpoint-wf-0.dag+92 -a submit_event_notes' '=' 'DAG' 'Node:' 'print_nums1_py_ID0000001 -a dagman_log' '=' '/home/scitech/shared-data/Workflow5/scitech/pegasus/checkpoint-wf/run0007/./checkpoint-wf-0.dag.nodes.log -a +DAGManNodesMask' '=' '"0,1,2,4,5,7,9,10,11,12,13,16,17,24,27,35,36" -a priority=20 -a +DAGNodeRetry' '=' '0 -a DAG_STATUS' '=' '0 -a FAILED_COUNT' '=' '0 -a +KeepClaimIdle' '=' '20 -a notification' '=' 'never -a +DAGParentNodeNames' '=' '"stage_in_remote_local_0_0,stage_in_local_local_0_0" 00/00/print_nums1_py_ID0000001.sub
07/20/20 14:22:52 From submit: Submitting job(s).
07/20/20 14:22:52 From submit: 1 job(s) submitted to cluster 96.
07/20/20 14:22:52 	assigned HTCondor ID (96.0.0)
07/20/20 14:22:52 Just submitted 1 job this cycle...
07/20/20 14:22:52 DAG status: 0 (DAG_STATUS_OK)
07/20/20 14:22:52 Of 9 nodes total:
07/20/20 14:22:52  Done     Pre   Queued    Post   Ready   Un-Ready   Failed
07/20/20 14:22:52   ===     ===      ===     ===     ===        ===      ===
07/20/20 14:22:52     3       0        1       0       0          5        0
07/20/20 14:22:52 0 job proc(s) currently held
07/20/20 14:22:52 DAGMan Runtime Statistics: [ EventCycleTimeStd = 0.03705059033823688; EventCycleTimeMax = 0.1069691181182861; SubmitCycleTimeMin = 0.0004429817199707031; SubmitCycleTimeAvg = 0.03246269907270159; SleepCycleTimeCount = 6.0; SubmitCycleTimeCount = 7.0; SubmitCycleTimeMax = 0.09978699684143066; SleepCycleTimeMin = 5.000634908676147; SubmitCycleTimeSum = 0.2272388935089111; LogProcessCycleTimeStd = 0.0155932473473456; SubmitCycleTimeStd = 0.04181963896894751; LogProcessCycleTimeAvg = 0.01602321863174438; EventCycleTimeMin = 0.009737014770507812; LogProcessCycleTimeMax = 0.03869104385375977; LogProcessCycleTimeMin = 0.003875970840454102; LogProcessCycleTimeSum = 0.06409287452697754; LogProcessCycleTimeCount = 4.0; EventCycleTimeSum = 0.2562499046325684; SleepCycleTimeSum = 30.50620913505554; SleepCycleTimeAvg = 5.084368189175923; SleepCycleTimeStd = 0.1245919508023363; SleepCycleTimeMax = 5.261152029037476; EventCycleTimeCount = 6.0; EventCycleTimeAvg = 0.04270831743876139; ]
07/20/20 14:22:57 Currently monitoring 1 HTCondor log file(s)
07/20/20 14:22:57 Reassigning the id of job print_nums1_py_ID0000001 from (96.0.0) to (96.0.0)
07/20/20 14:22:57 Event: ULOG_SUBMIT for HTCondor Node print_nums1_py_ID0000001 (96.0.0) {07/20/20 14:22:52}
07/20/20 14:22:57 Number of idle job procs: 1
07/20/20 14:22:57 Event: ULOG_EXECUTE for HTCondor Node print_nums1_py_ID0000001 (96.0.0) {07/20/20 14:22:57}
07/20/20 14:22:57 Number of idle job procs: 0
07/20/20 14:24:32 Currently monitoring 1 HTCondor log file(s)
07/20/20 14:24:32 Event: ULOG_JOB_TERMINATED for HTCondor Node print_nums1_py_ID0000001 (96.0.0) {07/20/20 14:24:28}
07/20/20 14:24:32 Number of idle job procs: 0
07/20/20 14:24:32 Node print_nums1_py_ID0000001 job proc (96.0.0) failed with status 14.
07/20/20 14:24:32 Node print_nums1_py_ID0000001 job completed
07/20/20 14:24:32 Running POST script of Node print_nums1_py_ID0000001...
07/20/20 14:24:32 Warning: mysin has length 0 (ignore if produced by DAGMan; see gittrac #4987, #5031)
07/20/20 14:24:32 DAG status: 0 (DAG_STATUS_OK)
07/20/20 14:24:32 Of 9 nodes total:
07/20/20 14:24:32  Done     Pre   Queued    Post   Ready   Un-Ready   Failed
07/20/20 14:24:32   ===     ===      ===     ===     ===        ===      ===
07/20/20 14:24:32     3       0        0       1       0          5        0
07/20/20 14:24:32 0 job proc(s) currently held
07/20/20 14:24:32 DAGMan Runtime Statistics: [ EventCycleTimeStd = 0.02712554357936896; EventCycleTimeMax = 0.1069691181182861; SubmitCycleTimeMin = 0.0003550052642822266; SubmitCycleTimeAvg = 0.008905719827722621; SleepCycleTimeCount = 26.0; SubmitCycleTimeCount = 27.0; SubmitCycleTimeMax = 0.09978699684143066; SleepCycleTimeMin = 4.969957113265991; SubmitCycleTimeSum = 0.2404544353485107; LogProcessCycleTimeStd = 0.01291126264222177; SubmitCycleTimeStd = 0.02460349134320921; LogProcessCycleTimeAvg = 0.0139009952545166; EventCycleTimeMin = 0.0009438991546630859; LogProcessCycleTimeMax = 0.03869104385375977; LogProcessCycleTimeMin = 0.003875970840454102; LogProcessCycleTimeSum = 0.08340597152709961; LogProcessCycleTimeCount = 6.0; EventCycleTimeSum = 0.3689944744110107; SleepCycleTimeSum = 130.5129976272583; SleepCycleTimeAvg = 5.019730677971473; SleepCycleTimeStd = 0.06759403757449944; SleepCycleTimeMax = 5.261152029037476; EventCycleTimeCount = 26.0; EventCycleTimeAvg = 0.01419209516965426; ]
07/20/20 14:24:33 Initializing user log writer for /home/scitech/shared-data/Workflow5/scitech/pegasus/checkpoint-wf/run0007/./checkpoint-wf-0.dag.nodes.log, (96.0.0)
07/20/20 14:24:37 Currently monitoring 1 HTCondor log file(s)
07/20/20 14:24:37 Event: ULOG_POST_SCRIPT_TERMINATED for HTCondor Node print_nums1_py_ID0000001 (96.0.0) {07/20/20 14:24:33}
07/20/20 14:24:37 POST Script of node print_nums1_py_ID0000001 failed with status 1
07/20/20 14:24:37 POST for Node print_nums1_py_ID0000001 returned 1
07/20/20 14:24:37 Retrying node print_nums1_py_ID0000001 (retry #1 of 5)...
07/20/20 14:24:37 DAG status: 0 (DAG_STATUS_OK)
07/20/20 14:24:37 Of 9 nodes total:
07/20/20 14:24:37  Done     Pre   Queued    Post   Ready   Un-Ready   Failed
07/20/20 14:24:37   ===     ===      ===     ===     ===        ===      ===
07/20/20 14:24:37     3       0        0       0       1          5        0
07/20/20 14:24:37 0 job proc(s) currently held
07/20/20 14:24:37 DAGMan Runtime Statistics: [ EventCycleTimeStd = 0.02665867011008745; EventCycleTimeMax = 0.1069691181182861; SubmitCycleTimeMin = 0.0003550052642822266; SubmitCycleTimeAvg = 0.008644086974007743; SleepCycleTimeCount = 27.0; SubmitCycleTimeCount = 28.0; SubmitCycleTimeMax = 0.09978699684143066; SleepCycleTimeMin = 4.214483976364136; SubmitCycleTimeSum = 0.2420344352722168; LogProcessCycleTimeStd = 0.01193453826660591; SubmitCycleTimeStd = 0.02418323261045549; LogProcessCycleTimeAvg = 0.0131922789982387; EventCycleTimeMin = 0.0009438991546630859; LogProcessCycleTimeMax = 0.03869104385375977; LogProcessCycleTimeMin = 0.003875970840454102; LogProcessCycleTimeSum = 0.0923459529876709; LogProcessCycleTimeCount = 7.0; EventCycleTimeSum = 0.3924663066864014; SleepCycleTimeSum = 134.7274816036224; SleepCycleTimeAvg = 4.989906726060091; SleepCycleTimeStd = 0.1685492919724051; SleepCycleTimeMax = 5.261152029037476; EventCycleTimeCount = 27.0; EventCycleTimeAvg = 0.01453578913653338; ]
07/20/20 14:24:42 Reassigning the id of job print_nums1_py_ID0000001 from (96.0.0) to (-1.-1.-1)
07/20/20 14:24:42 Submitting HTCondor Node print_nums1_py_ID0000001 job(s)...
07/20/20 14:24:42 Adding a DAGMan workflow log /home/scitech/shared-data/Workflow5/scitech/pegasus/checkpoint-wf/run0007/./checkpoint-wf-0.dag.nodes.log
07/20/20 14:24:42 Masking the events recorded in the DAGMAN workflow log
07/20/20 14:24:42 Mask for workflow log is 0,1,2,4,5,7,9,10,11,12,13,16,17,24,27,35,36
07/20/20 14:24:42 submitting: /usr/bin/condor_submit -a dag_node_name' '=' 'print_nums1_py_ID0000001 -a +DAGManJobId' '=' '92 -a DAGManJobId' '=' '92 -batch-name checkpoint-wf-0.dag+92 -a submit_event_notes' '=' 'DAG' 'Node:' 'print_nums1_py_ID0000001 -a dagman_log' '=' '/home/scitech/shared-data/Workflow5/scitech/pegasus/checkpoint-wf/run0007/./checkpoint-wf-0.dag.nodes.log -a +DAGManNodesMask' '=' '"0,1,2,4,5,7,9,10,11,12,13,16,17,24,27,35,36" -a priority=20 -a +DAGNodeRetry' '=' '1 -a DAG_STATUS' '=' '0 -a FAILED_COUNT' '=' '0 -a +KeepClaimIdle' '=' '20 -a notification' '=' 'never -a +DAGParentNodeNames' '=' '"stage_in_remote_local_0_0,stage_in_local_local_0_0" 00/00/print_nums1_py_ID0000001.sub
07/20/20 14:24:42 From submit: Submitting job(s).
07/20/20 14:24:42 From submit: 1 job(s) submitted to cluster 97.
07/20/20 14:24:42 	assigned HTCondor ID (97.0.0)
07/20/20 14:24:42 Just submitted 1 job this cycle...
07/20/20 14:24:42 DAG status: 0 (DAG_STATUS_OK)
07/20/20 14:24:42 Of 9 nodes total:
07/20/20 14:24:42  Done     Pre   Queued    Post   Ready   Un-Ready   Failed
07/20/20 14:24:42   ===     ===      ===     ===     ===        ===      ===
07/20/20 14:24:42     3       0        1       0       0          5        0
07/20/20 14:24:42 0 job proc(s) currently held
07/20/20 14:24:42 DAGMan Runtime Statistics: [ EventCycleTimeStd = 0.02617474428874679; EventCycleTimeMax = 0.1069691181182861; SubmitCycleTimeMin = 0.0003550052642822266; SubmitCycleTimeAvg = 0.01102945722382644; SleepCycleTimeCount = 28.0; SubmitCycleTimeCount = 29.0; SubmitCycleTimeMax = 0.09978699684143066; SleepCycleTimeMin = 4.214483976364136; SubmitCycleTimeSum = 0.3198542594909668; LogProcessCycleTimeStd = 0.01193453826660591; SubmitCycleTimeStd = 0.02699910636351062; LogProcessCycleTimeAvg = 0.0131922789982387; EventCycleTimeMin = 0.0009438991546630859; LogProcessCycleTimeMax = 0.03869104385375977; LogProcessCycleTimeMin = 0.003875970840454102; LogProcessCycleTimeSum = 0.0923459529876709; LogProcessCycleTimeCount = 7.0; EventCycleTimeSum = 0.4115974903106689; SleepCycleTimeSum = 139.7332015037537; SleepCycleTimeAvg = 4.990471482276917; SleepCycleTimeStd = 0.1654255550727132; SleepCycleTimeMax = 5.261152029037476; EventCycleTimeCount = 28.0; EventCycleTimeAvg = 0.01469991036823818; ]
07/20/20 14:24:47 Currently monitoring 1 HTCondor log file(s)
07/20/20 14:24:47 Reassigning the id of job print_nums1_py_ID0000001 from (97.0.0) to (97.0.0)
07/20/20 14:24:47 Event: ULOG_SUBMIT for HTCondor Node print_nums1_py_ID0000001 (97.0.0) {07/20/20 14:24:42}
07/20/20 14:24:47 Number of idle job procs: 1
07/20/20 14:24:47 Event: ULOG_EXECUTE for HTCondor Node print_nums1_py_ID0000001 (97.0.0) {07/20/20 14:24:43}
07/20/20 14:24:47 Number of idle job procs: 0
07/20/20 14:26:17 Currently monitoring 1 HTCondor log file(s)
07/20/20 14:26:17 Event: ULOG_JOB_TERMINATED for HTCondor Node print_nums1_py_ID0000001 (97.0.0) {07/20/20 14:26:14}
07/20/20 14:26:17 Number of idle job procs: 0
07/20/20 14:26:17 Node print_nums1_py_ID0000001 job proc (97.0.0) failed with status 14.
07/20/20 14:26:17 Node print_nums1_py_ID0000001 job completed
07/20/20 14:26:17 Running POST script of Node print_nums1_py_ID0000001...
07/20/20 14:26:17 Warning: mysin has length 0 (ignore if produced by DAGMan; see gittrac #4987, #5031)
07/20/20 14:26:17 DAG status: 0 (DAG_STATUS_OK)
07/20/20 14:26:17 Of 9 nodes total:
07/20/20 14:26:17  Done     Pre   Queued    Post   Ready   Un-Ready   Failed
07/20/20 14:26:17   ===     ===      ===     ===     ===        ===      ===
07/20/20 14:26:17     3       0        0       1       0          5        0
07/20/20 14:26:17 0 job proc(s) currently held
07/20/20 14:26:17 DAGMan Runtime Statistics: [ EventCycleTimeStd = 0.02357988042588032; EventCycleTimeMax = 0.1069691181182861; SubmitCycleTimeMin = 0.0003418922424316406; SubmitCycleTimeAvg = 0.006967976689338684; SleepCycleTimeCount = 47.0; SubmitCycleTimeCount = 48.0; SubmitCycleTimeMax = 0.09978699684143066; SleepCycleTimeMin = 4.214483976364136; SubmitCycleTimeSum = 0.3344628810882568; LogProcessCycleTimeStd = 0.01054967461845519; SubmitCycleTimeStd = 0.02144782064225585; LogProcessCycleTimeAvg = 0.01261485947502984; EventCycleTimeMin = 0.0008690357208251953; LogProcessCycleTimeMax = 0.03869104385375977; LogProcessCycleTimeMin = 0.003875970840454102; LogProcessCycleTimeSum = 0.1135337352752686; LogProcessCycleTimeCount = 9.0; EventCycleTimeSum = 0.5357825756072998; SleepCycleTimeSum = 234.7706563472748; SleepCycleTimeAvg = 4.995120347814357; SleepCycleTimeStd = 0.127109827932157; SleepCycleTimeMax = 5.261152029037476; EventCycleTimeCount = 47.0; EventCycleTimeAvg = 0.01139962926824042; ]
07/20/20 14:26:17 Initializing user log writer for /home/scitech/shared-data/Workflow5/scitech/pegasus/checkpoint-wf/run0007/./checkpoint-wf-0.dag.nodes.log, (97.0.0)
07/20/20 14:26:22 Currently monitoring 1 HTCondor log file(s)
07/20/20 14:26:22 Event: ULOG_POST_SCRIPT_TERMINATED for HTCondor Node print_nums1_py_ID0000001 (97.0.0) {07/20/20 14:26:17}
07/20/20 14:26:22 POST Script of node print_nums1_py_ID0000001 failed with status 1
07/20/20 14:26:22 POST for Node print_nums1_py_ID0000001 returned 1
07/20/20 14:26:22 Retrying node print_nums1_py_ID0000001 (retry #2 of 5)...
07/20/20 14:26:22 DAG status: 0 (DAG_STATUS_OK)
07/20/20 14:26:22 Of 9 nodes total:
07/20/20 14:26:22  Done     Pre   Queued    Post   Ready   Un-Ready   Failed
07/20/20 14:26:22   ===     ===      ===     ===     ===        ===      ===
07/20/20 14:26:22     3       0        0       0       1          5        0
07/20/20 14:26:22 0 job proc(s) currently held
07/20/20 14:26:22 DAGMan Runtime Statistics: [ EventCycleTimeStd = 0.02337422487203094; EventCycleTimeMax = 0.1069691181182861; SubmitCycleTimeMin = 0.0003418922424316406; SubmitCycleTimeAvg = 0.006842262890874123; SleepCycleTimeCount = 48.0; SubmitCycleTimeCount = 49.0; SubmitCycleTimeMax = 0.09978699684143066; SleepCycleTimeMin = 4.214483976364136; SubmitCycleTimeSum = 0.335270881652832; LogProcessCycleTimeStd = 0.01019888624938677; SubmitCycleTimeStd = 0.02124146612763594; LogProcessCycleTimeAvg = 0.01190156936645508; EventCycleTimeMin = 0.0008690357208251953; LogProcessCycleTimeMax = 0.03869104385375977; LogProcessCycleTimeMin = 0.003875970840454102; LogProcessCycleTimeSum = 0.1190156936645508; LogProcessCycleTimeCount = 10.0; EventCycleTimeSum = 0.5573966503143311; SleepCycleTimeSum = 239.9945523738861; SleepCycleTimeAvg = 4.999886507789294; SleepCycleTimeStd = 0.1300135601884154; SleepCycleTimeMax = 5.261152029037476; EventCycleTimeCount = 48.0; EventCycleTimeAvg = 0.0116124302148819; ]
07/20/20 14:26:27 Reassigning the id of job print_nums1_py_ID0000001 from (97.0.0) to (-1.-1.-1)
07/20/20 14:26:27 Submitting HTCondor Node print_nums1_py_ID0000001 job(s)...
07/20/20 14:26:27 Adding a DAGMan workflow log /home/scitech/shared-data/Workflow5/scitech/pegasus/checkpoint-wf/run0007/./checkpoint-wf-0.dag.nodes.log
07/20/20 14:26:27 Masking the events recorded in the DAGMAN workflow log
07/20/20 14:26:27 Mask for workflow log is 0,1,2,4,5,7,9,10,11,12,13,16,17,24,27,35,36
07/20/20 14:26:27 submitting: /usr/bin/condor_submit -a dag_node_name' '=' 'print_nums1_py_ID0000001 -a +DAGManJobId' '=' '92 -a DAGManJobId' '=' '92 -batch-name checkpoint-wf-0.dag+92 -a submit_event_notes' '=' 'DAG' 'Node:' 'print_nums1_py_ID0000001 -a dagman_log' '=' '/home/scitech/shared-data/Workflow5/scitech/pegasus/checkpoint-wf/run0007/./checkpoint-wf-0.dag.nodes.log -a +DAGManNodesMask' '=' '"0,1,2,4,5,7,9,10,11,12,13,16,17,24,27,35,36" -a priority=20 -a +DAGNodeRetry' '=' '2 -a DAG_STATUS' '=' '0 -a FAILED_COUNT' '=' '0 -a +KeepClaimIdle' '=' '20 -a notification' '=' 'never -a +DAGParentNodeNames' '=' '"stage_in_remote_local_0_0,stage_in_local_local_0_0" 00/00/print_nums1_py_ID0000001.sub
07/20/20 14:26:27 From submit: Submitting job(s).
07/20/20 14:26:27 From submit: 1 job(s) submitted to cluster 98.
07/20/20 14:26:27 	assigned HTCondor ID (98.0.0)
07/20/20 14:26:27 Just submitted 1 job this cycle...
07/20/20 14:26:27 DAG status: 0 (DAG_STATUS_OK)
07/20/20 14:26:27 Of 9 nodes total:
07/20/20 14:26:27  Done     Pre   Queued    Post   Ready   Un-Ready   Failed
07/20/20 14:26:27   ===     ===      ===     ===     ===        ===      ===
07/20/20 14:26:27     3       0        1       0       0          5        0
07/20/20 14:26:27 0 job proc(s) currently held
07/20/20 14:26:27 DAGMan Runtime Statistics: [ EventCycleTimeStd = 0.02312949831599527; EventCycleTimeMax = 0.1069691181182861; SubmitCycleTimeMin = 0.0003418922424316406; SubmitCycleTimeAvg = 0.007967319488525391; SleepCycleTimeCount = 49.0; SubmitCycleTimeCount = 50.0; SubmitCycleTimeMax = 0.09978699684143066; SleepCycleTimeMin = 4.214483976364136; SubmitCycleTimeSum = 0.3983659744262695; LogProcessCycleTimeStd = 0.01019888624938677; SubmitCycleTimeStd = 0.02247841942318795; LogProcessCycleTimeAvg = 0.01190156936645508; EventCycleTimeMin = 0.0008690357208251953; LogProcessCycleTimeMax = 0.03869104385375977; LogProcessCycleTimeMin = 0.003875970840454102; LogProcessCycleTimeSum = 0.1190156936645508; LogProcessCycleTimeCount = 10.0; EventCycleTimeSum = 0.5692965984344482; SleepCycleTimeSum = 245.0000143051147; SleepCycleTimeAvg = 5.000000291941118; SleepCycleTimeStd = 0.1286545896558101; SleepCycleTimeMax = 5.261152029037476; EventCycleTimeCount = 49.0; EventCycleTimeAvg = 0.01161829792723364; ]
07/20/20 14:26:32 Currently monitoring 1 HTCondor log file(s)
07/20/20 14:26:32 Reassigning the id of job print_nums1_py_ID0000001 from (98.0.0) to (98.0.0)
07/20/20 14:26:32 Event: ULOG_SUBMIT for HTCondor Node print_nums1_py_ID0000001 (98.0.0) {07/20/20 14:26:27}
07/20/20 14:26:32 Number of idle job procs: 1
07/20/20 14:26:32 Event: ULOG_EXECUTE for HTCondor Node print_nums1_py_ID0000001 (98.0.0) {07/20/20 14:26:29}
07/20/20 14:26:32 Number of idle job procs: 0
07/20/20 14:27:32 Currently monitoring 1 HTCondor log file(s)
07/20/20 14:27:32 Event: ULOG_JOB_TERMINATED for HTCondor Node print_nums1_py_ID0000001 (98.0.0) {07/20/20 14:27:29}
07/20/20 14:27:32 Number of idle job procs: 0
07/20/20 14:27:32 Node print_nums1_py_ID0000001 job proc (98.0.0) completed successfully.
07/20/20 14:27:32 Node print_nums1_py_ID0000001 job completed
07/20/20 14:27:32 Running POST script of Node print_nums1_py_ID0000001...
07/20/20 14:27:32 Warning: mysin has length 0 (ignore if produced by DAGMan; see gittrac #4987, #5031)
07/20/20 14:27:32 DAG status: 0 (DAG_STATUS_OK)
07/20/20 14:27:32 Of 9 nodes total:
07/20/20 14:27:32  Done     Pre   Queued    Post   Ready   Un-Ready   Failed
07/20/20 14:27:32   ===     ===      ===     ===     ===        ===      ===
07/20/20 14:27:32     3       0        0       1       0          5        0
07/20/20 14:27:32 0 job proc(s) currently held
07/20/20 14:27:32 DAGMan Runtime Statistics: [ EventCycleTimeStd = 0.02222338883876743; EventCycleTimeMax = 0.1069691181182861; SubmitCycleTimeMin = 0.0003080368041992188; SubmitCycleTimeAvg = 0.006432586246066623; SleepCycleTimeCount = 62.0; SubmitCycleTimeCount = 63.0; SubmitCycleTimeMax = 0.09978699684143066; SleepCycleTimeMin = 4.214483976364136; SubmitCycleTimeSum = 0.4052529335021973; LogProcessCycleTimeStd = 0.009361494346699016; SubmitCycleTimeStd = 0.02021257153398493; LogProcessCycleTimeAvg = 0.01143723726272583; EventCycleTimeMin = 0.0007779598236083984; LogProcessCycleTimeMax = 0.03869104385375977; LogProcessCycleTimeMin = 0.003875970840454102; LogProcessCycleTimeSum = 0.13724684715271; LogProcessCycleTimeCount = 12.0; EventCycleTimeSum = 0.661776065826416; SleepCycleTimeSum = 309.9838130474091; SleepCycleTimeAvg = 4.999738920119501; SleepCycleTimeStd = 0.1143392530849676; SleepCycleTimeMax = 5.261152029037476; EventCycleTimeCount = 62.0; EventCycleTimeAvg = 0.01067380751332929; ]
07/20/20 14:27:32 Initializing user log writer for /home/scitech/shared-data/Workflow5/scitech/pegasus/checkpoint-wf/run0007/./checkpoint-wf-0.dag.nodes.log, (98.0.0)
07/20/20 14:27:37 Currently monitoring 1 HTCondor log file(s)
07/20/20 14:27:37 Event: ULOG_POST_SCRIPT_TERMINATED for HTCondor Node print_nums1_py_ID0000001 (98.0.0) {07/20/20 14:27:32}
07/20/20 14:27:37 POST Script of node print_nums1_py_ID0000001 completed successfully.
07/20/20 14:27:37 DAG status: 0 (DAG_STATUS_OK)
07/20/20 14:27:37 Of 9 nodes total:
07/20/20 14:27:37  Done     Pre   Queued    Post   Ready   Un-Ready   Failed
07/20/20 14:27:37   ===     ===      ===     ===     ===        ===      ===
07/20/20 14:27:37     4       0        0       0       2          3        0
07/20/20 14:27:37 0 job proc(s) currently held
07/20/20 14:27:37 DAGMan Runtime Statistics: [ EventCycleTimeStd = 0.02214649433011039; EventCycleTimeMax = 0.1069691181182861; SubmitCycleTimeMin = 0.0003080368041992188; SubmitCycleTimeAvg = 0.006339188665151596; SleepCycleTimeCount = 63.0; SubmitCycleTimeCount = 64.0; SubmitCycleTimeMax = 0.09978699684143066; SleepCycleTimeMin = 4.214483976364136; SubmitCycleTimeSum = 0.4057080745697021; LogProcessCycleTimeStd = 0.009168587290678411; SubmitCycleTimeStd = 0.02006542890857639; LogProcessCycleTimeAvg = 0.01090168952941895; EventCycleTimeMin = 0.0007779598236083984; LogProcessCycleTimeMax = 0.03869104385375977; LogProcessCycleTimeMin = 0.003875970840454102; LogProcessCycleTimeSum = 0.1417219638824463; LogProcessCycleTimeCount = 13.0; EventCycleTimeSum = 0.6893880367279053; SleepCycleTimeSum = 315.2327768802643; SleepCycleTimeAvg = 5.003694871115306; SleepCycleTimeStd = 0.1176797518790988; SleepCycleTimeMax = 5.261152029037476; EventCycleTimeCount = 63.0; EventCycleTimeAvg = 0.01094266724964929; ]
07/20/20 14:27:42 Submitting HTCondor Node clean_up_local_level_3_0 job(s)...
07/20/20 14:27:42 Adding a DAGMan workflow log /home/scitech/shared-data/Workflow5/scitech/pegasus/checkpoint-wf/run0007/./checkpoint-wf-0.dag.nodes.log
07/20/20 14:27:42 Masking the events recorded in the DAGMAN workflow log
07/20/20 14:27:42 Mask for workflow log is 0,1,2,4,5,7,9,10,11,12,13,16,17,24,27,35,36
07/20/20 14:27:42 submitting: /usr/bin/condor_submit -a dag_node_name' '=' 'clean_up_local_level_3_0 -a +DAGManJobId' '=' '92 -a DAGManJobId' '=' '92 -batch-name checkpoint-wf-0.dag+92 -a submit_event_notes' '=' 'DAG' 'Node:' 'clean_up_local_level_3_0 -a dagman_log' '=' '/home/scitech/shared-data/Workflow5/scitech/pegasus/checkpoint-wf/run0007/./checkpoint-wf-0.dag.nodes.log -a +DAGManNodesMask' '=' '"0,1,2,4,5,7,9,10,11,12,13,16,17,24,27,35,36" -a priority=1000 -a +DAGNodeRetry' '=' '0 -a DAG_STATUS' '=' '0 -a FAILED_COUNT' '=' '0 -a +KeepClaimIdle' '=' '20 -a notification' '=' 'never -a +DAGParentNodeNames' '=' '"print_nums1_py_ID0000001" 00/00/clean_up_local_level_3_0.sub
07/20/20 14:27:43 From submit: Submitting job(s).
07/20/20 14:27:43 From submit: 1 job(s) submitted to cluster 99.
07/20/20 14:27:43 	assigned HTCondor ID (99.0.0)
07/20/20 14:27:43 Submitting HTCondor Node stage_out_local_local_0_0 job(s)...
07/20/20 14:27:43 Adding a DAGMan workflow log /home/scitech/shared-data/Workflow5/scitech/pegasus/checkpoint-wf/run0007/./checkpoint-wf-0.dag.nodes.log
07/20/20 14:27:43 Masking the events recorded in the DAGMAN workflow log
07/20/20 14:27:43 Mask for workflow log is 0,1,2,4,5,7,9,10,11,12,13,16,17,24,27,35,36
07/20/20 14:27:43 submitting: /usr/bin/condor_submit -a dag_node_name' '=' 'stage_out_local_local_0_0 -a +DAGManJobId' '=' '92 -a DAGManJobId' '=' '92 -batch-name checkpoint-wf-0.dag+92 -a submit_event_notes' '=' 'DAG' 'Node:' 'stage_out_local_local_0_0 -a dagman_log' '=' '/home/scitech/shared-data/Workflow5/scitech/pegasus/checkpoint-wf/run0007/./checkpoint-wf-0.dag.nodes.log -a +DAGManNodesMask' '=' '"0,1,2,4,5,7,9,10,11,12,13,16,17,24,27,35,36" -a priority=900 -a +DAGNodeRetry' '=' '0 -a DAG_STATUS' '=' '0 -a FAILED_COUNT' '=' '0 -a +KeepClaimIdle' '=' '20 -a notification' '=' 'never -a +DAGParentNodeNames' '=' '"print_nums1_py_ID0000001" 00/00/stage_out_local_local_0_0.sub
07/20/20 14:27:43 From submit: Submitting job(s).
07/20/20 14:27:43 From submit: 1 job(s) submitted to cluster 100.
07/20/20 14:27:43 	assigned HTCondor ID (100.0.0)
07/20/20 14:27:43 Just submitted 2 jobs this cycle...
07/20/20 14:27:43 DAG status: 0 (DAG_STATUS_OK)
07/20/20 14:27:43 Of 9 nodes total:
07/20/20 14:27:43  Done     Pre   Queued    Post   Ready   Un-Ready   Failed
07/20/20 14:27:43   ===     ===      ===     ===     ===        ===      ===
07/20/20 14:27:43     4       0        2       0       0          3        0
07/20/20 14:27:43 0 job proc(s) currently held
07/20/20 14:27:43 DAGMan Runtime Statistics: [ EventCycleTimeStd = 0.0219700329520739; EventCycleTimeMax = 0.1069691181182861; SubmitCycleTimeMin = 0.0003080368041992188; SubmitCycleTimeAvg = 0.007847019342275767; SleepCycleTimeCount = 64.0; SubmitCycleTimeCount = 65.0; SubmitCycleTimeMax = 0.1043481826782227; SleepCycleTimeMin = 4.214483976364136; SubmitCycleTimeSum = 0.5100562572479248; LogProcessCycleTimeStd = 0.009168587290678411; SubmitCycleTimeStd = 0.02332619654239714; LogProcessCycleTimeAvg = 0.01090168952941895; EventCycleTimeMin = 0.0007779598236083984; LogProcessCycleTimeMax = 0.03869104385375977; LogProcessCycleTimeMin = 0.003875970840454102; LogProcessCycleTimeSum = 0.1417219638824463; LogProcessCycleTimeCount = 13.0; EventCycleTimeSum = 0.7004761695861816; SleepCycleTimeSum = 320.2404878139496; SleepCycleTimeAvg = 5.003757622092962; SleepCycleTimeStd = 0.1167431290178309; SleepCycleTimeMax = 5.261152029037476; EventCycleTimeCount = 64.0; EventCycleTimeAvg = 0.01094494014978409; ]
07/20/20 14:27:48 Currently monitoring 1 HTCondor log file(s)
07/20/20 14:27:48 Reassigning the id of job clean_up_local_level_3_0 from (99.0.0) to (99.0.0)
07/20/20 14:27:48 Event: ULOG_SUBMIT for HTCondor Node clean_up_local_level_3_0 (99.0.0) {07/20/20 14:27:43}
07/20/20 14:27:48 Number of idle job procs: 1
07/20/20 14:27:48 Event: ULOG_EXECUTE for HTCondor Node clean_up_local_level_3_0 (99.0.0) {07/20/20 14:27:43}
07/20/20 14:27:48 Number of idle job procs: 0
07/20/20 14:27:48 Reassigning the id of job stage_out_local_local_0_0 from (100.0.0) to (100.0.0)
07/20/20 14:27:48 Event: ULOG_SUBMIT for HTCondor Node stage_out_local_local_0_0 (100.0.0) {07/20/20 14:27:43}
07/20/20 14:27:48 Number of idle job procs: 1
07/20/20 14:27:48 Event: ULOG_JOB_TERMINATED for HTCondor Node clean_up_local_level_3_0 (99.0.0) {07/20/20 14:27:45}
07/20/20 14:27:48 Number of idle job procs: 1
07/20/20 14:27:48 Node clean_up_local_level_3_0 job proc (99.0.0) completed successfully.
07/20/20 14:27:48 Node clean_up_local_level_3_0 job completed
07/20/20 14:27:48 Running POST script of Node clean_up_local_level_3_0...
07/20/20 14:27:48 Warning: mysin has length 0 (ignore if produced by DAGMan; see gittrac #4987, #5031)
07/20/20 14:27:48 Event: ULOG_EXECUTE for HTCondor Node stage_out_local_local_0_0 (100.0.0) {07/20/20 14:27:45}
07/20/20 14:27:48 Number of idle job procs: 0
07/20/20 14:27:48 DAG status: 0 (DAG_STATUS_OK)
07/20/20 14:27:48 Of 9 nodes total:
07/20/20 14:27:48  Done     Pre   Queued    Post   Ready   Un-Ready   Failed
07/20/20 14:27:48   ===     ===      ===     ===     ===        ===      ===
07/20/20 14:27:48     4       0        1       1       0          3        0
07/20/20 14:27:48 0 job proc(s) currently held
07/20/20 14:27:48 DAGMan Runtime Statistics: [ EventCycleTimeStd = 0.02498508724060244; EventCycleTimeMax = 0.1093950271606445; SubmitCycleTimeMin = 0.0002899169921875; SubmitCycleTimeAvg = 0.007732517791516853; SleepCycleTimeCount = 65.0; SubmitCycleTimeCount = 66.0; SubmitCycleTimeMax = 0.1043481826782227; SleepCycleTimeMin = 4.214483976364136; SubmitCycleTimeSum = 0.5103461742401123; LogProcessCycleTimeStd = 0.009353835482625653; SubmitCycleTimeStd = 0.02316475339309934; LogProcessCycleTimeAvg = 0.01174250670841762; EventCycleTimeMin = 0.0007779598236083984; LogProcessCycleTimeMax = 0.03869104385375977; LogProcessCycleTimeMin = 0.003875970840454102; LogProcessCycleTimeSum = 0.1643950939178467; LogProcessCycleTimeCount = 14.0; EventCycleTimeSum = 0.8098711967468262; SleepCycleTimeSum = 325.2459769248962; SleepCycleTimeAvg = 5.003784260383019; SleepCycleTimeStd = 0.1158276816021432; SleepCycleTimeMax = 5.261152029037476; EventCycleTimeCount = 65.0; EventCycleTimeAvg = 0.01245955687302809; ]
07/20/20 14:27:48 Initializing user log writer for /home/scitech/shared-data/Workflow5/scitech/pegasus/checkpoint-wf/run0007/./checkpoint-wf-0.dag.nodes.log, (99.0.0)
07/20/20 14:27:53 Currently monitoring 1 HTCondor log file(s)
07/20/20 14:27:53 Event: ULOG_POST_SCRIPT_TERMINATED for HTCondor Node clean_up_local_level_3_0 (99.0.0) {07/20/20 14:27:48}
07/20/20 14:27:53 POST Script of node clean_up_local_level_3_0 completed successfully.
07/20/20 14:27:53 Event: ULOG_JOB_TERMINATED for HTCondor Node stage_out_local_local_0_0 (100.0.0) {07/20/20 14:27:49}
07/20/20 14:27:53 Number of idle job procs: 0
07/20/20 14:27:53 Node stage_out_local_local_0_0 job proc (100.0.0) completed successfully.
07/20/20 14:27:53 Node stage_out_local_local_0_0 job completed
07/20/20 14:27:53 Running POST script of Node stage_out_local_local_0_0...
07/20/20 14:27:53 Warning: mysin has length 0 (ignore if produced by DAGMan; see gittrac #4987, #5031)
07/20/20 14:27:53 DAG status: 0 (DAG_STATUS_OK)
07/20/20 14:27:53 Of 9 nodes total:
07/20/20 14:27:53  Done     Pre   Queued    Post   Ready   Un-Ready   Failed
07/20/20 14:27:53   ===     ===      ===     ===     ===        ===      ===
07/20/20 14:27:53     5       0        0       1       0          3        0
07/20/20 14:27:53 0 job proc(s) currently held
07/20/20 14:27:53 DAGMan Runtime Statistics: [ EventCycleTimeStd = 0.02487379368269561; EventCycleTimeMax = 0.1093950271606445; SubmitCycleTimeMin = 0.0002899169921875; SubmitCycleTimeAvg = 0.007627914200967817; SleepCycleTimeCount = 66.0; SubmitCycleTimeCount = 67.0; SubmitCycleTimeMax = 0.1043481826782227; SleepCycleTimeMin = 4.214483976364136; SubmitCycleTimeSum = 0.5110702514648438; LogProcessCycleTimeStd = 0.009079869703333573; SubmitCycleTimeStd = 0.02300453252959166; LogProcessCycleTimeAvg = 0.01202527681986491; EventCycleTimeMin = 0.0007779598236083984; LogProcessCycleTimeMax = 0.03869104385375977; LogProcessCycleTimeMin = 0.003875970840454102; LogProcessCycleTimeSum = 0.1803791522979736; LogProcessCycleTimeCount = 15.0; EventCycleTimeSum = 0.8386900424957275; SleepCycleTimeSum = 330.507513999939; SleepCycleTimeAvg = 5.007689606059682; SleepCycleTimeStd = 0.1192319792186232; SleepCycleTimeMax = 5.261537075042725; EventCycleTimeCount = 66.0; EventCycleTimeAvg = 0.0127074248862989; ]
07/20/20 14:27:53 Initializing user log writer for /home/scitech/shared-data/Workflow5/scitech/pegasus/checkpoint-wf/run0007/./checkpoint-wf-0.dag.nodes.log, (100.0.0)
07/20/20 14:27:58 Currently monitoring 1 HTCondor log file(s)
07/20/20 14:27:58 Event: ULOG_POST_SCRIPT_TERMINATED for HTCondor Node stage_out_local_local_0_0 (100.0.0) {07/20/20 14:27:53}
07/20/20 14:27:58 POST Script of node stage_out_local_local_0_0 completed successfully.
07/20/20 14:27:58 DAG status: 0 (DAG_STATUS_OK)
07/20/20 14:27:58 Of 9 nodes total:
07/20/20 14:27:58  Done     Pre   Queued    Post   Ready   Un-Ready   Failed
07/20/20 14:27:58   ===     ===      ===     ===     ===        ===      ===
07/20/20 14:27:58     6       0        0       0       2          1        0
07/20/20 14:27:58 0 job proc(s) currently held
07/20/20 14:27:58 DAGMan Runtime Statistics: [ EventCycleTimeStd = 0.02472083634823775; EventCycleTimeMax = 0.1093950271606445; SubmitCycleTimeMin = 0.0002899169921875; SubmitCycleTimeAvg = 0.007524784873513614; SleepCycleTimeCount = 67.0; SubmitCycleTimeCount = 68.0; SubmitCycleTimeMax = 0.1043481826782227; SleepCycleTimeMin = 4.214483976364136; SubmitCycleTimeSum = 0.5116853713989258; LogProcessCycleTimeStd = 0.008962332933084141; SubmitCycleTimeStd = 0.02284804383488195; LogProcessCycleTimeAvg = 0.01156595349311829; EventCycleTimeMin = 0.0007779598236083984; LogProcessCycleTimeMax = 0.03869104385375977; LogProcessCycleTimeMin = 0.003875970840454102; LogProcessCycleTimeSum = 0.1850552558898926; LogProcessCycleTimeCount = 16.0; EventCycleTimeSum = 0.8623440265655518; SleepCycleTimeSum = 335.7174980640411; SleepCycleTimeAvg = 5.010708926328972; SleepCycleTimeStd = 0.1208786940422977; SleepCycleTimeMax = 5.261537075042725; EventCycleTimeCount = 67.0; EventCycleTimeAvg = 0.01287080636665003; ]
07/20/20 14:28:03 Submitting HTCondor Node clean_up_local_level_4_0 job(s)...
07/20/20 14:28:03 Adding a DAGMan workflow log /home/scitech/shared-data/Workflow5/scitech/pegasus/checkpoint-wf/run0007/./checkpoint-wf-0.dag.nodes.log
07/20/20 14:28:03 Masking the events recorded in the DAGMAN workflow log
07/20/20 14:28:03 Mask for workflow log is 0,1,2,4,5,7,9,10,11,12,13,16,17,24,27,35,36
07/20/20 14:28:03 submitting: /usr/bin/condor_submit -a dag_node_name' '=' 'clean_up_local_level_4_0 -a +DAGManJobId' '=' '92 -a DAGManJobId' '=' '92 -batch-name checkpoint-wf-0.dag+92 -a submit_event_notes' '=' 'DAG' 'Node:' 'clean_up_local_level_4_0 -a dagman_log' '=' '/home/scitech/shared-data/Workflow5/scitech/pegasus/checkpoint-wf/run0007/./checkpoint-wf-0.dag.nodes.log -a +DAGManNodesMask' '=' '"0,1,2,4,5,7,9,10,11,12,13,16,17,24,27,35,36" -a priority=1000 -a +DAGNodeRetry' '=' '0 -a DAG_STATUS' '=' '0 -a FAILED_COUNT' '=' '0 -a +KeepClaimIdle' '=' '20 -a notification' '=' 'never -a +DAGParentNodeNames' '=' '"stage_out_local_local_0_0" 00/00/clean_up_local_level_4_0.sub
07/20/20 14:28:03 From submit: Submitting job(s).
07/20/20 14:28:03 From submit: 1 job(s) submitted to cluster 101.
07/20/20 14:28:03 	assigned HTCondor ID (101.0.0)
07/20/20 14:28:03 Submitting HTCondor Node register_local_0_0 job(s)...
07/20/20 14:28:03 Adding a DAGMan workflow log /home/scitech/shared-data/Workflow5/scitech/pegasus/checkpoint-wf/run0007/./checkpoint-wf-0.dag.nodes.log
07/20/20 14:28:03 Masking the events recorded in the DAGMAN workflow log
07/20/20 14:28:03 Mask for workflow log is 0,1,2,4,5,7,9,10,11,12,13,16,17,24,27,35,36
07/20/20 14:28:03 submitting: /usr/bin/condor_submit -a dag_node_name' '=' 'register_local_0_0 -a +DAGManJobId' '=' '92 -a DAGManJobId' '=' '92 -batch-name checkpoint-wf-0.dag+92 -a submit_event_notes' '=' 'DAG' 'Node:' 'register_local_0_0 -a dagman_log' '=' '/home/scitech/shared-data/Workflow5/scitech/pegasus/checkpoint-wf/run0007/./checkpoint-wf-0.dag.nodes.log -a +DAGManNodesMask' '=' '"0,1,2,4,5,7,9,10,11,12,13,16,17,24,27,35,36" -a priority=40 -a +DAGNodeRetry' '=' '0 -a DAG_STATUS' '=' '0 -a FAILED_COUNT' '=' '0 -a notification' '=' 'never -a +DAGParentNodeNames' '=' '"stage_out_local_local_0_0" 00/00/register_local_0_0.sub
07/20/20 14:28:03 From submit: Submitting job(s).
07/20/20 14:28:03 From submit: 1 job(s) submitted to cluster 102.
07/20/20 14:28:03 	assigned HTCondor ID (102.0.0)
07/20/20 14:28:03 Just submitted 2 jobs this cycle...
07/20/20 14:28:03 DAG status: 0 (DAG_STATUS_OK)
07/20/20 14:28:03 Of 9 nodes total:
07/20/20 14:28:03  Done     Pre   Queued    Post   Ready   Un-Ready   Failed
07/20/20 14:28:03   ===     ===      ===     ===     ===        ===      ===
07/20/20 14:28:03     6       0        2       0       0          1        0
07/20/20 14:28:03 0 job proc(s) currently held
07/20/20 14:28:03 DAGMan Runtime Statistics: [ EventCycleTimeStd = 0.02453605045291095; EventCycleTimeMax = 0.1093950271606445; SubmitCycleTimeMin = 0.0002899169921875; SubmitCycleTimeAvg = 0.008788018986798716; SleepCycleTimeCount = 68.0; SubmitCycleTimeCount = 69.0; SubmitCycleTimeMax = 0.1043481826782227; SleepCycleTimeMin = 4.214483976364136; SubmitCycleTimeSum = 0.6063733100891113; LogProcessCycleTimeStd = 0.008962332933084141; SubmitCycleTimeStd = 0.02498927007630184; LogProcessCycleTimeAvg = 0.01156595349311829; EventCycleTimeMin = 0.0007779598236083984; LogProcessCycleTimeMax = 0.03869104385375977; LogProcessCycleTimeMin = 0.003875970840454102; LogProcessCycleTimeSum = 0.1850552558898926; LogProcessCycleTimeCount = 16.0; EventCycleTimeSum = 0.8740718364715576; SleepCycleTimeSum = 340.7230362892151; SleepCycleTimeAvg = 5.010632886606104; SleepCycleTimeStd = 0.1199748615095793; SleepCycleTimeMax = 5.261537075042725; EventCycleTimeCount = 68.0; EventCycleTimeAvg = 0.01285399759516996; ]
07/20/20 14:28:08 Currently monitoring 1 HTCondor log file(s)
07/20/20 14:28:08 Reassigning the id of job clean_up_local_level_4_0 from (101.0.0) to (101.0.0)
07/20/20 14:28:08 Event: ULOG_SUBMIT for HTCondor Node clean_up_local_level_4_0 (101.0.0) {07/20/20 14:28:03}
07/20/20 14:28:08 Number of idle job procs: 1
07/20/20 14:28:08 Reassigning the id of job register_local_0_0 from (102.0.0) to (102.0.0)
07/20/20 14:28:08 Event: ULOG_SUBMIT for HTCondor Node register_local_0_0 (102.0.0) {07/20/20 14:28:03}
07/20/20 14:28:08 Number of idle job procs: 2
07/20/20 14:28:08 Event: ULOG_EXECUTE for HTCondor Node register_local_0_0 (102.0.0) {07/20/20 14:28:05}
07/20/20 14:28:08 Number of idle job procs: 1
07/20/20 14:28:08 Event: ULOG_EXECUTE for HTCondor Node clean_up_local_level_4_0 (101.0.0) {07/20/20 14:28:05}
07/20/20 14:28:08 Number of idle job procs: 0
07/20/20 14:28:08 Event: ULOG_JOB_TERMINATED for HTCondor Node register_local_0_0 (102.0.0) {07/20/20 14:28:08}
07/20/20 14:28:08 Number of idle job procs: 0
07/20/20 14:28:08 Node register_local_0_0 job proc (102.0.0) completed successfully.
07/20/20 14:28:08 Node register_local_0_0 job completed
07/20/20 14:28:08 Running POST script of Node register_local_0_0...
07/20/20 14:28:08 Warning: mysin has length 0 (ignore if produced by DAGMan; see gittrac #4987, #5031)
07/20/20 14:28:08 DAG status: 0 (DAG_STATUS_OK)
07/20/20 14:28:08 Of 9 nodes total:
07/20/20 14:28:08  Done     Pre   Queued    Post   Ready   Un-Ready   Failed
07/20/20 14:28:08   ===     ===      ===     ===     ===        ===      ===
07/20/20 14:28:08     6       0        1       1       0          1        0
07/20/20 14:28:08 0 job proc(s) currently held
07/20/20 14:28:08 DAGMan Runtime Statistics: [ EventCycleTimeStd = 0.02655717940142082; EventCycleTimeMax = 0.1093950271606445; SubmitCycleTimeMin = 0.0002899169921875; SubmitCycleTimeAvg = 0.008673862048557827; SleepCycleTimeCount = 69.0; SubmitCycleTimeCount = 70.0; SubmitCycleTimeMax = 0.1043481826782227; SleepCycleTimeMin = 4.214483976364136; SubmitCycleTimeSum = 0.6071703433990479; LogProcessCycleTimeStd = 0.008872265841731326; SubmitCycleTimeStd = 0.02482590679167063; LogProcessCycleTimeAvg = 0.01201408049639534; EventCycleTimeMin = 0.0007779598236083984; LogProcessCycleTimeMax = 0.03869104385375977; LogProcessCycleTimeMin = 0.003875970840454102; LogProcessCycleTimeSum = 0.2042393684387207; LogProcessCycleTimeCount = 17.0; EventCycleTimeSum = 0.974881649017334; SleepCycleTimeSum = 345.7280743122101; SleepCycleTimeAvg = 5.010551801626233; SleepCycleTimeStd = 0.1190913307615303; SleepCycleTimeMax = 5.261537075042725; EventCycleTimeCount = 69.0; EventCycleTimeAvg = 0.01412871955097585; ]
07/20/20 14:28:09 Initializing user log writer for /home/scitech/shared-data/Workflow5/scitech/pegasus/checkpoint-wf/run0007/./checkpoint-wf-0.dag.nodes.log, (102.0.0)
07/20/20 14:28:13 Currently monitoring 1 HTCondor log file(s)
07/20/20 14:28:13 Event: ULOG_POST_SCRIPT_TERMINATED for HTCondor Node register_local_0_0 (102.0.0) {07/20/20 14:28:09}
07/20/20 14:28:13 POST Script of node register_local_0_0 completed successfully.
07/20/20 14:28:13 Event: ULOG_JOB_TERMINATED for HTCondor Node clean_up_local_level_4_0 (101.0.0) {07/20/20 14:28:10}
07/20/20 14:28:13 Number of idle job procs: 0
07/20/20 14:28:13 Node clean_up_local_level_4_0 job proc (101.0.0) completed successfully.
07/20/20 14:28:13 Node clean_up_local_level_4_0 job completed
07/20/20 14:28:13 Running POST script of Node clean_up_local_level_4_0...
07/20/20 14:28:13 Warning: mysin has length 0 (ignore if produced by DAGMan; see gittrac #4987, #5031)
07/20/20 14:28:13 DAG status: 0 (DAG_STATUS_OK)
07/20/20 14:28:13 Of 9 nodes total:
07/20/20 14:28:13  Done     Pre   Queued    Post   Ready   Un-Ready   Failed
07/20/20 14:28:13   ===     ===      ===     ===     ===        ===      ===
07/20/20 14:28:13     7       0        0       1       0          1        0
07/20/20 14:28:13 0 job proc(s) currently held
07/20/20 14:28:13 DAGMan Runtime Statistics: [ EventCycleTimeStd = 0.02640340580463131; EventCycleTimeMax = 0.1093950271606445; SubmitCycleTimeMin = 0.0002899169921875; SubmitCycleTimeAvg = 0.008557611787822885; SleepCycleTimeCount = 70.0; SubmitCycleTimeCount = 71.0; SubmitCycleTimeMax = 0.1043481826782227; SleepCycleTimeMin = 4.214483976364136; SubmitCycleTimeSum = 0.6075904369354248; LogProcessCycleTimeStd = 0.008609049206668332; SubmitCycleTimeStd = 0.02466739748444511; LogProcessCycleTimeAvg = 0.01197391086154514; EventCycleTimeMin = 0.0007779598236083984; LogProcessCycleTimeMax = 0.03869104385375977; LogProcessCycleTimeMin = 0.003875970840454102; LogProcessCycleTimeSum = 0.2155303955078125; LogProcessCycleTimeCount = 18.0; EventCycleTimeSum = 1.001069784164429; SleepCycleTimeSum = 349.9993863105774; SleepCycleTimeAvg = 4.999991233008249; SleepCycleTimeStd = 0.1475940063150223; SleepCycleTimeMax = 5.261537075042725; EventCycleTimeCount = 70.0; EventCycleTimeAvg = 0.0143009969166347; ]
07/20/20 14:28:13 Initializing user log writer for /home/scitech/shared-data/Workflow5/scitech/pegasus/checkpoint-wf/run0007/./checkpoint-wf-0.dag.nodes.log, (101.0.0)
07/20/20 14:28:18 Currently monitoring 1 HTCondor log file(s)
07/20/20 14:28:18 Event: ULOG_POST_SCRIPT_TERMINATED for HTCondor Node clean_up_local_level_4_0 (101.0.0) {07/20/20 14:28:13}
07/20/20 14:28:18 POST Script of node clean_up_local_level_4_0 completed successfully.
07/20/20 14:28:18 DAG status: 0 (DAG_STATUS_OK)
07/20/20 14:28:18 Of 9 nodes total:
07/20/20 14:28:18  Done     Pre   Queued    Post   Ready   Un-Ready   Failed
07/20/20 14:28:18   ===     ===      ===     ===     ===        ===      ===
07/20/20 14:28:18     8       0        0       0       1          0        0
07/20/20 14:28:18 0 job proc(s) currently held
07/20/20 14:28:18 DAGMan Runtime Statistics: [ EventCycleTimeStd = 0.02621648684519122; EventCycleTimeMax = 0.1093950271606445; SubmitCycleTimeMin = 0.0002899169921875; SubmitCycleTimeAvg = 0.008447812663184272; SleepCycleTimeCount = 71.0; SubmitCycleTimeCount = 72.0; SubmitCycleTimeMax = 0.1043481826782227; SleepCycleTimeMin = 4.214483976364136; SubmitCycleTimeSum = 0.6082425117492676; LogProcessCycleTimeStd = 0.008475859941977398; SubmitCycleTimeStd = 0.02451078072658562; LogProcessCycleTimeAvg = 0.01166254595706337; EventCycleTimeMin = 0.0007779598236083984; LogProcessCycleTimeMax = 0.03869104385375977; LogProcessCycleTimeMin = 0.003875970840454102; LogProcessCycleTimeSum = 0.2215883731842041; LogProcessCycleTimeCount = 19.0; EventCycleTimeSum = 1.01833176612854; SleepCycleTimeSum = 355.2559762001038; SleepCycleTimeAvg = 5.003605298593011; SleepCycleTimeStd = 0.1496668139788933; SleepCycleTimeMax = 5.261537075042725; EventCycleTimeCount = 71.0; EventCycleTimeAvg = 0.01434270093138789; ]
07/20/20 14:28:23 Submitting HTCondor Node cleanup_checkpoint-wf_0_local job(s)...
07/20/20 14:28:23 Adding a DAGMan workflow log /home/scitech/shared-data/Workflow5/scitech/pegasus/checkpoint-wf/run0007/./checkpoint-wf-0.dag.nodes.log
07/20/20 14:28:23 Masking the events recorded in the DAGMAN workflow log
07/20/20 14:28:23 Mask for workflow log is 0,1,2,4,5,7,9,10,11,12,13,16,17,24,27,35,36
07/20/20 14:28:23 submitting: /usr/bin/condor_submit -a dag_node_name' '=' 'cleanup_checkpoint-wf_0_local -a +DAGManJobId' '=' '92 -a DAGManJobId' '=' '92 -batch-name checkpoint-wf-0.dag+92 -a submit_event_notes' '=' 'DAG' 'Node:' 'cleanup_checkpoint-wf_0_local -a dagman_log' '=' '/home/scitech/shared-data/Workflow5/scitech/pegasus/checkpoint-wf/run0007/./checkpoint-wf-0.dag.nodes.log -a +DAGManNodesMask' '=' '"0,1,2,4,5,7,9,10,11,12,13,16,17,24,27,35,36" -a priority=1000 -a +DAGNodeRetry' '=' '0 -a DAG_STATUS' '=' '0 -a FAILED_COUNT' '=' '0 -a notification' '=' 'never -a +DAGParentNodeNames' '=' '"clean_up_local_level_3_0,clean_up_local_level_4_0" 00/00/cleanup_checkpoint-wf_0_local.sub
07/20/20 14:28:23 From submit: Submitting job(s).
07/20/20 14:28:23 From submit: 1 job(s) submitted to cluster 103.
07/20/20 14:28:23 	assigned HTCondor ID (103.0.0)
07/20/20 14:28:23 Just submitted 1 job this cycle...
07/20/20 14:28:23 DAG status: 0 (DAG_STATUS_OK)
07/20/20 14:28:23 Of 9 nodes total:
07/20/20 14:28:23  Done     Pre   Queued    Post   Ready   Un-Ready   Failed
07/20/20 14:28:23   ===     ===      ===     ===     ===        ===      ===
07/20/20 14:28:23     8       0        1       0       0          0        0
07/20/20 14:28:23 0 job proc(s) currently held
07/20/20 14:28:23 DAGMan Runtime Statistics: [ EventCycleTimeStd = 0.02603146138493908; EventCycleTimeMax = 0.1093950271606445; SubmitCycleTimeMin = 0.0002899169921875; SubmitCycleTimeAvg = 0.009034555252284219; SleepCycleTimeCount = 72.0; SubmitCycleTimeCount = 73.0; SubmitCycleTimeMax = 0.1043481826782227; SleepCycleTimeMin = 4.214483976364136; SubmitCycleTimeSum = 0.659522533416748; LogProcessCycleTimeStd = 0.008475859941977398; SubmitCycleTimeStd = 0.0248508693808016; LogProcessCycleTimeAvg = 0.01166254595706337; EventCycleTimeMin = 0.0007779598236083984; LogProcessCycleTimeMax = 0.03869104385375977; LogProcessCycleTimeMin = 0.003875970840454102; LogProcessCycleTimeSum = 0.2215883731842041; LogProcessCycleTimeCount = 19.0; EventCycleTimeSum = 1.031701803207397; SleepCycleTimeSum = 360.2682251930237; SleepCycleTimeAvg = 5.003725349903107; SleepCycleTimeStd = 0.1486125760145087; SleepCycleTimeMax = 5.261537075042725; EventCycleTimeCount = 72.0; EventCycleTimeAvg = 0.01432919171121385; ]
07/20/20 14:28:28 Currently monitoring 1 HTCondor log file(s)
07/20/20 14:28:28 Reassigning the id of job cleanup_checkpoint-wf_0_local from (103.0.0) to (103.0.0)
07/20/20 14:28:28 Event: ULOG_SUBMIT for HTCondor Node cleanup_checkpoint-wf_0_local (103.0.0) {07/20/20 14:28:23}
07/20/20 14:28:28 Number of idle job procs: 1
07/20/20 14:28:28 Event: ULOG_EXECUTE for HTCondor Node cleanup_checkpoint-wf_0_local (103.0.0) {07/20/20 14:28:27}
07/20/20 14:28:28 Number of idle job procs: 0
07/20/20 14:28:33 Currently monitoring 1 HTCondor log file(s)
07/20/20 14:28:33 Event: ULOG_JOB_TERMINATED for HTCondor Node cleanup_checkpoint-wf_0_local (103.0.0) {07/20/20 14:28:29}
07/20/20 14:28:33 Number of idle job procs: 0
07/20/20 14:28:33 Node cleanup_checkpoint-wf_0_local job proc (103.0.0) completed successfully.
07/20/20 14:28:33 Node cleanup_checkpoint-wf_0_local job completed
07/20/20 14:28:33 Running POST script of Node cleanup_checkpoint-wf_0_local...
07/20/20 14:28:33 Warning: mysin has length 0 (ignore if produced by DAGMan; see gittrac #4987, #5031)
07/20/20 14:28:33 DAG status: 0 (DAG_STATUS_OK)
07/20/20 14:28:33 Of 9 nodes total:
07/20/20 14:28:33  Done     Pre   Queued    Post   Ready   Un-Ready   Failed
07/20/20 14:28:33   ===     ===      ===     ===     ===        ===      ===
07/20/20 14:28:33     8       0        0       1       0          0        0
07/20/20 14:28:33 0 job proc(s) currently held
07/20/20 14:28:33 DAGMan Runtime Statistics: [ EventCycleTimeStd = 0.02615570733613136; EventCycleTimeMax = 0.1093950271606445; SubmitCycleTimeMin = 0.0002899169921875; SubmitCycleTimeAvg = 0.008810313542683919; SleepCycleTimeCount = 74.0; SubmitCycleTimeCount = 75.0; SubmitCycleTimeMax = 0.1043481826782227; SleepCycleTimeMin = 4.214483976364136; SubmitCycleTimeSum = 0.6607735157012939; LogProcessCycleTimeStd = 0.008069857852398608; SubmitCycleTimeStd = 0.02455067402507218; LogProcessCycleTimeAvg = 0.01144792920067197; EventCycleTimeMin = 0.0007779598236083984; LogProcessCycleTimeMax = 0.03869104385375977; LogProcessCycleTimeMin = 0.003875970840454102; LogProcessCycleTimeSum = 0.2404065132141113; LogProcessCycleTimeCount = 21.0; EventCycleTimeSum = 1.099889993667603; SleepCycleTimeSum = 370.2499461174011; SleepCycleTimeAvg = 5.003377650235151; SleepCycleTimeStd = 0.146617282037369; SleepCycleTimeMax = 5.261537075042725; EventCycleTimeCount = 74.0; EventCycleTimeAvg = 0.01486337829280544; ]
07/20/20 14:28:33 Initializing user log writer for /home/scitech/shared-data/Workflow5/scitech/pegasus/checkpoint-wf/run0007/./checkpoint-wf-0.dag.nodes.log, (103.0.0)
07/20/20 14:28:38 Currently monitoring 1 HTCondor log file(s)
07/20/20 14:28:38 Event: ULOG_POST_SCRIPT_TERMINATED for HTCondor Node cleanup_checkpoint-wf_0_local (103.0.0) {07/20/20 14:28:33}
07/20/20 14:28:38 POST Script of node cleanup_checkpoint-wf_0_local completed successfully.
07/20/20 14:28:38 DAG status: 0 (DAG_STATUS_OK)
07/20/20 14:28:38 Of 9 nodes total:
07/20/20 14:28:38  Done     Pre   Queued    Post   Ready   Un-Ready   Failed
07/20/20 14:28:38   ===     ===      ===     ===     ===        ===      ===
07/20/20 14:28:38     9       0        0       0       0          0        0
07/20/20 14:28:38 0 job proc(s) currently held
07/20/20 14:28:38 DAGMan Runtime Statistics: [ EventCycleTimeStd = 0.02597838847439376; EventCycleTimeMax = 0.1093950271606445; SubmitCycleTimeMin = 0.0002899169921875; SubmitCycleTimeAvg = 0.00870162562320107; SleepCycleTimeCount = 75.0; SubmitCycleTimeCount = 76.0; SubmitCycleTimeMax = 0.1043481826782227; SleepCycleTimeMin = 4.214483976364136; SubmitCycleTimeSum = 0.6613235473632812; LogProcessCycleTimeStd = 0.007951746535940113; SubmitCycleTimeStd = 0.02440485429860565; LogProcessCycleTimeAvg = 0.01121353019367565; EventCycleTimeMin = 0.0007779598236083984; LogProcessCycleTimeMax = 0.03869104385375977; LogProcessCycleTimeMin = 0.003875970840454102; LogProcessCycleTimeSum = 0.2466976642608643; LogProcessCycleTimeCount = 22.0; EventCycleTimeSum = 1.114950895309448; SleepCycleTimeSum = 375.501570224762; SleepCycleTimeAvg = 5.006687602996826; SleepCycleTimeStd = 0.1484177094339152; SleepCycleTimeMax = 5.261537075042725; EventCycleTimeCount = 75.0; EventCycleTimeAvg = 0.01486601193745931; ]
07/20/20 14:28:38 All jobs Completed!
07/20/20 14:28:38 Note: 0 total job deferrals because of -MaxJobs limit (0)
07/20/20 14:28:38 Note: 0 total job deferrals because of -MaxIdle limit (1000)
07/20/20 14:28:38 Note: 0 total job deferrals because of node category throttles
07/20/20 14:28:38 Note: 0 total PRE script deferrals because of -MaxPre limit (20) or DEFER
07/20/20 14:28:38 Note: 0 total POST script deferrals because of -MaxPost limit (20) or DEFER
07/20/20 14:28:38 DAG status: 0 (DAG_STATUS_OK)
07/20/20 14:28:38 Of 9 nodes total:
07/20/20 14:28:38  Done     Pre   Queued    Post   Ready   Un-Ready   Failed
07/20/20 14:28:38   ===     ===      ===     ===     ===        ===      ===
07/20/20 14:28:38     9       0        0       0       0          0        0
07/20/20 14:28:38 0 job proc(s) currently held
07/20/20 14:28:38 DAGMan Runtime Statistics: [ EventCycleTimeStd = 0.02597838847439376; EventCycleTimeMax = 0.1093950271606445; SubmitCycleTimeMin = 0.0002899169921875; SubmitCycleTimeAvg = 0.00870162562320107; SleepCycleTimeCount = 75.0; SubmitCycleTimeCount = 76.0; SubmitCycleTimeMax = 0.1043481826782227; SleepCycleTimeMin = 4.214483976364136; SubmitCycleTimeSum = 0.6613235473632812; LogProcessCycleTimeStd = 0.007951746535940113; SubmitCycleTimeStd = 0.02440485429860565; LogProcessCycleTimeAvg = 0.01121353019367565; EventCycleTimeMin = 0.0007779598236083984; LogProcessCycleTimeMax = 0.03869104385375977; LogProcessCycleTimeMin = 0.003875970840454102; LogProcessCycleTimeSum = 0.2466976642608643; LogProcessCycleTimeCount = 22.0; EventCycleTimeSum = 1.114950895309448; SleepCycleTimeSum = 375.501570224762; SleepCycleTimeAvg = 5.006687602996826; SleepCycleTimeStd = 0.1484177094339152; SleepCycleTimeMax = 5.261537075042725; EventCycleTimeCount = 75.0; EventCycleTimeAvg = 0.01486601193745931; ]
07/20/20 14:28:38 Wrote metrics file checkpoint-wf-0.dag.metrics.
07/20/20 14:28:38 Reporting metrics to Pegasus metrics server(s); output is in checkpoint-wf-0.dag.metrics.out.
07/20/20 14:28:38 Running command </usr/libexec/condor/condor_dagman_metrics_reporter -f checkpoint-wf-0.dag.metrics -t 100>
07/20/20 14:28:38 Warning: mysin has length 0 (ignore if produced by DAGMan; see gittrac #4987, #5031)
07/20/20 14:28:38 DAGMan Runtime Statistics: [ EventCycleTimeStd = 0.02597838847439376; EventCycleTimeMax = 0.1093950271606445; SubmitCycleTimeMin = 0.0002899169921875; SubmitCycleTimeAvg = 0.00870162562320107; SleepCycleTimeCount = 75.0; SubmitCycleTimeCount = 76.0; SubmitCycleTimeMax = 0.1043481826782227; SleepCycleTimeMin = 4.214483976364136; SubmitCycleTimeSum = 0.6613235473632812; LogProcessCycleTimeStd = 0.007951746535940113; SubmitCycleTimeStd = 0.02440485429860565; LogProcessCycleTimeAvg = 0.01121353019367565; EventCycleTimeMin = 0.0007779598236083984; LogProcessCycleTimeMax = 0.03869104385375977; LogProcessCycleTimeMin = 0.003875970840454102; LogProcessCycleTimeSum = 0.2466976642608643; LogProcessCycleTimeCount = 22.0; EventCycleTimeSum = 1.114950895309448; SleepCycleTimeSum = 375.501570224762; SleepCycleTimeAvg = 5.006687602996826; SleepCycleTimeStd = 0.1484177094339152; SleepCycleTimeMax = 5.261537075042725; EventCycleTimeCount = 75.0; EventCycleTimeAvg = 0.01486601193745931; ]
07/20/20 14:28:38 **** condor_scheduniv_exec.92.0 (condor_DAGMAN) pid 31359 EXITING WITH STATUS 0
