2020-07-20 14:22:18,650:INFO:pegasus-monitord(58): pegasus-monitord starting - pid 31360 
2020-07-20 14:22:18,668:INFO:pegasus-monitord(455): Final Command line options are: ['-N', 'checkpoint-wf-0.dag.dagman.out']
2020-07-20 14:22:18,687:INFO:Pegasus.monitoring.event_output(629): Connecting workflow event sink to sqlite:////home/scitech/shared-data/Workflow5/scitech/pegasus/checkpoint-wf/run0007/checkpoint-wf-0.stampede.db
Created Pegasus database in: sqlite:////home/scitech/shared-data/Workflow5/scitech/pegasus/checkpoint-wf/run0007/checkpoint-wf-0.stampede.db
Your database is compatible with Pegasus version: 5.0.0dev
2020-07-20 14:22:19,612:INFO:Pegasus.monitoring.event_output(703): output type=DB namespace=stampede. name=sqlite:////home/scitech/shared-data/Workflow5/scitech/pegasus/checkpoint-wf/run0007/checkpoint-wf-0.stampede.db
2020-07-20 14:22:19,613:INFO:Pegasus.monitoring.event_output(629): Connecting workflow event sink to sqlite:////home/scitech/.pegasus/workflow.db
Your database is compatible with Pegasus version: 5.0.0dev
2020-07-20 14:22:20,134:INFO:Pegasus.monitoring.event_output(703): output type=DB namespace=dashboard. name=sqlite:////home/scitech/.pegasus/workflow.db
2020-07-20 14:22:20,136:INFO:pegasus-monitord(1247): monitord started in fast start mode
2020-07-20 14:22:20,164:INFO:Pegasus.monitoring.workflow(461): cannot open state file /home/scitech/shared-data/Workflow5/scitech/pegasus/checkpoint-wf/run0007/monitord.info, continuing without state...
2020-07-20 14:22:20,165:INFO:Pegasus.monitoring.workflow(1148): creating new file /home/scitech/shared-data/Workflow5/scitech/pegasus/checkpoint-wf/run0007/jobstate.log
2020-07-20 14:22:20,166:INFO:Pegasus.monitoring.workflow(1158): Appending to existing jobstate.log replay_mode 0 previous_processed_line 0
2020-07-20 14:22:20,168:INFO:Pegasus.monitoring.notifications(474): loading notifications from /home/scitech/shared-data/Workflow5/scitech/pegasus/checkpoint-wf/run0007/checkpoint-wf-0.notify
2020-07-20 14:22:20,462:INFO:Pegasus.monitoring.workflow(205): Parsing DAG file /home/scitech/shared-data/Workflow5/scitech/pegasus/checkpoint-wf/run0007/checkpoint-wf-0.dag
2020-07-20 14:22:20,471:INFO:pegasus-monitord(974): Using DAGMan version 8.8.9 80809
2020-07-20 14:22:20,472:INFO:pegasus-monitord(949): DAGMan runs at pid 31359
2020-07-20 14:22:20,477:INFO:pegasus-monitord(955): using dag checkpoint-wf-0.dag
2020-07-20 14:22:20,477:INFO:Pegasus.monitoring.workflow(811): DAGMan starting with condor id 92.0
2020-07-20 14:28:13,460:INFO:Pegasus.monitoring.workflow(2467): Populating locations corresponding to succeeded registration job  /home/scitech/shared-data/Workflow5/scitech/pegasus/checkpoint-wf/run0007/00/00/register_local_0_0.in 
2020-07-20 14:28:38,821:INFO:pegasus-monitord(927): DAGMan checkpoint-wf-0.dag finished with exit code 0
2020-07-20 14:28:39,840:INFO:pegasus-monitord(1427): workflow /home/scitech/shared-data/Workflow5/scitech/pegasus/checkpoint-wf/run0007/checkpoint-wf-0.dag.dagman.out ended
2020-07-20 14:28:39,845:INFO:Pegasus.monitoring.workflow(1377): recovery file deleted: /home/scitech/shared-data/Workflow5/scitech/pegasus/checkpoint-wf/run0007/monitord.recover
2020-07-20 14:28:39,849:INFO:pegasus-monitord(1665): finishing workflow: /home/scitech/shared-data/Workflow5/scitech/pegasus/checkpoint-wf/run0007/checkpoint-wf-0.dag.dagman.out
2020-07-20 14:28:39,850:INFO:pegasus-monitord(1719): finishing notifications...
2020-07-20 14:28:39,851:INFO:pegasus-monitord(1727): monitord process 31360 exiting with 0
2020-07-20 14:28:39,853:INFO:pegasus-monitord(197): DB flushing beginning
2020-07-20 14:28:39,853:INFO:Pegasus.db.workflow_loader.WorkflowLoader(1244): Executing final flush
2020-07-20 14:28:39,932:INFO:Pegasus.db.dashboard_loader.DashboardLoader(397): Executing final flush
2020-07-20 14:28:39,933:INFO:pegasus-monitord(213): DB flushing ended
