2020-09-23 22:53:07,750:INFO:pegasus-monitord(58): pegasus-monitord starting - pid 72962 
2020-09-23 22:53:07,776:INFO:pegasus-monitord(455): Final Command line options are: ['-N', 'Cats_and_Dogs-0.dag.dagman.out']
2020-09-23 22:53:07,802:INFO:Pegasus.monitoring.event_output(629): Connecting workflow event sink to sqlite:////home/scitech/shared-data/CatsAndDogs/scitech/pegasus/Cats_and_Dogs/run0017/Cats_and_Dogs-0.stampede.db
Created Pegasus database in: sqlite:////home/scitech/shared-data/CatsAndDogs/scitech/pegasus/Cats_and_Dogs/run0017/Cats_and_Dogs-0.stampede.db
Your database is compatible with Pegasus version: 5.0.0dev
2020-09-23 22:53:08,739:INFO:Pegasus.monitoring.event_output(703): output type=DB namespace=stampede. name=sqlite:////home/scitech/shared-data/CatsAndDogs/scitech/pegasus/Cats_and_Dogs/run0017/Cats_and_Dogs-0.stampede.db
2020-09-23 22:53:08,740:INFO:Pegasus.monitoring.event_output(629): Connecting workflow event sink to sqlite:////home/scitech/.pegasus/workflow.db
Your database is compatible with Pegasus version: 5.0.0dev
2020-09-23 22:53:09,171:INFO:Pegasus.monitoring.event_output(703): output type=DB namespace=dashboard. name=sqlite:////home/scitech/.pegasus/workflow.db
2020-09-23 22:53:09,171:INFO:pegasus-monitord(1247): monitord started in fast start mode
2020-09-23 22:53:09,190:INFO:Pegasus.monitoring.workflow(461): cannot open state file /home/scitech/shared-data/CatsAndDogs/scitech/pegasus/Cats_and_Dogs/run0017/monitord.info, continuing without state...
2020-09-23 22:53:09,191:INFO:Pegasus.monitoring.workflow(1148): creating new file /home/scitech/shared-data/CatsAndDogs/scitech/pegasus/Cats_and_Dogs/run0017/jobstate.log
2020-09-23 22:53:09,192:INFO:Pegasus.monitoring.workflow(1158): Appending to existing jobstate.log replay_mode 0 previous_processed_line 0
2020-09-23 22:53:09,194:INFO:Pegasus.monitoring.notifications(474): loading notifications from /home/scitech/shared-data/CatsAndDogs/scitech/pegasus/Cats_and_Dogs/run0017/Cats_and_Dogs-0.notify
2020-09-23 22:53:09,456:INFO:Pegasus.monitoring.workflow(205): Parsing DAG file /home/scitech/shared-data/CatsAndDogs/scitech/pegasus/Cats_and_Dogs/run0017/Cats_and_Dogs-0.dag
2020-09-23 22:53:09,464:INFO:pegasus-monitord(974): Using DAGMan version 8.8.10 80810
2020-09-23 22:53:09,464:INFO:pegasus-monitord(949): DAGMan runs at pid 72961
2020-09-23 22:53:09,468:INFO:pegasus-monitord(955): using dag Cats_and_Dogs-0.dag
2020-09-23 22:53:09,469:INFO:Pegasus.monitoring.workflow(811): DAGMan starting with condor id 352.0
2020-09-23 22:53:37,626:INFO:Pegasus.monitoring.workflow(2468): Populating locations corresponding to succeeded registration job  /home/scitech/shared-data/CatsAndDogs/scitech/pegasus/Cats_and_Dogs/run0017/00/00/register_local_1000_0.in 
2020-09-23 22:54:39,109:INFO:Pegasus.monitoring.workflow(2468): Populating locations corresponding to succeeded registration job  /home/scitech/shared-data/CatsAndDogs/scitech/pegasus/Cats_and_Dogs/run0017/00/00/register_local_0_0.in 
2020-09-23 22:54:59,510:INFO:Pegasus.monitoring.workflow(2468): Populating locations corresponding to succeeded registration job  /home/scitech/shared-data/CatsAndDogs/scitech/pegasus/Cats_and_Dogs/run0017/00/00/register_local_1_0.in 
2020-09-23 22:55:13,654:INFO:Pegasus.monitoring.workflow(2468): Populating locations corresponding to succeeded registration job  /home/scitech/shared-data/CatsAndDogs/scitech/pegasus/Cats_and_Dogs/run0017/00/00/register_local_2_0.in 
2020-09-23 22:55:59,494:INFO:Pegasus.monitoring.workflow(2468): Populating locations corresponding to succeeded registration job  /home/scitech/shared-data/CatsAndDogs/scitech/pegasus/Cats_and_Dogs/run0017/00/00/register_local_3_0.in 
2020-09-23 22:56:15,817:INFO:pegasus-monitord(927): DAGMan Cats_and_Dogs-0.dag finished with exit code 0
2020-09-23 22:56:16,832:INFO:pegasus-monitord(1427): workflow /home/scitech/shared-data/CatsAndDogs/scitech/pegasus/Cats_and_Dogs/run0017/Cats_and_Dogs-0.dag.dagman.out ended
2020-09-23 22:56:16,837:INFO:Pegasus.monitoring.workflow(1378): recovery file deleted: /home/scitech/shared-data/CatsAndDogs/scitech/pegasus/Cats_and_Dogs/run0017/monitord.recover
2020-09-23 22:56:16,841:INFO:pegasus-monitord(1665): finishing workflow: /home/scitech/shared-data/CatsAndDogs/scitech/pegasus/Cats_and_Dogs/run0017/Cats_and_Dogs-0.dag.dagman.out
2020-09-23 22:56:16,842:INFO:pegasus-monitord(1719): finishing notifications...
2020-09-23 22:56:16,843:INFO:pegasus-monitord(1727): monitord process 72962 exiting with 0
2020-09-23 22:56:16,844:INFO:pegasus-monitord(197): DB flushing beginning
2020-09-23 22:56:16,845:INFO:Pegasus.db.workflow_loader.WorkflowLoader(1244): Executing final flush
2020-09-23 22:56:16,927:INFO:Pegasus.db.dashboard_loader.DashboardLoader(397): Executing final flush
2020-09-23 22:56:16,928:INFO:pegasus-monitord(213): DB flushing ended
