2020-09-23 22:32:20,794:INFO:pegasus-monitord(58): pegasus-monitord starting - pid 23491 
2020-09-23 22:32:20,816:INFO:pegasus-monitord(455): Final Command line options are: ['-N', 'Cats_and_Dogs-0.dag.dagman.out']
2020-09-23 22:32:20,845:INFO:Pegasus.monitoring.event_output(629): Connecting workflow event sink to sqlite:////home/scitech/shared-data/CatsAndDogs/scitech/pegasus/Cats_and_Dogs/run0014/Cats_and_Dogs-0.stampede.db
Created Pegasus database in: sqlite:////home/scitech/shared-data/CatsAndDogs/scitech/pegasus/Cats_and_Dogs/run0014/Cats_and_Dogs-0.stampede.db
Your database is compatible with Pegasus version: 5.0.0dev
2020-09-23 22:32:21,828:INFO:Pegasus.monitoring.event_output(703): output type=DB namespace=stampede. name=sqlite:////home/scitech/shared-data/CatsAndDogs/scitech/pegasus/Cats_and_Dogs/run0014/Cats_and_Dogs-0.stampede.db
2020-09-23 22:32:21,829:INFO:Pegasus.monitoring.event_output(629): Connecting workflow event sink to sqlite:////home/scitech/.pegasus/workflow.db
Your database is compatible with Pegasus version: 5.0.0dev
2020-09-23 22:32:22,268:INFO:Pegasus.monitoring.event_output(703): output type=DB namespace=dashboard. name=sqlite:////home/scitech/.pegasus/workflow.db
2020-09-23 22:32:22,269:INFO:pegasus-monitord(1247): monitord started in fast start mode
2020-09-23 22:32:22,286:INFO:Pegasus.monitoring.workflow(461): cannot open state file /home/scitech/shared-data/CatsAndDogs/scitech/pegasus/Cats_and_Dogs/run0014/monitord.info, continuing without state...
2020-09-23 22:32:22,286:INFO:Pegasus.monitoring.workflow(1148): creating new file /home/scitech/shared-data/CatsAndDogs/scitech/pegasus/Cats_and_Dogs/run0014/jobstate.log
2020-09-23 22:32:22,287:INFO:Pegasus.monitoring.workflow(1158): Appending to existing jobstate.log replay_mode 0 previous_processed_line 0
2020-09-23 22:32:22,288:INFO:Pegasus.monitoring.notifications(474): loading notifications from /home/scitech/shared-data/CatsAndDogs/scitech/pegasus/Cats_and_Dogs/run0014/Cats_and_Dogs-0.notify
2020-09-23 22:32:22,549:INFO:Pegasus.monitoring.workflow(205): Parsing DAG file /home/scitech/shared-data/CatsAndDogs/scitech/pegasus/Cats_and_Dogs/run0014/Cats_and_Dogs-0.dag
2020-09-23 22:32:22,554:INFO:pegasus-monitord(974): Using DAGMan version 8.8.10 80810
2020-09-23 22:32:22,555:INFO:pegasus-monitord(949): DAGMan runs at pid 23490
2020-09-23 22:32:22,557:INFO:pegasus-monitord(955): using dag Cats_and_Dogs-0.dag
2020-09-23 22:32:22,558:INFO:Pegasus.monitoring.workflow(811): DAGMan starting with condor id 253.0
2020-09-23 22:32:50,080:INFO:Pegasus.monitoring.workflow(2468): Populating locations corresponding to succeeded registration job  /home/scitech/shared-data/CatsAndDogs/scitech/pegasus/Cats_and_Dogs/run0014/00/00/register_local_1000_0.in 
2020-09-23 22:33:50,290:INFO:Pegasus.monitoring.workflow(2468): Populating locations corresponding to succeeded registration job  /home/scitech/shared-data/CatsAndDogs/scitech/pegasus/Cats_and_Dogs/run0014/00/00/register_local_0_0.in 
2020-09-23 22:34:10,225:INFO:Pegasus.monitoring.workflow(2468): Populating locations corresponding to succeeded registration job  /home/scitech/shared-data/CatsAndDogs/scitech/pegasus/Cats_and_Dogs/run0014/00/00/register_local_1_0.in 
2020-09-23 22:34:24,405:INFO:Pegasus.monitoring.workflow(2468): Populating locations corresponding to succeeded registration job  /home/scitech/shared-data/CatsAndDogs/scitech/pegasus/Cats_and_Dogs/run0014/00/00/register_local_2_0.in 
2020-09-23 22:35:16,356:INFO:Pegasus.monitoring.workflow(2468): Populating locations corresponding to succeeded registration job  /home/scitech/shared-data/CatsAndDogs/scitech/pegasus/Cats_and_Dogs/run0014/00/00/register_local_3_0.in 
2020-09-23 22:35:31,691:INFO:pegasus-monitord(927): DAGMan Cats_and_Dogs-0.dag finished with exit code 0
2020-09-23 22:35:32,709:INFO:pegasus-monitord(1427): workflow /home/scitech/shared-data/CatsAndDogs/scitech/pegasus/Cats_and_Dogs/run0014/Cats_and_Dogs-0.dag.dagman.out ended
2020-09-23 22:35:32,718:INFO:Pegasus.monitoring.workflow(1378): recovery file deleted: /home/scitech/shared-data/CatsAndDogs/scitech/pegasus/Cats_and_Dogs/run0014/monitord.recover
2020-09-23 22:35:32,724:INFO:pegasus-monitord(1665): finishing workflow: /home/scitech/shared-data/CatsAndDogs/scitech/pegasus/Cats_and_Dogs/run0014/Cats_and_Dogs-0.dag.dagman.out
2020-09-23 22:35:32,725:INFO:pegasus-monitord(1719): finishing notifications...
2020-09-23 22:35:32,726:INFO:pegasus-monitord(1727): monitord process 23491 exiting with 0
2020-09-23 22:35:32,728:INFO:pegasus-monitord(197): DB flushing beginning
2020-09-23 22:35:32,728:INFO:Pegasus.db.workflow_loader.WorkflowLoader(1244): Executing final flush
2020-09-23 22:35:32,812:INFO:Pegasus.db.dashboard_loader.DashboardLoader(397): Executing final flush
2020-09-23 22:35:32,813:INFO:pegasus-monitord(213): DB flushing ended
