08/10/20 13:48:43 ******************************************************
08/10/20 13:48:43 ** condor_scheduniv_exec.13.0 (CONDOR_DAGMAN) STARTING UP
08/10/20 13:48:43 ** /usr/bin/condor_dagman
08/10/20 13:48:43 ** SubsystemInfo: name=DAGMAN type=DAGMAN(10) class=DAEMON(1)
08/10/20 13:48:43 ** Configuration: subsystem:DAGMAN local:<NONE> class:DAEMON
08/10/20 13:48:43 ** $CondorVersion: 8.8.9 May 06 2020 BuildID: 503068 PackageID: 8.8.9-1 $
08/10/20 13:48:43 ** $CondorPlatform: x86_64_CentOS7 $
08/10/20 13:48:43 ** PID = 2597
08/10/20 13:48:43 ** Log last touched time unavailable (No such file or directory)
08/10/20 13:48:43 ******************************************************
08/10/20 13:48:43 Using config source: /etc/condor/condor_config
08/10/20 13:48:43 Using local config sources: 
08/10/20 13:48:43    /etc/condor/config.d/00-minicondor
08/10/20 13:48:43    /etc/condor/condor_config.local
08/10/20 13:48:43 config Macros = 81, Sorted = 81, StringBytes = 2285, TablesBytes = 2964
08/10/20 13:48:43 CLASSAD_CACHING is ENABLED
08/10/20 13:48:43 Daemon Log is logging: D_ALWAYS D_ERROR
08/10/20 13:48:43 DaemonCore: No command port requested.
08/10/20 13:48:43 DAGMAN_USE_STRICT setting: 1
08/10/20 13:48:43 DAGMAN_VERBOSITY setting: 3
08/10/20 13:48:43 DAGMAN_DEBUG_CACHE_SIZE setting: 5242880
08/10/20 13:48:43 DAGMAN_DEBUG_CACHE_ENABLE setting: False
08/10/20 13:48:43 DAGMAN_SUBMIT_DELAY setting: 0
08/10/20 13:48:43 DAGMAN_MAX_SUBMIT_ATTEMPTS setting: 6
08/10/20 13:48:43 DAGMAN_STARTUP_CYCLE_DETECT setting: False
08/10/20 13:48:43 DAGMAN_MAX_SUBMITS_PER_INTERVAL setting: 100
08/10/20 13:48:43 DAGMAN_AGGRESSIVE_SUBMIT setting: False
08/10/20 13:48:43 DAGMAN_USER_LOG_SCAN_INTERVAL setting: 5
08/10/20 13:48:43 DAGMAN_QUEUE_UPDATE_INTERVAL setting: 300
08/10/20 13:48:43 DAGMAN_DEFAULT_PRIORITY setting: 0
08/10/20 13:48:43 DAGMAN_SUPPRESS_NOTIFICATION setting: True
08/10/20 13:48:43 allow_events (DAGMAN_ALLOW_EVENTS) setting: 114
08/10/20 13:48:43 DAGMAN_RETRY_SUBMIT_FIRST setting: True
08/10/20 13:48:43 DAGMAN_RETRY_NODE_FIRST setting: False
08/10/20 13:48:43 DAGMAN_MAX_JOBS_IDLE setting: 1000
08/10/20 13:48:43 DAGMAN_MAX_JOBS_SUBMITTED setting: 0
08/10/20 13:48:43 DAGMAN_MAX_PRE_SCRIPTS setting: 20
08/10/20 13:48:43 DAGMAN_MAX_POST_SCRIPTS setting: 20
08/10/20 13:48:43 DAGMAN_MUNGE_NODE_NAMES setting: True
08/10/20 13:48:43 DAGMAN_PROHIBIT_MULTI_JOBS setting: False
08/10/20 13:48:43 DAGMAN_SUBMIT_DEPTH_FIRST setting: False
08/10/20 13:48:43 DAGMAN_ALWAYS_RUN_POST setting: False
08/10/20 13:48:43 DAGMAN_CONDOR_SUBMIT_EXE setting: /usr/bin/condor_submit
08/10/20 13:48:43 DAGMAN_USE_CONDOR_SUBMIT setting: True
08/10/20 13:48:43 DAGMAN_ABORT_DUPLICATES setting: True
08/10/20 13:48:43 DAGMAN_ABORT_ON_SCARY_SUBMIT setting: True
08/10/20 13:48:43 DAGMAN_PENDING_REPORT_INTERVAL setting: 600
08/10/20 13:48:43 DAGMAN_AUTO_RESCUE setting: True
08/10/20 13:48:43 DAGMAN_MAX_RESCUE_NUM setting: 100
08/10/20 13:48:43 DAGMAN_WRITE_PARTIAL_RESCUE setting: True
08/10/20 13:48:43 DAGMAN_DEFAULT_NODE_LOG setting: @(DAG_DIR)/@(DAG_FILE).nodes.log
08/10/20 13:48:43 DAGMAN_GENERATE_SUBDAG_SUBMITS setting: True
08/10/20 13:48:43 DAGMAN_MAX_JOB_HOLDS setting: 100
08/10/20 13:48:43 DAGMAN_HOLD_CLAIM_TIME setting: 20
08/10/20 13:48:43 ALL_DEBUG setting: 
08/10/20 13:48:43 DAGMAN_DEBUG setting: 
08/10/20 13:48:43 DAGMAN_SUPPRESS_JOB_LOGS setting: False
08/10/20 13:48:43 DAGMAN_REMOVE_NODE_JOBS setting: True
08/10/20 13:48:43 argv[0] == "condor_scheduniv_exec.13.0"
08/10/20 13:48:43 argv[1] == "-Lockfile"
08/10/20 13:48:43 argv[2] == "harry-potter-text-analysis-0.dag.lock"
08/10/20 13:48:43 argv[3] == "-AutoRescue"
08/10/20 13:48:43 argv[4] == "1"
08/10/20 13:48:43 argv[5] == "-DoRescueFrom"
08/10/20 13:48:43 argv[6] == "0"
08/10/20 13:48:43 argv[7] == "-Dag"
08/10/20 13:48:43 argv[8] == "harry-potter-text-analysis-0.dag"
08/10/20 13:48:43 argv[9] == "-MaxPost"
08/10/20 13:48:43 argv[10] == "20"
08/10/20 13:48:43 argv[11] == "-Suppress_notification"
08/10/20 13:48:43 argv[12] == "-CsdVersion"
08/10/20 13:48:43 argv[13] == "$CondorVersion: 8.8.9 May 06 2020 BuildID: 503068 PackageID: 8.8.9-1 $"
08/10/20 13:48:43 argv[14] == "-Dagman"
08/10/20 13:48:43 argv[15] == "/bin/condor_dagman"
08/10/20 13:48:43 Workflow batch-name: <harry-potter-text-analysis-0.dag+13>
08/10/20 13:48:43 Workflow accounting_group: <>
08/10/20 13:48:43 Workflow accounting_group_user: <>
08/10/20 13:48:43 Warning: failed to get attribute DAGNodeName
08/10/20 13:48:43 DAGMAN_LOG_ON_NFS_IS_ERROR setting: False
08/10/20 13:48:43 Default node log file is: </home/scitech/shared-data/sample-text-analysis-wf/scitech/pegasus/harry-potter-text-analysis/run0002/./harry-potter-text-analysis-0.dag.nodes.log>
08/10/20 13:48:43 DAG Lockfile will be written to harry-potter-text-analysis-0.dag.lock
08/10/20 13:48:43 DAG Input file is harry-potter-text-analysis-0.dag
08/10/20 13:48:43 Parsing 1 dagfiles
08/10/20 13:48:43 Parsing harry-potter-text-analysis-0.dag ...
08/10/20 13:48:43 Warning:  could not open Pegasus braindump file braindump.txt
08/10/20 13:48:43 Dag contains 19 total jobs
08/10/20 13:48:43 Sleeping for 3 seconds to ensure ProcessId uniqueness
08/10/20 13:48:46 Bootstrapping...
08/10/20 13:48:46 Number of pre-completed nodes: 0
08/10/20 13:48:46 MultiLogFiles: truncating log file /home/scitech/shared-data/sample-text-analysis-wf/scitech/pegasus/harry-potter-text-analysis/run0002/./harry-potter-text-analysis-0.dag.nodes.log
08/10/20 13:48:46 DAG status: 0 (DAG_STATUS_OK)
08/10/20 13:48:46 Of 19 nodes total:
08/10/20 13:48:46  Done     Pre   Queued    Post   Ready   Un-Ready   Failed
08/10/20 13:48:46   ===     ===      ===     ===     ===        ===      ===
08/10/20 13:48:46     0       0        0       0       1         18        0
08/10/20 13:48:46 0 job proc(s) currently held
08/10/20 13:48:46 DAGMan Runtime Statistics: [ EventCycleTimeSum = 0.0; EventCycleTimeCount = 0.0; SleepCycleTimeCount = 0.0; SubmitCycleTimeSum = 0.0; SubmitCycleTimeCount = 0.0; LogProcessCycleTimeSum = 0.0; SleepCycleTimeSum = 0.0; LogProcessCycleTimeCount = 0.0; ]
08/10/20 13:48:46 Registering condor_event_timer...
08/10/20 13:48:47 Submitting HTCondor Node create_dir_harry-potter-text-analysis_0_local job(s)...
08/10/20 13:48:47 Adding a DAGMan workflow log /home/scitech/shared-data/sample-text-analysis-wf/scitech/pegasus/harry-potter-text-analysis/run0002/./harry-potter-text-analysis-0.dag.nodes.log
08/10/20 13:48:47 Masking the events recorded in the DAGMAN workflow log
08/10/20 13:48:47 Mask for workflow log is 0,1,2,4,5,7,9,10,11,12,13,16,17,24,27,35,36
08/10/20 13:48:47 submitting: /usr/bin/condor_submit -a dag_node_name' '=' 'create_dir_harry-potter-text-analysis_0_local -a +DAGManJobId' '=' '13 -a DAGManJobId' '=' '13 -batch-name harry-potter-text-analysis-0.dag+13 -a submit_event_notes' '=' 'DAG' 'Node:' 'create_dir_harry-potter-text-analysis_0_local -a dagman_log' '=' '/home/scitech/shared-data/sample-text-analysis-wf/scitech/pegasus/harry-potter-text-analysis/run0002/./harry-potter-text-analysis-0.dag.nodes.log -a +DAGManNodesMask' '=' '"0,1,2,4,5,7,9,10,11,12,13,16,17,24,27,35,36" -a priority=800 -a +DAGNodeRetry' '=' '0 -a DAG_STATUS' '=' '0 -a FAILED_COUNT' '=' '0 -a +KeepClaimIdle' '=' '20 -a notification' '=' 'never -a +DAGParentNodeNames' '=' '"" 00/00/create_dir_harry-potter-text-analysis_0_local.sub
08/10/20 13:48:47 From submit: Submitting job(s).
08/10/20 13:48:47 From submit: 1 job(s) submitted to cluster 14.
08/10/20 13:48:47 	assigned HTCondor ID (14.0.0)
08/10/20 13:48:47 Just submitted 1 job this cycle...
08/10/20 13:48:47 DAG status: 0 (DAG_STATUS_OK)
08/10/20 13:48:47 Of 19 nodes total:
08/10/20 13:48:47  Done     Pre   Queued    Post   Ready   Un-Ready   Failed
08/10/20 13:48:47   ===     ===      ===     ===     ===        ===      ===
08/10/20 13:48:47     0       0        1       0       0         18        0
08/10/20 13:48:47 0 job proc(s) currently held
08/10/20 13:48:47 DAGMan Runtime Statistics: [ EventCycleTimeCount = 0.0; EventCycleTimeSum = 0.0; LogProcessCycleTimeCount = 0.0; SleepCycleTimeSum = 0.0; LogProcessCycleTimeSum = 0.0; SubmitCycleTimeCount = 1.0; SubmitCycleTimeMax = 0.04418087005615234; SubmitCycleTimeMin = 0.04418087005615234; SubmitCycleTimeAvg = 0.04418087005615234; SubmitCycleTimeStd = 0.04418087005615234; SubmitCycleTimeSum = 0.04418087005615234; SleepCycleTimeCount = 0.0; ]
08/10/20 13:48:52 Currently monitoring 1 HTCondor log file(s)
08/10/20 13:48:52 Reassigning the id of job create_dir_harry-potter-text-analysis_0_local from (14.0.0) to (14.0.0)
08/10/20 13:48:52 Event: ULOG_SUBMIT for HTCondor Node create_dir_harry-potter-text-analysis_0_local (14.0.0) {08/10/20 13:48:47}
08/10/20 13:48:52 Number of idle job procs: 1
08/10/20 13:48:52 Event: ULOG_EXECUTE for HTCondor Node create_dir_harry-potter-text-analysis_0_local (14.0.0) {08/10/20 13:48:48}
08/10/20 13:48:52 Number of idle job procs: 0
08/10/20 13:48:52 Event: ULOG_JOB_TERMINATED for HTCondor Node create_dir_harry-potter-text-analysis_0_local (14.0.0) {08/10/20 13:48:50}
08/10/20 13:48:52 Number of idle job procs: 0
08/10/20 13:48:52 Node create_dir_harry-potter-text-analysis_0_local job proc (14.0.0) completed successfully.
08/10/20 13:48:52 Node create_dir_harry-potter-text-analysis_0_local job completed
08/10/20 13:48:52 Running POST script of Node create_dir_harry-potter-text-analysis_0_local...
08/10/20 13:48:52 Warning: mysin has length 0 (ignore if produced by DAGMan; see gittrac #4987, #5031)
08/10/20 13:48:52 DAG status: 0 (DAG_STATUS_OK)
08/10/20 13:48:52 Of 19 nodes total:
08/10/20 13:48:52  Done     Pre   Queued    Post   Ready   Un-Ready   Failed
08/10/20 13:48:52   ===     ===      ===     ===     ===        ===      ===
08/10/20 13:48:52     0       0        0       1       0         18        0
08/10/20 13:48:52 0 job proc(s) currently held
08/10/20 13:48:52 DAGMan Runtime Statistics: [ EventCycleTimeStd = 0.0498359203338623; EventCycleTimeMax = 0.0498359203338623; SubmitCycleTimeMin = 0.001249074935913086; SubmitCycleTimeAvg = 0.02271497249603271; SleepCycleTimeCount = 1.0; SubmitCycleTimeCount = 2.0; SubmitCycleTimeMax = 0.04418087005615234; SleepCycleTimeMin = 5.006685972213745; SubmitCycleTimeSum = 0.04542994499206543; LogProcessCycleTimeStd = 0.02411413192749023; SubmitCycleTimeStd = 0.03035736345803271; LogProcessCycleTimeAvg = 0.02411413192749023; EventCycleTimeMin = 0.0498359203338623; LogProcessCycleTimeMax = 0.02411413192749023; LogProcessCycleTimeMin = 0.02411413192749023; LogProcessCycleTimeSum = 0.02411413192749023; LogProcessCycleTimeCount = 1.0; EventCycleTimeSum = 0.0498359203338623; SleepCycleTimeSum = 5.006685972213745; SleepCycleTimeAvg = 5.006685972213745; SleepCycleTimeStd = 5.006685972213745; SleepCycleTimeMax = 5.006685972213745; EventCycleTimeCount = 1.0; EventCycleTimeAvg = 0.0498359203338623; ]
08/10/20 13:48:52 Initializing user log writer for /home/scitech/shared-data/sample-text-analysis-wf/scitech/pegasus/harry-potter-text-analysis/run0002/./harry-potter-text-analysis-0.dag.nodes.log, (14.0.0)
08/10/20 13:48:57 Currently monitoring 1 HTCondor log file(s)
08/10/20 13:48:57 Event: ULOG_POST_SCRIPT_TERMINATED for HTCondor Node create_dir_harry-potter-text-analysis_0_local (14.0.0) {08/10/20 13:48:52}
08/10/20 13:48:57 POST Script of node create_dir_harry-potter-text-analysis_0_local completed successfully.
08/10/20 13:48:57 DAG status: 0 (DAG_STATUS_OK)
08/10/20 13:48:57 Of 19 nodes total:
08/10/20 13:48:57  Done     Pre   Queued    Post   Ready   Un-Ready   Failed
08/10/20 13:48:57   ===     ===      ===     ===     ===        ===      ===
08/10/20 13:48:57     1       0        0       0       4         14        0
08/10/20 13:48:57 0 job proc(s) currently held
08/10/20 13:48:57 DAGMan Runtime Statistics: [ EventCycleTimeStd = 0.01267119712370923; EventCycleTimeMax = 0.0498359203338623; SubmitCycleTimeMin = 0.0009219646453857422; SubmitCycleTimeAvg = 0.01545063654581706; SleepCycleTimeCount = 2.0; SubmitCycleTimeCount = 3.0; SubmitCycleTimeMax = 0.04418087005615234; SleepCycleTimeMin = 5.006685972213745; SubmitCycleTimeSum = 0.04635190963745117; LogProcessCycleTimeStd = 0.009949690821663776; SubmitCycleTimeStd = 0.02488164963289887; LogProcessCycleTimeAvg = 0.01707863807678223; EventCycleTimeMin = 0.03191614151000977; LogProcessCycleTimeMax = 0.02411413192749023; LogProcessCycleTimeMin = 0.01004314422607422; LogProcessCycleTimeSum = 0.03415727615356445; LogProcessCycleTimeCount = 2.0; EventCycleTimeSum = 0.08175206184387207; SleepCycleTimeSum = 10.21361088752747; SleepCycleTimeAvg = 5.106805443763733; SleepCycleTimeStd = 0.14159031452362; SleepCycleTimeMax = 5.206924915313721; EventCycleTimeCount = 2.0; EventCycleTimeAvg = 0.04087603092193604; ]
08/10/20 13:49:02 Submitting HTCondor Node stage_in_remote_local_2_0 job(s)...
08/10/20 13:49:02 Adding a DAGMan workflow log /home/scitech/shared-data/sample-text-analysis-wf/scitech/pegasus/harry-potter-text-analysis/run0002/./harry-potter-text-analysis-0.dag.nodes.log
08/10/20 13:49:02 Masking the events recorded in the DAGMAN workflow log
08/10/20 13:49:02 Mask for workflow log is 0,1,2,4,5,7,9,10,11,12,13,16,17,24,27,35,36
08/10/20 13:49:02 submitting: /usr/bin/condor_submit -a dag_node_name' '=' 'stage_in_remote_local_2_0 -a +DAGManJobId' '=' '13 -a DAGManJobId' '=' '13 -batch-name harry-potter-text-analysis-0.dag+13 -a submit_event_notes' '=' 'DAG' 'Node:' 'stage_in_remote_local_2_0 -a dagman_log' '=' '/home/scitech/shared-data/sample-text-analysis-wf/scitech/pegasus/harry-potter-text-analysis/run0002/./harry-potter-text-analysis-0.dag.nodes.log -a +DAGManNodesMask' '=' '"0,1,2,4,5,7,9,10,11,12,13,16,17,24,27,35,36" -a priority=700 -a +DAGNodeRetry' '=' '0 -a DAG_STATUS' '=' '0 -a FAILED_COUNT' '=' '0 -a +KeepClaimIdle' '=' '20 -a notification' '=' 'never -a +DAGParentNodeNames' '=' '"create_dir_harry-potter-text-analysis_0_local" 00/00/stage_in_remote_local_2_0.sub
08/10/20 13:49:02 From submit: Submitting job(s).
08/10/20 13:49:02 From submit: 1 job(s) submitted to cluster 15.
08/10/20 13:49:02 	assigned HTCondor ID (15.0.0)
08/10/20 13:49:02 Submitting HTCondor Node stage_in_remote_local_1_0 job(s)...
08/10/20 13:49:02 Adding a DAGMan workflow log /home/scitech/shared-data/sample-text-analysis-wf/scitech/pegasus/harry-potter-text-analysis/run0002/./harry-potter-text-analysis-0.dag.nodes.log
08/10/20 13:49:02 Masking the events recorded in the DAGMAN workflow log
08/10/20 13:49:02 Mask for workflow log is 0,1,2,4,5,7,9,10,11,12,13,16,17,24,27,35,36
08/10/20 13:49:02 submitting: /usr/bin/condor_submit -a dag_node_name' '=' 'stage_in_remote_local_1_0 -a +DAGManJobId' '=' '13 -a DAGManJobId' '=' '13 -batch-name harry-potter-text-analysis-0.dag+13 -a submit_event_notes' '=' 'DAG' 'Node:' 'stage_in_remote_local_1_0 -a dagman_log' '=' '/home/scitech/shared-data/sample-text-analysis-wf/scitech/pegasus/harry-potter-text-analysis/run0002/./harry-potter-text-analysis-0.dag.nodes.log -a +DAGManNodesMask' '=' '"0,1,2,4,5,7,9,10,11,12,13,16,17,24,27,35,36" -a priority=700 -a +DAGNodeRetry' '=' '0 -a DAG_STATUS' '=' '0 -a FAILED_COUNT' '=' '0 -a +KeepClaimIdle' '=' '20 -a notification' '=' 'never -a +DAGParentNodeNames' '=' '"create_dir_harry-potter-text-analysis_0_local" 00/00/stage_in_remote_local_1_0.sub
08/10/20 13:49:02 From submit: Submitting job(s).
08/10/20 13:49:02 From submit: 1 job(s) submitted to cluster 16.
08/10/20 13:49:02 	assigned HTCondor ID (16.0.0)
08/10/20 13:49:02 Submitting HTCondor Node stage_in_remote_local_0_0 job(s)...
08/10/20 13:49:02 Adding a DAGMan workflow log /home/scitech/shared-data/sample-text-analysis-wf/scitech/pegasus/harry-potter-text-analysis/run0002/./harry-potter-text-analysis-0.dag.nodes.log
08/10/20 13:49:02 Masking the events recorded in the DAGMAN workflow log
08/10/20 13:49:02 Mask for workflow log is 0,1,2,4,5,7,9,10,11,12,13,16,17,24,27,35,36
08/10/20 13:49:02 submitting: /usr/bin/condor_submit -a dag_node_name' '=' 'stage_in_remote_local_0_0 -a +DAGManJobId' '=' '13 -a DAGManJobId' '=' '13 -batch-name harry-potter-text-analysis-0.dag+13 -a submit_event_notes' '=' 'DAG' 'Node:' 'stage_in_remote_local_0_0 -a dagman_log' '=' '/home/scitech/shared-data/sample-text-analysis-wf/scitech/pegasus/harry-potter-text-analysis/run0002/./harry-potter-text-analysis-0.dag.nodes.log -a +DAGManNodesMask' '=' '"0,1,2,4,5,7,9,10,11,12,13,16,17,24,27,35,36" -a priority=700 -a +DAGNodeRetry' '=' '0 -a DAG_STATUS' '=' '0 -a FAILED_COUNT' '=' '0 -a +KeepClaimIdle' '=' '20 -a notification' '=' 'never -a +DAGParentNodeNames' '=' '"create_dir_harry-potter-text-analysis_0_local" 00/00/stage_in_remote_local_0_0.sub
08/10/20 13:49:02 From submit: Submitting job(s).
08/10/20 13:49:02 From submit: 1 job(s) submitted to cluster 17.
08/10/20 13:49:02 	assigned HTCondor ID (17.0.0)
08/10/20 13:49:02 Submitting HTCondor Node stage_in_local_local_0_0 job(s)...
08/10/20 13:49:02 Adding a DAGMan workflow log /home/scitech/shared-data/sample-text-analysis-wf/scitech/pegasus/harry-potter-text-analysis/run0002/./harry-potter-text-analysis-0.dag.nodes.log
08/10/20 13:49:02 Masking the events recorded in the DAGMAN workflow log
08/10/20 13:49:02 Mask for workflow log is 0,1,2,4,5,7,9,10,11,12,13,16,17,24,27,35,36
08/10/20 13:49:02 submitting: /usr/bin/condor_submit -a dag_node_name' '=' 'stage_in_local_local_0_0 -a +DAGManJobId' '=' '13 -a DAGManJobId' '=' '13 -batch-name harry-potter-text-analysis-0.dag+13 -a submit_event_notes' '=' 'DAG' 'Node:' 'stage_in_local_local_0_0 -a dagman_log' '=' '/home/scitech/shared-data/sample-text-analysis-wf/scitech/pegasus/harry-potter-text-analysis/run0002/./harry-potter-text-analysis-0.dag.nodes.log -a +DAGManNodesMask' '=' '"0,1,2,4,5,7,9,10,11,12,13,16,17,24,27,35,36" -a priority=700 -a +DAGNodeRetry' '=' '0 -a DAG_STATUS' '=' '0 -a FAILED_COUNT' '=' '0 -a +KeepClaimIdle' '=' '20 -a notification' '=' 'never -a +DAGParentNodeNames' '=' '"create_dir_harry-potter-text-analysis_0_local" 00/00/stage_in_local_local_0_0.sub
08/10/20 13:49:02 From submit: Submitting job(s).
08/10/20 13:49:02 From submit: 1 job(s) submitted to cluster 18.
08/10/20 13:49:02 	assigned HTCondor ID (18.0.0)
08/10/20 13:49:02 Just submitted 4 jobs this cycle...
08/10/20 13:49:02 DAG status: 0 (DAG_STATUS_OK)
08/10/20 13:49:02 Of 19 nodes total:
08/10/20 13:49:02  Done     Pre   Queued    Post   Ready   Un-Ready   Failed
08/10/20 13:49:02   ===     ===      ===     ===     ===        ===      ===
08/10/20 13:49:02     1       0        4       0       0         14        0
08/10/20 13:49:02 0 job proc(s) currently held
08/10/20 13:49:02 DAGMan Runtime Statistics: [ EventCycleTimeStd = 0.0128508650972233; EventCycleTimeMax = 0.0498359203338623; SubmitCycleTimeMin = 0.0009219646453857422; SubmitCycleTimeAvg = 0.04326343536376953; SleepCycleTimeCount = 3.0; SubmitCycleTimeCount = 4.0; SubmitCycleTimeMax = 0.126701831817627; SleepCycleTimeMin = 5.005524158477783; SubmitCycleTimeSum = 0.1730537414550781; LogProcessCycleTimeStd = 0.009949690821663776; SubmitCycleTimeStd = 0.05921940648684758; LogProcessCycleTimeAvg = 0.01707863807678223; EventCycleTimeMin = 0.02491998672485352; LogProcessCycleTimeMax = 0.02411413192749023; LogProcessCycleTimeMin = 0.01004314422607422; LogProcessCycleTimeSum = 0.03415727615356445; LogProcessCycleTimeCount = 2.0; EventCycleTimeSum = 0.1066720485687256; SleepCycleTimeSum = 15.21913504600525; SleepCycleTimeAvg = 5.073045015335083; SleepCycleTimeStd = 0.1159448496765026; SleepCycleTimeMax = 5.206924915313721; EventCycleTimeCount = 3.0; EventCycleTimeAvg = 0.03555734952290853; ]
08/10/20 13:49:07 Currently monitoring 1 HTCondor log file(s)
08/10/20 13:49:07 Reassigning the id of job stage_in_remote_local_2_0 from (15.0.0) to (15.0.0)
08/10/20 13:49:07 Event: ULOG_SUBMIT for HTCondor Node stage_in_remote_local_2_0 (15.0.0) {08/10/20 13:49:02}
08/10/20 13:49:07 Number of idle job procs: 1
08/10/20 13:49:07 Reassigning the id of job stage_in_remote_local_1_0 from (16.0.0) to (16.0.0)
08/10/20 13:49:07 Event: ULOG_SUBMIT for HTCondor Node stage_in_remote_local_1_0 (16.0.0) {08/10/20 13:49:02}
08/10/20 13:49:07 Number of idle job procs: 2
08/10/20 13:49:07 Reassigning the id of job stage_in_remote_local_0_0 from (17.0.0) to (17.0.0)
08/10/20 13:49:07 Event: ULOG_SUBMIT for HTCondor Node stage_in_remote_local_0_0 (17.0.0) {08/10/20 13:49:02}
08/10/20 13:49:07 Number of idle job procs: 3
08/10/20 13:49:07 Reassigning the id of job stage_in_local_local_0_0 from (18.0.0) to (18.0.0)
08/10/20 13:49:07 Event: ULOG_SUBMIT for HTCondor Node stage_in_local_local_0_0 (18.0.0) {08/10/20 13:49:02}
08/10/20 13:49:07 Number of idle job procs: 4
08/10/20 13:49:07 Event: ULOG_EXECUTE for HTCondor Node stage_in_remote_local_2_0 (15.0.0) {08/10/20 13:49:05}
08/10/20 13:49:07 Number of idle job procs: 3
08/10/20 13:49:07 Event: ULOG_EXECUTE for HTCondor Node stage_in_remote_local_0_0 (17.0.0) {08/10/20 13:49:05}
08/10/20 13:49:07 Number of idle job procs: 2
08/10/20 13:49:07 Event: ULOG_EXECUTE for HTCondor Node stage_in_remote_local_1_0 (16.0.0) {08/10/20 13:49:05}
08/10/20 13:49:07 Number of idle job procs: 1
08/10/20 13:49:07 Event: ULOG_EXECUTE for HTCondor Node stage_in_local_local_0_0 (18.0.0) {08/10/20 13:49:05}
08/10/20 13:49:07 Number of idle job procs: 0
08/10/20 13:49:07 Event: ULOG_JOB_TERMINATED for HTCondor Node stage_in_remote_local_0_0 (17.0.0) {08/10/20 13:49:07}
08/10/20 13:49:07 Number of idle job procs: 0
08/10/20 13:49:07 Node stage_in_remote_local_0_0 job proc (17.0.0) completed successfully.
08/10/20 13:49:07 Node stage_in_remote_local_0_0 job completed
08/10/20 13:49:07 Running POST script of Node stage_in_remote_local_0_0...
08/10/20 13:49:07 Warning: mysin has length 0 (ignore if produced by DAGMan; see gittrac #4987, #5031)
08/10/20 13:49:07 Event: ULOG_JOB_TERMINATED for HTCondor Node stage_in_remote_local_2_0 (15.0.0) {08/10/20 13:49:07}
08/10/20 13:49:07 Number of idle job procs: 0
08/10/20 13:49:07 Node stage_in_remote_local_2_0 job proc (15.0.0) completed successfully.
08/10/20 13:49:07 Node stage_in_remote_local_2_0 job completed
08/10/20 13:49:07 Running POST script of Node stage_in_remote_local_2_0...
08/10/20 13:49:07 Warning: mysin has length 0 (ignore if produced by DAGMan; see gittrac #4987, #5031)
08/10/20 13:49:07 Event: ULOG_JOB_TERMINATED for HTCondor Node stage_in_remote_local_1_0 (16.0.0) {08/10/20 13:49:07}
08/10/20 13:49:07 Number of idle job procs: 0
08/10/20 13:49:07 Node stage_in_remote_local_1_0 job proc (16.0.0) completed successfully.
08/10/20 13:49:07 Node stage_in_remote_local_1_0 job completed
08/10/20 13:49:07 Running POST script of Node stage_in_remote_local_1_0...
08/10/20 13:49:07 Warning: mysin has length 0 (ignore if produced by DAGMan; see gittrac #4987, #5031)
08/10/20 13:49:07 Event: ULOG_JOB_TERMINATED for HTCondor Node stage_in_local_local_0_0 (18.0.0) {08/10/20 13:49:07}
08/10/20 13:49:07 Number of idle job procs: 0
08/10/20 13:49:07 Node stage_in_local_local_0_0 job proc (18.0.0) completed successfully.
08/10/20 13:49:07 Node stage_in_local_local_0_0 job completed
08/10/20 13:49:07 Running POST script of Node stage_in_local_local_0_0...
08/10/20 13:49:07 Warning: mysin has length 0 (ignore if produced by DAGMan; see gittrac #4987, #5031)
08/10/20 13:49:07 DAG status: 0 (DAG_STATUS_OK)
08/10/20 13:49:07 Of 19 nodes total:
08/10/20 13:49:07  Done     Pre   Queued    Post   Ready   Un-Ready   Failed
08/10/20 13:49:07   ===     ===      ===     ===     ===        ===      ===
08/10/20 13:49:07     1       0        0       4       0         14        0
08/10/20 13:49:07 0 job proc(s) currently held
08/10/20 13:49:07 DAGMan Runtime Statistics: [ EventCycleTimeStd = 0.049670644498773; EventCycleTimeMax = 0.1326568126678467; SubmitCycleTimeMin = 0.0009219646453857422; SubmitCycleTimeAvg = 0.03481216430664062; SleepCycleTimeCount = 4.0; SubmitCycleTimeCount = 5.0; SubmitCycleTimeMax = 0.126701831817627; SleepCycleTimeMin = 5.005524158477783; SubmitCycleTimeSum = 0.1740608215332031; LogProcessCycleTimeStd = 0.02484608885438115; SubmitCycleTimeStd = 0.05465641308113978; LogProcessCycleTimeAvg = 0.03083642323811849; EventCycleTimeMin = 0.02491998672485352; LogProcessCycleTimeMax = 0.05835199356079102; LogProcessCycleTimeMin = 0.01004314422607422; LogProcessCycleTimeSum = 0.09250926971435547; LogProcessCycleTimeCount = 3.0; EventCycleTimeSum = 0.2393288612365723; SleepCycleTimeSum = 20.23167610168457; SleepCycleTimeAvg = 5.057919025421143; SleepCycleTimeStd = 0.0993847124118076; SleepCycleTimeMax = 5.206924915313721; EventCycleTimeCount = 4.0; EventCycleTimeAvg = 0.05983221530914307; ]
08/10/20 13:49:08 Initializing user log writer for /home/scitech/shared-data/sample-text-analysis-wf/scitech/pegasus/harry-potter-text-analysis/run0002/./harry-potter-text-analysis-0.dag.nodes.log, (17.0.0)
08/10/20 13:49:08 Initializing user log writer for /home/scitech/shared-data/sample-text-analysis-wf/scitech/pegasus/harry-potter-text-analysis/run0002/./harry-potter-text-analysis-0.dag.nodes.log, (16.0.0)
08/10/20 13:49:08 Initializing user log writer for /home/scitech/shared-data/sample-text-analysis-wf/scitech/pegasus/harry-potter-text-analysis/run0002/./harry-potter-text-analysis-0.dag.nodes.log, (15.0.0)
08/10/20 13:49:08 Initializing user log writer for /home/scitech/shared-data/sample-text-analysis-wf/scitech/pegasus/harry-potter-text-analysis/run0002/./harry-potter-text-analysis-0.dag.nodes.log, (18.0.0)
08/10/20 13:49:12 Currently monitoring 1 HTCondor log file(s)
08/10/20 13:49:12 Event: ULOG_POST_SCRIPT_TERMINATED for HTCondor Node stage_in_remote_local_0_0 (17.0.0) {08/10/20 13:49:08}
08/10/20 13:49:12 POST Script of node stage_in_remote_local_0_0 completed successfully.
08/10/20 13:49:12 Event: ULOG_POST_SCRIPT_TERMINATED for HTCondor Node stage_in_remote_local_1_0 (16.0.0) {08/10/20 13:49:08}
08/10/20 13:49:12 POST Script of node stage_in_remote_local_1_0 completed successfully.
08/10/20 13:49:12 Event: ULOG_POST_SCRIPT_TERMINATED for HTCondor Node stage_in_remote_local_2_0 (15.0.0) {08/10/20 13:49:08}
08/10/20 13:49:12 POST Script of node stage_in_remote_local_2_0 completed successfully.
08/10/20 13:49:12 Event: ULOG_POST_SCRIPT_TERMINATED for HTCondor Node stage_in_local_local_0_0 (18.0.0) {08/10/20 13:49:08}
08/10/20 13:49:12 POST Script of node stage_in_local_local_0_0 completed successfully.
08/10/20 13:49:12 DAG status: 0 (DAG_STATUS_OK)
08/10/20 13:49:12 Of 19 nodes total:
08/10/20 13:49:12  Done     Pre   Queued    Post   Ready   Un-Ready   Failed
08/10/20 13:49:12   ===     ===      ===     ===     ===        ===      ===
08/10/20 13:49:12     5       0        0       0       1         13        0
08/10/20 13:49:12 0 job proc(s) currently held
08/10/20 13:49:12 DAGMan Runtime Statistics: [ EventCycleTimeStd = 0.04305720264047789; EventCycleTimeMax = 0.1326568126678467; SubmitCycleTimeMin = 0.0002269744873046875; SubmitCycleTimeAvg = 0.02904796600341797; SleepCycleTimeCount = 5.0; SubmitCycleTimeCount = 6.0; SubmitCycleTimeMax = 0.126701831817627; SleepCycleTimeMin = 4.257287979125977; SubmitCycleTimeSum = 0.1742877960205078; LogProcessCycleTimeStd = 0.02371579639905079; SubmitCycleTimeStd = 0.05088432651799766; LogProcessCycleTimeAvg = 0.02469462156295776; EventCycleTimeMin = 0.02491998672485352; LogProcessCycleTimeMax = 0.05835199356079102; LogProcessCycleTimeMin = 0.006269216537475586; LogProcessCycleTimeSum = 0.09877848625183105; LogProcessCycleTimeCount = 4.0; EventCycleTimeSum = 0.3033699989318848; SleepCycleTimeSum = 24.48896408081055; SleepCycleTimeAvg = 4.897792816162109; SleepCycleTimeStd = 0.3682526378102698; SleepCycleTimeMax = 5.206924915313721; EventCycleTimeCount = 5.0; EventCycleTimeAvg = 0.06067399978637696; ]
08/10/20 13:49:17 Submitting HTCondor Node word_count_ID0000001 job(s)...
08/10/20 13:49:17 Adding a DAGMan workflow log /home/scitech/shared-data/sample-text-analysis-wf/scitech/pegasus/harry-potter-text-analysis/run0002/./harry-potter-text-analysis-0.dag.nodes.log
08/10/20 13:49:17 Masking the events recorded in the DAGMAN workflow log
08/10/20 13:49:17 Mask for workflow log is 0,1,2,4,5,7,9,10,11,12,13,16,17,24,27,35,36
08/10/20 13:49:17 submitting: /usr/bin/condor_submit -a dag_node_name' '=' 'word_count_ID0000001 -a +DAGManJobId' '=' '13 -a DAGManJobId' '=' '13 -batch-name harry-potter-text-analysis-0.dag+13 -a submit_event_notes' '=' 'DAG' 'Node:' 'word_count_ID0000001 -a dagman_log' '=' '/home/scitech/shared-data/sample-text-analysis-wf/scitech/pegasus/harry-potter-text-analysis/run0002/./harry-potter-text-analysis-0.dag.nodes.log -a +DAGManNodesMask' '=' '"0,1,2,4,5,7,9,10,11,12,13,16,17,24,27,35,36" -a priority=20 -a +DAGNodeRetry' '=' '0 -a DAG_STATUS' '=' '0 -a FAILED_COUNT' '=' '0 -a +KeepClaimIdle' '=' '20 -a notification' '=' 'never -a +DAGParentNodeNames' '=' '"stage_in_remote_local_0_0,stage_in_local_local_0_0" 00/00/word_count_ID0000001.sub
08/10/20 13:49:17 From submit: Submitting job(s).
08/10/20 13:49:17 From submit: 1 job(s) submitted to cluster 19.
08/10/20 13:49:17 	assigned HTCondor ID (19.0.0)
08/10/20 13:49:17 Just submitted 1 job this cycle...
08/10/20 13:49:17 DAG status: 0 (DAG_STATUS_OK)
08/10/20 13:49:17 Of 19 nodes total:
08/10/20 13:49:17  Done     Pre   Queued    Post   Ready   Un-Ready   Failed
08/10/20 13:49:17   ===     ===      ===     ===     ===        ===      ===
08/10/20 13:49:17     5       0        1       0       0         13        0
08/10/20 13:49:17 0 job proc(s) currently held
08/10/20 13:49:17 DAGMan Runtime Statistics: [ EventCycleTimeStd = 0.04373292908573744; EventCycleTimeMax = 0.1326568126678467; SubmitCycleTimeMin = 0.0002269744873046875; SubmitCycleTimeAvg = 0.03215438979012625; SleepCycleTimeCount = 6.0; SubmitCycleTimeCount = 7.0; SubmitCycleTimeMax = 0.126701831817627; SleepCycleTimeMin = 4.257287979125977; SubmitCycleTimeSum = 0.2250807285308838; LogProcessCycleTimeStd = 0.02371579639905079; SubmitCycleTimeStd = 0.04717232224009706; LogProcessCycleTimeAvg = 0.02469462156295776; EventCycleTimeMin = 0.009913921356201172; LogProcessCycleTimeMax = 0.05835199356079102; LogProcessCycleTimeMin = 0.006269216537475586; LogProcessCycleTimeSum = 0.09877848625183105; LogProcessCycleTimeCount = 4.0; EventCycleTimeSum = 0.3132839202880859; SleepCycleTimeSum = 29.49579405784607; SleepCycleTimeAvg = 4.915965676307678; SleepCycleTimeStd = 0.3323695552823691; SleepCycleTimeMax = 5.206924915313721; EventCycleTimeCount = 6.0; EventCycleTimeAvg = 0.05221398671468099; ]
08/10/20 13:49:22 Currently monitoring 1 HTCondor log file(s)
08/10/20 13:49:22 Reassigning the id of job word_count_ID0000001 from (19.0.0) to (19.0.0)
08/10/20 13:49:22 Event: ULOG_SUBMIT for HTCondor Node word_count_ID0000001 (19.0.0) {08/10/20 13:49:17}
08/10/20 13:49:22 Number of idle job procs: 1
08/10/20 13:49:27 Currently monitoring 1 HTCondor log file(s)
08/10/20 13:49:27 Event: ULOG_EXECUTE for HTCondor Node word_count_ID0000001 (19.0.0) {08/10/20 13:49:22}
08/10/20 13:49:27 Number of idle job procs: 0
08/10/20 13:49:27 Event: ULOG_JOB_TERMINATED for HTCondor Node word_count_ID0000001 (19.0.0) {08/10/20 13:49:23}
08/10/20 13:49:27 Number of idle job procs: 0
08/10/20 13:49:27 Node word_count_ID0000001 job proc (19.0.0) completed successfully.
08/10/20 13:49:27 Node word_count_ID0000001 job completed
08/10/20 13:49:27 Running POST script of Node word_count_ID0000001...
08/10/20 13:49:27 Warning: mysin has length 0 (ignore if produced by DAGMan; see gittrac #4987, #5031)
08/10/20 13:49:27 DAG status: 0 (DAG_STATUS_OK)
08/10/20 13:49:27 Of 19 nodes total:
08/10/20 13:49:27  Done     Pre   Queued    Post   Ready   Un-Ready   Failed
08/10/20 13:49:27   ===     ===      ===     ===     ===        ===      ===
08/10/20 13:49:27     5       0        0       1       0         13        0
08/10/20 13:49:27 0 job proc(s) currently held
08/10/20 13:49:27 DAGMan Runtime Statistics: [ EventCycleTimeStd = 0.04089378799067291; EventCycleTimeMax = 0.1326568126678467; SubmitCycleTimeMin = 0.0002269744873046875; SubmitCycleTimeAvg = 0.02512555652194553; SleepCycleTimeCount = 8.0; SubmitCycleTimeCount = 9.0; SubmitCycleTimeMax = 0.126701831817627; SleepCycleTimeMin = 4.257287979125977; SubmitCycleTimeSum = 0.2261300086975098; LogProcessCycleTimeStd = 0.02043946550635846; SubmitCycleTimeStd = 0.04316784716982892; LogProcessCycleTimeAvg = 0.01959208647410075; EventCycleTimeMin = 0.003314971923828125; LogProcessCycleTimeMax = 0.05835199356079102; LogProcessCycleTimeMin = 0.002712011337280273; LogProcessCycleTimeSum = 0.1175525188446045; LogProcessCycleTimeCount = 6.0; EventCycleTimeSum = 0.3721778392791748; SleepCycleTimeSum = 39.50548720359802; SleepCycleTimeAvg = 4.938185900449753; SleepCycleTimeStd = 0.2839008103727916; SleepCycleTimeMax = 5.206924915313721; EventCycleTimeCount = 8.0; EventCycleTimeAvg = 0.04652222990989685; ]
08/10/20 13:49:27 Initializing user log writer for /home/scitech/shared-data/sample-text-analysis-wf/scitech/pegasus/harry-potter-text-analysis/run0002/./harry-potter-text-analysis-0.dag.nodes.log, (19.0.0)
08/10/20 13:49:32 Currently monitoring 1 HTCondor log file(s)
08/10/20 13:49:32 Event: ULOG_POST_SCRIPT_TERMINATED for HTCondor Node word_count_ID0000001 (19.0.0) {08/10/20 13:49:27}
08/10/20 13:49:32 POST Script of node word_count_ID0000001 completed successfully.
08/10/20 13:49:32 DAG status: 0 (DAG_STATUS_OK)
08/10/20 13:49:32 Of 19 nodes total:
08/10/20 13:49:32  Done     Pre   Queued    Post   Ready   Un-Ready   Failed
08/10/20 13:49:32   ===     ===      ===     ===     ===        ===      ===
08/10/20 13:49:32     6       0        0       0       3         10        0
08/10/20 13:49:32 0 job proc(s) currently held
08/10/20 13:49:32 DAGMan Runtime Statistics: [ EventCycleTimeStd = 0.0389933909986547; EventCycleTimeMax = 0.1326568126678467; SubmitCycleTimeMin = 0.0002269744873046875; SubmitCycleTimeAvg = 0.02268199920654297; SleepCycleTimeCount = 9.0; SubmitCycleTimeCount = 10.0; SubmitCycleTimeMax = 0.126701831817627; SleepCycleTimeMin = 4.257287979125977; SubmitCycleTimeSum = 0.2268199920654297; LogProcessCycleTimeStd = 0.01954744941213181; SubmitCycleTimeStd = 0.04142609449509763; LogProcessCycleTimeAvg = 0.01738950184413365; EventCycleTimeMin = 0.003314971923828125; LogProcessCycleTimeMax = 0.05835199356079102; LogProcessCycleTimeMin = 0.002712011337280273; LogProcessCycleTimeSum = 0.1217265129089355; LogProcessCycleTimeCount = 7.0; EventCycleTimeSum = 0.3960068225860596; SleepCycleTimeSum = 44.73155808448792; SleepCycleTimeAvg = 4.970173120498657; SleepCycleTimeStd = 0.2823709467741843; SleepCycleTimeMax = 5.226070880889893; EventCycleTimeCount = 9.0; EventCycleTimeAvg = 0.04400075806511773; ]
08/10/20 13:49:37 Submitting HTCondor Node clean_up_local_level_3_0 job(s)...
08/10/20 13:49:37 Adding a DAGMan workflow log /home/scitech/shared-data/sample-text-analysis-wf/scitech/pegasus/harry-potter-text-analysis/run0002/./harry-potter-text-analysis-0.dag.nodes.log
08/10/20 13:49:37 Masking the events recorded in the DAGMAN workflow log
08/10/20 13:49:37 Mask for workflow log is 0,1,2,4,5,7,9,10,11,12,13,16,17,24,27,35,36
08/10/20 13:49:37 submitting: /usr/bin/condor_submit -a dag_node_name' '=' 'clean_up_local_level_3_0 -a +DAGManJobId' '=' '13 -a DAGManJobId' '=' '13 -batch-name harry-potter-text-analysis-0.dag+13 -a submit_event_notes' '=' 'DAG' 'Node:' 'clean_up_local_level_3_0 -a dagman_log' '=' '/home/scitech/shared-data/sample-text-analysis-wf/scitech/pegasus/harry-potter-text-analysis/run0002/./harry-potter-text-analysis-0.dag.nodes.log -a +DAGManNodesMask' '=' '"0,1,2,4,5,7,9,10,11,12,13,16,17,24,27,35,36" -a priority=1000 -a +DAGNodeRetry' '=' '0 -a DAG_STATUS' '=' '0 -a FAILED_COUNT' '=' '0 -a +KeepClaimIdle' '=' '20 -a notification' '=' 'never -a +DAGParentNodeNames' '=' '"word_count_ID0000001" 00/00/clean_up_local_level_3_0.sub
08/10/20 13:49:37 From submit: Submitting job(s).
08/10/20 13:49:37 From submit: 1 job(s) submitted to cluster 20.
08/10/20 13:49:37 	assigned HTCondor ID (20.0.0)
08/10/20 13:49:37 Submitting HTCondor Node stage_out_local_local_0_0 job(s)...
08/10/20 13:49:37 Adding a DAGMan workflow log /home/scitech/shared-data/sample-text-analysis-wf/scitech/pegasus/harry-potter-text-analysis/run0002/./harry-potter-text-analysis-0.dag.nodes.log
08/10/20 13:49:37 Masking the events recorded in the DAGMAN workflow log
08/10/20 13:49:37 Mask for workflow log is 0,1,2,4,5,7,9,10,11,12,13,16,17,24,27,35,36
08/10/20 13:49:37 submitting: /usr/bin/condor_submit -a dag_node_name' '=' 'stage_out_local_local_0_0 -a +DAGManJobId' '=' '13 -a DAGManJobId' '=' '13 -batch-name harry-potter-text-analysis-0.dag+13 -a submit_event_notes' '=' 'DAG' 'Node:' 'stage_out_local_local_0_0 -a dagman_log' '=' '/home/scitech/shared-data/sample-text-analysis-wf/scitech/pegasus/harry-potter-text-analysis/run0002/./harry-potter-text-analysis-0.dag.nodes.log -a +DAGManNodesMask' '=' '"0,1,2,4,5,7,9,10,11,12,13,16,17,24,27,35,36" -a priority=900 -a +DAGNodeRetry' '=' '0 -a DAG_STATUS' '=' '0 -a FAILED_COUNT' '=' '0 -a +KeepClaimIdle' '=' '20 -a notification' '=' 'never -a +DAGParentNodeNames' '=' '"word_count_ID0000001" 00/00/stage_out_local_local_0_0.sub
08/10/20 13:49:37 From submit: Submitting job(s).
08/10/20 13:49:37 From submit: 1 job(s) submitted to cluster 21.
08/10/20 13:49:37 	assigned HTCondor ID (21.0.0)
08/10/20 13:49:37 Submitting HTCondor Node sort_ID0000002 job(s)...
08/10/20 13:49:37 Adding a DAGMan workflow log /home/scitech/shared-data/sample-text-analysis-wf/scitech/pegasus/harry-potter-text-analysis/run0002/./harry-potter-text-analysis-0.dag.nodes.log
08/10/20 13:49:37 Masking the events recorded in the DAGMAN workflow log
08/10/20 13:49:37 Mask for workflow log is 0,1,2,4,5,7,9,10,11,12,13,16,17,24,27,35,36
08/10/20 13:49:37 submitting: /usr/bin/condor_submit -a dag_node_name' '=' 'sort_ID0000002 -a +DAGManJobId' '=' '13 -a DAGManJobId' '=' '13 -batch-name harry-potter-text-analysis-0.dag+13 -a submit_event_notes' '=' 'DAG' 'Node:' 'sort_ID0000002 -a dagman_log' '=' '/home/scitech/shared-data/sample-text-analysis-wf/scitech/pegasus/harry-potter-text-analysis/run0002/./harry-potter-text-analysis-0.dag.nodes.log -a +DAGManNodesMask' '=' '"0,1,2,4,5,7,9,10,11,12,13,16,17,24,27,35,36" -a priority=30 -a +DAGNodeRetry' '=' '0 -a DAG_STATUS' '=' '0 -a FAILED_COUNT' '=' '0 -a +KeepClaimIdle' '=' '20 -a notification' '=' 'never -a +DAGParentNodeNames' '=' '"stage_in_remote_local_1_0,word_count_ID0000001" 00/00/sort_ID0000002.sub
08/10/20 13:49:37 From submit: Submitting job(s).
08/10/20 13:49:37 From submit: 1 job(s) submitted to cluster 22.
08/10/20 13:49:37 	assigned HTCondor ID (22.0.0)
08/10/20 13:49:37 Just submitted 3 jobs this cycle...
08/10/20 13:49:37 DAG status: 0 (DAG_STATUS_OK)
08/10/20 13:49:37 Of 19 nodes total:
08/10/20 13:49:37  Done     Pre   Queued    Post   Ready   Un-Ready   Failed
08/10/20 13:49:37   ===     ===      ===     ===     ===        ===      ===
08/10/20 13:49:37     6       0        3       0       0         10        0
08/10/20 13:49:37 0 job proc(s) currently held
08/10/20 13:49:37 DAGMan Runtime Statistics: [ EventCycleTimeStd = 0.03821769457852161; EventCycleTimeMax = 0.1326568126678467; SubmitCycleTimeMin = 0.0002269744873046875; SubmitCycleTimeAvg = 0.02970110286365856; SleepCycleTimeCount = 10.0; SubmitCycleTimeCount = 11.0; SubmitCycleTimeMax = 0.126701831817627; SleepCycleTimeMin = 4.257287979125977; SubmitCycleTimeSum = 0.3267121315002441; LogProcessCycleTimeStd = 0.01954744941213181; SubmitCycleTimeStd = 0.04567773147002541; LogProcessCycleTimeAvg = 0.01738950184413365; EventCycleTimeMin = 0.003314971923828125; LogProcessCycleTimeMax = 0.05835199356079102; LogProcessCycleTimeMin = 0.002712011337280273; LogProcessCycleTimeSum = 0.1217265129089355; LogProcessCycleTimeCount = 7.0; EventCycleTimeSum = 0.406984806060791; SleepCycleTimeSum = 49.73964023590088; SleepCycleTimeAvg = 4.973964023590088; SleepCycleTimeStd = 0.2664916504465618; SleepCycleTimeMax = 5.226070880889893; EventCycleTimeCount = 10.0; EventCycleTimeAvg = 0.0406984806060791; ]
08/10/20 13:49:42 Currently monitoring 1 HTCondor log file(s)
08/10/20 13:49:42 Reassigning the id of job clean_up_local_level_3_0 from (20.0.0) to (20.0.0)
08/10/20 13:49:42 Event: ULOG_SUBMIT for HTCondor Node clean_up_local_level_3_0 (20.0.0) {08/10/20 13:49:37}
08/10/20 13:49:42 Number of idle job procs: 1
08/10/20 13:49:42 Reassigning the id of job stage_out_local_local_0_0 from (21.0.0) to (21.0.0)
08/10/20 13:49:42 Event: ULOG_SUBMIT for HTCondor Node stage_out_local_local_0_0 (21.0.0) {08/10/20 13:49:37}
08/10/20 13:49:42 Number of idle job procs: 2
08/10/20 13:49:42 Reassigning the id of job sort_ID0000002 from (22.0.0) to (22.0.0)
08/10/20 13:49:42 Event: ULOG_SUBMIT for HTCondor Node sort_ID0000002 (22.0.0) {08/10/20 13:49:37}
08/10/20 13:49:42 Number of idle job procs: 3
08/10/20 13:49:42 Event: ULOG_EXECUTE for HTCondor Node sort_ID0000002 (22.0.0) {08/10/20 13:49:38}
08/10/20 13:49:42 Number of idle job procs: 2
08/10/20 13:49:42 Event: ULOG_JOB_TERMINATED for HTCondor Node sort_ID0000002 (22.0.0) {08/10/20 13:49:40}
08/10/20 13:49:42 Number of idle job procs: 2
08/10/20 13:49:42 Node sort_ID0000002 job proc (22.0.0) completed successfully.
08/10/20 13:49:42 Node sort_ID0000002 job completed
08/10/20 13:49:42 Running POST script of Node sort_ID0000002...
08/10/20 13:49:42 Warning: mysin has length 0 (ignore if produced by DAGMan; see gittrac #4987, #5031)
08/10/20 13:49:42 Event: ULOG_EXECUTE for HTCondor Node stage_out_local_local_0_0 (21.0.0) {08/10/20 13:49:42}
08/10/20 13:49:42 Number of idle job procs: 1
08/10/20 13:49:42 Event: ULOG_EXECUTE for HTCondor Node clean_up_local_level_3_0 (20.0.0) {08/10/20 13:49:42}
08/10/20 13:49:42 Number of idle job procs: 0
08/10/20 13:49:42 DAG status: 0 (DAG_STATUS_OK)
08/10/20 13:49:42 Of 19 nodes total:
08/10/20 13:49:42  Done     Pre   Queued    Post   Ready   Un-Ready   Failed
08/10/20 13:49:42   ===     ===      ===     ===     ===        ===      ===
08/10/20 13:49:42     6       0        2       1       0         10        0
08/10/20 13:49:42 0 job proc(s) currently held
08/10/20 13:49:42 DAGMan Runtime Statistics: [ EventCycleTimeStd = 0.04094834925315129; EventCycleTimeMax = 0.1326568126678467; SubmitCycleTimeMin = 0.0002269744873046875; SubmitCycleTimeAvg = 0.02727409203847249; SleepCycleTimeCount = 11.0; SubmitCycleTimeCount = 12.0; SubmitCycleTimeMax = 0.126701831817627; SleepCycleTimeMin = 4.257287979125977; SubmitCycleTimeSum = 0.3272891044616699; LogProcessCycleTimeStd = 0.01814181505125786; SubmitCycleTimeStd = 0.04435608176655331; LogProcessCycleTimeAvg = 0.01783794164657593; EventCycleTimeMin = 0.003314971923828125; LogProcessCycleTimeMax = 0.05835199356079102; LogProcessCycleTimeMin = 0.002712011337280273; LogProcessCycleTimeSum = 0.1427035331726074; LogProcessCycleTimeCount = 8.0; EventCycleTimeSum = 0.5108067989349365; SleepCycleTimeSum = 54.74564409255981; SleepCycleTimeAvg = 4.976876735687256; SleepCycleTimeStd = 0.2530006770570541; SleepCycleTimeMax = 5.226070880889893; EventCycleTimeCount = 11.0; EventCycleTimeAvg = 0.04643698172135786; ]
08/10/20 13:49:42 Initializing user log writer for /home/scitech/shared-data/sample-text-analysis-wf/scitech/pegasus/harry-potter-text-analysis/run0002/./harry-potter-text-analysis-0.dag.nodes.log, (22.0.0)
08/10/20 13:49:47 Currently monitoring 1 HTCondor log file(s)
08/10/20 13:49:47 Event: ULOG_POST_SCRIPT_TERMINATED for HTCondor Node sort_ID0000002 (22.0.0) {08/10/20 13:49:42}
08/10/20 13:49:47 POST Script of node sort_ID0000002 completed successfully.
08/10/20 13:49:47 Event: ULOG_JOB_TERMINATED for HTCondor Node stage_out_local_local_0_0 (21.0.0) {08/10/20 13:49:44}
08/10/20 13:49:47 Number of idle job procs: 0
08/10/20 13:49:47 Node stage_out_local_local_0_0 job proc (21.0.0) completed successfully.
08/10/20 13:49:47 Node stage_out_local_local_0_0 job completed
08/10/20 13:49:47 Running POST script of Node stage_out_local_local_0_0...
08/10/20 13:49:47 Warning: mysin has length 0 (ignore if produced by DAGMan; see gittrac #4987, #5031)
08/10/20 13:49:47 Event: ULOG_JOB_TERMINATED for HTCondor Node clean_up_local_level_3_0 (20.0.0) {08/10/20 13:49:46}
08/10/20 13:49:47 Number of idle job procs: 0
08/10/20 13:49:47 Node clean_up_local_level_3_0 job proc (20.0.0) completed successfully.
08/10/20 13:49:47 Node clean_up_local_level_3_0 job completed
08/10/20 13:49:47 Running POST script of Node clean_up_local_level_3_0...
08/10/20 13:49:47 Warning: mysin has length 0 (ignore if produced by DAGMan; see gittrac #4987, #5031)
08/10/20 13:49:47 DAG status: 0 (DAG_STATUS_OK)
08/10/20 13:49:47 Of 19 nodes total:
08/10/20 13:49:47  Done     Pre   Queued    Post   Ready   Un-Ready   Failed
08/10/20 13:49:47   ===     ===      ===     ===     ===        ===      ===
08/10/20 13:49:47     7       0        0       2       2          8        0
08/10/20 13:49:47 0 job proc(s) currently held
08/10/20 13:49:47 DAGMan Runtime Statistics: [ EventCycleTimeStd = 0.03948227926385579; EventCycleTimeMax = 0.1326568126678467; SubmitCycleTimeMin = 0.0002269744873046875; SubmitCycleTimeAvg = 0.02519893646240234; SleepCycleTimeCount = 12.0; SubmitCycleTimeCount = 13.0; SubmitCycleTimeMax = 0.126701831817627; SleepCycleTimeMin = 4.257287979125977; SubmitCycleTimeSum = 0.3275861740112305; LogProcessCycleTimeStd = 0.01698010204235204; SubmitCycleTimeStd = 0.04312178501080439; LogProcessCycleTimeAvg = 0.01803204748365614; EventCycleTimeMin = 0.003314971923828125; LogProcessCycleTimeMax = 0.05835199356079102; LogProcessCycleTimeMin = 0.002712011337280273; LogProcessCycleTimeSum = 0.1622884273529053; LogProcessCycleTimeCount = 9.0; EventCycleTimeSum = 0.5368919372558594; SleepCycleTimeSum = 59.96989893913269; SleepCycleTimeAvg = 4.997491578261058; SleepCycleTimeStd = 0.2515749833723012; SleepCycleTimeMax = 5.226070880889893; EventCycleTimeCount = 12.0; EventCycleTimeAvg = 0.04474099477132162; ]
08/10/20 13:49:48 Initializing user log writer for /home/scitech/shared-data/sample-text-analysis-wf/scitech/pegasus/harry-potter-text-analysis/run0002/./harry-potter-text-analysis-0.dag.nodes.log, (21.0.0)
08/10/20 13:49:48 Initializing user log writer for /home/scitech/shared-data/sample-text-analysis-wf/scitech/pegasus/harry-potter-text-analysis/run0002/./harry-potter-text-analysis-0.dag.nodes.log, (20.0.0)
08/10/20 13:49:52 Submitting HTCondor Node stage_out_local_local_1_0 job(s)...
08/10/20 13:49:52 Adding a DAGMan workflow log /home/scitech/shared-data/sample-text-analysis-wf/scitech/pegasus/harry-potter-text-analysis/run0002/./harry-potter-text-analysis-0.dag.nodes.log
08/10/20 13:49:52 Masking the events recorded in the DAGMAN workflow log
08/10/20 13:49:52 Mask for workflow log is 0,1,2,4,5,7,9,10,11,12,13,16,17,24,27,35,36
08/10/20 13:49:52 submitting: /usr/bin/condor_submit -a dag_node_name' '=' 'stage_out_local_local_1_0 -a +DAGManJobId' '=' '13 -a DAGManJobId' '=' '13 -batch-name harry-potter-text-analysis-0.dag+13 -a submit_event_notes' '=' 'DAG' 'Node:' 'stage_out_local_local_1_0 -a dagman_log' '=' '/home/scitech/shared-data/sample-text-analysis-wf/scitech/pegasus/harry-potter-text-analysis/run0002/./harry-potter-text-analysis-0.dag.nodes.log -a +DAGManNodesMask' '=' '"0,1,2,4,5,7,9,10,11,12,13,16,17,24,27,35,36" -a priority=900 -a +DAGNodeRetry' '=' '0 -a DAG_STATUS' '=' '0 -a FAILED_COUNT' '=' '0 -a +KeepClaimIdle' '=' '20 -a notification' '=' 'never -a +DAGParentNodeNames' '=' '"sort_ID0000002" 00/00/stage_out_local_local_1_0.sub
08/10/20 13:49:52 From submit: Submitting job(s).
08/10/20 13:49:52 From submit: 1 job(s) submitted to cluster 23.
08/10/20 13:49:52 	assigned HTCondor ID (23.0.0)
08/10/20 13:49:52 Submitting HTCondor Node plot_ID0000003 job(s)...
08/10/20 13:49:52 Adding a DAGMan workflow log /home/scitech/shared-data/sample-text-analysis-wf/scitech/pegasus/harry-potter-text-analysis/run0002/./harry-potter-text-analysis-0.dag.nodes.log
08/10/20 13:49:52 Masking the events recorded in the DAGMAN workflow log
08/10/20 13:49:52 Mask for workflow log is 0,1,2,4,5,7,9,10,11,12,13,16,17,24,27,35,36
08/10/20 13:49:52 submitting: /usr/bin/condor_submit -a dag_node_name' '=' 'plot_ID0000003 -a +DAGManJobId' '=' '13 -a DAGManJobId' '=' '13 -batch-name harry-potter-text-analysis-0.dag+13 -a submit_event_notes' '=' 'DAG' 'Node:' 'plot_ID0000003 -a dagman_log' '=' '/home/scitech/shared-data/sample-text-analysis-wf/scitech/pegasus/harry-potter-text-analysis/run0002/./harry-potter-text-analysis-0.dag.nodes.log -a +DAGManNodesMask' '=' '"0,1,2,4,5,7,9,10,11,12,13,16,17,24,27,35,36" -a priority=40 -a +DAGNodeRetry' '=' '0 -a DAG_STATUS' '=' '0 -a FAILED_COUNT' '=' '0 -a +KeepClaimIdle' '=' '20 -a notification' '=' 'never -a +DAGParentNodeNames' '=' '"stage_in_remote_local_2_0,sort_ID0000002" 00/00/plot_ID0000003.sub
08/10/20 13:49:52 From submit: Submitting job(s).
08/10/20 13:49:52 From submit: 1 job(s) submitted to cluster 24.
08/10/20 13:49:52 	assigned HTCondor ID (24.0.0)
08/10/20 13:49:52 Just submitted 2 jobs this cycle...
08/10/20 13:49:52 Currently monitoring 1 HTCondor log file(s)
08/10/20 13:49:52 Event: ULOG_POST_SCRIPT_TERMINATED for HTCondor Node stage_out_local_local_0_0 (21.0.0) {08/10/20 13:49:48}
08/10/20 13:49:52 POST Script of node stage_out_local_local_0_0 completed successfully.
08/10/20 13:49:52 Event: ULOG_POST_SCRIPT_TERMINATED for HTCondor Node clean_up_local_level_3_0 (20.0.0) {08/10/20 13:49:48}
08/10/20 13:49:52 POST Script of node clean_up_local_level_3_0 completed successfully.
08/10/20 13:49:52 Reassigning the id of job stage_out_local_local_1_0 from (23.0.0) to (23.0.0)
08/10/20 13:49:52 Event: ULOG_SUBMIT for HTCondor Node stage_out_local_local_1_0 (23.0.0) {08/10/20 13:49:52}
08/10/20 13:49:52 Number of idle job procs: 1
08/10/20 13:49:52 Reassigning the id of job plot_ID0000003 from (24.0.0) to (24.0.0)
08/10/20 13:49:52 Event: ULOG_SUBMIT for HTCondor Node plot_ID0000003 (24.0.0) {08/10/20 13:49:52}
08/10/20 13:49:52 Number of idle job procs: 2
08/10/20 13:49:52 DAG status: 0 (DAG_STATUS_OK)
08/10/20 13:49:52 Of 19 nodes total:
08/10/20 13:49:52  Done     Pre   Queued    Post   Ready   Un-Ready   Failed
08/10/20 13:49:52   ===     ===      ===     ===     ===        ===      ===
08/10/20 13:49:52     9       0        2       0       2          6        0
08/10/20 13:49:52 0 job proc(s) currently held
08/10/20 13:49:52 DAGMan Runtime Statistics: [ EventCycleTimeStd = 0.03823771850034305; EventCycleTimeMax = 0.1326568126678467; SubmitCycleTimeMin = 0.0002269744873046875; SubmitCycleTimeAvg = 0.02869829109736851; SleepCycleTimeCount = 13.0; SubmitCycleTimeCount = 14.0; SubmitCycleTimeMax = 0.126701831817627; SleepCycleTimeMin = 4.222619771957397; SubmitCycleTimeSum = 0.4017760753631592; LogProcessCycleTimeStd = 0.01638605453361625; SubmitCycleTimeStd = 0.04344982782205913; LogProcessCycleTimeAvg = 0.01692683696746826; EventCycleTimeMin = 0.003314971923828125; LogProcessCycleTimeMax = 0.05835199356079102; LogProcessCycleTimeMin = 0.002712011337280273; LogProcessCycleTimeSum = 0.1692683696746826; LogProcessCycleTimeCount = 10.0; EventCycleTimeSum = 0.5608651638031006; SleepCycleTimeSum = 64.19251871109009; SleepCycleTimeAvg = 4.937886054699238; SleepCycleTimeStd = 0.3228040390266156; SleepCycleTimeMax = 5.226070880889893; EventCycleTimeCount = 13.0; EventCycleTimeAvg = 0.04314347413870005; ]
08/10/20 13:49:57 Submitting HTCondor Node clean_up_local_level_4_0 job(s)...
08/10/20 13:49:57 Adding a DAGMan workflow log /home/scitech/shared-data/sample-text-analysis-wf/scitech/pegasus/harry-potter-text-analysis/run0002/./harry-potter-text-analysis-0.dag.nodes.log
08/10/20 13:49:57 Masking the events recorded in the DAGMAN workflow log
08/10/20 13:49:57 Mask for workflow log is 0,1,2,4,5,7,9,10,11,12,13,16,17,24,27,35,36
08/10/20 13:49:57 submitting: /usr/bin/condor_submit -a dag_node_name' '=' 'clean_up_local_level_4_0 -a +DAGManJobId' '=' '13 -a DAGManJobId' '=' '13 -batch-name harry-potter-text-analysis-0.dag+13 -a submit_event_notes' '=' 'DAG' 'Node:' 'clean_up_local_level_4_0 -a dagman_log' '=' '/home/scitech/shared-data/sample-text-analysis-wf/scitech/pegasus/harry-potter-text-analysis/run0002/./harry-potter-text-analysis-0.dag.nodes.log -a +DAGManNodesMask' '=' '"0,1,2,4,5,7,9,10,11,12,13,16,17,24,27,35,36" -a priority=1000 -a +DAGNodeRetry' '=' '0 -a DAG_STATUS' '=' '0 -a FAILED_COUNT' '=' '0 -a +KeepClaimIdle' '=' '20 -a notification' '=' 'never -a +DAGParentNodeNames' '=' '"sort_ID0000002,stage_out_local_local_0_0" 00/00/clean_up_local_level_4_0.sub
08/10/20 13:49:57 From submit: Submitting job(s).
08/10/20 13:49:57 From submit: 1 job(s) submitted to cluster 25.
08/10/20 13:49:57 	assigned HTCondor ID (25.0.0)
08/10/20 13:49:57 Submitting HTCondor Node register_local_0_0 job(s)...
08/10/20 13:49:57 Adding a DAGMan workflow log /home/scitech/shared-data/sample-text-analysis-wf/scitech/pegasus/harry-potter-text-analysis/run0002/./harry-potter-text-analysis-0.dag.nodes.log
08/10/20 13:49:57 Masking the events recorded in the DAGMAN workflow log
08/10/20 13:49:57 Mask for workflow log is 0,1,2,4,5,7,9,10,11,12,13,16,17,24,27,35,36
08/10/20 13:49:57 submitting: /usr/bin/condor_submit -a dag_node_name' '=' 'register_local_0_0 -a +DAGManJobId' '=' '13 -a DAGManJobId' '=' '13 -batch-name harry-potter-text-analysis-0.dag+13 -a submit_event_notes' '=' 'DAG' 'Node:' 'register_local_0_0 -a dagman_log' '=' '/home/scitech/shared-data/sample-text-analysis-wf/scitech/pegasus/harry-potter-text-analysis/run0002/./harry-potter-text-analysis-0.dag.nodes.log -a +DAGManNodesMask' '=' '"0,1,2,4,5,7,9,10,11,12,13,16,17,24,27,35,36" -a priority=40 -a +DAGNodeRetry' '=' '0 -a DAG_STATUS' '=' '0 -a FAILED_COUNT' '=' '0 -a notification' '=' 'never -a +DAGParentNodeNames' '=' '"stage_out_local_local_0_0" 00/00/register_local_0_0.sub
08/10/20 13:49:57 From submit: Submitting job(s).
08/10/20 13:49:57 From submit: 1 job(s) submitted to cluster 26.
08/10/20 13:49:57 	assigned HTCondor ID (26.0.0)
08/10/20 13:49:57 Just submitted 2 jobs this cycle...
08/10/20 13:49:57 Currently monitoring 1 HTCondor log file(s)
08/10/20 13:49:57 Event: ULOG_EXECUTE for HTCondor Node stage_out_local_local_1_0 (23.0.0) {08/10/20 13:49:53}
08/10/20 13:49:57 Number of idle job procs: 1
08/10/20 13:49:57 Event: ULOG_EXECUTE for HTCondor Node plot_ID0000003 (24.0.0) {08/10/20 13:49:53}
08/10/20 13:49:57 Number of idle job procs: 0
08/10/20 13:49:57 Event: ULOG_JOB_TERMINATED for HTCondor Node stage_out_local_local_1_0 (23.0.0) {08/10/20 13:49:55}
08/10/20 13:49:57 Number of idle job procs: 0
08/10/20 13:49:57 Node stage_out_local_local_1_0 job proc (23.0.0) completed successfully.
08/10/20 13:49:57 Node stage_out_local_local_1_0 job completed
08/10/20 13:49:57 Running POST script of Node stage_out_local_local_1_0...
08/10/20 13:49:57 Warning: mysin has length 0 (ignore if produced by DAGMan; see gittrac #4987, #5031)
08/10/20 13:49:57 Event: ULOG_JOB_TERMINATED for HTCondor Node plot_ID0000003 (24.0.0) {08/10/20 13:49:56}
08/10/20 13:49:57 Number of idle job procs: 0
08/10/20 13:49:57 Node plot_ID0000003 job proc (24.0.0) completed successfully.
08/10/20 13:49:57 Node plot_ID0000003 job completed
08/10/20 13:49:57 Running POST script of Node plot_ID0000003...
08/10/20 13:49:57 Warning: mysin has length 0 (ignore if produced by DAGMan; see gittrac #4987, #5031)
08/10/20 13:49:57 Reassigning the id of job clean_up_local_level_4_0 from (25.0.0) to (25.0.0)
08/10/20 13:49:57 Event: ULOG_SUBMIT for HTCondor Node clean_up_local_level_4_0 (25.0.0) {08/10/20 13:49:57}
08/10/20 13:49:57 Number of idle job procs: 1
08/10/20 13:49:57 Event: ULOG_EXECUTE for HTCondor Node clean_up_local_level_4_0 (25.0.0) {08/10/20 13:49:57}
08/10/20 13:49:57 Number of idle job procs: 0
08/10/20 13:49:57 Reassigning the id of job register_local_0_0 from (26.0.0) to (26.0.0)
08/10/20 13:49:57 Event: ULOG_SUBMIT for HTCondor Node register_local_0_0 (26.0.0) {08/10/20 13:49:57}
08/10/20 13:49:57 Number of idle job procs: 1
08/10/20 13:49:57 DAG status: 0 (DAG_STATUS_OK)
08/10/20 13:49:57 Of 19 nodes total:
08/10/20 13:49:57  Done     Pre   Queued    Post   Ready   Un-Ready   Failed
08/10/20 13:49:57   ===     ===      ===     ===     ===        ===      ===
08/10/20 13:49:57     9       0        2       2       0          6        0
08/10/20 13:49:57 0 job proc(s) currently held
08/10/20 13:49:57 DAGMan Runtime Statistics: [ EventCycleTimeStd = 0.03856539048575315; EventCycleTimeMax = 0.1326568126678467; SubmitCycleTimeMin = 0.0002269744873046875; SubmitCycleTimeAvg = 0.03150693575541178; SleepCycleTimeCount = 14.0; SubmitCycleTimeCount = 15.0; SubmitCycleTimeMax = 0.126701831817627; SleepCycleTimeMin = 4.222619771957397; SubmitCycleTimeSum = 0.4726040363311768; LogProcessCycleTimeStd = 0.01569657044075496; SubmitCycleTimeStd = 0.04325928455434092; LogProcessCycleTimeAvg = 0.0175825682553378; EventCycleTimeMin = 0.003314971923828125; LogProcessCycleTimeMax = 0.05835199356079102; LogProcessCycleTimeMin = 0.002712011337280273; LogProcessCycleTimeSum = 0.1934082508087158; LogProcessCycleTimeCount = 11.0; EventCycleTimeSum = 0.6479053497314453; SleepCycleTimeSum = 69.19829964637756; SleepCycleTimeAvg = 4.942735689026969; SleepCycleTimeStd = 0.3106704686033958; SleepCycleTimeMax = 5.226070880889893; EventCycleTimeCount = 14.0; EventCycleTimeAvg = 0.04627895355224609; ]
08/10/20 13:49:57 Initializing user log writer for /home/scitech/shared-data/sample-text-analysis-wf/scitech/pegasus/harry-potter-text-analysis/run0002/./harry-potter-text-analysis-0.dag.nodes.log, (23.0.0)
08/10/20 13:49:57 Initializing user log writer for /home/scitech/shared-data/sample-text-analysis-wf/scitech/pegasus/harry-potter-text-analysis/run0002/./harry-potter-text-analysis-0.dag.nodes.log, (24.0.0)
08/10/20 13:50:02 Currently monitoring 1 HTCondor log file(s)
08/10/20 13:50:02 Event: ULOG_POST_SCRIPT_TERMINATED for HTCondor Node stage_out_local_local_1_0 (23.0.0) {08/10/20 13:49:57}
08/10/20 13:50:02 POST Script of node stage_out_local_local_1_0 completed successfully.
08/10/20 13:50:02 Event: ULOG_POST_SCRIPT_TERMINATED for HTCondor Node plot_ID0000003 (24.0.0) {08/10/20 13:49:57}
08/10/20 13:50:02 POST Script of node plot_ID0000003 completed successfully.
08/10/20 13:50:02 Event: ULOG_EXECUTE for HTCondor Node register_local_0_0 (26.0.0) {08/10/20 13:49:59}
08/10/20 13:50:02 Number of idle job procs: 0
08/10/20 13:50:02 Event: ULOG_JOB_TERMINATED for HTCondor Node register_local_0_0 (26.0.0) {08/10/20 13:50:00}
08/10/20 13:50:02 Number of idle job procs: 0
08/10/20 13:50:02 Node register_local_0_0 job proc (26.0.0) completed successfully.
08/10/20 13:50:02 Node register_local_0_0 job completed
08/10/20 13:50:02 Running POST script of Node register_local_0_0...
08/10/20 13:50:02 Warning: mysin has length 0 (ignore if produced by DAGMan; see gittrac #4987, #5031)
08/10/20 13:50:02 Event: ULOG_JOB_TERMINATED for HTCondor Node clean_up_local_level_4_0 (25.0.0) {08/10/20 13:50:01}
08/10/20 13:50:02 Number of idle job procs: 0
08/10/20 13:50:02 Node clean_up_local_level_4_0 job proc (25.0.0) completed successfully.
08/10/20 13:50:02 Node clean_up_local_level_4_0 job completed
08/10/20 13:50:02 Running POST script of Node clean_up_local_level_4_0...
08/10/20 13:50:02 Warning: mysin has length 0 (ignore if produced by DAGMan; see gittrac #4987, #5031)
08/10/20 13:50:02 DAG status: 0 (DAG_STATUS_OK)
08/10/20 13:50:02 Of 19 nodes total:
08/10/20 13:50:02  Done     Pre   Queued    Post   Ready   Un-Ready   Failed
08/10/20 13:50:02   ===     ===      ===     ===     ===        ===      ===
08/10/20 13:50:02    11       0        0       2       3          3        0
08/10/20 13:50:02 0 job proc(s) currently held
08/10/20 13:50:02 DAGMan Runtime Statistics: [ EventCycleTimeStd = 0.03965141529540071; EventCycleTimeMax = 0.1326568126678467; SubmitCycleTimeMin = 0.0002269744873046875; SubmitCycleTimeAvg = 0.02960988879203796; SleepCycleTimeCount = 15.0; SubmitCycleTimeCount = 16.0; SubmitCycleTimeMax = 0.126701831817627; SleepCycleTimeMin = 4.222619771957397; SubmitCycleTimeSum = 0.4737582206726074; LogProcessCycleTimeStd = 0.01785641726471486; SubmitCycleTimeStd = 0.04247574109665197; LogProcessCycleTimeAvg = 0.02039426565170288; EventCycleTimeMin = 0.003314971923828125; LogProcessCycleTimeMax = 0.05835199356079102; LogProcessCycleTimeMin = 0.002712011337280273; LogProcessCycleTimeSum = 0.2447311878204346; LogProcessCycleTimeCount = 12.0; EventCycleTimeSum = 0.7477352619171143; SleepCycleTimeSum = 74.42074370384216; SleepCycleTimeAvg = 4.961382913589477; SleepCycleTimeStd = 0.3079576510107817; SleepCycleTimeMax = 5.226070880889893; EventCycleTimeCount = 15.0; EventCycleTimeAvg = 0.04984901746114095; ]
08/10/20 13:50:02 Initializing user log writer for /home/scitech/shared-data/sample-text-analysis-wf/scitech/pegasus/harry-potter-text-analysis/run0002/./harry-potter-text-analysis-0.dag.nodes.log, (26.0.0)
08/10/20 13:50:02 Initializing user log writer for /home/scitech/shared-data/sample-text-analysis-wf/scitech/pegasus/harry-potter-text-analysis/run0002/./harry-potter-text-analysis-0.dag.nodes.log, (25.0.0)
08/10/20 13:50:07 Submitting HTCondor Node clean_up_local_level_5_0 job(s)...
08/10/20 13:50:07 Adding a DAGMan workflow log /home/scitech/shared-data/sample-text-analysis-wf/scitech/pegasus/harry-potter-text-analysis/run0002/./harry-potter-text-analysis-0.dag.nodes.log
08/10/20 13:50:07 Masking the events recorded in the DAGMAN workflow log
08/10/20 13:50:07 Mask for workflow log is 0,1,2,4,5,7,9,10,11,12,13,16,17,24,27,35,36
08/10/20 13:50:07 submitting: /usr/bin/condor_submit -a dag_node_name' '=' 'clean_up_local_level_5_0 -a +DAGManJobId' '=' '13 -a DAGManJobId' '=' '13 -batch-name harry-potter-text-analysis-0.dag+13 -a submit_event_notes' '=' 'DAG' 'Node:' 'clean_up_local_level_5_0 -a dagman_log' '=' '/home/scitech/shared-data/sample-text-analysis-wf/scitech/pegasus/harry-potter-text-analysis/run0002/./harry-potter-text-analysis-0.dag.nodes.log -a +DAGManNodesMask' '=' '"0,1,2,4,5,7,9,10,11,12,13,16,17,24,27,35,36" -a priority=1000 -a +DAGNodeRetry' '=' '0 -a DAG_STATUS' '=' '0 -a FAILED_COUNT' '=' '0 -a +KeepClaimIdle' '=' '20 -a notification' '=' 'never -a +DAGParentNodeNames' '=' '"plot_ID0000003,stage_out_local_local_1_0" 00/00/clean_up_local_level_5_0.sub
08/10/20 13:50:07 From submit: Submitting job(s).
08/10/20 13:50:07 From submit: 1 job(s) submitted to cluster 27.
08/10/20 13:50:07 	assigned HTCondor ID (27.0.0)
08/10/20 13:50:07 Submitting HTCondor Node stage_out_local_local_2_0 job(s)...
08/10/20 13:50:07 Adding a DAGMan workflow log /home/scitech/shared-data/sample-text-analysis-wf/scitech/pegasus/harry-potter-text-analysis/run0002/./harry-potter-text-analysis-0.dag.nodes.log
08/10/20 13:50:07 Masking the events recorded in the DAGMAN workflow log
08/10/20 13:50:07 Mask for workflow log is 0,1,2,4,5,7,9,10,11,12,13,16,17,24,27,35,36
08/10/20 13:50:07 submitting: /usr/bin/condor_submit -a dag_node_name' '=' 'stage_out_local_local_2_0 -a +DAGManJobId' '=' '13 -a DAGManJobId' '=' '13 -batch-name harry-potter-text-analysis-0.dag+13 -a submit_event_notes' '=' 'DAG' 'Node:' 'stage_out_local_local_2_0 -a dagman_log' '=' '/home/scitech/shared-data/sample-text-analysis-wf/scitech/pegasus/harry-potter-text-analysis/run0002/./harry-potter-text-analysis-0.dag.nodes.log -a +DAGManNodesMask' '=' '"0,1,2,4,5,7,9,10,11,12,13,16,17,24,27,35,36" -a priority=900 -a +DAGNodeRetry' '=' '0 -a DAG_STATUS' '=' '0 -a FAILED_COUNT' '=' '0 -a +KeepClaimIdle' '=' '20 -a notification' '=' 'never -a +DAGParentNodeNames' '=' '"plot_ID0000003" 00/00/stage_out_local_local_2_0.sub
08/10/20 13:50:07 From submit: Submitting job(s).
08/10/20 13:50:07 From submit: 1 job(s) submitted to cluster 28.
08/10/20 13:50:07 	assigned HTCondor ID (28.0.0)
08/10/20 13:50:07 Submitting HTCondor Node register_local_1_0 job(s)...
08/10/20 13:50:07 Adding a DAGMan workflow log /home/scitech/shared-data/sample-text-analysis-wf/scitech/pegasus/harry-potter-text-analysis/run0002/./harry-potter-text-analysis-0.dag.nodes.log
08/10/20 13:50:07 Masking the events recorded in the DAGMAN workflow log
08/10/20 13:50:07 Mask for workflow log is 0,1,2,4,5,7,9,10,11,12,13,16,17,24,27,35,36
08/10/20 13:50:07 submitting: /usr/bin/condor_submit -a dag_node_name' '=' 'register_local_1_0 -a +DAGManJobId' '=' '13 -a DAGManJobId' '=' '13 -batch-name harry-potter-text-analysis-0.dag+13 -a submit_event_notes' '=' 'DAG' 'Node:' 'register_local_1_0 -a dagman_log' '=' '/home/scitech/shared-data/sample-text-analysis-wf/scitech/pegasus/harry-potter-text-analysis/run0002/./harry-potter-text-analysis-0.dag.nodes.log -a +DAGManNodesMask' '=' '"0,1,2,4,5,7,9,10,11,12,13,16,17,24,27,35,36" -a priority=50 -a +DAGNodeRetry' '=' '0 -a DAG_STATUS' '=' '0 -a FAILED_COUNT' '=' '0 -a notification' '=' 'never -a +DAGParentNodeNames' '=' '"stage_out_local_local_1_0" 00/00/register_local_1_0.sub
08/10/20 13:50:07 From submit: Submitting job(s).
08/10/20 13:50:07 From submit: 1 job(s) submitted to cluster 29.
08/10/20 13:50:07 	assigned HTCondor ID (29.0.0)
08/10/20 13:50:07 Just submitted 3 jobs this cycle...
08/10/20 13:50:07 Currently monitoring 1 HTCondor log file(s)
08/10/20 13:50:07 Event: ULOG_POST_SCRIPT_TERMINATED for HTCondor Node register_local_0_0 (26.0.0) {08/10/20 13:50:02}
08/10/20 13:50:07 POST Script of node register_local_0_0 completed successfully.
08/10/20 13:50:07 Event: ULOG_POST_SCRIPT_TERMINATED for HTCondor Node clean_up_local_level_4_0 (25.0.0) {08/10/20 13:50:02}
08/10/20 13:50:07 POST Script of node clean_up_local_level_4_0 completed successfully.
08/10/20 13:50:07 Reassigning the id of job clean_up_local_level_5_0 from (27.0.0) to (27.0.0)
08/10/20 13:50:07 Event: ULOG_SUBMIT for HTCondor Node clean_up_local_level_5_0 (27.0.0) {08/10/20 13:50:07}
08/10/20 13:50:07 Number of idle job procs: 1
08/10/20 13:50:07 Reassigning the id of job stage_out_local_local_2_0 from (28.0.0) to (28.0.0)
08/10/20 13:50:07 Event: ULOG_SUBMIT for HTCondor Node stage_out_local_local_2_0 (28.0.0) {08/10/20 13:50:07}
08/10/20 13:50:07 Number of idle job procs: 2
08/10/20 13:50:07 Reassigning the id of job register_local_1_0 from (29.0.0) to (29.0.0)
08/10/20 13:50:07 Event: ULOG_SUBMIT for HTCondor Node register_local_1_0 (29.0.0) {08/10/20 13:50:07}
08/10/20 13:50:07 Number of idle job procs: 3
08/10/20 13:50:07 DAG status: 0 (DAG_STATUS_OK)
08/10/20 13:50:07 Of 19 nodes total:
08/10/20 13:50:07  Done     Pre   Queued    Post   Ready   Un-Ready   Failed
08/10/20 13:50:07   ===     ===      ===     ===     ===        ===      ===
08/10/20 13:50:07    13       0        3       0       0          3        0
08/10/20 13:50:07 0 job proc(s) currently held
08/10/20 13:50:07 DAGMan Runtime Statistics: [ EventCycleTimeStd = 0.0383605253525159; EventCycleTimeMax = 0.1326568126678467; SubmitCycleTimeMin = 0.0002269744873046875; SubmitCycleTimeAvg = 0.03321395200841567; SleepCycleTimeCount = 16.0; SubmitCycleTimeCount = 17.0; SubmitCycleTimeMax = 0.126701831817627; SleepCycleTimeMin = 4.222619771957397; SubmitCycleTimeSum = 0.5646371841430664; LogProcessCycleTimeStd = 0.0174387731029189; SubmitCycleTimeStd = 0.04372921693448149; LogProcessCycleTimeAvg = 0.01944032082190881; EventCycleTimeMin = 0.003314971923828125; LogProcessCycleTimeMax = 0.05835199356079102; LogProcessCycleTimeMin = 0.002712011337280273; LogProcessCycleTimeSum = 0.2527241706848145; LogProcessCycleTimeCount = 13.0; EventCycleTimeSum = 0.8056943416595459; SleepCycleTimeSum = 79.63126754760742; SleepCycleTimeAvg = 4.976954221725464; SleepCycleTimeStd = 0.303965191024769; SleepCycleTimeMax = 5.226070880889893; EventCycleTimeCount = 16.0; EventCycleTimeAvg = 0.05035589635372162; ]
08/10/20 13:50:12 Currently monitoring 1 HTCondor log file(s)
08/10/20 13:50:12 Event: ULOG_EXECUTE for HTCondor Node clean_up_local_level_5_0 (27.0.0) {08/10/20 13:50:10}
08/10/20 13:50:12 Number of idle job procs: 2
08/10/20 13:50:12 Event: ULOG_EXECUTE for HTCondor Node register_local_1_0 (29.0.0) {08/10/20 13:50:10}
08/10/20 13:50:12 Number of idle job procs: 1
08/10/20 13:50:12 Event: ULOG_EXECUTE for HTCondor Node stage_out_local_local_2_0 (28.0.0) {08/10/20 13:50:10}
08/10/20 13:50:12 Number of idle job procs: 0
08/10/20 13:50:12 Event: ULOG_JOB_TERMINATED for HTCondor Node register_local_1_0 (29.0.0) {08/10/20 13:50:11}
08/10/20 13:50:12 Number of idle job procs: 0
08/10/20 13:50:13 Node register_local_1_0 job proc (29.0.0) completed successfully.
08/10/20 13:50:13 Node register_local_1_0 job completed
08/10/20 13:50:13 Running POST script of Node register_local_1_0...
08/10/20 13:50:13 Warning: mysin has length 0 (ignore if produced by DAGMan; see gittrac #4987, #5031)
08/10/20 13:50:13 Event: ULOG_JOB_TERMINATED for HTCondor Node stage_out_local_local_2_0 (28.0.0) {08/10/20 13:50:12}
08/10/20 13:50:13 Number of idle job procs: 0
08/10/20 13:50:13 Node stage_out_local_local_2_0 job proc (28.0.0) completed successfully.
08/10/20 13:50:13 Node stage_out_local_local_2_0 job completed
08/10/20 13:50:13 Running POST script of Node stage_out_local_local_2_0...
08/10/20 13:50:13 Warning: mysin has length 0 (ignore if produced by DAGMan; see gittrac #4987, #5031)
08/10/20 13:50:13 DAG status: 0 (DAG_STATUS_OK)
08/10/20 13:50:13 Of 19 nodes total:
08/10/20 13:50:13  Done     Pre   Queued    Post   Ready   Un-Ready   Failed
08/10/20 13:50:13   ===     ===      ===     ===     ===        ===      ===
08/10/20 13:50:13    13       0        1       2       0          3        0
08/10/20 13:50:13 0 job proc(s) currently held
08/10/20 13:50:13 DAGMan Runtime Statistics: [ EventCycleTimeStd = 0.03931993840569317; EventCycleTimeMax = 0.1326568126678467; SubmitCycleTimeMin = 0.0002269744873046875; SubmitCycleTimeAvg = 0.03144167529212104; SleepCycleTimeCount = 17.0; SubmitCycleTimeCount = 18.0; SubmitCycleTimeMax = 0.126701831817627; SleepCycleTimeMin = 4.222619771957397; SubmitCycleTimeSum = 0.5659501552581787; LogProcessCycleTimeStd = 0.01736350009489663; SubmitCycleTimeStd = 0.04308476312868815; LogProcessCycleTimeAvg = 0.02065844195229666; EventCycleTimeMin = 0.003314971923828125; LogProcessCycleTimeMax = 0.05835199356079102; LogProcessCycleTimeMin = 0.002712011337280273; LogProcessCycleTimeSum = 0.2892181873321533; LogProcessCycleTimeCount = 14.0; EventCycleTimeSum = 0.909252405166626; SleepCycleTimeSum = 84.63677859306335; SleepCycleTimeAvg = 4.978634034886079; SleepCycleTimeStd = 0.2943945144672065; SleepCycleTimeMax = 5.226070880889893; EventCycleTimeCount = 17.0; EventCycleTimeAvg = 0.05348543559803682; ]
08/10/20 13:50:13 Initializing user log writer for /home/scitech/shared-data/sample-text-analysis-wf/scitech/pegasus/harry-potter-text-analysis/run0002/./harry-potter-text-analysis-0.dag.nodes.log, (29.0.0)
08/10/20 13:50:13 Initializing user log writer for /home/scitech/shared-data/sample-text-analysis-wf/scitech/pegasus/harry-potter-text-analysis/run0002/./harry-potter-text-analysis-0.dag.nodes.log, (28.0.0)
08/10/20 13:50:18 Currently monitoring 1 HTCondor log file(s)
08/10/20 13:50:18 Event: ULOG_POST_SCRIPT_TERMINATED for HTCondor Node register_local_1_0 (29.0.0) {08/10/20 13:50:13}
08/10/20 13:50:18 POST Script of node register_local_1_0 completed successfully.
08/10/20 13:50:18 Event: ULOG_POST_SCRIPT_TERMINATED for HTCondor Node stage_out_local_local_2_0 (28.0.0) {08/10/20 13:50:13}
08/10/20 13:50:18 POST Script of node stage_out_local_local_2_0 completed successfully.
08/10/20 13:50:18 Event: ULOG_JOB_TERMINATED for HTCondor Node clean_up_local_level_5_0 (27.0.0) {08/10/20 13:50:14}
08/10/20 13:50:18 Number of idle job procs: 0
08/10/20 13:50:18 Node clean_up_local_level_5_0 job proc (27.0.0) completed successfully.
08/10/20 13:50:18 Node clean_up_local_level_5_0 job completed
08/10/20 13:50:18 Running POST script of Node clean_up_local_level_5_0...
08/10/20 13:50:18 Warning: mysin has length 0 (ignore if produced by DAGMan; see gittrac #4987, #5031)
08/10/20 13:50:18 DAG status: 0 (DAG_STATUS_OK)
08/10/20 13:50:18 Of 19 nodes total:
08/10/20 13:50:18  Done     Pre   Queued    Post   Ready   Un-Ready   Failed
08/10/20 13:50:18   ===     ===      ===     ===     ===        ===      ===
08/10/20 13:50:18    15       0        0       1       2          1        0
08/10/20 13:50:18 0 job proc(s) currently held
08/10/20 13:50:18 DAGMan Runtime Statistics: [ EventCycleTimeStd = 0.03821904812420322; EventCycleTimeMax = 0.1326568126678467; SubmitCycleTimeMin = 0.0002269744873046875; SubmitCycleTimeAvg = 0.02982975307263826; SleepCycleTimeCount = 18.0; SubmitCycleTimeCount = 19.0; SubmitCycleTimeMax = 0.126701831817627; SleepCycleTimeMin = 4.222619771957397; SubmitCycleTimeSum = 0.566765308380127; LogProcessCycleTimeStd = 0.01680044906552283; SubmitCycleTimeStd = 0.04245629263933696; LogProcessCycleTimeAvg = 0.02026694615681966; EventCycleTimeMin = 0.003314971923828125; LogProcessCycleTimeMax = 0.05835199356079102; LogProcessCycleTimeMin = 0.002712011337280273; LogProcessCycleTimeSum = 0.3040041923522949; LogProcessCycleTimeCount = 15.0; EventCycleTimeSum = 0.9527134895324707; SleepCycleTimeSum = 89.8479335308075; SleepCycleTimeAvg = 4.991551862822639; SleepCycleTimeStd = 0.2908155254801741; SleepCycleTimeMax = 5.226070880889893; EventCycleTimeCount = 18.0; EventCycleTimeAvg = 0.05292852719624837; ]
08/10/20 13:50:18 Initializing user log writer for /home/scitech/shared-data/sample-text-analysis-wf/scitech/pegasus/harry-potter-text-analysis/run0002/./harry-potter-text-analysis-0.dag.nodes.log, (27.0.0)
08/10/20 13:50:23 Submitting HTCondor Node clean_up_local_level_6_0 job(s)...
08/10/20 13:50:23 Adding a DAGMan workflow log /home/scitech/shared-data/sample-text-analysis-wf/scitech/pegasus/harry-potter-text-analysis/run0002/./harry-potter-text-analysis-0.dag.nodes.log
08/10/20 13:50:23 Masking the events recorded in the DAGMAN workflow log
08/10/20 13:50:23 Mask for workflow log is 0,1,2,4,5,7,9,10,11,12,13,16,17,24,27,35,36
08/10/20 13:50:23 submitting: /usr/bin/condor_submit -a dag_node_name' '=' 'clean_up_local_level_6_0 -a +DAGManJobId' '=' '13 -a DAGManJobId' '=' '13 -batch-name harry-potter-text-analysis-0.dag+13 -a submit_event_notes' '=' 'DAG' 'Node:' 'clean_up_local_level_6_0 -a dagman_log' '=' '/home/scitech/shared-data/sample-text-analysis-wf/scitech/pegasus/harry-potter-text-analysis/run0002/./harry-potter-text-analysis-0.dag.nodes.log -a +DAGManNodesMask' '=' '"0,1,2,4,5,7,9,10,11,12,13,16,17,24,27,35,36" -a priority=1000 -a +DAGNodeRetry' '=' '0 -a DAG_STATUS' '=' '0 -a FAILED_COUNT' '=' '0 -a +KeepClaimIdle' '=' '20 -a notification' '=' 'never -a +DAGParentNodeNames' '=' '"stage_out_local_local_2_0" 00/00/clean_up_local_level_6_0.sub
08/10/20 13:50:23 From submit: Submitting job(s).
08/10/20 13:50:23 From submit: 1 job(s) submitted to cluster 30.
08/10/20 13:50:23 	assigned HTCondor ID (30.0.0)
08/10/20 13:50:23 Submitting HTCondor Node register_local_2_0 job(s)...
08/10/20 13:50:23 Adding a DAGMan workflow log /home/scitech/shared-data/sample-text-analysis-wf/scitech/pegasus/harry-potter-text-analysis/run0002/./harry-potter-text-analysis-0.dag.nodes.log
08/10/20 13:50:23 Masking the events recorded in the DAGMAN workflow log
08/10/20 13:50:23 Mask for workflow log is 0,1,2,4,5,7,9,10,11,12,13,16,17,24,27,35,36
08/10/20 13:50:23 submitting: /usr/bin/condor_submit -a dag_node_name' '=' 'register_local_2_0 -a +DAGManJobId' '=' '13 -a DAGManJobId' '=' '13 -batch-name harry-potter-text-analysis-0.dag+13 -a submit_event_notes' '=' 'DAG' 'Node:' 'register_local_2_0 -a dagman_log' '=' '/home/scitech/shared-data/sample-text-analysis-wf/scitech/pegasus/harry-potter-text-analysis/run0002/./harry-potter-text-analysis-0.dag.nodes.log -a +DAGManNodesMask' '=' '"0,1,2,4,5,7,9,10,11,12,13,16,17,24,27,35,36" -a priority=60 -a +DAGNodeRetry' '=' '0 -a DAG_STATUS' '=' '0 -a FAILED_COUNT' '=' '0 -a notification' '=' 'never -a +DAGParentNodeNames' '=' '"stage_out_local_local_2_0" 00/00/register_local_2_0.sub
08/10/20 13:50:23 From submit: Submitting job(s).
08/10/20 13:50:23 From submit: 1 job(s) submitted to cluster 31.
08/10/20 13:50:23 	assigned HTCondor ID (31.0.0)
08/10/20 13:50:23 Just submitted 2 jobs this cycle...
08/10/20 13:50:23 Currently monitoring 1 HTCondor log file(s)
08/10/20 13:50:23 Event: ULOG_POST_SCRIPT_TERMINATED for HTCondor Node clean_up_local_level_5_0 (27.0.0) {08/10/20 13:50:18}
08/10/20 13:50:23 POST Script of node clean_up_local_level_5_0 completed successfully.
08/10/20 13:50:23 Reassigning the id of job clean_up_local_level_6_0 from (30.0.0) to (30.0.0)
08/10/20 13:50:23 Event: ULOG_SUBMIT for HTCondor Node clean_up_local_level_6_0 (30.0.0) {08/10/20 13:50:23}
08/10/20 13:50:23 Number of idle job procs: 1
08/10/20 13:50:23 Reassigning the id of job register_local_2_0 from (31.0.0) to (31.0.0)
08/10/20 13:50:23 Event: ULOG_SUBMIT for HTCondor Node register_local_2_0 (31.0.0) {08/10/20 13:50:23}
08/10/20 13:50:23 Number of idle job procs: 2
08/10/20 13:50:23 DAG status: 0 (DAG_STATUS_OK)
08/10/20 13:50:23 Of 19 nodes total:
08/10/20 13:50:23  Done     Pre   Queued    Post   Ready   Un-Ready   Failed
08/10/20 13:50:23   ===     ===      ===     ===     ===        ===      ===
08/10/20 13:50:23    16       0        2       0       0          1        0
08/10/20 13:50:23 0 job proc(s) currently held
08/10/20 13:50:23 DAGMan Runtime Statistics: [ EventCycleTimeStd = 0.03786172464756872; EventCycleTimeMax = 0.1326568126678467; SubmitCycleTimeMin = 0.0002269744873046875; SubmitCycleTimeAvg = 0.03140032291412354; SleepCycleTimeCount = 19.0; SubmitCycleTimeCount = 20.0; SubmitCycleTimeMax = 0.126701831817627; SleepCycleTimeMin = 4.222619771957397; SubmitCycleTimeSum = 0.6280064582824707; LogProcessCycleTimeStd = 0.01669867224192791; SubmitCycleTimeStd = 0.04191658645606075; LogProcessCycleTimeAvg = 0.01928563416004181; EventCycleTimeMin = 0.003314971923828125; LogProcessCycleTimeMax = 0.05835199356079102; LogProcessCycleTimeMin = 0.002712011337280273; LogProcessCycleTimeSum = 0.3085701465606689; LogProcessCycleTimeCount = 16.0; EventCycleTimeSum = 0.9736213684082031; SleepCycleTimeSum = 95.0548267364502; SleepCycleTimeAvg = 5.002885617707905; SleepCycleTimeStd = 0.2869072300274655; SleepCycleTimeMax = 5.226070880889893; EventCycleTimeCount = 19.0; EventCycleTimeAvg = 0.05124322991622122; ]
08/10/20 13:50:28 Currently monitoring 1 HTCondor log file(s)
08/10/20 13:50:28 Event: ULOG_EXECUTE for HTCondor Node clean_up_local_level_6_0 (30.0.0) {08/10/20 13:50:26}
08/10/20 13:50:28 Number of idle job procs: 1
08/10/20 13:50:28 Event: ULOG_EXECUTE for HTCondor Node register_local_2_0 (31.0.0) {08/10/20 13:50:26}
08/10/20 13:50:28 Number of idle job procs: 0
08/10/20 13:50:28 Event: ULOG_JOB_TERMINATED for HTCondor Node register_local_2_0 (31.0.0) {08/10/20 13:50:27}
08/10/20 13:50:28 Number of idle job procs: 0
08/10/20 13:50:28 Node register_local_2_0 job proc (31.0.0) completed successfully.
08/10/20 13:50:28 Node register_local_2_0 job completed
08/10/20 13:50:28 Running POST script of Node register_local_2_0...
08/10/20 13:50:28 Warning: mysin has length 0 (ignore if produced by DAGMan; see gittrac #4987, #5031)
08/10/20 13:50:28 Event: ULOG_JOB_TERMINATED for HTCondor Node clean_up_local_level_6_0 (30.0.0) {08/10/20 13:50:28}
08/10/20 13:50:28 Number of idle job procs: 0
08/10/20 13:50:28 Node clean_up_local_level_6_0 job proc (30.0.0) completed successfully.
08/10/20 13:50:28 Node clean_up_local_level_6_0 job completed
08/10/20 13:50:28 Running POST script of Node clean_up_local_level_6_0...
08/10/20 13:50:28 Warning: mysin has length 0 (ignore if produced by DAGMan; see gittrac #4987, #5031)
08/10/20 13:50:28 DAG status: 0 (DAG_STATUS_OK)
08/10/20 13:50:28 Of 19 nodes total:
08/10/20 13:50:28  Done     Pre   Queued    Post   Ready   Un-Ready   Failed
08/10/20 13:50:28   ===     ===      ===     ===     ===        ===      ===
08/10/20 13:50:28    16       0        0       2       0          1        0
08/10/20 13:50:28 0 job proc(s) currently held
08/10/20 13:50:28 DAGMan Runtime Statistics: [ EventCycleTimeStd = 0.0370860431689032; EventCycleTimeMax = 0.1326568126678467; SubmitCycleTimeMin = 0.0002269744873046875; SubmitCycleTimeAvg = 0.02993878864106678; SleepCycleTimeCount = 20.0; SubmitCycleTimeCount = 21.0; SubmitCycleTimeMax = 0.126701831817627; SleepCycleTimeMin = 4.222619771957397; SubmitCycleTimeSum = 0.6287145614624023; LogProcessCycleTimeStd = 0.01618942471560148; SubmitCycleTimeStd = 0.04140057898362902; LogProcessCycleTimeAvg = 0.0194855858297909; EventCycleTimeMin = 0.003314971923828125; LogProcessCycleTimeMax = 0.05835199356079102; LogProcessCycleTimeMin = 0.002712011337280273; LogProcessCycleTimeSum = 0.3312549591064453; LogProcessCycleTimeCount = 17.0; EventCycleTimeSum = 1.043472290039062; SleepCycleTimeSum = 100.0613865852356; SleepCycleTimeAvg = 5.00306932926178; SleepCycleTimeStd = 0.279256200094388; SleepCycleTimeMax = 5.226070880889893; EventCycleTimeCount = 20.0; EventCycleTimeAvg = 0.05217361450195312; ]
08/10/20 13:50:28 Initializing user log writer for /home/scitech/shared-data/sample-text-analysis-wf/scitech/pegasus/harry-potter-text-analysis/run0002/./harry-potter-text-analysis-0.dag.nodes.log, (31.0.0)
08/10/20 13:50:28 Initializing user log writer for /home/scitech/shared-data/sample-text-analysis-wf/scitech/pegasus/harry-potter-text-analysis/run0002/./harry-potter-text-analysis-0.dag.nodes.log, (30.0.0)
08/10/20 13:50:33 Currently monitoring 1 HTCondor log file(s)
08/10/20 13:50:33 Event: ULOG_POST_SCRIPT_TERMINATED for HTCondor Node register_local_2_0 (31.0.0) {08/10/20 13:50:28}
08/10/20 13:50:33 POST Script of node register_local_2_0 completed successfully.
08/10/20 13:50:33 Event: ULOG_POST_SCRIPT_TERMINATED for HTCondor Node clean_up_local_level_6_0 (30.0.0) {08/10/20 13:50:28}
08/10/20 13:50:33 POST Script of node clean_up_local_level_6_0 completed successfully.
08/10/20 13:50:33 DAG status: 0 (DAG_STATUS_OK)
08/10/20 13:50:33 Of 19 nodes total:
08/10/20 13:50:33  Done     Pre   Queued    Post   Ready   Un-Ready   Failed
08/10/20 13:50:33   ===     ===      ===     ===     ===        ===      ===
08/10/20 13:50:33    18       0        0       0       1          0        0
08/10/20 13:50:33 0 job proc(s) currently held
08/10/20 13:50:33 DAGMan Runtime Statistics: [ EventCycleTimeStd = 0.0365305456284456; EventCycleTimeMax = 0.1326568126678467; SubmitCycleTimeMin = 0.0002269744873046875; SubmitCycleTimeAvg = 0.02862257307226007; SleepCycleTimeCount = 21.0; SubmitCycleTimeCount = 22.0; SubmitCycleTimeMax = 0.126701831817627; SleepCycleTimeMin = 4.222619771957397; SubmitCycleTimeSum = 0.6296966075897217; LogProcessCycleTimeStd = 0.01576771749237503; SubmitCycleTimeStd = 0.04087177301971843; LogProcessCycleTimeAvg = 0.0191572109858195; EventCycleTimeMin = 0.003314971923828125; LogProcessCycleTimeMax = 0.05835199356079102; LogProcessCycleTimeMin = 0.002712011337280273; LogProcessCycleTimeSum = 0.344829797744751; LogProcessCycleTimeCount = 18.0; EventCycleTimeSum = 1.071451425552368; SleepCycleTimeSum = 105.271110534668; SleepCycleTimeAvg = 5.012910025460379; SleepCycleTimeStd = 0.275895721898211; SleepCycleTimeMax = 5.226070880889893; EventCycleTimeCount = 21.0; EventCycleTimeAvg = 0.05102149645487467; ]
08/10/20 13:50:38 Submitting HTCondor Node cleanup_harry-potter-text-analysis_0_local job(s)...
08/10/20 13:50:38 Adding a DAGMan workflow log /home/scitech/shared-data/sample-text-analysis-wf/scitech/pegasus/harry-potter-text-analysis/run0002/./harry-potter-text-analysis-0.dag.nodes.log
08/10/20 13:50:38 Masking the events recorded in the DAGMAN workflow log
08/10/20 13:50:38 Mask for workflow log is 0,1,2,4,5,7,9,10,11,12,13,16,17,24,27,35,36
08/10/20 13:50:38 submitting: /usr/bin/condor_submit -a dag_node_name' '=' 'cleanup_harry-potter-text-analysis_0_local -a +DAGManJobId' '=' '13 -a DAGManJobId' '=' '13 -batch-name harry-potter-text-analysis-0.dag+13 -a submit_event_notes' '=' 'DAG' 'Node:' 'cleanup_harry-potter-text-analysis_0_local -a dagman_log' '=' '/home/scitech/shared-data/sample-text-analysis-wf/scitech/pegasus/harry-potter-text-analysis/run0002/./harry-potter-text-analysis-0.dag.nodes.log -a +DAGManNodesMask' '=' '"0,1,2,4,5,7,9,10,11,12,13,16,17,24,27,35,36" -a priority=1000 -a +DAGNodeRetry' '=' '0 -a DAG_STATUS' '=' '0 -a FAILED_COUNT' '=' '0 -a notification' '=' 'never -a +DAGParentNodeNames' '=' '"clean_up_local_level_3_0,clean_up_local_level_4_0,clean_up_local_level_5_0,clean_up_local_level_6_0" 00/00/cleanup_harry-potter-text-analysis_0_local.sub
08/10/20 13:50:38 From submit: Submitting job(s).
08/10/20 13:50:38 From submit: 1 job(s) submitted to cluster 32.
08/10/20 13:50:38 	assigned HTCondor ID (32.0.0)
08/10/20 13:50:38 Just submitted 1 job this cycle...
08/10/20 13:50:38 DAG status: 0 (DAG_STATUS_OK)
08/10/20 13:50:38 Of 19 nodes total:
08/10/20 13:50:38  Done     Pre   Queued    Post   Ready   Un-Ready   Failed
08/10/20 13:50:38   ===     ===      ===     ===     ===        ===      ===
08/10/20 13:50:38    18       0        1       0       0          0        0
08/10/20 13:50:38 0 job proc(s) currently held
08/10/20 13:50:38 DAGMan Runtime Statistics: [ EventCycleTimeStd = 0.03600438845712257; EventCycleTimeMax = 0.1326568126678467; SubmitCycleTimeMin = 0.0002269744873046875; SubmitCycleTimeAvg = 0.02907949945201044; SleepCycleTimeCount = 22.0; SubmitCycleTimeCount = 23.0; SubmitCycleTimeMax = 0.126701831817627; SleepCycleTimeMin = 4.222619771957397; SubmitCycleTimeSum = 0.6688284873962402; LogProcessCycleTimeStd = 0.01576771749237503; SubmitCycleTimeStd = 0.03999214807811313; LogProcessCycleTimeAvg = 0.0191572109858195; EventCycleTimeMin = 0.003314971923828125; LogProcessCycleTimeMax = 0.05835199356079102; LogProcessCycleTimeMin = 0.002712011337280273; LogProcessCycleTimeSum = 0.344829797744751; LogProcessCycleTimeCount = 18.0; EventCycleTimeSum = 1.09884238243103; SleepCycleTimeSum = 110.2778716087341; SleepCycleTimeAvg = 5.012630527669733; SleepCycleTimeStd = 0.2692498466391701; SleepCycleTimeMax = 5.226070880889893; EventCycleTimeCount = 22.0; EventCycleTimeAvg = 0.04994738101959229; ]
08/10/20 13:50:43 Currently monitoring 1 HTCondor log file(s)
08/10/20 13:50:43 Reassigning the id of job cleanup_harry-potter-text-analysis_0_local from (32.0.0) to (32.0.0)
08/10/20 13:50:43 Event: ULOG_SUBMIT for HTCondor Node cleanup_harry-potter-text-analysis_0_local (32.0.0) {08/10/20 13:50:38}
08/10/20 13:50:43 Number of idle job procs: 1
08/10/20 13:50:43 Event: ULOG_EXECUTE for HTCondor Node cleanup_harry-potter-text-analysis_0_local (32.0.0) {08/10/20 13:50:42}
08/10/20 13:50:43 Number of idle job procs: 0
08/10/20 13:50:48 Currently monitoring 1 HTCondor log file(s)
08/10/20 13:50:48 Event: ULOG_JOB_TERMINATED for HTCondor Node cleanup_harry-potter-text-analysis_0_local (32.0.0) {08/10/20 13:50:44}
08/10/20 13:50:48 Number of idle job procs: 0
08/10/20 13:50:48 Node cleanup_harry-potter-text-analysis_0_local job proc (32.0.0) completed successfully.
08/10/20 13:50:48 Node cleanup_harry-potter-text-analysis_0_local job completed
08/10/20 13:50:48 Running POST script of Node cleanup_harry-potter-text-analysis_0_local...
08/10/20 13:50:48 Warning: mysin has length 0 (ignore if produced by DAGMan; see gittrac #4987, #5031)
08/10/20 13:50:48 DAG status: 0 (DAG_STATUS_OK)
08/10/20 13:50:48 Of 19 nodes total:
08/10/20 13:50:48  Done     Pre   Queued    Post   Ready   Un-Ready   Failed
08/10/20 13:50:48   ===     ===      ===     ===     ===        ===      ===
08/10/20 13:50:48    18       0        0       1       0          0        0
08/10/20 13:50:48 0 job proc(s) currently held
08/10/20 13:50:48 DAGMan Runtime Statistics: [ EventCycleTimeStd = 0.03560499457586464; EventCycleTimeMax = 0.1326568126678467; SubmitCycleTimeMin = 0.0002269744873046875; SubmitCycleTimeAvg = 0.02678617477416992; SleepCycleTimeCount = 24.0; SubmitCycleTimeCount = 25.0; SubmitCycleTimeMax = 0.126701831817627; SleepCycleTimeMin = 4.222619771957397; SubmitCycleTimeSum = 0.669654369354248; LogProcessCycleTimeStd = 0.01534783341428723; SubmitCycleTimeStd = 0.03910365258101607; LogProcessCycleTimeAvg = 0.01804407835006714; EventCycleTimeMin = 0.003314971923828125; LogProcessCycleTimeMax = 0.05835199356079102; LogProcessCycleTimeMin = 0.002712011337280273; LogProcessCycleTimeSum = 0.3608815670013428; LogProcessCycleTimeCount = 20.0; EventCycleTimeSum = 1.149806261062622; SleepCycleTimeSum = 120.2966997623444; SleepCycleTimeAvg = 5.012362490097682; SleepCycleTimeStd = 0.2572817047483424; SleepCycleTimeMax = 5.226070880889893; EventCycleTimeCount = 24.0; EventCycleTimeAvg = 0.04790859421094259; ]
08/10/20 13:50:49 Initializing user log writer for /home/scitech/shared-data/sample-text-analysis-wf/scitech/pegasus/harry-potter-text-analysis/run0002/./harry-potter-text-analysis-0.dag.nodes.log, (32.0.0)
08/10/20 13:50:53 Currently monitoring 1 HTCondor log file(s)
08/10/20 13:50:53 Event: ULOG_POST_SCRIPT_TERMINATED for HTCondor Node cleanup_harry-potter-text-analysis_0_local (32.0.0) {08/10/20 13:50:49}
08/10/20 13:50:53 POST Script of node cleanup_harry-potter-text-analysis_0_local completed successfully.
08/10/20 13:50:53 DAG status: 0 (DAG_STATUS_OK)
08/10/20 13:50:53 Of 19 nodes total:
08/10/20 13:50:53  Done     Pre   Queued    Post   Ready   Un-Ready   Failed
08/10/20 13:50:53   ===     ===      ===     ===     ===        ===      ===
08/10/20 13:50:53    19       0        0       0       0          0        0
08/10/20 13:50:53 0 job proc(s) currently held
08/10/20 13:50:53 DAGMan Runtime Statistics: [ EventCycleTimeStd = 0.03534048588960118; EventCycleTimeMax = 0.1326568126678467; SubmitCycleTimeMin = 0.0002269744873046875; SubmitCycleTimeAvg = 0.02578251178448017; SleepCycleTimeCount = 25.0; SubmitCycleTimeCount = 26.0; SubmitCycleTimeMax = 0.126701831817627; SleepCycleTimeMin = 4.212172031402588; SubmitCycleTimeSum = 0.6703453063964844; LogProcessCycleTimeStd = 0.01525127894080134; SubmitCycleTimeStd = 0.03865388264700494; LogProcessCycleTimeAvg = 0.01739588237944104; EventCycleTimeMin = 0.003314971923828125; LogProcessCycleTimeMax = 0.05835199356079102; LogProcessCycleTimeMin = 0.002712011337280273; LogProcessCycleTimeSum = 0.3653135299682617; LogProcessCycleTimeCount = 21.0; EventCycleTimeSum = 1.168536186218262; SleepCycleTimeSum = 124.5088717937469; SleepCycleTimeAvg = 4.980354871749878; SleepCycleTimeStd = 0.2984090954641918; SleepCycleTimeMax = 5.226070880889893; EventCycleTimeCount = 25.0; EventCycleTimeAvg = 0.04674144744873047; ]
08/10/20 13:50:53 All jobs Completed!
08/10/20 13:50:53 Note: 0 total job deferrals because of -MaxJobs limit (0)
08/10/20 13:50:53 Note: 0 total job deferrals because of -MaxIdle limit (1000)
08/10/20 13:50:53 Note: 0 total job deferrals because of node category throttles
08/10/20 13:50:53 Note: 0 total PRE script deferrals because of -MaxPre limit (20) or DEFER
08/10/20 13:50:53 Note: 0 total POST script deferrals because of -MaxPost limit (20) or DEFER
08/10/20 13:50:53 DAG status: 0 (DAG_STATUS_OK)
08/10/20 13:50:53 Of 19 nodes total:
08/10/20 13:50:53  Done     Pre   Queued    Post   Ready   Un-Ready   Failed
08/10/20 13:50:53   ===     ===      ===     ===     ===        ===      ===
08/10/20 13:50:53    19       0        0       0       0          0        0
08/10/20 13:50:53 0 job proc(s) currently held
08/10/20 13:50:53 DAGMan Runtime Statistics: [ EventCycleTimeStd = 0.03534048588960118; EventCycleTimeMax = 0.1326568126678467; SubmitCycleTimeMin = 0.0002269744873046875; SubmitCycleTimeAvg = 0.02578251178448017; SleepCycleTimeCount = 25.0; SubmitCycleTimeCount = 26.0; SubmitCycleTimeMax = 0.126701831817627; SleepCycleTimeMin = 4.212172031402588; SubmitCycleTimeSum = 0.6703453063964844; LogProcessCycleTimeStd = 0.01525127894080134; SubmitCycleTimeStd = 0.03865388264700494; LogProcessCycleTimeAvg = 0.01739588237944104; EventCycleTimeMin = 0.003314971923828125; LogProcessCycleTimeMax = 0.05835199356079102; LogProcessCycleTimeMin = 0.002712011337280273; LogProcessCycleTimeSum = 0.3653135299682617; LogProcessCycleTimeCount = 21.0; EventCycleTimeSum = 1.168536186218262; SleepCycleTimeSum = 124.5088717937469; SleepCycleTimeAvg = 4.980354871749878; SleepCycleTimeStd = 0.2984090954641918; SleepCycleTimeMax = 5.226070880889893; EventCycleTimeCount = 25.0; EventCycleTimeAvg = 0.04674144744873047; ]
08/10/20 13:50:53 Wrote metrics file harry-potter-text-analysis-0.dag.metrics.
08/10/20 13:50:53 Reporting metrics to Pegasus metrics server(s); output is in harry-potter-text-analysis-0.dag.metrics.out.
08/10/20 13:50:53 Running command </usr/libexec/condor/condor_dagman_metrics_reporter -f harry-potter-text-analysis-0.dag.metrics -t 100>
08/10/20 13:50:53 Warning: mysin has length 0 (ignore if produced by DAGMan; see gittrac #4987, #5031)
08/10/20 13:50:53 DAGMan Runtime Statistics: [ EventCycleTimeStd = 0.03534048588960118; EventCycleTimeMax = 0.1326568126678467; SubmitCycleTimeMin = 0.0002269744873046875; SubmitCycleTimeAvg = 0.02578251178448017; SleepCycleTimeCount = 25.0; SubmitCycleTimeCount = 26.0; SubmitCycleTimeMax = 0.126701831817627; SleepCycleTimeMin = 4.212172031402588; SubmitCycleTimeSum = 0.6703453063964844; LogProcessCycleTimeStd = 0.01525127894080134; SubmitCycleTimeStd = 0.03865388264700494; LogProcessCycleTimeAvg = 0.01739588237944104; EventCycleTimeMin = 0.003314971923828125; LogProcessCycleTimeMax = 0.05835199356079102; LogProcessCycleTimeMin = 0.002712011337280273; LogProcessCycleTimeSum = 0.3653135299682617; LogProcessCycleTimeCount = 21.0; EventCycleTimeSum = 1.168536186218262; SleepCycleTimeSum = 124.5088717937469; SleepCycleTimeAvg = 4.980354871749878; SleepCycleTimeStd = 0.2984090954641918; SleepCycleTimeMax = 5.226070880889893; EventCycleTimeCount = 25.0; EventCycleTimeAvg = 0.04674144744873047; ]
08/10/20 13:50:53 **** condor_scheduniv_exec.13.0 (condor_DAGMAN) pid 2597 EXITING WITH STATUS 0
