000 (014.000.000) 08/10 13:48:47 Job submitted from host: <127.0.0.1:9618?addrs=127.0.0.1-9618&noUDP&sock=269_6778_4>
    DAG Node: create_dir_harry-potter-text-analysis_0_local
    pool:local
...
001 (014.000.000) 08/10 13:48:48 Job executing on host: <127.0.0.1:9618?addrs=127.0.0.1-9618&noUDP&sock=277_ebe4_14>
...
005 (014.000.000) 08/10 13:48:50 Job terminated.
	(1) Normal termination (return value 0)
		Usr 0 00:00:00, Sys 0 00:00:00  -  Run Remote Usage
		Usr 0 00:00:00, Sys 0 00:00:00  -  Run Local Usage
		Usr 0 00:00:00, Sys 0 00:00:00  -  Total Remote Usage
		Usr 0 00:00:00, Sys 0 00:00:00  -  Total Local Usage
	0  -  Run Bytes Sent By Job
	0  -  Run Bytes Received By Job
	0  -  Total Bytes Sent By Job
	0  -  Total Bytes Received By Job
...
016 (014.000.000) 08/10 13:48:52 POST Script terminated.
	(1) Normal termination (return value 0)
    DAG Node: create_dir_harry-potter-text-analysis_0_local
...
000 (015.000.000) 08/10 13:49:02 Job submitted from host: <127.0.0.1:9618?addrs=127.0.0.1-9618&noUDP&sock=269_6778_4>
    DAG Node: stage_in_remote_local_2_0
    pool:local
...
000 (016.000.000) 08/10 13:49:02 Job submitted from host: <127.0.0.1:9618?addrs=127.0.0.1-9618&noUDP&sock=269_6778_4>
    DAG Node: stage_in_remote_local_1_0
    pool:local
...
000 (017.000.000) 08/10 13:49:02 Job submitted from host: <127.0.0.1:9618?addrs=127.0.0.1-9618&noUDP&sock=269_6778_4>
    DAG Node: stage_in_remote_local_0_0
    pool:local
...
000 (018.000.000) 08/10 13:49:02 Job submitted from host: <127.0.0.1:9618?addrs=127.0.0.1-9618&noUDP&sock=269_6778_4>
    DAG Node: stage_in_local_local_0_0
    pool:local
...
001 (015.000.000) 08/10 13:49:05 Job executing on host: <127.0.0.1:9618?addrs=127.0.0.1-9618&noUDP&sock=277_ebe4_15>
...
001 (017.000.000) 08/10 13:49:05 Job executing on host: <127.0.0.1:9618?addrs=127.0.0.1-9618&noUDP&sock=277_ebe4_16>
...
001 (016.000.000) 08/10 13:49:05 Job executing on host: <127.0.0.1:9618?addrs=127.0.0.1-9618&noUDP&sock=277_ebe4_17>
...
001 (018.000.000) 08/10 13:49:05 Job executing on host: <127.0.0.1:9618?addrs=127.0.0.1-9618&noUDP&sock=277_ebe4_18>
...
005 (017.000.000) 08/10 13:49:07 Job terminated.
	(1) Normal termination (return value 0)
		Usr 0 00:00:00, Sys 0 00:00:00  -  Run Remote Usage
		Usr 0 00:00:00, Sys 0 00:00:00  -  Run Local Usage
		Usr 0 00:00:00, Sys 0 00:00:00  -  Total Remote Usage
		Usr 0 00:00:00, Sys 0 00:00:00  -  Total Local Usage
	0  -  Run Bytes Sent By Job
	0  -  Run Bytes Received By Job
	0  -  Total Bytes Sent By Job
	0  -  Total Bytes Received By Job
...
005 (015.000.000) 08/10 13:49:07 Job terminated.
	(1) Normal termination (return value 0)
		Usr 0 00:00:00, Sys 0 00:00:00  -  Run Remote Usage
		Usr 0 00:00:00, Sys 0 00:00:00  -  Run Local Usage
		Usr 0 00:00:00, Sys 0 00:00:00  -  Total Remote Usage
		Usr 0 00:00:00, Sys 0 00:00:00  -  Total Local Usage
	0  -  Run Bytes Sent By Job
	0  -  Run Bytes Received By Job
	0  -  Total Bytes Sent By Job
	0  -  Total Bytes Received By Job
...
005 (016.000.000) 08/10 13:49:07 Job terminated.
	(1) Normal termination (return value 0)
		Usr 0 00:00:00, Sys 0 00:00:00  -  Run Remote Usage
		Usr 0 00:00:00, Sys 0 00:00:00  -  Run Local Usage
		Usr 0 00:00:00, Sys 0 00:00:00  -  Total Remote Usage
		Usr 0 00:00:00, Sys 0 00:00:00  -  Total Local Usage
	0  -  Run Bytes Sent By Job
	0  -  Run Bytes Received By Job
	0  -  Total Bytes Sent By Job
	0  -  Total Bytes Received By Job
...
005 (018.000.000) 08/10 13:49:07 Job terminated.
	(1) Normal termination (return value 0)
		Usr 0 00:00:00, Sys 0 00:00:00  -  Run Remote Usage
		Usr 0 00:00:00, Sys 0 00:00:00  -  Run Local Usage
		Usr 0 00:00:00, Sys 0 00:00:00  -  Total Remote Usage
		Usr 0 00:00:00, Sys 0 00:00:00  -  Total Local Usage
	0  -  Run Bytes Sent By Job
	0  -  Run Bytes Received By Job
	0  -  Total Bytes Sent By Job
	0  -  Total Bytes Received By Job
...
016 (017.000.000) 08/10 13:49:08 POST Script terminated.
	(1) Normal termination (return value 0)
    DAG Node: stage_in_remote_local_0_0
...
016 (016.000.000) 08/10 13:49:08 POST Script terminated.
	(1) Normal termination (return value 0)
    DAG Node: stage_in_remote_local_1_0
...
016 (015.000.000) 08/10 13:49:08 POST Script terminated.
	(1) Normal termination (return value 0)
    DAG Node: stage_in_remote_local_2_0
...
016 (018.000.000) 08/10 13:49:08 POST Script terminated.
	(1) Normal termination (return value 0)
    DAG Node: stage_in_local_local_0_0
...
000 (019.000.000) 08/10 13:49:17 Job submitted from host: <127.0.0.1:9618?addrs=127.0.0.1-9618&noUDP&sock=269_6778_4>
    DAG Node: word_count_ID0000001
    pool:condorpool
...
001 (019.000.000) 08/10 13:49:22 Job executing on host: <127.0.0.1:9618?addrs=127.0.0.1-9618&noUDP&sock=269_6778_5>
...
005 (019.000.000) 08/10 13:49:23 Job terminated.
	(1) Normal termination (return value 0)
		Usr 0 00:00:00, Sys 0 00:00:00  -  Run Remote Usage
		Usr 0 00:00:00, Sys 0 00:00:00  -  Run Local Usage
		Usr 0 00:00:00, Sys 0 00:00:00  -  Total Remote Usage
		Usr 0 00:00:00, Sys 0 00:00:00  -  Total Local Usage
	52182  -  Run Bytes Sent By Job
	10898403  -  Run Bytes Received By Job
	52182  -  Total Bytes Sent By Job
	10898403  -  Total Bytes Received By Job
	Partitionable Resources :    Usage  Request Allocated 
	   Cpus                 :                 1         1 
	   Disk (KB)            :    64690    12500   1469693 
	   Memory (MB)          :        0        1       331 
...
016 (019.000.000) 08/10 13:49:27 POST Script terminated.
	(1) Normal termination (return value 0)
    DAG Node: word_count_ID0000001
...
000 (020.000.000) 08/10 13:49:37 Job submitted from host: <127.0.0.1:9618?addrs=127.0.0.1-9618&noUDP&sock=269_6778_4>
    DAG Node: clean_up_local_level_3_0
    pool:local
...
000 (021.000.000) 08/10 13:49:37 Job submitted from host: <127.0.0.1:9618?addrs=127.0.0.1-9618&noUDP&sock=269_6778_4>
    DAG Node: stage_out_local_local_0_0
    pool:local
...
000 (022.000.000) 08/10 13:49:37 Job submitted from host: <127.0.0.1:9618?addrs=127.0.0.1-9618&noUDP&sock=269_6778_4>
    DAG Node: sort_ID0000002
    pool:condorpool
...
001 (022.000.000) 08/10 13:49:38 Job executing on host: <127.0.0.1:9618?addrs=127.0.0.1-9618&noUDP&sock=269_6778_5>
...
005 (022.000.000) 08/10 13:49:40 Job terminated.
	(1) Normal termination (return value 0)
		Usr 0 00:00:00, Sys 0 00:00:00  -  Run Remote Usage
		Usr 0 00:00:00, Sys 0 00:00:00  -  Run Local Usage
		Usr 0 00:00:00, Sys 0 00:00:00  -  Total Remote Usage
		Usr 0 00:00:00, Sys 0 00:00:00  -  Total Local Usage
	52178  -  Run Bytes Sent By Job
	10842420  -  Run Bytes Received By Job
	52178  -  Total Bytes Sent By Job
	10842420  -  Total Bytes Received By Job
	Partitionable Resources :    Usage  Request Allocated 
	   Cpus                 :        0        1         1 
	   Disk (KB)            :    64640    12500   1469693 
	   Memory (MB)          :        0        1       331 
...
001 (021.000.000) 08/10 13:49:42 Job executing on host: <127.0.0.1:9618?addrs=127.0.0.1-9618&noUDP&sock=277_ebe4_21>
...
001 (020.000.000) 08/10 13:49:42 Job executing on host: <127.0.0.1:9618?addrs=127.0.0.1-9618&noUDP&sock=277_ebe4_22>
...
016 (022.000.000) 08/10 13:49:42 POST Script terminated.
	(1) Normal termination (return value 0)
    DAG Node: sort_ID0000002
...
005 (021.000.000) 08/10 13:49:44 Job terminated.
	(1) Normal termination (return value 0)
		Usr 0 00:00:00, Sys 0 00:00:00  -  Run Remote Usage
		Usr 0 00:00:00, Sys 0 00:00:00  -  Run Local Usage
		Usr 0 00:00:00, Sys 0 00:00:00  -  Total Remote Usage
		Usr 0 00:00:00, Sys 0 00:00:00  -  Total Local Usage
	0  -  Run Bytes Sent By Job
	0  -  Run Bytes Received By Job
	0  -  Total Bytes Sent By Job
	0  -  Total Bytes Received By Job
...
005 (020.000.000) 08/10 13:49:46 Job terminated.
	(1) Normal termination (return value 0)
		Usr 0 00:00:00, Sys 0 00:00:00  -  Run Remote Usage
		Usr 0 00:00:00, Sys 0 00:00:00  -  Run Local Usage
		Usr 0 00:00:00, Sys 0 00:00:00  -  Total Remote Usage
		Usr 0 00:00:00, Sys 0 00:00:00  -  Total Local Usage
	0  -  Run Bytes Sent By Job
	0  -  Run Bytes Received By Job
	0  -  Total Bytes Sent By Job
	0  -  Total Bytes Received By Job
...
016 (021.000.000) 08/10 13:49:48 POST Script terminated.
	(1) Normal termination (return value 0)
    DAG Node: stage_out_local_local_0_0
...
016 (020.000.000) 08/10 13:49:48 POST Script terminated.
	(1) Normal termination (return value 0)
    DAG Node: clean_up_local_level_3_0
...
000 (023.000.000) 08/10 13:49:52 Job submitted from host: <127.0.0.1:9618?addrs=127.0.0.1-9618&noUDP&sock=269_6778_4>
    DAG Node: stage_out_local_local_1_0
    pool:local
...
000 (024.000.000) 08/10 13:49:52 Job submitted from host: <127.0.0.1:9618?addrs=127.0.0.1-9618&noUDP&sock=269_6778_4>
    DAG Node: plot_ID0000003
    pool:condorpool
...
001 (023.000.000) 08/10 13:49:53 Job executing on host: <127.0.0.1:9618?addrs=127.0.0.1-9618&noUDP&sock=277_ebe4_24>
...
001 (024.000.000) 08/10 13:49:53 Job executing on host: <127.0.0.1:9618?addrs=127.0.0.1-9618&noUDP&sock=269_6778_5>
...
005 (023.000.000) 08/10 13:49:55 Job terminated.
	(1) Normal termination (return value 0)
		Usr 0 00:00:00, Sys 0 00:00:00  -  Run Remote Usage
		Usr 0 00:00:00, Sys 0 00:00:00  -  Run Local Usage
		Usr 0 00:00:00, Sys 0 00:00:00  -  Total Remote Usage
		Usr 0 00:00:00, Sys 0 00:00:00  -  Total Local Usage
	0  -  Run Bytes Sent By Job
	0  -  Run Bytes Received By Job
	0  -  Total Bytes Sent By Job
	0  -  Total Bytes Received By Job
...
005 (024.000.000) 08/10 13:49:56 Job terminated.
	(1) Normal termination (return value 0)
		Usr 0 00:00:01, Sys 0 00:00:00  -  Run Remote Usage
		Usr 0 00:00:00, Sys 0 00:00:00  -  Run Local Usage
		Usr 0 00:00:01, Sys 0 00:00:00  -  Total Remote Usage
		Usr 0 00:00:00, Sys 0 00:00:00  -  Total Local Usage
	31433  -  Run Bytes Sent By Job
	10842621  -  Run Bytes Received By Job
	31433  -  Total Bytes Sent By Job
	10842621  -  Total Bytes Received By Job
	Partitionable Resources :    Usage  Request Allocated 
	   Cpus                 :        0        1         1 
	   Disk (KB)            :    64620    12500   1469693 
	   Memory (MB)          :        0        1       331 
...
000 (025.000.000) 08/10 13:49:57 Job submitted from host: <127.0.0.1:9618?addrs=127.0.0.1-9618&noUDP&sock=269_6778_4>
    DAG Node: clean_up_local_level_4_0
    pool:local
...
001 (025.000.000) 08/10 13:49:57 Job executing on host: <127.0.0.1:9618?addrs=127.0.0.1-9618&noUDP&sock=277_ebe4_25>
...
000 (026.000.000) 08/10 13:49:57 Job submitted from host: <127.0.0.1:9618?addrs=127.0.0.1-9618&noUDP&sock=269_6778_4>
    DAG Node: register_local_0_0
    pool:local
...
016 (023.000.000) 08/10 13:49:57 POST Script terminated.
	(1) Normal termination (return value 0)
    DAG Node: stage_out_local_local_1_0
...
016 (024.000.000) 08/10 13:49:57 POST Script terminated.
	(1) Normal termination (return value 0)
    DAG Node: plot_ID0000003
...
001 (026.000.000) 08/10 13:49:59 Job executing on host: <127.0.0.1:9618?addrs=127.0.0.1-9618&noUDP&sock=277_ebe4_26>
...
005 (026.000.000) 08/10 13:50:00 Job terminated.
	(1) Normal termination (return value 0)
		Usr 0 00:00:00, Sys 0 00:00:00  -  Run Remote Usage
		Usr 0 00:00:00, Sys 0 00:00:00  -  Run Local Usage
		Usr 0 00:00:00, Sys 0 00:00:00  -  Total Remote Usage
		Usr 0 00:00:00, Sys 0 00:00:00  -  Total Local Usage
	0  -  Run Bytes Sent By Job
	0  -  Run Bytes Received By Job
	0  -  Total Bytes Sent By Job
	0  -  Total Bytes Received By Job
...
005 (025.000.000) 08/10 13:50:01 Job terminated.
	(1) Normal termination (return value 0)
		Usr 0 00:00:00, Sys 0 00:00:00  -  Run Remote Usage
		Usr 0 00:00:00, Sys 0 00:00:00  -  Run Local Usage
		Usr 0 00:00:00, Sys 0 00:00:00  -  Total Remote Usage
		Usr 0 00:00:00, Sys 0 00:00:00  -  Total Local Usage
	0  -  Run Bytes Sent By Job
	0  -  Run Bytes Received By Job
	0  -  Total Bytes Sent By Job
	0  -  Total Bytes Received By Job
...
016 (026.000.000) 08/10 13:50:02 POST Script terminated.
	(1) Normal termination (return value 0)
    DAG Node: register_local_0_0
...
016 (025.000.000) 08/10 13:50:02 POST Script terminated.
	(1) Normal termination (return value 0)
    DAG Node: clean_up_local_level_4_0
...
000 (027.000.000) 08/10 13:50:07 Job submitted from host: <127.0.0.1:9618?addrs=127.0.0.1-9618&noUDP&sock=269_6778_4>
    DAG Node: clean_up_local_level_5_0
    pool:local
...
000 (028.000.000) 08/10 13:50:07 Job submitted from host: <127.0.0.1:9618?addrs=127.0.0.1-9618&noUDP&sock=269_6778_4>
    DAG Node: stage_out_local_local_2_0
    pool:local
...
000 (029.000.000) 08/10 13:50:07 Job submitted from host: <127.0.0.1:9618?addrs=127.0.0.1-9618&noUDP&sock=269_6778_4>
    DAG Node: register_local_1_0
    pool:local
...
001 (027.000.000) 08/10 13:50:10 Job executing on host: <127.0.0.1:9618?addrs=127.0.0.1-9618&noUDP&sock=277_ebe4_27>
...
001 (029.000.000) 08/10 13:50:10 Job executing on host: <127.0.0.1:9618?addrs=127.0.0.1-9618&noUDP&sock=277_ebe4_28>
...
001 (028.000.000) 08/10 13:50:10 Job executing on host: <127.0.0.1:9618?addrs=127.0.0.1-9618&noUDP&sock=277_ebe4_29>
...
005 (029.000.000) 08/10 13:50:11 Job terminated.
	(1) Normal termination (return value 0)
		Usr 0 00:00:00, Sys 0 00:00:00  -  Run Remote Usage
		Usr 0 00:00:00, Sys 0 00:00:00  -  Run Local Usage
		Usr 0 00:00:00, Sys 0 00:00:00  -  Total Remote Usage
		Usr 0 00:00:00, Sys 0 00:00:00  -  Total Local Usage
	0  -  Run Bytes Sent By Job
	0  -  Run Bytes Received By Job
	0  -  Total Bytes Sent By Job
	0  -  Total Bytes Received By Job
...
005 (028.000.000) 08/10 13:50:12 Job terminated.
	(1) Normal termination (return value 0)
		Usr 0 00:00:00, Sys 0 00:00:00  -  Run Remote Usage
		Usr 0 00:00:00, Sys 0 00:00:00  -  Run Local Usage
		Usr 0 00:00:00, Sys 0 00:00:00  -  Total Remote Usage
		Usr 0 00:00:00, Sys 0 00:00:00  -  Total Local Usage
	0  -  Run Bytes Sent By Job
	0  -  Run Bytes Received By Job
	0  -  Total Bytes Sent By Job
	0  -  Total Bytes Received By Job
...
016 (029.000.000) 08/10 13:50:13 POST Script terminated.
	(1) Normal termination (return value 0)
    DAG Node: register_local_1_0
...
016 (028.000.000) 08/10 13:50:13 POST Script terminated.
	(1) Normal termination (return value 0)
    DAG Node: stage_out_local_local_2_0
...
005 (027.000.000) 08/10 13:50:14 Job terminated.
	(1) Normal termination (return value 0)
		Usr 0 00:00:00, Sys 0 00:00:00  -  Run Remote Usage
		Usr 0 00:00:00, Sys 0 00:00:00  -  Run Local Usage
		Usr 0 00:00:00, Sys 0 00:00:00  -  Total Remote Usage
		Usr 0 00:00:00, Sys 0 00:00:00  -  Total Local Usage
	0  -  Run Bytes Sent By Job
	0  -  Run Bytes Received By Job
	0  -  Total Bytes Sent By Job
	0  -  Total Bytes Received By Job
...
016 (027.000.000) 08/10 13:50:18 POST Script terminated.
	(1) Normal termination (return value 0)
    DAG Node: clean_up_local_level_5_0
...
000 (030.000.000) 08/10 13:50:23 Job submitted from host: <127.0.0.1:9618?addrs=127.0.0.1-9618&noUDP&sock=269_6778_4>
    DAG Node: clean_up_local_level_6_0
    pool:local
...
000 (031.000.000) 08/10 13:50:23 Job submitted from host: <127.0.0.1:9618?addrs=127.0.0.1-9618&noUDP&sock=269_6778_4>
    DAG Node: register_local_2_0
    pool:local
...
001 (030.000.000) 08/10 13:50:26 Job executing on host: <127.0.0.1:9618?addrs=127.0.0.1-9618&noUDP&sock=277_ebe4_30>
...
001 (031.000.000) 08/10 13:50:26 Job executing on host: <127.0.0.1:9618?addrs=127.0.0.1-9618&noUDP&sock=277_ebe4_31>
...
005 (031.000.000) 08/10 13:50:27 Job terminated.
	(1) Normal termination (return value 0)
		Usr 0 00:00:00, Sys 0 00:00:00  -  Run Remote Usage
		Usr 0 00:00:00, Sys 0 00:00:00  -  Run Local Usage
		Usr 0 00:00:00, Sys 0 00:00:00  -  Total Remote Usage
		Usr 0 00:00:00, Sys 0 00:00:00  -  Total Local Usage
	0  -  Run Bytes Sent By Job
	0  -  Run Bytes Received By Job
	0  -  Total Bytes Sent By Job
	0  -  Total Bytes Received By Job
...
005 (030.000.000) 08/10 13:50:28 Job terminated.
	(1) Normal termination (return value 0)
		Usr 0 00:00:00, Sys 0 00:00:00  -  Run Remote Usage
		Usr 0 00:00:00, Sys 0 00:00:00  -  Run Local Usage
		Usr 0 00:00:00, Sys 0 00:00:00  -  Total Remote Usage
		Usr 0 00:00:00, Sys 0 00:00:00  -  Total Local Usage
	0  -  Run Bytes Sent By Job
	0  -  Run Bytes Received By Job
	0  -  Total Bytes Sent By Job
	0  -  Total Bytes Received By Job
...
016 (031.000.000) 08/10 13:50:28 POST Script terminated.
	(1) Normal termination (return value 0)
    DAG Node: register_local_2_0
...
016 (030.000.000) 08/10 13:50:28 POST Script terminated.
	(1) Normal termination (return value 0)
    DAG Node: clean_up_local_level_6_0
...
000 (032.000.000) 08/10 13:50:38 Job submitted from host: <127.0.0.1:9618?addrs=127.0.0.1-9618&noUDP&sock=269_6778_4>
    DAG Node: cleanup_harry-potter-text-analysis_0_local
    pool:local
...
001 (032.000.000) 08/10 13:50:42 Job executing on host: <127.0.0.1:9618?addrs=127.0.0.1-9618&noUDP&sock=277_ebe4_32>
...
005 (032.000.000) 08/10 13:50:44 Job terminated.
	(1) Normal termination (return value 0)
		Usr 0 00:00:00, Sys 0 00:00:00  -  Run Remote Usage
		Usr 0 00:00:00, Sys 0 00:00:00  -  Run Local Usage
		Usr 0 00:00:00, Sys 0 00:00:00  -  Total Remote Usage
		Usr 0 00:00:00, Sys 0 00:00:00  -  Total Local Usage
	0  -  Run Bytes Sent By Job
	0  -  Run Bytes Received By Job
	0  -  Total Bytes Sent By Job
	0  -  Total Bytes Received By Job
...
016 (032.000.000) 08/10 13:50:49 POST Script terminated.
	(1) Normal termination (return value 0)
    DAG Node: cleanup_harry-potter-text-analysis_0_local
...
