2020-07-22 12:00:10,190:INFO:pegasus-monitord(58): pegasus-monitord starting - pid 634 
2020-07-22 12:00:10,206:INFO:pegasus-monitord(455): Final Command line options are: ['-N', 'helloworld-0.dag.dagman.out']
2020-07-22 12:00:10,225:INFO:Pegasus.monitoring.event_output(629): Connecting workflow event sink to sqlite:////home/scitech/shared-data/Workflow1/scitech/pegasus/helloworld/run0003/helloworld-0.stampede.db
Created Pegasus database in: sqlite:////home/scitech/shared-data/Workflow1/scitech/pegasus/helloworld/run0003/helloworld-0.stampede.db
Your database is compatible with Pegasus version: 5.0.0dev
2020-07-22 12:00:10,993:INFO:Pegasus.monitoring.event_output(703): output type=DB namespace=stampede. name=sqlite:////home/scitech/shared-data/Workflow1/scitech/pegasus/helloworld/run0003/helloworld-0.stampede.db
2020-07-22 12:00:10,994:INFO:Pegasus.monitoring.event_output(629): Connecting workflow event sink to sqlite:////home/scitech/.pegasus/workflow.db
Your database is compatible with Pegasus version: 5.0.0dev
2020-07-22 12:00:11,403:INFO:Pegasus.monitoring.event_output(703): output type=DB namespace=dashboard. name=sqlite:////home/scitech/.pegasus/workflow.db
2020-07-22 12:00:11,403:INFO:pegasus-monitord(1247): monitord started in fast start mode
2020-07-22 12:00:11,430:INFO:Pegasus.monitoring.workflow(461): cannot open state file /home/scitech/shared-data/Workflow1/scitech/pegasus/helloworld/run0003/monitord.info, continuing without state...
2020-07-22 12:00:11,431:INFO:Pegasus.monitoring.workflow(1148): creating new file /home/scitech/shared-data/Workflow1/scitech/pegasus/helloworld/run0003/jobstate.log
2020-07-22 12:00:11,431:INFO:Pegasus.monitoring.workflow(1158): Appending to existing jobstate.log replay_mode 0 previous_processed_line 0
2020-07-22 12:00:11,433:INFO:Pegasus.monitoring.notifications(474): loading notifications from /home/scitech/shared-data/Workflow1/scitech/pegasus/helloworld/run0003/helloworld-0.notify
2020-07-22 12:00:11,640:INFO:Pegasus.monitoring.workflow(205): Parsing DAG file /home/scitech/shared-data/Workflow1/scitech/pegasus/helloworld/run0003/helloworld-0.dag
2020-07-22 12:00:11,645:INFO:pegasus-monitord(974): Using DAGMan version 8.8.9 80809
2020-07-22 12:00:11,645:INFO:pegasus-monitord(949): DAGMan runs at pid 628
2020-07-22 12:00:11,648:INFO:pegasus-monitord(955): using dag helloworld-0.dag
2020-07-22 12:00:11,649:INFO:Pegasus.monitoring.workflow(811): DAGMan starting with condor id 1.0
2020-07-22 12:01:19,713:INFO:Pegasus.monitoring.workflow(2467): Populating locations corresponding to succeeded registration job  /home/scitech/shared-data/Workflow1/scitech/pegasus/helloworld/run0003/00/00/register_local_0_0.in 
2020-07-22 12:01:40,023:INFO:pegasus-monitord(927): DAGMan helloworld-0.dag finished with exit code 0
2020-07-22 12:01:41,041:INFO:pegasus-monitord(1427): workflow /home/scitech/shared-data/Workflow1/scitech/pegasus/helloworld/run0003/helloworld-0.dag.dagman.out ended
2020-07-22 12:01:41,046:INFO:Pegasus.monitoring.workflow(1377): recovery file deleted: /home/scitech/shared-data/Workflow1/scitech/pegasus/helloworld/run0003/monitord.recover
2020-07-22 12:01:41,048:INFO:pegasus-monitord(1665): finishing workflow: /home/scitech/shared-data/Workflow1/scitech/pegasus/helloworld/run0003/helloworld-0.dag.dagman.out
2020-07-22 12:01:41,049:INFO:pegasus-monitord(1719): finishing notifications...
2020-07-22 12:01:41,049:INFO:pegasus-monitord(1727): monitord process 634 exiting with 0
2020-07-22 12:01:41,051:INFO:pegasus-monitord(197): DB flushing beginning
2020-07-22 12:01:41,051:INFO:Pegasus.db.workflow_loader.WorkflowLoader(1244): Executing final flush
2020-07-22 12:01:41,117:INFO:Pegasus.db.dashboard_loader.DashboardLoader(397): Executing final flush
2020-07-22 12:01:41,118:INFO:pegasus-monitord(213): DB flushing ended
