2020-09-14 12:09:16,249:INFO:pegasus-monitord(58): pegasus-monitord starting - pid 96014 
2020-09-14 12:09:16,280:INFO:pegasus-monitord(455): Final Command line options are: ['-N', 'Cats_and_Dogs-0.dag.dagman.out']
2020-09-14 12:09:16,308:INFO:Pegasus.monitoring.event_output(629): Connecting workflow event sink to sqlite:////home/scitech/shared-data/CatsAndDogs/scitech/pegasus/Cats_and_Dogs/run0010/Cats_and_Dogs-0.stampede.db
Created Pegasus database in: sqlite:////home/scitech/shared-data/CatsAndDogs/scitech/pegasus/Cats_and_Dogs/run0010/Cats_and_Dogs-0.stampede.db
Your database is compatible with Pegasus version: 5.0.0dev
2020-09-14 12:09:17,219:INFO:Pegasus.monitoring.event_output(703): output type=DB namespace=stampede. name=sqlite:////home/scitech/shared-data/CatsAndDogs/scitech/pegasus/Cats_and_Dogs/run0010/Cats_and_Dogs-0.stampede.db
2020-09-14 12:09:17,220:INFO:Pegasus.monitoring.event_output(629): Connecting workflow event sink to sqlite:////home/scitech/.pegasus/workflow.db
Your database is compatible with Pegasus version: 5.0.0dev
2020-09-14 12:09:17,742:INFO:Pegasus.monitoring.event_output(703): output type=DB namespace=dashboard. name=sqlite:////home/scitech/.pegasus/workflow.db
2020-09-14 12:09:17,743:INFO:pegasus-monitord(1247): monitord started in fast start mode
2020-09-14 12:09:17,766:INFO:Pegasus.monitoring.workflow(461): cannot open state file /home/scitech/shared-data/CatsAndDogs/scitech/pegasus/Cats_and_Dogs/run0010/monitord.info, continuing without state...
2020-09-14 12:09:17,767:INFO:Pegasus.monitoring.workflow(1148): creating new file /home/scitech/shared-data/CatsAndDogs/scitech/pegasus/Cats_and_Dogs/run0010/jobstate.log
2020-09-14 12:09:17,767:INFO:Pegasus.monitoring.workflow(1158): Appending to existing jobstate.log replay_mode 0 previous_processed_line 0
2020-09-14 12:09:17,769:INFO:Pegasus.monitoring.notifications(474): loading notifications from /home/scitech/shared-data/CatsAndDogs/scitech/pegasus/Cats_and_Dogs/run0010/Cats_and_Dogs-0.notify
2020-09-14 12:09:18,085:INFO:Pegasus.monitoring.workflow(205): Parsing DAG file /home/scitech/shared-data/CatsAndDogs/scitech/pegasus/Cats_and_Dogs/run0010/Cats_and_Dogs-0.dag
2020-09-14 12:09:18,092:INFO:pegasus-monitord(974): Using DAGMan version 8.8.10 80810
2020-09-14 12:09:18,092:INFO:pegasus-monitord(949): DAGMan runs at pid 96013
2020-09-14 12:09:18,096:INFO:pegasus-monitord(955): using dag Cats_and_Dogs-0.dag
2020-09-14 12:09:18,096:INFO:Pegasus.monitoring.workflow(811): DAGMan starting with condor id 53.0
2020-09-14 12:10:37,616:WARNING:Pegasus.monitoring.workflow(1707): truncating stdout for job stage_in_local_local_0_0
2020-09-14 12:12:52,631:WARNING:Pegasus.monitoring.workflow(1707): truncating stdout for job stage_out_local_local_0_0
2020-09-14 12:12:53,805:INFO:Pegasus.monitoring.workflow(2468): Populating locations corresponding to succeeded registration job  /home/scitech/shared-data/CatsAndDogs/scitech/pegasus/Cats_and_Dogs/run0010/00/00/register_local_0_0.in 
2020-09-14 12:12:54,316:INFO:Pegasus.monitoring.workflow(2468): Populating locations corresponding to succeeded registration job  /home/scitech/shared-data/CatsAndDogs/scitech/pegasus/Cats_and_Dogs/run0010/00/00/register_local_2_0.in 
2020-09-14 12:12:55,686:WARNING:Pegasus.monitoring.workflow(1707): truncating stdout for job stage_out_local_local_1_0
2020-09-14 12:12:55,790:INFO:Pegasus.monitoring.workflow(2468): Populating locations corresponding to succeeded registration job  /home/scitech/shared-data/CatsAndDogs/scitech/pegasus/Cats_and_Dogs/run0010/00/00/register_local_1_0.in 
2020-09-14 12:25:23,132:INFO:Pegasus.monitoring.workflow(2468): Populating locations corresponding to succeeded registration job  /home/scitech/shared-data/CatsAndDogs/scitech/pegasus/Cats_and_Dogs/run0010/00/00/register_local_3_0.in 
2020-09-14 12:56:39,702:INFO:pegasus-monitord(927): DAGMan Cats_and_Dogs-0.dag finished with exit code 1
2020-09-14 12:56:40,716:INFO:pegasus-monitord(1427): workflow /home/scitech/shared-data/CatsAndDogs/scitech/pegasus/Cats_and_Dogs/run0010/Cats_and_Dogs-0.dag.dagman.out ended
2020-09-14 12:56:40,719:INFO:Pegasus.monitoring.workflow(1378): recovery file deleted: /home/scitech/shared-data/CatsAndDogs/scitech/pegasus/Cats_and_Dogs/run0010/monitord.recover
2020-09-14 12:56:40,721:INFO:pegasus-monitord(1665): finishing workflow: /home/scitech/shared-data/CatsAndDogs/scitech/pegasus/Cats_and_Dogs/run0010/Cats_and_Dogs-0.dag.dagman.out
2020-09-14 12:56:40,722:INFO:pegasus-monitord(1719): finishing notifications...
2020-09-14 12:56:40,722:INFO:pegasus-monitord(1727): monitord process 96014 exiting with 0
2020-09-14 12:56:40,723:INFO:pegasus-monitord(197): DB flushing beginning
2020-09-14 12:56:40,724:INFO:Pegasus.db.workflow_loader.WorkflowLoader(1244): Executing final flush
2020-09-14 12:56:40,791:INFO:Pegasus.db.dashboard_loader.DashboardLoader(397): Executing final flush
2020-09-14 12:56:40,791:INFO:pegasus-monitord(213): DB flushing ended
