07/20/20 10:56:15 ******************************************************
07/20/20 10:56:15 ** condor_scheduniv_exec.49.0 (CONDOR_DAGMAN) STARTING UP
07/20/20 10:56:15 ** /usr/bin/condor_dagman
07/20/20 10:56:15 ** SubsystemInfo: name=DAGMAN type=DAGMAN(10) class=DAEMON(1)
07/20/20 10:56:15 ** Configuration: subsystem:DAGMAN local:<NONE> class:DAEMON
07/20/20 10:56:15 ** $CondorVersion: 8.8.9 May 06 2020 BuildID: 503068 PackageID: 8.8.9-1 $
07/20/20 10:56:15 ** $CondorPlatform: x86_64_CentOS7 $
07/20/20 10:56:15 ** PID = 15117
07/20/20 10:56:15 ** Log last touched time unavailable (No such file or directory)
07/20/20 10:56:15 ******************************************************
07/20/20 10:56:15 Using config source: /etc/condor/condor_config
07/20/20 10:56:15 Using local config sources: 
07/20/20 10:56:15    /etc/condor/config.d/00-minicondor
07/20/20 10:56:15    /etc/condor/condor_config.local
07/20/20 10:56:15 config Macros = 81, Sorted = 81, StringBytes = 2248, TablesBytes = 2964
07/20/20 10:56:15 CLASSAD_CACHING is ENABLED
07/20/20 10:56:15 Daemon Log is logging: D_ALWAYS D_ERROR
07/20/20 10:56:15 DaemonCore: No command port requested.
07/20/20 10:56:15 DAGMAN_USE_STRICT setting: 1
07/20/20 10:56:15 DAGMAN_VERBOSITY setting: 3
07/20/20 10:56:15 DAGMAN_DEBUG_CACHE_SIZE setting: 5242880
07/20/20 10:56:15 DAGMAN_DEBUG_CACHE_ENABLE setting: False
07/20/20 10:56:15 DAGMAN_SUBMIT_DELAY setting: 0
07/20/20 10:56:15 DAGMAN_MAX_SUBMIT_ATTEMPTS setting: 6
07/20/20 10:56:15 DAGMAN_STARTUP_CYCLE_DETECT setting: False
07/20/20 10:56:15 DAGMAN_MAX_SUBMITS_PER_INTERVAL setting: 100
07/20/20 10:56:15 DAGMAN_AGGRESSIVE_SUBMIT setting: False
07/20/20 10:56:15 DAGMAN_USER_LOG_SCAN_INTERVAL setting: 5
07/20/20 10:56:15 DAGMAN_QUEUE_UPDATE_INTERVAL setting: 300
07/20/20 10:56:15 DAGMAN_DEFAULT_PRIORITY setting: 0
07/20/20 10:56:15 DAGMAN_SUPPRESS_NOTIFICATION setting: True
07/20/20 10:56:15 allow_events (DAGMAN_ALLOW_EVENTS) setting: 114
07/20/20 10:56:15 DAGMAN_RETRY_SUBMIT_FIRST setting: True
07/20/20 10:56:15 DAGMAN_RETRY_NODE_FIRST setting: False
07/20/20 10:56:15 DAGMAN_MAX_JOBS_IDLE setting: 1000
07/20/20 10:56:15 DAGMAN_MAX_JOBS_SUBMITTED setting: 0
07/20/20 10:56:15 DAGMAN_MAX_PRE_SCRIPTS setting: 20
07/20/20 10:56:15 DAGMAN_MAX_POST_SCRIPTS setting: 20
07/20/20 10:56:15 DAGMAN_MUNGE_NODE_NAMES setting: True
07/20/20 10:56:15 DAGMAN_PROHIBIT_MULTI_JOBS setting: False
07/20/20 10:56:15 DAGMAN_SUBMIT_DEPTH_FIRST setting: False
07/20/20 10:56:15 DAGMAN_ALWAYS_RUN_POST setting: False
07/20/20 10:56:15 DAGMAN_CONDOR_SUBMIT_EXE setting: /usr/bin/condor_submit
07/20/20 10:56:15 DAGMAN_USE_CONDOR_SUBMIT setting: True
07/20/20 10:56:15 DAGMAN_ABORT_DUPLICATES setting: True
07/20/20 10:56:15 DAGMAN_ABORT_ON_SCARY_SUBMIT setting: True
07/20/20 10:56:15 DAGMAN_PENDING_REPORT_INTERVAL setting: 600
07/20/20 10:56:15 DAGMAN_AUTO_RESCUE setting: True
07/20/20 10:56:15 DAGMAN_MAX_RESCUE_NUM setting: 100
07/20/20 10:56:15 DAGMAN_WRITE_PARTIAL_RESCUE setting: True
07/20/20 10:56:15 DAGMAN_DEFAULT_NODE_LOG setting: @(DAG_DIR)/@(DAG_FILE).nodes.log
07/20/20 10:56:15 DAGMAN_GENERATE_SUBDAG_SUBMITS setting: True
07/20/20 10:56:15 DAGMAN_MAX_JOB_HOLDS setting: 100
07/20/20 10:56:15 DAGMAN_HOLD_CLAIM_TIME setting: 20
07/20/20 10:56:15 ALL_DEBUG setting: 
07/20/20 10:56:15 DAGMAN_DEBUG setting: 
07/20/20 10:56:15 DAGMAN_SUPPRESS_JOB_LOGS setting: False
07/20/20 10:56:15 DAGMAN_REMOVE_NODE_JOBS setting: True
07/20/20 10:56:15 argv[0] == "condor_scheduniv_exec.49.0"
07/20/20 10:56:15 argv[1] == "-Lockfile"
07/20/20 10:56:15 argv[2] == "checkpoint-wf-0.dag.lock"
07/20/20 10:56:15 argv[3] == "-AutoRescue"
07/20/20 10:56:15 argv[4] == "1"
07/20/20 10:56:15 argv[5] == "-DoRescueFrom"
07/20/20 10:56:15 argv[6] == "0"
07/20/20 10:56:15 argv[7] == "-Dag"
07/20/20 10:56:15 argv[8] == "checkpoint-wf-0.dag"
07/20/20 10:56:15 argv[9] == "-MaxPost"
07/20/20 10:56:15 argv[10] == "20"
07/20/20 10:56:15 argv[11] == "-Suppress_notification"
07/20/20 10:56:15 argv[12] == "-CsdVersion"
07/20/20 10:56:15 argv[13] == "$CondorVersion: 8.8.9 May 06 2020 BuildID: 503068 PackageID: 8.8.9-1 $"
07/20/20 10:56:15 argv[14] == "-Dagman"
07/20/20 10:56:15 argv[15] == "/bin/condor_dagman"
07/20/20 10:56:15 Workflow batch-name: <checkpoint-wf-0.dag+49>
07/20/20 10:56:15 Workflow accounting_group: <>
07/20/20 10:56:15 Workflow accounting_group_user: <>
07/20/20 10:56:15 Warning: failed to get attribute DAGNodeName
07/20/20 10:56:15 DAGMAN_LOG_ON_NFS_IS_ERROR setting: False
07/20/20 10:56:15 Default node log file is: </home/scitech/shared-data/Workflow5/scitech/pegasus/checkpoint-wf/run0003/./checkpoint-wf-0.dag.nodes.log>
07/20/20 10:56:15 DAG Lockfile will be written to checkpoint-wf-0.dag.lock
07/20/20 10:56:15 DAG Input file is checkpoint-wf-0.dag
07/20/20 10:56:15 Parsing 1 dagfiles
07/20/20 10:56:15 Parsing checkpoint-wf-0.dag ...
07/20/20 10:56:15 Warning:  could not open Pegasus braindump file braindump.txt
07/20/20 10:56:15 Dag contains 9 total jobs
07/20/20 10:56:15 Sleeping for 3 seconds to ensure ProcessId uniqueness
07/20/20 10:56:18 Bootstrapping...
07/20/20 10:56:18 Number of pre-completed nodes: 0
07/20/20 10:56:18 MultiLogFiles: truncating log file /home/scitech/shared-data/Workflow5/scitech/pegasus/checkpoint-wf/run0003/./checkpoint-wf-0.dag.nodes.log
07/20/20 10:56:18 DAG status: 0 (DAG_STATUS_OK)
07/20/20 10:56:18 Of 9 nodes total:
07/20/20 10:56:18  Done     Pre   Queued    Post   Ready   Un-Ready   Failed
07/20/20 10:56:18   ===     ===      ===     ===     ===        ===      ===
07/20/20 10:56:18     0       0        0       0       1          8        0
07/20/20 10:56:18 0 job proc(s) currently held
07/20/20 10:56:18 DAGMan Runtime Statistics: [ EventCycleTimeSum = 0.0; EventCycleTimeCount = 0.0; SleepCycleTimeCount = 0.0; SubmitCycleTimeSum = 0.0; SubmitCycleTimeCount = 0.0; LogProcessCycleTimeSum = 0.0; SleepCycleTimeSum = 0.0; LogProcessCycleTimeCount = 0.0; ]
07/20/20 10:56:18 Registering condor_event_timer...
07/20/20 10:56:19 Submitting HTCondor Node create_dir_checkpoint-wf_0_local job(s)...
07/20/20 10:56:19 Adding a DAGMan workflow log /home/scitech/shared-data/Workflow5/scitech/pegasus/checkpoint-wf/run0003/./checkpoint-wf-0.dag.nodes.log
07/20/20 10:56:19 Masking the events recorded in the DAGMAN workflow log
07/20/20 10:56:19 Mask for workflow log is 0,1,2,4,5,7,9,10,11,12,13,16,17,24,27,35,36
07/20/20 10:56:19 submitting: /usr/bin/condor_submit -a dag_node_name' '=' 'create_dir_checkpoint-wf_0_local -a +DAGManJobId' '=' '49 -a DAGManJobId' '=' '49 -batch-name checkpoint-wf-0.dag+49 -a submit_event_notes' '=' 'DAG' 'Node:' 'create_dir_checkpoint-wf_0_local -a dagman_log' '=' '/home/scitech/shared-data/Workflow5/scitech/pegasus/checkpoint-wf/run0003/./checkpoint-wf-0.dag.nodes.log -a +DAGManNodesMask' '=' '"0,1,2,4,5,7,9,10,11,12,13,16,17,24,27,35,36" -a priority=800 -a +DAGNodeRetry' '=' '0 -a DAG_STATUS' '=' '0 -a FAILED_COUNT' '=' '0 -a +KeepClaimIdle' '=' '20 -a notification' '=' 'never -a +DAGParentNodeNames' '=' '"" 00/00/create_dir_checkpoint-wf_0_local.sub
07/20/20 10:56:19 From submit: Submitting job(s).
07/20/20 10:56:19 From submit: 1 job(s) submitted to cluster 50.
07/20/20 10:56:19 	assigned HTCondor ID (50.0.0)
07/20/20 10:56:19 Just submitted 1 job this cycle...
07/20/20 10:56:19 DAG status: 0 (DAG_STATUS_OK)
07/20/20 10:56:19 Of 9 nodes total:
07/20/20 10:56:19  Done     Pre   Queued    Post   Ready   Un-Ready   Failed
07/20/20 10:56:19   ===     ===      ===     ===     ===        ===      ===
07/20/20 10:56:19     0       0        1       0       0          8        0
07/20/20 10:56:19 0 job proc(s) currently held
07/20/20 10:56:19 DAGMan Runtime Statistics: [ EventCycleTimeCount = 0.0; EventCycleTimeSum = 0.0; LogProcessCycleTimeCount = 0.0; SleepCycleTimeSum = 0.0; LogProcessCycleTimeSum = 0.0; SubmitCycleTimeCount = 1.0; SubmitCycleTimeMax = 0.03542518615722656; SubmitCycleTimeMin = 0.03542518615722656; SubmitCycleTimeAvg = 0.03542518615722656; SubmitCycleTimeStd = 0.03542518615722656; SubmitCycleTimeSum = 0.03542518615722656; SleepCycleTimeCount = 0.0; ]
07/20/20 10:56:24 Currently monitoring 1 HTCondor log file(s)
07/20/20 10:56:24 Reassigning the id of job create_dir_checkpoint-wf_0_local from (50.0.0) to (50.0.0)
07/20/20 10:56:24 Event: ULOG_SUBMIT for HTCondor Node create_dir_checkpoint-wf_0_local (50.0.0) {07/20/20 10:56:19}
07/20/20 10:56:24 Number of idle job procs: 1
07/20/20 10:56:24 Event: ULOG_EXECUTE for HTCondor Node create_dir_checkpoint-wf_0_local (50.0.0) {07/20/20 10:56:20}
07/20/20 10:56:24 Number of idle job procs: 0
07/20/20 10:56:24 Event: ULOG_JOB_TERMINATED for HTCondor Node create_dir_checkpoint-wf_0_local (50.0.0) {07/20/20 10:56:22}
07/20/20 10:56:24 Number of idle job procs: 0
07/20/20 10:56:24 Node create_dir_checkpoint-wf_0_local job proc (50.0.0) completed successfully.
07/20/20 10:56:24 Node create_dir_checkpoint-wf_0_local job completed
07/20/20 10:56:24 Running POST script of Node create_dir_checkpoint-wf_0_local...
07/20/20 10:56:24 Warning: mysin has length 0 (ignore if produced by DAGMan; see gittrac #4987, #5031)
07/20/20 10:56:24 DAG status: 0 (DAG_STATUS_OK)
07/20/20 10:56:24 Of 9 nodes total:
07/20/20 10:56:24  Done     Pre   Queued    Post   Ready   Un-Ready   Failed
07/20/20 10:56:24   ===     ===      ===     ===     ===        ===      ===
07/20/20 10:56:24     0       0        0       1       0          8        0
07/20/20 10:56:24 0 job proc(s) currently held
07/20/20 10:56:24 DAGMan Runtime Statistics: [ EventCycleTimeStd = 0.03923797607421875; EventCycleTimeMax = 0.03923797607421875; SubmitCycleTimeMin = 0.0004689693450927734; SubmitCycleTimeAvg = 0.01794707775115967; SleepCycleTimeCount = 1.0; SubmitCycleTimeCount = 2.0; SubmitCycleTimeMax = 0.03542518615722656; SleepCycleTimeMin = 4.970991134643555; SubmitCycleTimeSum = 0.03589415550231934; LogProcessCycleTimeStd = 0.01622986793518066; SubmitCycleTimeStd = 0.024717777952487; LogProcessCycleTimeAvg = 0.01622986793518066; EventCycleTimeMin = 0.03923797607421875; LogProcessCycleTimeMax = 0.01622986793518066; LogProcessCycleTimeMin = 0.01622986793518066; LogProcessCycleTimeSum = 0.01622986793518066; LogProcessCycleTimeCount = 1.0; EventCycleTimeSum = 0.03923797607421875; SleepCycleTimeSum = 4.970991134643555; SleepCycleTimeAvg = 4.970991134643555; SleepCycleTimeStd = 4.970991134643555; SleepCycleTimeMax = 4.970991134643555; EventCycleTimeCount = 1.0; EventCycleTimeAvg = 0.03923797607421875; ]
07/20/20 10:56:24 Initializing user log writer for /home/scitech/shared-data/Workflow5/scitech/pegasus/checkpoint-wf/run0003/./checkpoint-wf-0.dag.nodes.log, (50.0.0)
07/20/20 10:56:29 Currently monitoring 1 HTCondor log file(s)
07/20/20 10:56:29 Event: ULOG_POST_SCRIPT_TERMINATED for HTCondor Node create_dir_checkpoint-wf_0_local (50.0.0) {07/20/20 10:56:24}
07/20/20 10:56:29 POST Script of node create_dir_checkpoint-wf_0_local completed successfully.
07/20/20 10:56:29 DAG status: 0 (DAG_STATUS_OK)
07/20/20 10:56:29 Of 9 nodes total:
07/20/20 10:56:29  Done     Pre   Queued    Post   Ready   Un-Ready   Failed
07/20/20 10:56:29   ===     ===      ===     ===     ===        ===      ===
07/20/20 10:56:29     1       0        0       0       2          6        0
07/20/20 10:56:29 0 job proc(s) currently held
07/20/20 10:56:29 DAGMan Runtime Statistics: [ EventCycleTimeStd = 0.01230367660469423; EventCycleTimeMax = 0.03923797607421875; SubmitCycleTimeMin = 0.0004470348358154297; SubmitCycleTimeAvg = 0.01211373011271159; SleepCycleTimeCount = 2.0; SubmitCycleTimeCount = 3.0; SubmitCycleTimeMax = 0.03542518615722656; SleepCycleTimeMin = 4.970991134643555; SubmitCycleTimeSum = 0.03634119033813477; LogProcessCycleTimeStd = 0.008777839845666878; SubmitCycleTimeStd = 0.02018831611272197; LogProcessCycleTimeAvg = 0.01002299785614014; EventCycleTimeMin = 0.02183794975280762; LogProcessCycleTimeMax = 0.01622986793518066; LogProcessCycleTimeMin = 0.003816127777099609; LogProcessCycleTimeSum = 0.02004599571228027; LogProcessCycleTimeCount = 2.0; EventCycleTimeSum = 0.06107592582702637; SleepCycleTimeSum = 10.18877911567688; SleepCycleTimeAvg = 5.09438955783844; SleepCycleTimeStd = 0.1745117236576614; SleepCycleTimeMax = 5.217787981033325; EventCycleTimeCount = 2.0; EventCycleTimeAvg = 0.03053796291351318; ]
07/20/20 10:56:34 Submitting HTCondor Node stage_in_remote_local_0_0 job(s)...
07/20/20 10:56:34 Adding a DAGMan workflow log /home/scitech/shared-data/Workflow5/scitech/pegasus/checkpoint-wf/run0003/./checkpoint-wf-0.dag.nodes.log
07/20/20 10:56:34 Masking the events recorded in the DAGMAN workflow log
07/20/20 10:56:34 Mask for workflow log is 0,1,2,4,5,7,9,10,11,12,13,16,17,24,27,35,36
07/20/20 10:56:34 submitting: /usr/bin/condor_submit -a dag_node_name' '=' 'stage_in_remote_local_0_0 -a +DAGManJobId' '=' '49 -a DAGManJobId' '=' '49 -batch-name checkpoint-wf-0.dag+49 -a submit_event_notes' '=' 'DAG' 'Node:' 'stage_in_remote_local_0_0 -a dagman_log' '=' '/home/scitech/shared-data/Workflow5/scitech/pegasus/checkpoint-wf/run0003/./checkpoint-wf-0.dag.nodes.log -a +DAGManNodesMask' '=' '"0,1,2,4,5,7,9,10,11,12,13,16,17,24,27,35,36" -a priority=700 -a +DAGNodeRetry' '=' '0 -a DAG_STATUS' '=' '0 -a FAILED_COUNT' '=' '0 -a +KeepClaimIdle' '=' '20 -a notification' '=' 'never -a +DAGParentNodeNames' '=' '"create_dir_checkpoint-wf_0_local" 00/00/stage_in_remote_local_0_0.sub
07/20/20 10:56:34 From submit: Submitting job(s).
07/20/20 10:56:34 From submit: 1 job(s) submitted to cluster 51.
07/20/20 10:56:34 	assigned HTCondor ID (51.0.0)
07/20/20 10:56:34 Submitting HTCondor Node stage_in_local_local_0_0 job(s)...
07/20/20 10:56:34 Adding a DAGMan workflow log /home/scitech/shared-data/Workflow5/scitech/pegasus/checkpoint-wf/run0003/./checkpoint-wf-0.dag.nodes.log
07/20/20 10:56:34 Masking the events recorded in the DAGMAN workflow log
07/20/20 10:56:34 Mask for workflow log is 0,1,2,4,5,7,9,10,11,12,13,16,17,24,27,35,36
07/20/20 10:56:34 submitting: /usr/bin/condor_submit -a dag_node_name' '=' 'stage_in_local_local_0_0 -a +DAGManJobId' '=' '49 -a DAGManJobId' '=' '49 -batch-name checkpoint-wf-0.dag+49 -a submit_event_notes' '=' 'DAG' 'Node:' 'stage_in_local_local_0_0 -a dagman_log' '=' '/home/scitech/shared-data/Workflow5/scitech/pegasus/checkpoint-wf/run0003/./checkpoint-wf-0.dag.nodes.log -a +DAGManNodesMask' '=' '"0,1,2,4,5,7,9,10,11,12,13,16,17,24,27,35,36" -a priority=700 -a +DAGNodeRetry' '=' '0 -a DAG_STATUS' '=' '0 -a FAILED_COUNT' '=' '0 -a +KeepClaimIdle' '=' '20 -a notification' '=' 'never -a +DAGParentNodeNames' '=' '"create_dir_checkpoint-wf_0_local" 00/00/stage_in_local_local_0_0.sub
07/20/20 10:56:34 From submit: Submitting job(s).
07/20/20 10:56:34 From submit: 1 job(s) submitted to cluster 52.
07/20/20 10:56:34 	assigned HTCondor ID (52.0.0)
07/20/20 10:56:34 Just submitted 2 jobs this cycle...
07/20/20 10:56:34 DAG status: 0 (DAG_STATUS_OK)
07/20/20 10:56:34 Of 9 nodes total:
07/20/20 10:56:34  Done     Pre   Queued    Post   Ready   Un-Ready   Failed
07/20/20 10:56:34   ===     ===      ===     ===     ===        ===      ===
07/20/20 10:56:34     1       0        2       0       0          6        0
07/20/20 10:56:34 0 job proc(s) currently held
07/20/20 10:56:34 DAGMan Runtime Statistics: [ EventCycleTimeStd = 0.01481320711630584; EventCycleTimeMax = 0.03923797607421875; SubmitCycleTimeMin = 0.0004470348358154297; SubmitCycleTimeAvg = 0.02991682291030884; SleepCycleTimeCount = 3.0; SubmitCycleTimeCount = 4.0; SubmitCycleTimeMax = 0.08332610130310059; SleepCycleTimeMin = 4.970991134643555; SubmitCycleTimeSum = 0.1196672916412354; LogProcessCycleTimeStd = 0.008777839845666878; SubmitCycleTimeStd = 0.03923662223337056; LogProcessCycleTimeAvg = 0.01002299785614014; EventCycleTimeMin = 0.009772062301635742; LogProcessCycleTimeMax = 0.01622986793518066; LogProcessCycleTimeMin = 0.003816127777099609; LogProcessCycleTimeSum = 0.02004599571228027; LogProcessCycleTimeCount = 2.0; EventCycleTimeSum = 0.07084798812866211; SleepCycleTimeSum = 15.19595909118652; SleepCycleTimeAvg = 5.065319697062175; SleepCycleTimeStd = 0.1332754338339727; SleepCycleTimeMax = 5.217787981033325; EventCycleTimeCount = 3.0; EventCycleTimeAvg = 0.02361599604288737; ]
07/20/20 10:56:39 Currently monitoring 1 HTCondor log file(s)
07/20/20 10:56:39 Reassigning the id of job stage_in_remote_local_0_0 from (51.0.0) to (51.0.0)
07/20/20 10:56:39 Event: ULOG_SUBMIT for HTCondor Node stage_in_remote_local_0_0 (51.0.0) {07/20/20 10:56:34}
07/20/20 10:56:39 Number of idle job procs: 1
07/20/20 10:56:39 Reassigning the id of job stage_in_local_local_0_0 from (52.0.0) to (52.0.0)
07/20/20 10:56:39 Event: ULOG_SUBMIT for HTCondor Node stage_in_local_local_0_0 (52.0.0) {07/20/20 10:56:34}
07/20/20 10:56:39 Number of idle job procs: 2
07/20/20 10:56:39 Event: ULOG_EXECUTE for HTCondor Node stage_in_remote_local_0_0 (51.0.0) {07/20/20 10:56:37}
07/20/20 10:56:39 Number of idle job procs: 1
07/20/20 10:56:39 Event: ULOG_EXECUTE for HTCondor Node stage_in_local_local_0_0 (52.0.0) {07/20/20 10:56:37}
07/20/20 10:56:39 Number of idle job procs: 0
07/20/20 10:56:39 Event: ULOG_JOB_TERMINATED for HTCondor Node stage_in_remote_local_0_0 (51.0.0) {07/20/20 10:56:39}
07/20/20 10:56:39 Number of idle job procs: 0
07/20/20 10:56:39 Node stage_in_remote_local_0_0 job proc (51.0.0) completed successfully.
07/20/20 10:56:39 Node stage_in_remote_local_0_0 job completed
07/20/20 10:56:39 Running POST script of Node stage_in_remote_local_0_0...
07/20/20 10:56:39 Warning: mysin has length 0 (ignore if produced by DAGMan; see gittrac #4987, #5031)
07/20/20 10:56:39 Event: ULOG_JOB_TERMINATED for HTCondor Node stage_in_local_local_0_0 (52.0.0) {07/20/20 10:56:39}
07/20/20 10:56:39 Number of idle job procs: 0
07/20/20 10:56:39 Node stage_in_local_local_0_0 job proc (52.0.0) completed successfully.
07/20/20 10:56:39 Node stage_in_local_local_0_0 job completed
07/20/20 10:56:39 Running POST script of Node stage_in_local_local_0_0...
07/20/20 10:56:39 Warning: mysin has length 0 (ignore if produced by DAGMan; see gittrac #4987, #5031)
07/20/20 10:56:39 DAG status: 0 (DAG_STATUS_OK)
07/20/20 10:56:39 Of 9 nodes total:
07/20/20 10:56:39  Done     Pre   Queued    Post   Ready   Un-Ready   Failed
07/20/20 10:56:39   ===     ===      ===     ===     ===        ===      ===
07/20/20 10:56:39     1       0        0       2       0          6        0
07/20/20 10:56:39 0 job proc(s) currently held
07/20/20 10:56:39 DAGMan Runtime Statistics: [ EventCycleTimeStd = 0.03491856408605994; EventCycleTimeMax = 0.08912992477416992; SubmitCycleTimeMin = 0.0004019737243652344; SubmitCycleTimeAvg = 0.02401385307312012; SleepCycleTimeCount = 4.0; SubmitCycleTimeCount = 5.0; SubmitCycleTimeMax = 0.08332610130310059; SleepCycleTimeMin = 4.970991134643555; SubmitCycleTimeSum = 0.1200692653656006; LogProcessCycleTimeStd = 0.01135441750072397; SubmitCycleTimeStd = 0.03645352736988523; LogProcessCycleTimeAvg = 0.01551230748494466; EventCycleTimeMin = 0.009772062301635742; LogProcessCycleTimeMax = 0.02649092674255371; LogProcessCycleTimeMin = 0.003816127777099609; LogProcessCycleTimeSum = 0.04653692245483398; LogProcessCycleTimeCount = 3.0; EventCycleTimeSum = 0.159977912902832; SleepCycleTimeSum = 20.20131611824036; SleepCycleTimeAvg = 5.050329029560089; SleepCycleTimeStd = 0.1128735632956535; SleepCycleTimeMax = 5.217787981033325; EventCycleTimeCount = 4.0; EventCycleTimeAvg = 0.03999447822570801; ]
07/20/20 10:56:40 Initializing user log writer for /home/scitech/shared-data/Workflow5/scitech/pegasus/checkpoint-wf/run0003/./checkpoint-wf-0.dag.nodes.log, (51.0.0)
07/20/20 10:56:40 Initializing user log writer for /home/scitech/shared-data/Workflow5/scitech/pegasus/checkpoint-wf/run0003/./checkpoint-wf-0.dag.nodes.log, (52.0.0)
07/20/20 10:56:44 Currently monitoring 1 HTCondor log file(s)
07/20/20 10:56:44 Event: ULOG_POST_SCRIPT_TERMINATED for HTCondor Node stage_in_remote_local_0_0 (51.0.0) {07/20/20 10:56:40}
07/20/20 10:56:44 POST Script of node stage_in_remote_local_0_0 completed successfully.
07/20/20 10:56:44 Event: ULOG_POST_SCRIPT_TERMINATED for HTCondor Node stage_in_local_local_0_0 (52.0.0) {07/20/20 10:56:40}
07/20/20 10:56:44 POST Script of node stage_in_local_local_0_0 completed successfully.
07/20/20 10:56:44 DAG status: 0 (DAG_STATUS_OK)
07/20/20 10:56:44 Of 9 nodes total:
07/20/20 10:56:44  Done     Pre   Queued    Post   Ready   Un-Ready   Failed
07/20/20 10:56:44   ===     ===      ===     ===     ===        ===      ===
07/20/20 10:56:44     3       0        0       0       1          5        0
07/20/20 10:56:44 0 job proc(s) currently held
07/20/20 10:56:44 DAGMan Runtime Statistics: [ EventCycleTimeStd = 0.03047265421309643; EventCycleTimeMax = 0.08912992477416992; SubmitCycleTimeMin = 0.0004019737243652344; SubmitCycleTimeAvg = 0.02007969220479329; SleepCycleTimeCount = 5.0; SubmitCycleTimeCount = 6.0; SubmitCycleTimeMax = 0.08332610130310059; SleepCycleTimeMin = 4.223126888275146; SubmitCycleTimeSum = 0.1204781532287598; LogProcessCycleTimeStd = 0.0105221563831558; SubmitCycleTimeStd = 0.03399931553124006; LogProcessCycleTimeAvg = 0.0130239725112915; EventCycleTimeMin = 0.009772062301635742; LogProcessCycleTimeMax = 0.02649092674255371; LogProcessCycleTimeMin = 0.003816127777099609; LogProcessCycleTimeSum = 0.05209589004516602; LogProcessCycleTimeCount = 4.0; EventCycleTimeSum = 0.1915750503540039; SleepCycleTimeSum = 24.4244430065155; SleepCycleTimeAvg = 4.884888601303101; SleepCycleTimeStd = 0.3826329931900431; SleepCycleTimeMax = 5.217787981033325; EventCycleTimeCount = 5.0; EventCycleTimeAvg = 0.03831501007080078; ]
07/20/20 10:56:49 Submitting HTCondor Node print_nums_py_ID0000001 job(s)...
07/20/20 10:56:49 Adding a DAGMan workflow log /home/scitech/shared-data/Workflow5/scitech/pegasus/checkpoint-wf/run0003/./checkpoint-wf-0.dag.nodes.log
07/20/20 10:56:49 Masking the events recorded in the DAGMAN workflow log
07/20/20 10:56:49 Mask for workflow log is 0,1,2,4,5,7,9,10,11,12,13,16,17,24,27,35,36
07/20/20 10:56:49 submitting: /usr/bin/condor_submit -a dag_node_name' '=' 'print_nums_py_ID0000001 -a +DAGManJobId' '=' '49 -a DAGManJobId' '=' '49 -batch-name checkpoint-wf-0.dag+49 -a submit_event_notes' '=' 'DAG' 'Node:' 'print_nums_py_ID0000001 -a dagman_log' '=' '/home/scitech/shared-data/Workflow5/scitech/pegasus/checkpoint-wf/run0003/./checkpoint-wf-0.dag.nodes.log -a +DAGManNodesMask' '=' '"0,1,2,4,5,7,9,10,11,12,13,16,17,24,27,35,36" -a priority=20 -a +DAGNodeRetry' '=' '0 -a DAG_STATUS' '=' '0 -a FAILED_COUNT' '=' '0 -a +KeepClaimIdle' '=' '20 -a notification' '=' 'never -a +DAGParentNodeNames' '=' '"stage_in_remote_local_0_0,stage_in_local_local_0_0" 00/00/print_nums_py_ID0000001.sub
07/20/20 10:56:49 From submit: Submitting job(s).
07/20/20 10:56:49 From submit: 1 job(s) submitted to cluster 53.
07/20/20 10:56:49 	assigned HTCondor ID (53.0.0)
07/20/20 10:56:49 Just submitted 1 job this cycle...
07/20/20 10:56:49 DAG status: 0 (DAG_STATUS_OK)
07/20/20 10:56:49 Of 9 nodes total:
07/20/20 10:56:49  Done     Pre   Queued    Post   Ready   Un-Ready   Failed
07/20/20 10:56:49   ===     ===      ===     ===     ===        ===      ===
07/20/20 10:56:49     3       0        1       0       0          5        0
07/20/20 10:56:49 0 job proc(s) currently held
07/20/20 10:56:49 DAGMan Runtime Statistics: [ EventCycleTimeStd = 0.02927801359891442; EventCycleTimeMax = 0.08912992477416992; SubmitCycleTimeMin = 0.0004019737243652344; SubmitCycleTimeAvg = 0.02733101163591658; SleepCycleTimeCount = 6.0; SubmitCycleTimeCount = 7.0; SubmitCycleTimeMax = 0.08332610130310059; SleepCycleTimeMin = 4.223126888275146; SubmitCycleTimeSum = 0.191317081451416; LogProcessCycleTimeStd = 0.0105221563831558; SubmitCycleTimeStd = 0.03648788814943921; LogProcessCycleTimeAvg = 0.0130239725112915; EventCycleTimeMin = 0.009772062301635742; LogProcessCycleTimeMax = 0.02649092674255371; LogProcessCycleTimeMin = 0.003816127777099609; LogProcessCycleTimeSum = 0.05209589004516602; LogProcessCycleTimeCount = 4.0; EventCycleTimeSum = 0.2036981582641602; SleepCycleTimeSum = 29.42996597290039; SleepCycleTimeAvg = 4.904994328816731; SleepCycleTimeStd = 0.3457627042570873; SleepCycleTimeMax = 5.217787981033325; EventCycleTimeCount = 6.0; EventCycleTimeAvg = 0.0339496930440267; ]
07/20/20 10:56:54 Currently monitoring 1 HTCondor log file(s)
07/20/20 10:56:54 Reassigning the id of job print_nums_py_ID0000001 from (53.0.0) to (53.0.0)
07/20/20 10:56:54 Event: ULOG_SUBMIT for HTCondor Node print_nums_py_ID0000001 (53.0.0) {07/20/20 10:56:49}
07/20/20 10:56:54 Number of idle job procs: 1
07/20/20 10:56:59 Currently monitoring 1 HTCondor log file(s)
07/20/20 10:56:59 Event: ULOG_EXECUTE for HTCondor Node print_nums_py_ID0000001 (53.0.0) {07/20/20 10:56:58}
07/20/20 10:56:59 Number of idle job procs: 0
07/20/20 10:58:29 Currently monitoring 1 HTCondor log file(s)
07/20/20 10:58:29 Event: ULOG_JOB_TERMINATED for HTCondor Node print_nums_py_ID0000001 (53.0.0) {07/20/20 10:58:29}
07/20/20 10:58:29 Number of idle job procs: 0
07/20/20 10:58:29 Node print_nums_py_ID0000001 job proc (53.0.0) failed with status 14.
07/20/20 10:58:29 Node print_nums_py_ID0000001 job completed
07/20/20 10:58:29 Running POST script of Node print_nums_py_ID0000001...
07/20/20 10:58:29 Warning: mysin has length 0 (ignore if produced by DAGMan; see gittrac #4987, #5031)
07/20/20 10:58:29 DAG status: 0 (DAG_STATUS_OK)
07/20/20 10:58:29 Of 9 nodes total:
07/20/20 10:58:29  Done     Pre   Queued    Post   Ready   Un-Ready   Failed
07/20/20 10:58:29   ===     ===      ===     ===     ===        ===      ===
07/20/20 10:58:29     3       0        0       1       0          5        0
07/20/20 10:58:29 0 job proc(s) currently held
07/20/20 10:58:29 DAGMan Runtime Statistics: [ EventCycleTimeStd = 0.02328333951967377; EventCycleTimeMax = 0.08912992477416992; SubmitCycleTimeMin = 0.0002598762512207031; SubmitCycleTimeAvg = 0.007425458342940719; SleepCycleTimeCount = 26.0; SubmitCycleTimeCount = 27.0; SubmitCycleTimeMax = 0.08332610130310059; SleepCycleTimeMin = 4.223126888275146; SubmitCycleTimeSum = 0.2004873752593994; LogProcessCycleTimeStd = 0.008704530591001895; SubmitCycleTimeStd = 0.02124293837056067; LogProcessCycleTimeAvg = 0.009619235992431641; EventCycleTimeMin = 0.0006260871887207031; LogProcessCycleTimeMax = 0.02649092674255371; LogProcessCycleTimeMin = 0.002553939819335938; LogProcessCycleTimeSum = 0.06733465194702148; LogProcessCycleTimeCount = 7.0; EventCycleTimeSum = 0.3108808994293213; SleepCycleTimeSum = 129.4350891113281; SleepCycleTimeAvg = 4.978272658128005; SleepCycleTimeStd = 0.1604751817912578; SleepCycleTimeMax = 5.217787981033325; EventCycleTimeCount = 26.0; EventCycleTimeAvg = 0.01195695767035851; ]
07/20/20 10:58:29 Initializing user log writer for /home/scitech/shared-data/Workflow5/scitech/pegasus/checkpoint-wf/run0003/./checkpoint-wf-0.dag.nodes.log, (53.0.0)
07/20/20 10:58:34 Currently monitoring 1 HTCondor log file(s)
07/20/20 10:58:34 Event: ULOG_POST_SCRIPT_TERMINATED for HTCondor Node print_nums_py_ID0000001 (53.0.0) {07/20/20 10:58:29}
07/20/20 10:58:34 POST Script of node print_nums_py_ID0000001 failed with status 1
07/20/20 10:58:34 POST for Node print_nums_py_ID0000001 returned 1
07/20/20 10:58:34 Retrying node print_nums_py_ID0000001 (retry #1 of 5)...
07/20/20 10:58:34 DAG status: 0 (DAG_STATUS_OK)
07/20/20 10:58:34 Of 9 nodes total:
07/20/20 10:58:34  Done     Pre   Queued    Post   Ready   Un-Ready   Failed
07/20/20 10:58:34   ===     ===      ===     ===     ===        ===      ===
07/20/20 10:58:34     3       0        0       0       1          5        0
07/20/20 10:58:34 0 job proc(s) currently held
07/20/20 10:58:34 DAGMan Runtime Statistics: [ EventCycleTimeStd = 0.02283177609835385; EventCycleTimeMax = 0.08912992477416992; SubmitCycleTimeMin = 0.0002598762512207031; SubmitCycleTimeAvg = 0.007173691477094378; SleepCycleTimeCount = 27.0; SubmitCycleTimeCount = 28.0; SubmitCycleTimeMax = 0.08332610130310059; SleepCycleTimeMin = 4.223126888275146; SubmitCycleTimeSum = 0.2008633613586426; LogProcessCycleTimeStd = 0.008246976349176635; SubmitCycleTimeStd = 0.02088836591962085; LogProcessCycleTimeAvg = 0.00899997353553772; EventCycleTimeMin = 0.0006260871887207031; LogProcessCycleTimeMax = 0.02649092674255371; LogProcessCycleTimeMin = 0.002553939819335938; LogProcessCycleTimeSum = 0.07199978828430176; LogProcessCycleTimeCount = 8.0; EventCycleTimeSum = 0.323685884475708; SleepCycleTimeSum = 134.6143941879272; SleepCycleTimeAvg = 4.985718303256565; SleepCycleTimeStd = 0.1620451404942057; SleepCycleTimeMax = 5.217787981033325; EventCycleTimeCount = 27.0; EventCycleTimeAvg = 0.01198836609169289; ]
07/20/20 10:58:39 Reassigning the id of job print_nums_py_ID0000001 from (53.0.0) to (-1.-1.-1)
07/20/20 10:58:39 Submitting HTCondor Node print_nums_py_ID0000001 job(s)...
07/20/20 10:58:39 Adding a DAGMan workflow log /home/scitech/shared-data/Workflow5/scitech/pegasus/checkpoint-wf/run0003/./checkpoint-wf-0.dag.nodes.log
07/20/20 10:58:39 Masking the events recorded in the DAGMAN workflow log
07/20/20 10:58:39 Mask for workflow log is 0,1,2,4,5,7,9,10,11,12,13,16,17,24,27,35,36
07/20/20 10:58:39 submitting: /usr/bin/condor_submit -a dag_node_name' '=' 'print_nums_py_ID0000001 -a +DAGManJobId' '=' '49 -a DAGManJobId' '=' '49 -batch-name checkpoint-wf-0.dag+49 -a submit_event_notes' '=' 'DAG' 'Node:' 'print_nums_py_ID0000001 -a dagman_log' '=' '/home/scitech/shared-data/Workflow5/scitech/pegasus/checkpoint-wf/run0003/./checkpoint-wf-0.dag.nodes.log -a +DAGManNodesMask' '=' '"0,1,2,4,5,7,9,10,11,12,13,16,17,24,27,35,36" -a priority=20 -a +DAGNodeRetry' '=' '1 -a DAG_STATUS' '=' '0 -a FAILED_COUNT' '=' '0 -a +KeepClaimIdle' '=' '20 -a notification' '=' 'never -a +DAGParentNodeNames' '=' '"stage_in_remote_local_0_0,stage_in_local_local_0_0" 00/00/print_nums_py_ID0000001.sub
07/20/20 10:58:39 From submit: Submitting job(s).
07/20/20 10:58:39 From submit: 1 job(s) submitted to cluster 54.
07/20/20 10:58:39 	assigned HTCondor ID (54.0.0)
07/20/20 10:58:39 Just submitted 1 job this cycle...
07/20/20 10:58:39 DAG status: 0 (DAG_STATUS_OK)
07/20/20 10:58:39 Of 9 nodes total:
07/20/20 10:58:39  Done     Pre   Queued    Post   Ready   Un-Ready   Failed
07/20/20 10:58:39   ===     ===      ===     ===     ===        ===      ===
07/20/20 10:58:39     3       0        1       0       0          5        0
07/20/20 10:58:39 0 job proc(s) currently held
07/20/20 10:58:39 DAGMan Runtime Statistics: [ EventCycleTimeStd = 0.02240529297359957; EventCycleTimeMax = 0.08912992477416992; SubmitCycleTimeMin = 0.0002598762512207031; SubmitCycleTimeAvg = 0.009157739836594155; SleepCycleTimeCount = 28.0; SubmitCycleTimeCount = 29.0; SubmitCycleTimeMax = 0.08332610130310059; SleepCycleTimeMin = 4.223126888275146; SubmitCycleTimeSum = 0.2655744552612305; LogProcessCycleTimeStd = 0.008246976349176635; SubmitCycleTimeStd = 0.02312785821746796; LogProcessCycleTimeAvg = 0.00899997353553772; EventCycleTimeMin = 0.0006260871887207031; LogProcessCycleTimeMax = 0.02649092674255371; LogProcessCycleTimeMin = 0.002553939819335938; LogProcessCycleTimeSum = 0.07199978828430176; LogProcessCycleTimeCount = 8.0; EventCycleTimeSum = 0.3350439071655273; SleepCycleTimeSum = 139.621749162674; SleepCycleTimeAvg = 4.98649104152407; SleepCycleTimeStd = 0.159068555284916; SleepCycleTimeMax = 5.217787981033325; EventCycleTimeCount = 28.0; EventCycleTimeAvg = 0.01196585382734026; ]
07/20/20 10:58:44 Currently monitoring 1 HTCondor log file(s)
07/20/20 10:58:44 Reassigning the id of job print_nums_py_ID0000001 from (54.0.0) to (54.0.0)
07/20/20 10:58:44 Event: ULOG_SUBMIT for HTCondor Node print_nums_py_ID0000001 (54.0.0) {07/20/20 10:58:39}
07/20/20 10:58:44 Number of idle job procs: 1
07/20/20 10:58:44 Event: ULOG_EXECUTE for HTCondor Node print_nums_py_ID0000001 (54.0.0) {07/20/20 10:58:40}
07/20/20 10:58:44 Number of idle job procs: 0
07/20/20 11:00:14 Currently monitoring 1 HTCondor log file(s)
07/20/20 11:00:14 Event: ULOG_JOB_TERMINATED for HTCondor Node print_nums_py_ID0000001 (54.0.0) {07/20/20 11:00:11}
07/20/20 11:00:14 Number of idle job procs: 0
07/20/20 11:00:14 Node print_nums_py_ID0000001 job proc (54.0.0) failed with status 14.
07/20/20 11:00:14 Node print_nums_py_ID0000001 job completed
07/20/20 11:00:14 Running POST script of Node print_nums_py_ID0000001...
07/20/20 11:00:14 Warning: mysin has length 0 (ignore if produced by DAGMan; see gittrac #4987, #5031)
07/20/20 11:00:14 DAG status: 0 (DAG_STATUS_OK)
07/20/20 11:00:14 Of 9 nodes total:
07/20/20 11:00:14  Done     Pre   Queued    Post   Ready   Un-Ready   Failed
07/20/20 11:00:14   ===     ===      ===     ===     ===        ===      ===
07/20/20 11:00:14     3       0        0       1       0          5        0
07/20/20 11:00:14 0 job proc(s) currently held
07/20/20 11:00:14 DAGMan Runtime Statistics: [ EventCycleTimeStd = 0.02010281382962896; EventCycleTimeMax = 0.08912992477416992; SubmitCycleTimeMin = 0.0002598762512207031; SubmitCycleTimeAvg = 0.005738044778505961; SleepCycleTimeCount = 47.0; SubmitCycleTimeCount = 48.0; SubmitCycleTimeMax = 0.08332610130310059; SleepCycleTimeMin = 4.223126888275146; SubmitCycleTimeSum = 0.2754261493682861; LogProcessCycleTimeStd = 0.007281003583628296; SubmitCycleTimeStd = 0.01835477042069699; LogProcessCycleTimeAvg = 0.00911557674407959; EventCycleTimeMin = 0.0006260871887207031; LogProcessCycleTimeMax = 0.02649092674255371; LogProcessCycleTimeMin = 0.002553939819335938; LogProcessCycleTimeSum = 0.0911557674407959; LogProcessCycleTimeCount = 10.0; EventCycleTimeSum = 0.4382977485656738; SleepCycleTimeSum = 234.6340134143829; SleepCycleTimeAvg = 4.992213051369849; SleepCycleTimeStd = 0.1223482707305859; SleepCycleTimeMax = 5.217787981033325; EventCycleTimeCount = 47.0; EventCycleTimeAvg = 0.009325484012035614; ]
07/20/20 11:00:14 Initializing user log writer for /home/scitech/shared-data/Workflow5/scitech/pegasus/checkpoint-wf/run0003/./checkpoint-wf-0.dag.nodes.log, (54.0.0)
07/20/20 11:00:19 Currently monitoring 1 HTCondor log file(s)
07/20/20 11:00:19 Event: ULOG_POST_SCRIPT_TERMINATED for HTCondor Node print_nums_py_ID0000001 (54.0.0) {07/20/20 11:00:14}
07/20/20 11:00:19 POST Script of node print_nums_py_ID0000001 failed with status 1
07/20/20 11:00:19 POST for Node print_nums_py_ID0000001 returned 1
07/20/20 11:00:19 Retrying node print_nums_py_ID0000001 (retry #2 of 5)...
07/20/20 11:00:19 DAG status: 0 (DAG_STATUS_OK)
07/20/20 11:00:19 Of 9 nodes total:
07/20/20 11:00:19  Done     Pre   Queued    Post   Ready   Un-Ready   Failed
07/20/20 11:00:19   ===     ===      ===     ===     ===        ===      ===
07/20/20 11:00:19     3       0        0       0       1          5        0
07/20/20 11:00:19 0 job proc(s) currently held
07/20/20 11:00:19 DAGMan Runtime Statistics: [ EventCycleTimeStd = 0.01990340880022018; EventCycleTimeMax = 0.08912992477416992; SubmitCycleTimeMin = 0.0002598762512207031; SubmitCycleTimeAvg = 0.005630103909239477; SleepCycleTimeCount = 48.0; SubmitCycleTimeCount = 49.0; SubmitCycleTimeMax = 0.08332610130310059; SleepCycleTimeMin = 4.223126888275146; SubmitCycleTimeSum = 0.2758750915527344; LogProcessCycleTimeStd = 0.007036113823562079; SubmitCycleTimeStd = 0.01817827845497317; LogProcessCycleTimeAvg = 0.008711598136208275; EventCycleTimeMin = 0.0006260871887207031; LogProcessCycleTimeMax = 0.02649092674255371; LogProcessCycleTimeMin = 0.002553939819335938; LogProcessCycleTimeSum = 0.09582757949829102; LogProcessCycleTimeCount = 11.0; EventCycleTimeSum = 0.4530825614929199; SleepCycleTimeSum = 239.8198225498199; SleepCycleTimeAvg = 4.996246303121249; SleepCycleTimeStd = 0.1242233054637511; SleepCycleTimeMax = 5.217787981033325; EventCycleTimeCount = 48.0; EventCycleTimeAvg = 0.009439220031102499; ]
07/20/20 11:00:24 Reassigning the id of job print_nums_py_ID0000001 from (54.0.0) to (-1.-1.-1)
07/20/20 11:00:24 Submitting HTCondor Node print_nums_py_ID0000001 job(s)...
07/20/20 11:00:24 Adding a DAGMan workflow log /home/scitech/shared-data/Workflow5/scitech/pegasus/checkpoint-wf/run0003/./checkpoint-wf-0.dag.nodes.log
07/20/20 11:00:24 Masking the events recorded in the DAGMAN workflow log
07/20/20 11:00:24 Mask for workflow log is 0,1,2,4,5,7,9,10,11,12,13,16,17,24,27,35,36
07/20/20 11:00:24 submitting: /usr/bin/condor_submit -a dag_node_name' '=' 'print_nums_py_ID0000001 -a +DAGManJobId' '=' '49 -a DAGManJobId' '=' '49 -batch-name checkpoint-wf-0.dag+49 -a submit_event_notes' '=' 'DAG' 'Node:' 'print_nums_py_ID0000001 -a dagman_log' '=' '/home/scitech/shared-data/Workflow5/scitech/pegasus/checkpoint-wf/run0003/./checkpoint-wf-0.dag.nodes.log -a +DAGManNodesMask' '=' '"0,1,2,4,5,7,9,10,11,12,13,16,17,24,27,35,36" -a priority=20 -a +DAGNodeRetry' '=' '2 -a DAG_STATUS' '=' '0 -a FAILED_COUNT' '=' '0 -a +KeepClaimIdle' '=' '20 -a notification' '=' 'never -a +DAGParentNodeNames' '=' '"stage_in_remote_local_0_0,stage_in_local_local_0_0" 00/00/print_nums_py_ID0000001.sub
07/20/20 11:00:24 From submit: Submitting job(s).
07/20/20 11:00:24 From submit: 1 job(s) submitted to cluster 55.
07/20/20 11:00:24 	assigned HTCondor ID (55.0.0)
07/20/20 11:00:24 Just submitted 1 job this cycle...
07/20/20 11:00:24 DAG status: 0 (DAG_STATUS_OK)
07/20/20 11:00:24 Of 9 nodes total:
07/20/20 11:00:24  Done     Pre   Queued    Post   Ready   Un-Ready   Failed
07/20/20 11:00:24   ===     ===      ===     ===     ===        ===      ===
07/20/20 11:00:24     3       0        1       0       0          5        0
07/20/20 11:00:24 0 job proc(s) currently held
07/20/20 11:00:24 DAGMan Runtime Statistics: [ EventCycleTimeStd = 0.01969518235990119; EventCycleTimeMax = 0.08912992477416992; SubmitCycleTimeMin = 0.0002598762512207031; SubmitCycleTimeAvg = 0.007059879302978515; SleepCycleTimeCount = 49.0; SubmitCycleTimeCount = 50.0; SubmitCycleTimeMax = 0.08332610130310059; SleepCycleTimeMin = 4.223126888275146; SubmitCycleTimeSum = 0.3529939651489258; LogProcessCycleTimeStd = 0.007036113823562079; SubmitCycleTimeStd = 0.02063780070136854; LogProcessCycleTimeAvg = 0.008711598136208275; EventCycleTimeMin = 0.0006260871887207031; LogProcessCycleTimeMax = 0.02649092674255371; LogProcessCycleTimeMin = 0.002553939819335938; LogProcessCycleTimeSum = 0.09582757949829102; LogProcessCycleTimeCount = 11.0; EventCycleTimeSum = 0.4631304740905762; SleepCycleTimeSum = 244.7885925769806; SleepCycleTimeAvg = 4.995685562795522; SleepCycleTimeStd = 0.1229851558489302; SleepCycleTimeMax = 5.217787981033325; EventCycleTimeCount = 49.0; EventCycleTimeAvg = 0.009451642328379105; ]
07/20/20 11:00:29 Currently monitoring 1 HTCondor log file(s)
07/20/20 11:00:29 Reassigning the id of job print_nums_py_ID0000001 from (55.0.0) to (55.0.0)
07/20/20 11:00:29 Event: ULOG_SUBMIT for HTCondor Node print_nums_py_ID0000001 (55.0.0) {07/20/20 11:00:24}
07/20/20 11:00:29 Number of idle job procs: 1
07/20/20 11:00:29 Event: ULOG_EXECUTE for HTCondor Node print_nums_py_ID0000001 (55.0.0) {07/20/20 11:00:26}
07/20/20 11:00:29 Number of idle job procs: 0
07/20/20 11:01:29 Currently monitoring 1 HTCondor log file(s)
07/20/20 11:01:29 Event: ULOG_JOB_TERMINATED for HTCondor Node print_nums_py_ID0000001 (55.0.0) {07/20/20 11:01:26}
07/20/20 11:01:29 Number of idle job procs: 0
07/20/20 11:01:29 Node print_nums_py_ID0000001 job proc (55.0.0) completed successfully.
07/20/20 11:01:29 Node print_nums_py_ID0000001 job completed
07/20/20 11:01:29 Running POST script of Node print_nums_py_ID0000001...
07/20/20 11:01:29 Warning: mysin has length 0 (ignore if produced by DAGMan; see gittrac #4987, #5031)
07/20/20 11:01:29 DAG status: 0 (DAG_STATUS_OK)
07/20/20 11:01:29 Of 9 nodes total:
07/20/20 11:01:29  Done     Pre   Queued    Post   Ready   Un-Ready   Failed
07/20/20 11:01:29   ===     ===      ===     ===     ===        ===      ===
07/20/20 11:01:29     3       0        0       1       0          5        0
07/20/20 11:01:29 0 job proc(s) currently held
07/20/20 11:01:29 DAGMan Runtime Statistics: [ EventCycleTimeStd = 0.02016674908275829; EventCycleTimeMax = 0.08912992477416992; SubmitCycleTimeMin = 0.0002598762512207031; SubmitCycleTimeAvg = 0.005708860972570995; SleepCycleTimeCount = 62.0; SubmitCycleTimeCount = 63.0; SubmitCycleTimeMax = 0.08332610130310059; SleepCycleTimeMin = 4.223126888275146; SubmitCycleTimeSum = 0.3596582412719727; LogProcessCycleTimeStd = 0.006456003799999096; SubmitCycleTimeStd = 0.01854045227370147; LogProcessCycleTimeAvg = 0.008918652167687049; EventCycleTimeMin = 0.0006260871887207031; LogProcessCycleTimeMax = 0.02649092674255371; LogProcessCycleTimeMin = 0.002553939819335938; LogProcessCycleTimeSum = 0.1159424781799316; LogProcessCycleTimeCount = 13.0; EventCycleTimeSum = 0.5709631443023682; SleepCycleTimeSum = 309.8063418865204; SleepCycleTimeAvg = 4.996876482040651; SleepCycleTimeStd = 0.10929354724648; SleepCycleTimeMax = 5.217787981033325; EventCycleTimeCount = 62.0; EventCycleTimeAvg = 0.009209082972618842; ]
07/20/20 11:01:30 Initializing user log writer for /home/scitech/shared-data/Workflow5/scitech/pegasus/checkpoint-wf/run0003/./checkpoint-wf-0.dag.nodes.log, (55.0.0)
07/20/20 11:01:34 Currently monitoring 1 HTCondor log file(s)
07/20/20 11:01:34 Event: ULOG_POST_SCRIPT_TERMINATED for HTCondor Node print_nums_py_ID0000001 (55.0.0) {07/20/20 11:01:30}
07/20/20 11:01:34 POST Script of node print_nums_py_ID0000001 completed successfully.
07/20/20 11:01:34 DAG status: 0 (DAG_STATUS_OK)
07/20/20 11:01:34 Of 9 nodes total:
07/20/20 11:01:34  Done     Pre   Queued    Post   Ready   Un-Ready   Failed
07/20/20 11:01:34   ===     ===      ===     ===     ===        ===      ===
07/20/20 11:01:34     4       0        0       0       2          3        0
07/20/20 11:01:34 0 job proc(s) currently held
07/20/20 11:01:34 DAGMan Runtime Statistics: [ EventCycleTimeStd = 0.02008730509840064; EventCycleTimeMax = 0.08912992477416992; SubmitCycleTimeMin = 0.0002598762512207031; SubmitCycleTimeAvg = 0.005628004670143127; SleepCycleTimeCount = 63.0; SubmitCycleTimeCount = 64.0; SubmitCycleTimeMax = 0.08332610130310059; SleepCycleTimeMin = 4.223126888275146; SubmitCycleTimeSum = 0.3601922988891602; LogProcessCycleTimeStd = 0.006346602172206037; SubmitCycleTimeStd = 0.01840408820444596; LogProcessCycleTimeAvg = 0.008559533527919225; EventCycleTimeMin = 0.0006260871887207031; LogProcessCycleTimeMax = 0.02649092674255371; LogProcessCycleTimeMin = 0.002553939819335938; LogProcessCycleTimeSum = 0.1198334693908691; LogProcessCycleTimeCount = 14.0; EventCycleTimeSum = 0.5947251319885254; SleepCycleTimeSum = 314.029541015625; SleepCycleTimeAvg = 4.984595889136905; SleepCycleTimeStd = 0.1457862596676367; SleepCycleTimeMax = 5.217787981033325; EventCycleTimeCount = 63.0; EventCycleTimeAvg = 0.009440081460135323; ]
07/20/20 11:01:39 Submitting HTCondor Node clean_up_local_level_3_0 job(s)...
07/20/20 11:01:39 Adding a DAGMan workflow log /home/scitech/shared-data/Workflow5/scitech/pegasus/checkpoint-wf/run0003/./checkpoint-wf-0.dag.nodes.log
07/20/20 11:01:39 Masking the events recorded in the DAGMAN workflow log
07/20/20 11:01:39 Mask for workflow log is 0,1,2,4,5,7,9,10,11,12,13,16,17,24,27,35,36
07/20/20 11:01:39 submitting: /usr/bin/condor_submit -a dag_node_name' '=' 'clean_up_local_level_3_0 -a +DAGManJobId' '=' '49 -a DAGManJobId' '=' '49 -batch-name checkpoint-wf-0.dag+49 -a submit_event_notes' '=' 'DAG' 'Node:' 'clean_up_local_level_3_0 -a dagman_log' '=' '/home/scitech/shared-data/Workflow5/scitech/pegasus/checkpoint-wf/run0003/./checkpoint-wf-0.dag.nodes.log -a +DAGManNodesMask' '=' '"0,1,2,4,5,7,9,10,11,12,13,16,17,24,27,35,36" -a priority=1000 -a +DAGNodeRetry' '=' '0 -a DAG_STATUS' '=' '0 -a FAILED_COUNT' '=' '0 -a +KeepClaimIdle' '=' '20 -a notification' '=' 'never -a +DAGParentNodeNames' '=' '"print_nums_py_ID0000001" 00/00/clean_up_local_level_3_0.sub
07/20/20 11:01:39 From submit: Submitting job(s).
07/20/20 11:01:39 From submit: 1 job(s) submitted to cluster 56.
07/20/20 11:01:39 	assigned HTCondor ID (56.0.0)
07/20/20 11:01:39 Submitting HTCondor Node stage_out_local_local_0_0 job(s)...
07/20/20 11:01:39 Adding a DAGMan workflow log /home/scitech/shared-data/Workflow5/scitech/pegasus/checkpoint-wf/run0003/./checkpoint-wf-0.dag.nodes.log
07/20/20 11:01:39 Masking the events recorded in the DAGMAN workflow log
07/20/20 11:01:39 Mask for workflow log is 0,1,2,4,5,7,9,10,11,12,13,16,17,24,27,35,36
07/20/20 11:01:39 submitting: /usr/bin/condor_submit -a dag_node_name' '=' 'stage_out_local_local_0_0 -a +DAGManJobId' '=' '49 -a DAGManJobId' '=' '49 -batch-name checkpoint-wf-0.dag+49 -a submit_event_notes' '=' 'DAG' 'Node:' 'stage_out_local_local_0_0 -a dagman_log' '=' '/home/scitech/shared-data/Workflow5/scitech/pegasus/checkpoint-wf/run0003/./checkpoint-wf-0.dag.nodes.log -a +DAGManNodesMask' '=' '"0,1,2,4,5,7,9,10,11,12,13,16,17,24,27,35,36" -a priority=900 -a +DAGNodeRetry' '=' '0 -a DAG_STATUS' '=' '0 -a FAILED_COUNT' '=' '0 -a +KeepClaimIdle' '=' '20 -a notification' '=' 'never -a +DAGParentNodeNames' '=' '"print_nums_py_ID0000001" 00/00/stage_out_local_local_0_0.sub
07/20/20 11:01:39 From submit: Submitting job(s).
07/20/20 11:01:39 From submit: 1 job(s) submitted to cluster 57.
07/20/20 11:01:39 	assigned HTCondor ID (57.0.0)
07/20/20 11:01:39 Just submitted 2 jobs this cycle...
07/20/20 11:01:39 DAG status: 0 (DAG_STATUS_OK)
07/20/20 11:01:39 Of 9 nodes total:
07/20/20 11:01:39  Done     Pre   Queued    Post   Ready   Un-Ready   Failed
07/20/20 11:01:39   ===     ===      ===     ===     ===        ===      ===
07/20/20 11:01:39     4       0        2       0       0          3        0
07/20/20 11:01:39 0 job proc(s) currently held
07/20/20 11:01:39 DAGMan Runtime Statistics: [ EventCycleTimeStd = 0.01992757388020019; EventCycleTimeMax = 0.08912992477416992; SubmitCycleTimeMin = 0.0002598762512207031; SubmitCycleTimeAvg = 0.006633945611807016; SleepCycleTimeCount = 64.0; SubmitCycleTimeCount = 65.0; SubmitCycleTimeMax = 0.08332610130310059; SleepCycleTimeMin = 4.223126888275146; SubmitCycleTimeSum = 0.4312064647674561; LogProcessCycleTimeStd = 0.006346602172206037; SubmitCycleTimeStd = 0.0199798080129875; LogProcessCycleTimeAvg = 0.008559533527919225; EventCycleTimeMin = 0.0006260871887207031; LogProcessCycleTimeMax = 0.02649092674255371; LogProcessCycleTimeMin = 0.002553939819335938; LogProcessCycleTimeSum = 0.1198334693908691; LogProcessCycleTimeCount = 14.0; EventCycleTimeSum = 0.6050820350646973; SleepCycleTimeSum = 319.033371925354; SleepCycleTimeAvg = 4.984896436333656; SleepCycleTimeStd = 0.1446445826063664; SleepCycleTimeMax = 5.217787981033325; EventCycleTimeCount = 64.0; EventCycleTimeAvg = 0.009454406797885895; ]
07/20/20 11:01:44 Currently monitoring 1 HTCondor log file(s)
07/20/20 11:01:44 Reassigning the id of job clean_up_local_level_3_0 from (56.0.0) to (56.0.0)
07/20/20 11:01:44 Event: ULOG_SUBMIT for HTCondor Node clean_up_local_level_3_0 (56.0.0) {07/20/20 11:01:39}
07/20/20 11:01:44 Number of idle job procs: 1
07/20/20 11:01:44 Reassigning the id of job stage_out_local_local_0_0 from (57.0.0) to (57.0.0)
07/20/20 11:01:44 Event: ULOG_SUBMIT for HTCondor Node stage_out_local_local_0_0 (57.0.0) {07/20/20 11:01:39}
07/20/20 11:01:44 Number of idle job procs: 2
07/20/20 11:01:49 Currently monitoring 1 HTCondor log file(s)
07/20/20 11:01:49 Event: ULOG_EXECUTE for HTCondor Node stage_out_local_local_0_0 (57.0.0) {07/20/20 11:01:44}
07/20/20 11:01:49 Number of idle job procs: 1
07/20/20 11:01:49 Event: ULOG_EXECUTE for HTCondor Node clean_up_local_level_3_0 (56.0.0) {07/20/20 11:01:44}
07/20/20 11:01:49 Number of idle job procs: 0
07/20/20 11:01:49 Event: ULOG_JOB_TERMINATED for HTCondor Node clean_up_local_level_3_0 (56.0.0) {07/20/20 11:01:46}
07/20/20 11:01:49 Number of idle job procs: 0
07/20/20 11:01:49 Node clean_up_local_level_3_0 job proc (56.0.0) completed successfully.
07/20/20 11:01:49 Node clean_up_local_level_3_0 job completed
07/20/20 11:01:49 Running POST script of Node clean_up_local_level_3_0...
07/20/20 11:01:49 Warning: mysin has length 0 (ignore if produced by DAGMan; see gittrac #4987, #5031)
07/20/20 11:01:49 Event: ULOG_JOB_TERMINATED for HTCondor Node stage_out_local_local_0_0 (57.0.0) {07/20/20 11:01:48}
07/20/20 11:01:49 Number of idle job procs: 0
07/20/20 11:01:49 Node stage_out_local_local_0_0 job proc (57.0.0) completed successfully.
07/20/20 11:01:49 Node stage_out_local_local_0_0 job completed
07/20/20 11:01:49 Running POST script of Node stage_out_local_local_0_0...
07/20/20 11:01:49 Warning: mysin has length 0 (ignore if produced by DAGMan; see gittrac #4987, #5031)
07/20/20 11:01:49 DAG status: 0 (DAG_STATUS_OK)
07/20/20 11:01:49 Of 9 nodes total:
07/20/20 11:01:49  Done     Pre   Queued    Post   Ready   Un-Ready   Failed
07/20/20 11:01:49   ===     ===      ===     ===     ===        ===      ===
07/20/20 11:01:49     4       0        0       2       0          3        0
07/20/20 11:01:49 0 job proc(s) currently held
07/20/20 11:01:49 DAGMan Runtime Statistics: [ EventCycleTimeStd = 0.02119379346328474; EventCycleTimeMax = 0.08912992477416992; SubmitCycleTimeMin = 0.0002598762512207031; SubmitCycleTimeAvg = 0.006446247670187879; SleepCycleTimeCount = 66.0; SubmitCycleTimeCount = 67.0; SubmitCycleTimeMax = 0.08332610130310059; SleepCycleTimeMin = 4.223126888275146; SubmitCycleTimeSum = 0.4318985939025879; LogProcessCycleTimeStd = 0.007183299080616693; SubmitCycleTimeStd = 0.01970427282077872; LogProcessCycleTimeAvg = 0.009311839938163757; EventCycleTimeMin = 0.0006260871887207031; LogProcessCycleTimeMax = 0.02649092674255371; LogProcessCycleTimeMin = 0.002553939819335938; LogProcessCycleTimeSum = 0.1489894390106201; LogProcessCycleTimeCount = 16.0; EventCycleTimeSum = 0.6855511665344238; SleepCycleTimeSum = 329.0474989414215; SleepCycleTimeAvg = 4.985568165779114; SleepCycleTimeStd = 0.1424536912210011; SleepCycleTimeMax = 5.217787981033325; EventCycleTimeCount = 66.0; EventCycleTimeAvg = 0.01038713888688521; ]
07/20/20 11:01:49 Initializing user log writer for /home/scitech/shared-data/Workflow5/scitech/pegasus/checkpoint-wf/run0003/./checkpoint-wf-0.dag.nodes.log, (56.0.0)
07/20/20 11:01:49 Initializing user log writer for /home/scitech/shared-data/Workflow5/scitech/pegasus/checkpoint-wf/run0003/./checkpoint-wf-0.dag.nodes.log, (57.0.0)
07/20/20 11:01:54 Currently monitoring 1 HTCondor log file(s)
07/20/20 11:01:54 Event: ULOG_POST_SCRIPT_TERMINATED for HTCondor Node clean_up_local_level_3_0 (56.0.0) {07/20/20 11:01:49}
07/20/20 11:01:54 POST Script of node clean_up_local_level_3_0 completed successfully.
07/20/20 11:01:54 Event: ULOG_POST_SCRIPT_TERMINATED for HTCondor Node stage_out_local_local_0_0 (57.0.0) {07/20/20 11:01:49}
07/20/20 11:01:54 POST Script of node stage_out_local_local_0_0 completed successfully.
07/20/20 11:01:54 DAG status: 0 (DAG_STATUS_OK)
07/20/20 11:01:54 Of 9 nodes total:
07/20/20 11:01:54  Done     Pre   Queued    Post   Ready   Un-Ready   Failed
07/20/20 11:01:54   ===     ===      ===     ===     ===        ===      ===
07/20/20 11:01:54     6       0        0       0       2          1        0
07/20/20 11:01:54 0 job proc(s) currently held
07/20/20 11:01:54 DAGMan Runtime Statistics: [ EventCycleTimeStd = 0.02117390086103865; EventCycleTimeMax = 0.08912992477416992; SubmitCycleTimeMin = 0.0002598762512207031; SubmitCycleTimeAvg = 0.006358111605924719; SleepCycleTimeCount = 67.0; SubmitCycleTimeCount = 68.0; SubmitCycleTimeMax = 0.08332610130310059; SleepCycleTimeMin = 4.223126888275146; SubmitCycleTimeSum = 0.4323515892028809; LogProcessCycleTimeStd = 0.007014571997947536; SubmitCycleTimeStd = 0.01957017342962989; LogProcessCycleTimeAvg = 0.009090956519631779; EventCycleTimeMin = 0.0006260871887207031; LogProcessCycleTimeMax = 0.02649092674255371; LogProcessCycleTimeMin = 0.002553939819335938; LogProcessCycleTimeSum = 0.1545462608337402; LogProcessCycleTimeCount = 17.0; EventCycleTimeSum = 0.7159261703491211; SleepCycleTimeSum = 334.2385048866272; SleepCycleTimeAvg = 4.988634401292943; SleepCycleTimeStd = 0.1435810023656923; SleepCycleTimeMax = 5.217787981033325; EventCycleTimeCount = 67.0; EventCycleTimeAvg = 0.01068546522909136; ]
07/20/20 11:01:59 Submitting HTCondor Node clean_up_local_level_4_0 job(s)...
07/20/20 11:01:59 Adding a DAGMan workflow log /home/scitech/shared-data/Workflow5/scitech/pegasus/checkpoint-wf/run0003/./checkpoint-wf-0.dag.nodes.log
07/20/20 11:01:59 Masking the events recorded in the DAGMAN workflow log
07/20/20 11:01:59 Mask for workflow log is 0,1,2,4,5,7,9,10,11,12,13,16,17,24,27,35,36
07/20/20 11:01:59 submitting: /usr/bin/condor_submit -a dag_node_name' '=' 'clean_up_local_level_4_0 -a +DAGManJobId' '=' '49 -a DAGManJobId' '=' '49 -batch-name checkpoint-wf-0.dag+49 -a submit_event_notes' '=' 'DAG' 'Node:' 'clean_up_local_level_4_0 -a dagman_log' '=' '/home/scitech/shared-data/Workflow5/scitech/pegasus/checkpoint-wf/run0003/./checkpoint-wf-0.dag.nodes.log -a +DAGManNodesMask' '=' '"0,1,2,4,5,7,9,10,11,12,13,16,17,24,27,35,36" -a priority=1000 -a +DAGNodeRetry' '=' '0 -a DAG_STATUS' '=' '0 -a FAILED_COUNT' '=' '0 -a +KeepClaimIdle' '=' '20 -a notification' '=' 'never -a +DAGParentNodeNames' '=' '"stage_out_local_local_0_0" 00/00/clean_up_local_level_4_0.sub
07/20/20 11:01:59 From submit: Submitting job(s).
07/20/20 11:01:59 From submit: 1 job(s) submitted to cluster 58.
07/20/20 11:01:59 	assigned HTCondor ID (58.0.0)
07/20/20 11:01:59 Submitting HTCondor Node register_local_0_0 job(s)...
07/20/20 11:01:59 Adding a DAGMan workflow log /home/scitech/shared-data/Workflow5/scitech/pegasus/checkpoint-wf/run0003/./checkpoint-wf-0.dag.nodes.log
07/20/20 11:01:59 Masking the events recorded in the DAGMAN workflow log
07/20/20 11:01:59 Mask for workflow log is 0,1,2,4,5,7,9,10,11,12,13,16,17,24,27,35,36
07/20/20 11:01:59 submitting: /usr/bin/condor_submit -a dag_node_name' '=' 'register_local_0_0 -a +DAGManJobId' '=' '49 -a DAGManJobId' '=' '49 -batch-name checkpoint-wf-0.dag+49 -a submit_event_notes' '=' 'DAG' 'Node:' 'register_local_0_0 -a dagman_log' '=' '/home/scitech/shared-data/Workflow5/scitech/pegasus/checkpoint-wf/run0003/./checkpoint-wf-0.dag.nodes.log -a +DAGManNodesMask' '=' '"0,1,2,4,5,7,9,10,11,12,13,16,17,24,27,35,36" -a priority=40 -a +DAGNodeRetry' '=' '0 -a DAG_STATUS' '=' '0 -a FAILED_COUNT' '=' '0 -a notification' '=' 'never -a +DAGParentNodeNames' '=' '"stage_out_local_local_0_0" 00/00/register_local_0_0.sub
07/20/20 11:01:59 From submit: Submitting job(s).
07/20/20 11:01:59 From submit: 1 job(s) submitted to cluster 59.
07/20/20 11:01:59 	assigned HTCondor ID (59.0.0)
07/20/20 11:01:59 Just submitted 2 jobs this cycle...
07/20/20 11:01:59 DAG status: 0 (DAG_STATUS_OK)
07/20/20 11:01:59 Of 9 nodes total:
07/20/20 11:01:59  Done     Pre   Queued    Post   Ready   Un-Ready   Failed
07/20/20 11:01:59   ===     ===      ===     ===     ===        ===      ===
07/20/20 11:01:59     6       0        2       0       0          1        0
07/20/20 11:01:59 0 job proc(s) currently held
07/20/20 11:01:59 DAGMan Runtime Statistics: [ EventCycleTimeStd = 0.02101554879892086; EventCycleTimeMax = 0.08912992477416992; SubmitCycleTimeMin = 0.0002598762512207031; SubmitCycleTimeAvg = 0.007346357124439184; SleepCycleTimeCount = 68.0; SubmitCycleTimeCount = 69.0; SubmitCycleTimeMax = 0.08332610130310059; SleepCycleTimeMin = 4.223126888275146; SubmitCycleTimeSum = 0.5068986415863037; LogProcessCycleTimeStd = 0.007014571997947536; SubmitCycleTimeStd = 0.02108902255901285; LogProcessCycleTimeAvg = 0.009090956519631779; EventCycleTimeMin = 0.0006260871887207031; LogProcessCycleTimeMax = 0.02649092674255371; LogProcessCycleTimeMin = 0.002553939819335938; LogProcessCycleTimeSum = 0.1545462608337402; LogProcessCycleTimeCount = 17.0; EventCycleTimeSum = 0.7274672985076904; SleepCycleTimeSum = 339.2431106567383; SleepCycleTimeAvg = 4.988869274363799; SleepCycleTimeStd = 0.1425186352433757; SleepCycleTimeMax = 5.217787981033325; EventCycleTimeCount = 68.0; EventCycleTimeAvg = 0.01069804850746604; ]
07/20/20 11:02:04 Currently monitoring 1 HTCondor log file(s)
07/20/20 11:02:04 Reassigning the id of job clean_up_local_level_4_0 from (58.0.0) to (58.0.0)
07/20/20 11:02:04 Event: ULOG_SUBMIT for HTCondor Node clean_up_local_level_4_0 (58.0.0) {07/20/20 11:01:59}
07/20/20 11:02:04 Number of idle job procs: 1
07/20/20 11:02:04 Reassigning the id of job register_local_0_0 from (59.0.0) to (59.0.0)
07/20/20 11:02:04 Event: ULOG_SUBMIT for HTCondor Node register_local_0_0 (59.0.0) {07/20/20 11:01:59}
07/20/20 11:02:04 Number of idle job procs: 2
07/20/20 11:02:04 Event: ULOG_EXECUTE for HTCondor Node register_local_0_0 (59.0.0) {07/20/20 11:02:00}
07/20/20 11:02:04 Number of idle job procs: 1
07/20/20 11:02:04 Event: ULOG_EXECUTE for HTCondor Node clean_up_local_level_4_0 (58.0.0) {07/20/20 11:02:00}
07/20/20 11:02:04 Number of idle job procs: 0
07/20/20 11:02:04 Event: ULOG_JOB_TERMINATED for HTCondor Node register_local_0_0 (59.0.0) {07/20/20 11:02:02}
07/20/20 11:02:04 Number of idle job procs: 0
07/20/20 11:02:04 Node register_local_0_0 job proc (59.0.0) completed successfully.
07/20/20 11:02:04 Node register_local_0_0 job completed
07/20/20 11:02:04 Running POST script of Node register_local_0_0...
07/20/20 11:02:04 Warning: mysin has length 0 (ignore if produced by DAGMan; see gittrac #4987, #5031)
07/20/20 11:02:04 Event: ULOG_JOB_TERMINATED for HTCondor Node clean_up_local_level_4_0 (58.0.0) {07/20/20 11:02:04}
07/20/20 11:02:04 Number of idle job procs: 0
07/20/20 11:02:04 Node clean_up_local_level_4_0 job proc (58.0.0) completed successfully.
07/20/20 11:02:04 Node clean_up_local_level_4_0 job completed
07/20/20 11:02:04 Running POST script of Node clean_up_local_level_4_0...
07/20/20 11:02:04 Warning: mysin has length 0 (ignore if produced by DAGMan; see gittrac #4987, #5031)
07/20/20 11:02:04 DAG status: 0 (DAG_STATUS_OK)
07/20/20 11:02:04 Of 9 nodes total:
07/20/20 11:02:04  Done     Pre   Queued    Post   Ready   Un-Ready   Failed
07/20/20 11:02:04   ===     ===      ===     ===     ===        ===      ===
07/20/20 11:02:04     6       0        0       2       0          1        0
07/20/20 11:02:04 0 job proc(s) currently held
07/20/20 11:02:04 DAGMan Runtime Statistics: [ EventCycleTimeStd = 0.02244080703210377; EventCycleTimeMax = 0.08912992477416992; SubmitCycleTimeMin = 0.0002598762512207031; SubmitCycleTimeAvg = 0.007246552194867815; SleepCycleTimeCount = 69.0; SubmitCycleTimeCount = 70.0; SubmitCycleTimeMax = 0.08332610130310059; SleepCycleTimeMin = 4.223126888275146; SubmitCycleTimeSum = 0.5072586536407471; LogProcessCycleTimeStd = 0.007871116449714746; SubmitCycleTimeStd = 0.02095229193488097; LogProcessCycleTimeAvg = 0.01002323627471924; EventCycleTimeMin = 0.0006260871887207031; LogProcessCycleTimeMax = 0.02649092674255371; LogProcessCycleTimeMin = 0.002553939819335938; LogProcessCycleTimeSum = 0.1804182529449463; LogProcessCycleTimeCount = 18.0; EventCycleTimeSum = 0.8068804740905762; SleepCycleTimeSum = 344.2478425502777; SleepCycleTimeAvg = 4.989099167395329; SleepCycleTimeStd = 0.1414797111426835; SleepCycleTimeMax = 5.217787981033325; EventCycleTimeCount = 69.0; EventCycleTimeAvg = 0.01169391991435618; ]
07/20/20 11:02:04 Initializing user log writer for /home/scitech/shared-data/Workflow5/scitech/pegasus/checkpoint-wf/run0003/./checkpoint-wf-0.dag.nodes.log, (59.0.0)
07/20/20 11:02:04 Initializing user log writer for /home/scitech/shared-data/Workflow5/scitech/pegasus/checkpoint-wf/run0003/./checkpoint-wf-0.dag.nodes.log, (58.0.0)
07/20/20 11:02:09 Currently monitoring 1 HTCondor log file(s)
07/20/20 11:02:09 Event: ULOG_POST_SCRIPT_TERMINATED for HTCondor Node register_local_0_0 (59.0.0) {07/20/20 11:02:04}
07/20/20 11:02:09 POST Script of node register_local_0_0 completed successfully.
07/20/20 11:02:09 Event: ULOG_POST_SCRIPT_TERMINATED for HTCondor Node clean_up_local_level_4_0 (58.0.0) {07/20/20 11:02:04}
07/20/20 11:02:09 POST Script of node clean_up_local_level_4_0 completed successfully.
07/20/20 11:02:09 DAG status: 0 (DAG_STATUS_OK)
07/20/20 11:02:09 Of 9 nodes total:
07/20/20 11:02:09  Done     Pre   Queued    Post   Ready   Un-Ready   Failed
07/20/20 11:02:09   ===     ===      ===     ===     ===        ===      ===
07/20/20 11:02:09     8       0        0       0       1          0        0
07/20/20 11:02:09 0 job proc(s) currently held
07/20/20 11:02:09 DAGMan Runtime Statistics: [ EventCycleTimeStd = 0.02239066193728824; EventCycleTimeMax = 0.08912992477416992; SubmitCycleTimeMin = 0.0002598762512207031; SubmitCycleTimeAvg = 0.007149461289526711; SleepCycleTimeCount = 70.0; SubmitCycleTimeCount = 71.0; SubmitCycleTimeMax = 0.08332610130310059; SleepCycleTimeMin = 4.223126888275146; SubmitCycleTimeSum = 0.5076117515563965; LogProcessCycleTimeStd = 0.007739638474337522; SubmitCycleTimeStd = 0.02081817526502529; LogProcessCycleTimeAvg = 0.009752813138459859; EventCycleTimeMin = 0.0006260871887207031; LogProcessCycleTimeMax = 0.02649092674255371; LogProcessCycleTimeMin = 0.002553939819335938; LogProcessCycleTimeSum = 0.1853034496307373; LogProcessCycleTimeCount = 19.0; EventCycleTimeSum = 0.837376594543457; SleepCycleTimeSum = 349.4988915920258; SleepCycleTimeAvg = 4.992841308457511; SleepCycleTimeStd = 0.1438981157541264; SleepCycleTimeMax = 5.251049041748047; EventCycleTimeCount = 70.0; EventCycleTimeAvg = 0.01196252277919224; ]
07/20/20 11:02:14 Submitting HTCondor Node cleanup_checkpoint-wf_0_local job(s)...
07/20/20 11:02:14 Adding a DAGMan workflow log /home/scitech/shared-data/Workflow5/scitech/pegasus/checkpoint-wf/run0003/./checkpoint-wf-0.dag.nodes.log
07/20/20 11:02:14 Masking the events recorded in the DAGMAN workflow log
07/20/20 11:02:14 Mask for workflow log is 0,1,2,4,5,7,9,10,11,12,13,16,17,24,27,35,36
07/20/20 11:02:14 submitting: /usr/bin/condor_submit -a dag_node_name' '=' 'cleanup_checkpoint-wf_0_local -a +DAGManJobId' '=' '49 -a DAGManJobId' '=' '49 -batch-name checkpoint-wf-0.dag+49 -a submit_event_notes' '=' 'DAG' 'Node:' 'cleanup_checkpoint-wf_0_local -a dagman_log' '=' '/home/scitech/shared-data/Workflow5/scitech/pegasus/checkpoint-wf/run0003/./checkpoint-wf-0.dag.nodes.log -a +DAGManNodesMask' '=' '"0,1,2,4,5,7,9,10,11,12,13,16,17,24,27,35,36" -a priority=1000 -a +DAGNodeRetry' '=' '0 -a DAG_STATUS' '=' '0 -a FAILED_COUNT' '=' '0 -a notification' '=' 'never -a +DAGParentNodeNames' '=' '"clean_up_local_level_3_0,clean_up_local_level_4_0" 00/00/cleanup_checkpoint-wf_0_local.sub
07/20/20 11:02:14 From submit: Submitting job(s).
07/20/20 11:02:14 From submit: 1 job(s) submitted to cluster 60.
07/20/20 11:02:14 	assigned HTCondor ID (60.0.0)
07/20/20 11:02:14 Just submitted 1 job this cycle...
07/20/20 11:02:14 DAG status: 0 (DAG_STATUS_OK)
07/20/20 11:02:14 Of 9 nodes total:
07/20/20 11:02:14  Done     Pre   Queued    Post   Ready   Un-Ready   Failed
07/20/20 11:02:14   ===     ===      ===     ===     ===        ===      ===
07/20/20 11:02:14     8       0        1       0       0          0        0
07/20/20 11:02:14 0 job proc(s) currently held
07/20/20 11:02:14 DAGMan Runtime Statistics: [ EventCycleTimeStd = 0.02223135981997144; EventCycleTimeMax = 0.08912992477416992; SubmitCycleTimeMin = 0.0002598762512207031; SubmitCycleTimeAvg = 0.007648024294111464; SleepCycleTimeCount = 71.0; SubmitCycleTimeCount = 72.0; SubmitCycleTimeMax = 0.08332610130310059; SleepCycleTimeMin = 4.223126888275146; SubmitCycleTimeSum = 0.5506577491760254; LogProcessCycleTimeStd = 0.007739638474337522; SubmitCycleTimeStd = 0.02109950073872425; LogProcessCycleTimeAvg = 0.009752813138459859; EventCycleTimeMin = 0.0006260871887207031; LogProcessCycleTimeMax = 0.02649092674255371; LogProcessCycleTimeMin = 0.002553939819335938; LogProcessCycleTimeSum = 0.1853034496307373; LogProcessCycleTimeCount = 19.0; EventCycleTimeSum = 0.8473875522613525; SleepCycleTimeSum = 354.506026506424; SleepCycleTimeAvg = 4.993042626851041; SleepCycleTimeStd = 0.1428766452033103; SleepCycleTimeMax = 5.251049041748047; EventCycleTimeCount = 71.0; EventCycleTimeAvg = 0.01193503594734299; ]
07/20/20 11:02:19 Currently monitoring 1 HTCondor log file(s)
07/20/20 11:02:19 Reassigning the id of job cleanup_checkpoint-wf_0_local from (60.0.0) to (60.0.0)
07/20/20 11:02:19 Event: ULOG_SUBMIT for HTCondor Node cleanup_checkpoint-wf_0_local (60.0.0) {07/20/20 11:02:14}
07/20/20 11:02:19 Number of idle job procs: 1
07/20/20 11:02:19 Event: ULOG_EXECUTE for HTCondor Node cleanup_checkpoint-wf_0_local (60.0.0) {07/20/20 11:02:16}
07/20/20 11:02:19 Number of idle job procs: 0
07/20/20 11:02:19 Event: ULOG_JOB_TERMINATED for HTCondor Node cleanup_checkpoint-wf_0_local (60.0.0) {07/20/20 11:02:19}
07/20/20 11:02:19 Number of idle job procs: 0
07/20/20 11:02:19 Node cleanup_checkpoint-wf_0_local job proc (60.0.0) completed successfully.
07/20/20 11:02:19 Node cleanup_checkpoint-wf_0_local job completed
07/20/20 11:02:19 Running POST script of Node cleanup_checkpoint-wf_0_local...
07/20/20 11:02:19 Warning: mysin has length 0 (ignore if produced by DAGMan; see gittrac #4987, #5031)
07/20/20 11:02:19 DAG status: 0 (DAG_STATUS_OK)
07/20/20 11:02:19 Of 9 nodes total:
07/20/20 11:02:19  Done     Pre   Queued    Post   Ready   Un-Ready   Failed
07/20/20 11:02:19   ===     ===      ===     ===     ===        ===      ===
07/20/20 11:02:19     8       0        0       1       0          0        0
07/20/20 11:02:19 0 job proc(s) currently held
07/20/20 11:02:19 DAGMan Runtime Statistics: [ EventCycleTimeStd = 0.02246895001120229; EventCycleTimeMax = 0.08912992477416992; SubmitCycleTimeMin = 0.0002598762512207031; SubmitCycleTimeAvg = 0.007551242227423681; SleepCycleTimeCount = 72.0; SubmitCycleTimeCount = 73.0; SubmitCycleTimeMax = 0.08332610130310059; SleepCycleTimeMin = 4.223126888275146; SubmitCycleTimeSum = 0.5512406826019287; LogProcessCycleTimeStd = 0.007706245537337924; SubmitCycleTimeStd = 0.02096877502182433; LogProcessCycleTimeAvg = 0.01011592149734497; EventCycleTimeMin = 0.0006260871887207031; LogProcessCycleTimeMax = 0.02649092674255371; LogProcessCycleTimeMin = 0.002553939819335938; LogProcessCycleTimeSum = 0.2023184299468994; LogProcessCycleTimeCount = 20.0; EventCycleTimeSum = 0.8949015140533447; SleepCycleTimeSum = 359.5160205364227; SleepCycleTimeAvg = 4.993278063005871; SleepCycleTimeStd = 0.1418809688184947; SleepCycleTimeMax = 5.251049041748047; EventCycleTimeCount = 72.0; EventCycleTimeAvg = 0.01242918769518534; ]
07/20/20 11:02:20 Initializing user log writer for /home/scitech/shared-data/Workflow5/scitech/pegasus/checkpoint-wf/run0003/./checkpoint-wf-0.dag.nodes.log, (60.0.0)
07/20/20 11:02:24 Currently monitoring 1 HTCondor log file(s)
07/20/20 11:02:24 Event: ULOG_POST_SCRIPT_TERMINATED for HTCondor Node cleanup_checkpoint-wf_0_local (60.0.0) {07/20/20 11:02:20}
07/20/20 11:02:24 POST Script of node cleanup_checkpoint-wf_0_local completed successfully.
07/20/20 11:02:24 DAG status: 0 (DAG_STATUS_OK)
07/20/20 11:02:24 Of 9 nodes total:
07/20/20 11:02:24  Done     Pre   Queued    Post   Ready   Un-Ready   Failed
07/20/20 11:02:24   ===     ===      ===     ===     ===        ===      ===
07/20/20 11:02:24     9       0        0       0       0          0        0
07/20/20 11:02:24 0 job proc(s) currently held
07/20/20 11:02:24 DAGMan Runtime Statistics: [ EventCycleTimeStd = 0.02235172589740788; EventCycleTimeMax = 0.08912992477416992; SubmitCycleTimeMin = 0.0002598762512207031; SubmitCycleTimeAvg = 0.007455629271429938; SleepCycleTimeCount = 73.0; SubmitCycleTimeCount = 74.0; SubmitCycleTimeMax = 0.08332610130310059; SleepCycleTimeMin = 4.199891090393066; SubmitCycleTimeSum = 0.5517165660858154; LogProcessCycleTimeStd = 0.007635541663059983; SubmitCycleTimeStd = 0.02084089435915458; LogProcessCycleTimeAvg = 0.009816351391020276; EventCycleTimeMin = 0.0006260871887207031; LogProcessCycleTimeMax = 0.02649092674255371; LogProcessCycleTimeMin = 0.002553939819335938; LogProcessCycleTimeSum = 0.2061433792114258; LogProcessCycleTimeCount = 21.0; EventCycleTimeSum = 0.9186584949493408; SleepCycleTimeSum = 363.7159116268158; SleepCycleTimeAvg = 4.982409748312545; SleepCycleTimeStd = 0.1687406363753553; SleepCycleTimeMax = 5.251049041748047; EventCycleTimeCount = 73.0; EventCycleTimeAvg = 0.01258436294451152; ]
07/20/20 11:02:24 All jobs Completed!
07/20/20 11:02:24 Note: 0 total job deferrals because of -MaxJobs limit (0)
07/20/20 11:02:24 Note: 0 total job deferrals because of -MaxIdle limit (1000)
07/20/20 11:02:24 Note: 0 total job deferrals because of node category throttles
07/20/20 11:02:24 Note: 0 total PRE script deferrals because of -MaxPre limit (20) or DEFER
07/20/20 11:02:24 Note: 0 total POST script deferrals because of -MaxPost limit (20) or DEFER
07/20/20 11:02:24 DAG status: 0 (DAG_STATUS_OK)
07/20/20 11:02:24 Of 9 nodes total:
07/20/20 11:02:24  Done     Pre   Queued    Post   Ready   Un-Ready   Failed
07/20/20 11:02:24   ===     ===      ===     ===     ===        ===      ===
07/20/20 11:02:24     9       0        0       0       0          0        0
07/20/20 11:02:24 0 job proc(s) currently held
07/20/20 11:02:24 DAGMan Runtime Statistics: [ EventCycleTimeStd = 0.02235172589740788; EventCycleTimeMax = 0.08912992477416992; SubmitCycleTimeMin = 0.0002598762512207031; SubmitCycleTimeAvg = 0.007455629271429938; SleepCycleTimeCount = 73.0; SubmitCycleTimeCount = 74.0; SubmitCycleTimeMax = 0.08332610130310059; SleepCycleTimeMin = 4.199891090393066; SubmitCycleTimeSum = 0.5517165660858154; LogProcessCycleTimeStd = 0.007635541663059983; SubmitCycleTimeStd = 0.02084089435915458; LogProcessCycleTimeAvg = 0.009816351391020276; EventCycleTimeMin = 0.0006260871887207031; LogProcessCycleTimeMax = 0.02649092674255371; LogProcessCycleTimeMin = 0.002553939819335938; LogProcessCycleTimeSum = 0.2061433792114258; LogProcessCycleTimeCount = 21.0; EventCycleTimeSum = 0.9186584949493408; SleepCycleTimeSum = 363.7159116268158; SleepCycleTimeAvg = 4.982409748312545; SleepCycleTimeStd = 0.1687406363753553; SleepCycleTimeMax = 5.251049041748047; EventCycleTimeCount = 73.0; EventCycleTimeAvg = 0.01258436294451152; ]
07/20/20 11:02:24 Wrote metrics file checkpoint-wf-0.dag.metrics.
07/20/20 11:02:24 Reporting metrics to Pegasus metrics server(s); output is in checkpoint-wf-0.dag.metrics.out.
07/20/20 11:02:24 Running command </usr/libexec/condor/condor_dagman_metrics_reporter -f checkpoint-wf-0.dag.metrics -t 100>
07/20/20 11:02:24 Warning: mysin has length 0 (ignore if produced by DAGMan; see gittrac #4987, #5031)
07/20/20 11:02:24 DAGMan Runtime Statistics: [ EventCycleTimeStd = 0.02235172589740788; EventCycleTimeMax = 0.08912992477416992; SubmitCycleTimeMin = 0.0002598762512207031; SubmitCycleTimeAvg = 0.007455629271429938; SleepCycleTimeCount = 73.0; SubmitCycleTimeCount = 74.0; SubmitCycleTimeMax = 0.08332610130310059; SleepCycleTimeMin = 4.199891090393066; SubmitCycleTimeSum = 0.5517165660858154; LogProcessCycleTimeStd = 0.007635541663059983; SubmitCycleTimeStd = 0.02084089435915458; LogProcessCycleTimeAvg = 0.009816351391020276; EventCycleTimeMin = 0.0006260871887207031; LogProcessCycleTimeMax = 0.02649092674255371; LogProcessCycleTimeMin = 0.002553939819335938; LogProcessCycleTimeSum = 0.2061433792114258; LogProcessCycleTimeCount = 21.0; EventCycleTimeSum = 0.9186584949493408; SleepCycleTimeSum = 363.7159116268158; SleepCycleTimeAvg = 4.982409748312545; SleepCycleTimeStd = 0.1687406363753553; SleepCycleTimeMax = 5.251049041748047; EventCycleTimeCount = 73.0; EventCycleTimeAvg = 0.01258436294451152; ]
07/20/20 11:02:24 **** condor_scheduniv_exec.49.0 (condor_DAGMAN) pid 15117 EXITING WITH STATUS 0
