2020-07-20 10:56:15,870:INFO:pegasus-monitord(58): pegasus-monitord starting - pid 15118 
2020-07-20 10:56:15,885:INFO:pegasus-monitord(455): Final Command line options are: ['-N', 'checkpoint-wf-0.dag.dagman.out']
2020-07-20 10:56:15,902:INFO:Pegasus.monitoring.event_output(629): Connecting workflow event sink to sqlite:////home/scitech/shared-data/Workflow5/scitech/pegasus/checkpoint-wf/run0003/checkpoint-wf-0.stampede.db
Created Pegasus database in: sqlite:////home/scitech/shared-data/Workflow5/scitech/pegasus/checkpoint-wf/run0003/checkpoint-wf-0.stampede.db
Your database is compatible with Pegasus version: 5.0.0dev
2020-07-20 10:56:16,603:INFO:Pegasus.monitoring.event_output(703): output type=DB namespace=stampede. name=sqlite:////home/scitech/shared-data/Workflow5/scitech/pegasus/checkpoint-wf/run0003/checkpoint-wf-0.stampede.db
2020-07-20 10:56:16,604:INFO:Pegasus.monitoring.event_output(629): Connecting workflow event sink to sqlite:////home/scitech/.pegasus/workflow.db
Your database is compatible with Pegasus version: 5.0.0dev
2020-07-20 10:56:16,995:INFO:Pegasus.monitoring.event_output(703): output type=DB namespace=dashboard. name=sqlite:////home/scitech/.pegasus/workflow.db
2020-07-20 10:56:16,996:INFO:pegasus-monitord(1247): monitord started in fast start mode
2020-07-20 10:56:17,013:INFO:Pegasus.monitoring.workflow(461): cannot open state file /home/scitech/shared-data/Workflow5/scitech/pegasus/checkpoint-wf/run0003/monitord.info, continuing without state...
2020-07-20 10:56:17,013:INFO:Pegasus.monitoring.workflow(1148): creating new file /home/scitech/shared-data/Workflow5/scitech/pegasus/checkpoint-wf/run0003/jobstate.log
2020-07-20 10:56:17,014:INFO:Pegasus.monitoring.workflow(1158): Appending to existing jobstate.log replay_mode 0 previous_processed_line 0
2020-07-20 10:56:17,015:INFO:Pegasus.monitoring.notifications(474): loading notifications from /home/scitech/shared-data/Workflow5/scitech/pegasus/checkpoint-wf/run0003/checkpoint-wf-0.notify
2020-07-20 10:56:17,193:INFO:Pegasus.monitoring.workflow(205): Parsing DAG file /home/scitech/shared-data/Workflow5/scitech/pegasus/checkpoint-wf/run0003/checkpoint-wf-0.dag
2020-07-20 10:56:17,197:INFO:pegasus-monitord(974): Using DAGMan version 8.8.9 80809
2020-07-20 10:56:17,198:INFO:pegasus-monitord(949): DAGMan runs at pid 15117
2020-07-20 10:56:17,201:INFO:pegasus-monitord(955): using dag checkpoint-wf-0.dag
2020-07-20 10:56:17,202:INFO:Pegasus.monitoring.workflow(811): DAGMan starting with condor id 49.0
2020-07-20 11:02:10,794:INFO:Pegasus.monitoring.workflow(2467): Populating locations corresponding to succeeded registration job  /home/scitech/shared-data/Workflow5/scitech/pegasus/checkpoint-wf/run0003/00/00/register_local_0_0.in 
2020-07-20 11:02:24,974:INFO:pegasus-monitord(927): DAGMan checkpoint-wf-0.dag finished with exit code 0
2020-07-20 11:02:25,992:INFO:pegasus-monitord(1427): workflow /home/scitech/shared-data/Workflow5/scitech/pegasus/checkpoint-wf/run0003/checkpoint-wf-0.dag.dagman.out ended
2020-07-20 11:02:25,996:INFO:Pegasus.monitoring.workflow(1377): recovery file deleted: /home/scitech/shared-data/Workflow5/scitech/pegasus/checkpoint-wf/run0003/monitord.recover
2020-07-20 11:02:25,999:INFO:pegasus-monitord(1665): finishing workflow: /home/scitech/shared-data/Workflow5/scitech/pegasus/checkpoint-wf/run0003/checkpoint-wf-0.dag.dagman.out
2020-07-20 11:02:26,000:INFO:pegasus-monitord(1719): finishing notifications...
2020-07-20 11:02:26,000:INFO:pegasus-monitord(1727): monitord process 15118 exiting with 0
2020-07-20 11:02:26,001:INFO:pegasus-monitord(197): DB flushing beginning
2020-07-20 11:02:26,002:INFO:Pegasus.db.workflow_loader.WorkflowLoader(1244): Executing final flush
2020-07-20 11:02:26,082:INFO:Pegasus.db.dashboard_loader.DashboardLoader(397): Executing final flush
2020-07-20 11:02:26,082:INFO:pegasus-monitord(213): DB flushing ended
