2020-07-20 11:14:47,935:INFO:pegasus-monitord(58): pegasus-monitord starting - pid 21311 
2020-07-20 11:14:47,953:INFO:pegasus-monitord(455): Final Command line options are: ['-N', 'checkpoint-wf-0.dag.dagman.out']
2020-07-20 11:14:47,977:INFO:Pegasus.monitoring.event_output(629): Connecting workflow event sink to sqlite:////home/scitech/shared-data/Workflow5/scitech/pegasus/checkpoint-wf/run0005/checkpoint-wf-0.stampede.db
Created Pegasus database in: sqlite:////home/scitech/shared-data/Workflow5/scitech/pegasus/checkpoint-wf/run0005/checkpoint-wf-0.stampede.db
Your database is compatible with Pegasus version: 5.0.0dev
2020-07-20 11:14:48,803:INFO:Pegasus.monitoring.event_output(703): output type=DB namespace=stampede. name=sqlite:////home/scitech/shared-data/Workflow5/scitech/pegasus/checkpoint-wf/run0005/checkpoint-wf-0.stampede.db
2020-07-20 11:14:48,804:INFO:Pegasus.monitoring.event_output(629): Connecting workflow event sink to sqlite:////home/scitech/.pegasus/workflow.db
Your database is compatible with Pegasus version: 5.0.0dev
2020-07-20 11:14:49,198:INFO:Pegasus.monitoring.event_output(703): output type=DB namespace=dashboard. name=sqlite:////home/scitech/.pegasus/workflow.db
2020-07-20 11:14:49,199:INFO:pegasus-monitord(1247): monitord started in fast start mode
2020-07-20 11:14:49,216:INFO:Pegasus.monitoring.workflow(461): cannot open state file /home/scitech/shared-data/Workflow5/scitech/pegasus/checkpoint-wf/run0005/monitord.info, continuing without state...
2020-07-20 11:14:49,217:INFO:Pegasus.monitoring.workflow(1148): creating new file /home/scitech/shared-data/Workflow5/scitech/pegasus/checkpoint-wf/run0005/jobstate.log
2020-07-20 11:14:49,217:INFO:Pegasus.monitoring.workflow(1158): Appending to existing jobstate.log replay_mode 0 previous_processed_line 0
2020-07-20 11:14:49,219:INFO:Pegasus.monitoring.notifications(474): loading notifications from /home/scitech/shared-data/Workflow5/scitech/pegasus/checkpoint-wf/run0005/checkpoint-wf-0.notify
2020-07-20 11:14:49,427:INFO:Pegasus.monitoring.workflow(205): Parsing DAG file /home/scitech/shared-data/Workflow5/scitech/pegasus/checkpoint-wf/run0005/checkpoint-wf-0.dag
2020-07-20 11:14:49,433:INFO:pegasus-monitord(974): Using DAGMan version 8.8.9 80809
2020-07-20 11:14:49,433:INFO:pegasus-monitord(949): DAGMan runs at pid 21310
2020-07-20 11:14:49,436:INFO:pegasus-monitord(955): using dag checkpoint-wf-0.dag
2020-07-20 11:14:49,437:INFO:Pegasus.monitoring.workflow(811): DAGMan starting with condor id 71.0
2020-07-20 11:16:43,687:WARNING:pegasus-monitord(1029): DAGMan was aborted for workflow running in directory /home/scitech/shared-data/Workflow5/scitech/pegasus/checkpoint-wf/run0005
2020-07-20 11:16:43,690:INFO:pegasus-monitord(927): DAGMan checkpoint-wf-0.dag finished with exit code 2
2020-07-20 11:16:44,712:INFO:pegasus-monitord(1427): workflow /home/scitech/shared-data/Workflow5/scitech/pegasus/checkpoint-wf/run0005/checkpoint-wf-0.dag.dagman.out ended
2020-07-20 11:16:44,717:INFO:Pegasus.monitoring.workflow(1377): recovery file deleted: /home/scitech/shared-data/Workflow5/scitech/pegasus/checkpoint-wf/run0005/monitord.recover
2020-07-20 11:16:44,720:INFO:pegasus-monitord(1665): finishing workflow: /home/scitech/shared-data/Workflow5/scitech/pegasus/checkpoint-wf/run0005/checkpoint-wf-0.dag.dagman.out
2020-07-20 11:16:44,721:INFO:pegasus-monitord(1719): finishing notifications...
2020-07-20 11:16:44,721:INFO:pegasus-monitord(1727): monitord process 21311 exiting with 0
2020-07-20 11:16:44,722:INFO:pegasus-monitord(197): DB flushing beginning
2020-07-20 11:16:44,723:INFO:Pegasus.db.workflow_loader.WorkflowLoader(1244): Executing final flush
2020-07-20 11:16:44,794:INFO:Pegasus.db.dashboard_loader.DashboardLoader(397): Executing final flush
2020-07-20 11:16:44,795:INFO:pegasus-monitord(213): DB flushing ended
