2020-09-23 22:10:54,865:INFO:pegasus-monitord(58): pegasus-monitord starting - pid 80292 
2020-09-23 22:10:54,881:INFO:pegasus-monitord(455): Final Command line options are: ['-N', 'Cats_and_Dogs-0.dag.dagman.out']
2020-09-23 22:10:54,900:INFO:Pegasus.monitoring.event_output(629): Connecting workflow event sink to sqlite:////home/scitech/shared-data/CatsAndDogs/scitech/pegasus/Cats_and_Dogs/run0010/Cats_and_Dogs-0.stampede.db
Created Pegasus database in: sqlite:////home/scitech/shared-data/CatsAndDogs/scitech/pegasus/Cats_and_Dogs/run0010/Cats_and_Dogs-0.stampede.db
Your database is compatible with Pegasus version: 5.0.0dev
2020-09-23 22:10:55,687:INFO:Pegasus.monitoring.event_output(703): output type=DB namespace=stampede. name=sqlite:////home/scitech/shared-data/CatsAndDogs/scitech/pegasus/Cats_and_Dogs/run0010/Cats_and_Dogs-0.stampede.db
2020-09-23 22:10:55,688:INFO:Pegasus.monitoring.event_output(629): Connecting workflow event sink to sqlite:////home/scitech/.pegasus/workflow.db
Your database is compatible with Pegasus version: 5.0.0dev
2020-09-23 22:10:56,077:INFO:Pegasus.monitoring.event_output(703): output type=DB namespace=dashboard. name=sqlite:////home/scitech/.pegasus/workflow.db
2020-09-23 22:10:56,078:INFO:pegasus-monitord(1247): monitord started in fast start mode
2020-09-23 22:10:56,095:INFO:Pegasus.monitoring.workflow(461): cannot open state file /home/scitech/shared-data/CatsAndDogs/scitech/pegasus/Cats_and_Dogs/run0010/monitord.info, continuing without state...
2020-09-23 22:10:56,096:INFO:Pegasus.monitoring.workflow(1148): creating new file /home/scitech/shared-data/CatsAndDogs/scitech/pegasus/Cats_and_Dogs/run0010/jobstate.log
2020-09-23 22:10:56,097:INFO:Pegasus.monitoring.workflow(1158): Appending to existing jobstate.log replay_mode 0 previous_processed_line 0
2020-09-23 22:10:56,099:INFO:Pegasus.monitoring.notifications(474): loading notifications from /home/scitech/shared-data/CatsAndDogs/scitech/pegasus/Cats_and_Dogs/run0010/Cats_and_Dogs-0.notify
2020-09-23 22:10:56,345:INFO:Pegasus.monitoring.workflow(205): Parsing DAG file /home/scitech/shared-data/CatsAndDogs/scitech/pegasus/Cats_and_Dogs/run0010/Cats_and_Dogs-0.dag
2020-09-23 22:10:56,351:INFO:pegasus-monitord(974): Using DAGMan version 8.8.10 80810
2020-09-23 22:10:56,351:INFO:pegasus-monitord(949): DAGMan runs at pid 80291
2020-09-23 22:10:56,354:INFO:pegasus-monitord(955): using dag Cats_and_Dogs-0.dag
2020-09-23 22:10:56,354:INFO:Pegasus.monitoring.workflow(811): DAGMan starting with condor id 163.0
2020-09-23 22:11:24,906:INFO:Pegasus.monitoring.workflow(2468): Populating locations corresponding to succeeded registration job  /home/scitech/shared-data/CatsAndDogs/scitech/pegasus/Cats_and_Dogs/run0010/00/00/register_local_1000_0.in 
2020-09-23 22:12:25,810:INFO:Pegasus.monitoring.workflow(2468): Populating locations corresponding to succeeded registration job  /home/scitech/shared-data/CatsAndDogs/scitech/pegasus/Cats_and_Dogs/run0010/00/00/register_local_0_0.in 
2020-09-23 22:12:41,193:INFO:Pegasus.monitoring.workflow(2468): Populating locations corresponding to succeeded registration job  /home/scitech/shared-data/CatsAndDogs/scitech/pegasus/Cats_and_Dogs/run0010/00/00/register_local_1_0.in 
2020-09-23 22:12:55,396:INFO:Pegasus.monitoring.workflow(2468): Populating locations corresponding to succeeded registration job  /home/scitech/shared-data/CatsAndDogs/scitech/pegasus/Cats_and_Dogs/run0010/00/00/register_local_2_0.in 
2020-09-23 22:13:51,275:INFO:Pegasus.monitoring.workflow(2468): Populating locations corresponding to succeeded registration job  /home/scitech/shared-data/CatsAndDogs/scitech/pegasus/Cats_and_Dogs/run0010/00/00/register_local_3_0.in 
2020-09-23 22:14:01,439:INFO:pegasus-monitord(927): DAGMan Cats_and_Dogs-0.dag finished with exit code 0
2020-09-23 22:14:02,457:INFO:pegasus-monitord(1427): workflow /home/scitech/shared-data/CatsAndDogs/scitech/pegasus/Cats_and_Dogs/run0010/Cats_and_Dogs-0.dag.dagman.out ended
2020-09-23 22:14:02,463:INFO:Pegasus.monitoring.workflow(1378): recovery file deleted: /home/scitech/shared-data/CatsAndDogs/scitech/pegasus/Cats_and_Dogs/run0010/monitord.recover
2020-09-23 22:14:02,468:INFO:pegasus-monitord(1665): finishing workflow: /home/scitech/shared-data/CatsAndDogs/scitech/pegasus/Cats_and_Dogs/run0010/Cats_and_Dogs-0.dag.dagman.out
2020-09-23 22:14:02,469:INFO:pegasus-monitord(1719): finishing notifications...
2020-09-23 22:14:02,469:INFO:pegasus-monitord(1727): monitord process 80292 exiting with 0
2020-09-23 22:14:02,471:INFO:pegasus-monitord(197): DB flushing beginning
2020-09-23 22:14:02,471:INFO:Pegasus.db.workflow_loader.WorkflowLoader(1244): Executing final flush
2020-09-23 22:14:02,542:INFO:Pegasus.db.dashboard_loader.DashboardLoader(397): Executing final flush
2020-09-23 22:14:02,543:INFO:pegasus-monitord(213): DB flushing ended
