07/16/20 09:28:54 ******************************************************
07/16/20 09:28:54 ** condor_scheduniv_exec.47.0 (CONDOR_DAGMAN) STARTING UP
07/16/20 09:28:54 ** /usr/bin/condor_dagman
07/16/20 09:28:54 ** SubsystemInfo: name=DAGMAN type=DAGMAN(10) class=DAEMON(1)
07/16/20 09:28:54 ** Configuration: subsystem:DAGMAN local:<NONE> class:DAEMON
07/16/20 09:28:54 ** $CondorVersion: 8.8.9 May 06 2020 BuildID: 503068 PackageID: 8.8.9-1 $
07/16/20 09:28:54 ** $CondorPlatform: x86_64_CentOS7 $
07/16/20 09:28:54 ** PID = 77041
07/16/20 09:28:54 ** Log last touched time unavailable (No such file or directory)
07/16/20 09:28:54 ******************************************************
07/16/20 09:28:54 Using config source: /etc/condor/condor_config
07/16/20 09:28:54 Using local config sources: 
07/16/20 09:28:54    /etc/condor/config.d/00-minicondor
07/16/20 09:28:54    /etc/condor/condor_config.local
07/16/20 09:28:54 config Macros = 81, Sorted = 81, StringBytes = 2254, TablesBytes = 2964
07/16/20 09:28:54 CLASSAD_CACHING is ENABLED
07/16/20 09:28:54 Daemon Log is logging: D_ALWAYS D_ERROR
07/16/20 09:28:54 DaemonCore: No command port requested.
07/16/20 09:28:54 DAGMAN_USE_STRICT setting: 1
07/16/20 09:28:54 DAGMAN_VERBOSITY setting: 3
07/16/20 09:28:54 DAGMAN_DEBUG_CACHE_SIZE setting: 5242880
07/16/20 09:28:54 DAGMAN_DEBUG_CACHE_ENABLE setting: False
07/16/20 09:28:54 DAGMAN_SUBMIT_DELAY setting: 0
07/16/20 09:28:54 DAGMAN_MAX_SUBMIT_ATTEMPTS setting: 6
07/16/20 09:28:54 DAGMAN_STARTUP_CYCLE_DETECT setting: False
07/16/20 09:28:54 DAGMAN_MAX_SUBMITS_PER_INTERVAL setting: 100
07/16/20 09:28:54 DAGMAN_AGGRESSIVE_SUBMIT setting: False
07/16/20 09:28:54 DAGMAN_USER_LOG_SCAN_INTERVAL setting: 5
07/16/20 09:28:54 DAGMAN_QUEUE_UPDATE_INTERVAL setting: 300
07/16/20 09:28:54 DAGMAN_DEFAULT_PRIORITY setting: 0
07/16/20 09:28:54 DAGMAN_SUPPRESS_NOTIFICATION setting: True
07/16/20 09:28:54 allow_events (DAGMAN_ALLOW_EVENTS) setting: 114
07/16/20 09:28:54 DAGMAN_RETRY_SUBMIT_FIRST setting: True
07/16/20 09:28:54 DAGMAN_RETRY_NODE_FIRST setting: False
07/16/20 09:28:54 DAGMAN_MAX_JOBS_IDLE setting: 1000
07/16/20 09:28:54 DAGMAN_MAX_JOBS_SUBMITTED setting: 0
07/16/20 09:28:54 DAGMAN_MAX_PRE_SCRIPTS setting: 20
07/16/20 09:28:54 DAGMAN_MAX_POST_SCRIPTS setting: 20
07/16/20 09:28:54 DAGMAN_MUNGE_NODE_NAMES setting: True
07/16/20 09:28:54 DAGMAN_PROHIBIT_MULTI_JOBS setting: False
07/16/20 09:28:54 DAGMAN_SUBMIT_DEPTH_FIRST setting: False
07/16/20 09:28:54 DAGMAN_ALWAYS_RUN_POST setting: False
07/16/20 09:28:54 DAGMAN_CONDOR_SUBMIT_EXE setting: /usr/bin/condor_submit
07/16/20 09:28:54 DAGMAN_USE_CONDOR_SUBMIT setting: True
07/16/20 09:28:54 DAGMAN_ABORT_DUPLICATES setting: True
07/16/20 09:28:54 DAGMAN_ABORT_ON_SCARY_SUBMIT setting: True
07/16/20 09:28:54 DAGMAN_PENDING_REPORT_INTERVAL setting: 600
07/16/20 09:28:54 DAGMAN_AUTO_RESCUE setting: True
07/16/20 09:28:54 DAGMAN_MAX_RESCUE_NUM setting: 100
07/16/20 09:28:54 DAGMAN_WRITE_PARTIAL_RESCUE setting: True
07/16/20 09:28:54 DAGMAN_DEFAULT_NODE_LOG setting: @(DAG_DIR)/@(DAG_FILE).nodes.log
07/16/20 09:28:54 DAGMAN_GENERATE_SUBDAG_SUBMITS setting: True
07/16/20 09:28:54 DAGMAN_MAX_JOB_HOLDS setting: 100
07/16/20 09:28:54 DAGMAN_HOLD_CLAIM_TIME setting: 20
07/16/20 09:28:54 ALL_DEBUG setting: 
07/16/20 09:28:54 DAGMAN_DEBUG setting: 
07/16/20 09:28:54 DAGMAN_SUPPRESS_JOB_LOGS setting: False
07/16/20 09:28:54 DAGMAN_REMOVE_NODE_JOBS setting: True
07/16/20 09:28:54 argv[0] == "condor_scheduniv_exec.47.0"
07/16/20 09:28:54 argv[1] == "-Lockfile"
07/16/20 09:28:54 argv[2] == "add_thumbs-0.dag.lock"
07/16/20 09:28:54 argv[3] == "-AutoRescue"
07/16/20 09:28:54 argv[4] == "1"
07/16/20 09:28:54 argv[5] == "-DoRescueFrom"
07/16/20 09:28:54 argv[6] == "0"
07/16/20 09:28:54 argv[7] == "-Dag"
07/16/20 09:28:54 argv[8] == "add_thumbs-0.dag"
07/16/20 09:28:54 argv[9] == "-MaxPost"
07/16/20 09:28:54 argv[10] == "20"
07/16/20 09:28:54 argv[11] == "-Suppress_notification"
07/16/20 09:28:54 argv[12] == "-CsdVersion"
07/16/20 09:28:54 argv[13] == "$CondorVersion: 8.8.9 May 06 2020 BuildID: 503068 PackageID: 8.8.9-1 $"
07/16/20 09:28:54 argv[14] == "-Dagman"
07/16/20 09:28:54 argv[15] == "/bin/condor_dagman"
07/16/20 09:28:54 Workflow batch-name: <add_thumbs-0.dag+47>
07/16/20 09:28:54 Workflow accounting_group: <>
07/16/20 09:28:54 Workflow accounting_group_user: <>
07/16/20 09:28:54 Warning: failed to get attribute DAGNodeName
07/16/20 09:28:54 DAGMAN_LOG_ON_NFS_IS_ERROR setting: False
07/16/20 09:28:54 Default node log file is: </home/scitech/shared-data/Workflow/Workflow4/scitech/pegasus/add_thumbs/run0011/./add_thumbs-0.dag.nodes.log>
07/16/20 09:28:54 DAG Lockfile will be written to add_thumbs-0.dag.lock
07/16/20 09:28:54 DAG Input file is add_thumbs-0.dag
07/16/20 09:28:54 Parsing 1 dagfiles
07/16/20 09:28:54 Parsing add_thumbs-0.dag ...
07/16/20 09:28:54 Warning:  could not open Pegasus braindump file braindump.txt
07/16/20 09:28:54 Dag contains 8 total jobs
07/16/20 09:28:55 Sleeping for 3 seconds to ensure ProcessId uniqueness
07/16/20 09:28:58 Bootstrapping...
07/16/20 09:28:58 Number of pre-completed nodes: 0
07/16/20 09:28:58 MultiLogFiles: truncating log file /home/scitech/shared-data/Workflow/Workflow4/scitech/pegasus/add_thumbs/run0011/./add_thumbs-0.dag.nodes.log
07/16/20 09:28:58 DAG status: 0 (DAG_STATUS_OK)
07/16/20 09:28:58 Of 8 nodes total:
07/16/20 09:28:58  Done     Pre   Queued    Post   Ready   Un-Ready   Failed
07/16/20 09:28:58   ===     ===      ===     ===     ===        ===      ===
07/16/20 09:28:58     0       0        0       0       1          7        0
07/16/20 09:28:58 0 job proc(s) currently held
07/16/20 09:28:58 DAGMan Runtime Statistics: [ EventCycleTimeSum = 0.0; EventCycleTimeCount = 0.0; SleepCycleTimeCount = 0.0; SubmitCycleTimeSum = 0.0; SubmitCycleTimeCount = 0.0; LogProcessCycleTimeSum = 0.0; SleepCycleTimeSum = 0.0; LogProcessCycleTimeCount = 0.0; ]
07/16/20 09:28:58 Registering condor_event_timer...
07/16/20 09:28:59 Submitting HTCondor Node create_dir_add_thumbs_0_local job(s)...
07/16/20 09:28:59 Adding a DAGMan workflow log /home/scitech/shared-data/Workflow/Workflow4/scitech/pegasus/add_thumbs/run0011/./add_thumbs-0.dag.nodes.log
07/16/20 09:28:59 Masking the events recorded in the DAGMAN workflow log
07/16/20 09:28:59 Mask for workflow log is 0,1,2,4,5,7,9,10,11,12,13,16,17,24,27,35,36
07/16/20 09:28:59 submitting: /usr/bin/condor_submit -a dag_node_name' '=' 'create_dir_add_thumbs_0_local -a +DAGManJobId' '=' '47 -a DAGManJobId' '=' '47 -batch-name add_thumbs-0.dag+47 -a submit_event_notes' '=' 'DAG' 'Node:' 'create_dir_add_thumbs_0_local -a dagman_log' '=' '/home/scitech/shared-data/Workflow/Workflow4/scitech/pegasus/add_thumbs/run0011/./add_thumbs-0.dag.nodes.log -a +DAGManNodesMask' '=' '"0,1,2,4,5,7,9,10,11,12,13,16,17,24,27,35,36" -a priority=800 -a +DAGNodeRetry' '=' '0 -a DAG_STATUS' '=' '0 -a FAILED_COUNT' '=' '0 -a +KeepClaimIdle' '=' '20 -a notification' '=' 'never -a +DAGParentNodeNames' '=' '"" 00/00/create_dir_add_thumbs_0_local.sub
07/16/20 09:28:59 From submit: Submitting job(s).
07/16/20 09:28:59 From submit: 1 job(s) submitted to cluster 48.
07/16/20 09:28:59 	assigned HTCondor ID (48.0.0)
07/16/20 09:28:59 Just submitted 1 job this cycle...
07/16/20 09:28:59 DAG status: 0 (DAG_STATUS_OK)
07/16/20 09:28:59 Of 8 nodes total:
07/16/20 09:28:59  Done     Pre   Queued    Post   Ready   Un-Ready   Failed
07/16/20 09:28:59   ===     ===      ===     ===     ===        ===      ===
07/16/20 09:28:59     0       0        1       0       0          7        0
07/16/20 09:28:59 0 job proc(s) currently held
07/16/20 09:28:59 DAGMan Runtime Statistics: [ EventCycleTimeCount = 0.0; EventCycleTimeSum = 0.0; LogProcessCycleTimeCount = 0.0; SleepCycleTimeSum = 0.0; LogProcessCycleTimeSum = 0.0; SubmitCycleTimeCount = 1.0; SubmitCycleTimeMax = 0.04726314544677734; SubmitCycleTimeMin = 0.04726314544677734; SubmitCycleTimeAvg = 0.04726314544677734; SubmitCycleTimeStd = 0.04726314544677734; SubmitCycleTimeSum = 0.04726314544677734; SleepCycleTimeCount = 0.0; ]
07/16/20 09:29:04 Currently monitoring 1 HTCondor log file(s)
07/16/20 09:29:04 Reassigning the id of job create_dir_add_thumbs_0_local from (48.0.0) to (48.0.0)
07/16/20 09:29:04 Event: ULOG_SUBMIT for HTCondor Node create_dir_add_thumbs_0_local (48.0.0) {07/16/20 09:28:59}
07/16/20 09:29:04 Number of idle job procs: 1
07/16/20 09:29:04 Event: ULOG_EXECUTE for HTCondor Node create_dir_add_thumbs_0_local (48.0.0) {07/16/20 09:29:00}
07/16/20 09:29:04 Number of idle job procs: 0
07/16/20 09:29:04 Event: ULOG_JOB_TERMINATED for HTCondor Node create_dir_add_thumbs_0_local (48.0.0) {07/16/20 09:29:02}
07/16/20 09:29:04 Number of idle job procs: 0
07/16/20 09:29:04 Node create_dir_add_thumbs_0_local job proc (48.0.0) completed successfully.
07/16/20 09:29:04 Node create_dir_add_thumbs_0_local job completed
07/16/20 09:29:04 Running POST script of Node create_dir_add_thumbs_0_local...
07/16/20 09:29:04 Warning: mysin has length 0 (ignore if produced by DAGMan; see gittrac #4987, #5031)
07/16/20 09:29:04 DAG status: 0 (DAG_STATUS_OK)
07/16/20 09:29:04 Of 8 nodes total:
07/16/20 09:29:04  Done     Pre   Queued    Post   Ready   Un-Ready   Failed
07/16/20 09:29:04   ===     ===      ===     ===     ===        ===      ===
07/16/20 09:29:04     0       0        0       1       0          7        0
07/16/20 09:29:04 0 job proc(s) currently held
07/16/20 09:29:04 DAGMan Runtime Statistics: [ EventCycleTimeStd = 0.0532228946685791; EventCycleTimeMax = 0.0532228946685791; SubmitCycleTimeMin = 0.001111984252929688; SubmitCycleTimeAvg = 0.02418756484985352; SleepCycleTimeCount = 1.0; SubmitCycleTimeCount = 2.0; SubmitCycleTimeMax = 0.04726314544677734; SleepCycleTimeMin = 5.008008003234863; SubmitCycleTimeSum = 0.04837512969970703; LogProcessCycleTimeStd = 0.02387809753417969; SubmitCycleTimeStd = 0.03263379903980312; LogProcessCycleTimeAvg = 0.02387809753417969; EventCycleTimeMin = 0.0532228946685791; LogProcessCycleTimeMax = 0.02387809753417969; LogProcessCycleTimeMin = 0.02387809753417969; LogProcessCycleTimeSum = 0.02387809753417969; LogProcessCycleTimeCount = 1.0; EventCycleTimeSum = 0.0532228946685791; SleepCycleTimeSum = 5.008008003234863; SleepCycleTimeAvg = 5.008008003234863; SleepCycleTimeStd = 5.008008003234863; SleepCycleTimeMax = 5.008008003234863; EventCycleTimeCount = 1.0; EventCycleTimeAvg = 0.0532228946685791; ]
07/16/20 09:29:04 Initializing user log writer for /home/scitech/shared-data/Workflow/Workflow4/scitech/pegasus/add_thumbs/run0011/./add_thumbs-0.dag.nodes.log, (48.0.0)
07/16/20 09:29:09 Currently monitoring 1 HTCondor log file(s)
07/16/20 09:29:09 Event: ULOG_POST_SCRIPT_TERMINATED for HTCondor Node create_dir_add_thumbs_0_local (48.0.0) {07/16/20 09:29:04}
07/16/20 09:29:09 POST Script of node create_dir_add_thumbs_0_local completed successfully.
07/16/20 09:29:09 DAG status: 0 (DAG_STATUS_OK)
07/16/20 09:29:09 Of 8 nodes total:
07/16/20 09:29:09  Done     Pre   Queued    Post   Ready   Un-Ready   Failed
07/16/20 09:29:09   ===     ===      ===     ===     ===        ===      ===
07/16/20 09:29:09     1       0        0       0       1          6        0
07/16/20 09:29:09 0 job proc(s) currently held
07/16/20 09:29:09 DAGMan Runtime Statistics: [ EventCycleTimeStd = 0.0144998645868999; EventCycleTimeMax = 0.0532228946685791; SubmitCycleTimeMin = 0.001111984252929688; SubmitCycleTimeAvg = 0.01658407847086589; SleepCycleTimeCount = 2.0; SubmitCycleTimeCount = 3.0; SubmitCycleTimeMax = 0.04726314544677734; SleepCycleTimeMin = 5.008008003234863; SubmitCycleTimeSum = 0.04975223541259766; LogProcessCycleTimeStd = 0.008470336438931395; SubmitCycleTimeStd = 0.0265691820580062; LogProcessCycleTimeAvg = 0.01788866519927979; EventCycleTimeMin = 0.03271698951721191; LogProcessCycleTimeMax = 0.02387809753417969; LogProcessCycleTimeMin = 0.01189923286437988; LogProcessCycleTimeSum = 0.03577733039855957; LogProcessCycleTimeCount = 2.0; EventCycleTimeSum = 0.08593988418579102; SleepCycleTimeSum = 10.23491311073303; SleepCycleTimeAvg = 5.117456555366516; SleepCycleTimeStd = 0.1547836268066821; SleepCycleTimeMax = 5.226905107498169; EventCycleTimeCount = 2.0; EventCycleTimeAvg = 0.04296994209289551; ]
07/16/20 09:29:14 Submitting HTCondor Node stage_in_local_local_0_0 job(s)...
07/16/20 09:29:14 Adding a DAGMan workflow log /home/scitech/shared-data/Workflow/Workflow4/scitech/pegasus/add_thumbs/run0011/./add_thumbs-0.dag.nodes.log
07/16/20 09:29:14 Masking the events recorded in the DAGMAN workflow log
07/16/20 09:29:14 Mask for workflow log is 0,1,2,4,5,7,9,10,11,12,13,16,17,24,27,35,36
07/16/20 09:29:14 submitting: /usr/bin/condor_submit -a dag_node_name' '=' 'stage_in_local_local_0_0 -a +DAGManJobId' '=' '47 -a DAGManJobId' '=' '47 -batch-name add_thumbs-0.dag+47 -a submit_event_notes' '=' 'DAG' 'Node:' 'stage_in_local_local_0_0 -a dagman_log' '=' '/home/scitech/shared-data/Workflow/Workflow4/scitech/pegasus/add_thumbs/run0011/./add_thumbs-0.dag.nodes.log -a +DAGManNodesMask' '=' '"0,1,2,4,5,7,9,10,11,12,13,16,17,24,27,35,36" -a priority=700 -a +DAGNodeRetry' '=' '0 -a DAG_STATUS' '=' '0 -a FAILED_COUNT' '=' '0 -a +KeepClaimIdle' '=' '20 -a notification' '=' 'never -a +DAGParentNodeNames' '=' '"create_dir_add_thumbs_0_local" 00/00/stage_in_local_local_0_0.sub
07/16/20 09:29:14 From submit: Submitting job(s).
07/16/20 09:29:14 From submit: 1 job(s) submitted to cluster 49.
07/16/20 09:29:14 	assigned HTCondor ID (49.0.0)
07/16/20 09:29:14 Just submitted 1 job this cycle...
07/16/20 09:29:14 DAG status: 0 (DAG_STATUS_OK)
07/16/20 09:29:14 Of 8 nodes total:
07/16/20 09:29:14  Done     Pre   Queued    Post   Ready   Un-Ready   Failed
07/16/20 09:29:14   ===     ===      ===     ===     ===        ===      ===
07/16/20 09:29:14     1       0        1       0       0          6        0
07/16/20 09:29:14 0 job proc(s) currently held
07/16/20 09:29:14 DAGMan Runtime Statistics: [ EventCycleTimeStd = 0.01558582287303789; EventCycleTimeMax = 0.0532228946685791; SubmitCycleTimeMin = 0.001111984252929688; SubmitCycleTimeAvg = 0.02447330951690674; SleepCycleTimeCount = 3.0; SubmitCycleTimeCount = 4.0; SubmitCycleTimeMax = 0.0481410026550293; SleepCycleTimeMin = 4.972301006317139; SubmitCycleTimeSum = 0.09789323806762695; LogProcessCycleTimeStd = 0.008470336438931395; SubmitCycleTimeStd = 0.0268248794246233; LogProcessCycleTimeAvg = 0.01788866519927979; EventCycleTimeMin = 0.02263808250427246; LogProcessCycleTimeMax = 0.02387809753417969; LogProcessCycleTimeMin = 0.01189923286437988; LogProcessCycleTimeSum = 0.03577733039855957; LogProcessCycleTimeCount = 2.0; EventCycleTimeSum = 0.1085779666900635; SleepCycleTimeSum = 15.20721411705017; SleepCycleTimeAvg = 5.069071372350057; SleepCycleTimeStd = 0.1378490600995387; SleepCycleTimeMax = 5.226905107498169; EventCycleTimeCount = 3.0; EventCycleTimeAvg = 0.03619265556335449; ]
07/16/20 09:29:19 Currently monitoring 1 HTCondor log file(s)
07/16/20 09:29:19 Reassigning the id of job stage_in_local_local_0_0 from (49.0.0) to (49.0.0)
07/16/20 09:29:19 Event: ULOG_SUBMIT for HTCondor Node stage_in_local_local_0_0 (49.0.0) {07/16/20 09:29:14}
07/16/20 09:29:19 Number of idle job procs: 1
07/16/20 09:29:19 Event: ULOG_EXECUTE for HTCondor Node stage_in_local_local_0_0 (49.0.0) {07/16/20 09:29:16}
07/16/20 09:29:19 Number of idle job procs: 0
07/16/20 09:29:49 Currently monitoring 1 HTCondor log file(s)
07/16/20 09:29:49 Event: ULOG_JOB_TERMINATED for HTCondor Node stage_in_local_local_0_0 (49.0.0) {07/16/20 09:29:45}
07/16/20 09:29:49 Number of idle job procs: 0
07/16/20 09:29:49 Node stage_in_local_local_0_0 job proc (49.0.0) completed successfully.
07/16/20 09:29:49 Node stage_in_local_local_0_0 job completed
07/16/20 09:29:49 Running POST script of Node stage_in_local_local_0_0...
07/16/20 09:29:49 Warning: mysin has length 0 (ignore if produced by DAGMan; see gittrac #4987, #5031)
07/16/20 09:29:49 DAG status: 0 (DAG_STATUS_OK)
07/16/20 09:29:49 Of 8 nodes total:
07/16/20 09:29:49  Done     Pre   Queued    Post   Ready   Un-Ready   Failed
07/16/20 09:29:49   ===     ===      ===     ===     ===        ===      ===
07/16/20 09:29:49     1       0        0       1       0          6        0
07/16/20 09:29:49 0 job proc(s) currently held
07/16/20 09:29:49 DAGMan Runtime Statistics: [ EventCycleTimeStd = 0.0219214164285126; EventCycleTimeMax = 0.05428481101989746; SubmitCycleTimeMin = 0.0003061294555664062; SubmitCycleTimeAvg = 0.009236660870638761; SleepCycleTimeCount = 10.0; SubmitCycleTimeCount = 11.0; SubmitCycleTimeMax = 0.0481410026550293; SleepCycleTimeMin = 4.967429876327515; SubmitCycleTimeSum = 0.1016032695770264; LogProcessCycleTimeStd = 0.006708377529877798; SubmitCycleTimeStd = 0.0190215550581335; LogProcessCycleTimeAvg = 0.01486432552337646; EventCycleTimeMin = 0.0006880760192871094; LogProcessCycleTimeMax = 0.02387809753417969; LogProcessCycleTimeMin = 0.008188009262084961; LogProcessCycleTimeSum = 0.05945730209350586; LogProcessCycleTimeCount = 4.0; EventCycleTimeSum = 0.1771578788757324; SleepCycleTimeSum = 50.20695209503174; SleepCycleTimeAvg = 5.020695209503174; SleepCycleTimeStd = 0.07399025967677302; SleepCycleTimeMax = 5.226905107498169; EventCycleTimeCount = 10.0; EventCycleTimeAvg = 0.01771578788757324; ]
07/16/20 09:29:49 Initializing user log writer for /home/scitech/shared-data/Workflow/Workflow4/scitech/pegasus/add_thumbs/run0011/./add_thumbs-0.dag.nodes.log, (49.0.0)
07/16/20 09:29:54 Currently monitoring 1 HTCondor log file(s)
07/16/20 09:29:54 Event: ULOG_POST_SCRIPT_TERMINATED for HTCondor Node stage_in_local_local_0_0 (49.0.0) {07/16/20 09:29:49}
07/16/20 09:29:54 POST Script of node stage_in_local_local_0_0 completed successfully.
07/16/20 09:29:54 DAG status: 0 (DAG_STATUS_OK)
07/16/20 09:29:54 Of 8 nodes total:
07/16/20 09:29:54  Done     Pre   Queued    Post   Ready   Un-Ready   Failed
07/16/20 09:29:54   ===     ===      ===     ===     ===        ===      ===
07/16/20 09:29:54     2       0        0       0       1          5        0
07/16/20 09:29:54 0 job proc(s) currently held
07/16/20 09:29:54 DAGMan Runtime Statistics: [ EventCycleTimeStd = 0.02086218521029161; EventCycleTimeMax = 0.05428481101989746; SubmitCycleTimeMin = 0.0003061294555664062; SubmitCycleTimeAvg = 0.008527934551239014; SleepCycleTimeCount = 11.0; SubmitCycleTimeCount = 12.0; SubmitCycleTimeMax = 0.0481410026550293; SleepCycleTimeMin = 4.967429876327515; SubmitCycleTimeSum = 0.1023352146148682; LogProcessCycleTimeStd = 0.007120875755887918; SubmitCycleTimeStd = 0.01830175909017529; LogProcessCycleTimeAvg = 0.01302285194396973; EventCycleTimeMin = 0.0006880760192871094; LogProcessCycleTimeMax = 0.02387809753417969; LogProcessCycleTimeMin = 0.005656957626342773; LogProcessCycleTimeSum = 0.06511425971984863; LogProcessCycleTimeCount = 5.0; EventCycleTimeSum = 0.2003607749938965; SleepCycleTimeSum = 55.46703910827637; SleepCycleTimeAvg = 5.042458100752397; SleepCycleTimeStd = 0.100682473475326; SleepCycleTimeMax = 5.260087013244629; EventCycleTimeCount = 11.0; EventCycleTimeAvg = 0.01821461590853604; ]
07/16/20 09:29:59 Submitting HTCondor Node Thumbs_up_ID0000001 job(s)...
07/16/20 09:29:59 Adding a DAGMan workflow log /home/scitech/shared-data/Workflow/Workflow4/scitech/pegasus/add_thumbs/run0011/./add_thumbs-0.dag.nodes.log
07/16/20 09:29:59 Masking the events recorded in the DAGMAN workflow log
07/16/20 09:29:59 Mask for workflow log is 0,1,2,4,5,7,9,10,11,12,13,16,17,24,27,35,36
07/16/20 09:29:59 submitting: /usr/bin/condor_submit -a dag_node_name' '=' 'Thumbs_up_ID0000001 -a +DAGManJobId' '=' '47 -a DAGManJobId' '=' '47 -batch-name add_thumbs-0.dag+47 -a submit_event_notes' '=' 'DAG' 'Node:' 'Thumbs_up_ID0000001 -a dagman_log' '=' '/home/scitech/shared-data/Workflow/Workflow4/scitech/pegasus/add_thumbs/run0011/./add_thumbs-0.dag.nodes.log -a +DAGManNodesMask' '=' '"0,1,2,4,5,7,9,10,11,12,13,16,17,24,27,35,36" -a priority=20 -a +DAGNodeRetry' '=' '0 -a DAG_STATUS' '=' '0 -a FAILED_COUNT' '=' '0 -a +KeepClaimIdle' '=' '20 -a notification' '=' 'never -a +DAGParentNodeNames' '=' '"stage_in_local_local_0_0" 00/00/Thumbs_up_ID0000001.sub
07/16/20 09:29:59 From submit: Submitting job(s).
07/16/20 09:29:59 From submit: 1 job(s) submitted to cluster 50.
07/16/20 09:29:59 	assigned HTCondor ID (50.0.0)
07/16/20 09:29:59 Just submitted 1 job this cycle...
07/16/20 09:29:59 DAG status: 0 (DAG_STATUS_OK)
07/16/20 09:29:59 Of 8 nodes total:
07/16/20 09:29:59  Done     Pre   Queued    Post   Ready   Un-Ready   Failed
07/16/20 09:29:59   ===     ===      ===     ===     ===        ===      ===
07/16/20 09:29:59     2       0        1       0       0          5        0
07/16/20 09:29:59 0 job proc(s) currently held
07/16/20 09:29:59 DAGMan Runtime Statistics: [ EventCycleTimeStd = 0.01995648638654296; EventCycleTimeMax = 0.05428481101989746; SubmitCycleTimeMin = 0.0003061294555664062; SubmitCycleTimeAvg = 0.01229255016033466; SleepCycleTimeCount = 12.0; SubmitCycleTimeCount = 13.0; SubmitCycleTimeMax = 0.05746793746948242; SleepCycleTimeMin = 4.967429876327515; SubmitCycleTimeSum = 0.1598031520843506; LogProcessCycleTimeStd = 0.007120875755887918; SubmitCycleTimeStd = 0.02216487805531802; LogProcessCycleTimeAvg = 0.01302285194396973; EventCycleTimeMin = 0.0006880760192871094; LogProcessCycleTimeMax = 0.02387809753417969; LogProcessCycleTimeMin = 0.005656957626342773; LogProcessCycleTimeSum = 0.06511425971984863; LogProcessCycleTimeCount = 5.0; EventCycleTimeSum = 0.2129929065704346; SleepCycleTimeSum = 60.48082304000854; SleepCycleTimeAvg = 5.040068586667378; SleepCycleTimeStd = 0.09635318331741938; SleepCycleTimeMax = 5.260087013244629; EventCycleTimeCount = 12.0; EventCycleTimeAvg = 0.01774940888086955; ]
07/16/20 09:30:04 Currently monitoring 1 HTCondor log file(s)
07/16/20 09:30:04 Reassigning the id of job Thumbs_up_ID0000001 from (50.0.0) to (50.0.0)
07/16/20 09:30:04 Event: ULOG_SUBMIT for HTCondor Node Thumbs_up_ID0000001 (50.0.0) {07/16/20 09:29:59}
07/16/20 09:30:04 Number of idle job procs: 1
07/16/20 09:30:09 Currently monitoring 1 HTCondor log file(s)
07/16/20 09:30:09 Event: ULOG_EXECUTE for HTCondor Node Thumbs_up_ID0000001 (50.0.0) {07/16/20 09:30:05}
07/16/20 09:30:09 Number of idle job procs: 0
07/16/20 09:30:14 Currently monitoring 1 HTCondor log file(s)
07/16/20 09:30:14 Event: ULOG_SHADOW_EXCEPTION for HTCondor Node Thumbs_up_ID0000001 (50.0.0) {07/16/20 09:30:12}
07/16/20 09:30:14 Number of idle job procs: 1
07/16/20 09:30:14 Event: ULOG_JOB_HELD for HTCondor Node Thumbs_up_ID0000001 (50.0.0) {07/16/20 09:30:12}
07/16/20 09:30:14   Hold reason: Error from slot1@7bcbdb9d7e7e: STARTER at 127.0.0.1 failed to send file(s) to <127.0.0.1:9618>: error reading from /var/lib/condor/execute/dir_77746/output.txt: (errno 2) No such file or directory; SHADOW failed to receive file(s) from <127.0.0.1:38395>
07/16/20 09:30:14 Number of idle job procs: 1
07/16/20 09:30:14 DAG status: 0 (DAG_STATUS_OK)
07/16/20 09:30:14 Of 8 nodes total:
07/16/20 09:30:14  Done     Pre   Queued    Post   Ready   Un-Ready   Failed
07/16/20 09:30:14   ===     ===      ===     ===     ===        ===      ===
07/16/20 09:30:14     2       0        1       0       0          5        0
07/16/20 09:30:14 1 job proc(s) currently held
07/16/20 09:30:14 DAGMan Runtime Statistics: [ EventCycleTimeStd = 0.02213228571933384; EventCycleTimeMax = 0.06377792358398438; SubmitCycleTimeMin = 0.0002341270446777344; SubmitCycleTimeAvg = 0.01008538901805878; SleepCycleTimeCount = 15.0; SubmitCycleTimeCount = 16.0; SubmitCycleTimeMax = 0.05746793746948242; SleepCycleTimeMin = 4.966890096664429; SubmitCycleTimeSum = 0.1613662242889404; LogProcessCycleTimeStd = 0.00699803471652417; SubmitCycleTimeStd = 0.02038530172278634; LogProcessCycleTimeAvg = 0.01012137532234192; EventCycleTimeMin = 0.0006880760192871094; LogProcessCycleTimeMax = 0.02387809753417969; LogProcessCycleTimeMin = 0.002612829208374023; LogProcessCycleTimeSum = 0.08097100257873535; LogProcessCycleTimeCount = 8.0; EventCycleTimeSum = 0.2846765518188477; SleepCycleTimeSum = 75.45318245887756; SleepCycleTimeAvg = 5.030212163925171; SleepCycleTimeStd = 0.08816438360314548; SleepCycleTimeMax = 5.260087013244629; EventCycleTimeCount = 15.0; EventCycleTimeAvg = 0.01897843678792318; ]
07/16/20 09:40:15 601 seconds since last log event
07/16/20 09:40:15 Pending DAG nodes:
07/16/20 09:40:15   Node Thumbs_up_ID0000001, HTCondor ID 50, status STATUS_SUBMITTED
07/16/20 09:44:48 Received SIGUSR1
07/16/20 09:44:48 Aborting DAG...
07/16/20 09:44:48 Writing Rescue DAG to add_thumbs-0.dag.rescue001...
07/16/20 09:44:48 Removing submitted jobs...
07/16/20 09:44:48 Removing any/all submitted HTCondor jobs...
07/16/20 09:44:48 Running: /usr/bin/condor_rm -const DAGManJobId' '=?=' '47
07/16/20 09:44:48 Note: 0 total job deferrals because of -MaxJobs limit (0)
07/16/20 09:44:48 Note: 0 total job deferrals because of -MaxIdle limit (1000)
07/16/20 09:44:48 Note: 0 total job deferrals because of node category throttles
07/16/20 09:44:48 Note: 0 total PRE script deferrals because of -MaxPre limit (20) or DEFER
07/16/20 09:44:48 Note: 0 total POST script deferrals because of -MaxPost limit (20) or DEFER
07/16/20 09:44:48 DAG status: 4 (DAG_STATUS_RM)
07/16/20 09:44:48 Of 8 nodes total:
07/16/20 09:44:48  Done     Pre   Queued    Post   Ready   Un-Ready   Failed
07/16/20 09:44:48   ===     ===      ===     ===     ===        ===      ===
07/16/20 09:44:48     2       0        1       0       0          5        0
07/16/20 09:44:48 1 job proc(s) currently held
07/16/20 09:44:48 DAGMan Runtime Statistics: [ EventCycleTimeStd = 0.007660831692872437; EventCycleTimeMax = 0.06377792358398438; SubmitCycleTimeMin = 0.0001530647277832031; SubmitCycleTimeAvg = 0.001630235973157381; SleepCycleTimeCount = 189.0; SubmitCycleTimeCount = 190.0; SubmitCycleTimeMax = 0.05746793746948242; SleepCycleTimeMin = 4.011183977127075; SubmitCycleTimeSum = 0.3097448348999023; LogProcessCycleTimeStd = 0.00699803471652417; SubmitCycleTimeStd = 0.006300487335438892; LogProcessCycleTimeAvg = 0.01012137532234192; EventCycleTimeMin = 0.0004281997680664062; LogProcessCycleTimeMax = 0.02387809753417969; LogProcessCycleTimeMin = 0.002612829208374023; LogProcessCycleTimeSum = 0.08097100257873535; LogProcessCycleTimeCount = 8.0; EventCycleTimeSum = 0.6731739044189453; SleepCycleTimeSum = 945.8084399700165; SleepCycleTimeAvg = 5.004277460158817; SleepCycleTimeStd = 0.1051765373966724; SleepCycleTimeMax = 5.975350856781006; EventCycleTimeCount = 190.0; EventCycleTimeAvg = 0.003543020549573396; ]
07/16/20 09:44:48 Wrote metrics file add_thumbs-0.dag.metrics.
07/16/20 09:44:48 Reporting metrics to Pegasus metrics server(s); output is in add_thumbs-0.dag.metrics.out.
07/16/20 09:44:48 Running command </usr/libexec/condor/condor_dagman_metrics_reporter -f add_thumbs-0.dag.metrics -s -t 100>
07/16/20 09:44:48 Warning: mysin has length 0 (ignore if produced by DAGMan; see gittrac #4987, #5031)
07/16/20 09:44:48 DAGMan Runtime Statistics: [ EventCycleTimeStd = 0.007660831692872437; EventCycleTimeMax = 0.06377792358398438; SubmitCycleTimeMin = 0.0001530647277832031; SubmitCycleTimeAvg = 0.001630235973157381; SleepCycleTimeCount = 189.0; SubmitCycleTimeCount = 190.0; SubmitCycleTimeMax = 0.05746793746948242; SleepCycleTimeMin = 4.011183977127075; SubmitCycleTimeSum = 0.3097448348999023; LogProcessCycleTimeStd = 0.00699803471652417; SubmitCycleTimeStd = 0.006300487335438892; LogProcessCycleTimeAvg = 0.01012137532234192; EventCycleTimeMin = 0.0004281997680664062; LogProcessCycleTimeMax = 0.02387809753417969; LogProcessCycleTimeMin = 0.002612829208374023; LogProcessCycleTimeSum = 0.08097100257873535; LogProcessCycleTimeCount = 8.0; EventCycleTimeSum = 0.6731739044189453; SleepCycleTimeSum = 945.8084399700165; SleepCycleTimeAvg = 5.004277460158817; SleepCycleTimeStd = 0.1051765373966724; SleepCycleTimeMax = 5.975350856781006; EventCycleTimeCount = 190.0; EventCycleTimeAvg = 0.003543020549573396; ]
07/16/20 09:44:48 **** condor_scheduniv_exec.47.0 (condor_DAGMAN) pid 77041 EXITING WITH STATUS 2
