1594916936 INTERNAL *** MONITORD_STARTED ***
1594916934 INTERNAL *** DAGMAN_STARTED 47.0 ***
1594916939 create_dir_add_thumbs_0_local SUBMIT 48.0 local - 1
1594916940 create_dir_add_thumbs_0_local EXECUTE 48.0 local - 1
1594916942 create_dir_add_thumbs_0_local JOB_TERMINATED 48.0 local - 1
1594916944 create_dir_add_thumbs_0_local JOB_SUCCESS 0 local - 1
1594916944 create_dir_add_thumbs_0_local POST_SCRIPT_STARTED 48.0 local - 1
1594916944 create_dir_add_thumbs_0_local POST_SCRIPT_TERMINATED 48.0 local - 1
1594916949 create_dir_add_thumbs_0_local POST_SCRIPT_SUCCESS 0 local - 1
1594916954 stage_in_local_local_0_0 SUBMIT 49.0 local - 2
1594916956 stage_in_local_local_0_0 EXECUTE 49.0 local - 2
1594916985 stage_in_local_local_0_0 JOB_TERMINATED 49.0 local - 2
1594916989 stage_in_local_local_0_0 JOB_SUCCESS 0 local - 2
1594916989 stage_in_local_local_0_0 POST_SCRIPT_STARTED 49.0 local - 2
1594916989 stage_in_local_local_0_0 POST_SCRIPT_TERMINATED 49.0 local - 2
1594916994 stage_in_local_local_0_0 POST_SCRIPT_SUCCESS 0 local - 2
1594916999 Thumbs_up_ID0000001 SUBMIT 50.0 condorpool - 3
1594917005 Thumbs_up_ID0000001 EXECUTE 50.0 condorpool - 3
1594917012 Thumbs_up_ID0000001 SHADOW_EXCEPTION 50.0 condorpool - 3
1594917012 Thumbs_up_ID0000001 JOB_HELD 50.0 condorpool - 3
1594917014 Thumbs_up_ID0000001 JOB_HELD_REASON 50.0 condorpool - 3
1594917888 INTERNAL *** DAGMAN_FINISHED 2 ***
1594917897 INTERNAL *** MONITORD_FINISHED 0 ***
