000 (218.000.000) 09/23 22:27:18 Job submitted from host: <127.0.0.1:9618?addrs=127.0.0.1-9618&noUDP&sock=271_7641_4>
    DAG Node: stage_out_local_local_1000_0
    pool:local
...
000 (219.000.000) 09/23 22:27:18 Job submitted from host: <127.0.0.1:9618?addrs=127.0.0.1-9618&noUDP&sock=271_7641_4>
    DAG Node: create_dir_Cats_and_Dogs_0_local
    pool:local
...
001 (219.000.000) 09/23 22:27:19 Job executing on host: <127.0.0.1:9618?addrs=127.0.0.1-9618&noUDP&sock=10359_9a3e_190>
...
001 (218.000.000) 09/23 22:27:19 Job executing on host: <127.0.0.1:9618?addrs=127.0.0.1-9618&noUDP&sock=10359_9a3e_191>
...
005 (219.000.000) 09/23 22:27:21 Job terminated.
	(1) Normal termination (return value 0)
		Usr 0 00:00:00, Sys 0 00:00:00  -  Run Remote Usage
		Usr 0 00:00:00, Sys 0 00:00:00  -  Run Local Usage
		Usr 0 00:00:00, Sys 0 00:00:00  -  Total Remote Usage
		Usr 0 00:00:00, Sys 0 00:00:00  -  Total Local Usage
	0  -  Run Bytes Sent By Job
	0  -  Run Bytes Received By Job
	0  -  Total Bytes Sent By Job
	0  -  Total Bytes Received By Job
...
005 (218.000.000) 09/23 22:27:21 Job terminated.
	(1) Normal termination (return value 0)
		Usr 0 00:00:00, Sys 0 00:00:00  -  Run Remote Usage
		Usr 0 00:00:00, Sys 0 00:00:00  -  Run Local Usage
		Usr 0 00:00:00, Sys 0 00:00:00  -  Total Remote Usage
		Usr 0 00:00:00, Sys 0 00:00:00  -  Total Local Usage
	0  -  Run Bytes Sent By Job
	0  -  Run Bytes Received By Job
	0  -  Total Bytes Sent By Job
	0  -  Total Bytes Received By Job
...
016 (219.000.000) 09/23 22:27:24 POST Script terminated.
	(1) Normal termination (return value 0)
    DAG Node: create_dir_Cats_and_Dogs_0_local
...
016 (218.000.000) 09/23 22:27:24 POST Script terminated.
	(1) Normal termination (return value 0)
    DAG Node: stage_out_local_local_1000_0
...
000 (220.000.000) 09/23 22:27:33 Job submitted from host: <127.0.0.1:9618?addrs=127.0.0.1-9618&noUDP&sock=271_7641_4>
    DAG Node: stage_in_remote_local_2_0
    pool:local
...
000 (221.000.000) 09/23 22:27:33 Job submitted from host: <127.0.0.1:9618?addrs=127.0.0.1-9618&noUDP&sock=271_7641_4>
    DAG Node: stage_in_remote_local_1_0
    pool:local
...
000 (222.000.000) 09/23 22:27:33 Job submitted from host: <127.0.0.1:9618?addrs=127.0.0.1-9618&noUDP&sock=271_7641_4>
    DAG Node: stage_in_remote_local_0_0
    pool:local
...
000 (223.000.000) 09/23 22:27:33 Job submitted from host: <127.0.0.1:9618?addrs=127.0.0.1-9618&noUDP&sock=271_7641_4>
    DAG Node: stage_in_local_local_0_0
    pool:local
...
000 (224.000.000) 09/23 22:27:33 Job submitted from host: <127.0.0.1:9618?addrs=127.0.0.1-9618&noUDP&sock=271_7641_4>
    DAG Node: stage_in_remote_local_3_0
    pool:local
...
000 (225.000.000) 09/23 22:27:33 Job submitted from host: <127.0.0.1:9618?addrs=127.0.0.1-9618&noUDP&sock=271_7641_4>
    DAG Node: register_local_1000_0
    pool:local
...
001 (220.000.000) 09/23 22:27:36 Job executing on host: <127.0.0.1:9618?addrs=127.0.0.1-9618&noUDP&sock=10359_9a3e_192>
...
001 (223.000.000) 09/23 22:27:36 Job executing on host: <127.0.0.1:9618?addrs=127.0.0.1-9618&noUDP&sock=10359_9a3e_193>
...
001 (222.000.000) 09/23 22:27:36 Job executing on host: <127.0.0.1:9618?addrs=127.0.0.1-9618&noUDP&sock=10359_9a3e_194>
...
001 (225.000.000) 09/23 22:27:36 Job executing on host: <127.0.0.1:9618?addrs=127.0.0.1-9618&noUDP&sock=10359_9a3e_195>
...
001 (221.000.000) 09/23 22:27:36 Job executing on host: <127.0.0.1:9618?addrs=127.0.0.1-9618&noUDP&sock=10359_9a3e_196>
...
001 (224.000.000) 09/23 22:27:36 Job executing on host: <127.0.0.1:9618?addrs=127.0.0.1-9618&noUDP&sock=10359_9a3e_197>
...
005 (225.000.000) 09/23 22:27:38 Job terminated.
	(1) Normal termination (return value 0)
		Usr 0 00:00:00, Sys 0 00:00:00  -  Run Remote Usage
		Usr 0 00:00:00, Sys 0 00:00:00  -  Run Local Usage
		Usr 0 00:00:00, Sys 0 00:00:00  -  Total Remote Usage
		Usr 0 00:00:00, Sys 0 00:00:00  -  Total Local Usage
	0  -  Run Bytes Sent By Job
	0  -  Run Bytes Received By Job
	0  -  Total Bytes Sent By Job
	0  -  Total Bytes Received By Job
...
016 (225.000.000) 09/23 22:27:38 POST Script terminated.
	(1) Normal termination (return value 0)
    DAG Node: register_local_1000_0
...
005 (222.000.000) 09/23 22:27:38 Job terminated.
	(1) Normal termination (return value 0)
		Usr 0 00:00:00, Sys 0 00:00:00  -  Run Remote Usage
		Usr 0 00:00:00, Sys 0 00:00:00  -  Run Local Usage
		Usr 0 00:00:00, Sys 0 00:00:00  -  Total Remote Usage
		Usr 0 00:00:00, Sys 0 00:00:00  -  Total Local Usage
	0  -  Run Bytes Sent By Job
	0  -  Run Bytes Received By Job
	0  -  Total Bytes Sent By Job
	0  -  Total Bytes Received By Job
...
005 (220.000.000) 09/23 22:27:38 Job terminated.
	(1) Normal termination (return value 0)
		Usr 0 00:00:00, Sys 0 00:00:00  -  Run Remote Usage
		Usr 0 00:00:00, Sys 0 00:00:00  -  Run Local Usage
		Usr 0 00:00:00, Sys 0 00:00:00  -  Total Remote Usage
		Usr 0 00:00:00, Sys 0 00:00:00  -  Total Local Usage
	0  -  Run Bytes Sent By Job
	0  -  Run Bytes Received By Job
	0  -  Total Bytes Sent By Job
	0  -  Total Bytes Received By Job
...
005 (221.000.000) 09/23 22:27:38 Job terminated.
	(1) Normal termination (return value 0)
		Usr 0 00:00:00, Sys 0 00:00:00  -  Run Remote Usage
		Usr 0 00:00:00, Sys 0 00:00:00  -  Run Local Usage
		Usr 0 00:00:00, Sys 0 00:00:00  -  Total Remote Usage
		Usr 0 00:00:00, Sys 0 00:00:00  -  Total Local Usage
	0  -  Run Bytes Sent By Job
	0  -  Run Bytes Received By Job
	0  -  Total Bytes Sent By Job
	0  -  Total Bytes Received By Job
...
005 (224.000.000) 09/23 22:27:38 Job terminated.
	(1) Normal termination (return value 0)
		Usr 0 00:00:00, Sys 0 00:00:00  -  Run Remote Usage
		Usr 0 00:00:00, Sys 0 00:00:00  -  Run Local Usage
		Usr 0 00:00:00, Sys 0 00:00:00  -  Total Remote Usage
		Usr 0 00:00:00, Sys 0 00:00:00  -  Total Local Usage
	0  -  Run Bytes Sent By Job
	0  -  Run Bytes Received By Job
	0  -  Total Bytes Sent By Job
	0  -  Total Bytes Received By Job
...
005 (223.000.000) 09/23 22:27:41 Job terminated.
	(1) Normal termination (return value 0)
		Usr 0 00:00:00, Sys 0 00:00:00  -  Run Remote Usage
		Usr 0 00:00:00, Sys 0 00:00:00  -  Run Local Usage
		Usr 0 00:00:00, Sys 0 00:00:00  -  Total Remote Usage
		Usr 0 00:00:00, Sys 0 00:00:00  -  Total Local Usage
	0  -  Run Bytes Sent By Job
	0  -  Run Bytes Received By Job
	0  -  Total Bytes Sent By Job
	0  -  Total Bytes Received By Job
...
016 (222.000.000) 09/23 22:27:43 POST Script terminated.
	(1) Normal termination (return value 0)
    DAG Node: stage_in_remote_local_0_0
...
016 (220.000.000) 09/23 22:27:44 POST Script terminated.
	(1) Normal termination (return value 0)
    DAG Node: stage_in_remote_local_2_0
...
016 (224.000.000) 09/23 22:27:44 POST Script terminated.
	(1) Normal termination (return value 0)
    DAG Node: stage_in_remote_local_3_0
...
016 (221.000.000) 09/23 22:27:44 POST Script terminated.
	(1) Normal termination (return value 0)
    DAG Node: stage_in_remote_local_1_0
...
016 (223.000.000) 09/23 22:27:44 POST Script terminated.
	(1) Normal termination (return value 0)
    DAG Node: stage_in_local_local_0_0
...
000 (226.000.000) 09/23 22:27:53 Job submitted from host: <127.0.0.1:9618?addrs=127.0.0.1-9618&noUDP&sock=271_7641_4>
    DAG Node: preprocess1_py_ID0000001
    pool:condorpool
...
001 (226.000.000) 09/23 22:28:01 Job executing on host: <127.0.0.1:9618?addrs=127.0.0.1-9618&noUDP&sock=271_7641_5>
...
005 (226.000.000) 09/23 22:28:04 Job terminated.
	(1) Normal termination (return value 0)
		Usr 0 00:00:00, Sys 0 00:00:00  -  Run Remote Usage
		Usr 0 00:00:00, Sys 0 00:00:00  -  Run Local Usage
		Usr 0 00:00:00, Sys 0 00:00:00  -  Total Remote Usage
		Usr 0 00:00:00, Sys 0 00:00:00  -  Total Local Usage
	345746  -  Run Bytes Sent By Job
	11128189  -  Run Bytes Received By Job
	345746  -  Total Bytes Sent By Job
	11128189  -  Total Bytes Received By Job
	Partitionable Resources :    Usage  Request Allocated 
	   Cpus                 :        0        1         1 
	   Disk (KB)            :    65214    12500   3204838 
	   Memory (MB)          :        0        1       991 
...
016 (226.000.000) 09/23 22:28:08 POST Script terminated.
	(1) Normal termination (return value 0)
    DAG Node: preprocess1_py_ID0000001
...
000 (227.000.000) 09/23 22:28:18 Job submitted from host: <127.0.0.1:9618?addrs=127.0.0.1-9618&noUDP&sock=271_7641_4>
    DAG Node: clean_up_local_level_3_0
    pool:local
...
000 (228.000.000) 09/23 22:28:18 Job submitted from host: <127.0.0.1:9618?addrs=127.0.0.1-9618&noUDP&sock=271_7641_4>
    DAG Node: stage_out_local_local_0_0
    pool:local
...
000 (229.000.000) 09/23 22:28:18 Job submitted from host: <127.0.0.1:9618?addrs=127.0.0.1-9618&noUDP&sock=271_7641_4>
    DAG Node: Augmentation_py_ID0000002
    pool:condorpool
...
001 (229.000.000) 09/23 22:28:20 Job executing on host: <127.0.0.1:9618?addrs=127.0.0.1-9618&noUDP&sock=271_7641_5>
...
001 (228.000.000) 09/23 22:28:22 Job executing on host: <127.0.0.1:9618?addrs=127.0.0.1-9618&noUDP&sock=10359_9a3e_200>
...
001 (227.000.000) 09/23 22:28:22 Job executing on host: <127.0.0.1:9618?addrs=127.0.0.1-9618&noUDP&sock=10359_9a3e_201>
...
005 (229.000.000) 09/23 22:28:23 Job terminated.
	(1) Normal termination (return value 0)
		Usr 0 00:00:01, Sys 0 00:00:00  -  Run Remote Usage
		Usr 0 00:00:00, Sys 0 00:00:00  -  Run Local Usage
		Usr 0 00:00:01, Sys 0 00:00:00  -  Total Remote Usage
		Usr 0 00:00:00, Sys 0 00:00:00  -  Total Local Usage
	809922  -  Run Bytes Sent By Job
	11132981  -  Run Bytes Received By Job
	809922  -  Total Bytes Sent By Job
	11132981  -  Total Bytes Received By Job
	Partitionable Resources :    Usage  Request Allocated 
	   Cpus                 :     0.29        1         1 
	   Disk (KB)            : 66200       12500   3204838 
	   Memory (MB)          :     0           1       991 
...
005 (228.000.000) 09/23 22:28:27 Job terminated.
	(1) Normal termination (return value 0)
		Usr 0 00:00:00, Sys 0 00:00:00  -  Run Remote Usage
		Usr 0 00:00:00, Sys 0 00:00:00  -  Run Local Usage
		Usr 0 00:00:00, Sys 0 00:00:00  -  Total Remote Usage
		Usr 0 00:00:00, Sys 0 00:00:00  -  Total Local Usage
	0  -  Run Bytes Sent By Job
	0  -  Run Bytes Received By Job
	0  -  Total Bytes Sent By Job
	0  -  Total Bytes Received By Job
...
016 (228.000.000) 09/23 22:28:28 POST Script terminated.
	(1) Normal termination (return value 0)
    DAG Node: stage_out_local_local_0_0
...
016 (229.000.000) 09/23 22:28:29 POST Script terminated.
	(1) Normal termination (return value 0)
    DAG Node: Augmentation_py_ID0000002
...
005 (227.000.000) 09/23 22:28:36 Job terminated.
	(1) Normal termination (return value 0)
		Usr 0 00:00:00, Sys 0 00:00:00  -  Run Remote Usage
		Usr 0 00:00:00, Sys 0 00:00:00  -  Run Local Usage
		Usr 0 00:00:00, Sys 0 00:00:00  -  Total Remote Usage
		Usr 0 00:00:00, Sys 0 00:00:00  -  Total Local Usage
	0  -  Run Bytes Sent By Job
	0  -  Run Bytes Received By Job
	0  -  Total Bytes Sent By Job
	0  -  Total Bytes Received By Job
...
000 (230.000.000) 09/23 22:28:38 Job submitted from host: <127.0.0.1:9618?addrs=127.0.0.1-9618&noUDP&sock=271_7641_4>
    DAG Node: clean_up_local_level_4_0
    pool:local
...
001 (230.000.000) 09/23 22:28:38 Job executing on host: <127.0.0.1:9618?addrs=127.0.0.1-9618&noUDP&sock=10359_9a3e_202>
...
000 (231.000.000) 09/23 22:28:38 Job submitted from host: <127.0.0.1:9618?addrs=127.0.0.1-9618&noUDP&sock=271_7641_4>
    DAG Node: stage_out_local_local_1_0
    pool:local
...
000 (232.000.000) 09/23 22:28:38 Job submitted from host: <127.0.0.1:9618?addrs=127.0.0.1-9618&noUDP&sock=271_7641_4>
    DAG Node: register_local_0_0
    pool:local
...
000 (233.000.000) 09/23 22:28:38 Job submitted from host: <127.0.0.1:9618?addrs=127.0.0.1-9618&noUDP&sock=271_7641_4>
    DAG Node: Data_Split_py_ID0000003
    pool:condorpool
...
016 (227.000.000) 09/23 22:28:38 POST Script terminated.
	(1) Normal termination (return value 0)
    DAG Node: clean_up_local_level_3_0
...
001 (232.000.000) 09/23 22:28:39 Job executing on host: <127.0.0.1:9618?addrs=127.0.0.1-9618&noUDP&sock=10359_9a3e_204>
...
001 (231.000.000) 09/23 22:28:39 Job executing on host: <127.0.0.1:9618?addrs=127.0.0.1-9618&noUDP&sock=10359_9a3e_205>
...
001 (233.000.000) 09/23 22:28:40 Job executing on host: <127.0.0.1:9618?addrs=127.0.0.1-9618&noUDP&sock=271_7641_5>
...
005 (232.000.000) 09/23 22:28:42 Job terminated.
	(1) Normal termination (return value 0)
		Usr 0 00:00:00, Sys 0 00:00:00  -  Run Remote Usage
		Usr 0 00:00:00, Sys 0 00:00:00  -  Run Local Usage
		Usr 0 00:00:00, Sys 0 00:00:00  -  Total Remote Usage
		Usr 0 00:00:00, Sys 0 00:00:00  -  Total Local Usage
	0  -  Run Bytes Sent By Job
	0  -  Run Bytes Received By Job
	0  -  Total Bytes Sent By Job
	0  -  Total Bytes Received By Job
...
005 (233.000.000) 09/23 22:28:43 Job terminated.
	(1) Normal termination (return value 0)
		Usr 0 00:00:00, Sys 0 00:00:00  -  Run Remote Usage
		Usr 0 00:00:00, Sys 0 00:00:00  -  Run Local Usage
		Usr 0 00:00:00, Sys 0 00:00:00  -  Total Remote Usage
		Usr 0 00:00:00, Sys 0 00:00:00  -  Total Local Usage
	18023  -  Run Bytes Sent By Job
	11590550  -  Run Bytes Received By Job
	18023  -  Total Bytes Sent By Job
	11590550  -  Total Bytes Received By Job
	Partitionable Resources :    Usage  Request Allocated 
	   Cpus                 :     0.46        1         1 
	   Disk (KB)            : 65354       12500   3204838 
	   Memory (MB)          :     0           1       991 
...
016 (232.000.000) 09/23 22:28:44 POST Script terminated.
	(1) Normal termination (return value 0)
    DAG Node: register_local_0_0
...
016 (233.000.000) 09/23 22:28:44 POST Script terminated.
	(1) Normal termination (return value 0)
    DAG Node: Data_Split_py_ID0000003
...
005 (231.000.000) 09/23 22:28:48 Job terminated.
	(1) Normal termination (return value 0)
		Usr 0 00:00:00, Sys 0 00:00:00  -  Run Remote Usage
		Usr 0 00:00:00, Sys 0 00:00:00  -  Run Local Usage
		Usr 0 00:00:00, Sys 0 00:00:00  -  Total Remote Usage
		Usr 0 00:00:00, Sys 0 00:00:00  -  Total Local Usage
	0  -  Run Bytes Sent By Job
	0  -  Run Bytes Received By Job
	0  -  Total Bytes Sent By Job
	0  -  Total Bytes Received By Job
...
000 (234.000.000) 09/23 22:28:53 Job submitted from host: <127.0.0.1:9618?addrs=127.0.0.1-9618&noUDP&sock=271_7641_4>
    DAG Node: stage_out_local_local_2_0
    pool:local
...
000 (235.000.000) 09/23 22:28:53 Job submitted from host: <127.0.0.1:9618?addrs=127.0.0.1-9618&noUDP&sock=271_7641_4>
    DAG Node: VGG_model_py_ID0000004
    pool:condorpool
...
016 (231.000.000) 09/23 22:28:53 POST Script terminated.
	(1) Normal termination (return value 0)
    DAG Node: stage_out_local_local_1_0
...
005 (230.000.000) 09/23 22:28:54 Job terminated.
	(1) Normal termination (return value 0)
		Usr 0 00:00:00, Sys 0 00:00:00  -  Run Remote Usage
		Usr 0 00:00:00, Sys 0 00:00:00  -  Run Local Usage
		Usr 0 00:00:00, Sys 0 00:00:00  -  Total Remote Usage
		Usr 0 00:00:00, Sys 0 00:00:00  -  Total Local Usage
	0  -  Run Bytes Sent By Job
	0  -  Run Bytes Received By Job
	0  -  Total Bytes Sent By Job
	0  -  Total Bytes Received By Job
...
001 (234.000.000) 09/23 22:28:54 Job executing on host: <127.0.0.1:9618?addrs=127.0.0.1-9618&noUDP&sock=10359_9a3e_207>
...
001 (235.000.000) 09/23 22:28:54 Job executing on host: <127.0.0.1:9618?addrs=127.0.0.1-9618&noUDP&sock=271_7641_5>
...
005 (234.000.000) 09/23 22:28:58 Job terminated.
	(1) Normal termination (return value 0)
		Usr 0 00:00:00, Sys 0 00:00:00  -  Run Remote Usage
		Usr 0 00:00:00, Sys 0 00:00:00  -  Run Local Usage
		Usr 0 00:00:00, Sys 0 00:00:00  -  Total Remote Usage
		Usr 0 00:00:00, Sys 0 00:00:00  -  Total Local Usage
	0  -  Run Bytes Sent By Job
	0  -  Run Bytes Received By Job
	0  -  Total Bytes Sent By Job
	0  -  Total Bytes Received By Job
...
016 (230.000.000) 09/23 22:28:58 POST Script terminated.
	(1) Normal termination (return value 0)
    DAG Node: clean_up_local_level_4_0
...
000 (236.000.000) 09/23 22:29:03 Job submitted from host: <127.0.0.1:9618?addrs=127.0.0.1-9618&noUDP&sock=271_7641_4>
    DAG Node: clean_up_local_level_5_0
    pool:local
...
000 (237.000.000) 09/23 22:29:03 Job submitted from host: <127.0.0.1:9618?addrs=127.0.0.1-9618&noUDP&sock=271_7641_4>
    DAG Node: register_local_1_0
    pool:local
...
016 (234.000.000) 09/23 22:29:04 POST Script terminated.
	(1) Normal termination (return value 0)
    DAG Node: stage_out_local_local_2_0
...
001 (237.000.000) 09/23 22:29:06 Job executing on host: <127.0.0.1:9618?addrs=127.0.0.1-9618&noUDP&sock=10359_9a3e_208>
...
001 (236.000.000) 09/23 22:29:06 Job executing on host: <127.0.0.1:9618?addrs=127.0.0.1-9618&noUDP&sock=10359_9a3e_209>
...
005 (237.000.000) 09/23 22:29:08 Job terminated.
	(1) Normal termination (return value 0)
		Usr 0 00:00:00, Sys 0 00:00:00  -  Run Remote Usage
		Usr 0 00:00:00, Sys 0 00:00:00  -  Run Local Usage
		Usr 0 00:00:00, Sys 0 00:00:00  -  Total Remote Usage
		Usr 0 00:00:00, Sys 0 00:00:00  -  Total Local Usage
	0  -  Run Bytes Sent By Job
	0  -  Run Bytes Received By Job
	0  -  Total Bytes Sent By Job
	0  -  Total Bytes Received By Job
...
016 (237.000.000) 09/23 22:29:13 POST Script terminated.
	(1) Normal termination (return value 0)
    DAG Node: register_local_1_0
...
005 (236.000.000) 09/23 22:29:14 Job terminated.
	(1) Normal termination (return value 0)
		Usr 0 00:00:00, Sys 0 00:00:00  -  Run Remote Usage
		Usr 0 00:00:00, Sys 0 00:00:00  -  Run Local Usage
		Usr 0 00:00:00, Sys 0 00:00:00  -  Total Remote Usage
		Usr 0 00:00:00, Sys 0 00:00:00  -  Total Local Usage
	0  -  Run Bytes Sent By Job
	0  -  Run Bytes Received By Job
	0  -  Total Bytes Sent By Job
	0  -  Total Bytes Received By Job
...
000 (238.000.000) 09/23 22:29:18 Job submitted from host: <127.0.0.1:9618?addrs=127.0.0.1-9618&noUDP&sock=271_7641_4>
    DAG Node: register_local_2_0
    pool:local
...
016 (236.000.000) 09/23 22:29:18 POST Script terminated.
	(1) Normal termination (return value 0)
    DAG Node: clean_up_local_level_5_0
...
001 (238.000.000) 09/23 22:29:21 Job executing on host: <127.0.0.1:9618?addrs=127.0.0.1-9618&noUDP&sock=10359_9a3e_210>
...
005 (238.000.000) 09/23 22:29:23 Job terminated.
	(1) Normal termination (return value 0)
		Usr 0 00:00:00, Sys 0 00:00:00  -  Run Remote Usage
		Usr 0 00:00:00, Sys 0 00:00:00  -  Run Local Usage
		Usr 0 00:00:00, Sys 0 00:00:00  -  Total Remote Usage
		Usr 0 00:00:00, Sys 0 00:00:00  -  Total Local Usage
	0  -  Run Bytes Sent By Job
	0  -  Run Bytes Received By Job
	0  -  Total Bytes Sent By Job
	0  -  Total Bytes Received By Job
...
016 (238.000.000) 09/23 22:29:23 POST Script terminated.
	(1) Normal termination (return value 0)
    DAG Node: register_local_2_0
...
005 (235.000.000) 09/23 22:29:29 Job terminated.
	(1) Normal termination (return value 0)
		Usr 0 00:00:26, Sys 0 00:00:01  -  Run Remote Usage
		Usr 0 00:00:00, Sys 0 00:00:00  -  Run Local Usage
		Usr 0 00:00:26, Sys 0 00:00:01  -  Total Remote Usage
		Usr 0 00:00:00, Sys 0 00:00:00  -  Total Local Usage
	63175148  -  Run Bytes Sent By Job
	11587493  -  Run Bytes Received By Job
	63175148  -  Total Bytes Sent By Job
	11587493  -  Total Bytes Received By Job
	Partitionable Resources :     Usage  Request Allocated 
	   Cpus                 :      1.02        1         1 
	   Disk (KB)            : 127028       12500   3204838 
	   Memory (MB)          :    593           1       991 
...
016 (235.000.000) 09/23 22:29:34 POST Script terminated.
	(1) Normal termination (return value 0)
    DAG Node: VGG_model_py_ID0000004
...
000 (239.000.000) 09/23 22:29:43 Job submitted from host: <127.0.0.1:9618?addrs=127.0.0.1-9618&noUDP&sock=271_7641_4>
    DAG Node: clean_up_local_level_6_0
    pool:local
...
000 (240.000.000) 09/23 22:29:43 Job submitted from host: <127.0.0.1:9618?addrs=127.0.0.1-9618&noUDP&sock=271_7641_4>
    DAG Node: stage_out_local_local_3_0
    pool:local
...
001 (240.000.000) 09/23 22:29:47 Job executing on host: <127.0.0.1:9618?addrs=127.0.0.1-9618&noUDP&sock=10359_9a3e_211>
...
001 (239.000.000) 09/23 22:29:47 Job executing on host: <127.0.0.1:9618?addrs=127.0.0.1-9618&noUDP&sock=10359_9a3e_212>
...
005 (240.000.000) 09/23 22:29:50 Job terminated.
	(1) Normal termination (return value 0)
		Usr 0 00:00:00, Sys 0 00:00:00  -  Run Remote Usage
		Usr 0 00:00:00, Sys 0 00:00:00  -  Run Local Usage
		Usr 0 00:00:00, Sys 0 00:00:00  -  Total Remote Usage
		Usr 0 00:00:00, Sys 0 00:00:00  -  Total Local Usage
	0  -  Run Bytes Sent By Job
	0  -  Run Bytes Received By Job
	0  -  Total Bytes Sent By Job
	0  -  Total Bytes Received By Job
...
016 (240.000.000) 09/23 22:29:53 POST Script terminated.
	(1) Normal termination (return value 0)
    DAG Node: stage_out_local_local_3_0
...
005 (239.000.000) 09/23 22:30:03 Job terminated.
	(1) Normal termination (return value 0)
		Usr 0 00:00:00, Sys 0 00:00:00  -  Run Remote Usage
		Usr 0 00:00:00, Sys 0 00:00:00  -  Run Local Usage
		Usr 0 00:00:00, Sys 0 00:00:00  -  Total Remote Usage
		Usr 0 00:00:00, Sys 0 00:00:00  -  Total Local Usage
	0  -  Run Bytes Sent By Job
	0  -  Run Bytes Received By Job
	0  -  Total Bytes Sent By Job
	0  -  Total Bytes Received By Job
...
000 (241.000.000) 09/23 22:30:03 Job submitted from host: <127.0.0.1:9618?addrs=127.0.0.1-9618&noUDP&sock=271_7641_4>
    DAG Node: clean_up_local_level_7_0
    pool:local
...
001 (241.000.000) 09/23 22:30:03 Job executing on host: <127.0.0.1:9618?addrs=127.0.0.1-9618&noUDP&sock=10359_9a3e_213>
...
000 (242.000.000) 09/23 22:30:03 Job submitted from host: <127.0.0.1:9618?addrs=127.0.0.1-9618&noUDP&sock=271_7641_4>
    DAG Node: register_local_3_0
    pool:local
...
005 (241.000.000) 09/23 22:30:05 Job terminated.
	(1) Normal termination (return value 0)
		Usr 0 00:00:00, Sys 0 00:00:00  -  Run Remote Usage
		Usr 0 00:00:00, Sys 0 00:00:00  -  Run Local Usage
		Usr 0 00:00:00, Sys 0 00:00:00  -  Total Remote Usage
		Usr 0 00:00:00, Sys 0 00:00:00  -  Total Local Usage
	0  -  Run Bytes Sent By Job
	0  -  Run Bytes Received By Job
	0  -  Total Bytes Sent By Job
	0  -  Total Bytes Received By Job
...
001 (242.000.000) 09/23 22:30:05 Job executing on host: <127.0.0.1:9618?addrs=127.0.0.1-9618&noUDP&sock=10359_9a3e_214>
...
005 (242.000.000) 09/23 22:30:08 Job terminated.
	(1) Normal termination (return value 0)
		Usr 0 00:00:00, Sys 0 00:00:00  -  Run Remote Usage
		Usr 0 00:00:00, Sys 0 00:00:00  -  Run Local Usage
		Usr 0 00:00:00, Sys 0 00:00:00  -  Total Remote Usage
		Usr 0 00:00:00, Sys 0 00:00:00  -  Total Local Usage
	0  -  Run Bytes Sent By Job
	0  -  Run Bytes Received By Job
	0  -  Total Bytes Sent By Job
	0  -  Total Bytes Received By Job
...
016 (241.000.000) 09/23 22:30:08 POST Script terminated.
	(1) Normal termination (return value 0)
    DAG Node: clean_up_local_level_7_0
...
016 (239.000.000) 09/23 22:30:08 POST Script terminated.
	(1) Normal termination (return value 0)
    DAG Node: clean_up_local_level_6_0
...
016 (242.000.000) 09/23 22:30:08 POST Script terminated.
	(1) Normal termination (return value 0)
    DAG Node: register_local_3_0
...
000 (243.000.000) 09/23 22:30:19 Job submitted from host: <127.0.0.1:9618?addrs=127.0.0.1-9618&noUDP&sock=271_7641_4>
    DAG Node: cleanup_Cats_and_Dogs_0_local
    pool:local
...
001 (243.000.000) 09/23 22:30:23 Job executing on host: <127.0.0.1:9618?addrs=127.0.0.1-9618&noUDP&sock=10359_9a3e_215>
...
005 (243.000.000) 09/23 22:30:25 Job terminated.
	(1) Normal termination (return value 0)
		Usr 0 00:00:00, Sys 0 00:00:00  -  Run Remote Usage
		Usr 0 00:00:00, Sys 0 00:00:00  -  Run Local Usage
		Usr 0 00:00:00, Sys 0 00:00:00  -  Total Remote Usage
		Usr 0 00:00:00, Sys 0 00:00:00  -  Total Local Usage
	0  -  Run Bytes Sent By Job
	0  -  Run Bytes Received By Job
	0  -  Total Bytes Sent By Job
	0  -  Total Bytes Received By Job
...
016 (243.000.000) 09/23 22:30:29 POST Script terminated.
	(1) Normal termination (return value 0)
    DAG Node: cleanup_Cats_and_Dogs_0_local
...
