07/09/20 20:48:24 ******************************************************
07/09/20 20:48:24 ** condor_scheduniv_exec.1.0 (CONDOR_DAGMAN) STARTING UP
07/09/20 20:48:24 ** /usr/bin/condor_dagman
07/09/20 20:48:24 ** SubsystemInfo: name=DAGMAN type=DAGMAN(10) class=DAEMON(1)
07/09/20 20:48:24 ** Configuration: subsystem:DAGMAN local:<NONE> class:DAEMON
07/09/20 20:48:24 ** $CondorVersion: 8.8.9 May 06 2020 BuildID: 503068 PackageID: 8.8.9-1 $
07/09/20 20:48:24 ** $CondorPlatform: x86_64_CentOS7 $
07/09/20 20:48:24 ** PID = 635
07/09/20 20:48:24 ** Log last touched time unavailable (No such file or directory)
07/09/20 20:48:24 ******************************************************
07/09/20 20:48:24 Using config source: /etc/condor/condor_config
07/09/20 20:48:24 Using local config sources: 
07/09/20 20:48:24    /etc/condor/config.d/00-minicondor
07/09/20 20:48:24    /etc/condor/condor_config.local
07/09/20 20:48:24 config Macros = 81, Sorted = 81, StringBytes = 2236, TablesBytes = 2964
07/09/20 20:48:24 CLASSAD_CACHING is ENABLED
07/09/20 20:48:24 Daemon Log is logging: D_ALWAYS D_ERROR
07/09/20 20:48:24 DaemonCore: No command port requested.
07/09/20 20:48:24 DAGMAN_USE_STRICT setting: 1
07/09/20 20:48:24 DAGMAN_VERBOSITY setting: 3
07/09/20 20:48:24 DAGMAN_DEBUG_CACHE_SIZE setting: 5242880
07/09/20 20:48:24 DAGMAN_DEBUG_CACHE_ENABLE setting: False
07/09/20 20:48:24 DAGMAN_SUBMIT_DELAY setting: 0
07/09/20 20:48:24 DAGMAN_MAX_SUBMIT_ATTEMPTS setting: 6
07/09/20 20:48:24 DAGMAN_STARTUP_CYCLE_DETECT setting: False
07/09/20 20:48:24 DAGMAN_MAX_SUBMITS_PER_INTERVAL setting: 100
07/09/20 20:48:24 DAGMAN_AGGRESSIVE_SUBMIT setting: False
07/09/20 20:48:24 DAGMAN_USER_LOG_SCAN_INTERVAL setting: 5
07/09/20 20:48:24 DAGMAN_QUEUE_UPDATE_INTERVAL setting: 300
07/09/20 20:48:24 DAGMAN_DEFAULT_PRIORITY setting: 0
07/09/20 20:48:24 DAGMAN_SUPPRESS_NOTIFICATION setting: True
07/09/20 20:48:24 allow_events (DAGMAN_ALLOW_EVENTS) setting: 114
07/09/20 20:48:24 DAGMAN_RETRY_SUBMIT_FIRST setting: True
07/09/20 20:48:24 DAGMAN_RETRY_NODE_FIRST setting: False
07/09/20 20:48:24 DAGMAN_MAX_JOBS_IDLE setting: 1000
07/09/20 20:48:24 DAGMAN_MAX_JOBS_SUBMITTED setting: 0
07/09/20 20:48:24 DAGMAN_MAX_PRE_SCRIPTS setting: 20
07/09/20 20:48:24 DAGMAN_MAX_POST_SCRIPTS setting: 20
07/09/20 20:48:24 DAGMAN_MUNGE_NODE_NAMES setting: True
07/09/20 20:48:24 DAGMAN_PROHIBIT_MULTI_JOBS setting: False
07/09/20 20:48:24 DAGMAN_SUBMIT_DEPTH_FIRST setting: False
07/09/20 20:48:24 DAGMAN_ALWAYS_RUN_POST setting: False
07/09/20 20:48:24 DAGMAN_CONDOR_SUBMIT_EXE setting: /usr/bin/condor_submit
07/09/20 20:48:24 DAGMAN_USE_CONDOR_SUBMIT setting: True
07/09/20 20:48:24 DAGMAN_ABORT_DUPLICATES setting: True
07/09/20 20:48:24 DAGMAN_ABORT_ON_SCARY_SUBMIT setting: True
07/09/20 20:48:24 DAGMAN_PENDING_REPORT_INTERVAL setting: 600
07/09/20 20:48:24 DAGMAN_AUTO_RESCUE setting: True
07/09/20 20:48:24 DAGMAN_MAX_RESCUE_NUM setting: 100
07/09/20 20:48:24 DAGMAN_WRITE_PARTIAL_RESCUE setting: True
07/09/20 20:48:24 DAGMAN_DEFAULT_NODE_LOG setting: @(DAG_DIR)/@(DAG_FILE).nodes.log
07/09/20 20:48:24 DAGMAN_GENERATE_SUBDAG_SUBMITS setting: True
07/09/20 20:48:24 DAGMAN_MAX_JOB_HOLDS setting: 100
07/09/20 20:48:24 DAGMAN_HOLD_CLAIM_TIME setting: 20
07/09/20 20:48:24 ALL_DEBUG setting: 
07/09/20 20:48:24 DAGMAN_DEBUG setting: 
07/09/20 20:48:24 DAGMAN_SUPPRESS_JOB_LOGS setting: False
07/09/20 20:48:24 DAGMAN_REMOVE_NODE_JOBS setting: True
07/09/20 20:48:24 argv[0] == "condor_scheduniv_exec.1.0"
07/09/20 20:48:24 argv[1] == "-Lockfile"
07/09/20 20:48:24 argv[2] == "hello-world-0.dag.lock"
07/09/20 20:48:24 argv[3] == "-AutoRescue"
07/09/20 20:48:24 argv[4] == "1"
07/09/20 20:48:24 argv[5] == "-DoRescueFrom"
07/09/20 20:48:24 argv[6] == "0"
07/09/20 20:48:24 argv[7] == "-Dag"
07/09/20 20:48:24 argv[8] == "hello-world-0.dag"
07/09/20 20:48:24 argv[9] == "-MaxPost"
07/09/20 20:48:24 argv[10] == "20"
07/09/20 20:48:24 argv[11] == "-Suppress_notification"
07/09/20 20:48:24 argv[12] == "-CsdVersion"
07/09/20 20:48:24 argv[13] == "$CondorVersion: 8.8.9 May 06 2020 BuildID: 503068 PackageID: 8.8.9-1 $"
07/09/20 20:48:24 argv[14] == "-Dagman"
07/09/20 20:48:24 argv[15] == "/bin/condor_dagman"
07/09/20 20:48:24 Workflow batch-name: <hello-world-0.dag+1>
07/09/20 20:48:24 Workflow accounting_group: <>
07/09/20 20:48:24 Workflow accounting_group_user: <>
07/09/20 20:48:24 Warning: failed to get attribute DAGNodeName
07/09/20 20:48:24 DAGMAN_LOG_ON_NFS_IS_ERROR setting: False
07/09/20 20:48:24 Default node log file is: </home/scitech/shared-data/workflow/scitech/pegasus/hello-world/run0001/./hello-world-0.dag.nodes.log>
07/09/20 20:48:24 DAG Lockfile will be written to hello-world-0.dag.lock
07/09/20 20:48:24 DAG Input file is hello-world-0.dag
07/09/20 20:48:24 Parsing 1 dagfiles
07/09/20 20:48:24 Parsing hello-world-0.dag ...
07/09/20 20:48:24 Warning:  could not open Pegasus braindump file braindump.txt
07/09/20 20:48:24 Dag contains 8 total jobs
07/09/20 20:48:24 Sleeping for 3 seconds to ensure ProcessId uniqueness
07/09/20 20:48:27 Bootstrapping...
07/09/20 20:48:27 Number of pre-completed nodes: 0
07/09/20 20:48:27 MultiLogFiles: truncating log file /home/scitech/shared-data/workflow/scitech/pegasus/hello-world/run0001/./hello-world-0.dag.nodes.log
07/09/20 20:48:27 DAG status: 0 (DAG_STATUS_OK)
07/09/20 20:48:27 Of 8 nodes total:
07/09/20 20:48:27  Done     Pre   Queued    Post   Ready   Un-Ready   Failed
07/09/20 20:48:27   ===     ===      ===     ===     ===        ===      ===
07/09/20 20:48:27     0       0        0       0       1          7        0
07/09/20 20:48:27 0 job proc(s) currently held
07/09/20 20:48:27 DAGMan Runtime Statistics: [ EventCycleTimeSum = 0.0; EventCycleTimeCount = 0.0; SleepCycleTimeCount = 0.0; SubmitCycleTimeSum = 0.0; SubmitCycleTimeCount = 0.0; LogProcessCycleTimeSum = 0.0; SleepCycleTimeSum = 0.0; LogProcessCycleTimeCount = 0.0; ]
07/09/20 20:48:27 Registering condor_event_timer...
07/09/20 20:48:28 Submitting HTCondor Node create_dir_hello-world_0_local job(s)...
07/09/20 20:48:28 Adding a DAGMan workflow log /home/scitech/shared-data/workflow/scitech/pegasus/hello-world/run0001/./hello-world-0.dag.nodes.log
07/09/20 20:48:28 Masking the events recorded in the DAGMAN workflow log
07/09/20 20:48:28 Mask for workflow log is 0,1,2,4,5,7,9,10,11,12,13,16,17,24,27,35,36
07/09/20 20:48:28 submitting: /usr/bin/condor_submit -a dag_node_name' '=' 'create_dir_hello-world_0_local -a +DAGManJobId' '=' '1 -a DAGManJobId' '=' '1 -batch-name hello-world-0.dag+1 -a submit_event_notes' '=' 'DAG' 'Node:' 'create_dir_hello-world_0_local -a dagman_log' '=' '/home/scitech/shared-data/workflow/scitech/pegasus/hello-world/run0001/./hello-world-0.dag.nodes.log -a +DAGManNodesMask' '=' '"0,1,2,4,5,7,9,10,11,12,13,16,17,24,27,35,36" -a priority=800 -a +DAGNodeRetry' '=' '0 -a DAG_STATUS' '=' '0 -a FAILED_COUNT' '=' '0 -a +KeepClaimIdle' '=' '20 -a notification' '=' 'never -a +DAGParentNodeNames' '=' '"" 00/00/create_dir_hello-world_0_local.sub
07/09/20 20:48:28 From submit: Submitting job(s).
07/09/20 20:48:28 From submit: 1 job(s) submitted to cluster 2.
07/09/20 20:48:28 	assigned HTCondor ID (2.0.0)
07/09/20 20:48:28 Just submitted 1 job this cycle...
07/09/20 20:48:28 DAG status: 0 (DAG_STATUS_OK)
07/09/20 20:48:28 Of 8 nodes total:
07/09/20 20:48:28  Done     Pre   Queued    Post   Ready   Un-Ready   Failed
07/09/20 20:48:28   ===     ===      ===     ===     ===        ===      ===
07/09/20 20:48:28     0       0        1       0       0          7        0
07/09/20 20:48:28 0 job proc(s) currently held
07/09/20 20:48:28 DAGMan Runtime Statistics: [ EventCycleTimeCount = 0.0; EventCycleTimeSum = 0.0; LogProcessCycleTimeCount = 0.0; SleepCycleTimeSum = 0.0; LogProcessCycleTimeSum = 0.0; SubmitCycleTimeCount = 1.0; SubmitCycleTimeMax = 0.03332114219665527; SubmitCycleTimeMin = 0.03332114219665527; SubmitCycleTimeAvg = 0.03332114219665527; SubmitCycleTimeStd = 0.03332114219665527; SubmitCycleTimeSum = 0.03332114219665527; SleepCycleTimeCount = 0.0; ]
07/09/20 20:48:33 Currently monitoring 1 HTCondor log file(s)
07/09/20 20:48:33 Reassigning the id of job create_dir_hello-world_0_local from (2.0.0) to (2.0.0)
07/09/20 20:48:33 Event: ULOG_SUBMIT for HTCondor Node create_dir_hello-world_0_local (2.0.0) {07/09/20 20:48:28}
07/09/20 20:48:33 Number of idle job procs: 1
07/09/20 20:48:33 Event: ULOG_EXECUTE for HTCondor Node create_dir_hello-world_0_local (2.0.0) {07/09/20 20:48:29}
07/09/20 20:48:33 Number of idle job procs: 0
07/09/20 20:48:33 Event: ULOG_JOB_TERMINATED for HTCondor Node create_dir_hello-world_0_local (2.0.0) {07/09/20 20:48:32}
07/09/20 20:48:33 Number of idle job procs: 0
07/09/20 20:48:33 Node create_dir_hello-world_0_local job proc (2.0.0) completed successfully.
07/09/20 20:48:33 Node create_dir_hello-world_0_local job completed
07/09/20 20:48:33 Running POST script of Node create_dir_hello-world_0_local...
07/09/20 20:48:33 Warning: mysin has length 0 (ignore if produced by DAGMan; see gittrac #4987, #5031)
07/09/20 20:48:33 DAG status: 0 (DAG_STATUS_OK)
07/09/20 20:48:33 Of 8 nodes total:
07/09/20 20:48:33  Done     Pre   Queued    Post   Ready   Un-Ready   Failed
07/09/20 20:48:33   ===     ===      ===     ===     ===        ===      ===
07/09/20 20:48:33     0       0        0       1       0          7        0
07/09/20 20:48:33 0 job proc(s) currently held
07/09/20 20:48:33 DAGMan Runtime Statistics: [ EventCycleTimeStd = 0.03709506988525391; EventCycleTimeMax = 0.03709506988525391; SubmitCycleTimeMin = 0.0005710124969482422; SubmitCycleTimeAvg = 0.01694607734680176; SleepCycleTimeCount = 1.0; SubmitCycleTimeCount = 2.0; SubmitCycleTimeMax = 0.03332114219665527; SleepCycleTimeMin = 5.005692958831787; SubmitCycleTimeSum = 0.03389215469360352; LogProcessCycleTimeStd = 0.01416492462158203; SubmitCycleTimeStd = 0.02315783879540179; LogProcessCycleTimeAvg = 0.01416492462158203; EventCycleTimeMin = 0.03709506988525391; LogProcessCycleTimeMax = 0.01416492462158203; LogProcessCycleTimeMin = 0.01416492462158203; LogProcessCycleTimeSum = 0.01416492462158203; LogProcessCycleTimeCount = 1.0; EventCycleTimeSum = 0.03709506988525391; SleepCycleTimeSum = 5.005692958831787; SleepCycleTimeAvg = 5.005692958831787; SleepCycleTimeStd = 5.005692958831787; SleepCycleTimeMax = 5.005692958831787; EventCycleTimeCount = 1.0; EventCycleTimeAvg = 0.03709506988525391; ]
07/09/20 20:48:33 Initializing user log writer for /home/scitech/shared-data/workflow/scitech/pegasus/hello-world/run0001/./hello-world-0.dag.nodes.log, (2.0.0)
07/09/20 20:48:38 Currently monitoring 1 HTCondor log file(s)
07/09/20 20:48:38 Event: ULOG_POST_SCRIPT_TERMINATED for HTCondor Node create_dir_hello-world_0_local (2.0.0) {07/09/20 20:48:33}
07/09/20 20:48:38 POST Script of node create_dir_hello-world_0_local completed successfully.
07/09/20 20:48:38 DAG status: 0 (DAG_STATUS_OK)
07/09/20 20:48:38 Of 8 nodes total:
07/09/20 20:48:38  Done     Pre   Queued    Post   Ready   Un-Ready   Failed
07/09/20 20:48:38   ===     ===      ===     ===     ===        ===      ===
07/09/20 20:48:38     1       0        0       0       1          6        0
07/09/20 20:48:38 0 job proc(s) currently held
07/09/20 20:48:38 DAGMan Runtime Statistics: [ EventCycleTimeStd = 0.01219342044898973; EventCycleTimeMax = 0.03709506988525391; SubmitCycleTimeMin = 0.0005710124969482422; SubmitCycleTimeAvg = 0.0115350087483724; SleepCycleTimeCount = 2.0; SubmitCycleTimeCount = 3.0; SubmitCycleTimeMax = 0.03332114219665527; SleepCycleTimeMin = 5.005692958831787; SubmitCycleTimeSum = 0.03460502624511719; LogProcessCycleTimeStd = 0.004406537305510993; SubmitCycleTimeStd = 0.01886747834151753; LogProcessCycleTimeAvg = 0.01104903221130371; EventCycleTimeMin = 0.0198509693145752; LogProcessCycleTimeMax = 0.01416492462158203; LogProcessCycleTimeMin = 0.007933139801025391; LogProcessCycleTimeSum = 0.02209806442260742; LogProcessCycleTimeCount = 2.0; EventCycleTimeSum = 0.0569460391998291; SleepCycleTimeSum = 10.21813607215881; SleepCycleTimeAvg = 5.109068036079407; SleepCycleTimeStd = 0.14619443625495; SleepCycleTimeMax = 5.212443113327026; EventCycleTimeCount = 2.0; EventCycleTimeAvg = 0.02847301959991455; ]
07/09/20 20:48:43 Submitting HTCondor Node stage_in_local_local_0_0 job(s)...
07/09/20 20:48:43 Adding a DAGMan workflow log /home/scitech/shared-data/workflow/scitech/pegasus/hello-world/run0001/./hello-world-0.dag.nodes.log
07/09/20 20:48:43 Masking the events recorded in the DAGMAN workflow log
07/09/20 20:48:43 Mask for workflow log is 0,1,2,4,5,7,9,10,11,12,13,16,17,24,27,35,36
07/09/20 20:48:43 submitting: /usr/bin/condor_submit -a dag_node_name' '=' 'stage_in_local_local_0_0 -a +DAGManJobId' '=' '1 -a DAGManJobId' '=' '1 -batch-name hello-world-0.dag+1 -a submit_event_notes' '=' 'DAG' 'Node:' 'stage_in_local_local_0_0 -a dagman_log' '=' '/home/scitech/shared-data/workflow/scitech/pegasus/hello-world/run0001/./hello-world-0.dag.nodes.log -a +DAGManNodesMask' '=' '"0,1,2,4,5,7,9,10,11,12,13,16,17,24,27,35,36" -a priority=700 -a +DAGNodeRetry' '=' '0 -a DAG_STATUS' '=' '0 -a FAILED_COUNT' '=' '0 -a +KeepClaimIdle' '=' '20 -a notification' '=' 'never -a +DAGParentNodeNames' '=' '"create_dir_hello-world_0_local" 00/00/stage_in_local_local_0_0.sub
07/09/20 20:48:43 From submit: Submitting job(s).
07/09/20 20:48:43 From submit: 1 job(s) submitted to cluster 3.
07/09/20 20:48:43 	assigned HTCondor ID (3.0.0)
07/09/20 20:48:43 Just submitted 1 job this cycle...
07/09/20 20:48:43 DAG status: 0 (DAG_STATUS_OK)
07/09/20 20:48:43 Of 8 nodes total:
07/09/20 20:48:43  Done     Pre   Queued    Post   Ready   Un-Ready   Failed
07/09/20 20:48:43   ===     ===      ===     ===     ===        ===      ===
07/09/20 20:48:43     1       0        1       0       0          6        0
07/09/20 20:48:43 0 job proc(s) currently held
07/09/20 20:48:43 DAGMan Runtime Statistics: [ EventCycleTimeStd = 0.01024645683006865; EventCycleTimeMax = 0.03709506988525391; SubmitCycleTimeMin = 0.0005710124969482422; SubmitCycleTimeAvg = 0.01775121688842773; SleepCycleTimeCount = 3.0; SubmitCycleTimeCount = 4.0; SubmitCycleTimeMax = 0.03639984130859375; SleepCycleTimeMin = 5.005692958831787; SubmitCycleTimeSum = 0.07100486755371094; LogProcessCycleTimeStd = 0.004406537305510993; SubmitCycleTimeStd = 0.01979611411044391; LogProcessCycleTimeAvg = 0.01104903221130371; EventCycleTimeMin = 0.01888394355773926; LogProcessCycleTimeMax = 0.01416492462158203; LogProcessCycleTimeMin = 0.007933139801025391; LogProcessCycleTimeSum = 0.02209806442260742; LogProcessCycleTimeCount = 2.0; EventCycleTimeSum = 0.07582998275756836; SleepCycleTimeSum = 15.2262589931488; SleepCycleTimeAvg = 5.075419664382935; SleepCycleTimeStd = 0.1186720074382463; SleepCycleTimeMax = 5.212443113327026; EventCycleTimeCount = 3.0; EventCycleTimeAvg = 0.02527666091918945; ]
07/09/20 20:48:49 Currently monitoring 1 HTCondor log file(s)
07/09/20 20:48:49 Reassigning the id of job stage_in_local_local_0_0 from (3.0.0) to (3.0.0)
07/09/20 20:48:49 Event: ULOG_SUBMIT for HTCondor Node stage_in_local_local_0_0 (3.0.0) {07/09/20 20:48:43}
07/09/20 20:48:49 Number of idle job procs: 1
07/09/20 20:48:49 Event: ULOG_EXECUTE for HTCondor Node stage_in_local_local_0_0 (3.0.0) {07/09/20 20:48:46}
07/09/20 20:48:49 Number of idle job procs: 0
07/09/20 20:48:49 Event: ULOG_JOB_TERMINATED for HTCondor Node stage_in_local_local_0_0 (3.0.0) {07/09/20 20:48:48}
07/09/20 20:48:49 Number of idle job procs: 0
07/09/20 20:48:49 Node stage_in_local_local_0_0 job proc (3.0.0) completed successfully.
07/09/20 20:48:49 Node stage_in_local_local_0_0 job completed
07/09/20 20:48:49 Running POST script of Node stage_in_local_local_0_0...
07/09/20 20:48:49 Warning: mysin has length 0 (ignore if produced by DAGMan; see gittrac #4987, #5031)
07/09/20 20:48:49 DAG status: 0 (DAG_STATUS_OK)
07/09/20 20:48:49 Of 8 nodes total:
07/09/20 20:48:49  Done     Pre   Queued    Post   Ready   Un-Ready   Failed
07/09/20 20:48:49   ===     ===      ===     ===     ===        ===      ===
07/09/20 20:48:49     1       0        0       1       0          6        0
07/09/20 20:48:49 0 job proc(s) currently held
07/09/20 20:48:49 DAGMan Runtime Statistics: [ EventCycleTimeStd = 0.01144139568786406; EventCycleTimeMax = 0.04088592529296875; SubmitCycleTimeMin = 0.0005710124969482422; SubmitCycleTimeAvg = 0.01441240310668945; SleepCycleTimeCount = 4.0; SubmitCycleTimeCount = 5.0; SubmitCycleTimeMax = 0.03639984130859375; SleepCycleTimeMin = 5.005692958831787; SubmitCycleTimeSum = 0.07206201553344727; LogProcessCycleTimeStd = 0.004093728243348106; SubmitCycleTimeStd = 0.01869901034148371; LogProcessCycleTimeAvg = 0.01258198420206706; EventCycleTimeMin = 0.01888394355773926; LogProcessCycleTimeMax = 0.01564788818359375; LogProcessCycleTimeMin = 0.007933139801025391; LogProcessCycleTimeSum = 0.03774595260620117; LogProcessCycleTimeCount = 3.0; EventCycleTimeSum = 0.1167159080505371; SleepCycleTimeSum = 20.23267507553101; SleepCycleTimeAvg = 5.058168768882751; SleepCycleTimeStd = 0.1028546084618886; SleepCycleTimeMax = 5.212443113327026; EventCycleTimeCount = 4.0; EventCycleTimeAvg = 0.02917897701263428; ]
07/09/20 20:48:49 Initializing user log writer for /home/scitech/shared-data/workflow/scitech/pegasus/hello-world/run0001/./hello-world-0.dag.nodes.log, (3.0.0)
07/09/20 20:48:54 Currently monitoring 1 HTCondor log file(s)
07/09/20 20:48:54 Event: ULOG_POST_SCRIPT_TERMINATED for HTCondor Node stage_in_local_local_0_0 (3.0.0) {07/09/20 20:48:49}
07/09/20 20:48:54 POST Script of node stage_in_local_local_0_0 completed successfully.
07/09/20 20:48:54 DAG status: 0 (DAG_STATUS_OK)
07/09/20 20:48:54 Of 8 nodes total:
07/09/20 20:48:54  Done     Pre   Queued    Post   Ready   Un-Ready   Failed
07/09/20 20:48:54   ===     ===      ===     ===     ===        ===      ===
07/09/20 20:48:54     2       0        0       0       1          5        0
07/09/20 20:48:54 0 job proc(s) currently held
07/09/20 20:48:54 DAGMan Runtime Statistics: [ EventCycleTimeStd = 0.01038124462719119; EventCycleTimeMax = 0.04088592529296875; SubmitCycleTimeMin = 0.0005230903625488281; SubmitCycleTimeAvg = 0.01209751764933268; SleepCycleTimeCount = 5.0; SubmitCycleTimeCount = 6.0; SubmitCycleTimeMax = 0.03639984130859375; SleepCycleTimeMin = 5.005692958831787; SubmitCycleTimeSum = 0.07258510589599609; LogProcessCycleTimeStd = 0.005541934960150388; SubmitCycleTimeStd = 0.01765997050634069; LogProcessCycleTimeAvg = 0.01037174463272095; EventCycleTimeMin = 0.01888394355773926; LogProcessCycleTimeMax = 0.01564788818359375; LogProcessCycleTimeMin = 0.003741025924682617; LogProcessCycleTimeSum = 0.04148697853088379; LogProcessCycleTimeCount = 4.0; EventCycleTimeSum = 0.138969898223877; SleepCycleTimeSum = 25.43659400939941; SleepCycleTimeAvg = 5.087318801879883; SleepCycleTimeStd = 0.1103762881240925; SleepCycleTimeMax = 5.212443113327026; EventCycleTimeCount = 5.0; EventCycleTimeAvg = 0.02779397964477539; ]
07/09/20 20:48:59 Submitting HTCondor Node echo_ID0000001 job(s)...
07/09/20 20:48:59 Adding a DAGMan workflow log /home/scitech/shared-data/workflow/scitech/pegasus/hello-world/run0001/./hello-world-0.dag.nodes.log
07/09/20 20:48:59 Masking the events recorded in the DAGMAN workflow log
07/09/20 20:48:59 Mask for workflow log is 0,1,2,4,5,7,9,10,11,12,13,16,17,24,27,35,36
07/09/20 20:48:59 submitting: /usr/bin/condor_submit -a dag_node_name' '=' 'echo_ID0000001 -a +DAGManJobId' '=' '1 -a DAGManJobId' '=' '1 -batch-name hello-world-0.dag+1 -a submit_event_notes' '=' 'DAG' 'Node:' 'echo_ID0000001 -a dagman_log' '=' '/home/scitech/shared-data/workflow/scitech/pegasus/hello-world/run0001/./hello-world-0.dag.nodes.log -a +DAGManNodesMask' '=' '"0,1,2,4,5,7,9,10,11,12,13,16,17,24,27,35,36" -a priority=20 -a +DAGNodeRetry' '=' '0 -a DAG_STATUS' '=' '0 -a FAILED_COUNT' '=' '0 -a +KeepClaimIdle' '=' '20 -a notification' '=' 'never -a +DAGParentNodeNames' '=' '"stage_in_local_local_0_0" 00/00/echo_ID0000001.sub
07/09/20 20:48:59 From submit: Submitting job(s).
07/09/20 20:48:59 From submit: 1 job(s) submitted to cluster 4.
07/09/20 20:48:59 	assigned HTCondor ID (4.0.0)
07/09/20 20:48:59 Just submitted 1 job this cycle...
07/09/20 20:48:59 DAG status: 0 (DAG_STATUS_OK)
07/09/20 20:48:59 Of 8 nodes total:
07/09/20 20:48:59  Done     Pre   Queued    Post   Ready   Un-Ready   Failed
07/09/20 20:48:59   ===     ===      ===     ===     ===        ===      ===
07/09/20 20:48:59     2       0        1       0       0          5        0
07/09/20 20:48:59 0 job proc(s) currently held
07/09/20 20:48:59 DAGMan Runtime Statistics: [ EventCycleTimeStd = 0.01204771725347878; EventCycleTimeMax = 0.04088592529296875; SubmitCycleTimeMin = 0.0005230903625488281; SubmitCycleTimeAvg = 0.01602074078151158; SleepCycleTimeCount = 6.0; SubmitCycleTimeCount = 7.0; SubmitCycleTimeMax = 0.03956007957458496; SleepCycleTimeMin = 5.005692958831787; SubmitCycleTimeSum = 0.1121451854705811; LogProcessCycleTimeStd = 0.005541934960150388; SubmitCycleTimeStd = 0.01917386824434229; LogProcessCycleTimeAvg = 0.01037174463272095; EventCycleTimeMin = 0.008990049362182617; LogProcessCycleTimeMax = 0.01564788818359375; LogProcessCycleTimeMin = 0.003741025924682617; LogProcessCycleTimeSum = 0.04148697853088379; LogProcessCycleTimeCount = 4.0; EventCycleTimeSum = 0.1479599475860596; SleepCycleTimeSum = 30.44338512420654; SleepCycleTimeAvg = 5.073897520701091; SleepCycleTimeStd = 0.1040534704607293; SleepCycleTimeMax = 5.212443113327026; EventCycleTimeCount = 6.0; EventCycleTimeAvg = 0.02465999126434326; ]
07/09/20 20:49:04 Currently monitoring 1 HTCondor log file(s)
07/09/20 20:49:04 Reassigning the id of job echo_ID0000001 from (4.0.0) to (4.0.0)
07/09/20 20:49:04 Event: ULOG_SUBMIT for HTCondor Node echo_ID0000001 (4.0.0) {07/09/20 20:48:59}
07/09/20 20:49:04 Number of idle job procs: 1
07/09/20 20:49:09 Currently monitoring 1 HTCondor log file(s)
07/09/20 20:49:09 Event: ULOG_EXECUTE for HTCondor Node echo_ID0000001 (4.0.0) {07/09/20 20:49:05}
07/09/20 20:49:09 Number of idle job procs: 0
07/09/20 20:49:09 Event: ULOG_JOB_TERMINATED for HTCondor Node echo_ID0000001 (4.0.0) {07/09/20 20:49:06}
07/09/20 20:49:09 Number of idle job procs: 0
07/09/20 20:49:09 Node echo_ID0000001 job proc (4.0.0) completed successfully.
07/09/20 20:49:09 Node echo_ID0000001 job completed
07/09/20 20:49:09 Running POST script of Node echo_ID0000001...
07/09/20 20:49:09 Warning: mysin has length 0 (ignore if produced by DAGMan; see gittrac #4987, #5031)
07/09/20 20:49:09 DAG status: 0 (DAG_STATUS_OK)
07/09/20 20:49:09 Of 8 nodes total:
07/09/20 20:49:09  Done     Pre   Queued    Post   Ready   Un-Ready   Failed
07/09/20 20:49:09   ===     ===      ===     ===     ===        ===      ===
07/09/20 20:49:09     2       0        0       1       0          5        0
07/09/20 20:49:09 0 job proc(s) currently held
07/09/20 20:49:09 DAGMan Runtime Statistics: [ EventCycleTimeStd = 0.01508748045706193; EventCycleTimeMax = 0.04430103302001953; SubmitCycleTimeMin = 0.0002410411834716797; SubmitCycleTimeAvg = 0.0125830438401964; SleepCycleTimeCount = 8.0; SubmitCycleTimeCount = 9.0; SubmitCycleTimeMax = 0.03956007957458496; SleepCycleTimeMin = 5.005143880844116; SubmitCycleTimeSum = 0.1132473945617676; LogProcessCycleTimeStd = 0.00603638991444067; SubmitCycleTimeStd = 0.01795228073075177; LogProcessCycleTimeAvg = 0.009793480237325033; EventCycleTimeMin = 0.002691984176635742; LogProcessCycleTimeMax = 0.01564788818359375; LogProcessCycleTimeMin = 0.002078056335449219; LogProcessCycleTimeSum = 0.0587608814239502; LogProcessCycleTimeCount = 6.0; EventCycleTimeSum = 0.1949529647827148; SleepCycleTimeSum = 40.45606899261475; SleepCycleTimeAvg = 5.057008624076843; SleepCycleTimeStd = 0.09333819470748239; SleepCycleTimeMax = 5.212443113327026; EventCycleTimeCount = 8.0; EventCycleTimeAvg = 0.02436912059783936; ]
07/09/20 20:49:09 Initializing user log writer for /home/scitech/shared-data/workflow/scitech/pegasus/hello-world/run0001/./hello-world-0.dag.nodes.log, (4.0.0)
07/09/20 20:49:14 Currently monitoring 1 HTCondor log file(s)
07/09/20 20:49:14 Event: ULOG_POST_SCRIPT_TERMINATED for HTCondor Node echo_ID0000001 (4.0.0) {07/09/20 20:49:09}
07/09/20 20:49:14 POST Script of node echo_ID0000001 completed successfully.
07/09/20 20:49:14 DAG status: 0 (DAG_STATUS_OK)
07/09/20 20:49:14 Of 8 nodes total:
07/09/20 20:49:14  Done     Pre   Queued    Post   Ready   Un-Ready   Failed
07/09/20 20:49:14   ===     ===      ===     ===     ===        ===      ===
07/09/20 20:49:14     3       0        0       0       2          3        0
07/09/20 20:49:14 0 job proc(s) currently held
07/09/20 20:49:14 DAGMan Runtime Statistics: [ EventCycleTimeStd = 0.01415694452596119; EventCycleTimeMax = 0.04430103302001953; SubmitCycleTimeMin = 0.0002410411834716797; SubmitCycleTimeAvg = 0.0113558292388916; SleepCycleTimeCount = 9.0; SubmitCycleTimeCount = 10.0; SubmitCycleTimeMax = 0.03956007957458496; SleepCycleTimeMin = 5.005143880844116; SubmitCycleTimeSum = 0.113558292388916; LogProcessCycleTimeStd = 0.006075471885689794; SubmitCycleTimeStd = 0.01736477941912813; LogProcessCycleTimeAvg = 0.008826426097324916; EventCycleTimeMin = 0.002691984176635742; LogProcessCycleTimeMax = 0.01564788818359375; LogProcessCycleTimeMin = 0.002078056335449219; LogProcessCycleTimeSum = 0.06178498268127441; LogProcessCycleTimeCount = 7.0; EventCycleTimeSum = 0.215980052947998; SleepCycleTimeSum = 45.66456985473633; SleepCycleTimeAvg = 5.073841094970703; SleepCycleTimeStd = 0.1008613154528492; SleepCycleTimeMax = 5.212443113327026; EventCycleTimeCount = 9.0; EventCycleTimeAvg = 0.02399778366088867; ]
07/09/20 20:49:19 Submitting HTCondor Node clean_up_local_level_3_0 job(s)...
07/09/20 20:49:19 Adding a DAGMan workflow log /home/scitech/shared-data/workflow/scitech/pegasus/hello-world/run0001/./hello-world-0.dag.nodes.log
07/09/20 20:49:19 Masking the events recorded in the DAGMAN workflow log
07/09/20 20:49:19 Mask for workflow log is 0,1,2,4,5,7,9,10,11,12,13,16,17,24,27,35,36
07/09/20 20:49:19 submitting: /usr/bin/condor_submit -a dag_node_name' '=' 'clean_up_local_level_3_0 -a +DAGManJobId' '=' '1 -a DAGManJobId' '=' '1 -batch-name hello-world-0.dag+1 -a submit_event_notes' '=' 'DAG' 'Node:' 'clean_up_local_level_3_0 -a dagman_log' '=' '/home/scitech/shared-data/workflow/scitech/pegasus/hello-world/run0001/./hello-world-0.dag.nodes.log -a +DAGManNodesMask' '=' '"0,1,2,4,5,7,9,10,11,12,13,16,17,24,27,35,36" -a priority=1000 -a +DAGNodeRetry' '=' '0 -a DAG_STATUS' '=' '0 -a FAILED_COUNT' '=' '0 -a +KeepClaimIdle' '=' '20 -a notification' '=' 'never -a +DAGParentNodeNames' '=' '"echo_ID0000001" 00/00/clean_up_local_level_3_0.sub
07/09/20 20:49:19 From submit: Submitting job(s).
07/09/20 20:49:19 From submit: 1 job(s) submitted to cluster 5.
07/09/20 20:49:19 	assigned HTCondor ID (5.0.0)
07/09/20 20:49:19 Submitting HTCondor Node stage_out_local_local_0_0 job(s)...
07/09/20 20:49:19 Adding a DAGMan workflow log /home/scitech/shared-data/workflow/scitech/pegasus/hello-world/run0001/./hello-world-0.dag.nodes.log
07/09/20 20:49:19 Masking the events recorded in the DAGMAN workflow log
07/09/20 20:49:19 Mask for workflow log is 0,1,2,4,5,7,9,10,11,12,13,16,17,24,27,35,36
07/09/20 20:49:19 submitting: /usr/bin/condor_submit -a dag_node_name' '=' 'stage_out_local_local_0_0 -a +DAGManJobId' '=' '1 -a DAGManJobId' '=' '1 -batch-name hello-world-0.dag+1 -a submit_event_notes' '=' 'DAG' 'Node:' 'stage_out_local_local_0_0 -a dagman_log' '=' '/home/scitech/shared-data/workflow/scitech/pegasus/hello-world/run0001/./hello-world-0.dag.nodes.log -a +DAGManNodesMask' '=' '"0,1,2,4,5,7,9,10,11,12,13,16,17,24,27,35,36" -a priority=900 -a +DAGNodeRetry' '=' '0 -a DAG_STATUS' '=' '0 -a FAILED_COUNT' '=' '0 -a +KeepClaimIdle' '=' '20 -a notification' '=' 'never -a +DAGParentNodeNames' '=' '"echo_ID0000001" 00/00/stage_out_local_local_0_0.sub
07/09/20 20:49:19 From submit: Submitting job(s).
07/09/20 20:49:19 From submit: 1 job(s) submitted to cluster 6.
07/09/20 20:49:19 	assigned HTCondor ID (6.0.0)
07/09/20 20:49:19 Just submitted 2 jobs this cycle...
07/09/20 20:49:19 DAG status: 0 (DAG_STATUS_OK)
07/09/20 20:49:19 Of 8 nodes total:
07/09/20 20:49:19  Done     Pre   Queued    Post   Ready   Un-Ready   Failed
07/09/20 20:49:19   ===     ===      ===     ===     ===        ===      ===
07/09/20 20:49:19     3       0        2       0       0          3        0
07/09/20 20:49:19 0 job proc(s) currently held
07/09/20 20:49:19 DAGMan Runtime Statistics: [ EventCycleTimeStd = 0.01431208878962525; EventCycleTimeMax = 0.04430103302001953; SubmitCycleTimeMin = 0.0002410411834716797; SubmitCycleTimeAvg = 0.01504475420171564; SleepCycleTimeCount = 10.0; SubmitCycleTimeCount = 11.0; SubmitCycleTimeMax = 0.05193400382995605; SleepCycleTimeMin = 5.005143880844116; SubmitCycleTimeSum = 0.1654922962188721; LogProcessCycleTimeStd = 0.006075471885689794; SubmitCycleTimeStd = 0.02052003530801758; LogProcessCycleTimeAvg = 0.008826426097324916; EventCycleTimeMin = 0.002691984176635742; LogProcessCycleTimeMax = 0.01564788818359375; LogProcessCycleTimeMin = 0.002078056335449219; LogProcessCycleTimeSum = 0.06178498268127441; LogProcessCycleTimeCount = 7.0; EventCycleTimeSum = 0.223642110824585; SleepCycleTimeSum = 50.66995286941528; SleepCycleTimeAvg = 5.066995286941529; SleepCycleTimeStd = 0.09752600651479745; SleepCycleTimeMax = 5.212443113327026; EventCycleTimeCount = 10.0; EventCycleTimeAvg = 0.0223642110824585; ]
07/09/20 20:49:24 Currently monitoring 1 HTCondor log file(s)
07/09/20 20:49:24 Reassigning the id of job clean_up_local_level_3_0 from (5.0.0) to (5.0.0)
07/09/20 20:49:24 Event: ULOG_SUBMIT for HTCondor Node clean_up_local_level_3_0 (5.0.0) {07/09/20 20:49:19}
07/09/20 20:49:24 Number of idle job procs: 1
07/09/20 20:49:24 Reassigning the id of job stage_out_local_local_0_0 from (6.0.0) to (6.0.0)
07/09/20 20:49:24 Event: ULOG_SUBMIT for HTCondor Node stage_out_local_local_0_0 (6.0.0) {07/09/20 20:49:19}
07/09/20 20:49:24 Number of idle job procs: 2
07/09/20 20:49:24 Event: ULOG_EXECUTE for HTCondor Node clean_up_local_level_3_0 (5.0.0) {07/09/20 20:49:24}
07/09/20 20:49:24 Number of idle job procs: 1
07/09/20 20:49:24 Event: ULOG_EXECUTE for HTCondor Node stage_out_local_local_0_0 (6.0.0) {07/09/20 20:49:24}
07/09/20 20:49:24 Number of idle job procs: 0
07/09/20 20:49:29 Currently monitoring 1 HTCondor log file(s)
07/09/20 20:49:29 Event: ULOG_JOB_TERMINATED for HTCondor Node clean_up_local_level_3_0 (5.0.0) {07/09/20 20:49:26}
07/09/20 20:49:29 Number of idle job procs: 0
07/09/20 20:49:29 Node clean_up_local_level_3_0 job proc (5.0.0) completed successfully.
07/09/20 20:49:29 Node clean_up_local_level_3_0 job completed
07/09/20 20:49:29 Running POST script of Node clean_up_local_level_3_0...
07/09/20 20:49:29 Warning: mysin has length 0 (ignore if produced by DAGMan; see gittrac #4987, #5031)
07/09/20 20:49:29 Event: ULOG_JOB_TERMINATED for HTCondor Node stage_out_local_local_0_0 (6.0.0) {07/09/20 20:49:26}
07/09/20 20:49:29 Number of idle job procs: 0
07/09/20 20:49:29 Node stage_out_local_local_0_0 job proc (6.0.0) completed successfully.
07/09/20 20:49:29 Node stage_out_local_local_0_0 job completed
07/09/20 20:49:29 Running POST script of Node stage_out_local_local_0_0...
07/09/20 20:49:29 Warning: mysin has length 0 (ignore if produced by DAGMan; see gittrac #4987, #5031)
07/09/20 20:49:29 DAG status: 0 (DAG_STATUS_OK)
07/09/20 20:49:29 Of 8 nodes total:
07/09/20 20:49:29  Done     Pre   Queued    Post   Ready   Un-Ready   Failed
07/09/20 20:49:29   ===     ===      ===     ===     ===        ===      ===
07/09/20 20:49:29     3       0        0       2       0          3        0
07/09/20 20:49:29 0 job proc(s) currently held
07/09/20 20:49:29 DAGMan Runtime Statistics: [ EventCycleTimeStd = 0.01642488429653715; EventCycleTimeMax = 0.05482912063598633; SubmitCycleTimeMin = 0.0002410411834716797; SubmitCycleTimeAvg = 0.01281956525949331; SleepCycleTimeCount = 12.0; SubmitCycleTimeCount = 13.0; SubmitCycleTimeMax = 0.05193400382995605; SleepCycleTimeMin = 5.005143880844116; SubmitCycleTimeSum = 0.1666543483734131; LogProcessCycleTimeStd = 0.00641051693295104; SubmitCycleTimeStd = 0.01950388157233527; LogProcessCycleTimeAvg = 0.01018876499599881; EventCycleTimeMin = 0.002691984176635742; LogProcessCycleTimeMax = 0.0198979377746582; LogProcessCycleTimeMin = 0.002078056335449219; LogProcessCycleTimeSum = 0.09169888496398926; LogProcessCycleTimeCount = 9.0; EventCycleTimeSum = 0.2903351783752441; SleepCycleTimeSum = 60.69567680358887; SleepCycleTimeAvg = 5.057973066965739; SleepCycleTimeStd = 0.09073852615745419; SleepCycleTimeMax = 5.212443113327026; EventCycleTimeCount = 12.0; EventCycleTimeAvg = 0.02419459819793701; ]
07/09/20 20:49:29 Initializing user log writer for /home/scitech/shared-data/workflow/scitech/pegasus/hello-world/run0001/./hello-world-0.dag.nodes.log, (5.0.0)
07/09/20 20:49:29 Initializing user log writer for /home/scitech/shared-data/workflow/scitech/pegasus/hello-world/run0001/./hello-world-0.dag.nodes.log, (6.0.0)
07/09/20 20:49:34 Currently monitoring 1 HTCondor log file(s)
07/09/20 20:49:34 Event: ULOG_POST_SCRIPT_TERMINATED for HTCondor Node clean_up_local_level_3_0 (5.0.0) {07/09/20 20:49:29}
07/09/20 20:49:34 POST Script of node clean_up_local_level_3_0 completed successfully.
07/09/20 20:49:34 Event: ULOG_POST_SCRIPT_TERMINATED for HTCondor Node stage_out_local_local_0_0 (6.0.0) {07/09/20 20:49:29}
07/09/20 20:49:34 POST Script of node stage_out_local_local_0_0 completed successfully.
07/09/20 20:49:34 DAG status: 0 (DAG_STATUS_OK)
07/09/20 20:49:34 Of 8 nodes total:
07/09/20 20:49:34  Done     Pre   Queued    Post   Ready   Un-Ready   Failed
07/09/20 20:49:34   ===     ===      ===     ===     ===        ===      ===
07/09/20 20:49:34     5       0        0       0       2          1        0
07/09/20 20:49:34 0 job proc(s) currently held
07/09/20 20:49:34 DAGMan Runtime Statistics: [ EventCycleTimeStd = 0.01572760793960331; EventCycleTimeMax = 0.05482912063598633; SubmitCycleTimeMin = 0.0002410411834716797; SubmitCycleTimeAvg = 0.01197988646371024; SleepCycleTimeCount = 13.0; SubmitCycleTimeCount = 14.0; SubmitCycleTimeMax = 0.05193400382995605; SleepCycleTimeMin = 5.005143880844116; SubmitCycleTimeSum = 0.1677184104919434; LogProcessCycleTimeStd = 0.006208716388087989; SubmitCycleTimeStd = 0.01900027887250427; LogProcessCycleTimeAvg = 0.009739375114440918; EventCycleTimeMin = 0.002691984176635742; LogProcessCycleTimeMax = 0.0198979377746582; LogProcessCycleTimeMin = 0.002078056335449219; LogProcessCycleTimeSum = 0.09739375114440918; LogProcessCycleTimeCount = 10.0; EventCycleTimeSum = 0.3154292106628418; SleepCycleTimeSum = 65.9192419052124; SleepCycleTimeAvg = 5.070710915785569; SleepCycleTimeStd = 0.09826822013432118; SleepCycleTimeMax = 5.223565101623535; EventCycleTimeCount = 13.0; EventCycleTimeAvg = 0.02426378543560322; ]
07/09/20 20:49:39 Submitting HTCondor Node clean_up_local_level_4_0 job(s)...
07/09/20 20:49:39 Adding a DAGMan workflow log /home/scitech/shared-data/workflow/scitech/pegasus/hello-world/run0001/./hello-world-0.dag.nodes.log
07/09/20 20:49:39 Masking the events recorded in the DAGMAN workflow log
07/09/20 20:49:39 Mask for workflow log is 0,1,2,4,5,7,9,10,11,12,13,16,17,24,27,35,36
07/09/20 20:49:39 submitting: /usr/bin/condor_submit -a dag_node_name' '=' 'clean_up_local_level_4_0 -a +DAGManJobId' '=' '1 -a DAGManJobId' '=' '1 -batch-name hello-world-0.dag+1 -a submit_event_notes' '=' 'DAG' 'Node:' 'clean_up_local_level_4_0 -a dagman_log' '=' '/home/scitech/shared-data/workflow/scitech/pegasus/hello-world/run0001/./hello-world-0.dag.nodes.log -a +DAGManNodesMask' '=' '"0,1,2,4,5,7,9,10,11,12,13,16,17,24,27,35,36" -a priority=1000 -a +DAGNodeRetry' '=' '0 -a DAG_STATUS' '=' '0 -a FAILED_COUNT' '=' '0 -a +KeepClaimIdle' '=' '20 -a notification' '=' 'never -a +DAGParentNodeNames' '=' '"stage_out_local_local_0_0" 00/00/clean_up_local_level_4_0.sub
07/09/20 20:49:39 From submit: Submitting job(s).
07/09/20 20:49:39 From submit: 1 job(s) submitted to cluster 7.
07/09/20 20:49:39 	assigned HTCondor ID (7.0.0)
07/09/20 20:49:39 Submitting HTCondor Node register_local_0_0 job(s)...
07/09/20 20:49:39 Adding a DAGMan workflow log /home/scitech/shared-data/workflow/scitech/pegasus/hello-world/run0001/./hello-world-0.dag.nodes.log
07/09/20 20:49:39 Masking the events recorded in the DAGMAN workflow log
07/09/20 20:49:39 Mask for workflow log is 0,1,2,4,5,7,9,10,11,12,13,16,17,24,27,35,36
07/09/20 20:49:39 submitting: /usr/bin/condor_submit -a dag_node_name' '=' 'register_local_0_0 -a +DAGManJobId' '=' '1 -a DAGManJobId' '=' '1 -batch-name hello-world-0.dag+1 -a submit_event_notes' '=' 'DAG' 'Node:' 'register_local_0_0 -a dagman_log' '=' '/home/scitech/shared-data/workflow/scitech/pegasus/hello-world/run0001/./hello-world-0.dag.nodes.log -a +DAGManNodesMask' '=' '"0,1,2,4,5,7,9,10,11,12,13,16,17,24,27,35,36" -a priority=40 -a +DAGNodeRetry' '=' '0 -a DAG_STATUS' '=' '0 -a FAILED_COUNT' '=' '0 -a notification' '=' 'never -a +DAGParentNodeNames' '=' '"stage_out_local_local_0_0" 00/00/register_local_0_0.sub
07/09/20 20:49:39 From submit: Submitting job(s).
07/09/20 20:49:39 From submit: 1 job(s) submitted to cluster 8.
07/09/20 20:49:39 	assigned HTCondor ID (8.0.0)
07/09/20 20:49:39 Just submitted 2 jobs this cycle...
07/09/20 20:49:39 DAG status: 0 (DAG_STATUS_OK)
07/09/20 20:49:39 Of 8 nodes total:
07/09/20 20:49:39  Done     Pre   Queued    Post   Ready   Un-Ready   Failed
07/09/20 20:49:39   ===     ===      ===     ===     ===        ===      ===
07/09/20 20:49:39     5       0        2       0       0          1        0
07/09/20 20:49:39 0 job proc(s) currently held
07/09/20 20:49:39 DAGMan Runtime Statistics: [ EventCycleTimeStd = 0.0154771568147099; EventCycleTimeMax = 0.05482912063598633; SubmitCycleTimeMin = 0.0002410411834716797; SubmitCycleTimeAvg = 0.0159660816192627; SleepCycleTimeCount = 14.0; SubmitCycleTimeCount = 15.0; SubmitCycleTimeMax = 0.07177281379699707; SleepCycleTimeMin = 5.005143880844116; SubmitCycleTimeSum = 0.2394912242889404; LogProcessCycleTimeStd = 0.006208716388087989; SubmitCycleTimeStd = 0.02394932991284425; LogProcessCycleTimeAvg = 0.009739375114440918; EventCycleTimeMin = 0.002691984176635742; LogProcessCycleTimeMax = 0.0198979377746582; LogProcessCycleTimeMin = 0.002078056335449219; LogProcessCycleTimeSum = 0.09739375114440918; LogProcessCycleTimeCount = 10.0; EventCycleTimeSum = 0.3271641731262207; SleepCycleTimeSum = 70.9246518611908; SleepCycleTimeAvg = 5.066046561513629; SleepCycleTimeStd = 0.09601255751254316; SleepCycleTimeMax = 5.223565101623535; EventCycleTimeCount = 14.0; EventCycleTimeAvg = 0.02336886950901576; ]
07/09/20 20:49:44 Currently monitoring 1 HTCondor log file(s)
07/09/20 20:49:44 Reassigning the id of job clean_up_local_level_4_0 from (7.0.0) to (7.0.0)
07/09/20 20:49:44 Event: ULOG_SUBMIT for HTCondor Node clean_up_local_level_4_0 (7.0.0) {07/09/20 20:49:39}
07/09/20 20:49:44 Number of idle job procs: 1
07/09/20 20:49:44 Reassigning the id of job register_local_0_0 from (8.0.0) to (8.0.0)
07/09/20 20:49:44 Event: ULOG_SUBMIT for HTCondor Node register_local_0_0 (8.0.0) {07/09/20 20:49:39}
07/09/20 20:49:44 Number of idle job procs: 2
07/09/20 20:49:44 Event: ULOG_EXECUTE for HTCondor Node register_local_0_0 (8.0.0) {07/09/20 20:49:41}
07/09/20 20:49:44 Number of idle job procs: 1
07/09/20 20:49:44 Event: ULOG_EXECUTE for HTCondor Node clean_up_local_level_4_0 (7.0.0) {07/09/20 20:49:41}
07/09/20 20:49:44 Number of idle job procs: 0
07/09/20 20:49:44 Event: ULOG_JOB_TERMINATED for HTCondor Node register_local_0_0 (8.0.0) {07/09/20 20:49:42}
07/09/20 20:49:44 Number of idle job procs: 0
07/09/20 20:49:45 Node register_local_0_0 job proc (8.0.0) completed successfully.
07/09/20 20:49:45 Node register_local_0_0 job completed
07/09/20 20:49:45 Running POST script of Node register_local_0_0...
07/09/20 20:49:45 Warning: mysin has length 0 (ignore if produced by DAGMan; see gittrac #4987, #5031)
07/09/20 20:49:45 Event: ULOG_JOB_TERMINATED for HTCondor Node clean_up_local_level_4_0 (7.0.0) {07/09/20 20:49:43}
07/09/20 20:49:45 Number of idle job procs: 0
07/09/20 20:49:45 Node clean_up_local_level_4_0 job proc (7.0.0) completed successfully.
07/09/20 20:49:45 Node clean_up_local_level_4_0 job completed
07/09/20 20:49:45 Running POST script of Node clean_up_local_level_4_0...
07/09/20 20:49:45 Warning: mysin has length 0 (ignore if produced by DAGMan; see gittrac #4987, #5031)
07/09/20 20:49:45 DAG status: 0 (DAG_STATUS_OK)
07/09/20 20:49:45 Of 8 nodes total:
07/09/20 20:49:45  Done     Pre   Queued    Post   Ready   Un-Ready   Failed
07/09/20 20:49:45   ===     ===      ===     ===     ===        ===      ===
07/09/20 20:49:45     5       0        0       2       0          1        0
07/09/20 20:49:45 0 job proc(s) currently held
07/09/20 20:49:45 DAGMan Runtime Statistics: [ EventCycleTimeStd = 0.02012516589089407; EventCycleTimeMax = 0.07570290565490723; SubmitCycleTimeMin = 0.0002410411834716797; SubmitCycleTimeAvg = 0.01498894393444061; SleepCycleTimeCount = 15.0; SubmitCycleTimeCount = 16.0; SubmitCycleTimeMax = 0.07177281379699707; SleepCycleTimeMin = 5.005143880844116; SubmitCycleTimeSum = 0.2398231029510498; LogProcessCycleTimeStd = 0.006760205662791245; SubmitCycleTimeStd = 0.02346506222601801; LogProcessCycleTimeAvg = 0.01073969494212757; EventCycleTimeMin = 0.002691984176635742; LogProcessCycleTimeMax = 0.02074289321899414; LogProcessCycleTimeMin = 0.002078056335449219; LogProcessCycleTimeSum = 0.1181366443634033; LogProcessCycleTimeCount = 11.0; EventCycleTimeSum = 0.4028670787811279; SleepCycleTimeSum = 75.9314329624176; SleepCycleTimeAvg = 5.062095530827841; SleepCycleTimeStd = 0.09377693164863971; SleepCycleTimeMax = 5.223565101623535; EventCycleTimeCount = 15.0; EventCycleTimeAvg = 0.0268578052520752; ]
07/09/20 20:49:45 Initializing user log writer for /home/scitech/shared-data/workflow/scitech/pegasus/hello-world/run0001/./hello-world-0.dag.nodes.log, (8.0.0)
07/09/20 20:49:45 Initializing user log writer for /home/scitech/shared-data/workflow/scitech/pegasus/hello-world/run0001/./hello-world-0.dag.nodes.log, (7.0.0)
07/09/20 20:49:50 Currently monitoring 1 HTCondor log file(s)
07/09/20 20:49:50 Event: ULOG_POST_SCRIPT_TERMINATED for HTCondor Node register_local_0_0 (8.0.0) {07/09/20 20:49:45}
07/09/20 20:49:50 POST Script of node register_local_0_0 completed successfully.
07/09/20 20:49:50 Event: ULOG_POST_SCRIPT_TERMINATED for HTCondor Node clean_up_local_level_4_0 (7.0.0) {07/09/20 20:49:45}
07/09/20 20:49:50 POST Script of node clean_up_local_level_4_0 completed successfully.
07/09/20 20:49:50 DAG status: 0 (DAG_STATUS_OK)
07/09/20 20:49:50 Of 8 nodes total:
07/09/20 20:49:50  Done     Pre   Queued    Post   Ready   Un-Ready   Failed
07/09/20 20:49:50   ===     ===      ===     ===     ===        ===      ===
07/09/20 20:49:50     7       0        0       0       1          0        0
07/09/20 20:49:50 0 job proc(s) currently held
07/09/20 20:49:50 DAGMan Runtime Statistics: [ EventCycleTimeStd = 0.01944730920138812; EventCycleTimeMax = 0.07570290565490723; SubmitCycleTimeMin = 0.0002410411834716797; SubmitCycleTimeAvg = 0.0141304240507238; SleepCycleTimeCount = 16.0; SubmitCycleTimeCount = 17.0; SubmitCycleTimeMax = 0.07177281379699707; SleepCycleTimeMin = 5.005143880844116; SubmitCycleTimeSum = 0.2402172088623047; LogProcessCycleTimeStd = 0.006796080221751454; SubmitCycleTimeStd = 0.0229940434098485; LogProcessCycleTimeAvg = 0.01011780897776286; EventCycleTimeMin = 0.002691984176635742; LogProcessCycleTimeMax = 0.02074289321899414; LogProcessCycleTimeMin = 0.002078056335449219; LogProcessCycleTimeSum = 0.1214137077331543; LogProcessCycleTimeCount = 12.0; EventCycleTimeSum = 0.428041934967041; SleepCycleTimeSum = 81.14487099647522; SleepCycleTimeAvg = 5.071554437279701; SleepCycleTimeStd = 0.09818031012232217; SleepCycleTimeMax = 5.223565101623535; EventCycleTimeCount = 16.0; EventCycleTimeAvg = 0.02675262093544006; ]
07/09/20 20:49:55 Submitting HTCondor Node cleanup_hello-world_0_local job(s)...
07/09/20 20:49:55 Adding a DAGMan workflow log /home/scitech/shared-data/workflow/scitech/pegasus/hello-world/run0001/./hello-world-0.dag.nodes.log
07/09/20 20:49:55 Masking the events recorded in the DAGMAN workflow log
07/09/20 20:49:55 Mask for workflow log is 0,1,2,4,5,7,9,10,11,12,13,16,17,24,27,35,36
07/09/20 20:49:55 submitting: /usr/bin/condor_submit -a dag_node_name' '=' 'cleanup_hello-world_0_local -a +DAGManJobId' '=' '1 -a DAGManJobId' '=' '1 -batch-name hello-world-0.dag+1 -a submit_event_notes' '=' 'DAG' 'Node:' 'cleanup_hello-world_0_local -a dagman_log' '=' '/home/scitech/shared-data/workflow/scitech/pegasus/hello-world/run0001/./hello-world-0.dag.nodes.log -a +DAGManNodesMask' '=' '"0,1,2,4,5,7,9,10,11,12,13,16,17,24,27,35,36" -a priority=1000 -a +DAGNodeRetry' '=' '0 -a DAG_STATUS' '=' '0 -a FAILED_COUNT' '=' '0 -a notification' '=' 'never -a +DAGParentNodeNames' '=' '"clean_up_local_level_3_0,clean_up_local_level_4_0" 00/00/cleanup_hello-world_0_local.sub
07/09/20 20:49:55 From submit: Submitting job(s).
07/09/20 20:49:55 From submit: 1 job(s) submitted to cluster 9.
07/09/20 20:49:55 	assigned HTCondor ID (9.0.0)
07/09/20 20:49:55 Just submitted 1 job this cycle...
07/09/20 20:49:55 DAG status: 0 (DAG_STATUS_OK)
07/09/20 20:49:55 Of 8 nodes total:
07/09/20 20:49:55  Done     Pre   Queued    Post   Ready   Un-Ready   Failed
07/09/20 20:49:55   ===     ===      ===     ===     ===        ===      ===
07/09/20 20:49:55     7       0        1       0       0          0        0
07/09/20 20:49:55 0 job proc(s) currently held
07/09/20 20:49:55 DAGMan Runtime Statistics: [ EventCycleTimeStd = 0.01945251417740379; EventCycleTimeMax = 0.07570290565490723; SubmitCycleTimeMin = 0.0002410411834716797; SubmitCycleTimeAvg = 0.01534967952304416; SleepCycleTimeCount = 17.0; SubmitCycleTimeCount = 18.0; SubmitCycleTimeMax = 0.07177281379699707; SleepCycleTimeMin = 5.005143880844116; SubmitCycleTimeSum = 0.2762942314147949; LogProcessCycleTimeStd = 0.006796080221751454; SubmitCycleTimeStd = 0.02289941072041657; LogProcessCycleTimeAvg = 0.01011780897776286; EventCycleTimeMin = 0.002691984176635742; LogProcessCycleTimeMax = 0.02074289321899414; LogProcessCycleTimeMin = 0.002078056335449219; LogProcessCycleTimeSum = 0.1214137077331543; LogProcessCycleTimeCount = 12.0; EventCycleTimeSum = 0.4346630573272705; SleepCycleTimeSum = 86.15010595321655; SleepCycleTimeAvg = 5.06765329136568; SleepCycleTimeStd = 0.09641387055426405; SleepCycleTimeMax = 5.223565101623535; EventCycleTimeCount = 17.0; EventCycleTimeAvg = 0.02556841513689826; ]
07/09/20 20:50:00 Currently monitoring 1 HTCondor log file(s)
07/09/20 20:50:00 Reassigning the id of job cleanup_hello-world_0_local from (9.0.0) to (9.0.0)
07/09/20 20:50:00 Event: ULOG_SUBMIT for HTCondor Node cleanup_hello-world_0_local (9.0.0) {07/09/20 20:49:55}
07/09/20 20:50:00 Number of idle job procs: 1
07/09/20 20:50:00 Event: ULOG_EXECUTE for HTCondor Node cleanup_hello-world_0_local (9.0.0) {07/09/20 20:49:57}
07/09/20 20:50:00 Number of idle job procs: 0
07/09/20 20:50:00 Event: ULOG_JOB_TERMINATED for HTCondor Node cleanup_hello-world_0_local (9.0.0) {07/09/20 20:49:59}
07/09/20 20:50:00 Number of idle job procs: 0
07/09/20 20:50:00 Node cleanup_hello-world_0_local job proc (9.0.0) completed successfully.
07/09/20 20:50:00 Node cleanup_hello-world_0_local job completed
07/09/20 20:50:00 Running POST script of Node cleanup_hello-world_0_local...
07/09/20 20:50:00 Warning: mysin has length 0 (ignore if produced by DAGMan; see gittrac #4987, #5031)
07/09/20 20:50:00 DAG status: 0 (DAG_STATUS_OK)
07/09/20 20:50:00 Of 8 nodes total:
07/09/20 20:50:00  Done     Pre   Queued    Post   Ready   Un-Ready   Failed
07/09/20 20:50:00   ===     ===      ===     ===     ===        ===      ===
07/09/20 20:50:00     7       0        0       1       0          0        0
07/09/20 20:50:00 0 job proc(s) currently held
07/09/20 20:50:00 DAGMan Runtime Statistics: [ EventCycleTimeStd = 0.0191633649520821; EventCycleTimeMax = 0.07570290565490723; SubmitCycleTimeMin = 0.0002410411834716797; SubmitCycleTimeAvg = 0.01459695163526033; SleepCycleTimeCount = 18.0; SubmitCycleTimeCount = 19.0; SubmitCycleTimeMax = 0.07177281379699707; SleepCycleTimeMin = 5.005143880844116; SubmitCycleTimeSum = 0.2773420810699463; LogProcessCycleTimeStd = 0.006846990909529786; SubmitCycleTimeStd = 0.02249479957704032; LogProcessCycleTimeAvg = 0.01070899229783278; EventCycleTimeMin = 0.002691984176635742; LogProcessCycleTimeMax = 0.02074289321899414; LogProcessCycleTimeMin = 0.002078056335449219; LogProcessCycleTimeSum = 0.1392168998718262; LogProcessCycleTimeCount = 13.0; EventCycleTimeSum = 0.4743621349334717; SleepCycleTimeSum = 91.15751194953918; SleepCycleTimeAvg = 5.064306219418843; SleepCycleTimeStd = 0.09460699995647774; SleepCycleTimeMax = 5.223565101623535; EventCycleTimeCount = 18.0; EventCycleTimeAvg = 0.02635345194074843; ]
07/09/20 20:50:00 Initializing user log writer for /home/scitech/shared-data/workflow/scitech/pegasus/hello-world/run0001/./hello-world-0.dag.nodes.log, (9.0.0)
07/09/20 20:50:05 Currently monitoring 1 HTCondor log file(s)
07/09/20 20:50:05 Event: ULOG_POST_SCRIPT_TERMINATED for HTCondor Node cleanup_hello-world_0_local (9.0.0) {07/09/20 20:50:00}
07/09/20 20:50:05 POST Script of node cleanup_hello-world_0_local completed successfully.
07/09/20 20:50:05 DAG status: 0 (DAG_STATUS_OK)
07/09/20 20:50:05 Of 8 nodes total:
07/09/20 20:50:05  Done     Pre   Queued    Post   Ready   Un-Ready   Failed
07/09/20 20:50:05   ===     ===      ===     ===     ===        ===      ===
07/09/20 20:50:05     8       0        0       0       0          0        0
07/09/20 20:50:05 0 job proc(s) currently held
07/09/20 20:50:05 DAGMan Runtime Statistics: [ EventCycleTimeStd = 0.01862700388033755; EventCycleTimeMax = 0.07570290565490723; SubmitCycleTimeMin = 0.0002410411834716797; SubmitCycleTimeAvg = 0.01391370296478272; SleepCycleTimeCount = 19.0; SubmitCycleTimeCount = 20.0; SubmitCycleTimeMax = 0.07177281379699707; SleepCycleTimeMin = 5.005143880844116; SubmitCycleTimeSum = 0.2782740592956543; LogProcessCycleTimeStd = 0.006687323531101417; SubmitCycleTimeStd = 0.02210701611369404; LogProcessCycleTimeAvg = 0.01038769313267299; EventCycleTimeMin = 0.002691984176635742; LogProcessCycleTimeMax = 0.02074289321899414; LogProcessCycleTimeMin = 0.002078056335449219; LogProcessCycleTimeSum = 0.1454277038574219; LogProcessCycleTimeCount = 14.0; EventCycleTimeSum = 0.4991281032562256; SleepCycleTimeSum = 96.37323999404907; SleepCycleTimeAvg = 5.072275789160478; SleepCycleTimeStd = 0.09828530968884711; SleepCycleTimeMax = 5.223565101623535; EventCycleTimeCount = 19.0; EventCycleTimeAvg = 0.02626990017138029; ]
07/09/20 20:50:05 All jobs Completed!
07/09/20 20:50:05 Note: 0 total job deferrals because of -MaxJobs limit (0)
07/09/20 20:50:05 Note: 0 total job deferrals because of -MaxIdle limit (1000)
07/09/20 20:50:05 Note: 0 total job deferrals because of node category throttles
07/09/20 20:50:05 Note: 0 total PRE script deferrals because of -MaxPre limit (20) or DEFER
07/09/20 20:50:05 Note: 0 total POST script deferrals because of -MaxPost limit (20) or DEFER
07/09/20 20:50:05 DAG status: 0 (DAG_STATUS_OK)
07/09/20 20:50:05 Of 8 nodes total:
07/09/20 20:50:05  Done     Pre   Queued    Post   Ready   Un-Ready   Failed
07/09/20 20:50:05   ===     ===      ===     ===     ===        ===      ===
07/09/20 20:50:05     8       0        0       0       0          0        0
07/09/20 20:50:05 0 job proc(s) currently held
07/09/20 20:50:05 DAGMan Runtime Statistics: [ EventCycleTimeStd = 0.01862700388033755; EventCycleTimeMax = 0.07570290565490723; SubmitCycleTimeMin = 0.0002410411834716797; SubmitCycleTimeAvg = 0.01391370296478272; SleepCycleTimeCount = 19.0; SubmitCycleTimeCount = 20.0; SubmitCycleTimeMax = 0.07177281379699707; SleepCycleTimeMin = 5.005143880844116; SubmitCycleTimeSum = 0.2782740592956543; LogProcessCycleTimeStd = 0.006687323531101417; SubmitCycleTimeStd = 0.02210701611369404; LogProcessCycleTimeAvg = 0.01038769313267299; EventCycleTimeMin = 0.002691984176635742; LogProcessCycleTimeMax = 0.02074289321899414; LogProcessCycleTimeMin = 0.002078056335449219; LogProcessCycleTimeSum = 0.1454277038574219; LogProcessCycleTimeCount = 14.0; EventCycleTimeSum = 0.4991281032562256; SleepCycleTimeSum = 96.37323999404907; SleepCycleTimeAvg = 5.072275789160478; SleepCycleTimeStd = 0.09828530968884711; SleepCycleTimeMax = 5.223565101623535; EventCycleTimeCount = 19.0; EventCycleTimeAvg = 0.02626990017138029; ]
07/09/20 20:50:05 Wrote metrics file hello-world-0.dag.metrics.
07/09/20 20:50:05 Reporting metrics to Pegasus metrics server(s); output is in hello-world-0.dag.metrics.out.
07/09/20 20:50:05 Running command </usr/libexec/condor/condor_dagman_metrics_reporter -f hello-world-0.dag.metrics -t 100>
07/09/20 20:50:05 Warning: mysin has length 0 (ignore if produced by DAGMan; see gittrac #4987, #5031)
07/09/20 20:50:05 DAGMan Runtime Statistics: [ EventCycleTimeStd = 0.01862700388033755; EventCycleTimeMax = 0.07570290565490723; SubmitCycleTimeMin = 0.0002410411834716797; SubmitCycleTimeAvg = 0.01391370296478272; SleepCycleTimeCount = 19.0; SubmitCycleTimeCount = 20.0; SubmitCycleTimeMax = 0.07177281379699707; SleepCycleTimeMin = 5.005143880844116; SubmitCycleTimeSum = 0.2782740592956543; LogProcessCycleTimeStd = 0.006687323531101417; SubmitCycleTimeStd = 0.02210701611369404; LogProcessCycleTimeAvg = 0.01038769313267299; EventCycleTimeMin = 0.002691984176635742; LogProcessCycleTimeMax = 0.02074289321899414; LogProcessCycleTimeMin = 0.002078056335449219; LogProcessCycleTimeSum = 0.1454277038574219; LogProcessCycleTimeCount = 14.0; EventCycleTimeSum = 0.4991281032562256; SleepCycleTimeSum = 96.37323999404907; SleepCycleTimeAvg = 5.072275789160478; SleepCycleTimeStd = 0.09828530968884711; SleepCycleTimeMax = 5.223565101623535; EventCycleTimeCount = 19.0; EventCycleTimeAvg = 0.02626990017138029; ]
07/09/20 20:50:05 **** condor_scheduniv_exec.1.0 (condor_DAGMAN) pid 635 EXITING WITH STATUS 0
