07/17/20 09:24:36 ******************************************************
07/17/20 09:24:36 ** condor_scheduniv_exec.1.0 (CONDOR_DAGMAN) STARTING UP
07/17/20 09:24:36 ** /usr/bin/condor_dagman
07/17/20 09:24:36 ** SubsystemInfo: name=DAGMAN type=DAGMAN(10) class=DAEMON(1)
07/17/20 09:24:36 ** Configuration: subsystem:DAGMAN local:<NONE> class:DAEMON
07/17/20 09:24:36 ** $CondorVersion: 8.8.9 May 06 2020 BuildID: 503068 PackageID: 8.8.9-1 $
07/17/20 09:24:36 ** $CondorPlatform: x86_64_CentOS7 $
07/17/20 09:24:36 ** PID = 659
07/17/20 09:24:36 ** Log last touched time unavailable (No such file or directory)
07/17/20 09:24:36 ******************************************************
07/17/20 09:24:36 Using config source: /etc/condor/condor_config
07/17/20 09:24:36 Using local config sources: 
07/17/20 09:24:36    /etc/condor/config.d/00-minicondor
07/17/20 09:24:36    /etc/condor/condor_config.local
07/17/20 09:24:36 config Macros = 81, Sorted = 81, StringBytes = 2234, TablesBytes = 2964
07/17/20 09:24:36 CLASSAD_CACHING is ENABLED
07/17/20 09:24:36 Daemon Log is logging: D_ALWAYS D_ERROR
07/17/20 09:24:36 DaemonCore: No command port requested.
07/17/20 09:24:36 DAGMAN_USE_STRICT setting: 1
07/17/20 09:24:36 DAGMAN_VERBOSITY setting: 3
07/17/20 09:24:36 DAGMAN_DEBUG_CACHE_SIZE setting: 5242880
07/17/20 09:24:36 DAGMAN_DEBUG_CACHE_ENABLE setting: False
07/17/20 09:24:36 DAGMAN_SUBMIT_DELAY setting: 0
07/17/20 09:24:36 DAGMAN_MAX_SUBMIT_ATTEMPTS setting: 6
07/17/20 09:24:36 DAGMAN_STARTUP_CYCLE_DETECT setting: False
07/17/20 09:24:36 DAGMAN_MAX_SUBMITS_PER_INTERVAL setting: 100
07/17/20 09:24:36 DAGMAN_AGGRESSIVE_SUBMIT setting: False
07/17/20 09:24:36 DAGMAN_USER_LOG_SCAN_INTERVAL setting: 5
07/17/20 09:24:36 DAGMAN_QUEUE_UPDATE_INTERVAL setting: 300
07/17/20 09:24:36 DAGMAN_DEFAULT_PRIORITY setting: 0
07/17/20 09:24:36 DAGMAN_SUPPRESS_NOTIFICATION setting: True
07/17/20 09:24:36 allow_events (DAGMAN_ALLOW_EVENTS) setting: 114
07/17/20 09:24:36 DAGMAN_RETRY_SUBMIT_FIRST setting: True
07/17/20 09:24:36 DAGMAN_RETRY_NODE_FIRST setting: False
07/17/20 09:24:36 DAGMAN_MAX_JOBS_IDLE setting: 1000
07/17/20 09:24:36 DAGMAN_MAX_JOBS_SUBMITTED setting: 0
07/17/20 09:24:36 DAGMAN_MAX_PRE_SCRIPTS setting: 20
07/17/20 09:24:36 DAGMAN_MAX_POST_SCRIPTS setting: 20
07/17/20 09:24:36 DAGMAN_MUNGE_NODE_NAMES setting: True
07/17/20 09:24:36 DAGMAN_PROHIBIT_MULTI_JOBS setting: False
07/17/20 09:24:36 DAGMAN_SUBMIT_DEPTH_FIRST setting: False
07/17/20 09:24:36 DAGMAN_ALWAYS_RUN_POST setting: False
07/17/20 09:24:36 DAGMAN_CONDOR_SUBMIT_EXE setting: /usr/bin/condor_submit
07/17/20 09:24:36 DAGMAN_USE_CONDOR_SUBMIT setting: True
07/17/20 09:24:36 DAGMAN_ABORT_DUPLICATES setting: True
07/17/20 09:24:36 DAGMAN_ABORT_ON_SCARY_SUBMIT setting: True
07/17/20 09:24:36 DAGMAN_PENDING_REPORT_INTERVAL setting: 600
07/17/20 09:24:36 DAGMAN_AUTO_RESCUE setting: True
07/17/20 09:24:36 DAGMAN_MAX_RESCUE_NUM setting: 100
07/17/20 09:24:36 DAGMAN_WRITE_PARTIAL_RESCUE setting: True
07/17/20 09:24:36 DAGMAN_DEFAULT_NODE_LOG setting: @(DAG_DIR)/@(DAG_FILE).nodes.log
07/17/20 09:24:36 DAGMAN_GENERATE_SUBDAG_SUBMITS setting: True
07/17/20 09:24:36 DAGMAN_MAX_JOB_HOLDS setting: 100
07/17/20 09:24:36 DAGMAN_HOLD_CLAIM_TIME setting: 20
07/17/20 09:24:36 ALL_DEBUG setting: 
07/17/20 09:24:36 DAGMAN_DEBUG setting: 
07/17/20 09:24:36 DAGMAN_SUPPRESS_JOB_LOGS setting: False
07/17/20 09:24:36 DAGMAN_REMOVE_NODE_JOBS setting: True
07/17/20 09:24:36 argv[0] == "condor_scheduniv_exec.1.0"
07/17/20 09:24:36 argv[1] == "-Lockfile"
07/17/20 09:24:36 argv[2] == "add_thumbs-0.dag.lock"
07/17/20 09:24:36 argv[3] == "-AutoRescue"
07/17/20 09:24:36 argv[4] == "1"
07/17/20 09:24:36 argv[5] == "-DoRescueFrom"
07/17/20 09:24:36 argv[6] == "0"
07/17/20 09:24:36 argv[7] == "-Dag"
07/17/20 09:24:36 argv[8] == "add_thumbs-0.dag"
07/17/20 09:24:36 argv[9] == "-MaxPost"
07/17/20 09:24:36 argv[10] == "20"
07/17/20 09:24:36 argv[11] == "-Suppress_notification"
07/17/20 09:24:36 argv[12] == "-CsdVersion"
07/17/20 09:24:36 argv[13] == "$CondorVersion: 8.8.9 May 06 2020 BuildID: 503068 PackageID: 8.8.9-1 $"
07/17/20 09:24:36 argv[14] == "-Dagman"
07/17/20 09:24:36 argv[15] == "/bin/condor_dagman"
07/17/20 09:24:36 Workflow batch-name: <add_thumbs-0.dag+1>
07/17/20 09:24:36 Workflow accounting_group: <>
07/17/20 09:24:36 Workflow accounting_group_user: <>
07/17/20 09:24:36 Warning: failed to get attribute DAGNodeName
07/17/20 09:24:36 DAGMAN_LOG_ON_NFS_IS_ERROR setting: False
07/17/20 09:24:36 Default node log file is: </home/scitech/shared-data/Workflow4/scitech/pegasus/add_thumbs/run0016/./add_thumbs-0.dag.nodes.log>
07/17/20 09:24:36 DAG Lockfile will be written to add_thumbs-0.dag.lock
07/17/20 09:24:36 DAG Input file is add_thumbs-0.dag
07/17/20 09:24:36 Parsing 1 dagfiles
07/17/20 09:24:36 Parsing add_thumbs-0.dag ...
07/17/20 09:24:36 Warning:  could not open Pegasus braindump file braindump.txt
07/17/20 09:24:36 Dag contains 8 total jobs
07/17/20 09:24:36 Sleeping for 3 seconds to ensure ProcessId uniqueness
07/17/20 09:24:39 Bootstrapping...
07/17/20 09:24:39 Number of pre-completed nodes: 0
07/17/20 09:24:39 MultiLogFiles: truncating log file /home/scitech/shared-data/Workflow4/scitech/pegasus/add_thumbs/run0016/./add_thumbs-0.dag.nodes.log
07/17/20 09:24:39 DAG status: 0 (DAG_STATUS_OK)
07/17/20 09:24:39 Of 8 nodes total:
07/17/20 09:24:39  Done     Pre   Queued    Post   Ready   Un-Ready   Failed
07/17/20 09:24:39   ===     ===      ===     ===     ===        ===      ===
07/17/20 09:24:39     0       0        0       0       1          7        0
07/17/20 09:24:39 0 job proc(s) currently held
07/17/20 09:24:39 DAGMan Runtime Statistics: [ EventCycleTimeSum = 0.0; EventCycleTimeCount = 0.0; SleepCycleTimeCount = 0.0; SubmitCycleTimeSum = 0.0; SubmitCycleTimeCount = 0.0; LogProcessCycleTimeSum = 0.0; SleepCycleTimeSum = 0.0; LogProcessCycleTimeCount = 0.0; ]
07/17/20 09:24:39 Registering condor_event_timer...
07/17/20 09:24:40 Submitting HTCondor Node create_dir_add_thumbs_0_local job(s)...
07/17/20 09:24:40 Adding a DAGMan workflow log /home/scitech/shared-data/Workflow4/scitech/pegasus/add_thumbs/run0016/./add_thumbs-0.dag.nodes.log
07/17/20 09:24:40 Masking the events recorded in the DAGMAN workflow log
07/17/20 09:24:40 Mask for workflow log is 0,1,2,4,5,7,9,10,11,12,13,16,17,24,27,35,36
07/17/20 09:24:40 submitting: /usr/bin/condor_submit -a dag_node_name' '=' 'create_dir_add_thumbs_0_local -a +DAGManJobId' '=' '1 -a DAGManJobId' '=' '1 -batch-name add_thumbs-0.dag+1 -a submit_event_notes' '=' 'DAG' 'Node:' 'create_dir_add_thumbs_0_local -a dagman_log' '=' '/home/scitech/shared-data/Workflow4/scitech/pegasus/add_thumbs/run0016/./add_thumbs-0.dag.nodes.log -a +DAGManNodesMask' '=' '"0,1,2,4,5,7,9,10,11,12,13,16,17,24,27,35,36" -a priority=800 -a +DAGNodeRetry' '=' '0 -a DAG_STATUS' '=' '0 -a FAILED_COUNT' '=' '0 -a +KeepClaimIdle' '=' '20 -a notification' '=' 'never -a +DAGParentNodeNames' '=' '"" 00/00/create_dir_add_thumbs_0_local.sub
07/17/20 09:24:40 From submit: Submitting job(s).
07/17/20 09:24:40 From submit: 1 job(s) submitted to cluster 2.
07/17/20 09:24:40 	assigned HTCondor ID (2.0.0)
07/17/20 09:24:40 Just submitted 1 job this cycle...
07/17/20 09:24:40 DAG status: 0 (DAG_STATUS_OK)
07/17/20 09:24:40 Of 8 nodes total:
07/17/20 09:24:40  Done     Pre   Queued    Post   Ready   Un-Ready   Failed
07/17/20 09:24:40   ===     ===      ===     ===     ===        ===      ===
07/17/20 09:24:40     0       0        1       0       0          7        0
07/17/20 09:24:40 0 job proc(s) currently held
07/17/20 09:24:40 DAGMan Runtime Statistics: [ EventCycleTimeCount = 0.0; EventCycleTimeSum = 0.0; LogProcessCycleTimeCount = 0.0; SleepCycleTimeSum = 0.0; LogProcessCycleTimeSum = 0.0; SubmitCycleTimeCount = 1.0; SubmitCycleTimeMax = 0.04778194427490234; SubmitCycleTimeMin = 0.04778194427490234; SubmitCycleTimeAvg = 0.04778194427490234; SubmitCycleTimeStd = 0.04778194427490234; SubmitCycleTimeSum = 0.04778194427490234; SleepCycleTimeCount = 0.0; ]
07/17/20 09:24:45 Currently monitoring 1 HTCondor log file(s)
07/17/20 09:24:45 Reassigning the id of job create_dir_add_thumbs_0_local from (2.0.0) to (2.0.0)
07/17/20 09:24:45 Event: ULOG_SUBMIT for HTCondor Node create_dir_add_thumbs_0_local (2.0.0) {07/17/20 09:24:40}
07/17/20 09:24:45 Number of idle job procs: 1
07/17/20 09:24:45 Event: ULOG_EXECUTE for HTCondor Node create_dir_add_thumbs_0_local (2.0.0) {07/17/20 09:24:41}
07/17/20 09:24:45 Number of idle job procs: 0
07/17/20 09:24:45 Event: ULOG_JOB_TERMINATED for HTCondor Node create_dir_add_thumbs_0_local (2.0.0) {07/17/20 09:24:43}
07/17/20 09:24:45 Number of idle job procs: 0
07/17/20 09:24:45 Node create_dir_add_thumbs_0_local job proc (2.0.0) completed successfully.
07/17/20 09:24:45 Node create_dir_add_thumbs_0_local job completed
07/17/20 09:24:45 Running POST script of Node create_dir_add_thumbs_0_local...
07/17/20 09:24:45 Warning: mysin has length 0 (ignore if produced by DAGMan; see gittrac #4987, #5031)
07/17/20 09:24:45 DAG status: 0 (DAG_STATUS_OK)
07/17/20 09:24:45 Of 8 nodes total:
07/17/20 09:24:45  Done     Pre   Queued    Post   Ready   Un-Ready   Failed
07/17/20 09:24:45   ===     ===      ===     ===     ===        ===      ===
07/17/20 09:24:45     0       0        0       1       0          7        0
07/17/20 09:24:45 0 job proc(s) currently held
07/17/20 09:24:45 DAGMan Runtime Statistics: [ EventCycleTimeStd = 0.05503606796264648; EventCycleTimeMax = 0.05503606796264648; SubmitCycleTimeMin = 0.0008349418640136719; SubmitCycleTimeAvg = 0.02430844306945801; SleepCycleTimeCount = 1.0; SubmitCycleTimeCount = 2.0; SubmitCycleTimeMax = 0.04778194427490234; SleepCycleTimeMin = 5.006350040435791; SubmitCycleTimeSum = 0.04861688613891602; LogProcessCycleTimeStd = 0.0220949649810791; SubmitCycleTimeStd = 0.03319654376112058; LogProcessCycleTimeAvg = 0.0220949649810791; EventCycleTimeMin = 0.05503606796264648; LogProcessCycleTimeMax = 0.0220949649810791; LogProcessCycleTimeMin = 0.0220949649810791; LogProcessCycleTimeSum = 0.0220949649810791; LogProcessCycleTimeCount = 1.0; EventCycleTimeSum = 0.05503606796264648; SleepCycleTimeSum = 5.006350040435791; SleepCycleTimeAvg = 5.006350040435791; SleepCycleTimeStd = 5.006350040435791; SleepCycleTimeMax = 5.006350040435791; EventCycleTimeCount = 1.0; EventCycleTimeAvg = 0.05503606796264648; ]
07/17/20 09:24:46 Initializing user log writer for /home/scitech/shared-data/Workflow4/scitech/pegasus/add_thumbs/run0016/./add_thumbs-0.dag.nodes.log, (2.0.0)
07/17/20 09:24:50 Currently monitoring 1 HTCondor log file(s)
07/17/20 09:24:50 Event: ULOG_POST_SCRIPT_TERMINATED for HTCondor Node create_dir_add_thumbs_0_local (2.0.0) {07/17/20 09:24:46}
07/17/20 09:24:50 POST Script of node create_dir_add_thumbs_0_local completed successfully.
07/17/20 09:24:50 DAG status: 0 (DAG_STATUS_OK)
07/17/20 09:24:50 Of 8 nodes total:
07/17/20 09:24:50  Done     Pre   Queued    Post   Ready   Un-Ready   Failed
07/17/20 09:24:50   ===     ===      ===     ===     ===        ===      ===
07/17/20 09:24:50     1       0        0       0       1          6        0
07/17/20 09:24:50 0 job proc(s) currently held
07/17/20 09:24:50 DAGMan Runtime Statistics: [ EventCycleTimeStd = 0.01740833430893967; EventCycleTimeMax = 0.05503606796264648; SubmitCycleTimeMin = 0.0005059242248535156; SubmitCycleTimeAvg = 0.01637427012125651; SleepCycleTimeCount = 2.0; SubmitCycleTimeCount = 3.0; SubmitCycleTimeMax = 0.04778194427490234; SleepCycleTimeMin = 4.218338012695312; SubmitCycleTimeSum = 0.04912281036376953; LogProcessCycleTimeStd = 0.01290957969888684; SubmitCycleTimeStd = 0.02720034117355725; LogProcessCycleTimeAvg = 0.01296651363372803; EventCycleTimeMin = 0.03041696548461914; LogProcessCycleTimeMax = 0.0220949649810791; LogProcessCycleTimeMin = 0.003838062286376953; LogProcessCycleTimeSum = 0.02593302726745605; LogProcessCycleTimeCount = 2.0; EventCycleTimeSum = 0.08545303344726562; SleepCycleTimeSum = 9.224688053131104; SleepCycleTimeAvg = 4.612344026565552; SleepCycleTimeStd = 0.5572086484718541; SleepCycleTimeMax = 5.006350040435791; EventCycleTimeCount = 2.0; EventCycleTimeAvg = 0.04272651672363281; ]
07/17/20 09:24:55 Submitting HTCondor Node stage_in_local_local_0_0 job(s)...
07/17/20 09:24:55 Adding a DAGMan workflow log /home/scitech/shared-data/Workflow4/scitech/pegasus/add_thumbs/run0016/./add_thumbs-0.dag.nodes.log
07/17/20 09:24:55 Masking the events recorded in the DAGMAN workflow log
07/17/20 09:24:55 Mask for workflow log is 0,1,2,4,5,7,9,10,11,12,13,16,17,24,27,35,36
07/17/20 09:24:55 submitting: /usr/bin/condor_submit -a dag_node_name' '=' 'stage_in_local_local_0_0 -a +DAGManJobId' '=' '1 -a DAGManJobId' '=' '1 -batch-name add_thumbs-0.dag+1 -a submit_event_notes' '=' 'DAG' 'Node:' 'stage_in_local_local_0_0 -a dagman_log' '=' '/home/scitech/shared-data/Workflow4/scitech/pegasus/add_thumbs/run0016/./add_thumbs-0.dag.nodes.log -a +DAGManNodesMask' '=' '"0,1,2,4,5,7,9,10,11,12,13,16,17,24,27,35,36" -a priority=700 -a +DAGNodeRetry' '=' '0 -a DAG_STATUS' '=' '0 -a FAILED_COUNT' '=' '0 -a +KeepClaimIdle' '=' '20 -a notification' '=' 'never -a +DAGParentNodeNames' '=' '"create_dir_add_thumbs_0_local" 00/00/stage_in_local_local_0_0.sub
07/17/20 09:24:55 From submit: Submitting job(s).
07/17/20 09:24:55 From submit: 1 job(s) submitted to cluster 3.
07/17/20 09:24:55 	assigned HTCondor ID (3.0.0)
07/17/20 09:24:55 Just submitted 1 job this cycle...
07/17/20 09:24:55 DAG status: 0 (DAG_STATUS_OK)
07/17/20 09:24:55 Of 8 nodes total:
07/17/20 09:24:55  Done     Pre   Queued    Post   Ready   Un-Ready   Failed
07/17/20 09:24:55   ===     ===      ===     ===     ===        ===      ===
07/17/20 09:24:55     1       0        1       0       0          6        0
07/17/20 09:24:55 0 job proc(s) currently held
07/17/20 09:24:55 DAGMan Runtime Statistics: [ EventCycleTimeStd = 0.02271054958213494; EventCycleTimeMax = 0.05503606796264648; SubmitCycleTimeMin = 0.0005059242248535156; SubmitCycleTimeAvg = 0.02516549825668335; SleepCycleTimeCount = 3.0; SubmitCycleTimeCount = 4.0; SubmitCycleTimeMax = 0.05153918266296387; SleepCycleTimeMin = 4.218338012695312; SubmitCycleTimeSum = 0.1006619930267334; LogProcessCycleTimeStd = 0.01290957969888684; SubmitCycleTimeStd = 0.02832634477811114; LogProcessCycleTimeAvg = 0.01296651363372803; EventCycleTimeMin = 0.009670019149780273; LogProcessCycleTimeMax = 0.0220949649810791; LogProcessCycleTimeMin = 0.003838062286376953; LogProcessCycleTimeSum = 0.02593302726745605; LogProcessCycleTimeCount = 2.0; EventCycleTimeSum = 0.0951230525970459; SleepCycleTimeSum = 14.23095011711121; SleepCycleTimeAvg = 4.743650039037068; SleepCycleTimeStd = 0.4549335618520885; SleepCycleTimeMax = 5.006350040435791; EventCycleTimeCount = 3.0; EventCycleTimeAvg = 0.0317076841990153; ]
07/17/20 09:25:00 Currently monitoring 1 HTCondor log file(s)
07/17/20 09:25:00 Reassigning the id of job stage_in_local_local_0_0 from (3.0.0) to (3.0.0)
07/17/20 09:25:00 Event: ULOG_SUBMIT for HTCondor Node stage_in_local_local_0_0 (3.0.0) {07/17/20 09:24:55}
07/17/20 09:25:00 Number of idle job procs: 1
07/17/20 09:25:00 Event: ULOG_EXECUTE for HTCondor Node stage_in_local_local_0_0 (3.0.0) {07/17/20 09:24:57}
07/17/20 09:25:00 Number of idle job procs: 0
07/17/20 09:25:30 Currently monitoring 1 HTCondor log file(s)
07/17/20 09:25:30 Event: ULOG_JOB_TERMINATED for HTCondor Node stage_in_local_local_0_0 (3.0.0) {07/17/20 09:25:27}
07/17/20 09:25:30 Number of idle job procs: 0
07/17/20 09:25:30 Node stage_in_local_local_0_0 job proc (3.0.0) completed successfully.
07/17/20 09:25:30 Node stage_in_local_local_0_0 job completed
07/17/20 09:25:30 Running POST script of Node stage_in_local_local_0_0...
07/17/20 09:25:30 Warning: mysin has length 0 (ignore if produced by DAGMan; see gittrac #4987, #5031)
07/17/20 09:25:30 DAG status: 0 (DAG_STATUS_OK)
07/17/20 09:25:30 Of 8 nodes total:
07/17/20 09:25:30  Done     Pre   Queued    Post   Ready   Un-Ready   Failed
07/17/20 09:25:30   ===     ===      ===     ===     ===        ===      ===
07/17/20 09:25:30     1       0        0       1       0          6        0
07/17/20 09:25:30 0 job proc(s) currently held
07/17/20 09:25:30 DAGMan Runtime Statistics: [ EventCycleTimeStd = 0.02284596728770026; EventCycleTimeMax = 0.05831694602966309; SubmitCycleTimeMin = 0.0002150535583496094; SubmitCycleTimeAvg = 0.009490381587635387; SleepCycleTimeCount = 10.0; SubmitCycleTimeCount = 11.0; SubmitCycleTimeMax = 0.05153918266296387; SleepCycleTimeMin = 4.218338012695312; SubmitCycleTimeSum = 0.1043941974639893; LogProcessCycleTimeStd = 0.007544302649243677; SubmitCycleTimeStd = 0.01988047474873638; LogProcessCycleTimeAvg = 0.01204049587249756; EventCycleTimeMin = 0.0005619525909423828; LogProcessCycleTimeMax = 0.0220949649810791; LogProcessCycleTimeMin = 0.003838062286376953; LogProcessCycleTimeSum = 0.04816198348999023; LogProcessCycleTimeCount = 4.0; EventCycleTimeSum = 0.171212911605835; SleepCycleTimeSum = 49.19445705413818; SleepCycleTimeAvg = 4.919445705413819; SleepCycleTimeStd = 0.246701032304727; SleepCycleTimeMax = 5.006350040435791; EventCycleTimeCount = 10.0; EventCycleTimeAvg = 0.01712129116058349; ]
07/17/20 09:25:30 Initializing user log writer for /home/scitech/shared-data/Workflow4/scitech/pegasus/add_thumbs/run0016/./add_thumbs-0.dag.nodes.log, (3.0.0)
07/17/20 09:25:35 Currently monitoring 1 HTCondor log file(s)
07/17/20 09:25:35 Event: ULOG_POST_SCRIPT_TERMINATED for HTCondor Node stage_in_local_local_0_0 (3.0.0) {07/17/20 09:25:30}
07/17/20 09:25:35 POST Script of node stage_in_local_local_0_0 completed successfully.
07/17/20 09:25:35 DAG status: 0 (DAG_STATUS_OK)
07/17/20 09:25:35 Of 8 nodes total:
07/17/20 09:25:35  Done     Pre   Queued    Post   Ready   Un-Ready   Failed
07/17/20 09:25:35   ===     ===      ===     ===     ===        ===      ===
07/17/20 09:25:35     2       0        0       0       1          5        0
07/17/20 09:25:35 0 job proc(s) currently held
07/17/20 09:25:35 DAGMan Runtime Statistics: [ EventCycleTimeStd = 0.02168188217350336; EventCycleTimeMax = 0.05831694602966309; SubmitCycleTimeMin = 0.0002150535583496094; SubmitCycleTimeAvg = 0.008767426013946533; SleepCycleTimeCount = 11.0; SubmitCycleTimeCount = 12.0; SubmitCycleTimeMax = 0.05153918266296387; SleepCycleTimeMin = 4.218338012695312; SubmitCycleTimeSum = 0.1052091121673584; LogProcessCycleTimeStd = 0.007165394574078073; SubmitCycleTimeStd = 0.01912001452755514; LogProcessCycleTimeAvg = 0.01072478294372559; EventCycleTimeMin = 0.0005619525909423828; LogProcessCycleTimeMax = 0.0220949649810791; LogProcessCycleTimeMin = 0.003838062286376953; LogProcessCycleTimeSum = 0.05362391471862793; LogProcessCycleTimeCount = 5.0; EventCycleTimeSum = 0.1903231143951416; SleepCycleTimeSum = 54.43178391456604; SleepCycleTimeAvg = 4.948343992233276; SleepCycleTimeStd = 0.2529060699119201; SleepCycleTimeMax = 5.237326860427856; EventCycleTimeCount = 11.0; EventCycleTimeAvg = 0.01730210130864923; ]
07/17/20 09:25:40 Submitting HTCondor Node Thumbs_up_ID0000001 job(s)...
07/17/20 09:25:40 Adding a DAGMan workflow log /home/scitech/shared-data/Workflow4/scitech/pegasus/add_thumbs/run0016/./add_thumbs-0.dag.nodes.log
07/17/20 09:25:40 Masking the events recorded in the DAGMAN workflow log
07/17/20 09:25:40 Mask for workflow log is 0,1,2,4,5,7,9,10,11,12,13,16,17,24,27,35,36
07/17/20 09:25:40 submitting: /usr/bin/condor_submit -a dag_node_name' '=' 'Thumbs_up_ID0000001 -a +DAGManJobId' '=' '1 -a DAGManJobId' '=' '1 -batch-name add_thumbs-0.dag+1 -a submit_event_notes' '=' 'DAG' 'Node:' 'Thumbs_up_ID0000001 -a dagman_log' '=' '/home/scitech/shared-data/Workflow4/scitech/pegasus/add_thumbs/run0016/./add_thumbs-0.dag.nodes.log -a +DAGManNodesMask' '=' '"0,1,2,4,5,7,9,10,11,12,13,16,17,24,27,35,36" -a priority=20 -a +DAGNodeRetry' '=' '0 -a DAG_STATUS' '=' '0 -a FAILED_COUNT' '=' '0 -a +KeepClaimIdle' '=' '20 -a notification' '=' 'never -a +DAGParentNodeNames' '=' '"stage_in_local_local_0_0" 00/00/Thumbs_up_ID0000001.sub
07/17/20 09:25:40 From submit: Submitting job(s).
07/17/20 09:25:40 From submit: 1 job(s) submitted to cluster 4.
07/17/20 09:25:40 	assigned HTCondor ID (4.0.0)
07/17/20 09:25:40 Just submitted 1 job this cycle...
07/17/20 09:25:40 DAG status: 0 (DAG_STATUS_OK)
07/17/20 09:25:40 Of 8 nodes total:
07/17/20 09:25:40  Done     Pre   Queued    Post   Ready   Un-Ready   Failed
07/17/20 09:25:40   ===     ===      ===     ===     ===        ===      ===
07/17/20 09:25:40     2       0        1       0       0          5        0
07/17/20 09:25:40 0 job proc(s) currently held
07/17/20 09:25:40 DAGMan Runtime Statistics: [ EventCycleTimeStd = 0.02069892601972942; EventCycleTimeMax = 0.05831694602966309; SubmitCycleTimeMin = 0.0002150535583496094; SubmitCycleTimeAvg = 0.01301860809326172; SleepCycleTimeCount = 12.0; SubmitCycleTimeCount = 13.0; SubmitCycleTimeMax = 0.06403279304504395; SleepCycleTimeMin = 4.218338012695312; SubmitCycleTimeSum = 0.1692419052124023; LogProcessCycleTimeStd = 0.007165394574078073; SubmitCycleTimeStd = 0.02387579347028011; LogProcessCycleTimeAvg = 0.01072478294372559; EventCycleTimeMin = 0.0005619525909423828; LogProcessCycleTimeMax = 0.0220949649810791; LogProcessCycleTimeMin = 0.003838062286376953; LogProcessCycleTimeSum = 0.05362391471862793; LogProcessCycleTimeCount = 5.0; EventCycleTimeSum = 0.2040281295776367; SleepCycleTimeSum = 59.44031882286072; SleepCycleTimeAvg = 4.95335990190506; SleepCycleTimeStd = 0.2417616850915193; SleepCycleTimeMax = 5.237326860427856; EventCycleTimeCount = 12.0; EventCycleTimeAvg = 0.01700234413146973; ]
07/17/20 09:25:45 Currently monitoring 1 HTCondor log file(s)
07/17/20 09:25:45 Reassigning the id of job Thumbs_up_ID0000001 from (4.0.0) to (4.0.0)
07/17/20 09:25:45 Event: ULOG_SUBMIT for HTCondor Node Thumbs_up_ID0000001 (4.0.0) {07/17/20 09:25:40}
07/17/20 09:25:45 Number of idle job procs: 1
07/17/20 09:25:55 Currently monitoring 1 HTCondor log file(s)
07/17/20 09:25:55 Event: ULOG_EXECUTE for HTCondor Node Thumbs_up_ID0000001 (4.0.0) {07/17/20 09:25:53}
07/17/20 09:25:55 Number of idle job procs: 0
07/17/20 09:26:00 Currently monitoring 1 HTCondor log file(s)
07/17/20 09:26:00 Event: ULOG_JOB_TERMINATED for HTCondor Node Thumbs_up_ID0000001 (4.0.0) {07/17/20 09:25:59}
07/17/20 09:26:00 Number of idle job procs: 0
07/17/20 09:26:00 Node Thumbs_up_ID0000001 job proc (4.0.0) completed successfully.
07/17/20 09:26:00 Node Thumbs_up_ID0000001 job completed
07/17/20 09:26:00 Running POST script of Node Thumbs_up_ID0000001...
07/17/20 09:26:00 Warning: mysin has length 0 (ignore if produced by DAGMan; see gittrac #4987, #5031)
07/17/20 09:26:00 DAG status: 0 (DAG_STATUS_OK)
07/17/20 09:26:00 Of 8 nodes total:
07/17/20 09:26:00  Done     Pre   Queued    Post   Ready   Un-Ready   Failed
07/17/20 09:26:00   ===     ===      ===     ===     ===        ===      ===
07/17/20 09:26:00     2       0        0       1       0          5        0
07/17/20 09:26:00 0 job proc(s) currently held
07/17/20 09:26:00 DAGMan Runtime Statistics: [ EventCycleTimeStd = 0.02308896736917238; EventCycleTimeMax = 0.06977009773254395; SubmitCycleTimeMin = 0.0002140998840332031; SubmitCycleTimeAvg = 0.01005965120652143; SleepCycleTimeCount = 16.0; SubmitCycleTimeCount = 17.0; SubmitCycleTimeMax = 0.06403279304504395; SleepCycleTimeMin = 4.218338012695312; SubmitCycleTimeSum = 0.1710140705108643; LogProcessCycleTimeStd = 0.006567768407292111; SubmitCycleTimeStd = 0.0213957505901971; LogProcessCycleTimeAvg = 0.009826123714447021; EventCycleTimeMin = 0.0005619525909423828; LogProcessCycleTimeMax = 0.0220949649810791; LogProcessCycleTimeMin = 0.003838062286376953; LogProcessCycleTimeSum = 0.07860898971557617; LogProcessCycleTimeCount = 8.0; EventCycleTimeSum = 0.2863678932189941; SleepCycleTimeSum = 79.41970705986023; SleepCycleTimeAvg = 4.963731691241264; SleepCycleTimeStd = 0.207983366001043; SleepCycleTimeMax = 5.237326860427856; EventCycleTimeCount = 16.0; EventCycleTimeAvg = 0.01789799332618713; ]
07/17/20 09:26:00 Initializing user log writer for /home/scitech/shared-data/Workflow4/scitech/pegasus/add_thumbs/run0016/./add_thumbs-0.dag.nodes.log, (4.0.0)
07/17/20 09:26:05 Currently monitoring 1 HTCondor log file(s)
07/17/20 09:26:05 Event: ULOG_POST_SCRIPT_TERMINATED for HTCondor Node Thumbs_up_ID0000001 (4.0.0) {07/17/20 09:26:00}
07/17/20 09:26:05 POST Script of node Thumbs_up_ID0000001 completed successfully.
07/17/20 09:26:05 DAG status: 0 (DAG_STATUS_OK)
07/17/20 09:26:05 Of 8 nodes total:
07/17/20 09:26:05  Done     Pre   Queued    Post   Ready   Un-Ready   Failed
07/17/20 09:26:05   ===     ===      ===     ===     ===        ===      ===
07/17/20 09:26:05     3       0        0       0       2          3        0
07/17/20 09:26:05 0 job proc(s) currently held
07/17/20 09:26:05 DAGMan Runtime Statistics: [ EventCycleTimeStd = 0.02238871571403984; EventCycleTimeMax = 0.06977009773254395; SubmitCycleTimeMin = 0.0002140998840332031; SubmitCycleTimeAvg = 0.009570055537753634; SleepCycleTimeCount = 17.0; SubmitCycleTimeCount = 18.0; SubmitCycleTimeMax = 0.06403279304504395; SleepCycleTimeMin = 4.218338012695312; SubmitCycleTimeSum = 0.1722609996795654; LogProcessCycleTimeStd = 0.00629138914232671; SubmitCycleTimeStd = 0.02086060132834541; LogProcessCycleTimeAvg = 0.009374221165974935; EventCycleTimeMin = 0.0005619525909423828; LogProcessCycleTimeMax = 0.0220949649810791; LogProcessCycleTimeMin = 0.003838062286376953; LogProcessCycleTimeSum = 0.08436799049377441; LogProcessCycleTimeCount = 9.0; EventCycleTimeSum = 0.309269905090332; SleepCycleTimeSum = 84.65401721000671; SleepCycleTimeAvg = 4.979648071176865; SleepCycleTimeStd = 0.2118021306647597; SleepCycleTimeMax = 5.237326860427856; EventCycleTimeCount = 17.0; EventCycleTimeAvg = 0.01819234735825483; ]
07/17/20 09:26:10 Submitting HTCondor Node clean_up_local_level_3_0 job(s)...
07/17/20 09:26:10 Adding a DAGMan workflow log /home/scitech/shared-data/Workflow4/scitech/pegasus/add_thumbs/run0016/./add_thumbs-0.dag.nodes.log
07/17/20 09:26:10 Masking the events recorded in the DAGMAN workflow log
07/17/20 09:26:10 Mask for workflow log is 0,1,2,4,5,7,9,10,11,12,13,16,17,24,27,35,36
07/17/20 09:26:10 submitting: /usr/bin/condor_submit -a dag_node_name' '=' 'clean_up_local_level_3_0 -a +DAGManJobId' '=' '1 -a DAGManJobId' '=' '1 -batch-name add_thumbs-0.dag+1 -a submit_event_notes' '=' 'DAG' 'Node:' 'clean_up_local_level_3_0 -a dagman_log' '=' '/home/scitech/shared-data/Workflow4/scitech/pegasus/add_thumbs/run0016/./add_thumbs-0.dag.nodes.log -a +DAGManNodesMask' '=' '"0,1,2,4,5,7,9,10,11,12,13,16,17,24,27,35,36" -a priority=1000 -a +DAGNodeRetry' '=' '0 -a DAG_STATUS' '=' '0 -a FAILED_COUNT' '=' '0 -a +KeepClaimIdle' '=' '20 -a notification' '=' 'never -a +DAGParentNodeNames' '=' '"Thumbs_up_ID0000001" 00/00/clean_up_local_level_3_0.sub
07/17/20 09:26:10 From submit: Submitting job(s).
07/17/20 09:26:10 From submit: 1 job(s) submitted to cluster 5.
07/17/20 09:26:10 	assigned HTCondor ID (5.0.0)
07/17/20 09:26:10 Submitting HTCondor Node stage_out_local_local_0_0 job(s)...
07/17/20 09:26:10 Adding a DAGMan workflow log /home/scitech/shared-data/Workflow4/scitech/pegasus/add_thumbs/run0016/./add_thumbs-0.dag.nodes.log
07/17/20 09:26:10 Masking the events recorded in the DAGMAN workflow log
07/17/20 09:26:10 Mask for workflow log is 0,1,2,4,5,7,9,10,11,12,13,16,17,24,27,35,36
07/17/20 09:26:10 submitting: /usr/bin/condor_submit -a dag_node_name' '=' 'stage_out_local_local_0_0 -a +DAGManJobId' '=' '1 -a DAGManJobId' '=' '1 -batch-name add_thumbs-0.dag+1 -a submit_event_notes' '=' 'DAG' 'Node:' 'stage_out_local_local_0_0 -a dagman_log' '=' '/home/scitech/shared-data/Workflow4/scitech/pegasus/add_thumbs/run0016/./add_thumbs-0.dag.nodes.log -a +DAGManNodesMask' '=' '"0,1,2,4,5,7,9,10,11,12,13,16,17,24,27,35,36" -a priority=900 -a +DAGNodeRetry' '=' '0 -a DAG_STATUS' '=' '0 -a FAILED_COUNT' '=' '0 -a +KeepClaimIdle' '=' '20 -a notification' '=' 'never -a +DAGParentNodeNames' '=' '"Thumbs_up_ID0000001" 00/00/stage_out_local_local_0_0.sub
07/17/20 09:26:10 From submit: Submitting job(s).
07/17/20 09:26:10 From submit: 1 job(s) submitted to cluster 6.
07/17/20 09:26:10 	assigned HTCondor ID (6.0.0)
07/17/20 09:26:10 Just submitted 2 jobs this cycle...
07/17/20 09:26:10 DAG status: 0 (DAG_STATUS_OK)
07/17/20 09:26:10 Of 8 nodes total:
07/17/20 09:26:10  Done     Pre   Queued    Post   Ready   Un-Ready   Failed
07/17/20 09:26:10   ===     ===      ===     ===     ===        ===      ===
07/17/20 09:26:10     3       0        2       0       0          3        0
07/17/20 09:26:10 0 job proc(s) currently held
07/17/20 09:26:10 DAGMan Runtime Statistics: [ EventCycleTimeStd = 0.02175508337308603; EventCycleTimeMax = 0.06977009773254395; SubmitCycleTimeMin = 0.0002140998840332031; SubmitCycleTimeAvg = 0.01311110195360686; SleepCycleTimeCount = 18.0; SubmitCycleTimeCount = 19.0; SubmitCycleTimeMax = 0.07684993743896484; SleepCycleTimeMin = 4.218338012695312; SubmitCycleTimeSum = 0.2491109371185303; LogProcessCycleTimeStd = 0.00629138914232671; SubmitCycleTimeStd = 0.02547999325858803; LogProcessCycleTimeAvg = 0.009374221165974935; EventCycleTimeMin = 0.0005619525909423828; LogProcessCycleTimeMax = 0.0220949649810791; LogProcessCycleTimeMin = 0.003838062286376953; LogProcessCycleTimeSum = 0.08436799049377441; LogProcessCycleTimeCount = 9.0; EventCycleTimeSum = 0.3222408294677734; SleepCycleTimeSum = 89.66098713874817; SleepCycleTimeAvg = 4.981165952152676; SleepCycleTimeStd = 0.2055791379663891; SleepCycleTimeMax = 5.237326860427856; EventCycleTimeCount = 18.0; EventCycleTimeAvg = 0.01790226830376519; ]
07/17/20 09:26:15 Currently monitoring 1 HTCondor log file(s)
07/17/20 09:26:15 Reassigning the id of job clean_up_local_level_3_0 from (5.0.0) to (5.0.0)
07/17/20 09:26:15 Event: ULOG_SUBMIT for HTCondor Node clean_up_local_level_3_0 (5.0.0) {07/17/20 09:26:10}
07/17/20 09:26:15 Number of idle job procs: 1
07/17/20 09:26:15 Reassigning the id of job stage_out_local_local_0_0 from (6.0.0) to (6.0.0)
07/17/20 09:26:15 Event: ULOG_SUBMIT for HTCondor Node stage_out_local_local_0_0 (6.0.0) {07/17/20 09:26:10}
07/17/20 09:26:15 Number of idle job procs: 2
07/17/20 09:26:15 Event: ULOG_EXECUTE for HTCondor Node stage_out_local_local_0_0 (6.0.0) {07/17/20 09:26:14}
07/17/20 09:26:15 Number of idle job procs: 1
07/17/20 09:26:15 Event: ULOG_EXECUTE for HTCondor Node clean_up_local_level_3_0 (5.0.0) {07/17/20 09:26:14}
07/17/20 09:26:15 Number of idle job procs: 0
07/17/20 09:26:20 Currently monitoring 1 HTCondor log file(s)
07/17/20 09:26:20 Event: ULOG_JOB_TERMINATED for HTCondor Node stage_out_local_local_0_0 (6.0.0) {07/17/20 09:26:16}
07/17/20 09:26:20 Number of idle job procs: 0
07/17/20 09:26:20 Node stage_out_local_local_0_0 job proc (6.0.0) completed successfully.
07/17/20 09:26:20 Node stage_out_local_local_0_0 job completed
07/17/20 09:26:20 Running POST script of Node stage_out_local_local_0_0...
07/17/20 09:26:20 Warning: mysin has length 0 (ignore if produced by DAGMan; see gittrac #4987, #5031)
07/17/20 09:26:20 Event: ULOG_JOB_TERMINATED for HTCondor Node clean_up_local_level_3_0 (5.0.0) {07/17/20 09:26:18}
07/17/20 09:26:20 Number of idle job procs: 0
07/17/20 09:26:20 Node clean_up_local_level_3_0 job proc (5.0.0) completed successfully.
07/17/20 09:26:20 Node clean_up_local_level_3_0 job completed
07/17/20 09:26:20 Running POST script of Node clean_up_local_level_3_0...
07/17/20 09:26:20 Warning: mysin has length 0 (ignore if produced by DAGMan; see gittrac #4987, #5031)
07/17/20 09:26:20 DAG status: 0 (DAG_STATUS_OK)
07/17/20 09:26:20 Of 8 nodes total:
07/17/20 09:26:20  Done     Pre   Queued    Post   Ready   Un-Ready   Failed
07/17/20 09:26:20   ===     ===      ===     ===     ===        ===      ===
07/17/20 09:26:20     3       0        0       2       0          3        0
07/17/20 09:26:20 0 job proc(s) currently held
07/17/20 09:26:20 DAGMan Runtime Statistics: [ EventCycleTimeStd = 0.02503324450467792; EventCycleTimeMax = 0.08139204978942871; SubmitCycleTimeMin = 0.0002140998840332031; SubmitCycleTimeAvg = 0.01195093563624791; SleepCycleTimeCount = 20.0; SubmitCycleTimeCount = 21.0; SubmitCycleTimeMax = 0.07684993743896484; SleepCycleTimeMin = 4.218338012695312; SubmitCycleTimeSum = 0.2509696483612061; LogProcessCycleTimeStd = 0.007352957705914397; SubmitCycleTimeStd = 0.02444874259997416; LogProcessCycleTimeAvg = 0.01110690290277654; EventCycleTimeMin = 0.0005619525909423828; LogProcessCycleTimeMax = 0.02504396438598633; LogProcessCycleTimeMin = 0.003838062286376953; LogProcessCycleTimeSum = 0.122175931930542; LogProcessCycleTimeCount = 11.0; EventCycleTimeSum = 0.4182288646697998; SleepCycleTimeSum = 99.67737817764282; SleepCycleTimeAvg = 4.983868908882141; SleepCycleTimeStd = 0.1946378721180106; SleepCycleTimeMax = 5.237326860427856; EventCycleTimeCount = 20.0; EventCycleTimeAvg = 0.02091144323348999; ]
07/17/20 09:26:21 Initializing user log writer for /home/scitech/shared-data/Workflow4/scitech/pegasus/add_thumbs/run0016/./add_thumbs-0.dag.nodes.log, (6.0.0)
07/17/20 09:26:21 Initializing user log writer for /home/scitech/shared-data/Workflow4/scitech/pegasus/add_thumbs/run0016/./add_thumbs-0.dag.nodes.log, (5.0.0)
07/17/20 09:26:25 Currently monitoring 1 HTCondor log file(s)
07/17/20 09:26:25 Event: ULOG_POST_SCRIPT_TERMINATED for HTCondor Node stage_out_local_local_0_0 (6.0.0) {07/17/20 09:26:21}
07/17/20 09:26:25 POST Script of node stage_out_local_local_0_0 completed successfully.
07/17/20 09:26:25 Event: ULOG_POST_SCRIPT_TERMINATED for HTCondor Node clean_up_local_level_3_0 (5.0.0) {07/17/20 09:26:21}
07/17/20 09:26:25 POST Script of node clean_up_local_level_3_0 completed successfully.
07/17/20 09:26:25 DAG status: 0 (DAG_STATUS_OK)
07/17/20 09:26:25 Of 8 nodes total:
07/17/20 09:26:25  Done     Pre   Queued    Post   Ready   Un-Ready   Failed
07/17/20 09:26:25   ===     ===      ===     ===     ===        ===      ===
07/17/20 09:26:25     5       0        0       0       2          1        0
07/17/20 09:26:25 0 job proc(s) currently held
07/17/20 09:26:25 DAGMan Runtime Statistics: [ EventCycleTimeStd = 0.02452045996546609; EventCycleTimeMax = 0.08139204978942871; SubmitCycleTimeMin = 0.0002140998840332031; SubmitCycleTimeAvg = 0.0114580284465443; SleepCycleTimeCount = 21.0; SubmitCycleTimeCount = 22.0; SubmitCycleTimeMax = 0.07684993743896484; SleepCycleTimeMin = 4.215046167373657; SubmitCycleTimeSum = 0.2520766258239746; LogProcessCycleTimeStd = 0.007064655893152402; SubmitCycleTimeStd = 0.02397127910280436; LogProcessCycleTimeAvg = 0.01085549592971802; EventCycleTimeMin = 0.0005619525909423828; LogProcessCycleTimeMax = 0.02504396438598633; LogProcessCycleTimeMin = 0.003838062286376953; LogProcessCycleTimeSum = 0.1302659511566162; LogProcessCycleTimeCount = 12.0; EventCycleTimeSum = 0.4502928256988525; SleepCycleTimeSum = 103.8924243450165; SleepCycleTimeAvg = 4.947258302143642; SleepCycleTimeStd = 0.2532523903943996; SleepCycleTimeMax = 5.237326860427856; EventCycleTimeCount = 21.0; EventCycleTimeAvg = 0.02144251550946917; ]
07/17/20 09:26:30 Submitting HTCondor Node clean_up_local_level_4_0 job(s)...
07/17/20 09:26:30 Adding a DAGMan workflow log /home/scitech/shared-data/Workflow4/scitech/pegasus/add_thumbs/run0016/./add_thumbs-0.dag.nodes.log
07/17/20 09:26:30 Masking the events recorded in the DAGMAN workflow log
07/17/20 09:26:30 Mask for workflow log is 0,1,2,4,5,7,9,10,11,12,13,16,17,24,27,35,36
07/17/20 09:26:30 submitting: /usr/bin/condor_submit -a dag_node_name' '=' 'clean_up_local_level_4_0 -a +DAGManJobId' '=' '1 -a DAGManJobId' '=' '1 -batch-name add_thumbs-0.dag+1 -a submit_event_notes' '=' 'DAG' 'Node:' 'clean_up_local_level_4_0 -a dagman_log' '=' '/home/scitech/shared-data/Workflow4/scitech/pegasus/add_thumbs/run0016/./add_thumbs-0.dag.nodes.log -a +DAGManNodesMask' '=' '"0,1,2,4,5,7,9,10,11,12,13,16,17,24,27,35,36" -a priority=1000 -a +DAGNodeRetry' '=' '0 -a DAG_STATUS' '=' '0 -a FAILED_COUNT' '=' '0 -a +KeepClaimIdle' '=' '20 -a notification' '=' 'never -a +DAGParentNodeNames' '=' '"stage_out_local_local_0_0" 00/00/clean_up_local_level_4_0.sub
07/17/20 09:26:30 From submit: Submitting job(s).
07/17/20 09:26:30 From submit: 1 job(s) submitted to cluster 7.
07/17/20 09:26:30 	assigned HTCondor ID (7.0.0)
07/17/20 09:26:30 Submitting HTCondor Node register_local_0_0 job(s)...
07/17/20 09:26:30 Adding a DAGMan workflow log /home/scitech/shared-data/Workflow4/scitech/pegasus/add_thumbs/run0016/./add_thumbs-0.dag.nodes.log
07/17/20 09:26:30 Masking the events recorded in the DAGMAN workflow log
07/17/20 09:26:30 Mask for workflow log is 0,1,2,4,5,7,9,10,11,12,13,16,17,24,27,35,36
07/17/20 09:26:30 submitting: /usr/bin/condor_submit -a dag_node_name' '=' 'register_local_0_0 -a +DAGManJobId' '=' '1 -a DAGManJobId' '=' '1 -batch-name add_thumbs-0.dag+1 -a submit_event_notes' '=' 'DAG' 'Node:' 'register_local_0_0 -a dagman_log' '=' '/home/scitech/shared-data/Workflow4/scitech/pegasus/add_thumbs/run0016/./add_thumbs-0.dag.nodes.log -a +DAGManNodesMask' '=' '"0,1,2,4,5,7,9,10,11,12,13,16,17,24,27,35,36" -a priority=40 -a +DAGNodeRetry' '=' '0 -a DAG_STATUS' '=' '0 -a FAILED_COUNT' '=' '0 -a notification' '=' 'never -a +DAGParentNodeNames' '=' '"stage_out_local_local_0_0" 00/00/register_local_0_0.sub
07/17/20 09:26:30 From submit: Submitting job(s).
07/17/20 09:26:30 From submit: 1 job(s) submitted to cluster 8.
07/17/20 09:26:30 	assigned HTCondor ID (8.0.0)
07/17/20 09:26:30 Just submitted 2 jobs this cycle...
07/17/20 09:26:30 DAG status: 0 (DAG_STATUS_OK)
07/17/20 09:26:30 Of 8 nodes total:
07/17/20 09:26:30  Done     Pre   Queued    Post   Ready   Un-Ready   Failed
07/17/20 09:26:30   ===     ===      ===     ===     ===        ===      ===
07/17/20 09:26:30     5       0        2       0       0          1        0
07/17/20 09:26:30 0 job proc(s) currently held
07/17/20 09:26:30 DAGMan Runtime Statistics: [ EventCycleTimeStd = 0.02395845788108899; EventCycleTimeMax = 0.08139204978942871; SubmitCycleTimeMin = 0.0002140998840332031; SubmitCycleTimeAvg = 0.01423107022824495; SleepCycleTimeCount = 22.0; SubmitCycleTimeCount = 23.0; SubmitCycleTimeMax = 0.07684993743896484; SleepCycleTimeMin = 4.215046167373657; SubmitCycleTimeSum = 0.3273146152496338; LogProcessCycleTimeStd = 0.007064655893152402; SubmitCycleTimeStd = 0.0269326479677315; LogProcessCycleTimeAvg = 0.01085549592971802; EventCycleTimeMin = 0.0005619525909423828; LogProcessCycleTimeMax = 0.02504396438598633; LogProcessCycleTimeMin = 0.003838062286376953; LogProcessCycleTimeSum = 0.1302659511566162; LogProcessCycleTimeCount = 12.0; EventCycleTimeSum = 0.4662137031555176; SleepCycleTimeSum = 108.8635363578796; SleepCycleTimeAvg = 4.948342561721802; SleepCycleTimeStd = 0.2472013446479006; SleepCycleTimeMax = 5.237326860427856; EventCycleTimeCount = 22.0; EventCycleTimeAvg = 0.02119153196161444; ]
07/17/20 09:26:35 Currently monitoring 1 HTCondor log file(s)
07/17/20 09:26:35 Reassigning the id of job clean_up_local_level_4_0 from (7.0.0) to (7.0.0)
07/17/20 09:26:35 Event: ULOG_SUBMIT for HTCondor Node clean_up_local_level_4_0 (7.0.0) {07/17/20 09:26:30}
07/17/20 09:26:35 Number of idle job procs: 1
07/17/20 09:26:35 Reassigning the id of job register_local_0_0 from (8.0.0) to (8.0.0)
07/17/20 09:26:35 Event: ULOG_SUBMIT for HTCondor Node register_local_0_0 (8.0.0) {07/17/20 09:26:30}
07/17/20 09:26:35 Number of idle job procs: 2
07/17/20 09:26:35 Event: ULOG_EXECUTE for HTCondor Node register_local_0_0 (8.0.0) {07/17/20 09:26:31}
07/17/20 09:26:35 Number of idle job procs: 1
07/17/20 09:26:35 Event: ULOG_EXECUTE for HTCondor Node clean_up_local_level_4_0 (7.0.0) {07/17/20 09:26:31}
07/17/20 09:26:35 Number of idle job procs: 0
07/17/20 09:26:35 Event: ULOG_JOB_TERMINATED for HTCondor Node clean_up_local_level_4_0 (7.0.0) {07/17/20 09:26:33}
07/17/20 09:26:35 Number of idle job procs: 0
07/17/20 09:26:35 Node clean_up_local_level_4_0 job proc (7.0.0) completed successfully.
07/17/20 09:26:35 Node clean_up_local_level_4_0 job completed
07/17/20 09:26:35 Running POST script of Node clean_up_local_level_4_0...
07/17/20 09:26:35 Warning: mysin has length 0 (ignore if produced by DAGMan; see gittrac #4987, #5031)
07/17/20 09:26:35 Event: ULOG_JOB_TERMINATED for HTCondor Node register_local_0_0 (8.0.0) {07/17/20 09:26:33}
07/17/20 09:26:35 Number of idle job procs: 0
07/17/20 09:26:35 Node register_local_0_0 job proc (8.0.0) completed successfully.
07/17/20 09:26:35 Node register_local_0_0 job completed
07/17/20 09:26:35 Running POST script of Node register_local_0_0...
07/17/20 09:26:35 Warning: mysin has length 0 (ignore if produced by DAGMan; see gittrac #4987, #5031)
07/17/20 09:26:35 DAG status: 0 (DAG_STATUS_OK)
07/17/20 09:26:35 Of 8 nodes total:
07/17/20 09:26:35  Done     Pre   Queued    Post   Ready   Un-Ready   Failed
07/17/20 09:26:35   ===     ===      ===     ===     ===        ===      ===
07/17/20 09:26:35     5       0        0       2       0          1        0
07/17/20 09:26:35 0 job proc(s) currently held
07/17/20 09:26:35 DAGMan Runtime Statistics: [ EventCycleTimeStd = 0.02640658677449937; EventCycleTimeMax = 0.08139204978942871; SubmitCycleTimeMin = 0.0002140998840332031; SubmitCycleTimeAvg = 0.01366093754768372; SleepCycleTimeCount = 23.0; SubmitCycleTimeCount = 24.0; SubmitCycleTimeMax = 0.07684993743896484; SleepCycleTimeMin = 4.215046167373657; SubmitCycleTimeSum = 0.3278625011444092; LogProcessCycleTimeStd = 0.007864253327077905; SubmitCycleTimeStd = 0.02648831890797509; LogProcessCycleTimeAvg = 0.01196822753319374; EventCycleTimeMin = 0.0005619525909423828; LogProcessCycleTimeMax = 0.02532100677490234; LogProcessCycleTimeMin = 0.003838062286376953; LogProcessCycleTimeSum = 0.1555869579315186; LogProcessCycleTimeCount = 13.0; EventCycleTimeSum = 0.5460226535797119; SleepCycleTimeSum = 113.8742814064026; SleepCycleTimeAvg = 4.951055713321852; SleepCycleTimeStd = 0.2418680485176683; SleepCycleTimeMax = 5.237326860427856; EventCycleTimeCount = 23.0; EventCycleTimeAvg = 0.02374011537303095; ]
07/17/20 09:26:35 Initializing user log writer for /home/scitech/shared-data/Workflow4/scitech/pegasus/add_thumbs/run0016/./add_thumbs-0.dag.nodes.log, (7.0.0)
07/17/20 09:26:35 Initializing user log writer for /home/scitech/shared-data/Workflow4/scitech/pegasus/add_thumbs/run0016/./add_thumbs-0.dag.nodes.log, (8.0.0)
07/17/20 09:26:40 Currently monitoring 1 HTCondor log file(s)
07/17/20 09:26:40 Event: ULOG_POST_SCRIPT_TERMINATED for HTCondor Node clean_up_local_level_4_0 (7.0.0) {07/17/20 09:26:35}
07/17/20 09:26:40 POST Script of node clean_up_local_level_4_0 completed successfully.
07/17/20 09:26:40 Event: ULOG_POST_SCRIPT_TERMINATED for HTCondor Node register_local_0_0 (8.0.0) {07/17/20 09:26:35}
07/17/20 09:26:40 POST Script of node register_local_0_0 completed successfully.
07/17/20 09:26:40 DAG status: 0 (DAG_STATUS_OK)
07/17/20 09:26:40 Of 8 nodes total:
07/17/20 09:26:40  Done     Pre   Queued    Post   Ready   Un-Ready   Failed
07/17/20 09:26:40   ===     ===      ===     ===     ===        ===      ===
07/17/20 09:26:40     7       0        0       0       1          0        0
07/17/20 09:26:40 0 job proc(s) currently held
07/17/20 09:26:40 DAGMan Runtime Statistics: [ EventCycleTimeStd = 0.02587447927776402; EventCycleTimeMax = 0.08139204978942871; SubmitCycleTimeMin = 0.0002140998840332031; SubmitCycleTimeAvg = 0.01313270568847656; SleepCycleTimeCount = 24.0; SubmitCycleTimeCount = 25.0; SubmitCycleTimeMax = 0.07684993743896484; SleepCycleTimeMin = 4.215046167373657; SubmitCycleTimeSum = 0.3283176422119141; LogProcessCycleTimeStd = 0.007772359280709446; SubmitCycleTimeStd = 0.02606476806707704; LogProcessCycleTimeAvg = 0.01148121697562081; EventCycleTimeMin = 0.0005619525909423828; LogProcessCycleTimeMax = 0.02532100677490234; LogProcessCycleTimeMin = 0.003838062286376953; LogProcessCycleTimeSum = 0.1607370376586914; LogProcessCycleTimeCount = 14.0; EventCycleTimeSum = 0.5775065422058105; SleepCycleTimeSum = 119.1008515357971; SleepCycleTimeAvg = 4.962535480658214; SleepCycleTimeStd = 0.2431450377442434; SleepCycleTimeMax = 5.237326860427856; EventCycleTimeCount = 24.0; EventCycleTimeAvg = 0.02406277259190877; ]
07/17/20 09:26:45 Submitting HTCondor Node cleanup_add_thumbs_0_local job(s)...
07/17/20 09:26:45 Adding a DAGMan workflow log /home/scitech/shared-data/Workflow4/scitech/pegasus/add_thumbs/run0016/./add_thumbs-0.dag.nodes.log
07/17/20 09:26:45 Masking the events recorded in the DAGMAN workflow log
07/17/20 09:26:45 Mask for workflow log is 0,1,2,4,5,7,9,10,11,12,13,16,17,24,27,35,36
07/17/20 09:26:45 submitting: /usr/bin/condor_submit -a dag_node_name' '=' 'cleanup_add_thumbs_0_local -a +DAGManJobId' '=' '1 -a DAGManJobId' '=' '1 -batch-name add_thumbs-0.dag+1 -a submit_event_notes' '=' 'DAG' 'Node:' 'cleanup_add_thumbs_0_local -a dagman_log' '=' '/home/scitech/shared-data/Workflow4/scitech/pegasus/add_thumbs/run0016/./add_thumbs-0.dag.nodes.log -a +DAGManNodesMask' '=' '"0,1,2,4,5,7,9,10,11,12,13,16,17,24,27,35,36" -a priority=1000 -a +DAGNodeRetry' '=' '0 -a DAG_STATUS' '=' '0 -a FAILED_COUNT' '=' '0 -a notification' '=' 'never -a +DAGParentNodeNames' '=' '"clean_up_local_level_3_0,clean_up_local_level_4_0" 00/00/cleanup_add_thumbs_0_local.sub
07/17/20 09:26:45 From submit: Submitting job(s).
07/17/20 09:26:45 From submit: 1 job(s) submitted to cluster 9.
07/17/20 09:26:45 	assigned HTCondor ID (9.0.0)
07/17/20 09:26:45 Just submitted 1 job this cycle...
07/17/20 09:26:45 DAG status: 0 (DAG_STATUS_OK)
07/17/20 09:26:45 Of 8 nodes total:
07/17/20 09:26:45  Done     Pre   Queued    Post   Ready   Un-Ready   Failed
07/17/20 09:26:45   ===     ===      ===     ===     ===        ===      ===
07/17/20 09:26:45     7       0        1       0       0          0        0
07/17/20 09:26:45 0 job proc(s) currently held
07/17/20 09:26:45 DAGMan Runtime Statistics: [ EventCycleTimeStd = 0.02550417152233393; EventCycleTimeMax = 0.08139204978942871; SubmitCycleTimeMin = 0.0002140998840332031; SubmitCycleTimeAvg = 0.0144047920520489; SleepCycleTimeCount = 25.0; SubmitCycleTimeCount = 26.0; SubmitCycleTimeMax = 0.07684993743896484; SleepCycleTimeMin = 4.215046167373657; SubmitCycleTimeSum = 0.3745245933532715; LogProcessCycleTimeStd = 0.007772359280709446; SubmitCycleTimeStd = 0.02634901413034181; LogProcessCycleTimeAvg = 0.01148121697562081; EventCycleTimeMin = 0.0005619525909423828; LogProcessCycleTimeMax = 0.02532100677490234; LogProcessCycleTimeMin = 0.003838062286376953; LogProcessCycleTimeSum = 0.1607370376586914; LogProcessCycleTimeCount = 14.0; EventCycleTimeSum = 0.5866785049438477; SleepCycleTimeSum = 124.104056596756; SleepCycleTimeAvg = 4.964162263870239; SleepCycleTimeStd = 0.2381645588228851; SleepCycleTimeMax = 5.237326860427856; EventCycleTimeCount = 25.0; EventCycleTimeAvg = 0.02346714019775391; ]
07/17/20 09:26:50 Currently monitoring 1 HTCondor log file(s)
07/17/20 09:26:50 Reassigning the id of job cleanup_add_thumbs_0_local from (9.0.0) to (9.0.0)
07/17/20 09:26:50 Event: ULOG_SUBMIT for HTCondor Node cleanup_add_thumbs_0_local (9.0.0) {07/17/20 09:26:45}
07/17/20 09:26:50 Number of idle job procs: 1
07/17/20 09:26:50 Event: ULOG_EXECUTE for HTCondor Node cleanup_add_thumbs_0_local (9.0.0) {07/17/20 09:26:47}
07/17/20 09:26:50 Number of idle job procs: 0
07/17/20 09:26:50 Event: ULOG_JOB_TERMINATED for HTCondor Node cleanup_add_thumbs_0_local (9.0.0) {07/17/20 09:26:49}
07/17/20 09:26:50 Number of idle job procs: 0
07/17/20 09:26:50 Node cleanup_add_thumbs_0_local job proc (9.0.0) completed successfully.
07/17/20 09:26:50 Node cleanup_add_thumbs_0_local job completed
07/17/20 09:26:50 Running POST script of Node cleanup_add_thumbs_0_local...
07/17/20 09:26:50 Warning: mysin has length 0 (ignore if produced by DAGMan; see gittrac #4987, #5031)
07/17/20 09:26:50 DAG status: 0 (DAG_STATUS_OK)
07/17/20 09:26:50 Of 8 nodes total:
07/17/20 09:26:50  Done     Pre   Queued    Post   Ready   Un-Ready   Failed
07/17/20 09:26:50   ===     ===      ===     ===     ===        ===      ===
07/17/20 09:26:50     7       0        0       1       0          0        0
07/17/20 09:26:50 0 job proc(s) currently held
07/17/20 09:26:50 DAGMan Runtime Statistics: [ EventCycleTimeStd = 0.02554940086366919; EventCycleTimeMax = 0.08139204978942871; SubmitCycleTimeMin = 0.0002140998840332031; SubmitCycleTimeAvg = 0.0138831756733082; SleepCycleTimeCount = 26.0; SubmitCycleTimeCount = 27.0; SubmitCycleTimeMax = 0.07684993743896484; SleepCycleTimeMin = 4.215046167373657; SubmitCycleTimeSum = 0.3748457431793213; LogProcessCycleTimeStd = 0.007558122661072029; SubmitCycleTimeStd = 0.02597910873768527; LogProcessCycleTimeAvg = 0.01174333890279134; EventCycleTimeMin = 0.0005619525909423828; LogProcessCycleTimeMax = 0.02532100677490234; LogProcessCycleTimeMin = 0.003838062286376953; LogProcessCycleTimeSum = 0.1761500835418701; LogProcessCycleTimeCount = 15.0; EventCycleTimeSum = 0.637284517288208; SleepCycleTimeSum = 129.1094806194305; SleepCycleTimeAvg = 4.965749254593482; SleepCycleTimeStd = 0.2334929224293029; SleepCycleTimeMax = 5.237326860427856; EventCycleTimeCount = 26.0; EventCycleTimeAvg = 0.02451094297262339; ]
07/17/20 09:26:50 Initializing user log writer for /home/scitech/shared-data/Workflow4/scitech/pegasus/add_thumbs/run0016/./add_thumbs-0.dag.nodes.log, (9.0.0)
07/17/20 09:26:55 Currently monitoring 1 HTCondor log file(s)
07/17/20 09:26:55 Event: ULOG_POST_SCRIPT_TERMINATED for HTCondor Node cleanup_add_thumbs_0_local (9.0.0) {07/17/20 09:26:50}
07/17/20 09:26:55 POST Script of node cleanup_add_thumbs_0_local completed successfully.
07/17/20 09:26:55 DAG status: 0 (DAG_STATUS_OK)
07/17/20 09:26:55 Of 8 nodes total:
07/17/20 09:26:55  Done     Pre   Queued    Post   Ready   Un-Ready   Failed
07/17/20 09:26:55   ===     ===      ===     ===     ===        ===      ===
07/17/20 09:26:55     8       0        0       0       0          0        0
07/17/20 09:26:55 0 job proc(s) currently held
07/17/20 09:26:55 DAGMan Runtime Statistics: [ EventCycleTimeStd = 0.02505475192936892; EventCycleTimeMax = 0.08139204978942871; SubmitCycleTimeMin = 0.0002140998840332031; SubmitCycleTimeAvg = 0.0134084905896868; SleepCycleTimeCount = 27.0; SubmitCycleTimeCount = 28.0; SubmitCycleTimeMax = 0.07684993743896484; SleepCycleTimeMin = 4.215046167373657; SubmitCycleTimeSum = 0.3754377365112305; LogProcessCycleTimeStd = 0.007521660804520844; SubmitCycleTimeStd = 0.02561691625913794; LogProcessCycleTimeAvg = 0.01129205524921417; EventCycleTimeMin = 0.0005619525909423828; LogProcessCycleTimeMax = 0.02532100677490234; LogProcessCycleTimeMin = 0.003838062286376953; LogProcessCycleTimeSum = 0.1806728839874268; LogProcessCycleTimeCount = 16.0; EventCycleTimeSum = 0.6603693962097168; SleepCycleTimeSum = 134.3358886241913; SleepCycleTimeAvg = 4.975403282377455; SleepCycleTimeStd = 0.2343895670621337; SleepCycleTimeMax = 5.237326860427856; EventCycleTimeCount = 27.0; EventCycleTimeAvg = 0.02445812578554507; ]
07/17/20 09:26:55 All jobs Completed!
07/17/20 09:26:55 Note: 0 total job deferrals because of -MaxJobs limit (0)
07/17/20 09:26:55 Note: 0 total job deferrals because of -MaxIdle limit (1000)
07/17/20 09:26:55 Note: 0 total job deferrals because of node category throttles
07/17/20 09:26:55 Note: 0 total PRE script deferrals because of -MaxPre limit (20) or DEFER
07/17/20 09:26:55 Note: 0 total POST script deferrals because of -MaxPost limit (20) or DEFER
07/17/20 09:26:55 DAG status: 0 (DAG_STATUS_OK)
07/17/20 09:26:55 Of 8 nodes total:
07/17/20 09:26:55  Done     Pre   Queued    Post   Ready   Un-Ready   Failed
07/17/20 09:26:55   ===     ===      ===     ===     ===        ===      ===
07/17/20 09:26:55     8       0        0       0       0          0        0
07/17/20 09:26:55 0 job proc(s) currently held
07/17/20 09:26:55 DAGMan Runtime Statistics: [ EventCycleTimeStd = 0.02505475192936892; EventCycleTimeMax = 0.08139204978942871; SubmitCycleTimeMin = 0.0002140998840332031; SubmitCycleTimeAvg = 0.0134084905896868; SleepCycleTimeCount = 27.0; SubmitCycleTimeCount = 28.0; SubmitCycleTimeMax = 0.07684993743896484; SleepCycleTimeMin = 4.215046167373657; SubmitCycleTimeSum = 0.3754377365112305; LogProcessCycleTimeStd = 0.007521660804520844; SubmitCycleTimeStd = 0.02561691625913794; LogProcessCycleTimeAvg = 0.01129205524921417; EventCycleTimeMin = 0.0005619525909423828; LogProcessCycleTimeMax = 0.02532100677490234; LogProcessCycleTimeMin = 0.003838062286376953; LogProcessCycleTimeSum = 0.1806728839874268; LogProcessCycleTimeCount = 16.0; EventCycleTimeSum = 0.6603693962097168; SleepCycleTimeSum = 134.3358886241913; SleepCycleTimeAvg = 4.975403282377455; SleepCycleTimeStd = 0.2343895670621337; SleepCycleTimeMax = 5.237326860427856; EventCycleTimeCount = 27.0; EventCycleTimeAvg = 0.02445812578554507; ]
07/17/20 09:26:55 Wrote metrics file add_thumbs-0.dag.metrics.
07/17/20 09:26:55 Reporting metrics to Pegasus metrics server(s); output is in add_thumbs-0.dag.metrics.out.
07/17/20 09:26:55 Running command </usr/libexec/condor/condor_dagman_metrics_reporter -f add_thumbs-0.dag.metrics -t 100>
07/17/20 09:26:55 Warning: mysin has length 0 (ignore if produced by DAGMan; see gittrac #4987, #5031)
07/17/20 09:26:55 DAGMan Runtime Statistics: [ EventCycleTimeStd = 0.02505475192936892; EventCycleTimeMax = 0.08139204978942871; SubmitCycleTimeMin = 0.0002140998840332031; SubmitCycleTimeAvg = 0.0134084905896868; SleepCycleTimeCount = 27.0; SubmitCycleTimeCount = 28.0; SubmitCycleTimeMax = 0.07684993743896484; SleepCycleTimeMin = 4.215046167373657; SubmitCycleTimeSum = 0.3754377365112305; LogProcessCycleTimeStd = 0.007521660804520844; SubmitCycleTimeStd = 0.02561691625913794; LogProcessCycleTimeAvg = 0.01129205524921417; EventCycleTimeMin = 0.0005619525909423828; LogProcessCycleTimeMax = 0.02532100677490234; LogProcessCycleTimeMin = 0.003838062286376953; LogProcessCycleTimeSum = 0.1806728839874268; LogProcessCycleTimeCount = 16.0; EventCycleTimeSum = 0.6603693962097168; SleepCycleTimeSum = 134.3358886241913; SleepCycleTimeAvg = 4.975403282377455; SleepCycleTimeStd = 0.2343895670621337; SleepCycleTimeMax = 5.237326860427856; EventCycleTimeCount = 27.0; EventCycleTimeAvg = 0.02445812578554507; ]
07/17/20 09:26:55 **** condor_scheduniv_exec.1.0 (condor_DAGMAN) pid 659 EXITING WITH STATUS 0
