1594863318 INTERNAL *** MONITORD_STARTED ***
1594863316 INTERNAL *** DAGMAN_STARTED 19.0 ***
1594863321 create_dir_add_thumbs_0_local SUBMIT 20.0 local - 1
1594863322 create_dir_add_thumbs_0_local EXECUTE 20.0 local - 1
1594863324 create_dir_add_thumbs_0_local JOB_TERMINATED 20.0 local - 1
1594863326 create_dir_add_thumbs_0_local JOB_SUCCESS 0 local - 1
1594863326 create_dir_add_thumbs_0_local POST_SCRIPT_STARTED 20.0 local - 1
1594863326 create_dir_add_thumbs_0_local POST_SCRIPT_TERMINATED 20.0 local - 1
1594863331 create_dir_add_thumbs_0_local POST_SCRIPT_SUCCESS 0 local - 1
1594863336 stage_in_local_local_0_0 SUBMIT 21.0 local - 2
1594863338 stage_in_local_local_0_0 EXECUTE 21.0 local - 2
1594863778 stage_in_local_local_0_0 JOB_TERMINATED 21.0 local - 2
1594863781 stage_in_local_local_0_0 JOB_FAILURE 1 local - 2
1594863781 stage_in_local_local_0_0 POST_SCRIPT_STARTED 21.0 local - 2
1594863781 stage_in_local_local_0_0 POST_SCRIPT_TERMINATED 21.0 local - 2
1594863786 stage_in_local_local_0_0 POST_SCRIPT_FAILURE 1 local - 2
1594863792 stage_in_local_local_0_0 SUBMIT 22.0 local - 3
1594863796 stage_in_local_local_0_0 EXECUTE 22.0 local - 3
1594863939 INTERNAL *** DAGMAN_FINISHED 2 ***
1594863944 INTERNAL *** MONITORD_FINISHED 0 ***
