07/15/20 18:55:54 ******************************************************
07/15/20 18:55:54 ** condor_scheduniv_exec.27.0 (CONDOR_DAGMAN) STARTING UP
07/15/20 18:55:54 ** /usr/bin/condor_dagman
07/15/20 18:55:54 ** SubsystemInfo: name=DAGMAN type=DAGMAN(10) class=DAEMON(1)
07/15/20 18:55:54 ** Configuration: subsystem:DAGMAN local:<NONE> class:DAEMON
07/15/20 18:55:54 ** $CondorVersion: 8.8.9 May 06 2020 BuildID: 503068 PackageID: 8.8.9-1 $
07/15/20 18:55:54 ** $CondorPlatform: x86_64_CentOS7 $
07/15/20 18:55:54 ** PID = 39188
07/15/20 18:55:54 ** Log last touched time unavailable (No such file or directory)
07/15/20 18:55:54 ******************************************************
07/15/20 18:55:54 Using config source: /etc/condor/condor_config
07/15/20 18:55:54 Using local config sources: 
07/15/20 18:55:54    /etc/condor/config.d/00-minicondor
07/15/20 18:55:54    /etc/condor/condor_config.local
07/15/20 18:55:54 config Macros = 81, Sorted = 81, StringBytes = 2255, TablesBytes = 2964
07/15/20 18:55:54 CLASSAD_CACHING is ENABLED
07/15/20 18:55:54 Daemon Log is logging: D_ALWAYS D_ERROR
07/15/20 18:55:54 DaemonCore: No command port requested.
07/15/20 18:55:54 DAGMAN_USE_STRICT setting: 1
07/15/20 18:55:54 DAGMAN_VERBOSITY setting: 3
07/15/20 18:55:54 DAGMAN_DEBUG_CACHE_SIZE setting: 5242880
07/15/20 18:55:54 DAGMAN_DEBUG_CACHE_ENABLE setting: False
07/15/20 18:55:54 DAGMAN_SUBMIT_DELAY setting: 0
07/15/20 18:55:54 DAGMAN_MAX_SUBMIT_ATTEMPTS setting: 6
07/15/20 18:55:54 DAGMAN_STARTUP_CYCLE_DETECT setting: False
07/15/20 18:55:54 DAGMAN_MAX_SUBMITS_PER_INTERVAL setting: 100
07/15/20 18:55:54 DAGMAN_AGGRESSIVE_SUBMIT setting: False
07/15/20 18:55:54 DAGMAN_USER_LOG_SCAN_INTERVAL setting: 5
07/15/20 18:55:54 DAGMAN_QUEUE_UPDATE_INTERVAL setting: 300
07/15/20 18:55:54 DAGMAN_DEFAULT_PRIORITY setting: 0
07/15/20 18:55:54 DAGMAN_SUPPRESS_NOTIFICATION setting: True
07/15/20 18:55:54 allow_events (DAGMAN_ALLOW_EVENTS) setting: 114
07/15/20 18:55:54 DAGMAN_RETRY_SUBMIT_FIRST setting: True
07/15/20 18:55:54 DAGMAN_RETRY_NODE_FIRST setting: False
07/15/20 18:55:54 DAGMAN_MAX_JOBS_IDLE setting: 1000
07/15/20 18:55:54 DAGMAN_MAX_JOBS_SUBMITTED setting: 0
07/15/20 18:55:54 DAGMAN_MAX_PRE_SCRIPTS setting: 20
07/15/20 18:55:54 DAGMAN_MAX_POST_SCRIPTS setting: 20
07/15/20 18:55:54 DAGMAN_MUNGE_NODE_NAMES setting: True
07/15/20 18:55:54 DAGMAN_PROHIBIT_MULTI_JOBS setting: False
07/15/20 18:55:54 DAGMAN_SUBMIT_DEPTH_FIRST setting: False
07/15/20 18:55:54 DAGMAN_ALWAYS_RUN_POST setting: False
07/15/20 18:55:54 DAGMAN_CONDOR_SUBMIT_EXE setting: /usr/bin/condor_submit
07/15/20 18:55:54 DAGMAN_USE_CONDOR_SUBMIT setting: True
07/15/20 18:55:54 DAGMAN_ABORT_DUPLICATES setting: True
07/15/20 18:55:54 DAGMAN_ABORT_ON_SCARY_SUBMIT setting: True
07/15/20 18:55:54 DAGMAN_PENDING_REPORT_INTERVAL setting: 600
07/15/20 18:55:54 DAGMAN_AUTO_RESCUE setting: True
07/15/20 18:55:54 DAGMAN_MAX_RESCUE_NUM setting: 100
07/15/20 18:55:54 DAGMAN_WRITE_PARTIAL_RESCUE setting: True
07/15/20 18:55:54 DAGMAN_DEFAULT_NODE_LOG setting: @(DAG_DIR)/@(DAG_FILE).nodes.log
07/15/20 18:55:54 DAGMAN_GENERATE_SUBDAG_SUBMITS setting: True
07/15/20 18:55:54 DAGMAN_MAX_JOB_HOLDS setting: 100
07/15/20 18:55:54 DAGMAN_HOLD_CLAIM_TIME setting: 20
07/15/20 18:55:54 ALL_DEBUG setting: 
07/15/20 18:55:54 DAGMAN_DEBUG setting: 
07/15/20 18:55:54 DAGMAN_SUPPRESS_JOB_LOGS setting: False
07/15/20 18:55:54 DAGMAN_REMOVE_NODE_JOBS setting: True
07/15/20 18:55:54 argv[0] == "condor_scheduniv_exec.27.0"
07/15/20 18:55:54 argv[1] == "-Lockfile"
07/15/20 18:55:54 argv[2] == "add_thumbs-0.dag.lock"
07/15/20 18:55:54 argv[3] == "-AutoRescue"
07/15/20 18:55:54 argv[4] == "1"
07/15/20 18:55:54 argv[5] == "-DoRescueFrom"
07/15/20 18:55:54 argv[6] == "0"
07/15/20 18:55:54 argv[7] == "-Dag"
07/15/20 18:55:54 argv[8] == "add_thumbs-0.dag"
07/15/20 18:55:54 argv[9] == "-MaxPost"
07/15/20 18:55:54 argv[10] == "20"
07/15/20 18:55:54 argv[11] == "-Suppress_notification"
07/15/20 18:55:54 argv[12] == "-CsdVersion"
07/15/20 18:55:54 argv[13] == "$CondorVersion: 8.8.9 May 06 2020 BuildID: 503068 PackageID: 8.8.9-1 $"
07/15/20 18:55:54 argv[14] == "-Dagman"
07/15/20 18:55:54 argv[15] == "/bin/condor_dagman"
07/15/20 18:55:54 Workflow batch-name: <add_thumbs-0.dag+27>
07/15/20 18:55:54 Workflow accounting_group: <>
07/15/20 18:55:54 Workflow accounting_group_user: <>
07/15/20 18:55:54 Warning: failed to get attribute DAGNodeName
07/15/20 18:55:54 DAGMAN_LOG_ON_NFS_IS_ERROR setting: False
07/15/20 18:55:54 Default node log file is: </home/scitech/shared-data/Workflow/Workflow4/scitech/pegasus/add_thumbs/run0006/./add_thumbs-0.dag.nodes.log>
07/15/20 18:55:54 DAG Lockfile will be written to add_thumbs-0.dag.lock
07/15/20 18:55:54 DAG Input file is add_thumbs-0.dag
07/15/20 18:55:54 Parsing 1 dagfiles
07/15/20 18:55:54 Parsing add_thumbs-0.dag ...
07/15/20 18:55:54 Warning:  could not open Pegasus braindump file braindump.txt
07/15/20 18:55:54 Dag contains 8 total jobs
07/15/20 18:55:54 Sleeping for 3 seconds to ensure ProcessId uniqueness
07/15/20 18:55:57 Bootstrapping...
07/15/20 18:55:57 Number of pre-completed nodes: 0
07/15/20 18:55:57 MultiLogFiles: truncating log file /home/scitech/shared-data/Workflow/Workflow4/scitech/pegasus/add_thumbs/run0006/./add_thumbs-0.dag.nodes.log
07/15/20 18:55:57 DAG status: 0 (DAG_STATUS_OK)
07/15/20 18:55:57 Of 8 nodes total:
07/15/20 18:55:57  Done     Pre   Queued    Post   Ready   Un-Ready   Failed
07/15/20 18:55:57   ===     ===      ===     ===     ===        ===      ===
07/15/20 18:55:57     0       0        0       0       1          7        0
07/15/20 18:55:57 0 job proc(s) currently held
07/15/20 18:55:57 DAGMan Runtime Statistics: [ EventCycleTimeSum = 0.0; EventCycleTimeCount = 0.0; SleepCycleTimeCount = 0.0; SubmitCycleTimeSum = 0.0; SubmitCycleTimeCount = 0.0; LogProcessCycleTimeSum = 0.0; SleepCycleTimeSum = 0.0; LogProcessCycleTimeCount = 0.0; ]
07/15/20 18:55:57 Registering condor_event_timer...
07/15/20 18:55:58 Submitting HTCondor Node create_dir_add_thumbs_0_local job(s)...
07/15/20 18:55:58 Adding a DAGMan workflow log /home/scitech/shared-data/Workflow/Workflow4/scitech/pegasus/add_thumbs/run0006/./add_thumbs-0.dag.nodes.log
07/15/20 18:55:58 Masking the events recorded in the DAGMAN workflow log
07/15/20 18:55:58 Mask for workflow log is 0,1,2,4,5,7,9,10,11,12,13,16,17,24,27,35,36
07/15/20 18:55:58 submitting: /usr/bin/condor_submit -a dag_node_name' '=' 'create_dir_add_thumbs_0_local -a +DAGManJobId' '=' '27 -a DAGManJobId' '=' '27 -batch-name add_thumbs-0.dag+27 -a submit_event_notes' '=' 'DAG' 'Node:' 'create_dir_add_thumbs_0_local -a dagman_log' '=' '/home/scitech/shared-data/Workflow/Workflow4/scitech/pegasus/add_thumbs/run0006/./add_thumbs-0.dag.nodes.log -a +DAGManNodesMask' '=' '"0,1,2,4,5,7,9,10,11,12,13,16,17,24,27,35,36" -a priority=800 -a +DAGNodeRetry' '=' '0 -a DAG_STATUS' '=' '0 -a FAILED_COUNT' '=' '0 -a +KeepClaimIdle' '=' '20 -a notification' '=' 'never -a +DAGParentNodeNames' '=' '"" 00/00/create_dir_add_thumbs_0_local.sub
07/15/20 18:55:58 From submit: Submitting job(s).
07/15/20 18:55:58 From submit: 1 job(s) submitted to cluster 28.
07/15/20 18:55:58 	assigned HTCondor ID (28.0.0)
07/15/20 18:55:58 Just submitted 1 job this cycle...
07/15/20 18:55:58 DAG status: 0 (DAG_STATUS_OK)
07/15/20 18:55:58 Of 8 nodes total:
07/15/20 18:55:58  Done     Pre   Queued    Post   Ready   Un-Ready   Failed
07/15/20 18:55:58   ===     ===      ===     ===     ===        ===      ===
07/15/20 18:55:58     0       0        1       0       0          7        0
07/15/20 18:55:58 0 job proc(s) currently held
07/15/20 18:55:58 DAGMan Runtime Statistics: [ EventCycleTimeCount = 0.0; EventCycleTimeSum = 0.0; LogProcessCycleTimeCount = 0.0; SleepCycleTimeSum = 0.0; LogProcessCycleTimeSum = 0.0; SubmitCycleTimeCount = 1.0; SubmitCycleTimeMax = 0.05702590942382812; SubmitCycleTimeMin = 0.05702590942382812; SubmitCycleTimeAvg = 0.05702590942382812; SubmitCycleTimeStd = 0.05702590942382812; SubmitCycleTimeSum = 0.05702590942382812; SleepCycleTimeCount = 0.0; ]
07/15/20 18:56:03 Currently monitoring 1 HTCondor log file(s)
07/15/20 18:56:03 Reassigning the id of job create_dir_add_thumbs_0_local from (28.0.0) to (28.0.0)
07/15/20 18:56:03 Event: ULOG_SUBMIT for HTCondor Node create_dir_add_thumbs_0_local (28.0.0) {07/15/20 18:55:58}
07/15/20 18:56:03 Number of idle job procs: 1
07/15/20 18:56:03 Event: ULOG_EXECUTE for HTCondor Node create_dir_add_thumbs_0_local (28.0.0) {07/15/20 18:55:59}
07/15/20 18:56:03 Number of idle job procs: 0
07/15/20 18:56:03 Event: ULOG_JOB_TERMINATED for HTCondor Node create_dir_add_thumbs_0_local (28.0.0) {07/15/20 18:56:02}
07/15/20 18:56:03 Number of idle job procs: 0
07/15/20 18:56:03 Node create_dir_add_thumbs_0_local job proc (28.0.0) completed successfully.
07/15/20 18:56:03 Node create_dir_add_thumbs_0_local job completed
07/15/20 18:56:03 Running POST script of Node create_dir_add_thumbs_0_local...
07/15/20 18:56:03 Warning: mysin has length 0 (ignore if produced by DAGMan; see gittrac #4987, #5031)
07/15/20 18:56:03 DAG status: 0 (DAG_STATUS_OK)
07/15/20 18:56:03 Of 8 nodes total:
07/15/20 18:56:03  Done     Pre   Queued    Post   Ready   Un-Ready   Failed
07/15/20 18:56:03   ===     ===      ===     ===     ===        ===      ===
07/15/20 18:56:03     0       0        0       1       0          7        0
07/15/20 18:56:03 0 job proc(s) currently held
07/15/20 18:56:03 DAGMan Runtime Statistics: [ EventCycleTimeStd = 0.0646669864654541; EventCycleTimeMax = 0.0646669864654541; SubmitCycleTimeMin = 0.0004699230194091797; SubmitCycleTimeAvg = 0.02874791622161865; SleepCycleTimeCount = 1.0; SubmitCycleTimeCount = 2.0; SubmitCycleTimeMax = 0.05702590942382812; SleepCycleTimeMin = 5.005386114120483; SubmitCycleTimeSum = 0.0574958324432373; LogProcessCycleTimeStd = 0.02070188522338867; SubmitCycleTimeStd = 0.03999112150325882; LogProcessCycleTimeAvg = 0.02070188522338867; EventCycleTimeMin = 0.0646669864654541; LogProcessCycleTimeMax = 0.02070188522338867; LogProcessCycleTimeMin = 0.02070188522338867; LogProcessCycleTimeSum = 0.02070188522338867; LogProcessCycleTimeCount = 1.0; EventCycleTimeSum = 0.0646669864654541; SleepCycleTimeSum = 5.005386114120483; SleepCycleTimeAvg = 5.005386114120483; SleepCycleTimeStd = 5.005386114120483; SleepCycleTimeMax = 5.005386114120483; EventCycleTimeCount = 1.0; EventCycleTimeAvg = 0.0646669864654541; ]
07/15/20 18:56:04 Initializing user log writer for /home/scitech/shared-data/Workflow/Workflow4/scitech/pegasus/add_thumbs/run0006/./add_thumbs-0.dag.nodes.log, (28.0.0)
07/15/20 18:56:08 Currently monitoring 1 HTCondor log file(s)
07/15/20 18:56:08 Event: ULOG_POST_SCRIPT_TERMINATED for HTCondor Node create_dir_add_thumbs_0_local (28.0.0) {07/15/20 18:56:04}
07/15/20 18:56:08 POST Script of node create_dir_add_thumbs_0_local completed successfully.
07/15/20 18:56:08 DAG status: 0 (DAG_STATUS_OK)
07/15/20 18:56:08 Of 8 nodes total:
07/15/20 18:56:08  Done     Pre   Queued    Post   Ready   Un-Ready   Failed
07/15/20 18:56:08   ===     ===      ===     ===     ===        ===      ===
07/15/20 18:56:08     1       0        0       0       1          6        0
07/15/20 18:56:08 0 job proc(s) currently held
07/15/20 18:56:08 DAGMan Runtime Statistics: [ EventCycleTimeStd = 0.02507198006737256; EventCycleTimeMax = 0.0646669864654541; SubmitCycleTimeMin = 0.0004699230194091797; SubmitCycleTimeAvg = 0.0193336009979248; SleepCycleTimeCount = 2.0; SubmitCycleTimeCount = 3.0; SubmitCycleTimeMax = 0.05702590942382812; SleepCycleTimeMin = 4.28551721572876; SubmitCycleTimeSum = 0.05800080299377441; LogProcessCycleTimeStd = 0.01145854799835378; SubmitCycleTimeStd = 0.03264250132783066; LogProcessCycleTimeAvg = 0.01259946823120117; EventCycleTimeMin = 0.02920985221862793; LogProcessCycleTimeMax = 0.02070188522338867; LogProcessCycleTimeMin = 0.004497051239013672; LogProcessCycleTimeSum = 0.02519893646240234; LogProcessCycleTimeCount = 2.0; EventCycleTimeSum = 0.09387683868408203; SleepCycleTimeSum = 9.290903329849243; SleepCycleTimeAvg = 4.645451664924622; SleepCycleTimeStd = 0.5090241796180776; SleepCycleTimeMax = 5.005386114120483; EventCycleTimeCount = 2.0; EventCycleTimeAvg = 0.04693841934204102; ]
07/15/20 18:56:13 Submitting HTCondor Node stage_in_local_local_0_0 job(s)...
07/15/20 18:56:13 Adding a DAGMan workflow log /home/scitech/shared-data/Workflow/Workflow4/scitech/pegasus/add_thumbs/run0006/./add_thumbs-0.dag.nodes.log
07/15/20 18:56:13 Masking the events recorded in the DAGMAN workflow log
07/15/20 18:56:13 Mask for workflow log is 0,1,2,4,5,7,9,10,11,12,13,16,17,24,27,35,36
07/15/20 18:56:13 submitting: /usr/bin/condor_submit -a dag_node_name' '=' 'stage_in_local_local_0_0 -a +DAGManJobId' '=' '27 -a DAGManJobId' '=' '27 -batch-name add_thumbs-0.dag+27 -a submit_event_notes' '=' 'DAG' 'Node:' 'stage_in_local_local_0_0 -a dagman_log' '=' '/home/scitech/shared-data/Workflow/Workflow4/scitech/pegasus/add_thumbs/run0006/./add_thumbs-0.dag.nodes.log -a +DAGManNodesMask' '=' '"0,1,2,4,5,7,9,10,11,12,13,16,17,24,27,35,36" -a priority=700 -a +DAGNodeRetry' '=' '0 -a DAG_STATUS' '=' '0 -a FAILED_COUNT' '=' '0 -a +KeepClaimIdle' '=' '20 -a notification' '=' 'never -a +DAGParentNodeNames' '=' '"create_dir_add_thumbs_0_local" 00/00/stage_in_local_local_0_0.sub
07/15/20 18:56:13 From submit: Submitting job(s).
07/15/20 18:56:13 From submit: 1 job(s) submitted to cluster 29.
07/15/20 18:56:13 	assigned HTCondor ID (29.0.0)
07/15/20 18:56:13 Just submitted 1 job this cycle...
07/15/20 18:56:13 DAG status: 0 (DAG_STATUS_OK)
07/15/20 18:56:13 Of 8 nodes total:
07/15/20 18:56:13  Done     Pre   Queued    Post   Ready   Un-Ready   Failed
07/15/20 18:56:13   ===     ===      ===     ===     ===        ===      ===
07/15/20 18:56:13     1       0        1       0       0          6        0
07/15/20 18:56:13 0 job proc(s) currently held
07/15/20 18:56:13 DAGMan Runtime Statistics: [ EventCycleTimeStd = 0.02688864278378686; EventCycleTimeMax = 0.0646669864654541; SubmitCycleTimeMin = 0.0004699230194091797; SubmitCycleTimeAvg = 0.02973467111587524; SleepCycleTimeCount = 3.0; SubmitCycleTimeCount = 4.0; SubmitCycleTimeMax = 0.06093788146972656; SleepCycleTimeMin = 4.28551721572876; SubmitCycleTimeSum = 0.118938684463501; LogProcessCycleTimeStd = 0.01145854799835378; SubmitCycleTimeStd = 0.03380952972687391; LogProcessCycleTimeAvg = 0.01259946823120117; EventCycleTimeMin = 0.01192283630371094; LogProcessCycleTimeMax = 0.02070188522338867; LogProcessCycleTimeMin = 0.004497051239013672; LogProcessCycleTimeSum = 0.02519893646240234; LogProcessCycleTimeCount = 2.0; EventCycleTimeSum = 0.105799674987793; SleepCycleTimeSum = 14.30208134651184; SleepCycleTimeAvg = 4.76736044883728; SleepCycleTimeStd = 0.4172985292367065; SleepCycleTimeMax = 5.011178016662598; EventCycleTimeCount = 3.0; EventCycleTimeAvg = 0.03526655832926432; ]
07/15/20 18:56:18 Currently monitoring 1 HTCondor log file(s)
07/15/20 18:56:18 Reassigning the id of job stage_in_local_local_0_0 from (29.0.0) to (29.0.0)
07/15/20 18:56:18 Event: ULOG_SUBMIT for HTCondor Node stage_in_local_local_0_0 (29.0.0) {07/15/20 18:56:13}
07/15/20 18:56:18 Number of idle job procs: 1
07/15/20 18:56:18 Event: ULOG_EXECUTE for HTCondor Node stage_in_local_local_0_0 (29.0.0) {07/15/20 18:56:16}
07/15/20 18:56:18 Number of idle job procs: 0
07/15/20 18:56:43 Currently monitoring 1 HTCondor log file(s)
07/15/20 18:56:43 Event: ULOG_JOB_TERMINATED for HTCondor Node stage_in_local_local_0_0 (29.0.0) {07/15/20 18:56:39}
07/15/20 18:56:43 Number of idle job procs: 0
07/15/20 18:56:43 Node stage_in_local_local_0_0 job proc (29.0.0) completed successfully.
07/15/20 18:56:43 Node stage_in_local_local_0_0 job completed
07/15/20 18:56:43 Running POST script of Node stage_in_local_local_0_0...
07/15/20 18:56:43 Warning: mysin has length 0 (ignore if produced by DAGMan; see gittrac #4987, #5031)
07/15/20 18:56:43 DAG status: 0 (DAG_STATUS_OK)
07/15/20 18:56:43 Of 8 nodes total:
07/15/20 18:56:43  Done     Pre   Queued    Post   Ready   Un-Ready   Failed
07/15/20 18:56:43   ===     ===      ===     ===     ===        ===      ===
07/15/20 18:56:43     1       0        0       1       0          6        0
07/15/20 18:56:43 0 job proc(s) currently held
07/15/20 18:56:43 DAGMan Runtime Statistics: [ EventCycleTimeStd = 0.02726320204704188; EventCycleTimeMax = 0.06828212738037109; SubmitCycleTimeMin = 0.0003221035003662109; SubmitCycleTimeAvg = 0.01224446296691895; SleepCycleTimeCount = 9.0; SubmitCycleTimeCount = 10.0; SubmitCycleTimeMax = 0.06093788146972656; SleepCycleTimeMin = 4.28551721572876; SubmitCycleTimeSum = 0.1224446296691895; LogProcessCycleTimeStd = 0.007086383783031306; SubmitCycleTimeStd = 0.0246510781812929; LogProcessCycleTimeAvg = 0.01305747032165527; EventCycleTimeMin = 0.0007560253143310547; LogProcessCycleTimeMax = 0.02070188522338867; LogProcessCycleTimeMin = 0.004497051239013672; LogProcessCycleTimeSum = 0.05222988128662109; LogProcessCycleTimeCount = 4.0; EventCycleTimeSum = 0.191309928894043; SleepCycleTimeSum = 44.30428409576416; SleepCycleTimeAvg = 4.922698232862684; SleepCycleTimeStd = 0.2391597950171744; SleepCycleTimeMax = 5.011178016662598; EventCycleTimeCount = 9.0; EventCycleTimeAvg = 0.02125665876600477; ]
07/15/20 18:56:43 Initializing user log writer for /home/scitech/shared-data/Workflow/Workflow4/scitech/pegasus/add_thumbs/run0006/./add_thumbs-0.dag.nodes.log, (29.0.0)
07/15/20 18:56:48 Currently monitoring 1 HTCondor log file(s)
07/15/20 18:56:48 Event: ULOG_POST_SCRIPT_TERMINATED for HTCondor Node stage_in_local_local_0_0 (29.0.0) {07/15/20 18:56:43}
07/15/20 18:56:48 POST Script of node stage_in_local_local_0_0 completed successfully.
07/15/20 18:56:48 DAG status: 0 (DAG_STATUS_OK)
07/15/20 18:56:48 Of 8 nodes total:
07/15/20 18:56:48  Done     Pre   Queued    Post   Ready   Un-Ready   Failed
07/15/20 18:56:48   ===     ===      ===     ===     ===        ===      ===
07/15/20 18:56:48     2       0        0       0       1          5        0
07/15/20 18:56:48 0 job proc(s) currently held
07/15/20 18:56:48 DAGMan Runtime Statistics: [ EventCycleTimeStd = 0.0257732137196297; EventCycleTimeMax = 0.06828212738037109; SubmitCycleTimeMin = 0.0003221035003662109; SubmitCycleTimeAvg = 0.01117105917497115; SleepCycleTimeCount = 10.0; SubmitCycleTimeCount = 11.0; SubmitCycleTimeMax = 0.06093788146972656; SleepCycleTimeMin = 4.28551721572876; SubmitCycleTimeSum = 0.1228816509246826; LogProcessCycleTimeStd = 0.007294428867526482; SubmitCycleTimeStd = 0.02365549075069973; LogProcessCycleTimeAvg = 0.01129417419433594; EventCycleTimeMin = 0.0007560253143310547; LogProcessCycleTimeMax = 0.02070188522338867; LogProcessCycleTimeMin = 0.004240989685058594; LogProcessCycleTimeSum = 0.05647087097167969; LogProcessCycleTimeCount = 5.0; EventCycleTimeSum = 0.2185359001159668; SleepCycleTimeSum = 49.65830612182617; SleepCycleTimeAvg = 4.965830612182617; SleepCycleTimeStd = 0.2635263962201767; SleepCycleTimeMax = 5.354022026062012; EventCycleTimeCount = 10.0; EventCycleTimeAvg = 0.02185359001159668; ]
07/15/20 18:56:53 Submitting HTCondor Node Thumbs_up_ID0000001 job(s)...
07/15/20 18:56:53 Adding a DAGMan workflow log /home/scitech/shared-data/Workflow/Workflow4/scitech/pegasus/add_thumbs/run0006/./add_thumbs-0.dag.nodes.log
07/15/20 18:56:53 Masking the events recorded in the DAGMAN workflow log
07/15/20 18:56:53 Mask for workflow log is 0,1,2,4,5,7,9,10,11,12,13,16,17,24,27,35,36
07/15/20 18:56:53 submitting: /usr/bin/condor_submit -a dag_node_name' '=' 'Thumbs_up_ID0000001 -a +DAGManJobId' '=' '27 -a DAGManJobId' '=' '27 -batch-name add_thumbs-0.dag+27 -a submit_event_notes' '=' 'DAG' 'Node:' 'Thumbs_up_ID0000001 -a dagman_log' '=' '/home/scitech/shared-data/Workflow/Workflow4/scitech/pegasus/add_thumbs/run0006/./add_thumbs-0.dag.nodes.log -a +DAGManNodesMask' '=' '"0,1,2,4,5,7,9,10,11,12,13,16,17,24,27,35,36" -a priority=20 -a +DAGNodeRetry' '=' '0 -a DAG_STATUS' '=' '0 -a FAILED_COUNT' '=' '0 -a +KeepClaimIdle' '=' '20 -a notification' '=' 'never -a +DAGParentNodeNames' '=' '"stage_in_local_local_0_0" 00/00/Thumbs_up_ID0000001.sub
07/15/20 18:56:53 From submit: Submitting job(s).
07/15/20 18:56:53 From submit: 1 job(s) submitted to cluster 30.
07/15/20 18:56:53 	assigned HTCondor ID (30.0.0)
07/15/20 18:56:53 Just submitted 1 job this cycle...
07/15/20 18:56:53 DAG status: 0 (DAG_STATUS_OK)
07/15/20 18:56:53 Of 8 nodes total:
07/15/20 18:56:53  Done     Pre   Queued    Post   Ready   Un-Ready   Failed
07/15/20 18:56:53   ===     ===      ===     ===     ===        ===      ===
07/15/20 18:56:53     2       0        1       0       0          5        0
07/15/20 18:56:53 0 job proc(s) currently held
07/15/20 18:56:53 DAGMan Runtime Statistics: [ EventCycleTimeStd = 0.02468909336941214; EventCycleTimeMax = 0.06828212738037109; SubmitCycleTimeMin = 0.0003221035003662109; SubmitCycleTimeAvg = 0.01653130849202474; SleepCycleTimeCount = 11.0; SubmitCycleTimeCount = 12.0; SubmitCycleTimeMax = 0.07549405097961426; SleepCycleTimeMin = 4.28551721572876; SubmitCycleTimeSum = 0.1983757019042969; LogProcessCycleTimeStd = 0.007294428867526482; SubmitCycleTimeStd = 0.02921469497666123; LogProcessCycleTimeAvg = 0.01129417419433594; EventCycleTimeMin = 0.0007560253143310547; LogProcessCycleTimeMax = 0.02070188522338867; LogProcessCycleTimeMin = 0.004240989685058594; LogProcessCycleTimeSum = 0.05647087097167969; LogProcessCycleTimeCount = 5.0; EventCycleTimeSum = 0.2290358543395996; SleepCycleTimeSum = 54.66386318206787; SleepCycleTimeAvg = 4.969442107460716; SleepCycleTimeStd = 0.2502898664227008; SleepCycleTimeMax = 5.354022026062012; EventCycleTimeCount = 11.0; EventCycleTimeAvg = 0.02082144130359996; ]
07/15/20 18:56:58 Currently monitoring 1 HTCondor log file(s)
07/15/20 18:56:58 Reassigning the id of job Thumbs_up_ID0000001 from (30.0.0) to (30.0.0)
07/15/20 18:56:58 Event: ULOG_SUBMIT for HTCondor Node Thumbs_up_ID0000001 (30.0.0) {07/15/20 18:56:53}
07/15/20 18:56:58 Number of idle job procs: 1
07/15/20 18:57:08 Currently monitoring 1 HTCondor log file(s)
07/15/20 18:57:08 Event: ULOG_EXECUTE for HTCondor Node Thumbs_up_ID0000001 (30.0.0) {07/15/20 18:57:05}
07/15/20 18:57:08 Number of idle job procs: 0
07/15/20 18:57:18 Currently monitoring 1 HTCondor log file(s)
07/15/20 18:57:18 Event: ULOG_SHADOW_EXCEPTION for HTCondor Node Thumbs_up_ID0000001 (30.0.0) {07/15/20 18:57:13}
07/15/20 18:57:18 Number of idle job procs: 1
07/15/20 18:57:18 Event: ULOG_JOB_HELD for HTCondor Node Thumbs_up_ID0000001 (30.0.0) {07/15/20 18:57:13}
07/15/20 18:57:18   Hold reason: Error from slot1@7bcbdb9d7e7e: STARTER at 127.0.0.1 failed to send file(s) to <127.0.0.1:9618>: error reading from /var/lib/condor/execute/dir_39825/output.txt: (errno 2) No such file or directory; SHADOW failed to receive file(s) from <127.0.0.1:42139>
07/15/20 18:57:18 Number of idle job procs: 1
07/15/20 18:57:18 DAG status: 0 (DAG_STATUS_OK)
07/15/20 18:57:18 Of 8 nodes total:
07/15/20 18:57:18  Done     Pre   Queued    Post   Ready   Un-Ready   Failed
07/15/20 18:57:18   ===     ===      ===     ===     ===        ===      ===
07/15/20 18:57:18     2       0        1       0       0          5        0
07/15/20 18:57:18 1 job proc(s) currently held
07/15/20 18:57:18 DAGMan Runtime Statistics: [ EventCycleTimeStd = 0.02726607540126017; EventCycleTimeMax = 0.082489013671875; SubmitCycleTimeMin = 0.0003199577331542969; SubmitCycleTimeAvg = 0.01183379397672765; SleepCycleTimeCount = 16.0; SubmitCycleTimeCount = 17.0; SubmitCycleTimeMax = 0.07549405097961426; SleepCycleTimeMin = 4.28551721572876; SubmitCycleTimeSum = 0.2011744976043701; LogProcessCycleTimeStd = 0.006422105450345079; SubmitCycleTimeStd = 0.0253587031451163; LogProcessCycleTimeAvg = 0.009086370468139648; EventCycleTimeMin = 0.0007560253143310547; LogProcessCycleTimeMax = 0.02070188522338867; LogProcessCycleTimeMin = 0.003203153610229492; LogProcessCycleTimeSum = 0.07269096374511719; LogProcessCycleTimeCount = 8.0; EventCycleTimeSum = 0.3244106769561768; SleepCycleTimeSum = 79.6574273109436; SleepCycleTimeAvg = 4.978589206933975; SleepCycleTimeStd = 0.2050683277022592; SleepCycleTimeMax = 5.354022026062012; EventCycleTimeCount = 16.0; EventCycleTimeAvg = 0.02027566730976105; ]
07/15/20 19:07:18 600 seconds since last log event
07/15/20 19:07:18 Pending DAG nodes:
07/15/20 19:07:18   Node Thumbs_up_ID0000001, HTCondor ID 30, status STATUS_SUBMITTED
07/15/20 19:15:51 Received SIGUSR1
07/15/20 19:15:51 Aborting DAG...
07/15/20 19:15:51 Writing Rescue DAG to add_thumbs-0.dag.rescue001...
07/15/20 19:15:51 Removing submitted jobs...
07/15/20 19:15:51 Removing any/all submitted HTCondor jobs...
07/15/20 19:15:51 Running: /usr/bin/condor_rm -const DAGManJobId' '=?=' '27
07/15/20 19:15:51 Note: 0 total job deferrals because of -MaxJobs limit (0)
07/15/20 19:15:51 Note: 0 total job deferrals because of -MaxIdle limit (1000)
07/15/20 19:15:51 Note: 0 total job deferrals because of node category throttles
07/15/20 19:15:51 Note: 0 total PRE script deferrals because of -MaxPre limit (20) or DEFER
07/15/20 19:15:51 Note: 0 total POST script deferrals because of -MaxPost limit (20) or DEFER
07/15/20 19:15:51 DAG status: 4 (DAG_STATUS_RM)
07/15/20 19:15:51 Of 8 nodes total:
07/15/20 19:15:51  Done     Pre   Queued    Post   Ready   Un-Ready   Failed
07/15/20 19:15:51   ===     ===      ===     ===     ===        ===      ===
07/15/20 19:15:51     2       0        1       0       0          5        0
07/15/20 19:15:51 1 job proc(s) currently held
07/15/20 19:15:51 DAGMan Runtime Statistics: [ EventCycleTimeStd = 0.008395426133050606; EventCycleTimeMax = 0.082489013671875; SubmitCycleTimeMin = 0.0002150535583496094; SubmitCycleTimeAvg = 0.001295806972551545; SleepCycleTimeCount = 238.0; SubmitCycleTimeCount = 239.0; SubmitCycleTimeMax = 0.07549405097961426; SleepCycleTimeMin = 4.28551721572876; SubmitCycleTimeSum = 0.3096978664398193; LogProcessCycleTimeStd = 0.006422105450345079; SubmitCycleTimeStd = 0.00719677166370758; LogProcessCycleTimeAvg = 0.009086370468139648; EventCycleTimeMin = 0.0005440711975097656; LogProcessCycleTimeMax = 0.02070188522338867; LogProcessCycleTimeMin = 0.003203153610229492; LogProcessCycleTimeSum = 0.07269096374511719; LogProcessCycleTimeCount = 8.0; EventCycleTimeSum = 0.6134641170501709; SleepCycleTimeSum = 1191.850069046021; SleepCycleTimeAvg = 5.007773399353027; SleepCycleTimeStd = 0.103757059930019; SleepCycleTimeMax = 5.972200870513916; EventCycleTimeCount = 239.0; EventCycleTimeAvg = 0.002566795468829167; ]
07/15/20 19:15:51 Wrote metrics file add_thumbs-0.dag.metrics.
07/15/20 19:15:51 Reporting metrics to Pegasus metrics server(s); output is in add_thumbs-0.dag.metrics.out.
07/15/20 19:15:51 Running command </usr/libexec/condor/condor_dagman_metrics_reporter -f add_thumbs-0.dag.metrics -s -t 100>
07/15/20 19:15:51 Warning: mysin has length 0 (ignore if produced by DAGMan; see gittrac #4987, #5031)
07/15/20 19:15:51 DAGMan Runtime Statistics: [ EventCycleTimeStd = 0.008395426133050606; EventCycleTimeMax = 0.082489013671875; SubmitCycleTimeMin = 0.0002150535583496094; SubmitCycleTimeAvg = 0.001295806972551545; SleepCycleTimeCount = 238.0; SubmitCycleTimeCount = 239.0; SubmitCycleTimeMax = 0.07549405097961426; SleepCycleTimeMin = 4.28551721572876; SubmitCycleTimeSum = 0.3096978664398193; LogProcessCycleTimeStd = 0.006422105450345079; SubmitCycleTimeStd = 0.00719677166370758; LogProcessCycleTimeAvg = 0.009086370468139648; EventCycleTimeMin = 0.0005440711975097656; LogProcessCycleTimeMax = 0.02070188522338867; LogProcessCycleTimeMin = 0.003203153610229492; LogProcessCycleTimeSum = 0.07269096374511719; LogProcessCycleTimeCount = 8.0; EventCycleTimeSum = 0.6134641170501709; SleepCycleTimeSum = 1191.850069046021; SleepCycleTimeAvg = 5.007773399353027; SleepCycleTimeStd = 0.103757059930019; SleepCycleTimeMax = 5.972200870513916; EventCycleTimeCount = 239.0; EventCycleTimeAvg = 0.002566795468829167; ]
07/15/20 19:15:51 **** condor_scheduniv_exec.27.0 (condor_DAGMAN) pid 39188 EXITING WITH STATUS 2
