000 (009.000.000) 07/11 23:09:20 Job submitted from host: <127.0.0.1:9618?addrs=127.0.0.1-9618&noUDP&sock=269_6778_4>
    DAG Node: create_dir_Increment_0_local
    pool:local
...
001 (009.000.000) 07/11 23:09:21 Job executing on host: <127.0.0.1:9618?addrs=127.0.0.1-9618&noUDP&sock=277_ebe4_9>
...
005 (009.000.000) 07/11 23:09:23 Job terminated.
	(1) Normal termination (return value 0)
		Usr 0 00:00:00, Sys 0 00:00:00  -  Run Remote Usage
		Usr 0 00:00:00, Sys 0 00:00:00  -  Run Local Usage
		Usr 0 00:00:00, Sys 0 00:00:00  -  Total Remote Usage
		Usr 0 00:00:00, Sys 0 00:00:00  -  Total Local Usage
	0  -  Run Bytes Sent By Job
	0  -  Run Bytes Received By Job
	0  -  Total Bytes Sent By Job
	0  -  Total Bytes Received By Job
...
000 (010.000.000) 07/11 23:09:35 Job submitted from host: <127.0.0.1:9618?addrs=127.0.0.1-9618&noUDP&sock=269_6778_4>
    DAG Node: stage_in_remote_local_0_0
    pool:local
...
000 (011.000.000) 07/11 23:09:35 Job submitted from host: <127.0.0.1:9618?addrs=127.0.0.1-9618&noUDP&sock=269_6778_4>
    DAG Node: stage_in_local_local_0_0
    pool:local
...
001 (010.000.000) 07/11 23:09:37 Job executing on host: <127.0.0.1:9618?addrs=127.0.0.1-9618&noUDP&sock=277_ebe4_10>
...
001 (011.000.000) 07/11 23:09:37 Job executing on host: <127.0.0.1:9618?addrs=127.0.0.1-9618&noUDP&sock=277_ebe4_11>
...
005 (010.000.000) 07/11 23:09:39 Job terminated.
	(1) Normal termination (return value 0)
		Usr 0 00:00:00, Sys 0 00:00:00  -  Run Remote Usage
		Usr 0 00:00:00, Sys 0 00:00:00  -  Run Local Usage
		Usr 0 00:00:00, Sys 0 00:00:00  -  Total Remote Usage
		Usr 0 00:00:00, Sys 0 00:00:00  -  Total Local Usage
	0  -  Run Bytes Sent By Job
	0  -  Run Bytes Received By Job
	0  -  Total Bytes Sent By Job
	0  -  Total Bytes Received By Job
...
005 (011.000.000) 07/11 23:09:39 Job terminated.
	(1) Normal termination (return value 0)
		Usr 0 00:00:00, Sys 0 00:00:00  -  Run Remote Usage
		Usr 0 00:00:00, Sys 0 00:00:00  -  Run Local Usage
		Usr 0 00:00:00, Sys 0 00:00:00  -  Total Remote Usage
		Usr 0 00:00:00, Sys 0 00:00:00  -  Total Local Usage
	0  -  Run Bytes Sent By Job
	0  -  Run Bytes Received By Job
	0  -  Total Bytes Sent By Job
	0  -  Total Bytes Received By Job
...
000 (012.000.000) 07/11 23:09:50 Job submitted from host: <127.0.0.1:9618?addrs=127.0.0.1-9618&noUDP&sock=269_6778_4>
    DAG Node: increment_py_ID0000001
    pool:condorpool
...
001 (012.000.000) 07/11 23:09:55 Job executing on host: <127.0.0.1:9618?addrs=127.0.0.1-9618&noUDP&sock=269_6778_5>
...
006 (012.000.000) 07/11 23:09:56 Image size of job updated: 2
	0  -  MemoryUsage of job (MB)
	0  -  ResidentSetSize of job (KB)
...
005 (012.000.000) 07/11 23:09:56 Job terminated.
	(1) Normal termination (return value 1)
		Usr 0 00:00:00, Sys 0 00:00:00  -  Run Remote Usage
		Usr 0 00:00:00, Sys 0 00:00:00  -  Run Local Usage
		Usr 0 00:00:00, Sys 0 00:00:00  -  Total Remote Usage
		Usr 0 00:00:00, Sys 0 00:00:00  -  Total Local Usage
	8778  -  Run Bytes Sent By Job
	10732424  -  Run Bytes Received By Job
	8778  -  Total Bytes Sent By Job
	10732424  -  Total Bytes Received By Job
	Partitionable Resources :    Usage  Request Allocated 
	   Cpus                 :        0        1         1 
	   Disk (KB)            :    64258    12500   6812435 
	   Memory (MB)          :        0        1       331 
...
000 (013.000.000) 07/11 23:10:10 Job submitted from host: <127.0.0.1:9618?addrs=127.0.0.1-9618&noUDP&sock=269_6778_4>
    DAG Node: increment_py_ID0000001
    pool:condorpool
...
001 (013.000.000) 07/11 23:10:12 Job executing on host: <127.0.0.1:9618?addrs=127.0.0.1-9618&noUDP&sock=269_6778_5>
...
006 (013.000.000) 07/11 23:10:13 Image size of job updated: 2
	0  -  MemoryUsage of job (MB)
	0  -  ResidentSetSize of job (KB)
...
005 (013.000.000) 07/11 23:10:13 Job terminated.
	(1) Normal termination (return value 1)
		Usr 0 00:00:00, Sys 0 00:00:00  -  Run Remote Usage
		Usr 0 00:00:00, Sys 0 00:00:00  -  Run Local Usage
		Usr 0 00:00:00, Sys 0 00:00:00  -  Total Remote Usage
		Usr 0 00:00:00, Sys 0 00:00:00  -  Total Local Usage
	8779  -  Run Bytes Sent By Job
	10732424  -  Run Bytes Received By Job
	8779  -  Total Bytes Sent By Job
	10732424  -  Total Bytes Received By Job
	Partitionable Resources :    Usage  Request Allocated 
	   Cpus                 :     0.32        1         1 
	   Disk (KB)            : 64258       12500   6812435 
	   Memory (MB)          :     0           1       331 
...
000 (014.000.000) 07/11 23:10:25 Job submitted from host: <127.0.0.1:9618?addrs=127.0.0.1-9618&noUDP&sock=269_6778_4>
    DAG Node: increment_py_ID0000001
    pool:condorpool
...
001 (014.000.000) 07/11 23:10:26 Job executing on host: <127.0.0.1:9618?addrs=127.0.0.1-9618&noUDP&sock=269_6778_5>
...
006 (014.000.000) 07/11 23:10:27 Image size of job updated: 2
	0  -  MemoryUsage of job (MB)
	0  -  ResidentSetSize of job (KB)
...
005 (014.000.000) 07/11 23:10:27 Job terminated.
	(1) Normal termination (return value 1)
		Usr 0 00:00:00, Sys 0 00:00:00  -  Run Remote Usage
		Usr 0 00:00:00, Sys 0 00:00:00  -  Run Local Usage
		Usr 0 00:00:00, Sys 0 00:00:00  -  Total Remote Usage
		Usr 0 00:00:00, Sys 0 00:00:00  -  Total Local Usage
	8778  -  Run Bytes Sent By Job
	10732424  -  Run Bytes Received By Job
	8778  -  Total Bytes Sent By Job
	10732424  -  Total Bytes Received By Job
	Partitionable Resources :    Usage  Request Allocated 
	   Cpus                 :        0        1         1 
	   Disk (KB)            :    64258    12500   6812435 
	   Memory (MB)          :        0        1       331 
...
