000 (035.000.000) 09/10 13:03:21 Job submitted from host: <127.0.0.1:9618?addrs=127.0.0.1-9618&noUDP&sock=268_b7e0_4>
    DAG Node: create_dir_Cats_and_Dogs_0_local
    pool:local
...
001 (035.000.000) 09/10 13:03:23 Job executing on host: <127.0.0.1:9618?addrs=127.0.0.1-9618&noUDP&sock=276_3784_35>
...
005 (035.000.000) 09/10 13:03:26 Job terminated.
	(1) Normal termination (return value 0)
		Usr 0 00:00:00, Sys 0 00:00:00  -  Run Remote Usage
		Usr 0 00:00:00, Sys 0 00:00:00  -  Run Local Usage
		Usr 0 00:00:00, Sys 0 00:00:00  -  Total Remote Usage
		Usr 0 00:00:00, Sys 0 00:00:00  -  Total Local Usage
	0  -  Run Bytes Sent By Job
	0  -  Run Bytes Received By Job
	0  -  Total Bytes Sent By Job
	0  -  Total Bytes Received By Job
...
000 (036.000.000) 09/10 13:03:36 Job submitted from host: <127.0.0.1:9618?addrs=127.0.0.1-9618&noUDP&sock=268_b7e0_4>
    DAG Node: stage_in_remote_local_2_0
    pool:local
...
000 (037.000.000) 09/10 13:03:36 Job submitted from host: <127.0.0.1:9618?addrs=127.0.0.1-9618&noUDP&sock=268_b7e0_4>
    DAG Node: stage_in_remote_local_1_0
    pool:local
...
000 (038.000.000) 09/10 13:03:36 Job submitted from host: <127.0.0.1:9618?addrs=127.0.0.1-9618&noUDP&sock=268_b7e0_4>
    DAG Node: stage_in_remote_local_0_0
    pool:local
...
000 (039.000.000) 09/10 13:03:36 Job submitted from host: <127.0.0.1:9618?addrs=127.0.0.1-9618&noUDP&sock=268_b7e0_4>
    DAG Node: stage_in_local_local_4_0
    pool:local
...
000 (040.000.000) 09/10 13:03:36 Job submitted from host: <127.0.0.1:9618?addrs=127.0.0.1-9618&noUDP&sock=268_b7e0_4>
    DAG Node: stage_in_local_local_0_0
    pool:local
...
000 (041.000.000) 09/10 13:03:36 Job submitted from host: <127.0.0.1:9618?addrs=127.0.0.1-9618&noUDP&sock=268_b7e0_4>
    DAG Node: stage_in_remote_local_4_0
    pool:local
...
000 (042.000.000) 09/10 13:03:36 Job submitted from host: <127.0.0.1:9618?addrs=127.0.0.1-9618&noUDP&sock=268_b7e0_4>
    DAG Node: stage_in_remote_local_3_0
    pool:local
...
001 (038.000.000) 09/10 13:03:39 Job executing on host: <127.0.0.1:9618?addrs=127.0.0.1-9618&noUDP&sock=276_3784_36>
...
001 (039.000.000) 09/10 13:03:39 Job executing on host: <127.0.0.1:9618?addrs=127.0.0.1-9618&noUDP&sock=276_3784_37>
...
001 (040.000.000) 09/10 13:03:39 Job executing on host: <127.0.0.1:9618?addrs=127.0.0.1-9618&noUDP&sock=276_3784_38>
...
001 (041.000.000) 09/10 13:03:39 Job executing on host: <127.0.0.1:9618?addrs=127.0.0.1-9618&noUDP&sock=276_3784_39>
...
001 (042.000.000) 09/10 13:03:39 Job executing on host: <127.0.0.1:9618?addrs=127.0.0.1-9618&noUDP&sock=276_3784_40>
...
001 (036.000.000) 09/10 13:03:39 Job executing on host: <127.0.0.1:9618?addrs=127.0.0.1-9618&noUDP&sock=276_3784_41>
...
001 (037.000.000) 09/10 13:03:39 Job executing on host: <127.0.0.1:9618?addrs=127.0.0.1-9618&noUDP&sock=276_3784_42>
...
005 (042.000.000) 09/10 13:03:42 Job terminated.
	(1) Normal termination (return value 0)
		Usr 0 00:00:00, Sys 0 00:00:00  -  Run Remote Usage
		Usr 0 00:00:00, Sys 0 00:00:00  -  Run Local Usage
		Usr 0 00:00:00, Sys 0 00:00:00  -  Total Remote Usage
		Usr 0 00:00:00, Sys 0 00:00:00  -  Total Local Usage
	0  -  Run Bytes Sent By Job
	0  -  Run Bytes Received By Job
	0  -  Total Bytes Sent By Job
	0  -  Total Bytes Received By Job
...
005 (039.000.000) 09/10 13:03:42 Job terminated.
	(1) Normal termination (return value 0)
		Usr 0 00:00:00, Sys 0 00:00:00  -  Run Remote Usage
		Usr 0 00:00:00, Sys 0 00:00:00  -  Run Local Usage
		Usr 0 00:00:00, Sys 0 00:00:00  -  Total Remote Usage
		Usr 0 00:00:00, Sys 0 00:00:00  -  Total Local Usage
	0  -  Run Bytes Sent By Job
	0  -  Run Bytes Received By Job
	0  -  Total Bytes Sent By Job
	0  -  Total Bytes Received By Job
...
005 (041.000.000) 09/10 13:03:42 Job terminated.
	(1) Normal termination (return value 0)
		Usr 0 00:00:00, Sys 0 00:00:00  -  Run Remote Usage
		Usr 0 00:00:00, Sys 0 00:00:00  -  Run Local Usage
		Usr 0 00:00:00, Sys 0 00:00:00  -  Total Remote Usage
		Usr 0 00:00:00, Sys 0 00:00:00  -  Total Local Usage
	0  -  Run Bytes Sent By Job
	0  -  Run Bytes Received By Job
	0  -  Total Bytes Sent By Job
	0  -  Total Bytes Received By Job
...
005 (036.000.000) 09/10 13:03:42 Job terminated.
	(1) Normal termination (return value 0)
		Usr 0 00:00:00, Sys 0 00:00:00  -  Run Remote Usage
		Usr 0 00:00:00, Sys 0 00:00:00  -  Run Local Usage
		Usr 0 00:00:00, Sys 0 00:00:00  -  Total Remote Usage
		Usr 0 00:00:00, Sys 0 00:00:00  -  Total Local Usage
	0  -  Run Bytes Sent By Job
	0  -  Run Bytes Received By Job
	0  -  Total Bytes Sent By Job
	0  -  Total Bytes Received By Job
...
005 (038.000.000) 09/10 13:03:42 Job terminated.
	(1) Normal termination (return value 0)
		Usr 0 00:00:00, Sys 0 00:00:00  -  Run Remote Usage
		Usr 0 00:00:00, Sys 0 00:00:00  -  Run Local Usage
		Usr 0 00:00:00, Sys 0 00:00:00  -  Total Remote Usage
		Usr 0 00:00:00, Sys 0 00:00:00  -  Total Local Usage
	0  -  Run Bytes Sent By Job
	0  -  Run Bytes Received By Job
	0  -  Total Bytes Sent By Job
	0  -  Total Bytes Received By Job
...
005 (037.000.000) 09/10 13:03:42 Job terminated.
	(1) Normal termination (return value 0)
		Usr 0 00:00:00, Sys 0 00:00:00  -  Run Remote Usage
		Usr 0 00:00:00, Sys 0 00:00:00  -  Run Local Usage
		Usr 0 00:00:00, Sys 0 00:00:00  -  Total Remote Usage
		Usr 0 00:00:00, Sys 0 00:00:00  -  Total Local Usage
	0  -  Run Bytes Sent By Job
	0  -  Run Bytes Received By Job
	0  -  Total Bytes Sent By Job
	0  -  Total Bytes Received By Job
...
005 (040.000.000) 09/10 13:04:06 Job terminated.
	(1) Normal termination (return value 0)
		Usr 0 00:00:00, Sys 0 00:00:00  -  Run Remote Usage
		Usr 0 00:00:00, Sys 0 00:00:00  -  Run Local Usage
		Usr 0 00:00:00, Sys 0 00:00:00  -  Total Remote Usage
		Usr 0 00:00:00, Sys 0 00:00:00  -  Total Local Usage
	0  -  Run Bytes Sent By Job
	0  -  Run Bytes Received By Job
	0  -  Total Bytes Sent By Job
	0  -  Total Bytes Received By Job
...
000 (043.000.000) 09/10 13:04:17 Job submitted from host: <127.0.0.1:9618?addrs=127.0.0.1-9618&noUDP&sock=268_b7e0_4>
    DAG Node: preprocess1_py_ID0000001
    pool:condorpool
...
001 (043.000.000) 09/10 13:04:25 Job executing on host: <127.0.0.1:9618?addrs=127.0.0.1-9618&noUDP&sock=268_b7e0_5>
...
006 (043.000.000) 09/10 13:04:30 Image size of job updated: 12
	0  -  MemoryUsage of job (MB)
	0  -  ResidentSetSize of job (KB)
...
005 (043.000.000) 09/10 13:04:31 Job terminated.
	(1) Normal termination (return value 0)
		Usr 0 00:00:00, Sys 0 00:00:00  -  Run Remote Usage
		Usr 0 00:00:00, Sys 0 00:00:00  -  Run Local Usage
		Usr 0 00:00:00, Sys 0 00:00:00  -  Total Remote Usage
		Usr 0 00:00:00, Sys 0 00:00:00  -  Total Local Usage
	3106529  -  Run Bytes Sent By Job
	13826059  -  Run Bytes Received By Job
	3106529  -  Total Bytes Sent By Job
	13826059  -  Total Bytes Received By Job
	Partitionable Resources :    Usage  Request Allocated 
	   Cpus                 :     0.00        1         1 
	   Disk (KB)            : 70574       15000   4687149 
	   Memory (MB)          :     0           1       991 
...
000 (044.000.000) 09/10 13:04:42 Job submitted from host: <127.0.0.1:9618?addrs=127.0.0.1-9618&noUDP&sock=268_b7e0_4>
    DAG Node: clean_up_local_level_3_0
    pool:local
...
000 (045.000.000) 09/10 13:04:42 Job submitted from host: <127.0.0.1:9618?addrs=127.0.0.1-9618&noUDP&sock=268_b7e0_4>
    DAG Node: stage_out_local_local_0_0
    pool:local
...
000 (046.000.000) 09/10 13:04:42 Job submitted from host: <127.0.0.1:9618?addrs=127.0.0.1-9618&noUDP&sock=268_b7e0_4>
    DAG Node: Augmentation_py_ID0000002
    pool:condorpool
...
001 (045.000.000) 09/10 13:04:43 Job executing on host: <127.0.0.1:9618?addrs=127.0.0.1-9618&noUDP&sock=276_3784_46>
...
001 (044.000.000) 09/10 13:04:43 Job executing on host: <127.0.0.1:9618?addrs=127.0.0.1-9618&noUDP&sock=276_3784_45>
...
001 (046.000.000) 09/10 13:04:45 Job executing on host: <127.0.0.1:9618?addrs=127.0.0.1-9618&noUDP&sock=268_b7e0_5>
...
006 (046.000.000) 09/10 13:04:51 Image size of job updated: 37
	7  -  MemoryUsage of job (MB)
	6656  -  ResidentSetSize of job (KB)
...
006 (046.000.000) 09/10 13:04:56 Image size of job updated: 870444
	242  -  MemoryUsage of job (MB)
	247012  -  ResidentSetSize of job (KB)
...
005 (044.000.000) 09/10 13:04:59 Job terminated.
	(1) Normal termination (return value 0)
		Usr 0 00:00:00, Sys 0 00:00:00  -  Run Remote Usage
		Usr 0 00:00:00, Sys 0 00:00:00  -  Run Local Usage
		Usr 0 00:00:00, Sys 0 00:00:00  -  Total Remote Usage
		Usr 0 00:00:00, Sys 0 00:00:00  -  Total Local Usage
	0  -  Run Bytes Sent By Job
	0  -  Run Bytes Received By Job
	0  -  Total Bytes Sent By Job
	0  -  Total Bytes Received By Job
...
006 (046.000.000) 09/10 13:05:00 Image size of job updated: 885704
	242  -  MemoryUsage of job (MB)
	247012  -  ResidentSetSize of job (KB)
...
005 (046.000.000) 09/10 13:05:02 Job terminated.
	(1) Normal termination (return value 0)
		Usr 0 00:00:10, Sys 0 00:00:00  -  Run Remote Usage
		Usr 0 00:00:00, Sys 0 00:00:00  -  Run Local Usage
		Usr 0 00:00:10, Sys 0 00:00:00  -  Total Remote Usage
		Usr 0 00:00:00, Sys 0 00:00:00  -  Total Local Usage
	7306041  -  Run Bytes Sent By Job
	13845904  -  Run Bytes Received By Job
	7306041  -  Total Bytes Sent By Job
	13845904  -  Total Bytes Received By Job
	Partitionable Resources :    Usage  Request Allocated 
	   Cpus                 :     0.01        1         1 
	   Disk (KB)            : 85635       15000   4687149 
	   Memory (MB)          :   242           1       991 
...
005 (045.000.000) 09/10 13:05:06 Job terminated.
	(1) Normal termination (return value 0)
		Usr 0 00:00:00, Sys 0 00:00:00  -  Run Remote Usage
		Usr 0 00:00:00, Sys 0 00:00:00  -  Run Local Usage
		Usr 0 00:00:00, Sys 0 00:00:00  -  Total Remote Usage
		Usr 0 00:00:00, Sys 0 00:00:00  -  Total Local Usage
	0  -  Run Bytes Sent By Job
	0  -  Run Bytes Received By Job
	0  -  Total Bytes Sent By Job
	0  -  Total Bytes Received By Job
...
000 (047.000.000) 09/10 13:05:12 Job submitted from host: <127.0.0.1:9618?addrs=127.0.0.1-9618&noUDP&sock=268_b7e0_4>
    DAG Node: stage_out_local_local_1_0
    pool:local
...
000 (048.000.000) 09/10 13:05:13 Job submitted from host: <127.0.0.1:9618?addrs=127.0.0.1-9618&noUDP&sock=268_b7e0_4>
    DAG Node: Data_Split_py_ID0000003
    pool:condorpool
...
001 (047.000.000) 09/10 13:05:14 Job executing on host: <127.0.0.1:9618?addrs=127.0.0.1-9618&noUDP&sock=276_3784_48>
...
001 (048.000.000) 09/10 13:05:17 Job executing on host: <127.0.0.1:9618?addrs=127.0.0.1-9618&noUDP&sock=268_b7e0_5>
...
000 (049.000.000) 09/10 13:05:18 Job submitted from host: <127.0.0.1:9618?addrs=127.0.0.1-9618&noUDP&sock=268_b7e0_4>
    DAG Node: clean_up_local_level_4_0
    pool:local
...
000 (050.000.000) 09/10 13:05:18 Job submitted from host: <127.0.0.1:9618?addrs=127.0.0.1-9618&noUDP&sock=268_b7e0_4>
    DAG Node: register_local_0_0
    pool:local
...
001 (049.000.000) 09/10 13:05:19 Job executing on host: <127.0.0.1:9618?addrs=127.0.0.1-9618&noUDP&sock=276_3784_49>
...
001 (050.000.000) 09/10 13:05:19 Job executing on host: <127.0.0.1:9618?addrs=127.0.0.1-9618&noUDP&sock=276_3784_50>
...
006 (048.000.000) 09/10 13:05:22 Image size of job updated: 291600
	21  -  MemoryUsage of job (MB)
	21072  -  ResidentSetSize of job (KB)
...
005 (050.000.000) 09/10 13:05:24 Job terminated.
	(1) Normal termination (return value 0)
		Usr 0 00:00:00, Sys 0 00:00:00  -  Run Remote Usage
		Usr 0 00:00:00, Sys 0 00:00:00  -  Run Local Usage
		Usr 0 00:00:00, Sys 0 00:00:00  -  Total Remote Usage
		Usr 0 00:00:00, Sys 0 00:00:00  -  Total Local Usage
	0  -  Run Bytes Sent By Job
	0  -  Run Bytes Received By Job
	0  -  Total Bytes Sent By Job
	0  -  Total Bytes Received By Job
...
006 (048.000.000) 09/10 13:05:27 Image size of job updated: 489736
	32  -  MemoryUsage of job (MB)
	32616  -  ResidentSetSize of job (KB)
...
005 (048.000.000) 09/10 13:05:27 Job terminated.
	(1) Normal termination (return value 0)
		Usr 0 00:00:00, Sys 0 00:00:00  -  Run Remote Usage
		Usr 0 00:00:00, Sys 0 00:00:00  -  Run Local Usage
		Usr 0 00:00:00, Sys 0 00:00:00  -  Total Remote Usage
		Usr 0 00:00:00, Sys 0 00:00:00  -  Total Local Usage
	123854  -  Run Bytes Sent By Job
	17990400  -  Run Bytes Received By Job
	123854  -  Total Bytes Sent By Job
	17990400  -  Total Bytes Received By Job
	Partitionable Resources :    Usage  Request Allocated 
	   Cpus                 :     0.21        1         1 
	   Disk (KB)            : 71807       20000   4687149 
	   Memory (MB)          :    32           1       991 
...
005 (049.000.000) 09/10 13:05:35 Job terminated.
	(1) Normal termination (return value 0)
		Usr 0 00:00:00, Sys 0 00:00:00  -  Run Remote Usage
		Usr 0 00:00:00, Sys 0 00:00:00  -  Run Local Usage
		Usr 0 00:00:00, Sys 0 00:00:00  -  Total Remote Usage
		Usr 0 00:00:00, Sys 0 00:00:00  -  Total Local Usage
	0  -  Run Bytes Sent By Job
	0  -  Run Bytes Received By Job
	0  -  Total Bytes Sent By Job
	0  -  Total Bytes Received By Job
...
000 (051.000.000) 09/10 13:05:38 Job submitted from host: <127.0.0.1:9618?addrs=127.0.0.1-9618&noUDP&sock=268_b7e0_4>
    DAG Node: stage_out_local_local_2_0
    pool:local
...
001 (051.000.000) 09/10 13:05:38 Job executing on host: <127.0.0.1:9618?addrs=127.0.0.1-9618&noUDP&sock=276_3784_51>
...
000 (052.000.000) 09/10 13:05:39 Job submitted from host: <127.0.0.1:9618?addrs=127.0.0.1-9618&noUDP&sock=268_b7e0_4>
    DAG Node: VGG_model_py_ID0000004
    pool:condorpool
...
005 (051.000.000) 09/10 13:05:42 Job terminated.
	(1) Normal termination (return value 0)
		Usr 0 00:00:00, Sys 0 00:00:00  -  Run Remote Usage
		Usr 0 00:00:00, Sys 0 00:00:00  -  Run Local Usage
		Usr 0 00:00:00, Sys 0 00:00:00  -  Total Remote Usage
		Usr 0 00:00:00, Sys 0 00:00:00  -  Total Local Usage
	0  -  Run Bytes Sent By Job
	0  -  Run Bytes Received By Job
	0  -  Total Bytes Sent By Job
	0  -  Total Bytes Received By Job
...
001 (052.000.000) 09/10 13:05:43 Job executing on host: <127.0.0.1:9618?addrs=127.0.0.1-9618&noUDP&sock=268_b7e0_5>
...
006 (052.000.000) 09/10 13:05:49 Image size of job updated: 17
	7  -  MemoryUsage of job (MB)
	6516  -  ResidentSetSize of job (KB)
...
000 (053.000.000) 09/10 13:05:55 Job submitted from host: <127.0.0.1:9618?addrs=127.0.0.1-9618&noUDP&sock=268_b7e0_4>
    DAG Node: register_local_2_0
    pool:local
...
006 (052.000.000) 09/10 13:05:55 Image size of job updated: 2451224
	648  -  MemoryUsage of job (MB)
	663020  -  ResidentSetSize of job (KB)
...
001 (053.000.000) 09/10 13:05:56 Job executing on host: <127.0.0.1:9618?addrs=127.0.0.1-9618&noUDP&sock=276_3784_53>
...
005 (053.000.000) 09/10 13:06:00 Job terminated.
	(1) Normal termination (return value 0)
		Usr 0 00:00:00, Sys 0 00:00:00  -  Run Remote Usage
		Usr 0 00:00:00, Sys 0 00:00:00  -  Run Local Usage
		Usr 0 00:00:00, Sys 0 00:00:00  -  Total Remote Usage
		Usr 0 00:00:00, Sys 0 00:00:00  -  Total Local Usage
	0  -  Run Bytes Sent By Job
	0  -  Run Bytes Received By Job
	0  -  Total Bytes Sent By Job
	0  -  Total Bytes Received By Job
...
006 (052.000.000) 09/10 13:06:12 Image size of job updated: 2451224
	669  -  MemoryUsage of job (MB)
	684088  -  ResidentSetSize of job (KB)
...
005 (047.000.000) 09/10 13:06:16 Job terminated.
	(1) Normal termination (return value 0)
		Usr 0 00:00:00, Sys 0 00:00:00  -  Run Remote Usage
		Usr 0 00:00:01, Sys 0 00:00:02  -  Run Local Usage
		Usr 0 00:00:00, Sys 0 00:00:00  -  Total Remote Usage
		Usr 0 00:00:00, Sys 0 00:00:00  -  Total Local Usage
	0  -  Run Bytes Sent By Job
	0  -  Run Bytes Received By Job
	0  -  Total Bytes Sent By Job
	0  -  Total Bytes Received By Job
...
006 (052.000.000) 09/10 13:06:17 Image size of job updated: 2451224
	691  -  MemoryUsage of job (MB)
	706928  -  ResidentSetSize of job (KB)
...
000 (054.000.000) 09/10 13:06:31 Job submitted from host: <127.0.0.1:9618?addrs=127.0.0.1-9618&noUDP&sock=268_b7e0_4>
    DAG Node: clean_up_local_level_5_0
    pool:local
...
000 (055.000.000) 09/10 13:06:31 Job submitted from host: <127.0.0.1:9618?addrs=127.0.0.1-9618&noUDP&sock=268_b7e0_4>
    DAG Node: register_local_1_0
    pool:local
...
001 (054.000.000) 09/10 13:06:33 Job executing on host: <127.0.0.1:9618?addrs=127.0.0.1-9618&noUDP&sock=276_3784_54>
...
001 (055.000.000) 09/10 13:06:33 Job executing on host: <127.0.0.1:9618?addrs=127.0.0.1-9618&noUDP&sock=276_3784_55>
...
005 (055.000.000) 09/10 13:06:36 Job terminated.
	(1) Normal termination (return value 0)
		Usr 0 00:00:00, Sys 0 00:00:00  -  Run Remote Usage
		Usr 0 00:00:00, Sys 0 00:00:00  -  Run Local Usage
		Usr 0 00:00:00, Sys 0 00:00:00  -  Total Remote Usage
		Usr 0 00:00:00, Sys 0 00:00:00  -  Total Local Usage
	0  -  Run Bytes Sent By Job
	0  -  Run Bytes Received By Job
	0  -  Total Bytes Sent By Job
	0  -  Total Bytes Received By Job
...
006 (052.000.000) 09/10 13:06:37 Image size of job updated: 2451224
	695  -  MemoryUsage of job (MB)
	711156  -  ResidentSetSize of job (KB)
...
005 (054.000.000) 09/10 13:06:41 Job terminated.
	(1) Normal termination (return value 0)
		Usr 0 00:00:00, Sys 0 00:00:00  -  Run Remote Usage
		Usr 0 00:00:00, Sys 0 00:00:00  -  Run Local Usage
		Usr 0 00:00:00, Sys 0 00:00:00  -  Total Remote Usage
		Usr 0 00:00:00, Sys 0 00:00:00  -  Total Local Usage
	0  -  Run Bytes Sent By Job
	0  -  Run Bytes Received By Job
	0  -  Total Bytes Sent By Job
	0  -  Total Bytes Received By Job
...
006 (052.000.000) 09/10 13:08:15 Image size of job updated: 2451224
	698  -  MemoryUsage of job (MB)
	714400  -  ResidentSetSize of job (KB)
...
006 (052.000.000) 09/10 13:13:28 Image size of job updated: 2451224
	727  -  MemoryUsage of job (MB)
	744200  -  ResidentSetSize of job (KB)
...
006 (052.000.000) 09/10 13:18:10 Image size of job updated: 2540328
	900  -  MemoryUsage of job (MB)
	920972  -  ResidentSetSize of job (KB)
...
006 (052.000.000) 09/10 13:18:28 Image size of job updated: 2540328
	920  -  MemoryUsage of job (MB)
	941828  -  ResidentSetSize of job (KB)
...
005 (052.000.000) 09/10 13:19:29 Job terminated.
	(1) Normal termination (return value 0)
		Usr 0 00:13:09, Sys 0 00:00:19  -  Run Remote Usage
		Usr 0 00:00:00, Sys 0 00:00:00  -  Run Local Usage
		Usr 0 00:13:09, Sys 0 00:00:19  -  Total Remote Usage
		Usr 0 00:00:00, Sys 0 00:00:00  -  Total Local Usage
	63327216  -  Run Bytes Sent By Job
	17942708  -  Run Bytes Received By Job
	63327216  -  Total Bytes Sent By Job
	17942708  -  Total Bytes Received By Job
	Partitionable Resources :     Usage  Request Allocated 
	   Cpus                 :      1.00        1         1 
	   Disk (KB)            : 133482       20000   4687149 
	   Memory (MB)          :    920           1       991 
...
000 (057.000.000) 09/10 13:19:41 Job submitted from host: <127.0.0.1:9618?addrs=127.0.0.1-9618&noUDP&sock=268_b7e0_4>
    DAG Node: clean_up_local_level_6_0
    pool:local
...
000 (058.000.000) 09/10 13:19:41 Job submitted from host: <127.0.0.1:9618?addrs=127.0.0.1-9618&noUDP&sock=268_b7e0_4>
    DAG Node: stage_out_local_local_3_0
    pool:local
...
000 (059.000.000) 09/10 13:19:42 Job submitted from host: <127.0.0.1:9618?addrs=127.0.0.1-9618&noUDP&sock=268_b7e0_4>
    DAG Node: hpo_checkpointing_py_ID0000005
    pool:condorpool
...
001 (057.000.000) 09/10 13:19:43 Job executing on host: <127.0.0.1:9618?addrs=127.0.0.1-9618&noUDP&sock=276_3784_58>
...
001 (058.000.000) 09/10 13:19:43 Job executing on host: <127.0.0.1:9618?addrs=127.0.0.1-9618&noUDP&sock=276_3784_59>
...
005 (057.000.000) 09/10 13:19:45 Job terminated.
	(1) Normal termination (return value 0)
		Usr 0 00:00:00, Sys 0 00:00:00  -  Run Remote Usage
		Usr 0 00:00:00, Sys 0 00:00:00  -  Run Local Usage
		Usr 0 00:00:00, Sys 0 00:00:00  -  Total Remote Usage
		Usr 0 00:00:00, Sys 0 00:00:00  -  Total Local Usage
	0  -  Run Bytes Sent By Job
	0  -  Run Bytes Received By Job
	0  -  Total Bytes Sent By Job
	0  -  Total Bytes Received By Job
...
005 (058.000.000) 09/10 13:19:47 Job terminated.
	(1) Normal termination (return value 0)
		Usr 0 00:00:00, Sys 0 00:00:00  -  Run Remote Usage
		Usr 0 00:00:00, Sys 0 00:00:00  -  Run Local Usage
		Usr 0 00:00:00, Sys 0 00:00:00  -  Total Remote Usage
		Usr 0 00:00:00, Sys 0 00:00:00  -  Total Local Usage
	0  -  Run Bytes Sent By Job
	0  -  Run Bytes Received By Job
	0  -  Total Bytes Sent By Job
	0  -  Total Bytes Received By Job
...
001 (059.000.000) 09/10 13:19:50 Job executing on host: <127.0.0.1:9618?addrs=127.0.0.1-9618&noUDP&sock=268_b7e0_5>
...
006 (059.000.000) 09/10 13:19:56 Image size of job updated: 267440
	24  -  MemoryUsage of job (MB)
	23784  -  ResidentSetSize of job (KB)
...
000 (060.000.000) 09/10 13:20:02 Job submitted from host: <127.0.0.1:9618?addrs=127.0.0.1-9618&noUDP&sock=268_b7e0_4>
    DAG Node: register_local_3_0
    pool:local
...
001 (060.000.000) 09/10 13:20:05 Job executing on host: <127.0.0.1:9618?addrs=127.0.0.1-9618&noUDP&sock=276_3784_60>
...
006 (059.000.000) 09/10 13:20:08 Image size of job updated: 2646988
	716  -  MemoryUsage of job (MB)
	732344  -  ResidentSetSize of job (KB)
...
005 (060.000.000) 09/10 13:20:09 Job terminated.
	(1) Normal termination (return value 0)
		Usr 0 00:00:00, Sys 0 00:00:00  -  Run Remote Usage
		Usr 0 00:00:00, Sys 0 00:00:00  -  Run Local Usage
		Usr 0 00:00:00, Sys 0 00:00:00  -  Total Remote Usage
		Usr 0 00:00:00, Sys 0 00:00:00  -  Total Local Usage
	0  -  Run Bytes Sent By Job
	0  -  Run Bytes Received By Job
	0  -  Total Bytes Sent By Job
	0  -  Total Bytes Received By Job
...
006 (059.000.000) 09/10 13:20:14 Image size of job updated: 2648012
	848  -  MemoryUsage of job (MB)
	868168  -  ResidentSetSize of job (KB)
...
006 (059.000.000) 09/10 13:20:26 Image size of job updated: 2648012
	973  -  MemoryUsage of job (MB)
	995644  -  ResidentSetSize of job (KB)
...
006 (059.000.000) 09/10 13:23:16 Image size of job updated: 2648012
	975  -  MemoryUsage of job (MB)
	997756  -  ResidentSetSize of job (KB)
...
006 (059.000.000) 09/10 13:30:45 Image size of job updated: 2648012
	976  -  MemoryUsage of job (MB)
	999076  -  ResidentSetSize of job (KB)
...
006 (059.000.000) 09/10 13:34:46 Image size of job updated: 2716004
	1044  -  MemoryUsage of job (MB)
	1068632  -  ResidentSetSize of job (KB)
...
006 (059.000.000) 09/10 13:37:13 Image size of job updated: 2716004
	1044  -  MemoryUsage of job (MB)
	1068732  -  ResidentSetSize of job (KB)
...
005 (059.000.000) 09/10 13:37:16 Job terminated.
	(1) Normal termination (return value 1)
		Usr 0 00:15:31, Sys 0 00:00:33  -  Run Remote Usage
		Usr 0 00:00:00, Sys 0 00:00:00  -  Run Local Usage
		Usr 0 00:15:31, Sys 0 00:00:33  -  Total Remote Usage
		Usr 0 00:00:00, Sys 0 00:00:00  -  Total Local Usage
	63351560  -  Run Bytes Sent By Job
	81119648  -  Run Bytes Received By Job
	63351560  -  Total Bytes Sent By Job
	81119648  -  Total Bytes Received By Job
	Partitionable Resources :     Usage  Request Allocated 
	   Cpus                 :      0.70        1         1 
	   Disk (KB)            : 254780      100000   4687149 
	   Memory (MB)          :   1044           1       991 
...
000 (116.000.000) 09/10 13:37:29 Job submitted from host: <127.0.0.1:9618?addrs=127.0.0.1-9618&noUDP&sock=268_b7e0_4>
    DAG Node: hpo_checkpointing_py_ID0000005
    pool:condorpool
...
001 (116.000.000) 09/10 13:37:41 Job executing on host: <127.0.0.1:9618?addrs=127.0.0.1-9618&noUDP&sock=268_b7e0_5>
...
006 (116.000.000) 09/10 13:37:48 Image size of job updated: 354048
	24  -  MemoryUsage of job (MB)
	23924  -  ResidentSetSize of job (KB)
...
006 (116.000.000) 09/10 13:38:00 Image size of job updated: 358152
	32  -  MemoryUsage of job (MB)
	32452  -  ResidentSetSize of job (KB)
...
006 (116.000.000) 09/10 13:38:33 Image size of job updated: 358152
	44  -  MemoryUsage of job (MB)
	44776  -  ResidentSetSize of job (KB)
...
006 (116.000.000) 09/10 13:38:38 Image size of job updated: 735936
	180  -  MemoryUsage of job (MB)
	183892  -  ResidentSetSize of job (KB)
...
006 (116.000.000) 09/10 13:38:49 Image size of job updated: 2748208
	814  -  MemoryUsage of job (MB)
	833508  -  ResidentSetSize of job (KB)
...
006 (116.000.000) 09/10 13:38:55 Image size of job updated: 2748720
	951  -  MemoryUsage of job (MB)
	973644  -  ResidentSetSize of job (KB)
...
006 (116.000.000) 09/10 13:39:00 Image size of job updated: 2748720
	989  -  MemoryUsage of job (MB)
	1012452  -  ResidentSetSize of job (KB)
...
006 (116.000.000) 09/10 13:39:15 Image size of job updated: 2748720
	1063  -  MemoryUsage of job (MB)
	1087956  -  ResidentSetSize of job (KB)
...
006 (116.000.000) 09/10 13:39:34 Image size of job updated: 2748720
	1064  -  MemoryUsage of job (MB)
	1088984  -  ResidentSetSize of job (KB)
...
005 (116.000.000) 09/10 13:56:59 Job terminated.
	(1) Normal termination (return value 137)
		Usr 0 00:17:02, Sys 0 00:00:32  -  Run Remote Usage
		Usr 0 00:00:00, Sys 0 00:00:00  -  Run Local Usage
		Usr 0 00:17:02, Sys 0 00:00:32  -  Total Remote Usage
		Usr 0 00:00:00, Sys 0 00:00:00  -  Total Local Usage
	63350144  -  Run Bytes Sent By Job
	81119648  -  Run Bytes Received By Job
	63350144  -  Total Bytes Sent By Job
	81119648  -  Total Bytes Received By Job
	Partitionable Resources :     Usage  Request Allocated 
	   Cpus                 :      0.85        1         1 
	   Disk (KB)            : 254779      100000   4687149 
	   Memory (MB)          :   1064           1       991 
...
000 (133.000.000) 09/10 13:57:16 Job submitted from host: <127.0.0.1:9618?addrs=127.0.0.1-9618&noUDP&sock=268_b7e0_4>
    DAG Node: hpo_checkpointing_py_ID0000005
    pool:condorpool
...
001 (133.000.000) 09/10 13:57:26 Job executing on host: <127.0.0.1:9618?addrs=127.0.0.1-9618&noUDP&sock=268_b7e0_5>
...
006 (133.000.000) 09/10 13:57:32 Image size of job updated: 261776
	21  -  MemoryUsage of job (MB)
	20636  -  ResidentSetSize of job (KB)
...
006 (133.000.000) 09/10 13:57:37 Image size of job updated: 261776
	21  -  MemoryUsage of job (MB)
	20644  -  ResidentSetSize of job (KB)
...
006 (133.000.000) 09/10 13:57:42 Image size of job updated: 280424
	24  -  MemoryUsage of job (MB)
	24300  -  ResidentSetSize of job (KB)
...
006 (133.000.000) 09/10 13:57:49 Image size of job updated: 741800
	181  -  MemoryUsage of job (MB)
	184820  -  ResidentSetSize of job (KB)
...
006 (133.000.000) 09/10 13:57:54 Image size of job updated: 1183124
	564  -  MemoryUsage of job (MB)
	576672  -  ResidentSetSize of job (KB)
...
006 (133.000.000) 09/10 13:58:04 Image size of job updated: 2751768
	845  -  MemoryUsage of job (MB)
	865080  -  ResidentSetSize of job (KB)
...
006 (133.000.000) 09/10 13:58:15 Image size of job updated: 2751768
	888  -  MemoryUsage of job (MB)
	908836  -  ResidentSetSize of job (KB)
...
006 (133.000.000) 09/10 13:58:21 Image size of job updated: 2751768
	931  -  MemoryUsage of job (MB)
	952524  -  ResidentSetSize of job (KB)
...
006 (133.000.000) 09/10 13:58:39 Image size of job updated: 2751768
	969  -  MemoryUsage of job (MB)
	991332  -  ResidentSetSize of job (KB)
...
006 (133.000.000) 09/10 13:58:51 Image size of job updated: 2751768
	971  -  MemoryUsage of job (MB)
	994232  -  ResidentSetSize of job (KB)
...
006 (133.000.000) 09/10 13:59:01 Image size of job updated: 2751768
	973  -  MemoryUsage of job (MB)
	996108  -  ResidentSetSize of job (KB)
...
006 (133.000.000) 09/10 13:59:11 Image size of job updated: 2751768
	976  -  MemoryUsage of job (MB)
	998508  -  ResidentSetSize of job (KB)
...
006 (133.000.000) 09/10 14:02:52 Image size of job updated: 2751768
	983  -  MemoryUsage of job (MB)
	1005600  -  ResidentSetSize of job (KB)
...
006 (133.000.000) 09/10 14:03:52 Image size of job updated: 2751768
	989  -  MemoryUsage of job (MB)
	1012168  -  ResidentSetSize of job (KB)
...
006 (133.000.000) 09/10 14:08:37 Image size of job updated: 2751768
	989  -  MemoryUsage of job (MB)
	1012220  -  ResidentSetSize of job (KB)
...
006 (133.000.000) 09/10 14:11:08 Image size of job updated: 2751768
	990  -  MemoryUsage of job (MB)
	1013276  -  ResidentSetSize of job (KB)
...
006 (133.000.000) 09/10 14:15:37 Image size of job updated: 2751768
	991  -  MemoryUsage of job (MB)
	1014332  -  ResidentSetSize of job (KB)
...
005 (133.000.000) 09/10 14:17:19 Job terminated.
	(1) Normal termination (return value 1)
		Usr 0 00:18:33, Sys 0 00:00:25  -  Run Remote Usage
		Usr 0 00:00:00, Sys 0 00:00:00  -  Run Local Usage
		Usr 0 00:18:33, Sys 0 00:00:25  -  Total Remote Usage
		Usr 0 00:00:00, Sys 0 00:00:00  -  Total Local Usage
	63351568  -  Run Bytes Sent By Job
	81119648  -  Run Bytes Received By Job
	63351568  -  Total Bytes Sent By Job
	81119648  -  Total Bytes Received By Job
	Partitionable Resources :     Usage  Request Allocated 
	   Cpus                 :      0.01        1         1 
	   Disk (KB)            : 254781      100000   4687149 
	   Memory (MB)          :    991           1       991 
...
000 (142.000.000) 09/10 14:17:32 Job submitted from host: <127.0.0.1:9618?addrs=127.0.0.1-9618&noUDP&sock=268_b7e0_4>
    DAG Node: hpo_checkpointing_py_ID0000005
    pool:condorpool
...
001 (142.000.000) 09/10 14:17:40 Job executing on host: <127.0.0.1:9618?addrs=127.0.0.1-9618&noUDP&sock=268_b7e0_5>
...
006 (142.000.000) 09/10 14:17:46 Image size of job updated: 43392
	7  -  MemoryUsage of job (MB)
	6680  -  ResidentSetSize of job (KB)
...
006 (142.000.000) 09/10 14:17:51 Image size of job updated: 672012
	167  -  MemoryUsage of job (MB)
	170052  -  ResidentSetSize of job (KB)
...
006 (142.000.000) 09/10 14:18:09 Image size of job updated: 2751772
	1056  -  MemoryUsage of job (MB)
	1081160  -  ResidentSetSize of job (KB)
...
006 (142.000.000) 09/10 14:18:22 Image size of job updated: 2751772
	1058  -  MemoryUsage of job (MB)
	1082908  -  ResidentSetSize of job (KB)
...
006 (142.000.000) 09/10 14:18:27 Image size of job updated: 2751772
	1062  -  MemoryUsage of job (MB)
	1087132  -  ResidentSetSize of job (KB)
...
006 (142.000.000) 09/10 14:18:42 Image size of job updated: 2751772
	1064  -  MemoryUsage of job (MB)
	1089244  -  ResidentSetSize of job (KB)
...
006 (142.000.000) 09/10 14:19:24 Image size of job updated: 2751772
	1068  -  MemoryUsage of job (MB)
	1093028  -  ResidentSetSize of job (KB)
...
006 (142.000.000) 09/10 14:19:54 Image size of job updated: 2751772
	1070  -  MemoryUsage of job (MB)
	1094876  -  ResidentSetSize of job (KB)
...
005 (142.000.000) 09/10 14:34:19 Job terminated.
	(1) Normal termination (return value 1)
		Usr 0 00:15:40, Sys 0 00:00:18  -  Run Remote Usage
		Usr 0 00:00:00, Sys 0 00:00:00  -  Run Local Usage
		Usr 0 00:15:40, Sys 0 00:00:18  -  Total Remote Usage
		Usr 0 00:00:00, Sys 0 00:00:00  -  Total Local Usage
	63351544  -  Run Bytes Sent By Job
	81119648  -  Run Bytes Received By Job
	63351544  -  Total Bytes Sent By Job
	81119648  -  Total Bytes Received By Job
	Partitionable Resources :     Usage  Request Allocated 
	   Cpus                 :      0.99        1         1 
	   Disk (KB)            : 254780      100000   4687149 
	   Memory (MB)          :   1070           1       991 
...
000 (146.000.000) 09/10 14:34:33 Job submitted from host: <127.0.0.1:9618?addrs=127.0.0.1-9618&noUDP&sock=268_b7e0_4>
    DAG Node: hpo_checkpointing_py_ID0000005
    pool:condorpool
...
001 (146.000.000) 09/10 14:34:38 Job executing on host: <127.0.0.1:9618?addrs=127.0.0.1-9618&noUDP&sock=268_b7e0_5>
...
006 (146.000.000) 09/10 14:34:44 Image size of job updated: 17
	7  -  MemoryUsage of job (MB)
	6460  -  ResidentSetSize of job (KB)
...
006 (146.000.000) 09/10 14:34:50 Image size of job updated: 1436352
	588  -  MemoryUsage of job (MB)
	601732  -  ResidentSetSize of job (KB)
...
006 (146.000.000) 09/10 14:35:06 Image size of job updated: 2751632
	1068  -  MemoryUsage of job (MB)
	1092744  -  ResidentSetSize of job (KB)
...
006 (146.000.000) 09/10 14:35:21 Image size of job updated: 2751632
	1070  -  MemoryUsage of job (MB)
	1094856  -  ResidentSetSize of job (KB)
...
006 (146.000.000) 09/10 14:35:54 Image size of job updated: 2751632
	1072  -  MemoryUsage of job (MB)
	1096968  -  ResidentSetSize of job (KB)
...
006 (146.000.000) 09/10 14:36:52 Image size of job updated: 2751632
	1075  -  MemoryUsage of job (MB)
	1100384  -  ResidentSetSize of job (KB)
...
006 (146.000.000) 09/10 14:38:09 Image size of job updated: 2751632
	1076  -  MemoryUsage of job (MB)
	1101704  -  ResidentSetSize of job (KB)
...
005 (146.000.000) 09/10 14:51:25 Job terminated.
	(1) Normal termination (return value 1)
		Usr 0 00:15:58, Sys 0 00:00:18  -  Run Remote Usage
		Usr 0 00:00:00, Sys 0 00:00:00  -  Run Local Usage
		Usr 0 00:15:58, Sys 0 00:00:18  -  Total Remote Usage
		Usr 0 00:00:00, Sys 0 00:00:00  -  Total Local Usage
	63351528  -  Run Bytes Sent By Job
	81119648  -  Run Bytes Received By Job
	63351528  -  Total Bytes Sent By Job
	81119648  -  Total Bytes Received By Job
	Partitionable Resources :     Usage  Request Allocated 
	   Cpus                 :      0.99        1         1 
	   Disk (KB)            : 254780      100000   4687149 
	   Memory (MB)          :   1076           1       991 
...
000 (149.000.000) 09/10 14:51:39 Job submitted from host: <127.0.0.1:9618?addrs=127.0.0.1-9618&noUDP&sock=268_b7e0_4>
    DAG Node: hpo_checkpointing_py_ID0000005
    pool:condorpool
...
001 (149.000.000) 09/10 14:51:50 Job executing on host: <127.0.0.1:9618?addrs=127.0.0.1-9618&noUDP&sock=268_b7e0_5>
...
006 (149.000.000) 09/10 14:51:56 Image size of job updated: 48436
	7  -  MemoryUsage of job (MB)
	6516  -  ResidentSetSize of job (KB)
...
006 (149.000.000) 09/10 14:52:08 Image size of job updated: 2743688
	903  -  MemoryUsage of job (MB)
	924176  -  ResidentSetSize of job (KB)
...
006 (149.000.000) 09/10 14:52:20 Image size of job updated: 2743688
	1024  -  MemoryUsage of job (MB)
	1048228  -  ResidentSetSize of job (KB)
...
006 (149.000.000) 09/10 14:52:39 Image size of job updated: 2743688
	1027  -  MemoryUsage of job (MB)
	1050684  -  ResidentSetSize of job (KB)
...
006 (149.000.000) 09/10 14:52:49 Image size of job updated: 2743688
	1062  -  MemoryUsage of job (MB)
	1087380  -  ResidentSetSize of job (KB)
...
006 (149.000.000) 09/10 14:53:04 Image size of job updated: 2743688
	1064  -  MemoryUsage of job (MB)
	1089492  -  ResidentSetSize of job (KB)
...
006 (149.000.000) 09/10 14:53:09 Image size of job updated: 2743688
	1067  -  MemoryUsage of job (MB)
	1091604  -  ResidentSetSize of job (KB)
...
005 (149.000.000) 09/10 15:08:38 Job terminated.
	(1) Normal termination (return value 1)
		Usr 0 00:15:11, Sys 0 00:00:35  -  Run Remote Usage
		Usr 0 00:00:00, Sys 0 00:00:00  -  Run Local Usage
		Usr 0 00:15:11, Sys 0 00:00:35  -  Total Remote Usage
		Usr 0 00:00:00, Sys 0 00:00:00  -  Total Local Usage
	63351520  -  Run Bytes Sent By Job
	81119648  -  Run Bytes Received By Job
	63351520  -  Total Bytes Sent By Job
	81119648  -  Total Bytes Received By Job
	Partitionable Resources :     Usage  Request Allocated 
	   Cpus                 :      0.01        1         1 
	   Disk (KB)            : 254780      100000   4687149 
	   Memory (MB)          :   1067           1       991 
...
000 (174.000.000) 09/10 15:08:50 Job submitted from host: <127.0.0.1:9618?addrs=127.0.0.1-9618&noUDP&sock=268_b7e0_4>
    DAG Node: hpo_checkpointing_py_ID0000005
    pool:condorpool
...
001 (174.000.000) 09/10 15:08:55 Job executing on host: <127.0.0.1:9618?addrs=127.0.0.1-9618&noUDP&sock=268_b7e0_5>
...
006 (174.000.000) 09/10 15:09:01 Image size of job updated: 17
	7  -  MemoryUsage of job (MB)
	6588  -  ResidentSetSize of job (KB)
...
006 (174.000.000) 09/10 15:09:12 Image size of job updated: 2750712
	817  -  MemoryUsage of job (MB)
	836576  -  ResidentSetSize of job (KB)
...
006 (174.000.000) 09/10 15:09:24 Image size of job updated: 2751480
	1069  -  MemoryUsage of job (MB)
	1094176  -  ResidentSetSize of job (KB)
...
006 (174.000.000) 09/10 15:09:42 Image size of job updated: 2751480
	1071  -  MemoryUsage of job (MB)
	1096288  -  ResidentSetSize of job (KB)
...
006 (174.000.000) 09/10 15:09:54 Image size of job updated: 2751480
	1073  -  MemoryUsage of job (MB)
	1098136  -  ResidentSetSize of job (KB)
...
006 (174.000.000) 09/10 15:10:41 Image size of job updated: 2751480
	1075  -  MemoryUsage of job (MB)
	1100272  -  ResidentSetSize of job (KB)
...
006 (174.000.000) 09/10 15:12:10 Image size of job updated: 2751480
	1077  -  MemoryUsage of job (MB)
	1102384  -  ResidentSetSize of job (KB)
...
006 (174.000.000) 09/10 15:21:27 Image size of job updated: 2751480
	1078  -  MemoryUsage of job (MB)
	1103704  -  ResidentSetSize of job (KB)
...
006 (174.000.000) 09/10 15:23:57 Image size of job updated: 2751992
	1080  -  MemoryUsage of job (MB)
	1105720  -  ResidentSetSize of job (KB)
...
005 (174.000.000) 09/10 15:25:12 Job terminated.
	(1) Normal termination (return value 1)
		Usr 0 00:15:32, Sys 0 00:00:17  -  Run Remote Usage
		Usr 0 00:00:00, Sys 0 00:00:00  -  Run Local Usage
		Usr 0 00:15:32, Sys 0 00:00:17  -  Total Remote Usage
		Usr 0 00:00:00, Sys 0 00:00:00  -  Total Local Usage
	63351528  -  Run Bytes Sent By Job
	81119648  -  Run Bytes Received By Job
	63351528  -  Total Bytes Sent By Job
	81119648  -  Total Bytes Received By Job
	Partitionable Resources :     Usage  Request Allocated 
	   Cpus                 :      0.99        1         1 
	   Disk (KB)            : 254780      100000   4687149 
	   Memory (MB)          :   1080           1       991 
...
000 (179.000.000) 09/10 15:25:26 Job submitted from host: <127.0.0.1:9618?addrs=127.0.0.1-9618&noUDP&sock=268_b7e0_4>
    DAG Node: hpo_checkpointing_py_ID0000005
    pool:condorpool
...
001 (179.000.000) 09/10 15:25:32 Job executing on host: <127.0.0.1:9618?addrs=127.0.0.1-9618&noUDP&sock=268_b7e0_5>
...
006 (179.000.000) 09/10 15:25:38 Image size of job updated: 267440
	24  -  MemoryUsage of job (MB)
	23856  -  ResidentSetSize of job (KB)
...
006 (179.000.000) 09/10 15:25:55 Image size of job updated: 2743716
	991  -  MemoryUsage of job (MB)
	1014096  -  ResidentSetSize of job (KB)
...
006 (179.000.000) 09/10 15:26:13 Image size of job updated: 2743716
	1060  -  MemoryUsage of job (MB)
	1085376  -  ResidentSetSize of job (KB)
...
006 (179.000.000) 09/10 15:26:26 Image size of job updated: 2743716
	1065  -  MemoryUsage of job (MB)
	1089600  -  ResidentSetSize of job (KB)
...
006 (179.000.000) 09/10 15:26:41 Image size of job updated: 2743716
	1067  -  MemoryUsage of job (MB)
	1091712  -  ResidentSetSize of job (KB)
...
006 (179.000.000) 09/10 15:27:28 Image size of job updated: 2743716
	1069  -  MemoryUsage of job (MB)
	1094092  -  ResidentSetSize of job (KB)
...
006 (179.000.000) 09/10 15:28:10 Image size of job updated: 2743716
	1070  -  MemoryUsage of job (MB)
	1095412  -  ResidentSetSize of job (KB)
...
006 (179.000.000) 09/10 15:43:14 Image size of job updated: 2763908
	1070  -  MemoryUsage of job (MB)
	1095412  -  ResidentSetSize of job (KB)
...
005 (179.000.000) 09/10 15:45:28 Job terminated.
	(1) Normal termination (return value 1)
		Usr 0 00:17:09, Sys 0 00:00:49  -  Run Remote Usage
		Usr 0 00:00:00, Sys 0 00:00:00  -  Run Local Usage
		Usr 0 00:17:09, Sys 0 00:00:49  -  Total Remote Usage
		Usr 0 00:00:00, Sys 0 00:00:00  -  Total Local Usage
	63351600  -  Run Bytes Sent By Job
	81119648  -  Run Bytes Received By Job
	63351600  -  Total Bytes Sent By Job
	81119648  -  Total Bytes Received By Job
	Partitionable Resources :     Usage  Request Allocated 
	   Cpus                 :      0.76        1         1 
	   Disk (KB)            : 254780      100000   4687149 
	   Memory (MB)          :   1070           1       991 
...
000 (222.000.000) 09/10 15:45:42 Job submitted from host: <127.0.0.1:9618?addrs=127.0.0.1-9618&noUDP&sock=268_b7e0_4>
    DAG Node: hpo_checkpointing_py_ID0000005
    pool:condorpool
...
001 (222.000.000) 09/10 15:45:53 Job executing on host: <127.0.0.1:9618?addrs=127.0.0.1-9618&noUDP&sock=268_b7e0_5>
...
006 (222.000.000) 09/10 15:45:59 Image size of job updated: 228184
	25  -  MemoryUsage of job (MB)
	24584  -  ResidentSetSize of job (KB)
...
006 (222.000.000) 09/10 15:46:14 Image size of job updated: 1357612
	626  -  MemoryUsage of job (MB)
	640860  -  ResidentSetSize of job (KB)
...
006 (222.000.000) 09/10 15:46:24 Image size of job updated: 2751776
	936  -  MemoryUsage of job (MB)
	957808  -  ResidentSetSize of job (KB)
...
006 (222.000.000) 09/10 15:46:47 Image size of job updated: 2751776
	970  -  MemoryUsage of job (MB)
	992936  -  ResidentSetSize of job (KB)
...
006 (222.000.000) 09/10 15:46:59 Image size of job updated: 2751776
	972  -  MemoryUsage of job (MB)
	994784  -  ResidentSetSize of job (KB)
...
006 (222.000.000) 09/10 15:47:14 Image size of job updated: 2751776
	974  -  MemoryUsage of job (MB)
	996940  -  ResidentSetSize of job (KB)
...
006 (222.000.000) 09/10 15:48:42 Image size of job updated: 2751776
	975  -  MemoryUsage of job (MB)
	997996  -  ResidentSetSize of job (KB)
...
006 (222.000.000) 09/10 15:50:33 Image size of job updated: 2751776
	983  -  MemoryUsage of job (MB)
	1005636  -  ResidentSetSize of job (KB)
...
006 (222.000.000) 09/10 15:50:58 Image size of job updated: 2751776
	989  -  MemoryUsage of job (MB)
	1012276  -  ResidentSetSize of job (KB)
...
006 (222.000.000) 09/10 15:53:14 Image size of job updated: 2751776
	990  -  MemoryUsage of job (MB)
	1013596  -  ResidentSetSize of job (KB)
...
005 (222.000.000) 09/10 16:03:11 Job terminated.
	(1) Normal termination (return value 1)
		Usr 0 00:16:10, Sys 0 00:00:27  -  Run Remote Usage
		Usr 0 00:00:00, Sys 0 00:00:00  -  Run Local Usage
		Usr 0 00:16:10, Sys 0 00:00:27  -  Total Remote Usage
		Usr 0 00:00:00, Sys 0 00:00:00  -  Total Local Usage
	63351544  -  Run Bytes Sent By Job
	81119648  -  Run Bytes Received By Job
	63351544  -  Total Bytes Sent By Job
	81119648  -  Total Bytes Received By Job
	Partitionable Resources :     Usage  Request Allocated 
	   Cpus                 :      1.00        1         1 
	   Disk (KB)            : 254780      100000   4687149 
	   Memory (MB)          :    990           1       991 
...
000 (234.000.000) 09/10 16:03:23 Job submitted from host: <127.0.0.1:9618?addrs=127.0.0.1-9618&noUDP&sock=268_b7e0_4>
    DAG Node: hpo_checkpointing_py_ID0000005
    pool:condorpool
...
001 (234.000.000) 09/10 16:03:28 Job executing on host: <127.0.0.1:9618?addrs=127.0.0.1-9618&noUDP&sock=268_b7e0_5>
...
006 (234.000.000) 09/10 16:03:34 Image size of job updated: 45816
	6  -  MemoryUsage of job (MB)
	5280  -  ResidentSetSize of job (KB)
...
006 (234.000.000) 09/10 16:03:46 Image size of job updated: 2751516
	958  -  MemoryUsage of job (MB)
	980876  -  ResidentSetSize of job (KB)
...
006 (234.000.000) 09/10 16:03:58 Image size of job updated: 2751516
	1070  -  MemoryUsage of job (MB)
	1095188  -  ResidentSetSize of job (KB)
...
006 (234.000.000) 09/10 16:04:16 Image size of job updated: 2751516
	1074  -  MemoryUsage of job (MB)
	1099412  -  ResidentSetSize of job (KB)
...
006 (234.000.000) 09/10 16:06:00 Image size of job updated: 2751516
	1076  -  MemoryUsage of job (MB)
	1101524  -  ResidentSetSize of job (KB)
...
005 (234.000.000) 09/10 16:17:13 Job terminated.
	(1) Normal termination (return value 1)
		Usr 0 00:12:58, Sys 0 00:00:16  -  Run Remote Usage
		Usr 0 00:00:00, Sys 0 00:00:00  -  Run Local Usage
		Usr 0 00:12:58, Sys 0 00:00:16  -  Total Remote Usage
		Usr 0 00:00:00, Sys 0 00:00:00  -  Total Local Usage
	63351472  -  Run Bytes Sent By Job
	81119648  -  Run Bytes Received By Job
	63351472  -  Total Bytes Sent By Job
	81119648  -  Total Bytes Received By Job
	Partitionable Resources :     Usage  Request Allocated 
	   Cpus                 :      0.01        1         1 
	   Disk (KB)            : 254780      100000   4687149 
	   Memory (MB)          :   1076           1       991 
...
000 (240.000.000) 09/10 16:17:29 Job submitted from host: <127.0.0.1:9618?addrs=127.0.0.1-9618&noUDP&sock=268_b7e0_4>
    DAG Node: hpo_checkpointing_py_ID0000005
    pool:condorpool
...
001 (240.000.000) 09/10 16:17:40 Job executing on host: <127.0.0.1:9618?addrs=127.0.0.1-9618&noUDP&sock=268_b7e0_5>
...
006 (240.000.000) 09/10 16:17:47 Image size of job updated: 252304
	20  -  MemoryUsage of job (MB)
	20204  -  ResidentSetSize of job (KB)
...
006 (240.000.000) 09/10 16:18:03 Image size of job updated: 2751516
	1030  -  MemoryUsage of job (MB)
	1053948  -  ResidentSetSize of job (KB)
...
006 (240.000.000) 09/10 16:18:18 Image size of job updated: 2751516
	1068  -  MemoryUsage of job (MB)
	1093080  -  ResidentSetSize of job (KB)
...
006 (240.000.000) 09/10 16:18:33 Image size of job updated: 2751516
	1072  -  MemoryUsage of job (MB)
	1097304  -  ResidentSetSize of job (KB)
...
006 (240.000.000) 09/10 16:18:48 Image size of job updated: 2751516
	1074  -  MemoryUsage of job (MB)
	1099416  -  ResidentSetSize of job (KB)
...
006 (240.000.000) 09/10 16:20:17 Image size of job updated: 2751516
	1074  -  MemoryUsage of job (MB)
	1099672  -  ResidentSetSize of job (KB)
...
006 (240.000.000) 09/10 16:20:45 Image size of job updated: 2751516
	1075  -  MemoryUsage of job (MB)
	1100728  -  ResidentSetSize of job (KB)
...
