2020-10-01 10:44:36,191:INFO:pegasus-monitord(58): pegasus-monitord starting - pid 96221 
2020-10-01 10:44:36,208:INFO:pegasus-monitord(455): Final Command line options are: ['-N', 'Cats_and_Dogs-0.dag.dagman.out']
2020-10-01 10:44:36,226:INFO:Pegasus.monitoring.event_output(629): Connecting workflow event sink to sqlite:////home/scitech/shared-data/CatsAndDogs/scitech/pegasus/Cats_and_Dogs/run0001/Cats_and_Dogs-0.stampede.db
Created Pegasus database in: sqlite:////home/scitech/shared-data/CatsAndDogs/scitech/pegasus/Cats_and_Dogs/run0001/Cats_and_Dogs-0.stampede.db
Your database is compatible with Pegasus version: 5.0.0dev
2020-10-01 10:44:36,923:INFO:Pegasus.monitoring.event_output(703): output type=DB namespace=stampede. name=sqlite:////home/scitech/shared-data/CatsAndDogs/scitech/pegasus/Cats_and_Dogs/run0001/Cats_and_Dogs-0.stampede.db
2020-10-01 10:44:36,924:INFO:Pegasus.monitoring.event_output(629): Connecting workflow event sink to sqlite:////home/scitech/.pegasus/workflow.db
Your database is compatible with Pegasus version: 5.0.0dev
2020-10-01 10:44:37,335:INFO:Pegasus.monitoring.event_output(703): output type=DB namespace=dashboard. name=sqlite:////home/scitech/.pegasus/workflow.db
2020-10-01 10:44:37,336:INFO:pegasus-monitord(1247): monitord started in fast start mode
2020-10-01 10:44:37,355:INFO:Pegasus.monitoring.workflow(461): cannot open state file /home/scitech/shared-data/CatsAndDogs/scitech/pegasus/Cats_and_Dogs/run0001/monitord.info, continuing without state...
2020-10-01 10:44:37,355:INFO:Pegasus.monitoring.workflow(1148): creating new file /home/scitech/shared-data/CatsAndDogs/scitech/pegasus/Cats_and_Dogs/run0001/jobstate.log
2020-10-01 10:44:37,356:INFO:Pegasus.monitoring.workflow(1158): Appending to existing jobstate.log replay_mode 0 previous_processed_line 0
2020-10-01 10:44:37,357:INFO:Pegasus.monitoring.notifications(474): loading notifications from /home/scitech/shared-data/CatsAndDogs/scitech/pegasus/Cats_and_Dogs/run0001/Cats_and_Dogs-0.notify
2020-10-01 10:44:37,612:INFO:Pegasus.monitoring.workflow(205): Parsing DAG file /home/scitech/shared-data/CatsAndDogs/scitech/pegasus/Cats_and_Dogs/run0001/Cats_and_Dogs-0.dag
2020-10-01 10:44:37,622:INFO:pegasus-monitord(974): Using DAGMan version 8.8.10 80810
2020-10-01 10:44:37,622:INFO:pegasus-monitord(949): DAGMan runs at pid 96220
2020-10-01 10:44:37,625:INFO:pegasus-monitord(955): using dag Cats_and_Dogs-0.dag
2020-10-01 10:44:37,626:INFO:Pegasus.monitoring.workflow(811): DAGMan starting with condor id 191.0
2020-10-01 10:45:57,656:INFO:Pegasus.monitoring.workflow(2468): Populating locations corresponding to succeeded registration job  /home/scitech/shared-data/CatsAndDogs/scitech/pegasus/Cats_and_Dogs/run0001/00/00/register_local_0_0.in 
2020-10-01 10:46:18,595:INFO:Pegasus.monitoring.workflow(2468): Populating locations corresponding to succeeded registration job  /home/scitech/shared-data/CatsAndDogs/scitech/pegasus/Cats_and_Dogs/run0001/00/00/register_local_1_0.in 
2020-10-01 10:46:27,738:INFO:Pegasus.monitoring.workflow(2468): Populating locations corresponding to succeeded registration job  /home/scitech/shared-data/CatsAndDogs/scitech/pegasus/Cats_and_Dogs/run0001/00/00/register_local_2_0.in 
2020-10-01 10:50:37,826:INFO:Pegasus.monitoring.workflow(2468): Populating locations corresponding to succeeded registration job  /home/scitech/shared-data/CatsAndDogs/scitech/pegasus/Cats_and_Dogs/run0001/00/00/register_local_3_0.in 
2020-10-01 10:50:58,100:INFO:pegasus-monitord(927): DAGMan Cats_and_Dogs-0.dag finished with exit code 0
2020-10-01 10:50:59,114:INFO:pegasus-monitord(1427): workflow /home/scitech/shared-data/CatsAndDogs/scitech/pegasus/Cats_and_Dogs/run0001/Cats_and_Dogs-0.dag.dagman.out ended
2020-10-01 10:50:59,120:INFO:Pegasus.monitoring.workflow(1378): recovery file deleted: /home/scitech/shared-data/CatsAndDogs/scitech/pegasus/Cats_and_Dogs/run0001/monitord.recover
2020-10-01 10:50:59,123:INFO:pegasus-monitord(1665): finishing workflow: /home/scitech/shared-data/CatsAndDogs/scitech/pegasus/Cats_and_Dogs/run0001/Cats_and_Dogs-0.dag.dagman.out
2020-10-01 10:50:59,124:INFO:pegasus-monitord(1719): finishing notifications...
2020-10-01 10:50:59,125:INFO:pegasus-monitord(1727): monitord process 96221 exiting with 0
2020-10-01 10:50:59,126:INFO:pegasus-monitord(197): DB flushing beginning
2020-10-01 10:50:59,126:INFO:Pegasus.db.workflow_loader.WorkflowLoader(1244): Executing final flush
2020-10-01 10:50:59,206:INFO:Pegasus.db.dashboard_loader.DashboardLoader(397): Executing final flush
2020-10-01 10:50:59,207:INFO:pegasus-monitord(213): DB flushing ended
