2020-09-24 09:27:17,171:INFO:pegasus-monitord(58): pegasus-monitord starting - pid 37887 
2020-09-24 09:27:17,186:INFO:pegasus-monitord(455): Final Command line options are: ['-N', 'Cats_and_Dogs-0.dag.dagman.out']
2020-09-24 09:27:17,199:INFO:Pegasus.monitoring.event_output(629): Connecting workflow event sink to sqlite:////home/scitech/shared-data/CatsAndDogs/scitech/pegasus/Cats_and_Dogs/run0020/Cats_and_Dogs-0.stampede.db
Created Pegasus database in: sqlite:////home/scitech/shared-data/CatsAndDogs/scitech/pegasus/Cats_and_Dogs/run0020/Cats_and_Dogs-0.stampede.db
Your database is compatible with Pegasus version: 5.0.0dev
2020-09-24 09:27:17,989:INFO:Pegasus.monitoring.event_output(703): output type=DB namespace=stampede. name=sqlite:////home/scitech/shared-data/CatsAndDogs/scitech/pegasus/Cats_and_Dogs/run0020/Cats_and_Dogs-0.stampede.db
2020-09-24 09:27:17,990:INFO:Pegasus.monitoring.event_output(629): Connecting workflow event sink to sqlite:////home/scitech/.pegasus/workflow.db
Your database is compatible with Pegasus version: 5.0.0dev
2020-09-24 09:27:18,418:INFO:Pegasus.monitoring.event_output(703): output type=DB namespace=dashboard. name=sqlite:////home/scitech/.pegasus/workflow.db
2020-09-24 09:27:18,419:INFO:pegasus-monitord(1247): monitord started in fast start mode
2020-09-24 09:27:18,435:INFO:Pegasus.monitoring.workflow(461): cannot open state file /home/scitech/shared-data/CatsAndDogs/scitech/pegasus/Cats_and_Dogs/run0020/monitord.info, continuing without state...
2020-09-24 09:27:18,436:INFO:Pegasus.monitoring.workflow(1148): creating new file /home/scitech/shared-data/CatsAndDogs/scitech/pegasus/Cats_and_Dogs/run0020/jobstate.log
2020-09-24 09:27:18,436:INFO:Pegasus.monitoring.workflow(1158): Appending to existing jobstate.log replay_mode 0 previous_processed_line 0
2020-09-24 09:27:18,437:INFO:Pegasus.monitoring.notifications(474): loading notifications from /home/scitech/shared-data/CatsAndDogs/scitech/pegasus/Cats_and_Dogs/run0020/Cats_and_Dogs-0.notify
2020-09-24 09:27:18,717:INFO:Pegasus.monitoring.workflow(205): Parsing DAG file /home/scitech/shared-data/CatsAndDogs/scitech/pegasus/Cats_and_Dogs/run0020/Cats_and_Dogs-0.dag
2020-09-24 09:27:18,727:INFO:pegasus-monitord(974): Using DAGMan version 8.8.10 80810
2020-09-24 09:27:18,728:INFO:pegasus-monitord(949): DAGMan runs at pid 37885
2020-09-24 09:27:18,732:INFO:pegasus-monitord(955): using dag Cats_and_Dogs-0.dag
2020-09-24 09:27:18,733:INFO:Pegasus.monitoring.workflow(811): DAGMan starting with condor id 433.0
2020-09-24 09:27:46,356:INFO:Pegasus.monitoring.workflow(2468): Populating locations corresponding to succeeded registration job  /home/scitech/shared-data/CatsAndDogs/scitech/pegasus/Cats_and_Dogs/run0020/00/00/register_local_1000_0.in 
2020-09-24 09:28:59,161:INFO:Pegasus.monitoring.workflow(2468): Populating locations corresponding to succeeded registration job  /home/scitech/shared-data/CatsAndDogs/scitech/pegasus/Cats_and_Dogs/run0020/00/00/register_local_0_0.in 
2020-09-24 09:29:14,441:INFO:Pegasus.monitoring.workflow(2468): Populating locations corresponding to succeeded registration job  /home/scitech/shared-data/CatsAndDogs/scitech/pegasus/Cats_and_Dogs/run0020/00/00/register_local_1_0.in 
2020-09-24 09:29:23,580:INFO:Pegasus.monitoring.workflow(2468): Populating locations corresponding to succeeded registration job  /home/scitech/shared-data/CatsAndDogs/scitech/pegasus/Cats_and_Dogs/run0020/00/00/register_local_2_0.in 
2020-09-24 09:30:14,389:INFO:Pegasus.monitoring.workflow(2468): Populating locations corresponding to succeeded registration job  /home/scitech/shared-data/CatsAndDogs/scitech/pegasus/Cats_and_Dogs/run0020/00/00/register_local_3_0.in 
2020-09-24 09:30:34,599:INFO:pegasus-monitord(927): DAGMan Cats_and_Dogs-0.dag finished with exit code 0
2020-09-24 09:30:35,613:INFO:pegasus-monitord(1427): workflow /home/scitech/shared-data/CatsAndDogs/scitech/pegasus/Cats_and_Dogs/run0020/Cats_and_Dogs-0.dag.dagman.out ended
2020-09-24 09:30:35,617:INFO:Pegasus.monitoring.workflow(1378): recovery file deleted: /home/scitech/shared-data/CatsAndDogs/scitech/pegasus/Cats_and_Dogs/run0020/monitord.recover
2020-09-24 09:30:35,620:INFO:pegasus-monitord(1665): finishing workflow: /home/scitech/shared-data/CatsAndDogs/scitech/pegasus/Cats_and_Dogs/run0020/Cats_and_Dogs-0.dag.dagman.out
2020-09-24 09:30:35,620:INFO:pegasus-monitord(1719): finishing notifications...
2020-09-24 09:30:35,621:INFO:pegasus-monitord(1727): monitord process 37887 exiting with 0
2020-09-24 09:30:35,622:INFO:pegasus-monitord(197): DB flushing beginning
2020-09-24 09:30:35,622:INFO:Pegasus.db.workflow_loader.WorkflowLoader(1244): Executing final flush
2020-09-24 09:30:35,678:INFO:Pegasus.db.dashboard_loader.DashboardLoader(397): Executing final flush
2020-09-24 09:30:35,679:INFO:pegasus-monitord(213): DB flushing ended
