000 (037.000.000) 07/13 13:05:25 Job submitted from host: <127.0.0.1:9618?addrs=127.0.0.1-9618&noUDP&sock=269_1710_4>
    DAG Node: create_dir_Even_Odd_0_local
    pool:local
...
001 (037.000.000) 07/13 13:05:26 Job executing on host: <127.0.0.1:9618?addrs=127.0.0.1-9618&noUDP&sock=60279_c22c_13>
...
005 (037.000.000) 07/13 13:05:28 Job terminated.
	(1) Normal termination (return value 0)
		Usr 0 00:00:00, Sys 0 00:00:00  -  Run Remote Usage
		Usr 0 00:00:00, Sys 0 00:00:00  -  Run Local Usage
		Usr 0 00:00:00, Sys 0 00:00:00  -  Total Remote Usage
		Usr 0 00:00:00, Sys 0 00:00:00  -  Total Local Usage
	0  -  Run Bytes Sent By Job
	0  -  Run Bytes Received By Job
	0  -  Total Bytes Sent By Job
	0  -  Total Bytes Received By Job
...
016 (037.000.000) 07/13 13:05:30 POST Script terminated.
	(1) Normal termination (return value 0)
    DAG Node: create_dir_Even_Odd_0_local
...
000 (038.000.000) 07/13 13:05:41 Job submitted from host: <127.0.0.1:9618?addrs=127.0.0.1-9618&noUDP&sock=269_1710_4>
    DAG Node: stage_in_remote_local_1_0
    pool:local
...
000 (039.000.000) 07/13 13:05:41 Job submitted from host: <127.0.0.1:9618?addrs=127.0.0.1-9618&noUDP&sock=269_1710_4>
    DAG Node: stage_in_remote_local_0_0
    pool:local
...
000 (040.000.000) 07/13 13:05:41 Job submitted from host: <127.0.0.1:9618?addrs=127.0.0.1-9618&noUDP&sock=269_1710_4>
    DAG Node: stage_in_local_local_0_0
    pool:local
...
001 (040.000.000) 07/13 13:05:46 Job executing on host: <127.0.0.1:9618?addrs=127.0.0.1-9618&noUDP&sock=60279_c22c_14>
...
001 (039.000.000) 07/13 13:05:46 Job executing on host: <127.0.0.1:9618?addrs=127.0.0.1-9618&noUDP&sock=60279_c22c_15>
...
001 (038.000.000) 07/13 13:05:46 Job executing on host: <127.0.0.1:9618?addrs=127.0.0.1-9618&noUDP&sock=60279_c22c_16>
...
005 (038.000.000) 07/13 13:05:48 Job terminated.
	(1) Normal termination (return value 0)
		Usr 0 00:00:00, Sys 0 00:00:00  -  Run Remote Usage
		Usr 0 00:00:00, Sys 0 00:00:00  -  Run Local Usage
		Usr 0 00:00:00, Sys 0 00:00:00  -  Total Remote Usage
		Usr 0 00:00:00, Sys 0 00:00:00  -  Total Local Usage
	0  -  Run Bytes Sent By Job
	0  -  Run Bytes Received By Job
	0  -  Total Bytes Sent By Job
	0  -  Total Bytes Received By Job
...
005 (039.000.000) 07/13 13:05:48 Job terminated.
	(1) Normal termination (return value 0)
		Usr 0 00:00:00, Sys 0 00:00:00  -  Run Remote Usage
		Usr 0 00:00:00, Sys 0 00:00:00  -  Run Local Usage
		Usr 0 00:00:00, Sys 0 00:00:00  -  Total Remote Usage
		Usr 0 00:00:00, Sys 0 00:00:00  -  Total Local Usage
	0  -  Run Bytes Sent By Job
	0  -  Run Bytes Received By Job
	0  -  Total Bytes Sent By Job
	0  -  Total Bytes Received By Job
...
005 (040.000.000) 07/13 13:05:50 Job terminated.
	(1) Normal termination (return value 0)
		Usr 0 00:00:00, Sys 0 00:00:00  -  Run Remote Usage
		Usr 0 00:00:00, Sys 0 00:00:00  -  Run Local Usage
		Usr 0 00:00:00, Sys 0 00:00:00  -  Total Remote Usage
		Usr 0 00:00:00, Sys 0 00:00:00  -  Total Local Usage
	0  -  Run Bytes Sent By Job
	0  -  Run Bytes Received By Job
	0  -  Total Bytes Sent By Job
	0  -  Total Bytes Received By Job
...
016 (039.000.000) 07/13 13:05:51 POST Script terminated.
	(1) Normal termination (return value 0)
    DAG Node: stage_in_remote_local_0_0
...
016 (038.000.000) 07/13 13:05:51 POST Script terminated.
	(1) Normal termination (return value 0)
    DAG Node: stage_in_remote_local_1_0
...
016 (040.000.000) 07/13 13:05:51 POST Script terminated.
	(1) Normal termination (return value 0)
    DAG Node: stage_in_local_local_0_0
...
000 (041.000.000) 07/13 13:06:01 Job submitted from host: <127.0.0.1:9618?addrs=127.0.0.1-9618&noUDP&sock=269_1710_4>
    DAG Node: separate_py_ID0000001
    pool:condorpool
...
001 (041.000.000) 07/13 13:06:11 Job executing on host: <127.0.0.1:9618?addrs=127.0.0.1-9618&noUDP&sock=269_1710_5>
...
005 (041.000.000) 07/13 13:06:13 Job terminated.
	(1) Normal termination (return value 0)
		Usr 0 00:00:00, Sys 0 00:00:00  -  Run Remote Usage
		Usr 0 00:00:00, Sys 0 00:00:00  -  Run Local Usage
		Usr 0 00:00:00, Sys 0 00:00:00  -  Total Remote Usage
		Usr 0 00:00:00, Sys 0 00:00:00  -  Total Local Usage
	6531  -  Run Bytes Sent By Job
	10734240  -  Run Bytes Received By Job
	6531  -  Total Bytes Sent By Job
	10734240  -  Total Bytes Received By Job
	Partitionable Resources :    Usage  Request Allocated 
	   Cpus                 :     0.31        1         1 
	   Disk (KB)            : 64258       12500   6811555 
	   Memory (MB)          :     0           1       331 
...
016 (041.000.000) 07/13 13:06:17 POST Script terminated.
	(1) Normal termination (return value 0)
    DAG Node: separate_py_ID0000001
...
000 (042.000.000) 07/13 13:06:26 Job submitted from host: <127.0.0.1:9618?addrs=127.0.0.1-9618&noUDP&sock=269_1710_4>
    DAG Node: clean_up_local_level_3_0
    pool:local
...
000 (043.000.000) 07/13 13:06:26 Job submitted from host: <127.0.0.1:9618?addrs=127.0.0.1-9618&noUDP&sock=269_1710_4>
    DAG Node: stage_out_local_local_0_0
    pool:local
...
000 (044.000.000) 07/13 13:06:26 Job submitted from host: <127.0.0.1:9618?addrs=127.0.0.1-9618&noUDP&sock=269_1710_4>
    DAG Node: count_py_ID0000003
    pool:condorpool
...
000 (045.000.000) 07/13 13:06:26 Job submitted from host: <127.0.0.1:9618?addrs=127.0.0.1-9618&noUDP&sock=269_1710_4>
    DAG Node: count_py_ID0000002
    pool:condorpool
...
001 (043.000.000) 07/13 13:06:27 Job executing on host: <127.0.0.1:9618?addrs=127.0.0.1-9618&noUDP&sock=60279_c22c_19>
...
001 (042.000.000) 07/13 13:06:27 Job executing on host: <127.0.0.1:9618?addrs=127.0.0.1-9618&noUDP&sock=60279_c22c_20>
...
001 (044.000.000) 07/13 13:06:28 Job executing on host: <127.0.0.1:9618?addrs=127.0.0.1-9618&noUDP&sock=269_1710_5>
...
005 (044.000.000) 07/13 13:06:30 Job terminated.
	(1) Normal termination (return value 0)
		Usr 0 00:00:00, Sys 0 00:00:00  -  Run Remote Usage
		Usr 0 00:00:00, Sys 0 00:00:00  -  Run Local Usage
		Usr 0 00:00:00, Sys 0 00:00:00  -  Total Remote Usage
		Usr 0 00:00:00, Sys 0 00:00:00  -  Total Local Usage
	5397  -  Run Bytes Sent By Job
	10732868  -  Run Bytes Received By Job
	5397  -  Total Bytes Sent By Job
	10732868  -  Total Bytes Received By Job
	Partitionable Resources :    Usage  Request Allocated 
	   Cpus                 :        0        1         1 
	   Disk (KB)            :    64255    12500   6811555 
	   Memory (MB)          :        0        1       331 
...
005 (043.000.000) 07/13 13:06:31 Job terminated.
	(1) Normal termination (return value 0)
		Usr 0 00:00:00, Sys 0 00:00:00  -  Run Remote Usage
		Usr 0 00:00:00, Sys 0 00:00:00  -  Run Local Usage
		Usr 0 00:00:00, Sys 0 00:00:00  -  Total Remote Usage
		Usr 0 00:00:00, Sys 0 00:00:00  -  Total Local Usage
	0  -  Run Bytes Sent By Job
	0  -  Run Bytes Received By Job
	0  -  Total Bytes Sent By Job
	0  -  Total Bytes Received By Job
...
016 (044.000.000) 07/13 13:06:31 POST Script terminated.
	(1) Normal termination (return value 0)
    DAG Node: count_py_ID0000003
...
001 (045.000.000) 07/13 13:06:33 Job executing on host: <127.0.0.1:9618?addrs=127.0.0.1-9618&noUDP&sock=269_1710_5>
...
005 (045.000.000) 07/13 13:06:34 Job terminated.
	(1) Normal termination (return value 0)
		Usr 0 00:00:00, Sys 0 00:00:00  -  Run Remote Usage
		Usr 0 00:00:00, Sys 0 00:00:00  -  Run Local Usage
		Usr 0 00:00:00, Sys 0 00:00:00  -  Total Remote Usage
		Usr 0 00:00:00, Sys 0 00:00:00  -  Total Local Usage
	5404  -  Run Bytes Sent By Job
	10732870  -  Run Bytes Received By Job
	5404  -  Total Bytes Sent By Job
	10732870  -  Total Bytes Received By Job
	Partitionable Resources :    Usage  Request Allocated 
	   Cpus                 :        0        1         1 
	   Disk (KB)            :    64255    12500   6811555 
	   Memory (MB)          :        0        1       331 
...
016 (043.000.000) 07/13 13:06:37 POST Script terminated.
	(1) Normal termination (return value 0)
    DAG Node: stage_out_local_local_0_0
...
016 (045.000.000) 07/13 13:06:37 POST Script terminated.
	(1) Normal termination (return value 0)
    DAG Node: count_py_ID0000002
...
005 (042.000.000) 07/13 13:06:39 Job terminated.
	(1) Normal termination (return value 0)
		Usr 0 00:00:00, Sys 0 00:00:00  -  Run Remote Usage
		Usr 0 00:00:00, Sys 0 00:00:00  -  Run Local Usage
		Usr 0 00:00:00, Sys 0 00:00:00  -  Total Remote Usage
		Usr 0 00:00:00, Sys 0 00:00:00  -  Total Local Usage
	0  -  Run Bytes Sent By Job
	0  -  Run Bytes Received By Job
	0  -  Total Bytes Sent By Job
	0  -  Total Bytes Received By Job
...
016 (042.000.000) 07/13 13:06:42 POST Script terminated.
	(1) Normal termination (return value 0)
    DAG Node: clean_up_local_level_3_0
...
000 (046.000.000) 07/13 13:06:47 Job submitted from host: <127.0.0.1:9618?addrs=127.0.0.1-9618&noUDP&sock=269_1710_4>
    DAG Node: clean_up_local_level_4_0
    pool:local
...
000 (047.000.000) 07/13 13:06:47 Job submitted from host: <127.0.0.1:9618?addrs=127.0.0.1-9618&noUDP&sock=269_1710_4>
    DAG Node: stage_out_local_local_1_0
    pool:local
...
000 (048.000.000) 07/13 13:06:47 Job submitted from host: <127.0.0.1:9618?addrs=127.0.0.1-9618&noUDP&sock=269_1710_4>
    DAG Node: register_local_0_0
    pool:local
...
000 (049.000.000) 07/13 13:06:47 Job submitted from host: <127.0.0.1:9618?addrs=127.0.0.1-9618&noUDP&sock=269_1710_4>
    DAG Node: tar_ID0000004
    pool:condorpool
...
001 (049.000.000) 07/13 13:06:49 Job executing on host: <127.0.0.1:9618?addrs=127.0.0.1-9618&noUDP&sock=269_1710_5>
...
001 (046.000.000) 07/13 13:06:50 Job executing on host: <127.0.0.1:9618?addrs=127.0.0.1-9618&noUDP&sock=60279_c22c_22>
...
001 (048.000.000) 07/13 13:06:50 Job executing on host: <127.0.0.1:9618?addrs=127.0.0.1-9618&noUDP&sock=60279_c22c_23>
...
001 (047.000.000) 07/13 13:06:50 Job executing on host: <127.0.0.1:9618?addrs=127.0.0.1-9618&noUDP&sock=60279_c22c_24>
...
005 (049.000.000) 07/13 13:06:50 Job terminated.
	(1) Normal termination (return value 0)
		Usr 0 00:00:00, Sys 0 00:00:00  -  Run Remote Usage
		Usr 0 00:00:00, Sys 0 00:00:00  -  Run Local Usage
		Usr 0 00:00:00, Sys 0 00:00:00  -  Total Remote Usage
		Usr 0 00:00:00, Sys 0 00:00:00  -  Total Local Usage
	5602  -  Run Bytes Sent By Job
	10731942  -  Run Bytes Received By Job
	5602  -  Total Bytes Sent By Job
	10731942  -  Total Bytes Received By Job
	Partitionable Resources :    Usage  Request Allocated 
	   Cpus                 :     0.29        1         1 
	   Disk (KB)            : 64254       12500   6811555 
	   Memory (MB)          :     0           1       331 
...
016 (049.000.000) 07/13 13:06:53 POST Script terminated.
	(1) Normal termination (return value 0)
    DAG Node: tar_ID0000004
...
005 (048.000.000) 07/13 13:06:54 Job terminated.
	(1) Normal termination (return value 0)
		Usr 0 00:00:00, Sys 0 00:00:00  -  Run Remote Usage
		Usr 0 00:00:00, Sys 0 00:00:00  -  Run Local Usage
		Usr 0 00:00:00, Sys 0 00:00:00  -  Total Remote Usage
		Usr 0 00:00:00, Sys 0 00:00:00  -  Total Local Usage
	0  -  Run Bytes Sent By Job
	0  -  Run Bytes Received By Job
	0  -  Total Bytes Sent By Job
	0  -  Total Bytes Received By Job
...
005 (047.000.000) 07/13 13:06:55 Job terminated.
	(1) Normal termination (return value 0)
		Usr 0 00:00:00, Sys 0 00:00:00  -  Run Remote Usage
		Usr 0 00:00:00, Sys 0 00:00:00  -  Run Local Usage
		Usr 0 00:00:00, Sys 0 00:00:00  -  Total Remote Usage
		Usr 0 00:00:00, Sys 0 00:00:00  -  Total Local Usage
	0  -  Run Bytes Sent By Job
	0  -  Run Bytes Received By Job
	0  -  Total Bytes Sent By Job
	0  -  Total Bytes Received By Job
...
005 (046.000.000) 07/13 13:06:57 Job terminated.
	(1) Normal termination (return value 0)
		Usr 0 00:00:00, Sys 0 00:00:00  -  Run Remote Usage
		Usr 0 00:00:00, Sys 0 00:00:00  -  Run Local Usage
		Usr 0 00:00:00, Sys 0 00:00:00  -  Total Remote Usage
		Usr 0 00:00:00, Sys 0 00:00:00  -  Total Local Usage
	0  -  Run Bytes Sent By Job
	0  -  Run Bytes Received By Job
	0  -  Total Bytes Sent By Job
	0  -  Total Bytes Received By Job
...
016 (047.000.000) 07/13 13:06:58 POST Script terminated.
	(1) Normal termination (return value 0)
    DAG Node: stage_out_local_local_1_0
...
016 (048.000.000) 07/13 13:06:58 POST Script terminated.
	(1) Normal termination (return value 0)
    DAG Node: register_local_0_0
...
016 (046.000.000) 07/13 13:06:58 POST Script terminated.
	(1) Normal termination (return value 0)
    DAG Node: clean_up_local_level_4_0
...
000 (050.000.000) 07/13 13:07:03 Job submitted from host: <127.0.0.1:9618?addrs=127.0.0.1-9618&noUDP&sock=269_1710_4>
    DAG Node: stage_out_local_local_2_0
    pool:local
...
001 (050.000.000) 07/13 13:07:06 Job executing on host: <127.0.0.1:9618?addrs=127.0.0.1-9618&noUDP&sock=60279_c22c_25>
...
005 (050.000.000) 07/13 13:07:08 Job terminated.
	(1) Normal termination (return value 0)
		Usr 0 00:00:00, Sys 0 00:00:00  -  Run Remote Usage
		Usr 0 00:00:00, Sys 0 00:00:00  -  Run Local Usage
		Usr 0 00:00:00, Sys 0 00:00:00  -  Total Remote Usage
		Usr 0 00:00:00, Sys 0 00:00:00  -  Total Local Usage
	0  -  Run Bytes Sent By Job
	0  -  Run Bytes Received By Job
	0  -  Total Bytes Sent By Job
	0  -  Total Bytes Received By Job
...
000 (051.000.000) 07/13 13:07:08 Job submitted from host: <127.0.0.1:9618?addrs=127.0.0.1-9618&noUDP&sock=269_1710_4>
    DAG Node: clean_up_local_level_5_0
    pool:local
...
001 (051.000.000) 07/13 13:07:08 Job executing on host: <127.0.0.1:9618?addrs=127.0.0.1-9618&noUDP&sock=60279_c22c_26>
...
000 (052.000.000) 07/13 13:07:08 Job submitted from host: <127.0.0.1:9618?addrs=127.0.0.1-9618&noUDP&sock=269_1710_4>
    DAG Node: register_local_1_0
    pool:local
...
016 (050.000.000) 07/13 13:07:09 POST Script terminated.
	(1) Normal termination (return value 0)
    DAG Node: stage_out_local_local_2_0
...
001 (052.000.000) 07/13 13:07:11 Job executing on host: <127.0.0.1:9618?addrs=127.0.0.1-9618&noUDP&sock=60279_c22c_27>
...
005 (051.000.000) 07/13 13:07:13 Job terminated.
	(1) Normal termination (return value 0)
		Usr 0 00:00:00, Sys 0 00:00:00  -  Run Remote Usage
		Usr 0 00:00:00, Sys 0 00:00:00  -  Run Local Usage
		Usr 0 00:00:00, Sys 0 00:00:00  -  Total Remote Usage
		Usr 0 00:00:00, Sys 0 00:00:00  -  Total Local Usage
	0  -  Run Bytes Sent By Job
	0  -  Run Bytes Received By Job
	0  -  Total Bytes Sent By Job
	0  -  Total Bytes Received By Job
...
005 (052.000.000) 07/13 13:07:14 Job terminated.
	(1) Normal termination (return value 0)
		Usr 0 00:00:00, Sys 0 00:00:00  -  Run Remote Usage
		Usr 0 00:00:00, Sys 0 00:00:00  -  Run Local Usage
		Usr 0 00:00:00, Sys 0 00:00:00  -  Total Remote Usage
		Usr 0 00:00:00, Sys 0 00:00:00  -  Total Local Usage
	0  -  Run Bytes Sent By Job
	0  -  Run Bytes Received By Job
	0  -  Total Bytes Sent By Job
	0  -  Total Bytes Received By Job
...
016 (051.000.000) 07/13 13:07:14 POST Script terminated.
	(1) Normal termination (return value 0)
    DAG Node: clean_up_local_level_5_0
...
000 (053.000.000) 07/13 13:07:19 Job submitted from host: <127.0.0.1:9618?addrs=127.0.0.1-9618&noUDP&sock=269_1710_4>
    DAG Node: clean_up_local_level_6_0
    pool:local
...
016 (052.000.000) 07/13 13:07:20 POST Script terminated.
	(1) Normal termination (return value 0)
    DAG Node: register_local_1_0
...
001 (053.000.000) 07/13 13:07:21 Job executing on host: <127.0.0.1:9618?addrs=127.0.0.1-9618&noUDP&sock=60279_c22c_28>
...
005 (053.000.000) 07/13 13:07:23 Job terminated.
	(1) Normal termination (return value 0)
		Usr 0 00:00:00, Sys 0 00:00:00  -  Run Remote Usage
		Usr 0 00:00:00, Sys 0 00:00:00  -  Run Local Usage
		Usr 0 00:00:00, Sys 0 00:00:00  -  Total Remote Usage
		Usr 0 00:00:00, Sys 0 00:00:00  -  Total Local Usage
	0  -  Run Bytes Sent By Job
	0  -  Run Bytes Received By Job
	0  -  Total Bytes Sent By Job
	0  -  Total Bytes Received By Job
...
000 (054.000.000) 07/13 13:07:24 Job submitted from host: <127.0.0.1:9618?addrs=127.0.0.1-9618&noUDP&sock=269_1710_4>
    DAG Node: register_local_2_0
    pool:local
...
001 (054.000.000) 07/13 13:07:24 Job executing on host: <127.0.0.1:9618?addrs=127.0.0.1-9618&noUDP&sock=60279_c22c_29>
...
016 (053.000.000) 07/13 13:07:24 POST Script terminated.
	(1) Normal termination (return value 0)
    DAG Node: clean_up_local_level_6_0
...
005 (054.000.000) 07/13 13:07:27 Job terminated.
	(1) Normal termination (return value 0)
		Usr 0 00:00:00, Sys 0 00:00:00  -  Run Remote Usage
		Usr 0 00:00:00, Sys 0 00:00:00  -  Run Local Usage
		Usr 0 00:00:00, Sys 0 00:00:00  -  Total Remote Usage
		Usr 0 00:00:00, Sys 0 00:00:00  -  Total Local Usage
	0  -  Run Bytes Sent By Job
	0  -  Run Bytes Received By Job
	0  -  Total Bytes Sent By Job
	0  -  Total Bytes Received By Job
...
016 (054.000.000) 07/13 13:07:29 POST Script terminated.
	(1) Normal termination (return value 0)
    DAG Node: register_local_2_0
...
000 (056.000.000) 07/13 13:07:34 Job submitted from host: <127.0.0.1:9618?addrs=127.0.0.1-9618&noUDP&sock=269_1710_4>
    DAG Node: cleanup_Even_Odd_0_local
    pool:local
...
001 (056.000.000) 07/13 13:07:37 Job executing on host: <127.0.0.1:9618?addrs=127.0.0.1-9618&noUDP&sock=60279_c22c_31>
...
005 (056.000.000) 07/13 13:07:39 Job terminated.
	(1) Normal termination (return value 0)
		Usr 0 00:00:00, Sys 0 00:00:00  -  Run Remote Usage
		Usr 0 00:00:00, Sys 0 00:00:00  -  Run Local Usage
		Usr 0 00:00:00, Sys 0 00:00:00  -  Total Remote Usage
		Usr 0 00:00:00, Sys 0 00:00:00  -  Total Local Usage
	0  -  Run Bytes Sent By Job
	0  -  Run Bytes Received By Job
	0  -  Total Bytes Sent By Job
	0  -  Total Bytes Received By Job
...
016 (056.000.000) 07/13 13:07:40 POST Script terminated.
	(1) Normal termination (return value 0)
    DAG Node: cleanup_Even_Odd_0_local
...
