2020-09-23 21:15:06,492:INFO:pegasus-monitord(58): pegasus-monitord starting - pid 30191 
2020-09-23 21:15:06,507:INFO:pegasus-monitord(455): Final Command line options are: ['-N', 'Cats_and_Dogs-0.dag.dagman.out']
2020-09-23 21:15:06,524:INFO:Pegasus.monitoring.event_output(629): Connecting workflow event sink to sqlite:////home/scitech/shared-data/CatsAndDogs/scitech/pegasus/Cats_and_Dogs/run0006/Cats_and_Dogs-0.stampede.db
Created Pegasus database in: sqlite:////home/scitech/shared-data/CatsAndDogs/scitech/pegasus/Cats_and_Dogs/run0006/Cats_and_Dogs-0.stampede.db
Your database is compatible with Pegasus version: 5.0.0dev
2020-09-23 21:15:07,307:INFO:Pegasus.monitoring.event_output(703): output type=DB namespace=stampede. name=sqlite:////home/scitech/shared-data/CatsAndDogs/scitech/pegasus/Cats_and_Dogs/run0006/Cats_and_Dogs-0.stampede.db
2020-09-23 21:15:07,308:INFO:Pegasus.monitoring.event_output(629): Connecting workflow event sink to sqlite:////home/scitech/.pegasus/workflow.db
Your database is compatible with Pegasus version: 5.0.0dev
2020-09-23 21:15:07,691:INFO:Pegasus.monitoring.event_output(703): output type=DB namespace=dashboard. name=sqlite:////home/scitech/.pegasus/workflow.db
2020-09-23 21:15:07,692:INFO:pegasus-monitord(1247): monitord started in fast start mode
2020-09-23 21:15:07,711:INFO:Pegasus.monitoring.workflow(461): cannot open state file /home/scitech/shared-data/CatsAndDogs/scitech/pegasus/Cats_and_Dogs/run0006/monitord.info, continuing without state...
2020-09-23 21:15:07,711:INFO:Pegasus.monitoring.workflow(1148): creating new file /home/scitech/shared-data/CatsAndDogs/scitech/pegasus/Cats_and_Dogs/run0006/jobstate.log
2020-09-23 21:15:07,712:INFO:Pegasus.monitoring.workflow(1158): Appending to existing jobstate.log replay_mode 0 previous_processed_line 0
2020-09-23 21:15:07,713:INFO:Pegasus.monitoring.notifications(474): loading notifications from /home/scitech/shared-data/CatsAndDogs/scitech/pegasus/Cats_and_Dogs/run0006/Cats_and_Dogs-0.notify
2020-09-23 21:15:07,963:INFO:Pegasus.monitoring.workflow(205): Parsing DAG file /home/scitech/shared-data/CatsAndDogs/scitech/pegasus/Cats_and_Dogs/run0006/Cats_and_Dogs-0.dag
2020-09-23 21:15:07,969:INFO:pegasus-monitord(974): Using DAGMan version 8.8.10 80810
2020-09-23 21:15:07,969:INFO:pegasus-monitord(949): DAGMan runs at pid 30190
2020-09-23 21:15:07,972:INFO:pegasus-monitord(955): using dag Cats_and_Dogs-0.dag
2020-09-23 21:15:07,972:INFO:Pegasus.monitoring.workflow(811): DAGMan starting with condor id 55.0
2020-09-23 21:15:35,742:INFO:Pegasus.monitoring.workflow(2468): Populating locations corresponding to succeeded registration job  /home/scitech/shared-data/CatsAndDogs/scitech/pegasus/Cats_and_Dogs/run0006/00/00/register_local_1000_0.in 
2020-09-23 21:16:41,382:INFO:Pegasus.monitoring.workflow(2468): Populating locations corresponding to succeeded registration job  /home/scitech/shared-data/CatsAndDogs/scitech/pegasus/Cats_and_Dogs/run0006/00/00/register_local_0_0.in 
2020-09-23 21:16:55,787:INFO:Pegasus.monitoring.workflow(2468): Populating locations corresponding to succeeded registration job  /home/scitech/shared-data/CatsAndDogs/scitech/pegasus/Cats_and_Dogs/run0006/00/00/register_local_1_0.in 
2020-09-23 21:17:11,967:INFO:Pegasus.monitoring.workflow(2468): Populating locations corresponding to succeeded registration job  /home/scitech/shared-data/CatsAndDogs/scitech/pegasus/Cats_and_Dogs/run0006/00/00/register_local_2_0.in 
2020-09-23 21:17:55,841:INFO:Pegasus.monitoring.workflow(2468): Populating locations corresponding to succeeded registration job  /home/scitech/shared-data/CatsAndDogs/scitech/pegasus/Cats_and_Dogs/run0006/00/00/register_local_3_0.in 
2020-09-23 21:18:16,250:INFO:pegasus-monitord(927): DAGMan Cats_and_Dogs-0.dag finished with exit code 0
2020-09-23 21:18:17,268:INFO:pegasus-monitord(1427): workflow /home/scitech/shared-data/CatsAndDogs/scitech/pegasus/Cats_and_Dogs/run0006/Cats_and_Dogs-0.dag.dagman.out ended
2020-09-23 21:18:17,273:INFO:Pegasus.monitoring.workflow(1378): recovery file deleted: /home/scitech/shared-data/CatsAndDogs/scitech/pegasus/Cats_and_Dogs/run0006/monitord.recover
2020-09-23 21:18:17,275:INFO:pegasus-monitord(1665): finishing workflow: /home/scitech/shared-data/CatsAndDogs/scitech/pegasus/Cats_and_Dogs/run0006/Cats_and_Dogs-0.dag.dagman.out
2020-09-23 21:18:17,276:INFO:pegasus-monitord(1719): finishing notifications...
2020-09-23 21:18:17,276:INFO:pegasus-monitord(1727): monitord process 30191 exiting with 0
2020-09-23 21:18:17,278:INFO:pegasus-monitord(197): DB flushing beginning
2020-09-23 21:18:17,278:INFO:Pegasus.db.workflow_loader.WorkflowLoader(1244): Executing final flush
2020-09-23 21:18:17,337:INFO:Pegasus.db.dashboard_loader.DashboardLoader(397): Executing final flush
2020-09-23 21:18:17,338:INFO:pegasus-monitord(213): DB flushing ended
