{"name": ".//00/00/create_dir_Cats_and_Dogs_0_local.out", "timestamp": "2020-09-23T08:22:40.089944", "exitcode": 0, "app_exitcode": 0, "retry": 0, "std_out": "", "std_err": ""}
{"name": ".//00/00/stage_out_local_local_1000_0.out", "timestamp": "2020-09-23T08:22:40.091878", "exitcode": 0, "app_exitcode": 0, "retry": 0, "std_out": "", "std_err": ""}
{"name": ".//00/00/stage_in_remote_local_1_0.out", "timestamp": "2020-09-23T08:22:54.564521", "exitcode": 0, "app_exitcode": 0, "retry": 0, "std_out": "", "std_err": ""}
{"name": ".//00/00/register_local_1000_0.out", "timestamp": "2020-09-23T08:22:54.579717", "exitcode": 0, "app_exitcode": 0, "retry": 0, "std_out": "", "std_err": ""}
{"name": ".//00/00/stage_in_remote_local_0_0.out", "timestamp": "2020-09-23T08:22:54.607983", "exitcode": 0, "app_exitcode": 0, "retry": 0, "std_out": "", "std_err": ""}
{"name": ".//00/00/stage_in_remote_local_2_0.out", "timestamp": "2020-09-23T08:22:54.619106", "exitcode": 0, "app_exitcode": 0, "retry": 0, "std_out": "", "std_err": ""}
{"name": ".//00/00/stage_in_remote_local_3_0.out", "timestamp": "2020-09-23T08:22:54.646947", "exitcode": 0, "app_exitcode": 0, "retry": 0, "std_out": "", "std_err": ""}
{"name": ".//00/00/stage_in_local_local_0_0.out", "timestamp": "2020-09-23T08:22:59.926586", "exitcode": 0, "app_exitcode": 0, "retry": 0, "std_out": "", "std_err": ""}
{"name": ".//00/00/preprocess1_py_ID0000001.out", "timestamp": "2020-09-23T08:23:19.297060", "exitcode": 0, "app_exitcode": 0, "retry": 0, "std_out": "", "std_err": ""}
{"name": ".//00/00/Augmentation_py_ID0000002.out", "timestamp": "2020-09-23T08:23:34.725446", "exitcode": 0, "app_exitcode": 0, "retry": 0, "std_out": "", "std_err": ""}
{"name": ".//00/00/stage_out_local_local_0_0.out", "timestamp": "2020-09-23T08:23:40.145876", "exitcode": 0, "app_exitcode": 0, "retry": 0, "std_out": "", "std_err": ""}
{"name": ".//00/00/clean_up_local_level_3_0.out", "timestamp": "2020-09-23T08:23:49.611239", "exitcode": 0, "app_exitcode": 0, "retry": 0, "std_out": "", "std_err": ""}
{"name": ".//00/00/Data_Split_py_ID0000003.out", "timestamp": "2020-09-23T08:23:49.599565", "exitcode": 0, "app_exitcode": 0, "retry": 0, "std_out": "", "std_err": ""}
{"name": ".//00/00/register_local_0_0.out", "timestamp": "2020-09-23T08:23:54.897366", "exitcode": 0, "app_exitcode": 0, "retry": 0, "std_out": "", "std_err": ""}
{"name": ".//00/00/stage_out_local_local_1_0.out", "timestamp": "2020-09-23T08:23:54.905590", "exitcode": 0, "app_exitcode": 0, "retry": 0, "std_out": "", "std_err": ""}
{"name": ".//00/00/clean_up_local_level_4_0.out", "timestamp": "2020-09-23T08:24:09.375380", "exitcode": 0, "app_exitcode": 0, "retry": 0, "std_out": "", "std_err": ""}
{"name": ".//00/00/stage_out_local_local_2_0.out", "timestamp": "2020-09-23T08:24:09.387602", "exitcode": 0, "app_exitcode": 0, "retry": 0, "std_out": "", "std_err": ""}
{"name": ".//00/00/register_local_1_0.out", "timestamp": "2020-09-23T08:24:09.401633", "exitcode": 0, "app_exitcode": 0, "retry": 0, "std_out": "", "std_err": ""}
{"name": ".//00/00/clean_up_local_level_5_0.out", "timestamp": "2020-09-23T08:24:14.629756", "exitcode": 0, "app_exitcode": 0, "retry": 0, "std_out": "", "std_err": ""}
{"name": ".//00/00/register_local_2_0.out", "timestamp": "2020-09-23T08:24:29.912319", "exitcode": 0, "app_exitcode": 0, "retry": 0, "std_out": "", "std_err": ""}
{"name": ".//00/00/VGG_model_py_ID0000004.out", "timestamp": "2020-09-23T08:24:50.184985", "exitcode": 0, "app_exitcode": 0, "retry": 0, "std_out": "", "std_err": ""}
{"name": ".//00/00/stage_out_local_local_3_0.out", "timestamp": "2020-09-23T08:25:10.596770", "exitcode": 0, "app_exitcode": 0, "retry": 0, "std_out": "", "std_err": ""}
{"name": ".//00/00/clean_up_local_level_6_0.out", "timestamp": "2020-09-23T08:25:25.936768", "exitcode": 0, "app_exitcode": 0, "retry": 0, "std_out": "", "std_err": ""}
{"name": ".//00/00/clean_up_local_level_7_0.out", "timestamp": "2020-09-23T08:25:25.951390", "exitcode": 0, "app_exitcode": 0, "retry": 0, "std_out": "", "std_err": ""}
{"name": ".//00/00/register_local_3_0.out", "timestamp": "2020-09-23T08:25:25.952473", "exitcode": 0, "app_exitcode": 0, "retry": 0, "std_out": "", "std_err": ""}
{"name": ".//00/00/cleanup_Cats_and_Dogs_0_local.out", "timestamp": "2020-09-23T08:25:40.270639", "exitcode": 0, "app_exitcode": 0, "retry": 0, "std_out": "", "std_err": ""}
