2020-09-23 08:22:31,378:INFO:pegasus-monitord(58): pegasus-monitord starting - pid 715 
2020-09-23 08:22:31,394:INFO:pegasus-monitord(455): Final Command line options are: ['-N', 'Cats_and_Dogs-0.dag.dagman.out']
2020-09-23 08:22:31,407:INFO:Pegasus.monitoring.event_output(629): Connecting workflow event sink to sqlite:////home/scitech/shared-data/CatsAndDogs/scitech/pegasus/Cats_and_Dogs/run0004/Cats_and_Dogs-0.stampede.db
Created Pegasus database in: sqlite:////home/scitech/shared-data/CatsAndDogs/scitech/pegasus/Cats_and_Dogs/run0004/Cats_and_Dogs-0.stampede.db
Your database is compatible with Pegasus version: 5.0.0dev
2020-09-23 08:22:31,943:INFO:Pegasus.monitoring.event_output(703): output type=DB namespace=stampede. name=sqlite:////home/scitech/shared-data/CatsAndDogs/scitech/pegasus/Cats_and_Dogs/run0004/Cats_and_Dogs-0.stampede.db
2020-09-23 08:22:31,944:INFO:Pegasus.monitoring.event_output(629): Connecting workflow event sink to sqlite:////home/scitech/.pegasus/workflow.db
Your database is compatible with Pegasus version: 5.0.0dev
2020-09-23 08:22:32,227:INFO:Pegasus.monitoring.event_output(703): output type=DB namespace=dashboard. name=sqlite:////home/scitech/.pegasus/workflow.db
2020-09-23 08:22:32,227:INFO:pegasus-monitord(1247): monitord started in fast start mode
2020-09-23 08:22:32,253:INFO:Pegasus.monitoring.workflow(461): cannot open state file /home/scitech/shared-data/CatsAndDogs/scitech/pegasus/Cats_and_Dogs/run0004/monitord.info, continuing without state...
2020-09-23 08:22:32,254:INFO:Pegasus.monitoring.workflow(1148): creating new file /home/scitech/shared-data/CatsAndDogs/scitech/pegasus/Cats_and_Dogs/run0004/jobstate.log
2020-09-23 08:22:32,255:INFO:Pegasus.monitoring.workflow(1158): Appending to existing jobstate.log replay_mode 0 previous_processed_line 0
2020-09-23 08:22:32,256:INFO:Pegasus.monitoring.notifications(474): loading notifications from /home/scitech/shared-data/CatsAndDogs/scitech/pegasus/Cats_and_Dogs/run0004/Cats_and_Dogs-0.notify
2020-09-23 08:22:32,571:INFO:Pegasus.monitoring.workflow(205): Parsing DAG file /home/scitech/shared-data/CatsAndDogs/scitech/pegasus/Cats_and_Dogs/run0004/Cats_and_Dogs-0.dag
2020-09-23 08:22:32,575:INFO:pegasus-monitord(974): Using DAGMan version 8.8.10 80810
2020-09-23 08:22:32,575:INFO:pegasus-monitord(949): DAGMan runs at pid 714
2020-09-23 08:22:32,578:INFO:pegasus-monitord(955): using dag Cats_and_Dogs-0.dag
2020-09-23 08:22:32,578:INFO:Pegasus.monitoring.workflow(811): DAGMan starting with condor id 1.0
2020-09-23 08:23:00,317:INFO:Pegasus.monitoring.workflow(2468): Populating locations corresponding to succeeded registration job  /home/scitech/shared-data/CatsAndDogs/scitech/pegasus/Cats_and_Dogs/run0004/00/00/register_local_1000_0.in 
2020-09-23 08:23:59,787:INFO:Pegasus.monitoring.workflow(2468): Populating locations corresponding to succeeded registration job  /home/scitech/shared-data/CatsAndDogs/scitech/pegasus/Cats_and_Dogs/run0004/00/00/register_local_0_0.in 
2020-09-23 08:24:15,142:INFO:Pegasus.monitoring.workflow(2468): Populating locations corresponding to succeeded registration job  /home/scitech/shared-data/CatsAndDogs/scitech/pegasus/Cats_and_Dogs/run0004/00/00/register_local_1_0.in 
2020-09-23 08:24:35,316:INFO:Pegasus.monitoring.workflow(2468): Populating locations corresponding to succeeded registration job  /home/scitech/shared-data/CatsAndDogs/scitech/pegasus/Cats_and_Dogs/run0004/00/00/register_local_2_0.in 
2020-09-23 08:25:30,243:INFO:Pegasus.monitoring.workflow(2468): Populating locations corresponding to succeeded registration job  /home/scitech/shared-data/CatsAndDogs/scitech/pegasus/Cats_and_Dogs/run0004/00/00/register_local_3_0.in 
2020-09-23 08:25:45,416:INFO:pegasus-monitord(927): DAGMan Cats_and_Dogs-0.dag finished with exit code 0
2020-09-23 08:25:46,430:INFO:pegasus-monitord(1427): workflow /home/scitech/shared-data/CatsAndDogs/scitech/pegasus/Cats_and_Dogs/run0004/Cats_and_Dogs-0.dag.dagman.out ended
2020-09-23 08:25:46,433:INFO:Pegasus.monitoring.workflow(1378): recovery file deleted: /home/scitech/shared-data/CatsAndDogs/scitech/pegasus/Cats_and_Dogs/run0004/monitord.recover
2020-09-23 08:25:46,435:INFO:pegasus-monitord(1665): finishing workflow: /home/scitech/shared-data/CatsAndDogs/scitech/pegasus/Cats_and_Dogs/run0004/Cats_and_Dogs-0.dag.dagman.out
2020-09-23 08:25:46,436:INFO:pegasus-monitord(1719): finishing notifications...
2020-09-23 08:25:46,436:INFO:pegasus-monitord(1727): monitord process 715 exiting with 0
2020-09-23 08:25:46,437:INFO:pegasus-monitord(197): DB flushing beginning
2020-09-23 08:25:46,438:INFO:Pegasus.db.workflow_loader.WorkflowLoader(1244): Executing final flush
2020-09-23 08:25:46,487:INFO:Pegasus.db.dashboard_loader.DashboardLoader(397): Executing final flush
2020-09-23 08:25:46,488:INFO:pegasus-monitord(213): DB flushing ended
