2020-07-16 10:42:31: PegasusLite: version 5.0.0dev
2020-07-16 10:42:31: Executing on host 7bcbdb9d7e7e IP=172.18.0.1

########################[Pegasus Lite] Setting up workdir ########################
2020-07-16 10:42:31: Not creating a new work directory as it is already set to /var/lib/condor/execute/dir_14327

##############[Pegasus Lite] Figuring out the worker package to use ##############
2020-07-16 10:42:31: The job contained a Pegasus worker package

######[Pegasus Lite] Checking file integrity for transferred container files ######

########[Pegasus Lite] Writing out script to launch user task in container ########
2020-07-16 10:42:34: container file is tools-container
2020-07-16 10:42:36: Loaded docker image ssrujanaa/workflow4:latest
2020-07-16 17:42:37: PegasusLite: version 5.0.0dev
2020-07-16 17:42:37: Executing on host 8e63ce65f66e IP=172.18.0.2

##############[Container] Figuring out Pegasus worker package to use ##############
2020-07-16 17:42:37: The job contained a Pegasus worker package
2020-07-16 17:42:37: Skipping sanity check of included worker package because pegasus.transfer.worker.package.strict=false
PATH in container is set to is set to /scratch/pegasus-5.0.0dev-x86_64_ubuntu_16/bin:/usr/local/sbin:/usr/local/bin:/usr/sbin:/usr/bin:/sbin:/bin

###############[Container] Checking file integrity for input files ###############

#########################[Container] Launching user task #########################
Thumbs_up_ID0000001-28f3b435-c633-47f0-bb81-ee030cf0b9c2
2020-07-16 10:42:39: User task failed with exitcode 127
PegasusLite: exitcode 127
