000 (353.000.000) 09/23 22:53:11 Job submitted from host: <127.0.0.1:9618?addrs=127.0.0.1-9618&noUDP&sock=271_7641_4>
    DAG Node: stage_out_local_local_1000_0
    pool:local
...
000 (354.000.000) 09/23 22:53:11 Job submitted from host: <127.0.0.1:9618?addrs=127.0.0.1-9618&noUDP&sock=271_7641_4>
    DAG Node: create_dir_Cats_and_Dogs_0_local
    pool:local
...
001 (353.000.000) 09/23 22:53:12 Job executing on host: <127.0.0.1:9618?addrs=127.0.0.1-9618&noUDP&sock=10359_9a3e_324>
...
001 (354.000.000) 09/23 22:53:12 Job executing on host: <127.0.0.1:9618?addrs=127.0.0.1-9618&noUDP&sock=10359_9a3e_325>
...
005 (354.000.000) 09/23 22:53:14 Job terminated.
	(1) Normal termination (return value 0)
		Usr 0 00:00:00, Sys 0 00:00:00  -  Run Remote Usage
		Usr 0 00:00:00, Sys 0 00:00:00  -  Run Local Usage
		Usr 0 00:00:00, Sys 0 00:00:00  -  Total Remote Usage
		Usr 0 00:00:00, Sys 0 00:00:00  -  Total Local Usage
	0  -  Run Bytes Sent By Job
	0  -  Run Bytes Received By Job
	0  -  Total Bytes Sent By Job
	0  -  Total Bytes Received By Job
...
005 (353.000.000) 09/23 22:53:14 Job terminated.
	(1) Normal termination (return value 0)
		Usr 0 00:00:00, Sys 0 00:00:00  -  Run Remote Usage
		Usr 0 00:00:00, Sys 0 00:00:00  -  Run Local Usage
		Usr 0 00:00:00, Sys 0 00:00:00  -  Total Remote Usage
		Usr 0 00:00:00, Sys 0 00:00:00  -  Total Local Usage
	0  -  Run Bytes Sent By Job
	0  -  Run Bytes Received By Job
	0  -  Total Bytes Sent By Job
	0  -  Total Bytes Received By Job
...
016 (354.000.000) 09/23 22:53:16 POST Script terminated.
	(1) Normal termination (return value 0)
    DAG Node: create_dir_Cats_and_Dogs_0_local
...
016 (353.000.000) 09/23 22:53:16 POST Script terminated.
	(1) Normal termination (return value 0)
    DAG Node: stage_out_local_local_1000_0
...
000 (355.000.000) 09/23 22:53:26 Job submitted from host: <127.0.0.1:9618?addrs=127.0.0.1-9618&noUDP&sock=271_7641_4>
    DAG Node: stage_in_remote_local_2_0
    pool:local
...
000 (356.000.000) 09/23 22:53:26 Job submitted from host: <127.0.0.1:9618?addrs=127.0.0.1-9618&noUDP&sock=271_7641_4>
    DAG Node: stage_in_remote_local_1_0
    pool:local
...
000 (357.000.000) 09/23 22:53:26 Job submitted from host: <127.0.0.1:9618?addrs=127.0.0.1-9618&noUDP&sock=271_7641_4>
    DAG Node: stage_in_remote_local_0_0
    pool:local
...
000 (358.000.000) 09/23 22:53:26 Job submitted from host: <127.0.0.1:9618?addrs=127.0.0.1-9618&noUDP&sock=271_7641_4>
    DAG Node: stage_in_local_local_0_0
    pool:local
...
000 (359.000.000) 09/23 22:53:26 Job submitted from host: <127.0.0.1:9618?addrs=127.0.0.1-9618&noUDP&sock=271_7641_4>
    DAG Node: stage_in_remote_local_3_0
    pool:local
...
000 (360.000.000) 09/23 22:53:26 Job submitted from host: <127.0.0.1:9618?addrs=127.0.0.1-9618&noUDP&sock=271_7641_4>
    DAG Node: register_local_1000_0
    pool:local
...
001 (356.000.000) 09/23 22:53:27 Job executing on host: <127.0.0.1:9618?addrs=127.0.0.1-9618&noUDP&sock=10359_9a3e_326>
...
001 (359.000.000) 09/23 22:53:27 Job executing on host: <127.0.0.1:9618?addrs=127.0.0.1-9618&noUDP&sock=10359_9a3e_327>
...
001 (355.000.000) 09/23 22:53:27 Job executing on host: <127.0.0.1:9618?addrs=127.0.0.1-9618&noUDP&sock=10359_9a3e_328>
...
001 (358.000.000) 09/23 22:53:27 Job executing on host: <127.0.0.1:9618?addrs=127.0.0.1-9618&noUDP&sock=10359_9a3e_329>
...
001 (357.000.000) 09/23 22:53:27 Job executing on host: <127.0.0.1:9618?addrs=127.0.0.1-9618&noUDP&sock=10359_9a3e_330>
...
001 (360.000.000) 09/23 22:53:27 Job executing on host: <127.0.0.1:9618?addrs=127.0.0.1-9618&noUDP&sock=10359_9a3e_331>
...
005 (360.000.000) 09/23 22:53:29 Job terminated.
	(1) Normal termination (return value 0)
		Usr 0 00:00:00, Sys 0 00:00:00  -  Run Remote Usage
		Usr 0 00:00:00, Sys 0 00:00:00  -  Run Local Usage
		Usr 0 00:00:00, Sys 0 00:00:00  -  Total Remote Usage
		Usr 0 00:00:00, Sys 0 00:00:00  -  Total Local Usage
	0  -  Run Bytes Sent By Job
	0  -  Run Bytes Received By Job
	0  -  Total Bytes Sent By Job
	0  -  Total Bytes Received By Job
...
005 (356.000.000) 09/23 22:53:29 Job terminated.
	(1) Normal termination (return value 0)
		Usr 0 00:00:00, Sys 0 00:00:00  -  Run Remote Usage
		Usr 0 00:00:00, Sys 0 00:00:00  -  Run Local Usage
		Usr 0 00:00:00, Sys 0 00:00:00  -  Total Remote Usage
		Usr 0 00:00:00, Sys 0 00:00:00  -  Total Local Usage
	0  -  Run Bytes Sent By Job
	0  -  Run Bytes Received By Job
	0  -  Total Bytes Sent By Job
	0  -  Total Bytes Received By Job
...
005 (359.000.000) 09/23 22:53:29 Job terminated.
	(1) Normal termination (return value 0)
		Usr 0 00:00:00, Sys 0 00:00:00  -  Run Remote Usage
		Usr 0 00:00:00, Sys 0 00:00:00  -  Run Local Usage
		Usr 0 00:00:00, Sys 0 00:00:00  -  Total Remote Usage
		Usr 0 00:00:00, Sys 0 00:00:00  -  Total Local Usage
	0  -  Run Bytes Sent By Job
	0  -  Run Bytes Received By Job
	0  -  Total Bytes Sent By Job
	0  -  Total Bytes Received By Job
...
005 (357.000.000) 09/23 22:53:29 Job terminated.
	(1) Normal termination (return value 0)
		Usr 0 00:00:00, Sys 0 00:00:00  -  Run Remote Usage
		Usr 0 00:00:00, Sys 0 00:00:00  -  Run Local Usage
		Usr 0 00:00:00, Sys 0 00:00:00  -  Total Remote Usage
		Usr 0 00:00:00, Sys 0 00:00:00  -  Total Local Usage
	0  -  Run Bytes Sent By Job
	0  -  Run Bytes Received By Job
	0  -  Total Bytes Sent By Job
	0  -  Total Bytes Received By Job
...
005 (355.000.000) 09/23 22:53:29 Job terminated.
	(1) Normal termination (return value 0)
		Usr 0 00:00:00, Sys 0 00:00:00  -  Run Remote Usage
		Usr 0 00:00:00, Sys 0 00:00:00  -  Run Local Usage
		Usr 0 00:00:00, Sys 0 00:00:00  -  Total Remote Usage
		Usr 0 00:00:00, Sys 0 00:00:00  -  Total Local Usage
	0  -  Run Bytes Sent By Job
	0  -  Run Bytes Received By Job
	0  -  Total Bytes Sent By Job
	0  -  Total Bytes Received By Job
...
016 (356.000.000) 09/23 22:53:32 POST Script terminated.
	(1) Normal termination (return value 0)
    DAG Node: stage_in_remote_local_1_0
...
016 (359.000.000) 09/23 22:53:32 POST Script terminated.
	(1) Normal termination (return value 0)
    DAG Node: stage_in_remote_local_3_0
...
016 (355.000.000) 09/23 22:53:32 POST Script terminated.
	(1) Normal termination (return value 0)
    DAG Node: stage_in_remote_local_2_0
...
016 (360.000.000) 09/23 22:53:32 POST Script terminated.
	(1) Normal termination (return value 0)
    DAG Node: register_local_1000_0
...
016 (357.000.000) 09/23 22:53:32 POST Script terminated.
	(1) Normal termination (return value 0)
    DAG Node: stage_in_remote_local_0_0
...
005 (358.000.000) 09/23 22:53:32 Job terminated.
	(1) Normal termination (return value 0)
		Usr 0 00:00:00, Sys 0 00:00:00  -  Run Remote Usage
		Usr 0 00:00:00, Sys 0 00:00:00  -  Run Local Usage
		Usr 0 00:00:00, Sys 0 00:00:00  -  Total Remote Usage
		Usr 0 00:00:00, Sys 0 00:00:00  -  Total Local Usage
	0  -  Run Bytes Sent By Job
	0  -  Run Bytes Received By Job
	0  -  Total Bytes Sent By Job
	0  -  Total Bytes Received By Job
...
016 (358.000.000) 09/23 22:53:36 POST Script terminated.
	(1) Normal termination (return value 0)
    DAG Node: stage_in_local_local_0_0
...
000 (361.000.000) 09/23 22:53:46 Job submitted from host: <127.0.0.1:9618?addrs=127.0.0.1-9618&noUDP&sock=271_7641_4>
    DAG Node: preprocess1_py_ID0000001
    pool:condorpool
...
001 (361.000.000) 09/23 22:53:52 Job executing on host: <127.0.0.1:9618?addrs=127.0.0.1-9618&noUDP&sock=271_7641_5>
...
005 (361.000.000) 09/23 22:53:55 Job terminated.
	(1) Normal termination (return value 0)
		Usr 0 00:00:00, Sys 0 00:00:00  -  Run Remote Usage
		Usr 0 00:00:00, Sys 0 00:00:00  -  Run Local Usage
		Usr 0 00:00:00, Sys 0 00:00:00  -  Total Remote Usage
		Usr 0 00:00:00, Sys 0 00:00:00  -  Total Local Usage
	345745  -  Run Bytes Sent By Job
	11128189  -  Run Bytes Received By Job
	345745  -  Total Bytes Sent By Job
	11128189  -  Total Bytes Received By Job
	Partitionable Resources :    Usage  Request Allocated 
	   Cpus                 :     0.29        1         1 
	   Disk (KB)            : 65214       12500   3204838 
	   Memory (MB)          :     0           1       991 
...
016 (361.000.000) 09/23 22:53:56 POST Script terminated.
	(1) Normal termination (return value 0)
    DAG Node: preprocess1_py_ID0000001
...
000 (362.000.000) 09/23 22:54:07 Job submitted from host: <127.0.0.1:9618?addrs=127.0.0.1-9618&noUDP&sock=271_7641_4>
    DAG Node: clean_up_local_level_3_0
    pool:local
...
000 (363.000.000) 09/23 22:54:07 Job submitted from host: <127.0.0.1:9618?addrs=127.0.0.1-9618&noUDP&sock=271_7641_4>
    DAG Node: stage_out_local_local_0_0
    pool:local
...
000 (364.000.000) 09/23 22:54:07 Job submitted from host: <127.0.0.1:9618?addrs=127.0.0.1-9618&noUDP&sock=271_7641_4>
    DAG Node: Augmentation_py_ID0000002
    pool:condorpool
...
001 (362.000.000) 09/23 22:54:08 Job executing on host: <127.0.0.1:9618?addrs=127.0.0.1-9618&noUDP&sock=10359_9a3e_334>
...
001 (363.000.000) 09/23 22:54:08 Job executing on host: <127.0.0.1:9618?addrs=127.0.0.1-9618&noUDP&sock=10359_9a3e_335>
...
001 (364.000.000) 09/23 22:54:08 Job executing on host: <127.0.0.1:9618?addrs=127.0.0.1-9618&noUDP&sock=271_7641_5>
...
005 (364.000.000) 09/23 22:54:12 Job terminated.
	(1) Normal termination (return value 0)
		Usr 0 00:00:00, Sys 0 00:00:00  -  Run Remote Usage
		Usr 0 00:00:00, Sys 0 00:00:00  -  Run Local Usage
		Usr 0 00:00:00, Sys 0 00:00:00  -  Total Remote Usage
		Usr 0 00:00:00, Sys 0 00:00:00  -  Total Local Usage
	811271  -  Run Bytes Sent By Job
	11132982  -  Run Bytes Received By Job
	811271  -  Total Bytes Sent By Job
	11132982  -  Total Bytes Received By Job
	Partitionable Resources :    Usage  Request Allocated 
	   Cpus                 :     0.33        1         1 
	   Disk (KB)            : 66202       12500   3204838 
	   Memory (MB)          :     0           1       991 
...
016 (364.000.000) 09/23 22:54:12 POST Script terminated.
	(1) Normal termination (return value 0)
    DAG Node: Augmentation_py_ID0000002
...
005 (363.000.000) 09/23 22:54:13 Job terminated.
	(1) Normal termination (return value 0)
		Usr 0 00:00:00, Sys 0 00:00:00  -  Run Remote Usage
		Usr 0 00:00:00, Sys 0 00:00:00  -  Run Local Usage
		Usr 0 00:00:00, Sys 0 00:00:00  -  Total Remote Usage
		Usr 0 00:00:00, Sys 0 00:00:00  -  Total Local Usage
	0  -  Run Bytes Sent By Job
	0  -  Run Bytes Received By Job
	0  -  Total Bytes Sent By Job
	0  -  Total Bytes Received By Job
...
016 (363.000.000) 09/23 22:54:17 POST Script terminated.
	(1) Normal termination (return value 0)
    DAG Node: stage_out_local_local_0_0
...
005 (362.000.000) 09/23 22:54:22 Job terminated.
	(1) Normal termination (return value 0)
		Usr 0 00:00:00, Sys 0 00:00:00  -  Run Remote Usage
		Usr 0 00:00:00, Sys 0 00:00:00  -  Run Local Usage
		Usr 0 00:00:00, Sys 0 00:00:00  -  Total Remote Usage
		Usr 0 00:00:00, Sys 0 00:00:00  -  Total Local Usage
	0  -  Run Bytes Sent By Job
	0  -  Run Bytes Received By Job
	0  -  Total Bytes Sent By Job
	0  -  Total Bytes Received By Job
...
000 (365.000.000) 09/23 22:54:23 Job submitted from host: <127.0.0.1:9618?addrs=127.0.0.1-9618&noUDP&sock=271_7641_4>
    DAG Node: stage_out_local_local_1_0
    pool:local
...
001 (365.000.000) 09/23 22:54:23 Job executing on host: <127.0.0.1:9618?addrs=127.0.0.1-9618&noUDP&sock=10359_9a3e_336>
...
000 (366.000.000) 09/23 22:54:23 Job submitted from host: <127.0.0.1:9618?addrs=127.0.0.1-9618&noUDP&sock=271_7641_4>
    DAG Node: Data_Split_py_ID0000003
    pool:condorpool
...
016 (362.000.000) 09/23 22:54:23 POST Script terminated.
	(1) Normal termination (return value 0)
    DAG Node: clean_up_local_level_3_0
...
001 (366.000.000) 09/23 22:54:24 Job executing on host: <127.0.0.1:9618?addrs=127.0.0.1-9618&noUDP&sock=271_7641_5>
...
005 (366.000.000) 09/23 22:54:27 Job terminated.
	(1) Normal termination (return value 0)
		Usr 0 00:00:00, Sys 0 00:00:00  -  Run Remote Usage
		Usr 0 00:00:00, Sys 0 00:00:00  -  Run Local Usage
		Usr 0 00:00:00, Sys 0 00:00:00  -  Total Remote Usage
		Usr 0 00:00:00, Sys 0 00:00:00  -  Total Local Usage
	18021  -  Run Bytes Sent By Job
	11591896  -  Run Bytes Received By Job
	18021  -  Total Bytes Sent By Job
	11591896  -  Total Bytes Received By Job
	Partitionable Resources :    Usage  Request Allocated 
	   Cpus                 :     0.26        1         1 
	   Disk (KB)            : 65355       12500   3204838 
	   Memory (MB)          :     0           1       991 
...
000 (367.000.000) 09/23 22:54:28 Job submitted from host: <127.0.0.1:9618?addrs=127.0.0.1-9618&noUDP&sock=271_7641_4>
    DAG Node: clean_up_local_level_4_0
    pool:local
...
000 (368.000.000) 09/23 22:54:28 Job submitted from host: <127.0.0.1:9618?addrs=127.0.0.1-9618&noUDP&sock=271_7641_4>
    DAG Node: register_local_0_0
    pool:local
...
016 (366.000.000) 09/23 22:54:28 POST Script terminated.
	(1) Normal termination (return value 0)
    DAG Node: Data_Split_py_ID0000003
...
005 (365.000.000) 09/23 22:54:31 Job terminated.
	(1) Normal termination (return value 0)
		Usr 0 00:00:00, Sys 0 00:00:00  -  Run Remote Usage
		Usr 0 00:00:00, Sys 0 00:00:00  -  Run Local Usage
		Usr 0 00:00:00, Sys 0 00:00:00  -  Total Remote Usage
		Usr 0 00:00:00, Sys 0 00:00:00  -  Total Local Usage
	0  -  Run Bytes Sent By Job
	0  -  Run Bytes Received By Job
	0  -  Total Bytes Sent By Job
	0  -  Total Bytes Received By Job
...
001 (368.000.000) 09/23 22:54:31 Job executing on host: <127.0.0.1:9618?addrs=127.0.0.1-9618&noUDP&sock=10359_9a3e_338>
...
001 (367.000.000) 09/23 22:54:31 Job executing on host: <127.0.0.1:9618?addrs=127.0.0.1-9618&noUDP&sock=10359_9a3e_339>
...
005 (368.000.000) 09/23 22:54:33 Job terminated.
	(1) Normal termination (return value 0)
		Usr 0 00:00:00, Sys 0 00:00:00  -  Run Remote Usage
		Usr 0 00:00:00, Sys 0 00:00:00  -  Run Local Usage
		Usr 0 00:00:00, Sys 0 00:00:00  -  Total Remote Usage
		Usr 0 00:00:00, Sys 0 00:00:00  -  Total Local Usage
	0  -  Run Bytes Sent By Job
	0  -  Run Bytes Received By Job
	0  -  Total Bytes Sent By Job
	0  -  Total Bytes Received By Job
...
016 (368.000.000) 09/23 22:54:34 POST Script terminated.
	(1) Normal termination (return value 0)
    DAG Node: register_local_0_0
...
016 (365.000.000) 09/23 22:54:34 POST Script terminated.
	(1) Normal termination (return value 0)
    DAG Node: stage_out_local_local_1_0
...
000 (369.000.000) 09/23 22:54:38 Job submitted from host: <127.0.0.1:9618?addrs=127.0.0.1-9618&noUDP&sock=271_7641_4>
    DAG Node: stage_out_local_local_2_0
    pool:local
...
000 (370.000.000) 09/23 22:54:38 Job submitted from host: <127.0.0.1:9618?addrs=127.0.0.1-9618&noUDP&sock=271_7641_4>
    DAG Node: VGG_model_py_ID0000004
    pool:condorpool
...
001 (370.000.000) 09/23 22:54:39 Job executing on host: <127.0.0.1:9618?addrs=127.0.0.1-9618&noUDP&sock=271_7641_5>
...
001 (369.000.000) 09/23 22:54:43 Job executing on host: <127.0.0.1:9618?addrs=127.0.0.1-9618&noUDP&sock=10359_9a3e_341>
...
000 (371.000.000) 09/23 22:54:43 Job submitted from host: <127.0.0.1:9618?addrs=127.0.0.1-9618&noUDP&sock=271_7641_4>
    DAG Node: clean_up_local_level_5_0
    pool:local
...
000 (372.000.000) 09/23 22:54:43 Job submitted from host: <127.0.0.1:9618?addrs=127.0.0.1-9618&noUDP&sock=271_7641_4>
    DAG Node: register_local_1_0
    pool:local
...
005 (367.000.000) 09/23 22:54:47 Job terminated.
	(1) Normal termination (return value 0)
		Usr 0 00:00:00, Sys 0 00:00:00  -  Run Remote Usage
		Usr 0 00:00:00, Sys 0 00:00:00  -  Run Local Usage
		Usr 0 00:00:00, Sys 0 00:00:00  -  Total Remote Usage
		Usr 0 00:00:00, Sys 0 00:00:00  -  Total Local Usage
	0  -  Run Bytes Sent By Job
	0  -  Run Bytes Received By Job
	0  -  Total Bytes Sent By Job
	0  -  Total Bytes Received By Job
...
005 (369.000.000) 09/23 22:54:47 Job terminated.
	(1) Normal termination (return value 0)
		Usr 0 00:00:00, Sys 0 00:00:00  -  Run Remote Usage
		Usr 0 00:00:00, Sys 0 00:00:00  -  Run Local Usage
		Usr 0 00:00:00, Sys 0 00:00:00  -  Total Remote Usage
		Usr 0 00:00:00, Sys 0 00:00:00  -  Total Local Usage
	0  -  Run Bytes Sent By Job
	0  -  Run Bytes Received By Job
	0  -  Total Bytes Sent By Job
	0  -  Total Bytes Received By Job
...
001 (372.000.000) 09/23 22:54:47 Job executing on host: <127.0.0.1:9618?addrs=127.0.0.1-9618&noUDP&sock=10359_9a3e_342>
...
001 (371.000.000) 09/23 22:54:47 Job executing on host: <127.0.0.1:9618?addrs=127.0.0.1-9618&noUDP&sock=10359_9a3e_343>
...
016 (367.000.000) 09/23 22:54:48 POST Script terminated.
	(1) Normal termination (return value 0)
    DAG Node: clean_up_local_level_4_0
...
016 (369.000.000) 09/23 22:54:48 POST Script terminated.
	(1) Normal termination (return value 0)
    DAG Node: stage_out_local_local_2_0
...
005 (372.000.000) 09/23 22:54:49 Job terminated.
	(1) Normal termination (return value 0)
		Usr 0 00:00:00, Sys 0 00:00:00  -  Run Remote Usage
		Usr 0 00:00:00, Sys 0 00:00:00  -  Run Local Usage
		Usr 0 00:00:00, Sys 0 00:00:00  -  Total Remote Usage
		Usr 0 00:00:00, Sys 0 00:00:00  -  Total Local Usage
	0  -  Run Bytes Sent By Job
	0  -  Run Bytes Received By Job
	0  -  Total Bytes Sent By Job
	0  -  Total Bytes Received By Job
...
016 (372.000.000) 09/23 22:54:53 POST Script terminated.
	(1) Normal termination (return value 0)
    DAG Node: register_local_1_0
...
005 (371.000.000) 09/23 22:54:55 Job terminated.
	(1) Normal termination (return value 0)
		Usr 0 00:00:00, Sys 0 00:00:00  -  Run Remote Usage
		Usr 0 00:00:00, Sys 0 00:00:00  -  Run Local Usage
		Usr 0 00:00:00, Sys 0 00:00:00  -  Total Remote Usage
		Usr 0 00:00:00, Sys 0 00:00:00  -  Total Local Usage
	0  -  Run Bytes Sent By Job
	0  -  Run Bytes Received By Job
	0  -  Total Bytes Sent By Job
	0  -  Total Bytes Received By Job
...
000 (373.000.000) 09/23 22:54:58 Job submitted from host: <127.0.0.1:9618?addrs=127.0.0.1-9618&noUDP&sock=271_7641_4>
    DAG Node: register_local_2_0
    pool:local
...
016 (371.000.000) 09/23 22:54:59 POST Script terminated.
	(1) Normal termination (return value 0)
    DAG Node: clean_up_local_level_5_0
...
001 (373.000.000) 09/23 22:55:03 Job executing on host: <127.0.0.1:9618?addrs=127.0.0.1-9618&noUDP&sock=10359_9a3e_344>
...
005 (373.000.000) 09/23 22:55:05 Job terminated.
	(1) Normal termination (return value 0)
		Usr 0 00:00:00, Sys 0 00:00:00  -  Run Remote Usage
		Usr 0 00:00:00, Sys 0 00:00:00  -  Run Local Usage
		Usr 0 00:00:00, Sys 0 00:00:00  -  Total Remote Usage
		Usr 0 00:00:00, Sys 0 00:00:00  -  Total Local Usage
	0  -  Run Bytes Sent By Job
	0  -  Run Bytes Received By Job
	0  -  Total Bytes Sent By Job
	0  -  Total Bytes Received By Job
...
016 (373.000.000) 09/23 22:55:08 POST Script terminated.
	(1) Normal termination (return value 0)
    DAG Node: register_local_2_0
...
005 (370.000.000) 09/23 22:55:14 Job terminated.
	(1) Normal termination (return value 0)
		Usr 0 00:00:29, Sys 0 00:00:01  -  Run Remote Usage
		Usr 0 00:00:00, Sys 0 00:00:00  -  Run Local Usage
		Usr 0 00:00:29, Sys 0 00:00:01  -  Total Remote Usage
		Usr 0 00:00:00, Sys 0 00:00:00  -  Total Local Usage
	63175136  -  Run Bytes Sent By Job
	11588838  -  Run Bytes Received By Job
	63175136  -  Total Bytes Sent By Job
	11588838  -  Total Bytes Received By Job
	Partitionable Resources :     Usage  Request Allocated 
	   Cpus                 :      1.01        1         1 
	   Disk (KB)            : 127029       12500   3204838 
	   Memory (MB)          :    390           1       991 
...
016 (370.000.000) 09/23 22:55:18 POST Script terminated.
	(1) Normal termination (return value 0)
    DAG Node: VGG_model_py_ID0000004
...
000 (374.000.000) 09/23 22:55:28 Job submitted from host: <127.0.0.1:9618?addrs=127.0.0.1-9618&noUDP&sock=271_7641_4>
    DAG Node: clean_up_local_level_6_0
    pool:local
...
000 (375.000.000) 09/23 22:55:28 Job submitted from host: <127.0.0.1:9618?addrs=127.0.0.1-9618&noUDP&sock=271_7641_4>
    DAG Node: stage_out_local_local_3_0
    pool:local
...
001 (375.000.000) 09/23 22:55:33 Job executing on host: <127.0.0.1:9618?addrs=127.0.0.1-9618&noUDP&sock=10359_9a3e_345>
...
001 (374.000.000) 09/23 22:55:33 Job executing on host: <127.0.0.1:9618?addrs=127.0.0.1-9618&noUDP&sock=10359_9a3e_346>
...
005 (375.000.000) 09/23 22:55:36 Job terminated.
	(1) Normal termination (return value 0)
		Usr 0 00:00:00, Sys 0 00:00:00  -  Run Remote Usage
		Usr 0 00:00:00, Sys 0 00:00:00  -  Run Local Usage
		Usr 0 00:00:00, Sys 0 00:00:00  -  Total Remote Usage
		Usr 0 00:00:00, Sys 0 00:00:00  -  Total Local Usage
	0  -  Run Bytes Sent By Job
	0  -  Run Bytes Received By Job
	0  -  Total Bytes Sent By Job
	0  -  Total Bytes Received By Job
...
016 (375.000.000) 09/23 22:55:38 POST Script terminated.
	(1) Normal termination (return value 0)
    DAG Node: stage_out_local_local_3_0
...
000 (376.000.000) 09/23 22:55:49 Job submitted from host: <127.0.0.1:9618?addrs=127.0.0.1-9618&noUDP&sock=271_7641_4>
    DAG Node: clean_up_local_level_7_0
    pool:local
...
000 (377.000.000) 09/23 22:55:49 Job submitted from host: <127.0.0.1:9618?addrs=127.0.0.1-9618&noUDP&sock=271_7641_4>
    DAG Node: register_local_3_0
    pool:local
...
005 (374.000.000) 09/23 22:55:49 Job terminated.
	(1) Normal termination (return value 0)
		Usr 0 00:00:00, Sys 0 00:00:00  -  Run Remote Usage
		Usr 0 00:00:00, Sys 0 00:00:00  -  Run Local Usage
		Usr 0 00:00:00, Sys 0 00:00:00  -  Total Remote Usage
		Usr 0 00:00:00, Sys 0 00:00:00  -  Total Local Usage
	0  -  Run Bytes Sent By Job
	0  -  Run Bytes Received By Job
	0  -  Total Bytes Sent By Job
	0  -  Total Bytes Received By Job
...
001 (377.000.000) 09/23 22:55:49 Job executing on host: <127.0.0.1:9618?addrs=127.0.0.1-9618&noUDP&sock=10359_9a3e_347>
...
001 (376.000.000) 09/23 22:55:49 Job executing on host: <127.0.0.1:9618?addrs=127.0.0.1-9618&noUDP&sock=10359_9a3e_348>
...
005 (376.000.000) 09/23 22:55:51 Job terminated.
	(1) Normal termination (return value 0)
		Usr 0 00:00:00, Sys 0 00:00:00  -  Run Remote Usage
		Usr 0 00:00:00, Sys 0 00:00:00  -  Run Local Usage
		Usr 0 00:00:00, Sys 0 00:00:00  -  Total Remote Usage
		Usr 0 00:00:00, Sys 0 00:00:00  -  Total Local Usage
	0  -  Run Bytes Sent By Job
	0  -  Run Bytes Received By Job
	0  -  Total Bytes Sent By Job
	0  -  Total Bytes Received By Job
...
005 (377.000.000) 09/23 22:55:51 Job terminated.
	(1) Normal termination (return value 0)
		Usr 0 00:00:00, Sys 0 00:00:00  -  Run Remote Usage
		Usr 0 00:00:00, Sys 0 00:00:00  -  Run Local Usage
		Usr 0 00:00:00, Sys 0 00:00:00  -  Total Remote Usage
		Usr 0 00:00:00, Sys 0 00:00:00  -  Total Local Usage
	0  -  Run Bytes Sent By Job
	0  -  Run Bytes Received By Job
	0  -  Total Bytes Sent By Job
	0  -  Total Bytes Received By Job
...
016 (377.000.000) 09/23 22:55:54 POST Script terminated.
	(1) Normal termination (return value 0)
    DAG Node: register_local_3_0
...
016 (376.000.000) 09/23 22:55:54 POST Script terminated.
	(1) Normal termination (return value 0)
    DAG Node: clean_up_local_level_7_0
...
016 (374.000.000) 09/23 22:55:54 POST Script terminated.
	(1) Normal termination (return value 0)
    DAG Node: clean_up_local_level_6_0
...
000 (378.000.000) 09/23 22:56:04 Job submitted from host: <127.0.0.1:9618?addrs=127.0.0.1-9618&noUDP&sock=271_7641_4>
    DAG Node: cleanup_Cats_and_Dogs_0_local
    pool:local
...
001 (378.000.000) 09/23 22:56:05 Job executing on host: <127.0.0.1:9618?addrs=127.0.0.1-9618&noUDP&sock=10359_9a3e_349>
...
005 (378.000.000) 09/23 22:56:07 Job terminated.
	(1) Normal termination (return value 0)
		Usr 0 00:00:00, Sys 0 00:00:00  -  Run Remote Usage
		Usr 0 00:00:00, Sys 0 00:00:00  -  Run Local Usage
		Usr 0 00:00:00, Sys 0 00:00:00  -  Total Remote Usage
		Usr 0 00:00:00, Sys 0 00:00:00  -  Total Local Usage
	0  -  Run Bytes Sent By Job
	0  -  Run Bytes Received By Job
	0  -  Total Bytes Sent By Job
	0  -  Total Bytes Received By Job
...
016 (378.000.000) 09/23 22:56:09 POST Script terminated.
	(1) Normal termination (return value 0)
    DAG Node: cleanup_Cats_and_Dogs_0_local
...
