08/24/20 10:47:51 ******************************************************
08/24/20 10:47:51 ** condor_scheduniv_exec.1.0 (CONDOR_DAGMAN) STARTING UP
08/24/20 10:47:51 ** /usr/bin/condor_dagman
08/24/20 10:47:51 ** SubsystemInfo: name=DAGMAN type=DAGMAN(10) class=DAEMON(1)
08/24/20 10:47:51 ** Configuration: subsystem:DAGMAN local:<NONE> class:DAEMON
08/24/20 10:47:51 ** $CondorVersion: 8.8.10 Aug 05 2020 BuildID: 513586 PackageID: 8.8.10-1 $
08/24/20 10:47:51 ** $CondorPlatform: x86_64_CentOS7 $
08/24/20 10:47:51 ** PID = 823
08/24/20 10:47:51 ** Log last touched time unavailable (No such file or directory)
08/24/20 10:47:51 ******************************************************
08/24/20 10:47:51 Using config source: /etc/condor/condor_config
08/24/20 10:47:51 Using local config sources: 
08/24/20 10:47:51    /etc/condor/config.d/00-minicondor
08/24/20 10:47:51    /etc/condor/condor_config.local
08/24/20 10:47:51 config Macros = 81, Sorted = 81, StringBytes = 2242, TablesBytes = 2964
08/24/20 10:47:51 CLASSAD_CACHING is ENABLED
08/24/20 10:47:51 Daemon Log is logging: D_ALWAYS D_ERROR
08/24/20 10:47:51 DaemonCore: No command port requested.
08/24/20 10:47:51 DAGMAN_USE_STRICT setting: 1
08/24/20 10:47:51 DAGMAN_VERBOSITY setting: 3
08/24/20 10:47:51 DAGMAN_DEBUG_CACHE_SIZE setting: 5242880
08/24/20 10:47:51 DAGMAN_DEBUG_CACHE_ENABLE setting: False
08/24/20 10:47:51 DAGMAN_SUBMIT_DELAY setting: 0
08/24/20 10:47:51 DAGMAN_MAX_SUBMIT_ATTEMPTS setting: 6
08/24/20 10:47:51 DAGMAN_STARTUP_CYCLE_DETECT setting: False
08/24/20 10:47:51 DAGMAN_MAX_SUBMITS_PER_INTERVAL setting: 100
08/24/20 10:47:51 DAGMAN_AGGRESSIVE_SUBMIT setting: False
08/24/20 10:47:51 DAGMAN_USER_LOG_SCAN_INTERVAL setting: 5
08/24/20 10:47:51 DAGMAN_QUEUE_UPDATE_INTERVAL setting: 300
08/24/20 10:47:51 DAGMAN_DEFAULT_PRIORITY setting: 0
08/24/20 10:47:51 DAGMAN_SUPPRESS_NOTIFICATION setting: True
08/24/20 10:47:51 allow_events (DAGMAN_ALLOW_EVENTS) setting: 114
08/24/20 10:47:51 DAGMAN_RETRY_SUBMIT_FIRST setting: True
08/24/20 10:47:51 DAGMAN_RETRY_NODE_FIRST setting: False
08/24/20 10:47:51 DAGMAN_MAX_JOBS_IDLE setting: 1000
08/24/20 10:47:51 DAGMAN_MAX_JOBS_SUBMITTED setting: 0
08/24/20 10:47:51 DAGMAN_MAX_PRE_SCRIPTS setting: 20
08/24/20 10:47:51 DAGMAN_MAX_POST_SCRIPTS setting: 20
08/24/20 10:47:51 DAGMAN_MUNGE_NODE_NAMES setting: True
08/24/20 10:47:51 DAGMAN_PROHIBIT_MULTI_JOBS setting: False
08/24/20 10:47:51 DAGMAN_SUBMIT_DEPTH_FIRST setting: False
08/24/20 10:47:51 DAGMAN_ALWAYS_RUN_POST setting: False
08/24/20 10:47:51 DAGMAN_CONDOR_SUBMIT_EXE setting: /usr/bin/condor_submit
08/24/20 10:47:51 DAGMAN_USE_CONDOR_SUBMIT setting: True
08/24/20 10:47:51 DAGMAN_ABORT_DUPLICATES setting: True
08/24/20 10:47:51 DAGMAN_ABORT_ON_SCARY_SUBMIT setting: True
08/24/20 10:47:51 DAGMAN_PENDING_REPORT_INTERVAL setting: 600
08/24/20 10:47:51 DAGMAN_AUTO_RESCUE setting: True
08/24/20 10:47:51 DAGMAN_MAX_RESCUE_NUM setting: 100
08/24/20 10:47:51 DAGMAN_WRITE_PARTIAL_RESCUE setting: True
08/24/20 10:47:51 DAGMAN_DEFAULT_NODE_LOG setting: @(DAG_DIR)/@(DAG_FILE).nodes.log
08/24/20 10:47:51 DAGMAN_GENERATE_SUBDAG_SUBMITS setting: True
08/24/20 10:47:51 DAGMAN_MAX_JOB_HOLDS setting: 100
08/24/20 10:47:51 DAGMAN_HOLD_CLAIM_TIME setting: 20
08/24/20 10:47:51 ALL_DEBUG setting: 
08/24/20 10:47:51 DAGMAN_DEBUG setting: 
08/24/20 10:47:51 DAGMAN_SUPPRESS_JOB_LOGS setting: False
08/24/20 10:47:51 DAGMAN_REMOVE_NODE_JOBS setting: True
08/24/20 10:47:51 argv[0] == "condor_scheduniv_exec.1.0"
08/24/20 10:47:51 argv[1] == "-Lockfile"
08/24/20 10:47:51 argv[2] == "Cats_and_Dogs-0.dag.lock"
08/24/20 10:47:51 argv[3] == "-AutoRescue"
08/24/20 10:47:51 argv[4] == "1"
08/24/20 10:47:51 argv[5] == "-DoRescueFrom"
08/24/20 10:47:51 argv[6] == "0"
08/24/20 10:47:51 argv[7] == "-Dag"
08/24/20 10:47:51 argv[8] == "Cats_and_Dogs-0.dag"
08/24/20 10:47:51 argv[9] == "-MaxPost"
08/24/20 10:47:51 argv[10] == "20"
08/24/20 10:47:51 argv[11] == "-Suppress_notification"
08/24/20 10:47:51 argv[12] == "-CsdVersion"
08/24/20 10:47:51 argv[13] == "$CondorVersion: 8.8.10 Aug 05 2020 BuildID: 513586 PackageID: 8.8.10-1 $"
08/24/20 10:47:51 argv[14] == "-Dagman"
08/24/20 10:47:51 argv[15] == "/bin/condor_dagman"
08/24/20 10:47:51 Workflow batch-name: <Cats_and_Dogs-0.dag+1>
08/24/20 10:47:51 Workflow accounting_group: <>
08/24/20 10:47:51 Workflow accounting_group_user: <>
08/24/20 10:47:51 Warning: failed to get attribute DAGNodeName
08/24/20 10:47:51 DAGMAN_LOG_ON_NFS_IS_ERROR setting: False
08/24/20 10:47:51 Default node log file is: </home/scitech/shared-data/CatsAndDogs/scitech/pegasus/Cats_and_Dogs/run0017/./Cats_and_Dogs-0.dag.nodes.log>
08/24/20 10:47:51 DAG Lockfile will be written to Cats_and_Dogs-0.dag.lock
08/24/20 10:47:51 DAG Input file is Cats_and_Dogs-0.dag
08/24/20 10:47:51 Parsing 1 dagfiles
08/24/20 10:47:51 Parsing Cats_and_Dogs-0.dag ...
08/24/20 10:47:51 Warning:  could not open Pegasus braindump file braindump.txt
08/24/20 10:47:51 Dag contains 24 total jobs
08/24/20 10:47:51 Sleeping for 3 seconds to ensure ProcessId uniqueness
08/24/20 10:47:54 Bootstrapping...
08/24/20 10:47:54 Number of pre-completed nodes: 0
08/24/20 10:47:54 MultiLogFiles: truncating log file /home/scitech/shared-data/CatsAndDogs/scitech/pegasus/Cats_and_Dogs/run0017/./Cats_and_Dogs-0.dag.nodes.log
08/24/20 10:47:54 DAG status: 0 (DAG_STATUS_OK)
08/24/20 10:47:54 Of 24 nodes total:
08/24/20 10:47:54  Done     Pre   Queued    Post   Ready   Un-Ready   Failed
08/24/20 10:47:54   ===     ===      ===     ===     ===        ===      ===
08/24/20 10:47:54     0       0        0       0       1         23        0
08/24/20 10:47:54 0 job proc(s) currently held
08/24/20 10:47:54 DAGMan Runtime Statistics: [ EventCycleTimeSum = 0.0; EventCycleTimeCount = 0.0; SleepCycleTimeCount = 0.0; SubmitCycleTimeSum = 0.0; SubmitCycleTimeCount = 0.0; LogProcessCycleTimeSum = 0.0; SleepCycleTimeSum = 0.0; LogProcessCycleTimeCount = 0.0; ]
08/24/20 10:47:54 Registering condor_event_timer...
08/24/20 10:47:55 Submitting HTCondor Node create_dir_Cats_and_Dogs_0_local job(s)...
08/24/20 10:47:55 Adding a DAGMan workflow log /home/scitech/shared-data/CatsAndDogs/scitech/pegasus/Cats_and_Dogs/run0017/./Cats_and_Dogs-0.dag.nodes.log
08/24/20 10:47:55 Masking the events recorded in the DAGMAN workflow log
08/24/20 10:47:55 Mask for workflow log is 0,1,2,4,5,7,9,10,11,12,13,16,17,24,27,35,36
08/24/20 10:47:55 submitting: /usr/bin/condor_submit -a dag_node_name' '=' 'create_dir_Cats_and_Dogs_0_local -a +DAGManJobId' '=' '1 -a DAGManJobId' '=' '1 -batch-name Cats_and_Dogs-0.dag+1 -a submit_event_notes' '=' 'DAG' 'Node:' 'create_dir_Cats_and_Dogs_0_local -a dagman_log' '=' '/home/scitech/shared-data/CatsAndDogs/scitech/pegasus/Cats_and_Dogs/run0017/./Cats_and_Dogs-0.dag.nodes.log -a +DAGManNodesMask' '=' '"0,1,2,4,5,7,9,10,11,12,13,16,17,24,27,35,36" -a priority=800 -a +DAGNodeRetry' '=' '0 -a DAG_STATUS' '=' '0 -a FAILED_COUNT' '=' '0 -a +KeepClaimIdle' '=' '20 -a notification' '=' 'never -a +DAGParentNodeNames' '=' '"" 00/00/create_dir_Cats_and_Dogs_0_local.sub
08/24/20 10:47:55 From submit: Submitting job(s).
08/24/20 10:47:55 From submit: 1 job(s) submitted to cluster 2.
08/24/20 10:47:55 	assigned HTCondor ID (2.0.0)
08/24/20 10:47:55 Just submitted 1 job this cycle...
08/24/20 10:47:55 DAG status: 0 (DAG_STATUS_OK)
08/24/20 10:47:55 Of 24 nodes total:
08/24/20 10:47:55  Done     Pre   Queued    Post   Ready   Un-Ready   Failed
08/24/20 10:47:55   ===     ===      ===     ===     ===        ===      ===
08/24/20 10:47:55     0       0        1       0       0         23        0
08/24/20 10:47:55 0 job proc(s) currently held
08/24/20 10:47:55 DAGMan Runtime Statistics: [ EventCycleTimeCount = 0.0; EventCycleTimeSum = 0.0; LogProcessCycleTimeCount = 0.0; SleepCycleTimeSum = 0.0; LogProcessCycleTimeSum = 0.0; SubmitCycleTimeCount = 1.0; SubmitCycleTimeMax = 0.04154777526855469; SubmitCycleTimeMin = 0.04154777526855469; SubmitCycleTimeAvg = 0.04154777526855469; SubmitCycleTimeStd = 0.04154777526855469; SubmitCycleTimeSum = 0.04154777526855469; SleepCycleTimeCount = 0.0; ]
08/24/20 10:48:00 Currently monitoring 1 HTCondor log file(s)
08/24/20 10:48:00 Reassigning the id of job create_dir_Cats_and_Dogs_0_local from (2.0.0) to (2.0.0)
08/24/20 10:48:00 Event: ULOG_SUBMIT for HTCondor Node create_dir_Cats_and_Dogs_0_local (2.0.0) {08/24/20 10:47:55}
08/24/20 10:48:00 Number of idle job procs: 1
08/24/20 10:48:00 Event: ULOG_EXECUTE for HTCondor Node create_dir_Cats_and_Dogs_0_local (2.0.0) {08/24/20 10:47:56}
08/24/20 10:48:00 Number of idle job procs: 0
08/24/20 10:48:00 Event: ULOG_JOB_TERMINATED for HTCondor Node create_dir_Cats_and_Dogs_0_local (2.0.0) {08/24/20 10:47:58}
08/24/20 10:48:00 Number of idle job procs: 0
08/24/20 10:48:00 Node create_dir_Cats_and_Dogs_0_local job proc (2.0.0) completed successfully.
08/24/20 10:48:00 Node create_dir_Cats_and_Dogs_0_local job completed
08/24/20 10:48:00 Running POST script of Node create_dir_Cats_and_Dogs_0_local...
08/24/20 10:48:00 Warning: mysin has length 0 (ignore if produced by DAGMan; see gittrac #4987, #5031)
08/24/20 10:48:00 DAG status: 0 (DAG_STATUS_OK)
08/24/20 10:48:00 Of 24 nodes total:
08/24/20 10:48:00  Done     Pre   Queued    Post   Ready   Un-Ready   Failed
08/24/20 10:48:00   ===     ===      ===     ===     ===        ===      ===
08/24/20 10:48:00     0       0        0       1       0         23        0
08/24/20 10:48:00 0 job proc(s) currently held
08/24/20 10:48:00 DAGMan Runtime Statistics: [ EventCycleTimeStd = 0.04658293724060059; EventCycleTimeMax = 0.04658293724060059; SubmitCycleTimeMin = 0.001016139984130859; SubmitCycleTimeAvg = 0.02128195762634277; SleepCycleTimeCount = 1.0; SubmitCycleTimeCount = 2.0; SubmitCycleTimeMax = 0.04154777526855469; SleepCycleTimeMin = 5.006271123886108; SubmitCycleTimeSum = 0.04256391525268555; LogProcessCycleTimeStd = 0.03180384635925293; SubmitCycleTimeStd = 0.02866019416219603; LogProcessCycleTimeAvg = 0.03180384635925293; EventCycleTimeMin = 0.04658293724060059; LogProcessCycleTimeMax = 0.03180384635925293; LogProcessCycleTimeMin = 0.03180384635925293; LogProcessCycleTimeSum = 0.03180384635925293; LogProcessCycleTimeCount = 1.0; EventCycleTimeSum = 0.04658293724060059; SleepCycleTimeSum = 5.006271123886108; SleepCycleTimeAvg = 5.006271123886108; SleepCycleTimeStd = 5.006271123886108; SleepCycleTimeMax = 5.006271123886108; EventCycleTimeCount = 1.0; EventCycleTimeAvg = 0.04658293724060059; ]
08/24/20 10:48:00 Initializing user log writer for /home/scitech/shared-data/CatsAndDogs/scitech/pegasus/Cats_and_Dogs/run0017/./Cats_and_Dogs-0.dag.nodes.log, (2.0.0)
08/24/20 10:48:05 Currently monitoring 1 HTCondor log file(s)
08/24/20 10:48:05 Event: ULOG_POST_SCRIPT_TERMINATED for HTCondor Node create_dir_Cats_and_Dogs_0_local (2.0.0) {08/24/20 10:48:00}
08/24/20 10:48:05 POST Script of node create_dir_Cats_and_Dogs_0_local completed successfully.
08/24/20 10:48:05 DAG status: 0 (DAG_STATUS_OK)
08/24/20 10:48:05 Of 24 nodes total:
08/24/20 10:48:05  Done     Pre   Queued    Post   Ready   Un-Ready   Failed
08/24/20 10:48:05   ===     ===      ===     ===     ===        ===      ===
08/24/20 10:48:05     1       0        0       0       5         18        0
08/24/20 10:48:05 0 job proc(s) currently held
08/24/20 10:48:05 DAGMan Runtime Statistics: [ EventCycleTimeStd = 0.004914996885946418; EventCycleTimeMax = 0.04658293724060059; SubmitCycleTimeMin = 0.001016139984130859; SubmitCycleTimeAvg = 0.01458231608072917; SleepCycleTimeCount = 2.0; SubmitCycleTimeCount = 3.0; SubmitCycleTimeMax = 0.04154777526855469; SleepCycleTimeMin = 5.006271123886108; SubmitCycleTimeSum = 0.0437469482421875; LogProcessCycleTimeStd = 0.01604479946591523; SubmitCycleTimeStd = 0.02335292177065909; LogProcessCycleTimeAvg = 0.02045845985412598; EventCycleTimeMin = 0.03963208198547363; LogProcessCycleTimeMax = 0.03180384635925293; LogProcessCycleTimeMin = 0.009113073348999023; LogProcessCycleTimeSum = 0.04091691970825195; LogProcessCycleTimeCount = 2.0; EventCycleTimeSum = 0.08621501922607422; SleepCycleTimeSum = 10.2156970500946; SleepCycleTimeAvg = 5.107848525047302; SleepCycleTimeStd = 0.1436521383527729; SleepCycleTimeMax = 5.209425926208496; EventCycleTimeCount = 2.0; EventCycleTimeAvg = 0.04310750961303711; ]
08/24/20 10:48:10 Submitting HTCondor Node stage_in_remote_local_2_0 job(s)...
08/24/20 10:48:10 Adding a DAGMan workflow log /home/scitech/shared-data/CatsAndDogs/scitech/pegasus/Cats_and_Dogs/run0017/./Cats_and_Dogs-0.dag.nodes.log
08/24/20 10:48:10 Masking the events recorded in the DAGMAN workflow log
08/24/20 10:48:10 Mask for workflow log is 0,1,2,4,5,7,9,10,11,12,13,16,17,24,27,35,36
08/24/20 10:48:10 submitting: /usr/bin/condor_submit -a dag_node_name' '=' 'stage_in_remote_local_2_0 -a +DAGManJobId' '=' '1 -a DAGManJobId' '=' '1 -batch-name Cats_and_Dogs-0.dag+1 -a submit_event_notes' '=' 'DAG' 'Node:' 'stage_in_remote_local_2_0 -a dagman_log' '=' '/home/scitech/shared-data/CatsAndDogs/scitech/pegasus/Cats_and_Dogs/run0017/./Cats_and_Dogs-0.dag.nodes.log -a +DAGManNodesMask' '=' '"0,1,2,4,5,7,9,10,11,12,13,16,17,24,27,35,36" -a priority=700 -a +DAGNodeRetry' '=' '0 -a DAG_STATUS' '=' '0 -a FAILED_COUNT' '=' '0 -a +KeepClaimIdle' '=' '20 -a notification' '=' 'never -a +DAGParentNodeNames' '=' '"create_dir_Cats_and_Dogs_0_local" 00/00/stage_in_remote_local_2_0.sub
08/24/20 10:48:10 From submit: Submitting job(s).
08/24/20 10:48:10 From submit: 1 job(s) submitted to cluster 3.
08/24/20 10:48:10 	assigned HTCondor ID (3.0.0)
08/24/20 10:48:10 Submitting HTCondor Node stage_in_remote_local_1_0 job(s)...
08/24/20 10:48:10 Adding a DAGMan workflow log /home/scitech/shared-data/CatsAndDogs/scitech/pegasus/Cats_and_Dogs/run0017/./Cats_and_Dogs-0.dag.nodes.log
08/24/20 10:48:10 Masking the events recorded in the DAGMAN workflow log
08/24/20 10:48:10 Mask for workflow log is 0,1,2,4,5,7,9,10,11,12,13,16,17,24,27,35,36
08/24/20 10:48:10 submitting: /usr/bin/condor_submit -a dag_node_name' '=' 'stage_in_remote_local_1_0 -a +DAGManJobId' '=' '1 -a DAGManJobId' '=' '1 -batch-name Cats_and_Dogs-0.dag+1 -a submit_event_notes' '=' 'DAG' 'Node:' 'stage_in_remote_local_1_0 -a dagman_log' '=' '/home/scitech/shared-data/CatsAndDogs/scitech/pegasus/Cats_and_Dogs/run0017/./Cats_and_Dogs-0.dag.nodes.log -a +DAGManNodesMask' '=' '"0,1,2,4,5,7,9,10,11,12,13,16,17,24,27,35,36" -a priority=700 -a +DAGNodeRetry' '=' '0 -a DAG_STATUS' '=' '0 -a FAILED_COUNT' '=' '0 -a +KeepClaimIdle' '=' '20 -a notification' '=' 'never -a +DAGParentNodeNames' '=' '"create_dir_Cats_and_Dogs_0_local" 00/00/stage_in_remote_local_1_0.sub
08/24/20 10:48:10 From submit: Submitting job(s).
08/24/20 10:48:10 From submit: 1 job(s) submitted to cluster 4.
08/24/20 10:48:10 	assigned HTCondor ID (4.0.0)
08/24/20 10:48:10 Submitting HTCondor Node stage_in_remote_local_0_0 job(s)...
08/24/20 10:48:10 Adding a DAGMan workflow log /home/scitech/shared-data/CatsAndDogs/scitech/pegasus/Cats_and_Dogs/run0017/./Cats_and_Dogs-0.dag.nodes.log
08/24/20 10:48:10 Masking the events recorded in the DAGMAN workflow log
08/24/20 10:48:10 Mask for workflow log is 0,1,2,4,5,7,9,10,11,12,13,16,17,24,27,35,36
08/24/20 10:48:10 submitting: /usr/bin/condor_submit -a dag_node_name' '=' 'stage_in_remote_local_0_0 -a +DAGManJobId' '=' '1 -a DAGManJobId' '=' '1 -batch-name Cats_and_Dogs-0.dag+1 -a submit_event_notes' '=' 'DAG' 'Node:' 'stage_in_remote_local_0_0 -a dagman_log' '=' '/home/scitech/shared-data/CatsAndDogs/scitech/pegasus/Cats_and_Dogs/run0017/./Cats_and_Dogs-0.dag.nodes.log -a +DAGManNodesMask' '=' '"0,1,2,4,5,7,9,10,11,12,13,16,17,24,27,35,36" -a priority=700 -a +DAGNodeRetry' '=' '0 -a DAG_STATUS' '=' '0 -a FAILED_COUNT' '=' '0 -a +KeepClaimIdle' '=' '20 -a notification' '=' 'never -a +DAGParentNodeNames' '=' '"create_dir_Cats_and_Dogs_0_local" 00/00/stage_in_remote_local_0_0.sub
08/24/20 10:48:10 From submit: Submitting job(s).
08/24/20 10:48:10 From submit: 1 job(s) submitted to cluster 5.
08/24/20 10:48:10 	assigned HTCondor ID (5.0.0)
08/24/20 10:48:10 Submitting HTCondor Node stage_in_local_local_0_0 job(s)...
08/24/20 10:48:10 Adding a DAGMan workflow log /home/scitech/shared-data/CatsAndDogs/scitech/pegasus/Cats_and_Dogs/run0017/./Cats_and_Dogs-0.dag.nodes.log
08/24/20 10:48:10 Masking the events recorded in the DAGMAN workflow log
08/24/20 10:48:10 Mask for workflow log is 0,1,2,4,5,7,9,10,11,12,13,16,17,24,27,35,36
08/24/20 10:48:10 submitting: /usr/bin/condor_submit -a dag_node_name' '=' 'stage_in_local_local_0_0 -a +DAGManJobId' '=' '1 -a DAGManJobId' '=' '1 -batch-name Cats_and_Dogs-0.dag+1 -a submit_event_notes' '=' 'DAG' 'Node:' 'stage_in_local_local_0_0 -a dagman_log' '=' '/home/scitech/shared-data/CatsAndDogs/scitech/pegasus/Cats_and_Dogs/run0017/./Cats_and_Dogs-0.dag.nodes.log -a +DAGManNodesMask' '=' '"0,1,2,4,5,7,9,10,11,12,13,16,17,24,27,35,36" -a priority=700 -a +DAGNodeRetry' '=' '0 -a DAG_STATUS' '=' '0 -a FAILED_COUNT' '=' '0 -a +KeepClaimIdle' '=' '20 -a notification' '=' 'never -a +DAGParentNodeNames' '=' '"create_dir_Cats_and_Dogs_0_local" 00/00/stage_in_local_local_0_0.sub
08/24/20 10:48:11 From submit: Submitting job(s).
08/24/20 10:48:11 From submit: 1 job(s) submitted to cluster 6.
08/24/20 10:48:11 	assigned HTCondor ID (6.0.0)
08/24/20 10:48:11 Submitting HTCondor Node stage_in_remote_local_3_0 job(s)...
08/24/20 10:48:11 Adding a DAGMan workflow log /home/scitech/shared-data/CatsAndDogs/scitech/pegasus/Cats_and_Dogs/run0017/./Cats_and_Dogs-0.dag.nodes.log
08/24/20 10:48:11 Masking the events recorded in the DAGMAN workflow log
08/24/20 10:48:11 Mask for workflow log is 0,1,2,4,5,7,9,10,11,12,13,16,17,24,27,35,36
08/24/20 10:48:11 submitting: /usr/bin/condor_submit -a dag_node_name' '=' 'stage_in_remote_local_3_0 -a +DAGManJobId' '=' '1 -a DAGManJobId' '=' '1 -batch-name Cats_and_Dogs-0.dag+1 -a submit_event_notes' '=' 'DAG' 'Node:' 'stage_in_remote_local_3_0 -a dagman_log' '=' '/home/scitech/shared-data/CatsAndDogs/scitech/pegasus/Cats_and_Dogs/run0017/./Cats_and_Dogs-0.dag.nodes.log -a +DAGManNodesMask' '=' '"0,1,2,4,5,7,9,10,11,12,13,16,17,24,27,35,36" -a priority=700 -a +DAGNodeRetry' '=' '0 -a DAG_STATUS' '=' '0 -a FAILED_COUNT' '=' '0 -a +KeepClaimIdle' '=' '20 -a notification' '=' 'never -a +DAGParentNodeNames' '=' '"create_dir_Cats_and_Dogs_0_local" 00/00/stage_in_remote_local_3_0.sub
08/24/20 10:48:11 From submit: Submitting job(s).
08/24/20 10:48:11 From submit: 1 job(s) submitted to cluster 7.
08/24/20 10:48:11 	assigned HTCondor ID (7.0.0)
08/24/20 10:48:11 Just submitted 5 jobs this cycle...
08/24/20 10:48:11 DAG status: 0 (DAG_STATUS_OK)
08/24/20 10:48:11 Of 24 nodes total:
08/24/20 10:48:11  Done     Pre   Queued    Post   Ready   Un-Ready   Failed
08/24/20 10:48:11   ===     ===      ===     ===     ===        ===      ===
08/24/20 10:48:11     1       0        5       0       0         18        0
08/24/20 10:48:11 0 job proc(s) currently held
08/24/20 10:48:11 DAGMan Runtime Statistics: [ EventCycleTimeStd = 0.01164506473832267; EventCycleTimeMax = 0.04658293724060059; SubmitCycleTimeMin = 0.001016139984130859; SubmitCycleTimeAvg = 0.04621022939682007; SleepCycleTimeCount = 3.0; SubmitCycleTimeCount = 4.0; SubmitCycleTimeMax = 0.1410939693450928; SleepCycleTimeMin = 5.006271123886108; SubmitCycleTimeSum = 0.1848409175872803; LogProcessCycleTimeStd = 0.01604479946591523; SubmitCycleTimeStd = 0.06606717974712045; LogProcessCycleTimeAvg = 0.02045845985412598; EventCycleTimeMin = 0.02385687828063965; LogProcessCycleTimeMax = 0.03180384635925293; LogProcessCycleTimeMin = 0.009113073348999023; LogProcessCycleTimeSum = 0.04091691970825195; LogProcessCycleTimeCount = 2.0; EventCycleTimeSum = 0.1100718975067139; SleepCycleTimeSum = 15.22585701942444; SleepCycleTimeAvg = 5.075285673141479; SleepCycleTimeStd = 0.1161851384617832; SleepCycleTimeMax = 5.209425926208496; EventCycleTimeCount = 3.0; EventCycleTimeAvg = 0.03669063250223795; ]
08/24/20 10:48:16 Currently monitoring 1 HTCondor log file(s)
08/24/20 10:48:16 Reassigning the id of job stage_in_remote_local_2_0 from (3.0.0) to (3.0.0)
08/24/20 10:48:16 Event: ULOG_SUBMIT for HTCondor Node stage_in_remote_local_2_0 (3.0.0) {08/24/20 10:48:10}
08/24/20 10:48:16 Number of idle job procs: 1
08/24/20 10:48:16 Reassigning the id of job stage_in_remote_local_1_0 from (4.0.0) to (4.0.0)
08/24/20 10:48:16 Event: ULOG_SUBMIT for HTCondor Node stage_in_remote_local_1_0 (4.0.0) {08/24/20 10:48:10}
08/24/20 10:48:16 Number of idle job procs: 2
08/24/20 10:48:16 Reassigning the id of job stage_in_remote_local_0_0 from (5.0.0) to (5.0.0)
08/24/20 10:48:16 Event: ULOG_SUBMIT for HTCondor Node stage_in_remote_local_0_0 (5.0.0) {08/24/20 10:48:10}
08/24/20 10:48:16 Number of idle job procs: 3
08/24/20 10:48:16 Reassigning the id of job stage_in_local_local_0_0 from (6.0.0) to (6.0.0)
08/24/20 10:48:16 Event: ULOG_SUBMIT for HTCondor Node stage_in_local_local_0_0 (6.0.0) {08/24/20 10:48:11}
08/24/20 10:48:16 Number of idle job procs: 4
08/24/20 10:48:16 Reassigning the id of job stage_in_remote_local_3_0 from (7.0.0) to (7.0.0)
08/24/20 10:48:16 Event: ULOG_SUBMIT for HTCondor Node stage_in_remote_local_3_0 (7.0.0) {08/24/20 10:48:11}
08/24/20 10:48:16 Number of idle job procs: 5
08/24/20 10:48:16 Event: ULOG_EXECUTE for HTCondor Node stage_in_remote_local_2_0 (3.0.0) {08/24/20 10:48:14}
08/24/20 10:48:16 Number of idle job procs: 4
08/24/20 10:48:16 Event: ULOG_EXECUTE for HTCondor Node stage_in_local_local_0_0 (6.0.0) {08/24/20 10:48:14}
08/24/20 10:48:16 Number of idle job procs: 3
08/24/20 10:48:16 Event: ULOG_EXECUTE for HTCondor Node stage_in_remote_local_0_0 (5.0.0) {08/24/20 10:48:14}
08/24/20 10:48:16 Number of idle job procs: 2
08/24/20 10:48:16 Event: ULOG_EXECUTE for HTCondor Node stage_in_remote_local_1_0 (4.0.0) {08/24/20 10:48:14}
08/24/20 10:48:16 Number of idle job procs: 1
08/24/20 10:48:16 Event: ULOG_EXECUTE for HTCondor Node stage_in_remote_local_3_0 (7.0.0) {08/24/20 10:48:14}
08/24/20 10:48:16 Number of idle job procs: 0
08/24/20 10:48:21 Currently monitoring 1 HTCondor log file(s)
08/24/20 10:48:21 Event: ULOG_JOB_TERMINATED for HTCondor Node stage_in_remote_local_2_0 (3.0.0) {08/24/20 10:48:16}
08/24/20 10:48:21 Number of idle job procs: 0
08/24/20 10:48:21 Node stage_in_remote_local_2_0 job proc (3.0.0) completed successfully.
08/24/20 10:48:21 Node stage_in_remote_local_2_0 job completed
08/24/20 10:48:21 Running POST script of Node stage_in_remote_local_2_0...
08/24/20 10:48:21 Warning: mysin has length 0 (ignore if produced by DAGMan; see gittrac #4987, #5031)
08/24/20 10:48:21 Event: ULOG_JOB_TERMINATED for HTCondor Node stage_in_remote_local_0_0 (5.0.0) {08/24/20 10:48:16}
08/24/20 10:48:21 Number of idle job procs: 0
08/24/20 10:48:21 Node stage_in_remote_local_0_0 job proc (5.0.0) completed successfully.
08/24/20 10:48:21 Node stage_in_remote_local_0_0 job completed
08/24/20 10:48:21 Running POST script of Node stage_in_remote_local_0_0...
08/24/20 10:48:21 Warning: mysin has length 0 (ignore if produced by DAGMan; see gittrac #4987, #5031)
08/24/20 10:48:21 Event: ULOG_JOB_TERMINATED for HTCondor Node stage_in_remote_local_1_0 (4.0.0) {08/24/20 10:48:16}
08/24/20 10:48:21 Number of idle job procs: 0
08/24/20 10:48:21 Node stage_in_remote_local_1_0 job proc (4.0.0) completed successfully.
08/24/20 10:48:21 Node stage_in_remote_local_1_0 job completed
08/24/20 10:48:21 Running POST script of Node stage_in_remote_local_1_0...
08/24/20 10:48:21 Warning: mysin has length 0 (ignore if produced by DAGMan; see gittrac #4987, #5031)
08/24/20 10:48:21 Event: ULOG_JOB_TERMINATED for HTCondor Node stage_in_remote_local_3_0 (7.0.0) {08/24/20 10:48:16}
08/24/20 10:48:21 Number of idle job procs: 0
08/24/20 10:48:21 Node stage_in_remote_local_3_0 job proc (7.0.0) completed successfully.
08/24/20 10:48:21 Node stage_in_remote_local_3_0 job completed
08/24/20 10:48:21 Running POST script of Node stage_in_remote_local_3_0...
08/24/20 10:48:21 Warning: mysin has length 0 (ignore if produced by DAGMan; see gittrac #4987, #5031)
08/24/20 10:48:21 DAG status: 0 (DAG_STATUS_OK)
08/24/20 10:48:21 Of 24 nodes total:
08/24/20 10:48:21  Done     Pre   Queued    Post   Ready   Un-Ready   Failed
08/24/20 10:48:21   ===     ===      ===     ===     ===        ===      ===
08/24/20 10:48:21     1       0        1       4       0         18        0
08/24/20 10:48:21 0 job proc(s) currently held
08/24/20 10:48:21 DAGMan Runtime Statistics: [ EventCycleTimeStd = 0.05109597514008745; EventCycleTimeMax = 0.1454460620880127; SubmitCycleTimeMin = 0.0002219676971435547; SubmitCycleTimeAvg = 0.03098165988922119; SleepCycleTimeCount = 5.0; SubmitCycleTimeCount = 6.0; SubmitCycleTimeMax = 0.1410939693450928; SleepCycleTimeMin = 5.005099058151245; SubmitCycleTimeSum = 0.1858899593353271; LogProcessCycleTimeStd = 0.01093586133473645; SubmitCycleTimeStd = 0.05635195071519333; LogProcessCycleTimeAvg = 0.02366417646408081; EventCycleTimeMin = 0.02355003356933594; LogProcessCycleTimeMax = 0.03235793113708496; LogProcessCycleTimeMin = 0.009113073348999023; LogProcessCycleTimeSum = 0.09465670585632324; LogProcessCycleTimeCount = 4.0; EventCycleTimeSum = 0.2790679931640625; SleepCycleTimeSum = 25.23945307731628; SleepCycleTimeAvg = 5.047890615463257; SleepCycleTimeStd = 0.09032222136777246; SleepCycleTimeMax = 5.209425926208496; EventCycleTimeCount = 5.0; EventCycleTimeAvg = 0.0558135986328125; ]
08/24/20 10:48:21 Initializing user log writer for /home/scitech/shared-data/CatsAndDogs/scitech/pegasus/Cats_and_Dogs/run0017/./Cats_and_Dogs-0.dag.nodes.log, (3.0.0)
08/24/20 10:48:21 Initializing user log writer for /home/scitech/shared-data/CatsAndDogs/scitech/pegasus/Cats_and_Dogs/run0017/./Cats_and_Dogs-0.dag.nodes.log, (5.0.0)
08/24/20 10:48:21 Initializing user log writer for /home/scitech/shared-data/CatsAndDogs/scitech/pegasus/Cats_and_Dogs/run0017/./Cats_and_Dogs-0.dag.nodes.log, (7.0.0)
08/24/20 10:48:21 Initializing user log writer for /home/scitech/shared-data/CatsAndDogs/scitech/pegasus/Cats_and_Dogs/run0017/./Cats_and_Dogs-0.dag.nodes.log, (4.0.0)
08/24/20 10:48:26 Currently monitoring 1 HTCondor log file(s)
08/24/20 10:48:26 Event: ULOG_POST_SCRIPT_TERMINATED for HTCondor Node stage_in_remote_local_2_0 (3.0.0) {08/24/20 10:48:21}
08/24/20 10:48:26 POST Script of node stage_in_remote_local_2_0 completed successfully.
08/24/20 10:48:26 Event: ULOG_POST_SCRIPT_TERMINATED for HTCondor Node stage_in_remote_local_0_0 (5.0.0) {08/24/20 10:48:21}
08/24/20 10:48:26 POST Script of node stage_in_remote_local_0_0 completed successfully.
08/24/20 10:48:26 Event: ULOG_POST_SCRIPT_TERMINATED for HTCondor Node stage_in_remote_local_3_0 (7.0.0) {08/24/20 10:48:21}
08/24/20 10:48:26 POST Script of node stage_in_remote_local_3_0 completed successfully.
08/24/20 10:48:26 Event: ULOG_POST_SCRIPT_TERMINATED for HTCondor Node stage_in_remote_local_1_0 (4.0.0) {08/24/20 10:48:21}
08/24/20 10:48:26 POST Script of node stage_in_remote_local_1_0 completed successfully.
08/24/20 10:48:26 DAG status: 0 (DAG_STATUS_OK)
08/24/20 10:48:26 Of 24 nodes total:
08/24/20 10:48:26  Done     Pre   Queued    Post   Ready   Un-Ready   Failed
08/24/20 10:48:26   ===     ===      ===     ===     ===        ===      ===
08/24/20 10:48:26     5       0        1       0       0         18        0
08/24/20 10:48:26 0 job proc(s) currently held
08/24/20 10:48:26 DAGMan Runtime Statistics: [ EventCycleTimeStd = 0.04636314077057668; EventCycleTimeMax = 0.1454460620880127; SubmitCycleTimeMin = 0.0002219676971435547; SubmitCycleTimeAvg = 0.02660799026489258; SleepCycleTimeCount = 6.0; SubmitCycleTimeCount = 7.0; SubmitCycleTimeMax = 0.1410939693450928; SleepCycleTimeMin = 5.005099058151245; SubmitCycleTimeSum = 0.186255931854248; LogProcessCycleTimeStd = 0.01249037607010737; SubmitCycleTimeStd = 0.05272748991799634; LogProcessCycleTimeAvg = 0.0200223445892334; EventCycleTimeMin = 0.02355003356933594; LogProcessCycleTimeMax = 0.03235793113708496; LogProcessCycleTimeMin = 0.00545501708984375; LogProcessCycleTimeSum = 0.100111722946167; LogProcessCycleTimeCount = 5.0; EventCycleTimeSum = 0.3157658576965332; SleepCycleTimeSum = 30.49557018280029; SleepCycleTimeAvg = 5.082595030466716; SleepCycleTimeStd = 0.117272594678542; SleepCycleTimeMax = 5.256117105484009; EventCycleTimeCount = 6.0; EventCycleTimeAvg = 0.0526276429494222; ]
08/24/20 10:48:41 Currently monitoring 1 HTCondor log file(s)
08/24/20 10:48:41 Event: ULOG_JOB_TERMINATED for HTCondor Node stage_in_local_local_0_0 (6.0.0) {08/24/20 10:48:37}
08/24/20 10:48:41 Number of idle job procs: 0
08/24/20 10:48:41 Node stage_in_local_local_0_0 job proc (6.0.0) completed successfully.
08/24/20 10:48:41 Node stage_in_local_local_0_0 job completed
08/24/20 10:48:41 Running POST script of Node stage_in_local_local_0_0...
08/24/20 10:48:41 Warning: mysin has length 0 (ignore if produced by DAGMan; see gittrac #4987, #5031)
08/24/20 10:48:41 DAG status: 0 (DAG_STATUS_OK)
08/24/20 10:48:41 Of 24 nodes total:
08/24/20 10:48:41  Done     Pre   Queued    Post   Ready   Un-Ready   Failed
08/24/20 10:48:41   ===     ===      ===     ===     ===        ===      ===
08/24/20 10:48:41     5       0        0       1       0         18        0
08/24/20 10:48:41 0 job proc(s) currently held
08/24/20 10:48:41 DAGMan Runtime Statistics: [ EventCycleTimeStd = 0.04410676631993739; EventCycleTimeMax = 0.1454460620880127; SubmitCycleTimeMin = 0.0002219676971435547; SubmitCycleTimeAvg = 0.01878259181976318; SleepCycleTimeCount = 9.0; SubmitCycleTimeCount = 10.0; SubmitCycleTimeMax = 0.1410939693450928; SleepCycleTimeMin = 5.00457501411438; SubmitCycleTimeSum = 0.1878259181976318; LogProcessCycleTimeStd = 0.01155676646049937; SubmitCycleTimeStd = 0.04485818042750807; LogProcessCycleTimeAvg = 0.0188146432240804; EventCycleTimeMin = 0.0004980564117431641; LogProcessCycleTimeMax = 0.03235793113708496; LogProcessCycleTimeMin = 0.00545501708984375; LogProcessCycleTimeSum = 0.1128878593444824; LogProcessCycleTimeCount = 6.0; EventCycleTimeSum = 0.327373743057251; SleepCycleTimeSum = 45.51226735115051; SleepCycleTimeAvg = 5.056918594572279; SleepCycleTimeStd = 0.1003956901860876; SleepCycleTimeMax = 5.256117105484009; EventCycleTimeCount = 9.0; EventCycleTimeAvg = 0.03637486033969455; ]
08/24/20 10:48:42 Initializing user log writer for /home/scitech/shared-data/CatsAndDogs/scitech/pegasus/Cats_and_Dogs/run0017/./Cats_and_Dogs-0.dag.nodes.log, (6.0.0)
08/24/20 10:48:46 Currently monitoring 1 HTCondor log file(s)
08/24/20 10:48:46 Event: ULOG_POST_SCRIPT_TERMINATED for HTCondor Node stage_in_local_local_0_0 (6.0.0) {08/24/20 10:48:42}
08/24/20 10:48:46 POST Script of node stage_in_local_local_0_0 completed successfully.
08/24/20 10:48:46 DAG status: 0 (DAG_STATUS_OK)
08/24/20 10:48:46 Of 24 nodes total:
08/24/20 10:48:46  Done     Pre   Queued    Post   Ready   Un-Ready   Failed
08/24/20 10:48:46   ===     ===      ===     ===     ===        ===      ===
08/24/20 10:48:46     6       0        0       0       1         17        0
08/24/20 10:48:46 0 job proc(s) currently held
08/24/20 10:48:46 DAGMan Runtime Statistics: [ EventCycleTimeStd = 0.0418915041247144; EventCycleTimeMax = 0.1454460620880127; SubmitCycleTimeMin = 0.0002219676971435547; SubmitCycleTimeAvg = 0.01715937527743253; SleepCycleTimeCount = 10.0; SubmitCycleTimeCount = 11.0; SubmitCycleTimeMax = 0.1410939693450928; SleepCycleTimeMin = 4.840442895889282; SubmitCycleTimeSum = 0.1887531280517578; LogProcessCycleTimeStd = 0.01141504160729255; SubmitCycleTimeStd = 0.0428953828228218; LogProcessCycleTimeAvg = 0.01716695513044085; EventCycleTimeMin = 0.0004980564117431641; LogProcessCycleTimeMax = 0.03235793113708496; LogProcessCycleTimeMin = 0.00545501708984375; LogProcessCycleTimeSum = 0.1201686859130859; LogProcessCycleTimeCount = 7.0; EventCycleTimeSum = 0.347733736038208; SleepCycleTimeSum = 50.35271024703979; SleepCycleTimeAvg = 5.035271024703979; SleepCycleTimeStd = 0.1168141506704793; SleepCycleTimeMax = 5.256117105484009; EventCycleTimeCount = 10.0; EventCycleTimeAvg = 0.0347733736038208; ]
08/24/20 10:48:51 Submitting HTCondor Node preprocess1_py_ID0000001 job(s)...
08/24/20 10:48:51 Adding a DAGMan workflow log /home/scitech/shared-data/CatsAndDogs/scitech/pegasus/Cats_and_Dogs/run0017/./Cats_and_Dogs-0.dag.nodes.log
08/24/20 10:48:51 Masking the events recorded in the DAGMAN workflow log
08/24/20 10:48:51 Mask for workflow log is 0,1,2,4,5,7,9,10,11,12,13,16,17,24,27,35,36
08/24/20 10:48:51 submitting: /usr/bin/condor_submit -a dag_node_name' '=' 'preprocess1_py_ID0000001 -a +DAGManJobId' '=' '1 -a DAGManJobId' '=' '1 -batch-name Cats_and_Dogs-0.dag+1 -a submit_event_notes' '=' 'DAG' 'Node:' 'preprocess1_py_ID0000001 -a dagman_log' '=' '/home/scitech/shared-data/CatsAndDogs/scitech/pegasus/Cats_and_Dogs/run0017/./Cats_and_Dogs-0.dag.nodes.log -a +DAGManNodesMask' '=' '"0,1,2,4,5,7,9,10,11,12,13,16,17,24,27,35,36" -a priority=20 -a +DAGNodeRetry' '=' '0 -a DAG_STATUS' '=' '0 -a FAILED_COUNT' '=' '0 -a +KeepClaimIdle' '=' '20 -a notification' '=' 'never -a +DAGParentNodeNames' '=' '"stage_in_remote_local_0_0,stage_in_local_local_0_0" 00/00/preprocess1_py_ID0000001.sub
08/24/20 10:48:51 From submit: Submitting job(s).
08/24/20 10:48:51 From submit: 1 job(s) submitted to cluster 8.
08/24/20 10:48:51 	assigned HTCondor ID (8.0.0)
08/24/20 10:48:51 Just submitted 1 job this cycle...
08/24/20 10:48:51 DAG status: 0 (DAG_STATUS_OK)
08/24/20 10:48:51 Of 24 nodes total:
08/24/20 10:48:51  Done     Pre   Queued    Post   Ready   Un-Ready   Failed
08/24/20 10:48:51   ===     ===      ===     ===     ===        ===      ===
08/24/20 10:48:51     6       0        1       0       0         17        0
08/24/20 10:48:51 0 job proc(s) currently held
08/24/20 10:48:51 DAGMan Runtime Statistics: [ EventCycleTimeStd = 0.0400598707242379; EventCycleTimeMax = 0.1454460620880127; SubmitCycleTimeMin = 0.0002219676971435547; SubmitCycleTimeAvg = 0.03015051285425822; SleepCycleTimeCount = 11.0; SubmitCycleTimeCount = 12.0; SubmitCycleTimeMax = 0.1730530261993408; SleepCycleTimeMin = 4.840442895889282; SubmitCycleTimeSum = 0.3618061542510986; LogProcessCycleTimeStd = 0.01141504160729255; SubmitCycleTimeStd = 0.06081098376149283; LogProcessCycleTimeAvg = 0.01716695513044085; EventCycleTimeMin = 0.0004980564117431641; LogProcessCycleTimeMax = 0.03235793113708496; LogProcessCycleTimeMin = 0.00545501708984375; LogProcessCycleTimeSum = 0.1201686859130859; LogProcessCycleTimeCount = 7.0; EventCycleTimeSum = 0.3657968044281006; SleepCycleTimeSum = 55.35540127754211; SleepCycleTimeAvg = 5.032309207049283; SleepCycleTimeStd = 0.1112541559636835; SleepCycleTimeMax = 5.256117105484009; EventCycleTimeCount = 11.0; EventCycleTimeAvg = 0.03325425494800915; ]
08/24/20 10:48:56 Currently monitoring 1 HTCondor log file(s)
08/24/20 10:48:56 Reassigning the id of job preprocess1_py_ID0000001 from (8.0.0) to (8.0.0)
08/24/20 10:48:56 Event: ULOG_SUBMIT for HTCondor Node preprocess1_py_ID0000001 (8.0.0) {08/24/20 10:48:51}
08/24/20 10:48:56 Number of idle job procs: 1
08/24/20 10:48:56 Event: ULOG_EXECUTE for HTCondor Node preprocess1_py_ID0000001 (8.0.0) {08/24/20 10:48:56}
08/24/20 10:48:56 Number of idle job procs: 0
08/24/20 10:49:01 Currently monitoring 1 HTCondor log file(s)
08/24/20 10:49:01 Event: ULOG_JOB_TERMINATED for HTCondor Node preprocess1_py_ID0000001 (8.0.0) {08/24/20 10:49:01}
08/24/20 10:49:01 Number of idle job procs: 0
08/24/20 10:49:01 Node preprocess1_py_ID0000001 job proc (8.0.0) completed successfully.
08/24/20 10:49:01 Node preprocess1_py_ID0000001 job completed
08/24/20 10:49:01 Running POST script of Node preprocess1_py_ID0000001...
08/24/20 10:49:01 Warning: mysin has length 0 (ignore if produced by DAGMan; see gittrac #4987, #5031)
08/24/20 10:49:01 DAG status: 0 (DAG_STATUS_OK)
08/24/20 10:49:01 Of 24 nodes total:
08/24/20 10:49:01  Done     Pre   Queued    Post   Ready   Un-Ready   Failed
08/24/20 10:49:01   ===     ===      ===     ===     ===        ===      ===
08/24/20 10:49:01     6       0        0       1       0         17        0
08/24/20 10:49:01 0 job proc(s) currently held
08/24/20 10:49:01 DAGMan Runtime Statistics: [ EventCycleTimeStd = 0.05522294481083263; EventCycleTimeMax = 0.1775639057159424; SubmitCycleTimeMin = 0.0002219676971435547; SubmitCycleTimeAvg = 0.02588413442884173; SleepCycleTimeCount = 13.0; SubmitCycleTimeCount = 14.0; SubmitCycleTimeMax = 0.1730530261993408; SleepCycleTimeMin = 4.840442895889282; SubmitCycleTimeSum = 0.3623778820037842; LogProcessCycleTimeStd = 0.01097437838565667; SubmitCycleTimeStd = 0.05697955404454108; LogProcessCycleTimeAvg = 0.01479996575249566; EventCycleTimeMin = 0.0004980564117431641; LogProcessCycleTimeMax = 0.03235793113708496; LogProcessCycleTimeMin = 0.004904031753540039; LogProcessCycleTimeSum = 0.1331996917724609; LogProcessCycleTimeCount = 9.0; EventCycleTimeSum = 0.5489099025726318; SleepCycleTimeSum = 65.36536717414856; SleepCycleTimeAvg = 5.028105167242197; SleepCycleTimeStd = 0.1020794616974674; SleepCycleTimeMax = 5.256117105484009; EventCycleTimeCount = 13.0; EventCycleTimeAvg = 0.04222383865943322; ]
08/24/20 10:49:02 Initializing user log writer for /home/scitech/shared-data/CatsAndDogs/scitech/pegasus/Cats_and_Dogs/run0017/./Cats_and_Dogs-0.dag.nodes.log, (8.0.0)
08/24/20 10:49:06 Currently monitoring 1 HTCondor log file(s)
08/24/20 10:49:06 Event: ULOG_POST_SCRIPT_TERMINATED for HTCondor Node preprocess1_py_ID0000001 (8.0.0) {08/24/20 10:49:02}
08/24/20 10:49:06 POST Script of node preprocess1_py_ID0000001 completed successfully.
08/24/20 10:49:06 DAG status: 0 (DAG_STATUS_OK)
08/24/20 10:49:06 Of 24 nodes total:
08/24/20 10:49:06  Done     Pre   Queued    Post   Ready   Un-Ready   Failed
08/24/20 10:49:06   ===     ===      ===     ===     ===        ===      ===
08/24/20 10:49:06     7       0        0       0       3         14        0
08/24/20 10:49:06 0 job proc(s) currently held
08/24/20 10:49:06 DAGMan Runtime Statistics: [ EventCycleTimeStd = 0.05363117830642632; EventCycleTimeMax = 0.1775639057159424; SubmitCycleTimeMin = 0.0002219676971435547; SubmitCycleTimeAvg = 0.0241911252339681; SleepCycleTimeCount = 14.0; SubmitCycleTimeCount = 15.0; SubmitCycleTimeMax = 0.1730530261993408; SleepCycleTimeMin = 4.840442895889282; SubmitCycleTimeSum = 0.3628668785095215; LogProcessCycleTimeStd = 0.01099615638552251; SubmitCycleTimeStd = 0.05529700544502304; LogProcessCycleTimeAvg = 0.01362266540527344; EventCycleTimeMin = 0.0004980564117431641; LogProcessCycleTimeMax = 0.03235793113708496; LogProcessCycleTimeMin = 0.003026962280273438; LogProcessCycleTimeSum = 0.1362266540527344; LogProcessCycleTimeCount = 10.0; EventCycleTimeSum = 0.561835765838623; SleepCycleTimeSum = 70.38081836700439; SleepCycleTimeAvg = 5.027201311928885; SleepCycleTimeStd = 0.09813306653219565; SleepCycleTimeMax = 5.256117105484009; EventCycleTimeCount = 14.0; EventCycleTimeAvg = 0.04013112613133022; ]
08/24/20 10:49:11 Submitting HTCondor Node clean_up_local_level_3_0 job(s)...
08/24/20 10:49:11 Adding a DAGMan workflow log /home/scitech/shared-data/CatsAndDogs/scitech/pegasus/Cats_and_Dogs/run0017/./Cats_and_Dogs-0.dag.nodes.log
08/24/20 10:49:11 Masking the events recorded in the DAGMAN workflow log
08/24/20 10:49:11 Mask for workflow log is 0,1,2,4,5,7,9,10,11,12,13,16,17,24,27,35,36
08/24/20 10:49:11 submitting: /usr/bin/condor_submit -a dag_node_name' '=' 'clean_up_local_level_3_0 -a +DAGManJobId' '=' '1 -a DAGManJobId' '=' '1 -batch-name Cats_and_Dogs-0.dag+1 -a submit_event_notes' '=' 'DAG' 'Node:' 'clean_up_local_level_3_0 -a dagman_log' '=' '/home/scitech/shared-data/CatsAndDogs/scitech/pegasus/Cats_and_Dogs/run0017/./Cats_and_Dogs-0.dag.nodes.log -a +DAGManNodesMask' '=' '"0,1,2,4,5,7,9,10,11,12,13,16,17,24,27,35,36" -a priority=1000 -a +DAGNodeRetry' '=' '0 -a DAG_STATUS' '=' '0 -a FAILED_COUNT' '=' '0 -a +KeepClaimIdle' '=' '20 -a notification' '=' 'never -a +DAGParentNodeNames' '=' '"preprocess1_py_ID0000001" 00/00/clean_up_local_level_3_0.sub
08/24/20 10:49:11 From submit: Submitting job(s).
08/24/20 10:49:11 From submit: 1 job(s) submitted to cluster 9.
08/24/20 10:49:11 	assigned HTCondor ID (9.0.0)
08/24/20 10:49:11 Submitting HTCondor Node stage_out_local_local_0_0 job(s)...
08/24/20 10:49:11 Adding a DAGMan workflow log /home/scitech/shared-data/CatsAndDogs/scitech/pegasus/Cats_and_Dogs/run0017/./Cats_and_Dogs-0.dag.nodes.log
08/24/20 10:49:11 Masking the events recorded in the DAGMAN workflow log
08/24/20 10:49:11 Mask for workflow log is 0,1,2,4,5,7,9,10,11,12,13,16,17,24,27,35,36
08/24/20 10:49:11 submitting: /usr/bin/condor_submit -a dag_node_name' '=' 'stage_out_local_local_0_0 -a +DAGManJobId' '=' '1 -a DAGManJobId' '=' '1 -batch-name Cats_and_Dogs-0.dag+1 -a submit_event_notes' '=' 'DAG' 'Node:' 'stage_out_local_local_0_0 -a dagman_log' '=' '/home/scitech/shared-data/CatsAndDogs/scitech/pegasus/Cats_and_Dogs/run0017/./Cats_and_Dogs-0.dag.nodes.log -a +DAGManNodesMask' '=' '"0,1,2,4,5,7,9,10,11,12,13,16,17,24,27,35,36" -a priority=900 -a +DAGNodeRetry' '=' '0 -a DAG_STATUS' '=' '0 -a FAILED_COUNT' '=' '0 -a +KeepClaimIdle' '=' '20 -a notification' '=' 'never -a +DAGParentNodeNames' '=' '"preprocess1_py_ID0000001" 00/00/stage_out_local_local_0_0.sub
08/24/20 10:49:11 From submit: Submitting job(s).
08/24/20 10:49:11 From submit: 1 job(s) submitted to cluster 10.
08/24/20 10:49:11 	assigned HTCondor ID (10.0.0)
08/24/20 10:49:11 Submitting HTCondor Node Augmentation_py_ID0000002 job(s)...
08/24/20 10:49:11 Adding a DAGMan workflow log /home/scitech/shared-data/CatsAndDogs/scitech/pegasus/Cats_and_Dogs/run0017/./Cats_and_Dogs-0.dag.nodes.log
08/24/20 10:49:11 Masking the events recorded in the DAGMAN workflow log
08/24/20 10:49:11 Mask for workflow log is 0,1,2,4,5,7,9,10,11,12,13,16,17,24,27,35,36
08/24/20 10:49:11 submitting: /usr/bin/condor_submit -a dag_node_name' '=' 'Augmentation_py_ID0000002 -a +DAGManJobId' '=' '1 -a DAGManJobId' '=' '1 -batch-name Cats_and_Dogs-0.dag+1 -a submit_event_notes' '=' 'DAG' 'Node:' 'Augmentation_py_ID0000002 -a dagman_log' '=' '/home/scitech/shared-data/CatsAndDogs/scitech/pegasus/Cats_and_Dogs/run0017/./Cats_and_Dogs-0.dag.nodes.log -a +DAGManNodesMask' '=' '"0,1,2,4,5,7,9,10,11,12,13,16,17,24,27,35,36" -a priority=30 -a +DAGNodeRetry' '=' '0 -a DAG_STATUS' '=' '0 -a FAILED_COUNT' '=' '0 -a +KeepClaimIdle' '=' '20 -a notification' '=' 'never -a +DAGParentNodeNames' '=' '"stage_in_remote_local_1_0,preprocess1_py_ID0000001" 00/00/Augmentation_py_ID0000002.sub
08/24/20 10:49:11 From submit: Submitting job(s).
08/24/20 10:49:11 From submit: 1 job(s) submitted to cluster 11.
08/24/20 10:49:11 	assigned HTCondor ID (11.0.0)
08/24/20 10:49:11 Just submitted 3 jobs this cycle...
08/24/20 10:49:11 DAG status: 0 (DAG_STATUS_OK)
08/24/20 10:49:11 Of 24 nodes total:
08/24/20 10:49:11  Done     Pre   Queued    Post   Ready   Un-Ready   Failed
08/24/20 10:49:11   ===     ===      ===     ===     ===        ===      ===
08/24/20 10:49:11     7       0        3       0       0         14        0
08/24/20 10:49:11 0 job proc(s) currently held
08/24/20 10:49:11 DAGMan Runtime Statistics: [ EventCycleTimeStd = 0.05234646558667325; EventCycleTimeMax = 0.1775639057159424; SubmitCycleTimeMin = 0.0002219676971435547; SubmitCycleTimeAvg = 0.03933405876159668; SleepCycleTimeCount = 15.0; SubmitCycleTimeCount = 16.0; SubmitCycleTimeMax = 0.2664780616760254; SleepCycleTimeMin = 4.840442895889282; SubmitCycleTimeSum = 0.6293449401855469; LogProcessCycleTimeStd = 0.01099615638552251; SubmitCycleTimeStd = 0.0807641207277668; LogProcessCycleTimeAvg = 0.01362266540527344; EventCycleTimeMin = 0.0004980564117431641; LogProcessCycleTimeMax = 0.03235793113708496; LogProcessCycleTimeMin = 0.003026962280273438; LogProcessCycleTimeSum = 0.1362266540527344; LogProcessCycleTimeCount = 10.0; EventCycleTimeSum = 0.5697257518768311; SleepCycleTimeSum = 75.38555526733398; SleepCycleTimeAvg = 5.025703684488932; SleepCycleTimeStd = 0.0947411097149945; SleepCycleTimeMax = 5.256117105484009; EventCycleTimeCount = 15.0; EventCycleTimeAvg = 0.03798171679178874; ]
08/24/20 10:49:16 Currently monitoring 1 HTCondor log file(s)
08/24/20 10:49:16 Reassigning the id of job clean_up_local_level_3_0 from (9.0.0) to (9.0.0)
08/24/20 10:49:16 Event: ULOG_SUBMIT for HTCondor Node clean_up_local_level_3_0 (9.0.0) {08/24/20 10:49:11}
08/24/20 10:49:16 Number of idle job procs: 1
08/24/20 10:49:16 Reassigning the id of job stage_out_local_local_0_0 from (10.0.0) to (10.0.0)
08/24/20 10:49:16 Event: ULOG_SUBMIT for HTCondor Node stage_out_local_local_0_0 (10.0.0) {08/24/20 10:49:11}
08/24/20 10:49:16 Number of idle job procs: 2
08/24/20 10:49:16 Reassigning the id of job Augmentation_py_ID0000002 from (11.0.0) to (11.0.0)
08/24/20 10:49:16 Event: ULOG_SUBMIT for HTCondor Node Augmentation_py_ID0000002 (11.0.0) {08/24/20 10:49:11}
08/24/20 10:49:16 Number of idle job procs: 3
08/24/20 10:49:16 Event: ULOG_EXECUTE for HTCondor Node Augmentation_py_ID0000002 (11.0.0) {08/24/20 10:49:13}
08/24/20 10:49:16 Number of idle job procs: 2
08/24/20 10:49:16 Event: ULOG_EXECUTE for HTCondor Node clean_up_local_level_3_0 (9.0.0) {08/24/20 10:49:15}
08/24/20 10:49:16 Number of idle job procs: 1
08/24/20 10:49:16 Event: ULOG_EXECUTE for HTCondor Node stage_out_local_local_0_0 (10.0.0) {08/24/20 10:49:15}
08/24/20 10:49:16 Number of idle job procs: 0
08/24/20 10:49:31 Currently monitoring 1 HTCondor log file(s)
08/24/20 10:49:31 Event: ULOG_JOB_TERMINATED for HTCondor Node Augmentation_py_ID0000002 (11.0.0) {08/24/20 10:49:28}
08/24/20 10:49:31 Number of idle job procs: 0
08/24/20 10:49:31 Node Augmentation_py_ID0000002 job proc (11.0.0) completed successfully.
08/24/20 10:49:31 Node Augmentation_py_ID0000002 job completed
08/24/20 10:49:31 Running POST script of Node Augmentation_py_ID0000002...
08/24/20 10:49:31 Warning: mysin has length 0 (ignore if produced by DAGMan; see gittrac #4987, #5031)
08/24/20 10:49:31 DAG status: 0 (DAG_STATUS_OK)
08/24/20 10:49:31 Of 24 nodes total:
08/24/20 10:49:31  Done     Pre   Queued    Post   Ready   Un-Ready   Failed
08/24/20 10:49:31   ===     ===      ===     ===     ===        ===      ===
08/24/20 10:49:31     7       0        2       1       0         14        0
08/24/20 10:49:31 0 job proc(s) currently held
08/24/20 10:49:31 DAGMan Runtime Statistics: [ EventCycleTimeStd = 0.07264262897753054; EventCycleTimeMax = 0.270637035369873; SubmitCycleTimeMin = 0.0002009868621826172; SubmitCycleTimeAvg = 0.03151925802230835; SleepCycleTimeCount = 19.0; SubmitCycleTimeCount = 20.0; SubmitCycleTimeMax = 0.2664780616760254; SleepCycleTimeMin = 4.840442895889282; SubmitCycleTimeSum = 0.630385160446167; LogProcessCycleTimeStd = 0.01005378918609157; SubmitCycleTimeStd = 0.07353064330800406; LogProcessCycleTimeAvg = 0.01306513945261637; EventCycleTimeMin = 0.0004980564117431641; LogProcessCycleTimeMax = 0.03235793113708496; LogProcessCycleTimeMin = 0.003026962280273438; LogProcessCycleTimeSum = 0.1567816734313965; LogProcessCycleTimeCount = 12.0; EventCycleTimeSum = 0.8543927669525146; SleepCycleTimeSum = 95.39486217498779; SleepCycleTimeAvg = 5.0207822197362; SleepCycleTimeStd = 0.08413046742970587; SleepCycleTimeMax = 5.256117105484009; EventCycleTimeCount = 19.0; EventCycleTimeAvg = 0.04496804036592182; ]
08/24/20 10:49:34 Initializing user log writer for /home/scitech/shared-data/CatsAndDogs/scitech/pegasus/Cats_and_Dogs/run0017/./Cats_and_Dogs-0.dag.nodes.log, (11.0.0)
08/24/20 10:49:36 Currently monitoring 1 HTCondor log file(s)
08/24/20 10:49:36 Event: ULOG_JOB_TERMINATED for HTCondor Node clean_up_local_level_3_0 (9.0.0) {08/24/20 10:49:32}
08/24/20 10:49:36 Number of idle job procs: 0
08/24/20 10:49:36 Node clean_up_local_level_3_0 job proc (9.0.0) completed successfully.
08/24/20 10:49:36 Node clean_up_local_level_3_0 job completed
08/24/20 10:49:36 Running POST script of Node clean_up_local_level_3_0...
08/24/20 10:49:36 Warning: mysin has length 0 (ignore if produced by DAGMan; see gittrac #4987, #5031)
08/24/20 10:49:36 Event: ULOG_POST_SCRIPT_TERMINATED for HTCondor Node Augmentation_py_ID0000002 (11.0.0) {08/24/20 10:49:34}
08/24/20 10:49:36 POST Script of node Augmentation_py_ID0000002 completed successfully.
08/24/20 10:49:36 Event: ULOG_JOB_TERMINATED for HTCondor Node stage_out_local_local_0_0 (10.0.0) {08/24/20 10:49:36}
08/24/20 10:49:36 Number of idle job procs: 0
08/24/20 10:49:36 Node stage_out_local_local_0_0 job proc (10.0.0) completed successfully.
08/24/20 10:49:36 Node stage_out_local_local_0_0 job completed
08/24/20 10:49:36 Running POST script of Node stage_out_local_local_0_0...
08/24/20 10:49:36 Warning: mysin has length 0 (ignore if produced by DAGMan; see gittrac #4987, #5031)
08/24/20 10:49:36 DAG status: 0 (DAG_STATUS_OK)
08/24/20 10:49:36 Of 24 nodes total:
08/24/20 10:49:36  Done     Pre   Queued    Post   Ready   Un-Ready   Failed
08/24/20 10:49:36   ===     ===      ===     ===     ===        ===      ===
08/24/20 10:49:36     8       0        0       2       2         12        0
08/24/20 10:49:36 0 job proc(s) currently held
08/24/20 10:49:36 DAGMan Runtime Statistics: [ EventCycleTimeStd = 0.07106016704515129; EventCycleTimeMax = 0.270637035369873; SubmitCycleTimeMin = 0.0002009868621826172; SubmitCycleTimeAvg = 0.03005325226556687; SleepCycleTimeCount = 20.0; SubmitCycleTimeCount = 21.0; SubmitCycleTimeMax = 0.2664780616760254; SleepCycleTimeMin = 4.781774997711182; SubmitCycleTimeSum = 0.6311182975769043; LogProcessCycleTimeStd = 0.009917076864271044; SubmitCycleTimeStd = 0.07198298660433074; LogProcessCycleTimeAvg = 0.01372689467210036; EventCycleTimeMin = 0.0004980564117431641; LogProcessCycleTimeMax = 0.03235793113708496; LogProcessCycleTimeMin = 0.003026962280273438; LogProcessCycleTimeSum = 0.1784496307373047; LogProcessCycleTimeCount = 13.0; EventCycleTimeSum = 0.8676338195800781; SleepCycleTimeSum = 100.176637172699; SleepCycleTimeAvg = 5.008831858634949; SleepCycleTimeStd = 0.09778361434956964; SleepCycleTimeMax = 5.256117105484009; EventCycleTimeCount = 20.0; EventCycleTimeAvg = 0.04338169097900391; ]
08/24/20 10:49:36 Initializing user log writer for /home/scitech/shared-data/CatsAndDogs/scitech/pegasus/Cats_and_Dogs/run0017/./Cats_and_Dogs-0.dag.nodes.log, (9.0.0)
08/24/20 10:49:36 Initializing user log writer for /home/scitech/shared-data/CatsAndDogs/scitech/pegasus/Cats_and_Dogs/run0017/./Cats_and_Dogs-0.dag.nodes.log, (10.0.0)
08/24/20 10:49:41 Submitting HTCondor Node stage_out_local_local_1_0 job(s)...
08/24/20 10:49:41 Adding a DAGMan workflow log /home/scitech/shared-data/CatsAndDogs/scitech/pegasus/Cats_and_Dogs/run0017/./Cats_and_Dogs-0.dag.nodes.log
08/24/20 10:49:41 Masking the events recorded in the DAGMAN workflow log
08/24/20 10:49:41 Mask for workflow log is 0,1,2,4,5,7,9,10,11,12,13,16,17,24,27,35,36
08/24/20 10:49:41 submitting: /usr/bin/condor_submit -a dag_node_name' '=' 'stage_out_local_local_1_0 -a +DAGManJobId' '=' '1 -a DAGManJobId' '=' '1 -batch-name Cats_and_Dogs-0.dag+1 -a submit_event_notes' '=' 'DAG' 'Node:' 'stage_out_local_local_1_0 -a dagman_log' '=' '/home/scitech/shared-data/CatsAndDogs/scitech/pegasus/Cats_and_Dogs/run0017/./Cats_and_Dogs-0.dag.nodes.log -a +DAGManNodesMask' '=' '"0,1,2,4,5,7,9,10,11,12,13,16,17,24,27,35,36" -a priority=900 -a +DAGNodeRetry' '=' '0 -a DAG_STATUS' '=' '0 -a FAILED_COUNT' '=' '0 -a +KeepClaimIdle' '=' '20 -a notification' '=' 'never -a +DAGParentNodeNames' '=' '"Augmentation_py_ID0000002" 00/00/stage_out_local_local_1_0.sub
08/24/20 10:49:41 From submit: Submitting job(s).
08/24/20 10:49:41 From submit: 1 job(s) submitted to cluster 12.
08/24/20 10:49:41 	assigned HTCondor ID (12.0.0)
08/24/20 10:49:41 Submitting HTCondor Node Data_Split_py_ID0000003 job(s)...
08/24/20 10:49:41 Adding a DAGMan workflow log /home/scitech/shared-data/CatsAndDogs/scitech/pegasus/Cats_and_Dogs/run0017/./Cats_and_Dogs-0.dag.nodes.log
08/24/20 10:49:41 Masking the events recorded in the DAGMAN workflow log
08/24/20 10:49:41 Mask for workflow log is 0,1,2,4,5,7,9,10,11,12,13,16,17,24,27,35,36
08/24/20 10:49:41 submitting: /usr/bin/condor_submit -a dag_node_name' '=' 'Data_Split_py_ID0000003 -a +DAGManJobId' '=' '1 -a DAGManJobId' '=' '1 -batch-name Cats_and_Dogs-0.dag+1 -a submit_event_notes' '=' 'DAG' 'Node:' 'Data_Split_py_ID0000003 -a dagman_log' '=' '/home/scitech/shared-data/CatsAndDogs/scitech/pegasus/Cats_and_Dogs/run0017/./Cats_and_Dogs-0.dag.nodes.log -a +DAGManNodesMask' '=' '"0,1,2,4,5,7,9,10,11,12,13,16,17,24,27,35,36" -a priority=40 -a +DAGNodeRetry' '=' '0 -a DAG_STATUS' '=' '0 -a FAILED_COUNT' '=' '0 -a +KeepClaimIdle' '=' '20 -a notification' '=' 'never -a +DAGParentNodeNames' '=' '"stage_in_remote_local_2_0,preprocess1_py_ID0000001,Augmentation_py_ID0000002" 00/00/Data_Split_py_ID0000003.sub
08/24/20 10:49:42 From submit: Submitting job(s).
08/24/20 10:49:42 From submit: 1 job(s) submitted to cluster 13.
08/24/20 10:49:42 	assigned HTCondor ID (13.0.0)
08/24/20 10:49:42 Just submitted 2 jobs this cycle...
08/24/20 10:49:42 Currently monitoring 1 HTCondor log file(s)
08/24/20 10:49:42 Event: ULOG_POST_SCRIPT_TERMINATED for HTCondor Node clean_up_local_level_3_0 (9.0.0) {08/24/20 10:49:36}
08/24/20 10:49:42 POST Script of node clean_up_local_level_3_0 completed successfully.
08/24/20 10:49:42 Event: ULOG_POST_SCRIPT_TERMINATED for HTCondor Node stage_out_local_local_0_0 (10.0.0) {08/24/20 10:49:36}
08/24/20 10:49:42 POST Script of node stage_out_local_local_0_0 completed successfully.
08/24/20 10:49:42 Reassigning the id of job stage_out_local_local_1_0 from (12.0.0) to (12.0.0)
08/24/20 10:49:42 Event: ULOG_SUBMIT for HTCondor Node stage_out_local_local_1_0 (12.0.0) {08/24/20 10:49:41}
08/24/20 10:49:42 Number of idle job procs: 1
08/24/20 10:49:42 Reassigning the id of job Data_Split_py_ID0000003 from (13.0.0) to (13.0.0)
08/24/20 10:49:42 Event: ULOG_SUBMIT for HTCondor Node Data_Split_py_ID0000003 (13.0.0) {08/24/20 10:49:42}
08/24/20 10:49:42 Number of idle job procs: 2
08/24/20 10:49:42 DAG status: 0 (DAG_STATUS_OK)
08/24/20 10:49:42 Of 24 nodes total:
08/24/20 10:49:42  Done     Pre   Queued    Post   Ready   Un-Ready   Failed
08/24/20 10:49:42   ===     ===      ===     ===     ===        ===      ===
08/24/20 10:49:42    10       0        2       0       2         10        0
08/24/20 10:49:42 0 job proc(s) currently held
08/24/20 10:49:42 DAGMan Runtime Statistics: [ EventCycleTimeStd = 0.06934930149199474; EventCycleTimeMax = 0.270637035369873; SubmitCycleTimeMin = 0.0002009868621826172; SubmitCycleTimeAvg = 0.04978755387392911; SleepCycleTimeCount = 21.0; SubmitCycleTimeCount = 22.0; SubmitCycleTimeMax = 0.4642078876495361; SleepCycleTimeMin = 4.781774997711182; SubmitCycleTimeSum = 1.09532618522644; LogProcessCycleTimeStd = 0.009701499624268084; SubmitCycleTimeStd = 0.116200466377975; LogProcessCycleTimeAvg = 0.013238753591265; EventCycleTimeMin = 0.0004980564117431641; LogProcessCycleTimeMax = 0.03235793113708496; LogProcessCycleTimeMin = 0.003026962280273438; LogProcessCycleTimeSum = 0.18534255027771; LogProcessCycleTimeCount = 14.0; EventCycleTimeSum = 0.8949728012084961; SleepCycleTimeSum = 105.4821262359619; SleepCycleTimeAvg = 5.022958392188663; SleepCycleTimeStd = 0.1152141112391483; SleepCycleTimeMax = 5.305489063262939; EventCycleTimeCount = 21.0; EventCycleTimeAvg = 0.04261775243849981; ]
08/24/20 10:49:47 Submitting HTCondor Node clean_up_local_level_4_0 job(s)...
08/24/20 10:49:47 Adding a DAGMan workflow log /home/scitech/shared-data/CatsAndDogs/scitech/pegasus/Cats_and_Dogs/run0017/./Cats_and_Dogs-0.dag.nodes.log
08/24/20 10:49:47 Masking the events recorded in the DAGMAN workflow log
08/24/20 10:49:47 Mask for workflow log is 0,1,2,4,5,7,9,10,11,12,13,16,17,24,27,35,36
08/24/20 10:49:47 submitting: /usr/bin/condor_submit -a dag_node_name' '=' 'clean_up_local_level_4_0 -a +DAGManJobId' '=' '1 -a DAGManJobId' '=' '1 -batch-name Cats_and_Dogs-0.dag+1 -a submit_event_notes' '=' 'DAG' 'Node:' 'clean_up_local_level_4_0 -a dagman_log' '=' '/home/scitech/shared-data/CatsAndDogs/scitech/pegasus/Cats_and_Dogs/run0017/./Cats_and_Dogs-0.dag.nodes.log -a +DAGManNodesMask' '=' '"0,1,2,4,5,7,9,10,11,12,13,16,17,24,27,35,36" -a priority=1000 -a +DAGNodeRetry' '=' '0 -a DAG_STATUS' '=' '0 -a FAILED_COUNT' '=' '0 -a +KeepClaimIdle' '=' '20 -a notification' '=' 'never -a +DAGParentNodeNames' '=' '"Augmentation_py_ID0000002,stage_out_local_local_0_0" 00/00/clean_up_local_level_4_0.sub
08/24/20 10:49:47 From submit: Submitting job(s).
08/24/20 10:49:47 From submit: 1 job(s) submitted to cluster 14.
08/24/20 10:49:47 	assigned HTCondor ID (14.0.0)
08/24/20 10:49:47 Submitting HTCondor Node register_local_0_0 job(s)...
08/24/20 10:49:47 Adding a DAGMan workflow log /home/scitech/shared-data/CatsAndDogs/scitech/pegasus/Cats_and_Dogs/run0017/./Cats_and_Dogs-0.dag.nodes.log
08/24/20 10:49:47 Masking the events recorded in the DAGMAN workflow log
08/24/20 10:49:47 Mask for workflow log is 0,1,2,4,5,7,9,10,11,12,13,16,17,24,27,35,36
08/24/20 10:49:47 submitting: /usr/bin/condor_submit -a dag_node_name' '=' 'register_local_0_0 -a +DAGManJobId' '=' '1 -a DAGManJobId' '=' '1 -batch-name Cats_and_Dogs-0.dag+1 -a submit_event_notes' '=' 'DAG' 'Node:' 'register_local_0_0 -a dagman_log' '=' '/home/scitech/shared-data/CatsAndDogs/scitech/pegasus/Cats_and_Dogs/run0017/./Cats_and_Dogs-0.dag.nodes.log -a +DAGManNodesMask' '=' '"0,1,2,4,5,7,9,10,11,12,13,16,17,24,27,35,36" -a priority=40 -a +DAGNodeRetry' '=' '0 -a DAG_STATUS' '=' '0 -a FAILED_COUNT' '=' '0 -a notification' '=' 'never -a +DAGParentNodeNames' '=' '"stage_out_local_local_0_0" 00/00/register_local_0_0.sub
08/24/20 10:49:47 From submit: Submitting job(s).
08/24/20 10:49:47 From submit: 1 job(s) submitted to cluster 15.
08/24/20 10:49:47 	assigned HTCondor ID (15.0.0)
08/24/20 10:49:47 Just submitted 2 jobs this cycle...
08/24/20 10:49:47 Currently monitoring 1 HTCondor log file(s)
08/24/20 10:49:47 Event: ULOG_EXECUTE for HTCondor Node stage_out_local_local_1_0 (12.0.0) {08/24/20 10:49:43}
08/24/20 10:49:47 Number of idle job procs: 1
08/24/20 10:49:47 Event: ULOG_EXECUTE for HTCondor Node Data_Split_py_ID0000003 (13.0.0) {08/24/20 10:49:45}
08/24/20 10:49:47 Number of idle job procs: 0
08/24/20 10:49:47 Reassigning the id of job clean_up_local_level_4_0 from (14.0.0) to (14.0.0)
08/24/20 10:49:47 Event: ULOG_SUBMIT for HTCondor Node clean_up_local_level_4_0 (14.0.0) {08/24/20 10:49:47}
08/24/20 10:49:47 Number of idle job procs: 1
08/24/20 10:49:47 Reassigning the id of job register_local_0_0 from (15.0.0) to (15.0.0)
08/24/20 10:49:47 Event: ULOG_SUBMIT for HTCondor Node register_local_0_0 (15.0.0) {08/24/20 10:49:47}
08/24/20 10:49:47 Number of idle job procs: 2
08/24/20 10:49:47 DAG status: 0 (DAG_STATUS_OK)
08/24/20 10:49:47 Of 24 nodes total:
08/24/20 10:49:47  Done     Pre   Queued    Post   Ready   Un-Ready   Failed
08/24/20 10:49:47   ===     ===      ===     ===     ===        ===      ===
08/24/20 10:49:47    10       0        4       0       0         10        0
08/24/20 10:49:47 0 job proc(s) currently held
08/24/20 10:49:47 DAGMan Runtime Statistics: [ EventCycleTimeStd = 0.1144768332967049; EventCycleTimeMax = 0.4756789207458496; SubmitCycleTimeMin = 0.0002009868621826172; SubmitCycleTimeAvg = 0.05117170707039211; SleepCycleTimeCount = 22.0; SubmitCycleTimeCount = 23.0; SubmitCycleTimeMax = 0.4642078876495361; SleepCycleTimeMin = 4.781774997711182; SubmitCycleTimeSum = 1.176949262619019; LogProcessCycleTimeStd = 0.009441524591340084; SubmitCycleTimeStd = 0.1137227392772167; LogProcessCycleTimeAvg = 0.01289757092793783; EventCycleTimeMin = 0.0004980564117431641; LogProcessCycleTimeMax = 0.03235793113708496; LogProcessCycleTimeMin = 0.003026962280273438; LogProcessCycleTimeSum = 0.1934635639190674; LogProcessCycleTimeCount = 15.0; EventCycleTimeSum = 1.370651721954346; SleepCycleTimeSum = 110.4865922927856; SleepCycleTimeAvg = 5.022117831490257; SleepCycleTimeStd = 0.1125065608900712; SleepCycleTimeMax = 5.305489063262939; EventCycleTimeCount = 22.0; EventCycleTimeAvg = 0.0623023509979248; ]
08/24/20 10:49:52 Currently monitoring 1 HTCondor log file(s)
08/24/20 10:49:52 Event: ULOG_EXECUTE for HTCondor Node register_local_0_0 (15.0.0) {08/24/20 10:49:48}
08/24/20 10:49:52 Number of idle job procs: 1
08/24/20 10:49:52 Event: ULOG_EXECUTE for HTCondor Node clean_up_local_level_4_0 (14.0.0) {08/24/20 10:49:48}
08/24/20 10:49:52 Number of idle job procs: 0
08/24/20 10:49:52 Event: ULOG_JOB_TERMINATED for HTCondor Node register_local_0_0 (15.0.0) {08/24/20 10:49:51}
08/24/20 10:49:52 Number of idle job procs: 0
08/24/20 10:49:52 Node register_local_0_0 job proc (15.0.0) completed successfully.
08/24/20 10:49:52 Node register_local_0_0 job completed
08/24/20 10:49:52 Running POST script of Node register_local_0_0...
08/24/20 10:49:52 Warning: mysin has length 0 (ignore if produced by DAGMan; see gittrac #4987, #5031)
08/24/20 10:49:52 DAG status: 0 (DAG_STATUS_OK)
08/24/20 10:49:52 Of 24 nodes total:
08/24/20 10:49:52  Done     Pre   Queued    Post   Ready   Un-Ready   Failed
08/24/20 10:49:52   ===     ===      ===     ===     ===        ===      ===
08/24/20 10:49:52    10       0        3       1       0         10        0
08/24/20 10:49:52 0 job proc(s) currently held
08/24/20 10:49:52 DAGMan Runtime Statistics: [ EventCycleTimeStd = 0.1120510130638113; EventCycleTimeMax = 0.4756789207458496; SubmitCycleTimeMin = 0.0002009868621826172; SubmitCycleTimeAvg = 0.04905409614245097; SleepCycleTimeCount = 23.0; SubmitCycleTimeCount = 24.0; SubmitCycleTimeMax = 0.4642078876495361; SleepCycleTimeMin = 4.781774997711182; SubmitCycleTimeSum = 1.177298307418823; LogProcessCycleTimeStd = 0.00916662124396354; SubmitCycleTimeStd = 0.1117057998974874; LogProcessCycleTimeAvg = 0.0131249725818634; EventCycleTimeMin = 0.0004980564117431641; LogProcessCycleTimeMax = 0.03235793113708496; LogProcessCycleTimeMin = 0.003026962280273438; LogProcessCycleTimeSum = 0.2099995613098145; LogProcessCycleTimeCount = 16.0; EventCycleTimeSum = 1.465538740158081; SleepCycleTimeSum = 115.4917523860931; SleepCycleTimeAvg = 5.021380538525789; SleepCycleTimeStd = 0.1099767151332006; SleepCycleTimeMax = 5.305489063262939; EventCycleTimeCount = 23.0; EventCycleTimeAvg = 0.063719075659047; ]
08/24/20 10:49:52 Initializing user log writer for /home/scitech/shared-data/CatsAndDogs/scitech/pegasus/Cats_and_Dogs/run0017/./Cats_and_Dogs-0.dag.nodes.log, (15.0.0)
08/24/20 10:49:57 Currently monitoring 1 HTCondor log file(s)
08/24/20 10:49:57 Event: ULOG_POST_SCRIPT_TERMINATED for HTCondor Node register_local_0_0 (15.0.0) {08/24/20 10:49:52}
08/24/20 10:49:57 POST Script of node register_local_0_0 completed successfully.
08/24/20 10:49:57 Event: ULOG_JOB_TERMINATED for HTCondor Node Data_Split_py_ID0000003 (13.0.0) {08/24/20 10:49:53}
08/24/20 10:49:57 Number of idle job procs: 0
08/24/20 10:49:57 Node Data_Split_py_ID0000003 job proc (13.0.0) completed successfully.
08/24/20 10:49:57 Node Data_Split_py_ID0000003 job completed
08/24/20 10:49:57 Running POST script of Node Data_Split_py_ID0000003...
08/24/20 10:49:57 Warning: mysin has length 0 (ignore if produced by DAGMan; see gittrac #4987, #5031)
08/24/20 10:49:57 DAG status: 0 (DAG_STATUS_OK)
08/24/20 10:49:57 Of 24 nodes total:
08/24/20 10:49:57  Done     Pre   Queued    Post   Ready   Un-Ready   Failed
08/24/20 10:49:57   ===     ===      ===     ===     ===        ===      ===
08/24/20 10:49:57    11       0        2       1       0         10        0
08/24/20 10:49:57 0 job proc(s) currently held
08/24/20 10:49:57 DAGMan Runtime Statistics: [ EventCycleTimeStd = 0.1099071105243429; EventCycleTimeMax = 0.4756789207458496; SubmitCycleTimeMin = 0.0002009868621826172; SubmitCycleTimeAvg = 0.04710848808288574; SleepCycleTimeCount = 24.0; SubmitCycleTimeCount = 25.0; SubmitCycleTimeMax = 0.4642078876495361; SleepCycleTimeMin = 4.781774997711182; SubmitCycleTimeSum = 1.177712202072144; LogProcessCycleTimeStd = 0.008878255494682919; SubmitCycleTimeStd = 0.1097856825516253; LogProcessCycleTimeAvg = 0.01307174738715677; EventCycleTimeMin = 0.0004980564117431641; LogProcessCycleTimeMax = 0.03235793113708496; LogProcessCycleTimeMin = 0.003026962280273438; LogProcessCycleTimeSum = 0.222219705581665; LogProcessCycleTimeCount = 17.0; EventCycleTimeSum = 1.488260746002197; SleepCycleTimeSum = 120.8640513420105; SleepCycleTimeAvg = 5.036002139250438; SleepCycleTimeStd = 0.1292284899015381; SleepCycleTimeMax = 5.372298955917358; EventCycleTimeCount = 24.0; EventCycleTimeAvg = 0.06201086441675822; ]
08/24/20 10:49:58 Initializing user log writer for /home/scitech/shared-data/CatsAndDogs/scitech/pegasus/Cats_and_Dogs/run0017/./Cats_and_Dogs-0.dag.nodes.log, (13.0.0)
08/24/20 10:50:02 Currently monitoring 1 HTCondor log file(s)
08/24/20 10:50:02 Event: ULOG_POST_SCRIPT_TERMINATED for HTCondor Node Data_Split_py_ID0000003 (13.0.0) {08/24/20 10:49:58}
08/24/20 10:50:02 POST Script of node Data_Split_py_ID0000003 completed successfully.
08/24/20 10:50:02 DAG status: 0 (DAG_STATUS_OK)
08/24/20 10:50:02 Of 24 nodes total:
08/24/20 10:50:02  Done     Pre   Queued    Post   Ready   Un-Ready   Failed
08/24/20 10:50:02   ===     ===      ===     ===     ===        ===      ===
08/24/20 10:50:02    12       0        2       0       2          8        0
08/24/20 10:50:02 0 job proc(s) currently held
08/24/20 10:50:02 DAGMan Runtime Statistics: [ EventCycleTimeStd = 0.1079550028790793; EventCycleTimeMax = 0.4756789207458496; SubmitCycleTimeMin = 0.0001361370086669922; SubmitCycleTimeAvg = 0.04530185919541579; SleepCycleTimeCount = 25.0; SubmitCycleTimeCount = 26.0; SubmitCycleTimeMax = 0.4642078876495361; SleepCycleTimeMin = 4.781774997711182; SubmitCycleTimeSum = 1.177848339080811; LogProcessCycleTimeStd = 0.008769234659895047; SubmitCycleTimeStd = 0.1079612979542033; LogProcessCycleTimeAvg = 0.01268353727128771; EventCycleTimeMin = 0.0004980564117431641; LogProcessCycleTimeMax = 0.03235793113708496; LogProcessCycleTimeMin = 0.003026962280273438; LogProcessCycleTimeSum = 0.2283036708831787; LogProcessCycleTimeCount = 18.0; EventCycleTimeSum = 1.506105661392212; SleepCycleTimeSum = 125.8391964435577; SleepCycleTimeAvg = 5.03356785774231; SleepCycleTimeStd = 0.1270917476549421; SleepCycleTimeMax = 5.372298955917358; EventCycleTimeCount = 25.0; EventCycleTimeAvg = 0.06024422645568848; ]
08/24/20 10:50:07 Submitting HTCondor Node stage_out_local_local_2_0 job(s)...
08/24/20 10:50:07 Adding a DAGMan workflow log /home/scitech/shared-data/CatsAndDogs/scitech/pegasus/Cats_and_Dogs/run0017/./Cats_and_Dogs-0.dag.nodes.log
08/24/20 10:50:07 Masking the events recorded in the DAGMAN workflow log
08/24/20 10:50:07 Mask for workflow log is 0,1,2,4,5,7,9,10,11,12,13,16,17,24,27,35,36
08/24/20 10:50:07 submitting: /usr/bin/condor_submit -a dag_node_name' '=' 'stage_out_local_local_2_0 -a +DAGManJobId' '=' '1 -a DAGManJobId' '=' '1 -batch-name Cats_and_Dogs-0.dag+1 -a submit_event_notes' '=' 'DAG' 'Node:' 'stage_out_local_local_2_0 -a dagman_log' '=' '/home/scitech/shared-data/CatsAndDogs/scitech/pegasus/Cats_and_Dogs/run0017/./Cats_and_Dogs-0.dag.nodes.log -a +DAGManNodesMask' '=' '"0,1,2,4,5,7,9,10,11,12,13,16,17,24,27,35,36" -a priority=900 -a +DAGNodeRetry' '=' '0 -a DAG_STATUS' '=' '0 -a FAILED_COUNT' '=' '0 -a +KeepClaimIdle' '=' '20 -a notification' '=' 'never -a +DAGParentNodeNames' '=' '"Data_Split_py_ID0000003" 00/00/stage_out_local_local_2_0.sub
08/24/20 10:50:07 From submit: Submitting job(s).
08/24/20 10:50:07 From submit: 1 job(s) submitted to cluster 16.
08/24/20 10:50:07 	assigned HTCondor ID (16.0.0)
08/24/20 10:50:07 Submitting HTCondor Node Optuna_py_ID0000004 job(s)...
08/24/20 10:50:07 Adding a DAGMan workflow log /home/scitech/shared-data/CatsAndDogs/scitech/pegasus/Cats_and_Dogs/run0017/./Cats_and_Dogs-0.dag.nodes.log
08/24/20 10:50:07 Masking the events recorded in the DAGMAN workflow log
08/24/20 10:50:07 Mask for workflow log is 0,1,2,4,5,7,9,10,11,12,13,16,17,24,27,35,36
08/24/20 10:50:07 submitting: /usr/bin/condor_submit -a dag_node_name' '=' 'Optuna_py_ID0000004 -a +DAGManJobId' '=' '1 -a DAGManJobId' '=' '1 -batch-name Cats_and_Dogs-0.dag+1 -a submit_event_notes' '=' 'DAG' 'Node:' 'Optuna_py_ID0000004 -a dagman_log' '=' '/home/scitech/shared-data/CatsAndDogs/scitech/pegasus/Cats_and_Dogs/run0017/./Cats_and_Dogs-0.dag.nodes.log -a +DAGManNodesMask' '=' '"0,1,2,4,5,7,9,10,11,12,13,16,17,24,27,35,36" -a priority=50 -a +DAGNodeRetry' '=' '0 -a DAG_STATUS' '=' '0 -a FAILED_COUNT' '=' '0 -a +KeepClaimIdle' '=' '20 -a notification' '=' 'never -a +DAGParentNodeNames' '=' '"stage_in_remote_local_3_0,Augmentation_py_ID0000002,Data_Split_py_ID0000003" 00/00/Optuna_py_ID0000004.sub
08/24/20 10:50:08 From submit: Submitting job(s).
08/24/20 10:50:08 From submit: 1 job(s) submitted to cluster 17.
08/24/20 10:50:08 	assigned HTCondor ID (17.0.0)
08/24/20 10:50:08 Just submitted 2 jobs this cycle...
08/24/20 10:50:08 Currently monitoring 1 HTCondor log file(s)
08/24/20 10:50:08 Event: ULOG_JOB_TERMINATED for HTCondor Node clean_up_local_level_4_0 (14.0.0) {08/24/20 10:50:04}
08/24/20 10:50:08 Number of idle job procs: 0
08/24/20 10:50:08 Node clean_up_local_level_4_0 job proc (14.0.0) completed successfully.
08/24/20 10:50:08 Node clean_up_local_level_4_0 job completed
08/24/20 10:50:08 Running POST script of Node clean_up_local_level_4_0...
08/24/20 10:50:08 Warning: mysin has length 0 (ignore if produced by DAGMan; see gittrac #4987, #5031)
08/24/20 10:50:08 Reassigning the id of job stage_out_local_local_2_0 from (16.0.0) to (16.0.0)
08/24/20 10:50:08 Event: ULOG_SUBMIT for HTCondor Node stage_out_local_local_2_0 (16.0.0) {08/24/20 10:50:07}
08/24/20 10:50:08 Number of idle job procs: 1
08/24/20 10:50:08 Event: ULOG_EXECUTE for HTCondor Node stage_out_local_local_2_0 (16.0.0) {08/24/20 10:50:07}
08/24/20 10:50:08 Number of idle job procs: 0
08/24/20 10:50:08 Reassigning the id of job Optuna_py_ID0000004 from (17.0.0) to (17.0.0)
08/24/20 10:50:08 Event: ULOG_SUBMIT for HTCondor Node Optuna_py_ID0000004 (17.0.0) {08/24/20 10:50:08}
08/24/20 10:50:08 Number of idle job procs: 1
08/24/20 10:50:08 DAG status: 0 (DAG_STATUS_OK)
08/24/20 10:50:08 Of 24 nodes total:
08/24/20 10:50:08  Done     Pre   Queued    Post   Ready   Un-Ready   Failed
08/24/20 10:50:08   ===     ===      ===     ===     ===        ===      ===
08/24/20 10:50:08    12       0        3       1       0          8        0
08/24/20 10:50:08 0 job proc(s) currently held
08/24/20 10:50:08 DAGMan Runtime Statistics: [ EventCycleTimeStd = 0.1061814180473686; EventCycleTimeMax = 0.4756789207458496; SubmitCycleTimeMin = 0.0001361370086669922; SubmitCycleTimeAvg = 0.06407131089104547; SleepCycleTimeCount = 26.0; SubmitCycleTimeCount = 27.0; SubmitCycleTimeMax = 0.552077054977417; SleepCycleTimeMin = 4.781774997711182; SubmitCycleTimeSum = 1.729925394058228; LogProcessCycleTimeStd = 0.008601122970785406; SubmitCycleTimeStd = 0.1439417955153854; LogProcessCycleTimeAvg = 0.01295029489617599; EventCycleTimeMin = 0.0004980564117431641; LogProcessCycleTimeMax = 0.03235793113708496; LogProcessCycleTimeMin = 0.003026962280273438; LogProcessCycleTimeSum = 0.2460556030273438; LogProcessCycleTimeCount = 19.0; EventCycleTimeSum = 1.518958568572998; SleepCycleTimeSum = 130.8433613777161; SleepCycleTimeAvg = 5.032436976066003; SleepCycleTimeStd = 0.1246574147679067; SleepCycleTimeMax = 5.372298955917358; EventCycleTimeCount = 26.0; EventCycleTimeAvg = 0.05842148340665377; ]
08/24/20 10:50:08 Initializing user log writer for /home/scitech/shared-data/CatsAndDogs/scitech/pegasus/Cats_and_Dogs/run0017/./Cats_and_Dogs-0.dag.nodes.log, (14.0.0)
08/24/20 10:50:13 Currently monitoring 1 HTCondor log file(s)
08/24/20 10:50:13 Event: ULOG_POST_SCRIPT_TERMINATED for HTCondor Node clean_up_local_level_4_0 (14.0.0) {08/24/20 10:50:08}
08/24/20 10:50:13 POST Script of node clean_up_local_level_4_0 completed successfully.
08/24/20 10:50:13 Event: ULOG_EXECUTE for HTCondor Node Optuna_py_ID0000004 (17.0.0) {08/24/20 10:50:12}
08/24/20 10:50:13 Number of idle job procs: 0
08/24/20 10:50:13 Event: ULOG_JOB_TERMINATED for HTCondor Node stage_out_local_local_2_0 (16.0.0) {08/24/20 10:50:12}
08/24/20 10:50:13 Number of idle job procs: 0
08/24/20 10:50:13 Node stage_out_local_local_2_0 job proc (16.0.0) completed successfully.
08/24/20 10:50:13 Node stage_out_local_local_2_0 job completed
08/24/20 10:50:13 Running POST script of Node stage_out_local_local_2_0...
08/24/20 10:50:13 Warning: mysin has length 0 (ignore if produced by DAGMan; see gittrac #4987, #5031)
08/24/20 10:50:13 DAG status: 0 (DAG_STATUS_OK)
08/24/20 10:50:13 Of 24 nodes total:
08/24/20 10:50:13  Done     Pre   Queued    Post   Ready   Un-Ready   Failed
08/24/20 10:50:13   ===     ===      ===     ===     ===        ===      ===
08/24/20 10:50:13    13       0        2       1       0          8        0
08/24/20 10:50:13 0 job proc(s) currently held
08/24/20 10:50:13 DAGMan Runtime Statistics: [ EventCycleTimeStd = 0.1439335180674327; EventCycleTimeMax = 0.5748050212860107; SubmitCycleTimeMin = 0.0001361370086669922; SubmitCycleTimeAvg = 0.06179426397596087; SleepCycleTimeCount = 27.0; SubmitCycleTimeCount = 28.0; SubmitCycleTimeMax = 0.552077054977417; SleepCycleTimeMin = 4.781774997711182; SubmitCycleTimeSum = 1.730239391326904; LogProcessCycleTimeStd = 0.008401402099567438; SubmitCycleTimeStd = 0.1417640279226509; LogProcessCycleTimeAvg = 0.01310807466506958; EventCycleTimeMin = 0.0004980564117431641; LogProcessCycleTimeMax = 0.03235793113708496; LogProcessCycleTimeMin = 0.003026962280273438; LogProcessCycleTimeSum = 0.2621614933013916; LogProcessCycleTimeCount = 20.0; EventCycleTimeSum = 2.093763589859009; SleepCycleTimeSum = 136.1388795375824; SleepCycleTimeAvg = 5.042180723614162; SleepCycleTimeStd = 0.132307202118868; SleepCycleTimeMax = 5.372298955917358; EventCycleTimeCount = 27.0; EventCycleTimeAvg = 0.07754679962440773; ]
08/24/20 10:50:14 Initializing user log writer for /home/scitech/shared-data/CatsAndDogs/scitech/pegasus/Cats_and_Dogs/run0017/./Cats_and_Dogs-0.dag.nodes.log, (16.0.0)
08/24/20 10:50:18 Currently monitoring 1 HTCondor log file(s)
08/24/20 10:50:18 Event: ULOG_POST_SCRIPT_TERMINATED for HTCondor Node stage_out_local_local_2_0 (16.0.0) {08/24/20 10:50:14}
08/24/20 10:50:18 POST Script of node stage_out_local_local_2_0 completed successfully.
08/24/20 10:50:18 DAG status: 0 (DAG_STATUS_OK)
08/24/20 10:50:18 Of 24 nodes total:
08/24/20 10:50:18  Done     Pre   Queued    Post   Ready   Un-Ready   Failed
08/24/20 10:50:18   ===     ===      ===     ===     ===        ===      ===
08/24/20 10:50:18    14       0        2       0       1          7        0
08/24/20 10:50:18 0 job proc(s) currently held
08/24/20 10:50:18 DAGMan Runtime Statistics: [ EventCycleTimeStd = 0.1416470174202119; EventCycleTimeMax = 0.5748050212860107; SubmitCycleTimeMin = 0.0001361370086669922; SubmitCycleTimeAvg = 0.05967538932274128; SleepCycleTimeCount = 28.0; SubmitCycleTimeCount = 29.0; SubmitCycleTimeMax = 0.552077054977417; SleepCycleTimeMin = 4.312747001647949; SubmitCycleTimeSum = 1.730586290359497; LogProcessCycleTimeStd = 0.008461059883278089; SubmitCycleTimeStd = 0.1396763668706878; LogProcessCycleTimeAvg = 0.0126433599562872; EventCycleTimeMin = 0.0004980564117431641; LogProcessCycleTimeMax = 0.03235793113708496; LogProcessCycleTimeMin = 0.003026962280273438; LogProcessCycleTimeSum = 0.2655105590820312; LogProcessCycleTimeCount = 21.0; EventCycleTimeSum = 2.11473560333252; SleepCycleTimeSum = 140.4516265392303; SleepCycleTimeAvg = 5.016129519258227; SleepCycleTimeStd = 0.1893660003931274; SleepCycleTimeMax = 5.372298955917358; EventCycleTimeCount = 28.0; EventCycleTimeAvg = 0.07552627154758998; ]
08/24/20 10:50:23 Submitting HTCondor Node register_local_2_0 job(s)...
08/24/20 10:50:23 Adding a DAGMan workflow log /home/scitech/shared-data/CatsAndDogs/scitech/pegasus/Cats_and_Dogs/run0017/./Cats_and_Dogs-0.dag.nodes.log
08/24/20 10:50:23 Masking the events recorded in the DAGMAN workflow log
08/24/20 10:50:23 Mask for workflow log is 0,1,2,4,5,7,9,10,11,12,13,16,17,24,27,35,36
08/24/20 10:50:23 submitting: /usr/bin/condor_submit -a dag_node_name' '=' 'register_local_2_0 -a +DAGManJobId' '=' '1 -a DAGManJobId' '=' '1 -batch-name Cats_and_Dogs-0.dag+1 -a submit_event_notes' '=' 'DAG' 'Node:' 'register_local_2_0 -a dagman_log' '=' '/home/scitech/shared-data/CatsAndDogs/scitech/pegasus/Cats_and_Dogs/run0017/./Cats_and_Dogs-0.dag.nodes.log -a +DAGManNodesMask' '=' '"0,1,2,4,5,7,9,10,11,12,13,16,17,24,27,35,36" -a priority=60 -a +DAGNodeRetry' '=' '0 -a DAG_STATUS' '=' '0 -a FAILED_COUNT' '=' '0 -a notification' '=' 'never -a +DAGParentNodeNames' '=' '"stage_out_local_local_2_0" 00/00/register_local_2_0.sub
08/24/20 10:50:23 From submit: Submitting job(s).
08/24/20 10:50:23 From submit: 1 job(s) submitted to cluster 18.
08/24/20 10:50:23 	assigned HTCondor ID (18.0.0)
08/24/20 10:50:23 Just submitted 1 job this cycle...
08/24/20 10:50:23 Currently monitoring 1 HTCondor log file(s)
08/24/20 10:50:23 Event: ULOG_SHADOW_EXCEPTION for HTCondor Node Optuna_py_ID0000004 (17.0.0) {08/24/20 10:50:21}
08/24/20 10:50:23 Number of idle job procs: 1
08/24/20 10:50:23 Event: ULOG_JOB_HELD for HTCondor Node Optuna_py_ID0000004 (17.0.0) {08/24/20 10:50:21}
08/24/20 10:50:23   Hold reason: Error from slot1@33aa07688875: STARTER at 127.0.0.1 failed to send file(s) to <127.0.0.1:9618>: error reading from /var/lib/condor/execute/dir_19851/Optuna_log_file.csv: (errno 2) No such file or directory; SHADOW failed to receive file(s) from <127.0.0.1:38795>
08/24/20 10:50:23 Number of idle job procs: 1
08/24/20 10:50:23 Reassigning the id of job register_local_2_0 from (18.0.0) to (18.0.0)
08/24/20 10:50:23 Event: ULOG_SUBMIT for HTCondor Node register_local_2_0 (18.0.0) {08/24/20 10:50:23}
08/24/20 10:50:23 Number of idle job procs: 2
08/24/20 10:50:23 DAG status: 0 (DAG_STATUS_OK)
08/24/20 10:50:23 Of 24 nodes total:
08/24/20 10:50:23  Done     Pre   Queued    Post   Ready   Un-Ready   Failed
08/24/20 10:50:23   ===     ===      ===     ===     ===        ===      ===
08/24/20 10:50:23    14       0        3       0       0          7        0
08/24/20 10:50:23 1 job proc(s) currently held
08/24/20 10:50:23 DAGMan Runtime Statistics: [ EventCycleTimeStd = 0.1396594101195458; EventCycleTimeMax = 0.5748050212860107; SubmitCycleTimeMin = 0.0001361370086669922; SubmitCycleTimeAvg = 0.05909894307454427; SleepCycleTimeCount = 29.0; SubmitCycleTimeCount = 30.0; SubmitCycleTimeMax = 0.552077054977417; SleepCycleTimeMin = 4.312747001647949; SubmitCycleTimeSum = 1.772968292236328; LogProcessCycleTimeStd = 0.008338836641624357; SubmitCycleTimeStd = 0.137283339205945; LogProcessCycleTimeAvg = 0.01239512183449485; EventCycleTimeMin = 0.0004980564117431641; LogProcessCycleTimeMax = 0.03235793113708496; LogProcessCycleTimeMin = 0.003026962280273438; LogProcessCycleTimeSum = 0.2726926803588867; LogProcessCycleTimeCount = 22.0; EventCycleTimeSum = 2.12269139289856; SleepCycleTimeSum = 145.4556226730347; SleepCycleTimeAvg = 5.015711126656368; SleepCycleTimeStd = 0.1859673703479664; SleepCycleTimeMax = 5.372298955917358; EventCycleTimeCount = 29.0; EventCycleTimeAvg = 0.07319625492753654; ]
08/24/20 10:50:28 Currently monitoring 1 HTCondor log file(s)
08/24/20 10:50:28 Event: ULOG_EXECUTE for HTCondor Node register_local_2_0 (18.0.0) {08/24/20 10:50:25}
08/24/20 10:50:28 Number of idle job procs: 1
08/24/20 10:50:28 Event: ULOG_JOB_TERMINATED for HTCondor Node register_local_2_0 (18.0.0) {08/24/20 10:50:27}
08/24/20 10:50:28 Number of idle job procs: 1
08/24/20 10:50:28 Node register_local_2_0 job proc (18.0.0) completed successfully.
08/24/20 10:50:28 Node register_local_2_0 job completed
08/24/20 10:50:28 Running POST script of Node register_local_2_0...
08/24/20 10:50:28 Warning: mysin has length 0 (ignore if produced by DAGMan; see gittrac #4987, #5031)
08/24/20 10:50:28 DAG status: 0 (DAG_STATUS_OK)
08/24/20 10:50:28 Of 24 nodes total:
08/24/20 10:50:28  Done     Pre   Queued    Post   Ready   Un-Ready   Failed
08/24/20 10:50:28   ===     ===      ===     ===     ===        ===      ===
08/24/20 10:50:28    14       0        2       1       0          7        0
08/24/20 10:50:28 1 job proc(s) currently held
08/24/20 10:50:28 DAGMan Runtime Statistics: [ EventCycleTimeStd = 0.1372717476808039; EventCycleTimeMax = 0.5748050212860107; SubmitCycleTimeMin = 0.0001361370086669922; SubmitCycleTimeAvg = 0.05720226995406612; SleepCycleTimeCount = 30.0; SubmitCycleTimeCount = 31.0; SubmitCycleTimeMax = 0.552077054977417; SleepCycleTimeMin = 4.312747001647949; SubmitCycleTimeSum = 1.77327036857605; LogProcessCycleTimeStd = 0.008150877549828421; SubmitCycleTimeStd = 0.1353883666326407; LogProcessCycleTimeAvg = 0.01244676631429921; EventCycleTimeMin = 0.0004980564117431641; LogProcessCycleTimeMax = 0.03235793113708496; LogProcessCycleTimeMin = 0.003026962280273438; LogProcessCycleTimeSum = 0.2862756252288818; LogProcessCycleTimeCount = 23.0; EventCycleTimeSum = 2.177427291870117; SleepCycleTimeSum = 150.4599747657776; SleepCycleTimeAvg = 5.015332492192586; SleepCycleTimeStd = 0.1827446764247092; SleepCycleTimeMax = 5.372298955917358; EventCycleTimeCount = 30.0; EventCycleTimeAvg = 0.07258090972900391; ]
08/24/20 10:50:28 Initializing user log writer for /home/scitech/shared-data/CatsAndDogs/scitech/pegasus/Cats_and_Dogs/run0017/./Cats_and_Dogs-0.dag.nodes.log, (18.0.0)
08/24/20 10:50:33 Currently monitoring 1 HTCondor log file(s)
08/24/20 10:50:33 Event: ULOG_POST_SCRIPT_TERMINATED for HTCondor Node register_local_2_0 (18.0.0) {08/24/20 10:50:28}
08/24/20 10:50:33 POST Script of node register_local_2_0 completed successfully.
08/24/20 10:50:33 DAG status: 0 (DAG_STATUS_OK)
08/24/20 10:50:33 Of 24 nodes total:
08/24/20 10:50:33  Done     Pre   Queued    Post   Ready   Un-Ready   Failed
08/24/20 10:50:33   ===     ===      ===     ===     ===        ===      ===
08/24/20 10:50:33    15       0        2       0       0          7        0
08/24/20 10:50:33 1 job proc(s) currently held
08/24/20 10:50:33 DAGMan Runtime Statistics: [ EventCycleTimeStd = 0.1353177314368535; EventCycleTimeMax = 0.5748050212860107; SubmitCycleTimeMin = 0.0001361370086669922; SubmitCycleTimeAvg = 0.05542295426130295; SleepCycleTimeCount = 31.0; SubmitCycleTimeCount = 32.0; SubmitCycleTimeMax = 0.552077054977417; SleepCycleTimeMin = 4.312747001647949; SubmitCycleTimeSum = 1.773534536361694; LogProcessCycleTimeStd = 0.008211412519141221; SubmitCycleTimeStd = 0.1335665753054316; LogProcessCycleTimeAvg = 0.01204473773638407; EventCycleTimeMin = 0.0004980564117431641; LogProcessCycleTimeMax = 0.03235793113708496; LogProcessCycleTimeMin = 0.002798080444335938; LogProcessCycleTimeSum = 0.2890737056732178; LogProcessCycleTimeCount = 24.0; EventCycleTimeSum = 2.195605278015137; SleepCycleTimeSum = 155.8348467350006; SleepCycleTimeAvg = 5.026930539838729; SleepCycleTimeStd = 0.190925078293687; SleepCycleTimeMax = 5.374871969223022; EventCycleTimeCount = 31.0; EventCycleTimeAvg = 0.0708259767101657; ]
08/24/20 10:50:38 Currently monitoring 1 HTCondor log file(s)
08/24/20 10:50:38 Event: ULOG_JOB_TERMINATED for HTCondor Node stage_out_local_local_1_0 (12.0.0) {08/24/20 10:50:36}
08/24/20 10:50:38 Number of idle job procs: 1
08/24/20 10:50:38 Node stage_out_local_local_1_0 job proc (12.0.0) completed successfully.
08/24/20 10:50:38 Node stage_out_local_local_1_0 job completed
08/24/20 10:50:38 Running POST script of Node stage_out_local_local_1_0...
08/24/20 10:50:38 Warning: mysin has length 0 (ignore if produced by DAGMan; see gittrac #4987, #5031)
08/24/20 10:50:38 DAG status: 0 (DAG_STATUS_OK)
08/24/20 10:50:38 Of 24 nodes total:
08/24/20 10:50:38  Done     Pre   Queued    Post   Ready   Un-Ready   Failed
08/24/20 10:50:38   ===     ===      ===     ===     ===        ===      ===
08/24/20 10:50:38    15       0        1       1       0          7        0
08/24/20 10:50:38 1 job proc(s) currently held
08/24/20 10:50:38 DAGMan Runtime Statistics: [ EventCycleTimeStd = 0.1335888634971514; EventCycleTimeMax = 0.5748050212860107; SubmitCycleTimeMin = 0.0001361370086669922; SubmitCycleTimeAvg = 0.05375341213110722; SleepCycleTimeCount = 32.0; SubmitCycleTimeCount = 33.0; SubmitCycleTimeMax = 0.552077054977417; SleepCycleTimeMin = 4.312747001647949; SubmitCycleTimeSum = 1.773862600326538; LogProcessCycleTimeStd = 0.008091744637848799; SubmitCycleTimeStd = 0.1318124134541842; LogProcessCycleTimeAvg = 0.01185942649841309; EventCycleTimeMin = 0.0004980564117431641; LogProcessCycleTimeMax = 0.03235793113708496; LogProcessCycleTimeMin = 0.002798080444335938; LogProcessCycleTimeSum = 0.2964856624603271; LogProcessCycleTimeCount = 25.0; EventCycleTimeSum = 2.202991247177124; SleepCycleTimeSum = 160.8394758701324; SleepCycleTimeAvg = 5.026233620941639; SleepCycleTimeStd = 0.1878617693622219; SleepCycleTimeMax = 5.374871969223022; EventCycleTimeCount = 32.0; EventCycleTimeAvg = 0.06884347647428513; ]
08/24/20 10:50:39 Initializing user log writer for /home/scitech/shared-data/CatsAndDogs/scitech/pegasus/Cats_and_Dogs/run0017/./Cats_and_Dogs-0.dag.nodes.log, (12.0.0)
08/24/20 10:50:43 Currently monitoring 1 HTCondor log file(s)
08/24/20 10:50:43 Event: ULOG_POST_SCRIPT_TERMINATED for HTCondor Node stage_out_local_local_1_0 (12.0.0) {08/24/20 10:50:39}
08/24/20 10:50:43 POST Script of node stage_out_local_local_1_0 completed successfully.
08/24/20 10:50:43 DAG status: 0 (DAG_STATUS_OK)
08/24/20 10:50:43 Of 24 nodes total:
08/24/20 10:50:43  Done     Pre   Queued    Post   Ready   Un-Ready   Failed
08/24/20 10:50:43   ===     ===      ===     ===     ===        ===      ===
08/24/20 10:50:43    16       0        1       0       2          5        0
08/24/20 10:50:43 1 job proc(s) currently held
08/24/20 10:50:43 DAGMan Runtime Statistics: [ EventCycleTimeStd = 0.13186902113793; EventCycleTimeMax = 0.5748050212860107; SubmitCycleTimeMin = 0.0001361370086669922; SubmitCycleTimeAvg = 0.05217716273139505; SleepCycleTimeCount = 33.0; SubmitCycleTimeCount = 34.0; SubmitCycleTimeMax = 0.552077054977417; SleepCycleTimeMin = 4.312747001647949; SubmitCycleTimeSum = 1.774023532867432; LogProcessCycleTimeStd = 0.008141381633953386; SubmitCycleTimeStd = 0.1301248903186546; LogProcessCycleTimeAvg = 0.01149648886460524; EventCycleTimeMin = 0.0004980564117431641; LogProcessCycleTimeMax = 0.03235793113708496; LogProcessCycleTimeMin = 0.00242304801940918; LogProcessCycleTimeSum = 0.2989087104797363; LogProcessCycleTimeCount = 26.0; EventCycleTimeSum = 2.214062213897705; SleepCycleTimeSum = 165.3298368453979; SleepCycleTimeAvg = 5.00999505592115; SleepCycleTimeStd = 0.2071013539315795; SleepCycleTimeMax = 5.374871969223022; EventCycleTimeCount = 33.0; EventCycleTimeAvg = 0.06709279436053651; ]
08/24/20 10:50:48 Submitting HTCondor Node clean_up_local_level_5_0 job(s)...
08/24/20 10:50:48 Adding a DAGMan workflow log /home/scitech/shared-data/CatsAndDogs/scitech/pegasus/Cats_and_Dogs/run0017/./Cats_and_Dogs-0.dag.nodes.log
08/24/20 10:50:48 Masking the events recorded in the DAGMAN workflow log
08/24/20 10:50:48 Mask for workflow log is 0,1,2,4,5,7,9,10,11,12,13,16,17,24,27,35,36
08/24/20 10:50:48 submitting: /usr/bin/condor_submit -a dag_node_name' '=' 'clean_up_local_level_5_0 -a +DAGManJobId' '=' '1 -a DAGManJobId' '=' '1 -batch-name Cats_and_Dogs-0.dag+1 -a submit_event_notes' '=' 'DAG' 'Node:' 'clean_up_local_level_5_0 -a dagman_log' '=' '/home/scitech/shared-data/CatsAndDogs/scitech/pegasus/Cats_and_Dogs/run0017/./Cats_and_Dogs-0.dag.nodes.log -a +DAGManNodesMask' '=' '"0,1,2,4,5,7,9,10,11,12,13,16,17,24,27,35,36" -a priority=1000 -a +DAGNodeRetry' '=' '0 -a DAG_STATUS' '=' '0 -a FAILED_COUNT' '=' '0 -a +KeepClaimIdle' '=' '20 -a notification' '=' 'never -a +DAGParentNodeNames' '=' '"stage_out_local_local_0_0,Data_Split_py_ID0000003,stage_out_local_local_1_0" 00/00/clean_up_local_level_5_0.sub
08/24/20 10:50:48 From submit: Submitting job(s).
08/24/20 10:50:48 From submit: 1 job(s) submitted to cluster 19.
08/24/20 10:50:48 	assigned HTCondor ID (19.0.0)
08/24/20 10:50:48 Submitting HTCondor Node register_local_1_0 job(s)...
08/24/20 10:50:48 Adding a DAGMan workflow log /home/scitech/shared-data/CatsAndDogs/scitech/pegasus/Cats_and_Dogs/run0017/./Cats_and_Dogs-0.dag.nodes.log
08/24/20 10:50:48 Masking the events recorded in the DAGMAN workflow log
08/24/20 10:50:48 Mask for workflow log is 0,1,2,4,5,7,9,10,11,12,13,16,17,24,27,35,36
08/24/20 10:50:48 submitting: /usr/bin/condor_submit -a dag_node_name' '=' 'register_local_1_0 -a +DAGManJobId' '=' '1 -a DAGManJobId' '=' '1 -batch-name Cats_and_Dogs-0.dag+1 -a submit_event_notes' '=' 'DAG' 'Node:' 'register_local_1_0 -a dagman_log' '=' '/home/scitech/shared-data/CatsAndDogs/scitech/pegasus/Cats_and_Dogs/run0017/./Cats_and_Dogs-0.dag.nodes.log -a +DAGManNodesMask' '=' '"0,1,2,4,5,7,9,10,11,12,13,16,17,24,27,35,36" -a priority=50 -a +DAGNodeRetry' '=' '0 -a DAG_STATUS' '=' '0 -a FAILED_COUNT' '=' '0 -a notification' '=' 'never -a +DAGParentNodeNames' '=' '"stage_out_local_local_1_0" 00/00/register_local_1_0.sub
08/24/20 10:50:48 From submit: Submitting job(s).
08/24/20 10:50:48 From submit: 1 job(s) submitted to cluster 20.
08/24/20 10:50:48 	assigned HTCondor ID (20.0.0)
08/24/20 10:50:48 Just submitted 2 jobs this cycle...
08/24/20 10:50:48 DAG status: 0 (DAG_STATUS_OK)
08/24/20 10:50:48 Of 24 nodes total:
08/24/20 10:50:48  Done     Pre   Queued    Post   Ready   Un-Ready   Failed
08/24/20 10:50:48   ===     ===      ===     ===     ===        ===      ===
08/24/20 10:50:48    16       0        3       0       0          5        0
08/24/20 10:50:48 1 job proc(s) currently held
08/24/20 10:50:48 DAGMan Runtime Statistics: [ EventCycleTimeStd = 0.1302855698448195; EventCycleTimeMax = 0.5748050212860107; SubmitCycleTimeMin = 0.0001361370086669922; SubmitCycleTimeAvg = 0.05220918655395508; SleepCycleTimeCount = 34.0; SubmitCycleTimeCount = 35.0; SubmitCycleTimeMax = 0.552077054977417; SleepCycleTimeMin = 4.312747001647949; SubmitCycleTimeSum = 1.827321529388428; LogProcessCycleTimeStd = 0.008141381633953386; SubmitCycleTimeStd = 0.1281971475810945; LogProcessCycleTimeAvg = 0.01149648886460524; EventCycleTimeMin = 0.0004980564117431641; LogProcessCycleTimeMax = 0.03235793113708496; LogProcessCycleTimeMin = 0.00242304801940918; LogProcessCycleTimeSum = 0.2989087104797363; LogProcessCycleTimeCount = 26.0; EventCycleTimeSum = 2.219489097595215; SleepCycleTimeSum = 170.3339388370514; SleepCycleTimeAvg = 5.009821730501511; SleepCycleTimeStd = 0.203941819718865; SleepCycleTimeMax = 5.374871969223022; EventCycleTimeCount = 34.0; EventCycleTimeAvg = 0.06527909110574161; ]
08/24/20 10:50:53 Currently monitoring 1 HTCondor log file(s)
08/24/20 10:50:53 Reassigning the id of job clean_up_local_level_5_0 from (19.0.0) to (19.0.0)
08/24/20 10:50:53 Event: ULOG_SUBMIT for HTCondor Node clean_up_local_level_5_0 (19.0.0) {08/24/20 10:50:48}
08/24/20 10:50:53 Number of idle job procs: 2
08/24/20 10:50:53 Reassigning the id of job register_local_1_0 from (20.0.0) to (20.0.0)
08/24/20 10:50:53 Event: ULOG_SUBMIT for HTCondor Node register_local_1_0 (20.0.0) {08/24/20 10:50:48}
08/24/20 10:50:53 Number of idle job procs: 3
08/24/20 10:50:53 Event: ULOG_EXECUTE for HTCondor Node register_local_1_0 (20.0.0) {08/24/20 10:50:52}
08/24/20 10:50:53 Number of idle job procs: 2
08/24/20 10:50:53 Event: ULOG_EXECUTE for HTCondor Node clean_up_local_level_5_0 (19.0.0) {08/24/20 10:50:52}
08/24/20 10:50:53 Number of idle job procs: 1
08/24/20 10:50:58 Currently monitoring 1 HTCondor log file(s)
08/24/20 10:50:58 Event: ULOG_JOB_TERMINATED for HTCondor Node register_local_1_0 (20.0.0) {08/24/20 10:50:54}
08/24/20 10:50:58 Number of idle job procs: 1
08/24/20 10:50:58 Node register_local_1_0 job proc (20.0.0) completed successfully.
08/24/20 10:50:58 Node register_local_1_0 job completed
08/24/20 10:50:58 Running POST script of Node register_local_1_0...
08/24/20 10:50:58 Warning: mysin has length 0 (ignore if produced by DAGMan; see gittrac #4987, #5031)
08/24/20 10:50:58 DAG status: 0 (DAG_STATUS_OK)
08/24/20 10:50:58 Of 24 nodes total:
08/24/20 10:50:58  Done     Pre   Queued    Post   Ready   Un-Ready   Failed
08/24/20 10:50:58   ===     ===      ===     ===     ===        ===      ===
08/24/20 10:50:58    16       0        2       1       0          5        0
08/24/20 10:50:58 1 job proc(s) currently held
08/24/20 10:50:58 DAGMan Runtime Statistics: [ EventCycleTimeStd = 0.1268868727973262; EventCycleTimeMax = 0.5748050212860107; SubmitCycleTimeMin = 0.0001361370086669922; SubmitCycleTimeAvg = 0.0494141707549224; SleepCycleTimeCount = 36.0; SubmitCycleTimeCount = 37.0; SubmitCycleTimeMax = 0.552077054977417; SleepCycleTimeMin = 4.312747001647949; SubmitCycleTimeSum = 1.828324317932129; LogProcessCycleTimeStd = 0.007995163056296314; SubmitCycleTimeStd = 0.125147881884336; LogProcessCycleTimeAvg = 0.01153349024908883; EventCycleTimeMin = 0.0004980564117431641; LogProcessCycleTimeMax = 0.03235793113708496; LogProcessCycleTimeMin = 0.00242304801940918; LogProcessCycleTimeSum = 0.3229377269744873; LogProcessCycleTimeCount = 28.0; EventCycleTimeSum = 2.283195972442627; SleepCycleTimeSum = 180.3460800647736; SleepCycleTimeAvg = 5.009613335132599; SleepCycleTimeStd = 0.1980358111649087; SleepCycleTimeMax = 5.374871969223022; EventCycleTimeCount = 36.0; EventCycleTimeAvg = 0.06342211034562853; ]
08/24/20 10:50:58 Initializing user log writer for /home/scitech/shared-data/CatsAndDogs/scitech/pegasus/Cats_and_Dogs/run0017/./Cats_and_Dogs-0.dag.nodes.log, (20.0.0)
08/24/20 10:51:03 Currently monitoring 1 HTCondor log file(s)
08/24/20 10:51:03 Event: ULOG_POST_SCRIPT_TERMINATED for HTCondor Node register_local_1_0 (20.0.0) {08/24/20 10:50:58}
08/24/20 10:51:03 POST Script of node register_local_1_0 completed successfully.
08/24/20 10:51:03 Event: ULOG_JOB_TERMINATED for HTCondor Node clean_up_local_level_5_0 (19.0.0) {08/24/20 10:51:00}
08/24/20 10:51:03 Number of idle job procs: 1
08/24/20 10:51:03 Node clean_up_local_level_5_0 job proc (19.0.0) completed successfully.
08/24/20 10:51:03 Node clean_up_local_level_5_0 job completed
08/24/20 10:51:03 Running POST script of Node clean_up_local_level_5_0...
08/24/20 10:51:03 Warning: mysin has length 0 (ignore if produced by DAGMan; see gittrac #4987, #5031)
08/24/20 10:51:03 DAG status: 0 (DAG_STATUS_OK)
08/24/20 10:51:03 Of 24 nodes total:
08/24/20 10:51:03  Done     Pre   Queued    Post   Ready   Un-Ready   Failed
08/24/20 10:51:03   ===     ===      ===     ===     ===        ===      ===
08/24/20 10:51:03    17       0        1       1       0          5        0
08/24/20 10:51:03 1 job proc(s) currently held
08/24/20 10:51:03 DAGMan Runtime Statistics: [ EventCycleTimeStd = 0.1252786093893946; EventCycleTimeMax = 0.5748050212860107; SubmitCycleTimeMin = 0.0001361370086669922; SubmitCycleTimeAvg = 0.04814187476509496; SleepCycleTimeCount = 37.0; SubmitCycleTimeCount = 38.0; SubmitCycleTimeMax = 0.552077054977417; SleepCycleTimeMin = 4.312747001647949; SubmitCycleTimeSum = 1.829391241073608; LogProcessCycleTimeStd = 0.007891360011578195; SubmitCycleTimeStd = 0.1236940065610277; LogProcessCycleTimeAvg = 0.01168133472574168; EventCycleTimeMin = 0.0004980564117431641; LogProcessCycleTimeMax = 0.03235793113708496; LogProcessCycleTimeMin = 0.00242304801940918; LogProcessCycleTimeSum = 0.3387587070465088; LogProcessCycleTimeCount = 29.0; EventCycleTimeSum = 2.307347059249878; SleepCycleTimeSum = 185.55482006073; SleepCycleTimeAvg = 5.014995136776486; SleepCycleTimeStd = 0.1979910319581821; SleepCycleTimeMax = 5.374871969223022; EventCycleTimeCount = 37.0; EventCycleTimeAvg = 0.06236073133107778; ]
08/24/20 10:51:03 Initializing user log writer for /home/scitech/shared-data/CatsAndDogs/scitech/pegasus/Cats_and_Dogs/run0017/./Cats_and_Dogs-0.dag.nodes.log, (19.0.0)
08/24/20 10:51:08 Currently monitoring 1 HTCondor log file(s)
08/24/20 10:51:08 Event: ULOG_POST_SCRIPT_TERMINATED for HTCondor Node clean_up_local_level_5_0 (19.0.0) {08/24/20 10:51:03}
08/24/20 10:51:08 POST Script of node clean_up_local_level_5_0 completed successfully.
08/24/20 10:51:08 DAG status: 0 (DAG_STATUS_OK)
08/24/20 10:51:08 Of 24 nodes total:
08/24/20 10:51:08  Done     Pre   Queued    Post   Ready   Un-Ready   Failed
08/24/20 10:51:08   ===     ===      ===     ===     ===        ===      ===
08/24/20 10:51:08    18       0        1       0       0          5        0
08/24/20 10:51:08 1 job proc(s) currently held
08/24/20 10:51:08 DAGMan Runtime Statistics: [ EventCycleTimeStd = 0.1237445593125557; EventCycleTimeMax = 0.5748050212860107; SubmitCycleTimeMin = 0.0001361370086669922; SubmitCycleTimeAvg = 0.0469358273041554; SleepCycleTimeCount = 38.0; SubmitCycleTimeCount = 39.0; SubmitCycleTimeMax = 0.552077054977417; SleepCycleTimeMin = 4.312747001647949; SubmitCycleTimeSum = 1.830497264862061; LogProcessCycleTimeStd = 0.007767933405000848; SubmitCycleTimeStd = 0.1222877659237765; LogProcessCycleTimeAvg = 0.0115967591603597; EventCycleTimeMin = 0.0004980564117431641; LogProcessCycleTimeMax = 0.03235793113708496; LogProcessCycleTimeMin = 0.00242304801940918; LogProcessCycleTimeSum = 0.347902774810791; LogProcessCycleTimeCount = 30.0; EventCycleTimeSum = 2.329678058624268; SleepCycleTimeSum = 190.7622718811035; SleepCycleTimeAvg = 5.020059786344829; SleepCycleTimeStd = 0.1977769016035939; SleepCycleTimeMax = 5.374871969223022; EventCycleTimeCount = 38.0; EventCycleTimeAvg = 0.06130731733221757; ]
