000 (002.000.000) 09/16 10:25:22 Job submitted from host: <127.0.0.1:9618?addrs=127.0.0.1-9618&noUDP&sock=266_58af_4>
    DAG Node: create_dir_Cats_and_Dogs_0_local
    pool:local
...
001 (002.000.000) 09/16 10:25:23 Job executing on host: <127.0.0.1:9618?addrs=127.0.0.1-9618&noUDP&sock=274_cec4_2>
...
005 (002.000.000) 09/16 10:25:25 Job terminated.
	(1) Normal termination (return value 0)
		Usr 0 00:00:00, Sys 0 00:00:00  -  Run Remote Usage
		Usr 0 00:00:00, Sys 0 00:00:00  -  Run Local Usage
		Usr 0 00:00:00, Sys 0 00:00:00  -  Total Remote Usage
		Usr 0 00:00:00, Sys 0 00:00:00  -  Total Local Usage
	0  -  Run Bytes Sent By Job
	0  -  Run Bytes Received By Job
	0  -  Total Bytes Sent By Job
	0  -  Total Bytes Received By Job
...
016 (002.000.000) 09/16 10:25:27 POST Script terminated.
	(1) Normal termination (return value 0)
    DAG Node: create_dir_Cats_and_Dogs_0_local
...
000 (003.000.000) 09/16 10:25:37 Job submitted from host: <127.0.0.1:9618?addrs=127.0.0.1-9618&noUDP&sock=266_58af_4>
    DAG Node: stage_in_remote_local_2_0
    pool:local
...
000 (004.000.000) 09/16 10:25:37 Job submitted from host: <127.0.0.1:9618?addrs=127.0.0.1-9618&noUDP&sock=266_58af_4>
    DAG Node: stage_in_remote_local_1_0
    pool:local
...
000 (005.000.000) 09/16 10:25:37 Job submitted from host: <127.0.0.1:9618?addrs=127.0.0.1-9618&noUDP&sock=266_58af_4>
    DAG Node: stage_in_remote_local_0_0
    pool:local
...
000 (006.000.000) 09/16 10:25:37 Job submitted from host: <127.0.0.1:9618?addrs=127.0.0.1-9618&noUDP&sock=266_58af_4>
    DAG Node: stage_in_local_local_4_0
    pool:local
...
000 (007.000.000) 09/16 10:25:37 Job submitted from host: <127.0.0.1:9618?addrs=127.0.0.1-9618&noUDP&sock=266_58af_4>
    DAG Node: stage_in_local_local_0_0
    pool:local
...
000 (008.000.000) 09/16 10:25:37 Job submitted from host: <127.0.0.1:9618?addrs=127.0.0.1-9618&noUDP&sock=266_58af_4>
    DAG Node: stage_in_remote_local_4_0
    pool:local
...
000 (009.000.000) 09/16 10:25:37 Job submitted from host: <127.0.0.1:9618?addrs=127.0.0.1-9618&noUDP&sock=266_58af_4>
    DAG Node: stage_in_remote_local_3_0
    pool:local
...
001 (003.000.000) 09/16 10:25:40 Job executing on host: <127.0.0.1:9618?addrs=127.0.0.1-9618&noUDP&sock=274_cec4_3>
...
001 (006.000.000) 09/16 10:25:40 Job executing on host: <127.0.0.1:9618?addrs=127.0.0.1-9618&noUDP&sock=274_cec4_4>
...
001 (009.000.000) 09/16 10:25:40 Job executing on host: <127.0.0.1:9618?addrs=127.0.0.1-9618&noUDP&sock=274_cec4_5>
...
001 (005.000.000) 09/16 10:25:40 Job executing on host: <127.0.0.1:9618?addrs=127.0.0.1-9618&noUDP&sock=274_cec4_6>
...
001 (008.000.000) 09/16 10:25:40 Job executing on host: <127.0.0.1:9618?addrs=127.0.0.1-9618&noUDP&sock=274_cec4_7>
...
001 (004.000.000) 09/16 10:25:40 Job executing on host: <127.0.0.1:9618?addrs=127.0.0.1-9618&noUDP&sock=274_cec4_8>
...
001 (007.000.000) 09/16 10:25:40 Job executing on host: <127.0.0.1:9618?addrs=127.0.0.1-9618&noUDP&sock=274_cec4_9>
...
005 (009.000.000) 09/16 10:25:43 Job terminated.
	(1) Normal termination (return value 0)
		Usr 0 00:00:00, Sys 0 00:00:00  -  Run Remote Usage
		Usr 0 00:00:00, Sys 0 00:00:00  -  Run Local Usage
		Usr 0 00:00:00, Sys 0 00:00:00  -  Total Remote Usage
		Usr 0 00:00:00, Sys 0 00:00:00  -  Total Local Usage
	0  -  Run Bytes Sent By Job
	0  -  Run Bytes Received By Job
	0  -  Total Bytes Sent By Job
	0  -  Total Bytes Received By Job
...
005 (003.000.000) 09/16 10:25:43 Job terminated.
	(1) Normal termination (return value 0)
		Usr 0 00:00:00, Sys 0 00:00:00  -  Run Remote Usage
		Usr 0 00:00:00, Sys 0 00:00:00  -  Run Local Usage
		Usr 0 00:00:00, Sys 0 00:00:00  -  Total Remote Usage
		Usr 0 00:00:00, Sys 0 00:00:00  -  Total Local Usage
	0  -  Run Bytes Sent By Job
	0  -  Run Bytes Received By Job
	0  -  Total Bytes Sent By Job
	0  -  Total Bytes Received By Job
...
005 (006.000.000) 09/16 10:25:43 Job terminated.
	(1) Normal termination (return value 0)
		Usr 0 00:00:00, Sys 0 00:00:00  -  Run Remote Usage
		Usr 0 00:00:00, Sys 0 00:00:00  -  Run Local Usage
		Usr 0 00:00:00, Sys 0 00:00:00  -  Total Remote Usage
		Usr 0 00:00:00, Sys 0 00:00:00  -  Total Local Usage
	0  -  Run Bytes Sent By Job
	0  -  Run Bytes Received By Job
	0  -  Total Bytes Sent By Job
	0  -  Total Bytes Received By Job
...
005 (005.000.000) 09/16 10:25:43 Job terminated.
	(1) Normal termination (return value 0)
		Usr 0 00:00:00, Sys 0 00:00:00  -  Run Remote Usage
		Usr 0 00:00:00, Sys 0 00:00:00  -  Run Local Usage
		Usr 0 00:00:00, Sys 0 00:00:00  -  Total Remote Usage
		Usr 0 00:00:00, Sys 0 00:00:00  -  Total Local Usage
	0  -  Run Bytes Sent By Job
	0  -  Run Bytes Received By Job
	0  -  Total Bytes Sent By Job
	0  -  Total Bytes Received By Job
...
005 (008.000.000) 09/16 10:25:43 Job terminated.
	(1) Normal termination (return value 0)
		Usr 0 00:00:00, Sys 0 00:00:00  -  Run Remote Usage
		Usr 0 00:00:00, Sys 0 00:00:00  -  Run Local Usage
		Usr 0 00:00:00, Sys 0 00:00:00  -  Total Remote Usage
		Usr 0 00:00:00, Sys 0 00:00:00  -  Total Local Usage
	0  -  Run Bytes Sent By Job
	0  -  Run Bytes Received By Job
	0  -  Total Bytes Sent By Job
	0  -  Total Bytes Received By Job
...
005 (004.000.000) 09/16 10:25:43 Job terminated.
	(1) Normal termination (return value 0)
		Usr 0 00:00:00, Sys 0 00:00:00  -  Run Remote Usage
		Usr 0 00:00:00, Sys 0 00:00:00  -  Run Local Usage
		Usr 0 00:00:00, Sys 0 00:00:00  -  Total Remote Usage
		Usr 0 00:00:00, Sys 0 00:00:00  -  Total Local Usage
	0  -  Run Bytes Sent By Job
	0  -  Run Bytes Received By Job
	0  -  Total Bytes Sent By Job
	0  -  Total Bytes Received By Job
...
016 (003.000.000) 09/16 10:25:48 POST Script terminated.
	(1) Normal termination (return value 0)
    DAG Node: stage_in_remote_local_2_0
...
016 (009.000.000) 09/16 10:25:48 POST Script terminated.
	(1) Normal termination (return value 0)
    DAG Node: stage_in_remote_local_3_0
...
016 (005.000.000) 09/16 10:25:48 POST Script terminated.
	(1) Normal termination (return value 0)
    DAG Node: stage_in_remote_local_0_0
...
016 (006.000.000) 09/16 10:25:48 POST Script terminated.
	(1) Normal termination (return value 0)
    DAG Node: stage_in_local_local_4_0
...
016 (004.000.000) 09/16 10:25:48 POST Script terminated.
	(1) Normal termination (return value 0)
    DAG Node: stage_in_remote_local_1_0
...
016 (008.000.000) 09/16 10:25:48 POST Script terminated.
	(1) Normal termination (return value 0)
    DAG Node: stage_in_remote_local_4_0
...
005 (007.000.000) 09/16 10:26:04 Job terminated.
	(1) Normal termination (return value 0)
		Usr 0 00:00:00, Sys 0 00:00:00  -  Run Remote Usage
		Usr 0 00:00:00, Sys 0 00:00:00  -  Run Local Usage
		Usr 0 00:00:00, Sys 0 00:00:00  -  Total Remote Usage
		Usr 0 00:00:00, Sys 0 00:00:00  -  Total Local Usage
	0  -  Run Bytes Sent By Job
	0  -  Run Bytes Received By Job
	0  -  Total Bytes Sent By Job
	0  -  Total Bytes Received By Job
...
016 (007.000.000) 09/16 10:26:08 POST Script terminated.
	(1) Normal termination (return value 0)
    DAG Node: stage_in_local_local_0_0
...
000 (010.000.000) 09/16 10:26:17 Job submitted from host: <127.0.0.1:9618?addrs=127.0.0.1-9618&noUDP&sock=266_58af_4>
    DAG Node: preprocess1_py_ID0000001
    pool:condorpool
...
001 (010.000.000) 09/16 10:26:26 Job executing on host: <127.0.0.1:9618?addrs=127.0.0.1-9618&noUDP&sock=266_58af_5>
...
005 (010.000.000) 09/16 10:26:30 Job terminated.
	(1) Normal termination (return value 0)
		Usr 0 00:00:00, Sys 0 00:00:00  -  Run Remote Usage
		Usr 0 00:00:00, Sys 0 00:00:00  -  Run Local Usage
		Usr 0 00:00:00, Sys 0 00:00:00  -  Total Remote Usage
		Usr 0 00:00:00, Sys 0 00:00:00  -  Total Local Usage
	3106277  -  Run Bytes Sent By Job
	13826073  -  Run Bytes Received By Job
	3106277  -  Total Bytes Sent By Job
	13826073  -  Total Bytes Received By Job
	Partitionable Resources :    Usage  Request Allocated 
	   Cpus                 :     0.24        1         1 
	   Disk (KB)            : 70574       15000   3923863 
	   Memory (MB)          :     0           1       991 
...
016 (010.000.000) 09/16 10:26:33 POST Script terminated.
	(1) Normal termination (return value 0)
    DAG Node: preprocess1_py_ID0000001
...
000 (011.000.000) 09/16 10:26:42 Job submitted from host: <127.0.0.1:9618?addrs=127.0.0.1-9618&noUDP&sock=266_58af_4>
    DAG Node: clean_up_local_level_3_0
    pool:local
...
000 (012.000.000) 09/16 10:26:42 Job submitted from host: <127.0.0.1:9618?addrs=127.0.0.1-9618&noUDP&sock=266_58af_4>
    DAG Node: stage_out_local_local_0_0
    pool:local
...
000 (013.000.000) 09/16 10:26:42 Job submitted from host: <127.0.0.1:9618?addrs=127.0.0.1-9618&noUDP&sock=266_58af_4>
    DAG Node: Augmentation_py_ID0000002
    pool:condorpool
...
001 (012.000.000) 09/16 10:26:44 Job executing on host: <127.0.0.1:9618?addrs=127.0.0.1-9618&noUDP&sock=274_cec4_12>
...
001 (011.000.000) 09/16 10:26:44 Job executing on host: <127.0.0.1:9618?addrs=127.0.0.1-9618&noUDP&sock=274_cec4_13>
...
001 (013.000.000) 09/16 10:26:44 Job executing on host: <127.0.0.1:9618?addrs=127.0.0.1-9618&noUDP&sock=266_58af_5>
...
005 (013.000.000) 09/16 10:26:58 Job terminated.
	(1) Normal termination (return value 0)
		Usr 0 00:00:00, Sys 0 00:00:00  -  Run Remote Usage
		Usr 0 00:00:00, Sys 0 00:00:00  -  Run Local Usage
		Usr 0 00:00:00, Sys 0 00:00:00  -  Total Remote Usage
		Usr 0 00:00:00, Sys 0 00:00:00  -  Total Local Usage
	7279062  -  Run Bytes Sent By Job
	13845903  -  Run Bytes Received By Job
	7279062  -  Total Bytes Sent By Job
	13845903  -  Total Bytes Received By Job
	Partitionable Resources :    Usage  Request Allocated 
	   Cpus                 :     1.17        1         1 
	   Disk (KB)            : 85577       15000   3923863 
	   Memory (MB)          :   162           1       991 
...
005 (011.000.000) 09/16 10:27:00 Job terminated.
	(1) Normal termination (return value 0)
		Usr 0 00:00:00, Sys 0 00:00:00  -  Run Remote Usage
		Usr 0 00:00:00, Sys 0 00:00:00  -  Run Local Usage
		Usr 0 00:00:00, Sys 0 00:00:00  -  Total Remote Usage
		Usr 0 00:00:00, Sys 0 00:00:00  -  Total Local Usage
	0  -  Run Bytes Sent By Job
	0  -  Run Bytes Received By Job
	0  -  Total Bytes Sent By Job
	0  -  Total Bytes Received By Job
...
016 (011.000.000) 09/16 10:27:02 POST Script terminated.
	(1) Normal termination (return value 0)
    DAG Node: clean_up_local_level_3_0
...
005 (012.000.000) 09/16 10:27:03 Job terminated.
	(1) Normal termination (return value 0)
		Usr 0 00:00:00, Sys 0 00:00:00  -  Run Remote Usage
		Usr 0 00:00:00, Sys 0 00:00:00  -  Run Local Usage
		Usr 0 00:00:00, Sys 0 00:00:00  -  Total Remote Usage
		Usr 0 00:00:00, Sys 0 00:00:00  -  Total Local Usage
	0  -  Run Bytes Sent By Job
	0  -  Run Bytes Received By Job
	0  -  Total Bytes Sent By Job
	0  -  Total Bytes Received By Job
...
016 (013.000.000) 09/16 10:27:04 POST Script terminated.
	(1) Normal termination (return value 0)
    DAG Node: Augmentation_py_ID0000002
...
016 (012.000.000) 09/16 10:27:08 POST Script terminated.
	(1) Normal termination (return value 0)
    DAG Node: stage_out_local_local_0_0
...
000 (014.000.000) 09/16 10:27:12 Job submitted from host: <127.0.0.1:9618?addrs=127.0.0.1-9618&noUDP&sock=266_58af_4>
    DAG Node: stage_out_local_local_1_0
    pool:local
...
000 (015.000.000) 09/16 10:27:12 Job submitted from host: <127.0.0.1:9618?addrs=127.0.0.1-9618&noUDP&sock=266_58af_4>
    DAG Node: Data_Split_py_ID0000003
    pool:condorpool
...
001 (014.000.000) 09/16 10:27:15 Job executing on host: <127.0.0.1:9618?addrs=127.0.0.1-9618&noUDP&sock=274_cec4_15>
...
001 (015.000.000) 09/16 10:27:16 Job executing on host: <127.0.0.1:9618?addrs=127.0.0.1-9618&noUDP&sock=266_58af_5>
...
000 (016.000.000) 09/16 10:27:17 Job submitted from host: <127.0.0.1:9618?addrs=127.0.0.1-9618&noUDP&sock=266_58af_4>
    DAG Node: clean_up_local_level_4_0
    pool:local
...
000 (017.000.000) 09/16 10:27:17 Job submitted from host: <127.0.0.1:9618?addrs=127.0.0.1-9618&noUDP&sock=266_58af_4>
    DAG Node: register_local_0_0
    pool:local
...
001 (016.000.000) 09/16 10:27:20 Job executing on host: <127.0.0.1:9618?addrs=127.0.0.1-9618&noUDP&sock=274_cec4_17>
...
001 (017.000.000) 09/16 10:27:20 Job executing on host: <127.0.0.1:9618?addrs=127.0.0.1-9618&noUDP&sock=274_cec4_16>
...
005 (015.000.000) 09/16 10:27:23 Job terminated.
	(1) Normal termination (return value 0)
		Usr 0 00:00:00, Sys 0 00:00:00  -  Run Remote Usage
		Usr 0 00:00:00, Sys 0 00:00:00  -  Run Local Usage
		Usr 0 00:00:00, Sys 0 00:00:00  -  Total Remote Usage
		Usr 0 00:00:00, Sys 0 00:00:00  -  Total Local Usage
	123814  -  Run Bytes Sent By Job
	17964086  -  Run Bytes Received By Job
	123814  -  Total Bytes Sent By Job
	17964086  -  Total Bytes Received By Job
	Partitionable Resources :    Usage  Request Allocated 
	   Cpus                 :     0.44        1         1 
	   Disk (KB)            : 71781       20000   3923863 
	   Memory (MB)          :    21           1       991 
...
005 (017.000.000) 09/16 10:27:23 Job terminated.
	(1) Normal termination (return value 0)
		Usr 0 00:00:00, Sys 0 00:00:00  -  Run Remote Usage
		Usr 0 00:00:01, Sys 0 00:00:00  -  Run Local Usage
		Usr 0 00:00:00, Sys 0 00:00:00  -  Total Remote Usage
		Usr 0 00:00:00, Sys 0 00:00:00  -  Total Local Usage
	0  -  Run Bytes Sent By Job
	0  -  Run Bytes Received By Job
	0  -  Total Bytes Sent By Job
	0  -  Total Bytes Received By Job
...
016 (017.000.000) 09/16 10:27:27 POST Script terminated.
	(1) Normal termination (return value 0)
    DAG Node: register_local_0_0
...
016 (015.000.000) 09/16 10:27:28 POST Script terminated.
	(1) Normal termination (return value 0)
    DAG Node: Data_Split_py_ID0000003
...
005 (016.000.000) 09/16 10:27:36 Job terminated.
	(1) Normal termination (return value 0)
		Usr 0 00:00:00, Sys 0 00:00:00  -  Run Remote Usage
		Usr 0 00:00:00, Sys 0 00:00:00  -  Run Local Usage
		Usr 0 00:00:00, Sys 0 00:00:00  -  Total Remote Usage
		Usr 0 00:00:00, Sys 0 00:00:00  -  Total Local Usage
	0  -  Run Bytes Sent By Job
	0  -  Run Bytes Received By Job
	0  -  Total Bytes Sent By Job
	0  -  Total Bytes Received By Job
...
000 (018.000.000) 09/16 10:27:37 Job submitted from host: <127.0.0.1:9618?addrs=127.0.0.1-9618&noUDP&sock=266_58af_4>
    DAG Node: stage_out_local_local_2_0
    pool:local
...
001 (018.000.000) 09/16 10:27:37 Job executing on host: <127.0.0.1:9618?addrs=127.0.0.1-9618&noUDP&sock=274_cec4_18>
...
000 (019.000.000) 09/16 10:27:38 Job submitted from host: <127.0.0.1:9618?addrs=127.0.0.1-9618&noUDP&sock=266_58af_4>
    DAG Node: VGG_model_py_ID0000004
    pool:condorpool
...
016 (016.000.000) 09/16 10:27:38 POST Script terminated.
	(1) Normal termination (return value 0)
    DAG Node: clean_up_local_level_4_0
...
005 (018.000.000) 09/16 10:27:41 Job terminated.
	(1) Normal termination (return value 0)
		Usr 0 00:00:00, Sys 0 00:00:00  -  Run Remote Usage
		Usr 0 00:00:00, Sys 0 00:00:00  -  Run Local Usage
		Usr 0 00:00:00, Sys 0 00:00:00  -  Total Remote Usage
		Usr 0 00:00:00, Sys 0 00:00:00  -  Total Local Usage
	0  -  Run Bytes Sent By Job
	0  -  Run Bytes Received By Job
	0  -  Total Bytes Sent By Job
	0  -  Total Bytes Received By Job
...
001 (019.000.000) 09/16 10:27:42 Job executing on host: <127.0.0.1:9618?addrs=127.0.0.1-9618&noUDP&sock=266_58af_5>
...
016 (018.000.000) 09/16 10:27:44 POST Script terminated.
	(1) Normal termination (return value 0)
    DAG Node: stage_out_local_local_2_0
...
000 (020.000.000) 09/16 10:27:53 Job submitted from host: <127.0.0.1:9618?addrs=127.0.0.1-9618&noUDP&sock=266_58af_4>
    DAG Node: register_local_2_0
    pool:local
...
001 (020.000.000) 09/16 10:27:56 Job executing on host: <127.0.0.1:9618?addrs=127.0.0.1-9618&noUDP&sock=274_cec4_20>
...
005 (020.000.000) 09/16 10:27:58 Job terminated.
	(1) Normal termination (return value 0)
		Usr 0 00:00:00, Sys 0 00:00:00  -  Run Remote Usage
		Usr 0 00:00:00, Sys 0 00:00:00  -  Run Local Usage
		Usr 0 00:00:00, Sys 0 00:00:00  -  Total Remote Usage
		Usr 0 00:00:00, Sys 0 00:00:00  -  Total Local Usage
	0  -  Run Bytes Sent By Job
	0  -  Run Bytes Received By Job
	0  -  Total Bytes Sent By Job
	0  -  Total Bytes Received By Job
...
016 (020.000.000) 09/16 10:28:03 POST Script terminated.
	(1) Normal termination (return value 0)
    DAG Node: register_local_2_0
...
005 (014.000.000) 09/16 10:28:07 Job terminated.
	(1) Normal termination (return value 0)
		Usr 0 00:00:00, Sys 0 00:00:00  -  Run Remote Usage
		Usr 0 00:00:01, Sys 0 00:00:02  -  Run Local Usage
		Usr 0 00:00:00, Sys 0 00:00:00  -  Total Remote Usage
		Usr 0 00:00:00, Sys 0 00:00:00  -  Total Local Usage
	0  -  Run Bytes Sent By Job
	0  -  Run Bytes Received By Job
	0  -  Total Bytes Sent By Job
	0  -  Total Bytes Received By Job
...
016 (014.000.000) 09/16 10:28:09 POST Script terminated.
	(1) Normal termination (return value 0)
    DAG Node: stage_out_local_local_1_0
...
000 (021.000.000) 09/16 10:28:18 Job submitted from host: <127.0.0.1:9618?addrs=127.0.0.1-9618&noUDP&sock=266_58af_4>
    DAG Node: clean_up_local_level_5_0
    pool:local
...
000 (022.000.000) 09/16 10:28:18 Job submitted from host: <127.0.0.1:9618?addrs=127.0.0.1-9618&noUDP&sock=266_58af_4>
    DAG Node: register_local_1_0
    pool:local
...
001 (021.000.000) 09/16 10:28:20 Job executing on host: <127.0.0.1:9618?addrs=127.0.0.1-9618&noUDP&sock=274_cec4_21>
...
001 (022.000.000) 09/16 10:28:20 Job executing on host: <127.0.0.1:9618?addrs=127.0.0.1-9618&noUDP&sock=274_cec4_22>
...
005 (022.000.000) 09/16 10:28:22 Job terminated.
	(1) Normal termination (return value 0)
		Usr 0 00:00:00, Sys 0 00:00:00  -  Run Remote Usage
		Usr 0 00:00:00, Sys 0 00:00:00  -  Run Local Usage
		Usr 0 00:00:00, Sys 0 00:00:00  -  Total Remote Usage
		Usr 0 00:00:00, Sys 0 00:00:00  -  Total Local Usage
	0  -  Run Bytes Sent By Job
	0  -  Run Bytes Received By Job
	0  -  Total Bytes Sent By Job
	0  -  Total Bytes Received By Job
...
016 (022.000.000) 09/16 10:28:23 POST Script terminated.
	(1) Normal termination (return value 0)
    DAG Node: register_local_1_0
...
005 (021.000.000) 09/16 10:28:28 Job terminated.
	(1) Normal termination (return value 0)
		Usr 0 00:00:00, Sys 0 00:00:00  -  Run Remote Usage
		Usr 0 00:00:00, Sys 0 00:00:00  -  Run Local Usage
		Usr 0 00:00:00, Sys 0 00:00:00  -  Total Remote Usage
		Usr 0 00:00:00, Sys 0 00:00:00  -  Total Local Usage
	0  -  Run Bytes Sent By Job
	0  -  Run Bytes Received By Job
	0  -  Total Bytes Sent By Job
	0  -  Total Bytes Received By Job
...
016 (021.000.000) 09/16 10:28:33 POST Script terminated.
	(1) Normal termination (return value 0)
    DAG Node: clean_up_local_level_5_0
...
005 (019.000.000) 09/16 10:40:33 Job terminated.
	(1) Normal termination (return value 0)
		Usr 0 00:11:22, Sys 0 00:00:12  -  Run Remote Usage
		Usr 0 00:00:00, Sys 0 00:00:00  -  Run Local Usage
		Usr 0 00:11:22, Sys 0 00:00:12  -  Total Remote Usage
		Usr 0 00:00:00, Sys 0 00:00:00  -  Total Local Usage
	63368224  -  Run Bytes Sent By Job
	17916394  -  Run Bytes Received By Job
	63368224  -  Total Bytes Sent By Job
	17916394  -  Total Bytes Received By Job
	Partitionable Resources :     Usage  Request Allocated 
	   Cpus                 :      1.00        1         1 
	   Disk (KB)            : 133497       20000   3923863 
	   Memory (MB)          :    923           1       991 
...
016 (019.000.000) 09/16 10:40:35 POST Script terminated.
	(1) Normal termination (return value 0)
    DAG Node: VGG_model_py_ID0000004
...
000 (023.000.000) 09/16 10:40:44 Job submitted from host: <127.0.0.1:9618?addrs=127.0.0.1-9618&noUDP&sock=266_58af_4>
    DAG Node: clean_up_local_level_6_0
    pool:local
...
000 (024.000.000) 09/16 10:40:44 Job submitted from host: <127.0.0.1:9618?addrs=127.0.0.1-9618&noUDP&sock=266_58af_4>
    DAG Node: stage_out_local_local_3_0
    pool:local
...
000 (025.000.000) 09/16 10:40:44 Job submitted from host: <127.0.0.1:9618?addrs=127.0.0.1-9618&noUDP&sock=266_58af_4>
    DAG Node: hpo_checkpointing_py_ID0000005
    pool:condorpool
...
001 (025.000.000) 09/16 10:40:48 Job executing on host: <127.0.0.1:9618?addrs=127.0.0.1-9618&noUDP&sock=266_58af_5>
...
001 (024.000.000) 09/16 10:40:49 Job executing on host: <127.0.0.1:9618?addrs=127.0.0.1-9618&noUDP&sock=274_cec4_24>
...
001 (023.000.000) 09/16 10:40:49 Job executing on host: <127.0.0.1:9618?addrs=127.0.0.1-9618&noUDP&sock=274_cec4_25>
...
005 (023.000.000) 09/16 10:40:51 Job terminated.
	(1) Normal termination (return value 0)
		Usr 0 00:00:00, Sys 0 00:00:00  -  Run Remote Usage
		Usr 0 00:00:00, Sys 0 00:00:00  -  Run Local Usage
		Usr 0 00:00:00, Sys 0 00:00:00  -  Total Remote Usage
		Usr 0 00:00:00, Sys 0 00:00:00  -  Total Local Usage
	0  -  Run Bytes Sent By Job
	0  -  Run Bytes Received By Job
	0  -  Total Bytes Sent By Job
	0  -  Total Bytes Received By Job
...
005 (024.000.000) 09/16 10:40:52 Job terminated.
	(1) Normal termination (return value 0)
		Usr 0 00:00:00, Sys 0 00:00:00  -  Run Remote Usage
		Usr 0 00:00:00, Sys 0 00:00:00  -  Run Local Usage
		Usr 0 00:00:00, Sys 0 00:00:00  -  Total Remote Usage
		Usr 0 00:00:00, Sys 0 00:00:00  -  Total Local Usage
	0  -  Run Bytes Sent By Job
	0  -  Run Bytes Received By Job
	0  -  Total Bytes Sent By Job
	0  -  Total Bytes Received By Job
...
016 (023.000.000) 09/16 10:40:55 POST Script terminated.
	(1) Normal termination (return value 0)
    DAG Node: clean_up_local_level_6_0
...
016 (024.000.000) 09/16 10:40:55 POST Script terminated.
	(1) Normal termination (return value 0)
    DAG Node: stage_out_local_local_3_0
...
007 (025.000.000) 09/16 10:40:55 Shadow exception!
	Error from slot1@fd22e4798c35: STARTER at 127.0.0.1 failed to send file(s) to <127.0.0.1:9618>: error reading from /var/lib/condor/execute/dir_35891/final_checkpoint.pkl: (errno 2) No such file or directory; SHADOW failed to receive file(s) from <127.0.0.1:44107>
	130482  -  Run Bytes Sent By Job
	81093280  -  Run Bytes Received By Job
...
012 (025.000.000) 09/16 10:40:55 Job was held.
	Error from slot1@fd22e4798c35: STARTER at 127.0.0.1 failed to send file(s) to <127.0.0.1:9618>: error reading from /var/lib/condor/execute/dir_35891/final_checkpoint.pkl: (errno 2) No such file or directory; SHADOW failed to receive file(s) from <127.0.0.1:44107>
	Code 13 Subcode 2
...
000 (026.000.000) 09/16 10:41:04 Job submitted from host: <127.0.0.1:9618?addrs=127.0.0.1-9618&noUDP&sock=266_58af_4>
    DAG Node: register_local_3_0
    pool:local
...
001 (026.000.000) 09/16 10:41:09 Job executing on host: <127.0.0.1:9618?addrs=127.0.0.1-9618&noUDP&sock=274_cec4_26>
...
005 (026.000.000) 09/16 10:41:11 Job terminated.
	(1) Normal termination (return value 0)
		Usr 0 00:00:00, Sys 0 00:00:00  -  Run Remote Usage
		Usr 0 00:00:00, Sys 0 00:00:00  -  Run Local Usage
		Usr 0 00:00:00, Sys 0 00:00:00  -  Total Remote Usage
		Usr 0 00:00:00, Sys 0 00:00:00  -  Total Local Usage
	0  -  Run Bytes Sent By Job
	0  -  Run Bytes Received By Job
	0  -  Total Bytes Sent By Job
	0  -  Total Bytes Received By Job
...
016 (026.000.000) 09/16 10:41:14 POST Script terminated.
	(1) Normal termination (return value 0)
    DAG Node: register_local_3_0
...
