2020-09-16 10:25:18,765:INFO:pegasus-monitord(58): pegasus-monitord starting - pid 823 
2020-09-16 10:25:18,777:INFO:pegasus-monitord(455): Final Command line options are: ['-N', 'Cats_and_Dogs-0.dag.dagman.out']
2020-09-16 10:25:18,788:INFO:Pegasus.monitoring.event_output(629): Connecting workflow event sink to sqlite:////home/scitech/shared-data/CatsAndDogs/scitech/pegasus/Cats_and_Dogs/run0015/Cats_and_Dogs-0.stampede.db
Created Pegasus database in: sqlite:////home/scitech/shared-data/CatsAndDogs/scitech/pegasus/Cats_and_Dogs/run0015/Cats_and_Dogs-0.stampede.db
Your database is compatible with Pegasus version: 5.0.0dev
2020-09-16 10:25:19,257:INFO:Pegasus.monitoring.event_output(703): output type=DB namespace=stampede. name=sqlite:////home/scitech/shared-data/CatsAndDogs/scitech/pegasus/Cats_and_Dogs/run0015/Cats_and_Dogs-0.stampede.db
2020-09-16 10:25:19,257:INFO:Pegasus.monitoring.event_output(629): Connecting workflow event sink to sqlite:////home/scitech/.pegasus/workflow.db
Your database is compatible with Pegasus version: 5.0.0dev
2020-09-16 10:25:19,504:INFO:Pegasus.monitoring.event_output(703): output type=DB namespace=dashboard. name=sqlite:////home/scitech/.pegasus/workflow.db
2020-09-16 10:25:19,504:INFO:pegasus-monitord(1247): monitord started in fast start mode
2020-09-16 10:25:19,522:INFO:Pegasus.monitoring.workflow(461): cannot open state file /home/scitech/shared-data/CatsAndDogs/scitech/pegasus/Cats_and_Dogs/run0015/monitord.info, continuing without state...
2020-09-16 10:25:19,523:INFO:Pegasus.monitoring.workflow(1148): creating new file /home/scitech/shared-data/CatsAndDogs/scitech/pegasus/Cats_and_Dogs/run0015/jobstate.log
2020-09-16 10:25:19,524:INFO:Pegasus.monitoring.workflow(1158): Appending to existing jobstate.log replay_mode 0 previous_processed_line 0
2020-09-16 10:25:19,525:INFO:Pegasus.monitoring.notifications(474): loading notifications from /home/scitech/shared-data/CatsAndDogs/scitech/pegasus/Cats_and_Dogs/run0015/Cats_and_Dogs-0.notify
2020-09-16 10:25:19,739:INFO:Pegasus.monitoring.workflow(205): Parsing DAG file /home/scitech/shared-data/CatsAndDogs/scitech/pegasus/Cats_and_Dogs/run0015/Cats_and_Dogs-0.dag
2020-09-16 10:25:19,743:INFO:pegasus-monitord(974): Using DAGMan version 8.8.10 80810
2020-09-16 10:25:19,744:INFO:pegasus-monitord(949): DAGMan runs at pid 822
2020-09-16 10:25:19,746:INFO:pegasus-monitord(955): using dag Cats_and_Dogs-0.dag
2020-09-16 10:25:19,747:INFO:Pegasus.monitoring.workflow(811): DAGMan starting with condor id 1.0
2020-09-16 10:26:34,455:WARNING:Pegasus.monitoring.workflow(1707): truncating stdout for job stage_in_local_local_0_0
2020-09-16 10:28:24,283:WARNING:Pegasus.monitoring.workflow(1707): truncating stdout for job stage_out_local_local_0_0
2020-09-16 10:28:24,428:INFO:Pegasus.monitoring.workflow(2468): Populating locations corresponding to succeeded registration job  /home/scitech/shared-data/CatsAndDogs/scitech/pegasus/Cats_and_Dogs/run0015/00/00/register_local_0_0.in 
2020-09-16 10:28:25,515:INFO:Pegasus.monitoring.workflow(2468): Populating locations corresponding to succeeded registration job  /home/scitech/shared-data/CatsAndDogs/scitech/pegasus/Cats_and_Dogs/run0015/00/00/register_local_2_0.in 
2020-09-16 10:28:25,838:WARNING:Pegasus.monitoring.workflow(1707): truncating stdout for job stage_out_local_local_1_0
2020-09-16 10:28:29,005:INFO:Pegasus.monitoring.workflow(2468): Populating locations corresponding to succeeded registration job  /home/scitech/shared-data/CatsAndDogs/scitech/pegasus/Cats_and_Dogs/run0015/00/00/register_local_1_0.in 
2020-09-16 10:40:40,296:WARNING:Pegasus.monitoring.workflow(1707): truncating stdout for job VGG_model_py_ID0000004
2020-09-16 10:41:19,781:INFO:Pegasus.monitoring.workflow(2468): Populating locations corresponding to succeeded registration job  /home/scitech/shared-data/CatsAndDogs/scitech/pegasus/Cats_and_Dogs/run0015/00/00/register_local_3_0.in 
