2020-07-16 09:30:06: PegasusLite: version 5.0.0dev
2020-07-16 09:30:06: Executing on host 7bcbdb9d7e7e IP=172.18.0.1

########################[Pegasus Lite] Setting up workdir ########################
2020-07-16 09:30:06: Not creating a new work directory as it is already set to /var/lib/condor/execute/dir_77746

##############[Pegasus Lite] Figuring out the worker package to use ##############
2020-07-16 09:30:06: The job contained a Pegasus worker package

######[Pegasus Lite] Checking file integrity for transferred container files ######

########[Pegasus Lite] Writing out script to launch user task in container ########
2020-07-16 09:30:07: container file is tools-container
2020-07-16 09:30:09: Loaded docker image ssrujanaa/workflow4:latest
2020-07-16 16:30:10: PegasusLite: version 5.0.0dev
2020-07-16 16:30:10: Executing on host c5d52f59e696 IP=172.18.0.2

##############[Container] Figuring out Pegasus worker package to use ##############
2020-07-16 16:30:10: The job contained a Pegasus worker package
2020-07-16 16:30:10: Skipping sanity check of included worker package because pegasus.transfer.worker.package.strict=false
PATH in container is set to is set to /scratch/pegasus-5.0.0dev-x86_64_ubuntu_16/bin:/usr/local/sbin:/usr/local/bin:/usr/sbin:/usr/bin:/sbin:/bin

###############[Container] Checking file integrity for input files ###############

#########################[Container] Launching user task #########################
Thumbs_up_ID0000001-e5bbbfcc-ff42-482b-bed3-23b5627e49a3
2020-07-16 09:30:12: User task failed with exitcode 127
PegasusLite: exitcode 127
