000 (078.000.000) 07/20 10:11:30 Job submitted from host: <127.0.0.1:9618?addrs=127.0.0.1-9618&noUDP&sock=272_25d9_4>
    DAG Node: create_dir_checkpoint-wf_0_local
    pool:local
...
001 (078.000.000) 07/20 10:11:32 Job executing on host: <127.0.0.1:9618?addrs=127.0.0.1-9618&noUDP&sock=26401_a48b_59>
...
005 (078.000.000) 07/20 10:11:34 Job terminated.
	(1) Normal termination (return value 0)
		Usr 0 00:00:00, Sys 0 00:00:00  -  Run Remote Usage
		Usr 0 00:00:00, Sys 0 00:00:00  -  Run Local Usage
		Usr 0 00:00:00, Sys 0 00:00:00  -  Total Remote Usage
		Usr 0 00:00:00, Sys 0 00:00:00  -  Total Local Usage
	0  -  Run Bytes Sent By Job
	0  -  Run Bytes Received By Job
	0  -  Total Bytes Sent By Job
	0  -  Total Bytes Received By Job
...
000 (079.000.000) 07/20 10:11:45 Job submitted from host: <127.0.0.1:9618?addrs=127.0.0.1-9618&noUDP&sock=272_25d9_4>
    DAG Node: stage_in_remote_local_0_0
    pool:local
...
000 (080.000.000) 07/20 10:11:45 Job submitted from host: <127.0.0.1:9618?addrs=127.0.0.1-9618&noUDP&sock=272_25d9_4>
    DAG Node: stage_in_local_local_0_0
    pool:local
...
001 (079.000.000) 07/20 10:11:48 Job executing on host: <127.0.0.1:9618?addrs=127.0.0.1-9618&noUDP&sock=26401_a48b_60>
...
001 (080.000.000) 07/20 10:11:48 Job executing on host: <127.0.0.1:9618?addrs=127.0.0.1-9618&noUDP&sock=26401_a48b_61>
...
005 (080.000.000) 07/20 10:11:51 Job terminated.
	(1) Normal termination (return value 0)
		Usr 0 00:00:00, Sys 0 00:00:00  -  Run Remote Usage
		Usr 0 00:00:00, Sys 0 00:00:00  -  Run Local Usage
		Usr 0 00:00:00, Sys 0 00:00:00  -  Total Remote Usage
		Usr 0 00:00:00, Sys 0 00:00:00  -  Total Local Usage
	0  -  Run Bytes Sent By Job
	0  -  Run Bytes Received By Job
	0  -  Total Bytes Sent By Job
	0  -  Total Bytes Received By Job
...
005 (079.000.000) 07/20 10:11:51 Job terminated.
	(1) Normal termination (return value 0)
		Usr 0 00:00:00, Sys 0 00:00:00  -  Run Remote Usage
		Usr 0 00:00:00, Sys 0 00:00:00  -  Run Local Usage
		Usr 0 00:00:00, Sys 0 00:00:00  -  Total Remote Usage
		Usr 0 00:00:00, Sys 0 00:00:00  -  Total Local Usage
	0  -  Run Bytes Sent By Job
	0  -  Run Bytes Received By Job
	0  -  Total Bytes Sent By Job
	0  -  Total Bytes Received By Job
...
000 (081.000.000) 07/20 10:12:05 Job submitted from host: <127.0.0.1:9618?addrs=127.0.0.1-9618&noUDP&sock=272_25d9_4>
    DAG Node: checkpoint_program_py_ID0000001
    pool:condorpool
...
001 (081.000.000) 07/20 10:12:16 Job executing on host: <127.0.0.1:9618?addrs=127.0.0.1-9618&noUDP&sock=272_25d9_5>
...
006 (081.000.000) 07/20 10:12:22 Image size of job updated: 2
	7  -  MemoryUsage of job (MB)
	6492  -  ResidentSetSize of job (KB)
...
006 (081.000.000) 07/20 10:12:27 Image size of job updated: 59800
	17  -  MemoryUsage of job (MB)
	16496  -  ResidentSetSize of job (KB)
...
005 (081.000.000) 07/20 10:13:47 Job terminated.
	(1) Normal termination (return value 14)
		Usr 0 00:00:00, Sys 0 00:00:00  -  Run Remote Usage
		Usr 0 00:00:00, Sys 0 00:00:00  -  Run Local Usage
		Usr 0 00:00:00, Sys 0 00:00:00  -  Total Remote Usage
		Usr 0 00:00:00, Sys 0 00:00:00  -  Total Local Usage
	9133  -  Run Bytes Sent By Job
	10735502  -  Run Bytes Received By Job
	9133  -  Total Bytes Sent By Job
	10735502  -  Total Bytes Received By Job
	Partitionable Resources :    Usage  Request Allocated 
	   Cpus                 :     0.01        1         1 
	   Disk (KB)            : 64261       12500   5642771 
	   Memory (MB)          :    17           1       331 
...
000 (082.000.000) 07/20 10:14:01 Job submitted from host: <127.0.0.1:9618?addrs=127.0.0.1-9618&noUDP&sock=272_25d9_4>
    DAG Node: checkpoint_program_py_ID0000001
    pool:condorpool
...
001 (082.000.000) 07/20 10:14:02 Job executing on host: <127.0.0.1:9618?addrs=127.0.0.1-9618&noUDP&sock=272_25d9_5>
...
006 (082.000.000) 07/20 10:14:08 Image size of job updated: 2
	7  -  MemoryUsage of job (MB)
	6556  -  ResidentSetSize of job (KB)
...
006 (082.000.000) 07/20 10:14:13 Image size of job updated: 59800
	16  -  MemoryUsage of job (MB)
	16168  -  ResidentSetSize of job (KB)
...
005 (082.000.000) 07/20 10:15:33 Job terminated.
	(1) Normal termination (return value 14)
		Usr 0 00:00:00, Sys 0 00:00:00  -  Run Remote Usage
		Usr 0 00:00:00, Sys 0 00:00:00  -  Run Local Usage
		Usr 0 00:00:00, Sys 0 00:00:00  -  Total Remote Usage
		Usr 0 00:00:00, Sys 0 00:00:00  -  Total Local Usage
	9134  -  Run Bytes Sent By Job
	10735501  -  Run Bytes Received By Job
	9134  -  Total Bytes Sent By Job
	10735501  -  Total Bytes Received By Job
	Partitionable Resources :    Usage  Request Allocated 
	   Cpus                 :     0.01        1         1 
	   Disk (KB)            : 64262       12500   5642771 
	   Memory (MB)          :    16           1       331 
...
000 (083.000.000) 07/20 10:15:46 Job submitted from host: <127.0.0.1:9618?addrs=127.0.0.1-9618&noUDP&sock=272_25d9_4>
    DAG Node: checkpoint_program_py_ID0000001
    pool:condorpool
...
001 (083.000.000) 07/20 10:15:47 Job executing on host: <127.0.0.1:9618?addrs=127.0.0.1-9618&noUDP&sock=272_25d9_5>
...
006 (083.000.000) 07/20 10:15:53 Image size of job updated: 2
	7  -  MemoryUsage of job (MB)
	6308  -  ResidentSetSize of job (KB)
...
006 (083.000.000) 07/20 10:15:59 Image size of job updated: 59800
	16  -  MemoryUsage of job (MB)
	16232  -  ResidentSetSize of job (KB)
...
