2020-09-14 11:47:13,388:INFO:pegasus-monitord(58): pegasus-monitord starting - pid 27490 
2020-09-14 11:47:13,408:INFO:pegasus-monitord(455): Final Command line options are: ['-N', 'Cats_and_Dogs-0.dag.dagman.out']
2020-09-14 11:47:13,430:INFO:Pegasus.monitoring.event_output(629): Connecting workflow event sink to sqlite:////home/scitech/shared-data/CatsAndDogs/scitech/pegasus/Cats_and_Dogs/run0009/Cats_and_Dogs-0.stampede.db
Created Pegasus database in: sqlite:////home/scitech/shared-data/CatsAndDogs/scitech/pegasus/Cats_and_Dogs/run0009/Cats_and_Dogs-0.stampede.db
Your database is compatible with Pegasus version: 5.0.0dev
2020-09-14 11:47:14,448:INFO:Pegasus.monitoring.event_output(703): output type=DB namespace=stampede. name=sqlite:////home/scitech/shared-data/CatsAndDogs/scitech/pegasus/Cats_and_Dogs/run0009/Cats_and_Dogs-0.stampede.db
2020-09-14 11:47:14,449:INFO:Pegasus.monitoring.event_output(629): Connecting workflow event sink to sqlite:////home/scitech/.pegasus/workflow.db
Your database is compatible with Pegasus version: 5.0.0dev
2020-09-14 11:47:15,218:INFO:Pegasus.monitoring.event_output(703): output type=DB namespace=dashboard. name=sqlite:////home/scitech/.pegasus/workflow.db
2020-09-14 11:47:15,219:INFO:pegasus-monitord(1247): monitord started in fast start mode
2020-09-14 11:47:15,247:INFO:Pegasus.monitoring.workflow(461): cannot open state file /home/scitech/shared-data/CatsAndDogs/scitech/pegasus/Cats_and_Dogs/run0009/monitord.info, continuing without state...
2020-09-14 11:47:15,248:INFO:Pegasus.monitoring.workflow(1148): creating new file /home/scitech/shared-data/CatsAndDogs/scitech/pegasus/Cats_and_Dogs/run0009/jobstate.log
2020-09-14 11:47:15,248:INFO:Pegasus.monitoring.workflow(1158): Appending to existing jobstate.log replay_mode 0 previous_processed_line 0
2020-09-14 11:47:15,251:INFO:Pegasus.monitoring.notifications(474): loading notifications from /home/scitech/shared-data/CatsAndDogs/scitech/pegasus/Cats_and_Dogs/run0009/Cats_and_Dogs-0.notify
2020-09-14 11:47:15,645:INFO:Pegasus.monitoring.workflow(205): Parsing DAG file /home/scitech/shared-data/CatsAndDogs/scitech/pegasus/Cats_and_Dogs/run0009/Cats_and_Dogs-0.dag
2020-09-14 11:47:15,651:INFO:pegasus-monitord(974): Using DAGMan version 8.8.10 80810
2020-09-14 11:47:15,652:INFO:pegasus-monitord(949): DAGMan runs at pid 27487
2020-09-14 11:47:15,657:INFO:pegasus-monitord(955): using dag Cats_and_Dogs-0.dag
2020-09-14 11:47:15,657:INFO:Pegasus.monitoring.workflow(811): DAGMan starting with condor id 21.0
2020-09-14 11:48:48,791:WARNING:Pegasus.monitoring.workflow(1707): truncating stdout for job stage_in_local_local_0_0
2020-09-14 11:51:07,914:WARNING:Pegasus.monitoring.workflow(1707): truncating stdout for job stage_out_local_local_0_0
2020-09-14 11:51:08,082:INFO:Pegasus.monitoring.workflow(2468): Populating locations corresponding to succeeded registration job  /home/scitech/shared-data/CatsAndDogs/scitech/pegasus/Cats_and_Dogs/run0009/00/00/register_local_0_0.in 
2020-09-14 11:51:09,322:INFO:Pegasus.monitoring.workflow(2468): Populating locations corresponding to succeeded registration job  /home/scitech/shared-data/CatsAndDogs/scitech/pegasus/Cats_and_Dogs/run0009/00/00/register_local_2_0.in 
2020-09-14 11:51:10,708:WARNING:Pegasus.monitoring.workflow(1707): truncating stdout for job stage_out_local_local_1_0
2020-09-14 11:51:11,831:INFO:Pegasus.monitoring.workflow(2468): Populating locations corresponding to succeeded registration job  /home/scitech/shared-data/CatsAndDogs/scitech/pegasus/Cats_and_Dogs/run0009/00/00/register_local_1_0.in 
2020-09-14 12:03:56,802:INFO:Pegasus.monitoring.workflow(2468): Populating locations corresponding to succeeded registration job  /home/scitech/shared-data/CatsAndDogs/scitech/pegasus/Cats_and_Dogs/run0009/00/00/register_local_3_0.in 
2020-09-14 12:34:39,462:INFO:pegasus-monitord(927): DAGMan Cats_and_Dogs-0.dag finished with exit code 1
2020-09-14 12:34:40,477:INFO:pegasus-monitord(1427): workflow /home/scitech/shared-data/CatsAndDogs/scitech/pegasus/Cats_and_Dogs/run0009/Cats_and_Dogs-0.dag.dagman.out ended
2020-09-14 12:34:40,482:INFO:Pegasus.monitoring.workflow(1378): recovery file deleted: /home/scitech/shared-data/CatsAndDogs/scitech/pegasus/Cats_and_Dogs/run0009/monitord.recover
2020-09-14 12:34:40,485:INFO:pegasus-monitord(1665): finishing workflow: /home/scitech/shared-data/CatsAndDogs/scitech/pegasus/Cats_and_Dogs/run0009/Cats_and_Dogs-0.dag.dagman.out
2020-09-14 12:34:40,486:INFO:pegasus-monitord(1719): finishing notifications...
2020-09-14 12:34:40,486:INFO:pegasus-monitord(1727): monitord process 27490 exiting with 0
2020-09-14 12:34:40,487:INFO:pegasus-monitord(197): DB flushing beginning
2020-09-14 12:34:40,488:INFO:Pegasus.db.workflow_loader.WorkflowLoader(1244): Executing final flush
2020-09-14 12:34:40,558:INFO:Pegasus.db.dashboard_loader.DashboardLoader(397): Executing final flush
2020-09-14 12:34:40,559:INFO:pegasus-monitord(213): DB flushing ended
