000 (002.000.000) 08/25 09:42:45 Job submitted from host: <127.0.0.1:9618?addrs=127.0.0.1-9618&noUDP&sock=270_1710_4>
    DAG Node: create_dir_Cats_and_Dogs_0_local
    pool:local
...
001 (002.000.000) 08/25 09:42:46 Job executing on host: <127.0.0.1:9618?addrs=127.0.0.1-9618&noUDP&sock=278_a044_2>
...
005 (002.000.000) 08/25 09:42:48 Job terminated.
	(1) Normal termination (return value 0)
		Usr 0 00:00:00, Sys 0 00:00:00  -  Run Remote Usage
		Usr 0 00:00:00, Sys 0 00:00:00  -  Run Local Usage
		Usr 0 00:00:00, Sys 0 00:00:00  -  Total Remote Usage
		Usr 0 00:00:00, Sys 0 00:00:00  -  Total Local Usage
	0  -  Run Bytes Sent By Job
	0  -  Run Bytes Received By Job
	0  -  Total Bytes Sent By Job
	0  -  Total Bytes Received By Job
...
000 (003.000.000) 08/25 09:43:00 Job submitted from host: <127.0.0.1:9618?addrs=127.0.0.1-9618&noUDP&sock=270_1710_4>
    DAG Node: stage_in_remote_local_2_0
    pool:local
...
000 (004.000.000) 08/25 09:43:00 Job submitted from host: <127.0.0.1:9618?addrs=127.0.0.1-9618&noUDP&sock=270_1710_4>
    DAG Node: stage_in_remote_local_1_0
    pool:local
...
000 (005.000.000) 08/25 09:43:00 Job submitted from host: <127.0.0.1:9618?addrs=127.0.0.1-9618&noUDP&sock=270_1710_4>
    DAG Node: stage_in_remote_local_0_0
    pool:local
...
000 (006.000.000) 08/25 09:43:00 Job submitted from host: <127.0.0.1:9618?addrs=127.0.0.1-9618&noUDP&sock=270_1710_4>
    DAG Node: stage_in_local_local_0_0
    pool:local
...
000 (007.000.000) 08/25 09:43:00 Job submitted from host: <127.0.0.1:9618?addrs=127.0.0.1-9618&noUDP&sock=270_1710_4>
    DAG Node: stage_in_remote_local_3_0
    pool:local
...
001 (003.000.000) 08/25 09:43:02 Job executing on host: <127.0.0.1:9618?addrs=127.0.0.1-9618&noUDP&sock=278_a044_3>
...
001 (006.000.000) 08/25 09:43:02 Job executing on host: <127.0.0.1:9618?addrs=127.0.0.1-9618&noUDP&sock=278_a044_4>
...
001 (005.000.000) 08/25 09:43:02 Job executing on host: <127.0.0.1:9618?addrs=127.0.0.1-9618&noUDP&sock=278_a044_5>
...
001 (004.000.000) 08/25 09:43:02 Job executing on host: <127.0.0.1:9618?addrs=127.0.0.1-9618&noUDP&sock=278_a044_6>
...
001 (007.000.000) 08/25 09:43:02 Job executing on host: <127.0.0.1:9618?addrs=127.0.0.1-9618&noUDP&sock=278_a044_7>
...
005 (005.000.000) 08/25 09:43:04 Job terminated.
	(1) Normal termination (return value 0)
		Usr 0 00:00:00, Sys 0 00:00:00  -  Run Remote Usage
		Usr 0 00:00:00, Sys 0 00:00:00  -  Run Local Usage
		Usr 0 00:00:00, Sys 0 00:00:00  -  Total Remote Usage
		Usr 0 00:00:00, Sys 0 00:00:00  -  Total Local Usage
	0  -  Run Bytes Sent By Job
	0  -  Run Bytes Received By Job
	0  -  Total Bytes Sent By Job
	0  -  Total Bytes Received By Job
...
005 (003.000.000) 08/25 09:43:04 Job terminated.
	(1) Normal termination (return value 0)
		Usr 0 00:00:00, Sys 0 00:00:00  -  Run Remote Usage
		Usr 0 00:00:00, Sys 0 00:00:00  -  Run Local Usage
		Usr 0 00:00:00, Sys 0 00:00:00  -  Total Remote Usage
		Usr 0 00:00:00, Sys 0 00:00:00  -  Total Local Usage
	0  -  Run Bytes Sent By Job
	0  -  Run Bytes Received By Job
	0  -  Total Bytes Sent By Job
	0  -  Total Bytes Received By Job
...
005 (004.000.000) 08/25 09:43:04 Job terminated.
	(1) Normal termination (return value 0)
		Usr 0 00:00:00, Sys 0 00:00:00  -  Run Remote Usage
		Usr 0 00:00:00, Sys 0 00:00:00  -  Run Local Usage
		Usr 0 00:00:00, Sys 0 00:00:00  -  Total Remote Usage
		Usr 0 00:00:00, Sys 0 00:00:00  -  Total Local Usage
	0  -  Run Bytes Sent By Job
	0  -  Run Bytes Received By Job
	0  -  Total Bytes Sent By Job
	0  -  Total Bytes Received By Job
...
005 (007.000.000) 08/25 09:43:04 Job terminated.
	(1) Normal termination (return value 0)
		Usr 0 00:00:00, Sys 0 00:00:00  -  Run Remote Usage
		Usr 0 00:00:00, Sys 0 00:00:00  -  Run Local Usage
		Usr 0 00:00:00, Sys 0 00:00:00  -  Total Remote Usage
		Usr 0 00:00:00, Sys 0 00:00:00  -  Total Local Usage
	0  -  Run Bytes Sent By Job
	0  -  Run Bytes Received By Job
	0  -  Total Bytes Sent By Job
	0  -  Total Bytes Received By Job
...
005 (006.000.000) 08/25 09:43:27 Job terminated.
	(1) Normal termination (return value 0)
		Usr 0 00:00:00, Sys 0 00:00:00  -  Run Remote Usage
		Usr 0 00:00:00, Sys 0 00:00:00  -  Run Local Usage
		Usr 0 00:00:00, Sys 0 00:00:00  -  Total Remote Usage
		Usr 0 00:00:00, Sys 0 00:00:00  -  Total Local Usage
	0  -  Run Bytes Sent By Job
	0  -  Run Bytes Received By Job
	0  -  Total Bytes Sent By Job
	0  -  Total Bytes Received By Job
...
000 (008.000.000) 08/25 09:43:40 Job submitted from host: <127.0.0.1:9618?addrs=127.0.0.1-9618&noUDP&sock=270_1710_4>
    DAG Node: preprocess1_py_ID0000001
    pool:condorpool
...
001 (008.000.000) 08/25 09:43:47 Job executing on host: <127.0.0.1:9618?addrs=127.0.0.1-9618&noUDP&sock=270_1710_5>
...
006 (008.000.000) 08/25 09:43:51 Image size of job updated: 12
	0  -  MemoryUsage of job (MB)
	0  -  ResidentSetSize of job (KB)
...
005 (008.000.000) 08/25 09:43:52 Job terminated.
	(1) Normal termination (return value 0)
		Usr 0 00:00:00, Sys 0 00:00:00  -  Run Remote Usage
		Usr 0 00:00:00, Sys 0 00:00:00  -  Run Local Usage
		Usr 0 00:00:00, Sys 0 00:00:00  -  Total Remote Usage
		Usr 0 00:00:00, Sys 0 00:00:00  -  Total Local Usage
	3106276  -  Run Bytes Sent By Job
	13826057  -  Run Bytes Received By Job
	3106276  -  Total Bytes Sent By Job
	13826057  -  Total Bytes Received By Job
	Partitionable Resources :    Usage  Request Allocated 
	   Cpus                 :     0.22        1         1 
	   Disk (KB)            : 70573       15000   6719075 
	   Memory (MB)          :     0           1       991 
...
000 (009.000.000) 08/25 09:44:05 Job submitted from host: <127.0.0.1:9618?addrs=127.0.0.1-9618&noUDP&sock=270_1710_4>
    DAG Node: clean_up_local_level_3_0
    pool:local
...
000 (010.000.000) 08/25 09:44:05 Job submitted from host: <127.0.0.1:9618?addrs=127.0.0.1-9618&noUDP&sock=270_1710_4>
    DAG Node: stage_out_local_local_0_0
    pool:local
...
000 (011.000.000) 08/25 09:44:05 Job submitted from host: <127.0.0.1:9618?addrs=127.0.0.1-9618&noUDP&sock=270_1710_4>
    DAG Node: Augmentation_py_ID0000002
    pool:condorpool
...
001 (009.000.000) 08/25 09:44:07 Job executing on host: <127.0.0.1:9618?addrs=127.0.0.1-9618&noUDP&sock=278_a044_10>
...
001 (010.000.000) 08/25 09:44:07 Job executing on host: <127.0.0.1:9618?addrs=127.0.0.1-9618&noUDP&sock=278_a044_11>
...
001 (011.000.000) 08/25 09:44:07 Job executing on host: <127.0.0.1:9618?addrs=127.0.0.1-9618&noUDP&sock=270_1710_5>
...
006 (011.000.000) 08/25 09:44:14 Image size of job updated: 529200
	136  -  MemoryUsage of job (MB)
	138660  -  ResidentSetSize of job (KB)
...
005 (009.000.000) 08/25 09:44:23 Job terminated.
	(1) Normal termination (return value 0)
		Usr 0 00:00:00, Sys 0 00:00:00  -  Run Remote Usage
		Usr 0 00:00:00, Sys 0 00:00:00  -  Run Local Usage
		Usr 0 00:00:00, Sys 0 00:00:00  -  Total Remote Usage
		Usr 0 00:00:00, Sys 0 00:00:00  -  Total Local Usage
	0  -  Run Bytes Sent By Job
	0  -  Run Bytes Received By Job
	0  -  Total Bytes Sent By Job
	0  -  Total Bytes Received By Job
...
005 (011.000.000) 08/25 09:44:23 Job terminated.
	(1) Normal termination (return value 0)
		Usr 0 00:00:00, Sys 0 00:00:00  -  Run Remote Usage
		Usr 0 00:00:00, Sys 0 00:00:00  -  Run Local Usage
		Usr 0 00:00:00, Sys 0 00:00:00  -  Total Remote Usage
		Usr 0 00:00:00, Sys 0 00:00:00  -  Total Local Usage
	7288129  -  Run Bytes Sent By Job
	13845904  -  Run Bytes Received By Job
	7288129  -  Total Bytes Sent By Job
	13845904  -  Total Bytes Received By Job
	Partitionable Resources :    Usage  Request Allocated 
	   Cpus                 :     0.01        1         1 
	   Disk (KB)            : 85590       15000   6719075 
	   Memory (MB)          :   136           1       991 
...
005 (010.000.000) 08/25 09:44:28 Job terminated.
	(1) Normal termination (return value 0)
		Usr 0 00:00:00, Sys 0 00:00:00  -  Run Remote Usage
		Usr 0 00:00:00, Sys 0 00:00:00  -  Run Local Usage
		Usr 0 00:00:00, Sys 0 00:00:00  -  Total Remote Usage
		Usr 0 00:00:00, Sys 0 00:00:00  -  Total Local Usage
	0  -  Run Bytes Sent By Job
	0  -  Run Bytes Received By Job
	0  -  Total Bytes Sent By Job
	0  -  Total Bytes Received By Job
...
000 (012.000.000) 08/25 09:44:35 Job submitted from host: <127.0.0.1:9618?addrs=127.0.0.1-9618&noUDP&sock=270_1710_4>
    DAG Node: stage_out_local_local_1_0
    pool:local
...
000 (013.000.000) 08/25 09:44:35 Job submitted from host: <127.0.0.1:9618?addrs=127.0.0.1-9618&noUDP&sock=270_1710_4>
    DAG Node: Data_Split_py_ID0000003
    pool:condorpool
...
001 (012.000.000) 08/25 09:44:38 Job executing on host: <127.0.0.1:9618?addrs=127.0.0.1-9618&noUDP&sock=278_a044_13>
...
001 (013.000.000) 08/25 09:44:39 Job executing on host: <127.0.0.1:9618?addrs=127.0.0.1-9618&noUDP&sock=270_1710_5>
...
000 (014.000.000) 08/25 09:44:40 Job submitted from host: <127.0.0.1:9618?addrs=127.0.0.1-9618&noUDP&sock=270_1710_4>
    DAG Node: clean_up_local_level_4_0
    pool:local
...
000 (015.000.000) 08/25 09:44:40 Job submitted from host: <127.0.0.1:9618?addrs=127.0.0.1-9618&noUDP&sock=270_1710_4>
    DAG Node: register_local_0_0
    pool:local
...
001 (015.000.000) 08/25 09:44:43 Job executing on host: <127.0.0.1:9618?addrs=127.0.0.1-9618&noUDP&sock=278_a044_14>
...
001 (014.000.000) 08/25 09:44:43 Job executing on host: <127.0.0.1:9618?addrs=127.0.0.1-9618&noUDP&sock=278_a044_15>
...
006 (013.000.000) 08/25 09:44:45 Image size of job updated: 267696
	21  -  MemoryUsage of job (MB)
	21080  -  ResidentSetSize of job (KB)
...
005 (015.000.000) 08/25 09:44:47 Job terminated.
	(1) Normal termination (return value 0)
		Usr 0 00:00:00, Sys 0 00:00:00  -  Run Remote Usage
		Usr 0 00:00:00, Sys 0 00:00:00  -  Run Local Usage
		Usr 0 00:00:00, Sys 0 00:00:00  -  Total Remote Usage
		Usr 0 00:00:00, Sys 0 00:00:00  -  Total Local Usage
	0  -  Run Bytes Sent By Job
	0  -  Run Bytes Received By Job
	0  -  Total Bytes Sent By Job
	0  -  Total Bytes Received By Job
...
006 (013.000.000) 08/25 09:44:47 Image size of job updated: 462912
	21  -  MemoryUsage of job (MB)
	21080  -  ResidentSetSize of job (KB)
...
005 (013.000.000) 08/25 09:44:48 Job terminated.
	(1) Normal termination (return value 0)
		Usr 0 00:00:00, Sys 0 00:00:00  -  Run Remote Usage
		Usr 0 00:00:00, Sys 0 00:00:00  -  Run Local Usage
		Usr 0 00:00:00, Sys 0 00:00:00  -  Total Remote Usage
		Usr 0 00:00:00, Sys 0 00:00:00  -  Total Local Usage
	123816  -  Run Bytes Sent By Job
	17973160  -  Run Bytes Received By Job
	123816  -  Total Bytes Sent By Job
	17973160  -  Total Bytes Received By Job
	Partitionable Resources :    Usage  Request Allocated 
	   Cpus                 :     0.90        1         1 
	   Disk (KB)            : 71790       20000   6719075 
	   Memory (MB)          :    21           1       991 
...
005 (014.000.000) 08/25 09:44:59 Job terminated.
	(1) Normal termination (return value 0)
		Usr 0 00:00:00, Sys 0 00:00:00  -  Run Remote Usage
		Usr 0 00:00:00, Sys 0 00:00:00  -  Run Local Usage
		Usr 0 00:00:00, Sys 0 00:00:00  -  Total Remote Usage
		Usr 0 00:00:00, Sys 0 00:00:00  -  Total Local Usage
	0  -  Run Bytes Sent By Job
	0  -  Run Bytes Received By Job
	0  -  Total Bytes Sent By Job
	0  -  Total Bytes Received By Job
...
000 (016.000.000) 08/25 09:45:00 Job submitted from host: <127.0.0.1:9618?addrs=127.0.0.1-9618&noUDP&sock=270_1710_4>
    DAG Node: stage_out_local_local_2_0
    pool:local
...
001 (016.000.000) 08/25 09:45:00 Job executing on host: <127.0.0.1:9618?addrs=127.0.0.1-9618&noUDP&sock=278_a044_16>
...
000 (017.000.000) 08/25 09:45:01 Job submitted from host: <127.0.0.1:9618?addrs=127.0.0.1-9618&noUDP&sock=270_1710_4>
    DAG Node: Optuna_py_ID0000004
    pool:condorpool
...
005 (016.000.000) 08/25 09:45:05 Job terminated.
	(1) Normal termination (return value 0)
		Usr 0 00:00:00, Sys 0 00:00:00  -  Run Remote Usage
		Usr 0 00:00:00, Sys 0 00:00:00  -  Run Local Usage
		Usr 0 00:00:00, Sys 0 00:00:00  -  Total Remote Usage
		Usr 0 00:00:00, Sys 0 00:00:00  -  Total Local Usage
	0  -  Run Bytes Sent By Job
	0  -  Run Bytes Received By Job
	0  -  Total Bytes Sent By Job
	0  -  Total Bytes Received By Job
...
001 (017.000.000) 08/25 09:45:05 Job executing on host: <127.0.0.1:9618?addrs=127.0.0.1-9618&noUDP&sock=270_1710_5>
...
006 (017.000.000) 08/25 09:45:11 Image size of job updated: 282576
	24  -  MemoryUsage of job (MB)
	24000  -  ResidentSetSize of job (KB)
...
000 (018.000.000) 08/25 09:45:16 Job submitted from host: <127.0.0.1:9618?addrs=127.0.0.1-9618&noUDP&sock=270_1710_4>
    DAG Node: register_local_2_0
    pool:local
...
001 (018.000.000) 08/25 09:45:19 Job executing on host: <127.0.0.1:9618?addrs=127.0.0.1-9618&noUDP&sock=278_a044_18>
...
005 (018.000.000) 08/25 09:45:22 Job terminated.
	(1) Normal termination (return value 0)
		Usr 0 00:00:00, Sys 0 00:00:00  -  Run Remote Usage
		Usr 0 00:00:00, Sys 0 00:00:00  -  Run Local Usage
		Usr 0 00:00:00, Sys 0 00:00:00  -  Total Remote Usage
		Usr 0 00:00:00, Sys 0 00:00:00  -  Total Local Usage
	0  -  Run Bytes Sent By Job
	0  -  Run Bytes Received By Job
	0  -  Total Bytes Sent By Job
	0  -  Total Bytes Received By Job
...
006 (017.000.000) 08/25 09:45:22 Image size of job updated: 1226348
	557  -  MemoryUsage of job (MB)
	569500  -  ResidentSetSize of job (KB)
...
005 (012.000.000) 08/25 09:45:35 Job terminated.
	(1) Normal termination (return value 0)
		Usr 0 00:00:00, Sys 0 00:00:00  -  Run Remote Usage
		Usr 0 00:00:01, Sys 0 00:00:02  -  Run Local Usage
		Usr 0 00:00:00, Sys 0 00:00:00  -  Total Remote Usage
		Usr 0 00:00:00, Sys 0 00:00:00  -  Total Local Usage
	0  -  Run Bytes Sent By Job
	0  -  Run Bytes Received By Job
	0  -  Total Bytes Sent By Job
	0  -  Total Bytes Received By Job
...
006 (017.000.000) 08/25 09:45:39 Image size of job updated: 2433616
	694  -  MemoryUsage of job (MB)
	710404  -  ResidentSetSize of job (KB)
...
000 (019.000.000) 08/25 09:45:46 Job submitted from host: <127.0.0.1:9618?addrs=127.0.0.1-9618&noUDP&sock=270_1710_4>
    DAG Node: clean_up_local_level_5_0
    pool:local
...
000 (020.000.000) 08/25 09:45:46 Job submitted from host: <127.0.0.1:9618?addrs=127.0.0.1-9618&noUDP&sock=270_1710_4>
    DAG Node: register_local_1_0
    pool:local
...
001 (020.000.000) 08/25 09:45:48 Job executing on host: <127.0.0.1:9618?addrs=127.0.0.1-9618&noUDP&sock=278_a044_19>
...
001 (019.000.000) 08/25 09:45:48 Job executing on host: <127.0.0.1:9618?addrs=127.0.0.1-9618&noUDP&sock=278_a044_20>
...
005 (020.000.000) 08/25 09:45:51 Job terminated.
	(1) Normal termination (return value 0)
		Usr 0 00:00:00, Sys 0 00:00:00  -  Run Remote Usage
		Usr 0 00:00:00, Sys 0 00:00:00  -  Run Local Usage
		Usr 0 00:00:00, Sys 0 00:00:00  -  Total Remote Usage
		Usr 0 00:00:00, Sys 0 00:00:00  -  Total Local Usage
	0  -  Run Bytes Sent By Job
	0  -  Run Bytes Received By Job
	0  -  Total Bytes Sent By Job
	0  -  Total Bytes Received By Job
...
005 (019.000.000) 08/25 09:45:56 Job terminated.
	(1) Normal termination (return value 0)
		Usr 0 00:00:00, Sys 0 00:00:00  -  Run Remote Usage
		Usr 0 00:00:00, Sys 0 00:00:00  -  Run Local Usage
		Usr 0 00:00:00, Sys 0 00:00:00  -  Total Remote Usage
		Usr 0 00:00:00, Sys 0 00:00:00  -  Total Local Usage
	0  -  Run Bytes Sent By Job
	0  -  Run Bytes Received By Job
	0  -  Total Bytes Sent By Job
	0  -  Total Bytes Received By Job
...
006 (017.000.000) 08/25 09:46:29 Image size of job updated: 2433616
	696  -  MemoryUsage of job (MB)
	712288  -  ResidentSetSize of job (KB)
...
006 (017.000.000) 08/25 09:47:57 Image size of job updated: 2433616
	696  -  MemoryUsage of job (MB)
	712400  -  ResidentSetSize of job (KB)
...
006 (017.000.000) 08/25 09:48:12 Image size of job updated: 2433616
	697  -  MemoryUsage of job (MB)
	713352  -  ResidentSetSize of job (KB)
...
006 (017.000.000) 08/25 09:52:30 Image size of job updated: 2433616
	699  -  MemoryUsage of job (MB)
	715460  -  ResidentSetSize of job (KB)
...
006 (017.000.000) 08/25 09:56:27 Image size of job updated: 2433616
	733  -  MemoryUsage of job (MB)
	750472  -  ResidentSetSize of job (KB)
...
006 (017.000.000) 08/25 09:56:57 Image size of job updated: 2849120
	1048  -  MemoryUsage of job (MB)
	1073100  -  ResidentSetSize of job (KB)
...
006 (017.000.000) 08/25 09:57:43 Image size of job updated: 2849120
	1052  -  MemoryUsage of job (MB)
	1077248  -  ResidentSetSize of job (KB)
...
006 (017.000.000) 08/25 09:58:28 Image size of job updated: 2849120
	1053  -  MemoryUsage of job (MB)
	1077272  -  ResidentSetSize of job (KB)
...
006 (017.000.000) 08/25 09:58:56 Image size of job updated: 2849120
	1053  -  MemoryUsage of job (MB)
	1078184  -  ResidentSetSize of job (KB)
...
006 (017.000.000) 08/25 09:59:14 Image size of job updated: 2849120
	1054  -  MemoryUsage of job (MB)
	1078296  -  ResidentSetSize of job (KB)
...
006 (017.000.000) 08/25 10:01:25 Image size of job updated: 2849120
	1054  -  MemoryUsage of job (MB)
	1079188  -  ResidentSetSize of job (KB)
...
006 (017.000.000) 08/25 10:01:43 Image size of job updated: 2914656
	1054  -  MemoryUsage of job (MB)
	1079188  -  ResidentSetSize of job (KB)
...
006 (017.000.000) 08/25 10:08:12 Image size of job updated: 2914656
	1153  -  MemoryUsage of job (MB)
	1180404  -  ResidentSetSize of job (KB)
...
006 (017.000.000) 08/25 10:08:30 Image size of job updated: 2914656
	1194  -  MemoryUsage of job (MB)
	1222380  -  ResidentSetSize of job (KB)
...
005 (017.000.000) 08/25 10:20:33 Job terminated.
	(1) Normal termination (return value 0)
		Usr 0 00:34:30, Sys 0 00:00:27  -  Run Remote Usage
		Usr 0 00:00:00, Sys 0 00:00:00  -  Run Local Usage
		Usr 0 00:34:30, Sys 0 00:00:27  -  Total Remote Usage
		Usr 0 00:00:00, Sys 0 00:00:00  -  Total Local Usage
	63402512  -  Run Bytes Sent By Job
	17929050  -  Run Bytes Received By Job
	63402512  -  Total Bytes Sent By Job
	17929050  -  Total Bytes Received By Job
	Partitionable Resources :     Usage  Request Allocated 
	   Cpus                 :      1.00        1         1 
	   Disk (KB)            : 195217       20000   6719075 
	   Memory (MB)          :   1194           1       991 
...
000 (021.000.000) 08/25 10:20:46 Job submitted from host: <127.0.0.1:9618?addrs=127.0.0.1-9618&noUDP&sock=270_1710_4>
    DAG Node: clean_up_local_level_6_0
    pool:local
...
000 (022.000.000) 08/25 10:20:46 Job submitted from host: <127.0.0.1:9618?addrs=127.0.0.1-9618&noUDP&sock=270_1710_4>
    DAG Node: stage_out_local_local_3_0
    pool:local
...
001 (021.000.000) 08/25 10:20:49 Job executing on host: <127.0.0.1:9618?addrs=127.0.0.1-9618&noUDP&sock=278_a044_21>
...
001 (022.000.000) 08/25 10:20:49 Job executing on host: <127.0.0.1:9618?addrs=127.0.0.1-9618&noUDP&sock=278_a044_22>
...
005 (022.000.000) 08/25 10:20:54 Job terminated.
	(1) Normal termination (return value 0)
		Usr 0 00:00:00, Sys 0 00:00:00  -  Run Remote Usage
		Usr 0 00:00:00, Sys 0 00:00:00  -  Run Local Usage
		Usr 0 00:00:00, Sys 0 00:00:00  -  Total Remote Usage
		Usr 0 00:00:00, Sys 0 00:00:00  -  Total Local Usage
	0  -  Run Bytes Sent By Job
	0  -  Run Bytes Received By Job
	0  -  Total Bytes Sent By Job
	0  -  Total Bytes Received By Job
...
005 (021.000.000) 08/25 10:21:06 Job terminated.
	(1) Normal termination (return value 0)
		Usr 0 00:00:00, Sys 0 00:00:00  -  Run Remote Usage
		Usr 0 00:00:00, Sys 0 00:00:00  -  Run Local Usage
		Usr 0 00:00:00, Sys 0 00:00:00  -  Total Remote Usage
		Usr 0 00:00:00, Sys 0 00:00:00  -  Total Local Usage
	0  -  Run Bytes Sent By Job
	0  -  Run Bytes Received By Job
	0  -  Total Bytes Sent By Job
	0  -  Total Bytes Received By Job
...
000 (023.000.000) 08/25 10:21:06 Job submitted from host: <127.0.0.1:9618?addrs=127.0.0.1-9618&noUDP&sock=270_1710_4>
    DAG Node: clean_up_local_level_7_0
    pool:local
...
001 (023.000.000) 08/25 10:21:06 Job executing on host: <127.0.0.1:9618?addrs=127.0.0.1-9618&noUDP&sock=278_a044_23>
...
000 (024.000.000) 08/25 10:21:06 Job submitted from host: <127.0.0.1:9618?addrs=127.0.0.1-9618&noUDP&sock=270_1710_4>
    DAG Node: register_local_3_0
    pool:local
...
005 (023.000.000) 08/25 10:21:10 Job terminated.
	(1) Normal termination (return value 0)
		Usr 0 00:00:00, Sys 0 00:00:00  -  Run Remote Usage
		Usr 0 00:00:00, Sys 0 00:00:00  -  Run Local Usage
		Usr 0 00:00:00, Sys 0 00:00:00  -  Total Remote Usage
		Usr 0 00:00:00, Sys 0 00:00:00  -  Total Local Usage
	0  -  Run Bytes Sent By Job
	0  -  Run Bytes Received By Job
	0  -  Total Bytes Sent By Job
	0  -  Total Bytes Received By Job
...
001 (024.000.000) 08/25 10:21:10 Job executing on host: <127.0.0.1:9618?addrs=127.0.0.1-9618&noUDP&sock=278_a044_24>
...
005 (024.000.000) 08/25 10:21:12 Job terminated.
	(1) Normal termination (return value 0)
		Usr 0 00:00:00, Sys 0 00:00:00  -  Run Remote Usage
		Usr 0 00:00:00, Sys 0 00:00:00  -  Run Local Usage
		Usr 0 00:00:00, Sys 0 00:00:00  -  Total Remote Usage
		Usr 0 00:00:00, Sys 0 00:00:00  -  Total Local Usage
	0  -  Run Bytes Sent By Job
	0  -  Run Bytes Received By Job
	0  -  Total Bytes Sent By Job
	0  -  Total Bytes Received By Job
...
000 (025.000.000) 08/25 10:21:21 Job submitted from host: <127.0.0.1:9618?addrs=127.0.0.1-9618&noUDP&sock=270_1710_4>
    DAG Node: cleanup_Cats_and_Dogs_0_local
    pool:local
...
001 (025.000.000) 08/25 10:21:22 Job executing on host: <127.0.0.1:9618?addrs=127.0.0.1-9618&noUDP&sock=278_a044_25>
...
005 (025.000.000) 08/25 10:21:25 Job terminated.
	(1) Normal termination (return value 0)
		Usr 0 00:00:00, Sys 0 00:00:00  -  Run Remote Usage
		Usr 0 00:00:00, Sys 0 00:00:00  -  Run Local Usage
		Usr 0 00:00:00, Sys 0 00:00:00  -  Total Remote Usage
		Usr 0 00:00:00, Sys 0 00:00:00  -  Total Local Usage
	0  -  Run Bytes Sent By Job
	0  -  Run Bytes Received By Job
	0  -  Total Bytes Sent By Job
	0  -  Total Bytes Received By Job
...
