2020-08-25 09:42:41,558:INFO:pegasus-monitord(58): pegasus-monitord starting - pid 896 
2020-08-25 09:42:41,575:INFO:pegasus-monitord(455): Final Command line options are: ['-N', 'Cats_and_Dogs-0.dag.dagman.out']
2020-08-25 09:42:41,595:INFO:Pegasus.monitoring.event_output(629): Connecting workflow event sink to sqlite:////home/scitech/shared-data/CatsAndDogs/scitech/pegasus/Cats_and_Dogs/run0018/Cats_and_Dogs-0.stampede.db
Created Pegasus database in: sqlite:////home/scitech/shared-data/CatsAndDogs/scitech/pegasus/Cats_and_Dogs/run0018/Cats_and_Dogs-0.stampede.db
Your database is compatible with Pegasus version: 5.0.0dev
2020-08-25 09:42:42,435:INFO:Pegasus.monitoring.event_output(703): output type=DB namespace=stampede. name=sqlite:////home/scitech/shared-data/CatsAndDogs/scitech/pegasus/Cats_and_Dogs/run0018/Cats_and_Dogs-0.stampede.db
2020-08-25 09:42:42,436:INFO:Pegasus.monitoring.event_output(629): Connecting workflow event sink to sqlite:////home/scitech/.pegasus/workflow.db
Your database is compatible with Pegasus version: 5.0.0dev
2020-08-25 09:42:42,920:INFO:Pegasus.monitoring.event_output(703): output type=DB namespace=dashboard. name=sqlite:////home/scitech/.pegasus/workflow.db
2020-08-25 09:42:42,921:INFO:pegasus-monitord(1247): monitord started in fast start mode
2020-08-25 09:42:42,946:INFO:Pegasus.monitoring.workflow(461): cannot open state file /home/scitech/shared-data/CatsAndDogs/scitech/pegasus/Cats_and_Dogs/run0018/monitord.info, continuing without state...
2020-08-25 09:42:42,947:INFO:Pegasus.monitoring.workflow(1148): creating new file /home/scitech/shared-data/CatsAndDogs/scitech/pegasus/Cats_and_Dogs/run0018/jobstate.log
2020-08-25 09:42:42,948:INFO:Pegasus.monitoring.workflow(1158): Appending to existing jobstate.log replay_mode 0 previous_processed_line 0
2020-08-25 09:42:42,950:INFO:Pegasus.monitoring.notifications(474): loading notifications from /home/scitech/shared-data/CatsAndDogs/scitech/pegasus/Cats_and_Dogs/run0018/Cats_and_Dogs-0.notify
2020-08-25 09:42:43,233:INFO:Pegasus.monitoring.workflow(205): Parsing DAG file /home/scitech/shared-data/CatsAndDogs/scitech/pegasus/Cats_and_Dogs/run0018/Cats_and_Dogs-0.dag
2020-08-25 09:42:43,239:INFO:pegasus-monitord(974): Using DAGMan version 8.8.10 80810
2020-08-25 09:42:43,240:INFO:pegasus-monitord(949): DAGMan runs at pid 895
2020-08-25 09:42:43,242:INFO:pegasus-monitord(955): using dag Cats_and_Dogs-0.dag
2020-08-25 09:42:43,243:INFO:Pegasus.monitoring.workflow(811): DAGMan starting with condor id 1.0
2020-08-25 09:44:01,759:WARNING:Pegasus.monitoring.workflow(1707): truncating stdout for job stage_in_local_local_0_0
2020-08-25 09:45:57,609:WARNING:Pegasus.monitoring.workflow(1707): truncating stdout for job stage_out_local_local_0_0
2020-08-25 09:45:57,772:INFO:Pegasus.monitoring.workflow(2468): Populating locations corresponding to succeeded registration job  /home/scitech/shared-data/CatsAndDogs/scitech/pegasus/Cats_and_Dogs/run0018/00/00/register_local_0_0.in 
2020-08-25 09:45:59,028:INFO:Pegasus.monitoring.workflow(2468): Populating locations corresponding to succeeded registration job  /home/scitech/shared-data/CatsAndDogs/scitech/pegasus/Cats_and_Dogs/run0018/00/00/register_local_2_0.in 
2020-08-25 09:46:00,372:WARNING:Pegasus.monitoring.workflow(1707): truncating stdout for job stage_out_local_local_1_0
2020-08-25 09:46:02,479:INFO:Pegasus.monitoring.workflow(2468): Populating locations corresponding to succeeded registration job  /home/scitech/shared-data/CatsAndDogs/scitech/pegasus/Cats_and_Dogs/run0018/00/00/register_local_1_0.in 
2020-08-25 10:20:42,895:WARNING:Pegasus.monitoring.workflow(1707): truncating stdout for job Optuna_py_ID0000004
2020-08-25 10:21:12,470:WARNING:Pegasus.monitoring.workflow(1707): truncating stdout for job clean_up_local_level_6_0
2020-08-25 10:21:21,590:INFO:Pegasus.monitoring.workflow(2468): Populating locations corresponding to succeeded registration job  /home/scitech/shared-data/CatsAndDogs/scitech/pegasus/Cats_and_Dogs/run0018/00/00/register_local_3_0.in 
2020-08-25 10:21:31,775:INFO:pegasus-monitord(927): DAGMan Cats_and_Dogs-0.dag finished with exit code 0
2020-08-25 10:21:32,791:INFO:pegasus-monitord(1427): workflow /home/scitech/shared-data/CatsAndDogs/scitech/pegasus/Cats_and_Dogs/run0018/Cats_and_Dogs-0.dag.dagman.out ended
2020-08-25 10:21:32,797:INFO:Pegasus.monitoring.workflow(1378): recovery file deleted: /home/scitech/shared-data/CatsAndDogs/scitech/pegasus/Cats_and_Dogs/run0018/monitord.recover
2020-08-25 10:21:32,799:INFO:pegasus-monitord(1665): finishing workflow: /home/scitech/shared-data/CatsAndDogs/scitech/pegasus/Cats_and_Dogs/run0018/Cats_and_Dogs-0.dag.dagman.out
2020-08-25 10:21:32,800:INFO:pegasus-monitord(1719): finishing notifications...
2020-08-25 10:21:32,800:INFO:pegasus-monitord(1727): monitord process 896 exiting with 0
2020-08-25 10:21:32,802:INFO:pegasus-monitord(197): DB flushing beginning
2020-08-25 10:21:32,802:INFO:Pegasus.db.workflow_loader.WorkflowLoader(1244): Executing final flush
2020-08-25 10:21:32,980:INFO:Pegasus.db.dashboard_loader.DashboardLoader(397): Executing final flush
2020-08-25 10:21:32,981:INFO:pegasus-monitord(213): DB flushing ended
