1600965292 INTERNAL *** MONITORD_STARTED ***
1600965290 INTERNAL *** DAGMAN_STARTED 460.0 ***
1600965294 stage_out_local_local_1000_0 SUBMIT 461.0 local - 1
1600965294 create_dir_Cats_and_Dogs_0_local SUBMIT 462.0 local - 2
1600965295 stage_out_local_local_1000_0 EXECUTE 461.0 local - 1
1600965295 create_dir_Cats_and_Dogs_0_local EXECUTE 462.0 local - 2
1600965297 create_dir_Cats_and_Dogs_0_local JOB_TERMINATED 462.0 local - 2
1600965299 create_dir_Cats_and_Dogs_0_local JOB_SUCCESS 0 local - 2
1600965299 create_dir_Cats_and_Dogs_0_local POST_SCRIPT_STARTED 462.0 local - 2
1600965297 stage_out_local_local_1000_0 JOB_TERMINATED 461.0 local - 1
1600965299 stage_out_local_local_1000_0 JOB_SUCCESS 0 local - 1
1600965299 stage_out_local_local_1000_0 POST_SCRIPT_STARTED 461.0 local - 1
1600965299 stage_out_local_local_1000_0 POST_SCRIPT_TERMINATED 461.0 local - 1
1600965305 stage_out_local_local_1000_0 POST_SCRIPT_SUCCESS 0 local - 1
1600965299 create_dir_Cats_and_Dogs_0_local POST_SCRIPT_TERMINATED 462.0 local - 2
1600965305 create_dir_Cats_and_Dogs_0_local POST_SCRIPT_SUCCESS 0 local - 2
1600965310 stage_in_remote_local_2_0 SUBMIT 463.0 local - 3
1600965310 stage_in_remote_local_1_0 SUBMIT 464.0 local - 4
1600965310 stage_in_remote_local_0_0 SUBMIT 465.0 local - 5
1600965310 stage_in_local_local_0_0 SUBMIT 466.0 local - 6
1600965310 stage_in_remote_local_3_0 SUBMIT 467.0 local - 7
1600965310 register_local_1000_0 SUBMIT 468.0 local - 8
1600965311 stage_in_remote_local_0_0 EXECUTE 465.0 local - 5
1600965311 register_local_1000_0 EXECUTE 468.0 local - 8
1600965311 stage_in_remote_local_1_0 EXECUTE 464.0 local - 4
1600965311 stage_in_remote_local_3_0 EXECUTE 467.0 local - 7
1600965311 stage_in_remote_local_2_0 EXECUTE 463.0 local - 3
1600965311 stage_in_local_local_0_0 EXECUTE 466.0 local - 6
1600965313 register_local_1000_0 JOB_TERMINATED 468.0 local - 8
1600965315 register_local_1000_0 JOB_SUCCESS 0 local - 8
1600965315 register_local_1000_0 POST_SCRIPT_STARTED 468.0 local - 8
1600965313 stage_in_remote_local_0_0 JOB_TERMINATED 465.0 local - 5
1600965315 stage_in_remote_local_0_0 JOB_SUCCESS 0 local - 5
1600965315 stage_in_remote_local_0_0 POST_SCRIPT_STARTED 465.0 local - 5
1600965313 stage_in_remote_local_3_0 JOB_TERMINATED 467.0 local - 7
1600965315 stage_in_remote_local_3_0 JOB_SUCCESS 0 local - 7
1600965315 stage_in_remote_local_3_0 POST_SCRIPT_STARTED 467.0 local - 7
1600965313 stage_in_remote_local_2_0 JOB_TERMINATED 463.0 local - 3
1600965315 stage_in_remote_local_2_0 JOB_SUCCESS 0 local - 3
1600965315 stage_in_remote_local_2_0 POST_SCRIPT_STARTED 463.0 local - 3
1600965313 stage_in_remote_local_1_0 JOB_TERMINATED 464.0 local - 4
1600965315 stage_in_remote_local_1_0 JOB_SUCCESS 0 local - 4
1600965315 stage_in_remote_local_1_0 POST_SCRIPT_STARTED 464.0 local - 4
1600965315 register_local_1000_0 POST_SCRIPT_TERMINATED 468.0 local - 8
1600965320 register_local_1000_0 POST_SCRIPT_SUCCESS 0 local - 8
1600965315 stage_in_remote_local_2_0 POST_SCRIPT_TERMINATED 463.0 local - 3
1600965320 stage_in_remote_local_2_0 POST_SCRIPT_SUCCESS 0 local - 3
1600965315 stage_in_remote_local_3_0 POST_SCRIPT_TERMINATED 467.0 local - 7
1600965320 stage_in_remote_local_3_0 POST_SCRIPT_SUCCESS 0 local - 7
1600965315 stage_in_remote_local_0_0 POST_SCRIPT_TERMINATED 465.0 local - 5
1600965320 stage_in_remote_local_0_0 POST_SCRIPT_SUCCESS 0 local - 5
1600965315 stage_in_remote_local_1_0 POST_SCRIPT_TERMINATED 464.0 local - 4
1600965320 stage_in_remote_local_1_0 POST_SCRIPT_SUCCESS 0 local - 4
1600965316 stage_in_local_local_0_0 JOB_TERMINATED 466.0 local - 6
1600965320 stage_in_local_local_0_0 JOB_SUCCESS 0 local - 6
1600965320 stage_in_local_local_0_0 POST_SCRIPT_STARTED 466.0 local - 6
1600965320 stage_in_local_local_0_0 POST_SCRIPT_TERMINATED 466.0 local - 6
1600965326 stage_in_local_local_0_0 POST_SCRIPT_SUCCESS 0 local - 6
1600965331 preprocess1_py_ID0000001 SUBMIT 469.0 condorpool - 9
1600965333 preprocess1_py_ID0000001 EXECUTE 469.0 condorpool - 9
1600965336 preprocess1_py_ID0000001 JOB_TERMINATED 469.0 condorpool - 9
1600965341 preprocess1_py_ID0000001 JOB_SUCCESS 0 condorpool - 9
1600965341 preprocess1_py_ID0000001 POST_SCRIPT_STARTED 469.0 condorpool - 9
1600965341 preprocess1_py_ID0000001 POST_SCRIPT_TERMINATED 469.0 condorpool - 9
1600965346 preprocess1_py_ID0000001 POST_SCRIPT_SUCCESS 0 condorpool - 9
1600965351 clean_up_local_level_3_0 SUBMIT 470.0 local - 10
1600965351 stage_out_local_local_0_0 SUBMIT 471.0 local - 11
1600965351 Augmentation_py_ID0000002 SUBMIT 472.0 condorpool - 12
1600965352 Augmentation_py_ID0000002 EXECUTE 472.0 condorpool - 12
1600965353 stage_out_local_local_0_0 EXECUTE 471.0 local - 11
1600965353 clean_up_local_level_3_0 EXECUTE 470.0 local - 10
1600965356 Augmentation_py_ID0000002 JOB_TERMINATED 472.0 condorpool - 12
1600965356 Augmentation_py_ID0000002 JOB_SUCCESS 0 condorpool - 12
1600965356 Augmentation_py_ID0000002 POST_SCRIPT_STARTED 472.0 condorpool - 12
1600965357 Augmentation_py_ID0000002 POST_SCRIPT_TERMINATED 472.0 condorpool - 12
1600965361 Augmentation_py_ID0000002 POST_SCRIPT_SUCCESS 0 condorpool - 12
1600965358 stage_out_local_local_0_0 JOB_TERMINATED 471.0 local - 11
1600965361 stage_out_local_local_0_0 JOB_SUCCESS 0 local - 11
1600965361 stage_out_local_local_0_0 POST_SCRIPT_STARTED 471.0 local - 11
1600965361 stage_out_local_local_0_0 POST_SCRIPT_TERMINATED 471.0 local - 11
1600965366 stage_out_local_local_0_0 POST_SCRIPT_SUCCESS 0 local - 11
1600965366 stage_out_local_local_1_0 SUBMIT 473.0 local - 13
1600965366 Data_Split_py_ID0000003 SUBMIT 474.0 condorpool - 14
1600965367 clean_up_local_level_3_0 JOB_TERMINATED 470.0 local - 10
1600965371 clean_up_local_level_3_0 JOB_SUCCESS 0 local - 10
1600965371 clean_up_local_level_3_0 POST_SCRIPT_STARTED 470.0 local - 10
1600965367 stage_out_local_local_1_0 EXECUTE 473.0 local - 13
1600965368 Data_Split_py_ID0000003 EXECUTE 474.0 condorpool - 14
1600965370 Data_Split_py_ID0000003 JOB_TERMINATED 474.0 condorpool - 14
1600965371 Data_Split_py_ID0000003 JOB_SUCCESS 0 condorpool - 14
1600965371 Data_Split_py_ID0000003 POST_SCRIPT_STARTED 474.0 condorpool - 14
1600965371 clean_up_local_level_4_0 SUBMIT 475.0 local - 15
1600965371 register_local_0_0 SUBMIT 476.0 local - 16
1600965371 clean_up_local_level_3_0 POST_SCRIPT_TERMINATED 470.0 local - 10
1600965376 clean_up_local_level_3_0 POST_SCRIPT_SUCCESS 0 local - 10
1600965371 Data_Split_py_ID0000003 POST_SCRIPT_TERMINATED 474.0 condorpool - 14
1600965376 Data_Split_py_ID0000003 POST_SCRIPT_SUCCESS 0 condorpool - 14
1600965373 register_local_0_0 EXECUTE 476.0 local - 16
1600965373 clean_up_local_level_4_0 EXECUTE 475.0 local - 15
1600965375 stage_out_local_local_1_0 JOB_TERMINATED 473.0 local - 13
1600965376 stage_out_local_local_1_0 JOB_SUCCESS 0 local - 13
1600965376 stage_out_local_local_1_0 POST_SCRIPT_STARTED 473.0 local - 13
1600965375 register_local_0_0 JOB_TERMINATED 476.0 local - 16
1600965376 register_local_0_0 JOB_SUCCESS 0 local - 16
1600965376 register_local_0_0 POST_SCRIPT_STARTED 476.0 local - 16
1600965377 register_local_0_0 POST_SCRIPT_TERMINATED 476.0 local - 16
1600965381 register_local_0_0 POST_SCRIPT_SUCCESS 0 local - 16
1600965377 stage_out_local_local_1_0 POST_SCRIPT_TERMINATED 473.0 local - 13
1600965381 stage_out_local_local_1_0 POST_SCRIPT_SUCCESS 0 local - 13
1600965381 stage_out_local_local_2_0 SUBMIT 477.0 local - 17
1600965381 VGG_model_py_ID0000004 SUBMIT 478.0 condorpool - 18
1600965382 VGG_model_py_ID0000004 EXECUTE 478.0 condorpool - 18
1600965383 stage_out_local_local_2_0 EXECUTE 477.0 local - 17
1600965386 clean_up_local_level_5_0 SUBMIT 479.0 local - 19
1600965386 register_local_1_0 SUBMIT 480.0 local - 20
1600965387 stage_out_local_local_2_0 JOB_TERMINATED 477.0 local - 17
1600965391 stage_out_local_local_2_0 JOB_SUCCESS 0 local - 17
1600965391 stage_out_local_local_2_0 POST_SCRIPT_STARTED 477.0 local - 17
1600965387 register_local_1_0 EXECUTE 480.0 local - 20
1600965387 clean_up_local_level_5_0 EXECUTE 479.0 local - 19
1600965389 clean_up_local_level_4_0 JOB_TERMINATED 475.0 local - 15
1600965391 clean_up_local_level_4_0 JOB_SUCCESS 0 local - 15
1600965391 clean_up_local_level_4_0 POST_SCRIPT_STARTED 475.0 local - 15
1600965390 register_local_1_0 JOB_TERMINATED 480.0 local - 20
1600965391 register_local_1_0 JOB_SUCCESS 0 local - 20
1600965391 register_local_1_0 POST_SCRIPT_STARTED 480.0 local - 20
1600965391 register_local_1_0 POST_SCRIPT_TERMINATED 480.0 local - 20
1600965396 register_local_1_0 POST_SCRIPT_SUCCESS 0 local - 20
1600965391 stage_out_local_local_2_0 POST_SCRIPT_TERMINATED 477.0 local - 17
1600965396 stage_out_local_local_2_0 POST_SCRIPT_SUCCESS 0 local - 17
1600965391 clean_up_local_level_4_0 POST_SCRIPT_TERMINATED 475.0 local - 15
1600965396 clean_up_local_level_4_0 POST_SCRIPT_SUCCESS 0 local - 15
1600965395 clean_up_local_level_5_0 JOB_TERMINATED 479.0 local - 19
1600965396 clean_up_local_level_5_0 JOB_SUCCESS 0 local - 19
1600965396 clean_up_local_level_5_0 POST_SCRIPT_STARTED 479.0 local - 19
1600965397 clean_up_local_level_5_0 POST_SCRIPT_TERMINATED 479.0 local - 19
1600965401 clean_up_local_level_5_0 POST_SCRIPT_SUCCESS 0 local - 19
1600965401 register_local_2_0 SUBMIT 481.0 local - 21
1600965404 register_local_2_0 EXECUTE 481.0 local - 21
1600965406 register_local_2_0 JOB_TERMINATED 481.0 local - 21
1600965411 register_local_2_0 JOB_SUCCESS 0 local - 21
1600965411 register_local_2_0 POST_SCRIPT_STARTED 481.0 local - 21
1600965411 register_local_2_0 POST_SCRIPT_TERMINATED 481.0 local - 21
1600965416 register_local_2_0 POST_SCRIPT_SUCCESS 0 local - 21
1600965418 VGG_model_py_ID0000004 JOB_TERMINATED 478.0 condorpool - 18
1600965421 VGG_model_py_ID0000004 JOB_SUCCESS 0 condorpool - 18
1600965421 VGG_model_py_ID0000004 POST_SCRIPT_STARTED 478.0 condorpool - 18
1600965421 VGG_model_py_ID0000004 POST_SCRIPT_TERMINATED 478.0 condorpool - 18
1600965426 VGG_model_py_ID0000004 POST_SCRIPT_SUCCESS 0 condorpool - 18
1600965431 clean_up_local_level_6_0 SUBMIT 482.0 local - 22
1600965431 stage_out_local_local_3_0 SUBMIT 483.0 local - 23
1600965435 stage_out_local_local_3_0 EXECUTE 483.0 local - 23
1600965435 clean_up_local_level_6_0 EXECUTE 482.0 local - 22
1600965438 stage_out_local_local_3_0 JOB_TERMINATED 483.0 local - 23
1600965441 stage_out_local_local_3_0 JOB_SUCCESS 0 local - 23
1600965441 stage_out_local_local_3_0 POST_SCRIPT_STARTED 483.0 local - 23
1600965442 stage_out_local_local_3_0 POST_SCRIPT_TERMINATED 483.0 local - 23
1600965446 stage_out_local_local_3_0 POST_SCRIPT_SUCCESS 0 local - 23
1600965451 clean_up_local_level_7_0 SUBMIT 484.0 local - 24
1600965451 register_local_3_0 SUBMIT 485.0 local - 25
1600965451 clean_up_local_level_6_0 JOB_TERMINATED 482.0 local - 22
1600965456 clean_up_local_level_6_0 JOB_SUCCESS 0 local - 22
1600965456 clean_up_local_level_6_0 POST_SCRIPT_STARTED 482.0 local - 22
1600965451 register_local_3_0 EXECUTE 485.0 local - 25
1600965451 clean_up_local_level_7_0 EXECUTE 484.0 local - 24
1600965453 clean_up_local_level_7_0 JOB_TERMINATED 484.0 local - 24
1600965456 clean_up_local_level_7_0 JOB_SUCCESS 0 local - 24
1600965456 clean_up_local_level_7_0 POST_SCRIPT_STARTED 484.0 local - 24
1600965453 register_local_3_0 JOB_TERMINATED 485.0 local - 25
1600965456 register_local_3_0 JOB_SUCCESS 0 local - 25
1600965456 register_local_3_0 POST_SCRIPT_STARTED 485.0 local - 25
1600965456 register_local_3_0 POST_SCRIPT_TERMINATED 485.0 local - 25
1600965461 register_local_3_0 POST_SCRIPT_SUCCESS 0 local - 25
1600965456 clean_up_local_level_7_0 POST_SCRIPT_TERMINATED 484.0 local - 24
1600965461 clean_up_local_level_7_0 POST_SCRIPT_SUCCESS 0 local - 24
1600965456 clean_up_local_level_6_0 POST_SCRIPT_TERMINATED 482.0 local - 22
1600965461 clean_up_local_level_6_0 POST_SCRIPT_SUCCESS 0 local - 22
1600965466 cleanup_Cats_and_Dogs_0_local SUBMIT 486.0 local - 26
1600965471 cleanup_Cats_and_Dogs_0_local EXECUTE 486.0 local - 26
1600965473 cleanup_Cats_and_Dogs_0_local JOB_TERMINATED 486.0 local - 26
1600965476 cleanup_Cats_and_Dogs_0_local JOB_SUCCESS 0 local - 26
1600965476 cleanup_Cats_and_Dogs_0_local POST_SCRIPT_STARTED 486.0 local - 26
1600965476 cleanup_Cats_and_Dogs_0_local POST_SCRIPT_TERMINATED 486.0 local - 26
1600965481 cleanup_Cats_and_Dogs_0_local POST_SCRIPT_SUCCESS 0 local - 26
1600965481 INTERNAL *** DAGMAN_FINISHED 0 ***
1600965483 INTERNAL *** MONITORD_FINISHED 0 ***
