{"name": ".//00/00/stage_out_local_local_1000_0.out", "timestamp": "2020-09-23T22:44:54.905900", "exitcode": 0, "app_exitcode": 0, "retry": 0, "std_out": "", "std_err": ""}
{"name": ".//00/00/create_dir_Cats_and_Dogs_0_local.out", "timestamp": "2020-09-23T22:44:54.938999", "exitcode": 0, "app_exitcode": 0, "retry": 0, "std_out": "", "std_err": ""}
{"name": ".//00/00/stage_in_remote_local_3_0.out", "timestamp": "2020-09-23T22:45:14.569376", "exitcode": 0, "app_exitcode": 0, "retry": 0, "std_out": "", "std_err": ""}
{"name": ".//00/00/stage_in_remote_local_0_0.out", "timestamp": "2020-09-23T22:45:14.588073", "exitcode": 0, "app_exitcode": 0, "retry": 0, "std_out": "", "std_err": ""}
{"name": ".//00/00/register_local_1000_0.out", "timestamp": "2020-09-23T22:45:14.623437", "exitcode": 0, "app_exitcode": 0, "retry": 0, "std_out": "", "std_err": ""}
{"name": ".//00/00/stage_in_remote_local_2_0.out", "timestamp": "2020-09-23T22:45:14.611873", "exitcode": 0, "app_exitcode": 0, "retry": 0, "std_out": "", "std_err": ""}
{"name": ".//00/00/stage_in_remote_local_1_0.out", "timestamp": "2020-09-23T22:45:14.674365", "exitcode": 0, "app_exitcode": 0, "retry": 0, "std_out": "", "std_err": ""}
{"name": ".//00/00/stage_in_local_local_0_0.out", "timestamp": "2020-09-23T22:45:14.664039", "exitcode": 0, "app_exitcode": 0, "retry": 0, "std_out": "", "std_err": ""}
{"name": ".//00/00/preprocess1_py_ID0000001.out", "timestamp": "2020-09-23T22:45:40.139550", "exitcode": 0, "app_exitcode": 0, "retry": 0, "std_out": "", "std_err": ""}
{"name": ".//00/00/Augmentation_py_ID0000002.out", "timestamp": "2020-09-23T22:45:59.712099", "exitcode": 0, "app_exitcode": 0, "retry": 0, "std_out": "", "std_err": ""}
{"name": ".//00/00/stage_out_local_local_0_0.out", "timestamp": "2020-09-23T22:46:05.131120", "exitcode": 0, "app_exitcode": 0, "retry": 0, "std_out": "", "std_err": ""}
{"name": ".//00/00/clean_up_local_level_3_0.out", "timestamp": "2020-09-23T22:46:09.566303", "exitcode": 0, "app_exitcode": 0, "retry": 0, "std_out": "", "std_err": ""}
{"name": ".//00/00/Data_Split_py_ID0000003.out", "timestamp": "2020-09-23T22:46:14.909462", "exitcode": 0, "app_exitcode": 0, "retry": 0, "std_out": "", "std_err": ""}
{"name": ".//00/00/register_local_0_0.out", "timestamp": "2020-09-23T22:46:24.393895", "exitcode": 0, "app_exitcode": 0, "retry": 0, "std_out": "", "std_err": ""}
{"name": ".//00/00/stage_out_local_local_1_0.out", "timestamp": "2020-09-23T22:46:24.401233", "exitcode": 0, "app_exitcode": 0, "retry": 0, "std_out": "", "std_err": ""}
{"name": ".//00/00/stage_out_local_local_2_0.out", "timestamp": "2020-09-23T22:46:29.779144", "exitcode": 0, "app_exitcode": 0, "retry": 0, "std_out": "", "std_err": ""}
{"name": ".//00/00/clean_up_local_level_4_0.out", "timestamp": "2020-09-23T22:46:40.142802", "exitcode": 0, "app_exitcode": 0, "retry": 0, "std_out": "", "std_err": ""}
{"name": ".//00/00/register_local_1_0.out", "timestamp": "2020-09-23T22:46:40.182188", "exitcode": 0, "app_exitcode": 0, "retry": 0, "std_out": "", "std_err": ""}
{"name": ".//00/00/clean_up_local_level_5_0.out", "timestamp": "2020-09-23T22:46:49.533086", "exitcode": 0, "app_exitcode": 0, "retry": 0, "std_out": "", "std_err": ""}
{"name": ".//00/00/register_local_2_0.out", "timestamp": "2020-09-23T22:46:49.558613", "exitcode": 0, "app_exitcode": 0, "retry": 0, "std_out": "", "std_err": ""}
{"name": ".//00/00/VGG_model_py_ID0000004.out", "timestamp": "2020-09-23T22:47:04.815950", "exitcode": 0, "app_exitcode": 0, "retry": 0, "std_out": "", "std_err": ""}
{"name": ".//00/00/stage_out_local_local_3_0.out", "timestamp": "2020-09-23T22:47:20.229114", "exitcode": 0, "app_exitcode": 0, "retry": 0, "std_out": "", "std_err": ""}
{"name": ".//00/00/clean_up_local_level_7_0.out", "timestamp": "2020-09-23T22:47:35.617034", "exitcode": 0, "app_exitcode": 0, "retry": 0, "std_out": "", "std_err": ""}
{"name": ".//00/00/clean_up_local_level_6_0.out", "timestamp": "2020-09-23T22:47:35.608545", "exitcode": 0, "app_exitcode": 0, "retry": 0, "std_out": "", "std_err": ""}
{"name": ".//00/00/register_local_3_0.out", "timestamp": "2020-09-23T22:47:35.636249", "exitcode": 0, "app_exitcode": 0, "retry": 0, "std_out": "", "std_err": ""}
{"name": ".//00/00/cleanup_Cats_and_Dogs_0_local.out", "timestamp": "2020-09-23T22:47:50.988041", "exitcode": 0, "app_exitcode": 0, "retry": 0, "std_out": "", "std_err": ""}
