08/10/20 13:51:08 ******************************************************
08/10/20 13:51:08 ** condor_scheduniv_exec.33.0 (CONDOR_DAGMAN) STARTING UP
08/10/20 13:51:08 ** /usr/bin/condor_dagman
08/10/20 13:51:08 ** SubsystemInfo: name=DAGMAN type=DAGMAN(10) class=DAEMON(1)
08/10/20 13:51:08 ** Configuration: subsystem:DAGMAN local:<NONE> class:DAEMON
08/10/20 13:51:08 ** $CondorVersion: 8.8.9 May 06 2020 BuildID: 503068 PackageID: 8.8.9-1 $
08/10/20 13:51:08 ** $CondorPlatform: x86_64_CentOS7 $
08/10/20 13:51:08 ** PID = 5228
08/10/20 13:51:08 ** Log last touched time unavailable (No such file or directory)
08/10/20 13:51:08 ******************************************************
08/10/20 13:51:08 Using config source: /etc/condor/condor_config
08/10/20 13:51:08 Using local config sources: 
08/10/20 13:51:08    /etc/condor/config.d/00-minicondor
08/10/20 13:51:08    /etc/condor/condor_config.local
08/10/20 13:51:08 config Macros = 81, Sorted = 81, StringBytes = 2285, TablesBytes = 2964
08/10/20 13:51:08 CLASSAD_CACHING is ENABLED
08/10/20 13:51:08 Daemon Log is logging: D_ALWAYS D_ERROR
08/10/20 13:51:08 DaemonCore: No command port requested.
08/10/20 13:51:08 DAGMAN_USE_STRICT setting: 1
08/10/20 13:51:08 DAGMAN_VERBOSITY setting: 3
08/10/20 13:51:08 DAGMAN_DEBUG_CACHE_SIZE setting: 5242880
08/10/20 13:51:08 DAGMAN_DEBUG_CACHE_ENABLE setting: False
08/10/20 13:51:08 DAGMAN_SUBMIT_DELAY setting: 0
08/10/20 13:51:08 DAGMAN_MAX_SUBMIT_ATTEMPTS setting: 6
08/10/20 13:51:08 DAGMAN_STARTUP_CYCLE_DETECT setting: False
08/10/20 13:51:08 DAGMAN_MAX_SUBMITS_PER_INTERVAL setting: 100
08/10/20 13:51:08 DAGMAN_AGGRESSIVE_SUBMIT setting: False
08/10/20 13:51:08 DAGMAN_USER_LOG_SCAN_INTERVAL setting: 5
08/10/20 13:51:08 DAGMAN_QUEUE_UPDATE_INTERVAL setting: 300
08/10/20 13:51:08 DAGMAN_DEFAULT_PRIORITY setting: 0
08/10/20 13:51:08 DAGMAN_SUPPRESS_NOTIFICATION setting: True
08/10/20 13:51:08 allow_events (DAGMAN_ALLOW_EVENTS) setting: 114
08/10/20 13:51:08 DAGMAN_RETRY_SUBMIT_FIRST setting: True
08/10/20 13:51:08 DAGMAN_RETRY_NODE_FIRST setting: False
08/10/20 13:51:08 DAGMAN_MAX_JOBS_IDLE setting: 1000
08/10/20 13:51:08 DAGMAN_MAX_JOBS_SUBMITTED setting: 0
08/10/20 13:51:08 DAGMAN_MAX_PRE_SCRIPTS setting: 20
08/10/20 13:51:08 DAGMAN_MAX_POST_SCRIPTS setting: 20
08/10/20 13:51:08 DAGMAN_MUNGE_NODE_NAMES setting: True
08/10/20 13:51:08 DAGMAN_PROHIBIT_MULTI_JOBS setting: False
08/10/20 13:51:08 DAGMAN_SUBMIT_DEPTH_FIRST setting: False
08/10/20 13:51:08 DAGMAN_ALWAYS_RUN_POST setting: False
08/10/20 13:51:08 DAGMAN_CONDOR_SUBMIT_EXE setting: /usr/bin/condor_submit
08/10/20 13:51:08 DAGMAN_USE_CONDOR_SUBMIT setting: True
08/10/20 13:51:08 DAGMAN_ABORT_DUPLICATES setting: True
08/10/20 13:51:08 DAGMAN_ABORT_ON_SCARY_SUBMIT setting: True
08/10/20 13:51:08 DAGMAN_PENDING_REPORT_INTERVAL setting: 600
08/10/20 13:51:08 DAGMAN_AUTO_RESCUE setting: True
08/10/20 13:51:08 DAGMAN_MAX_RESCUE_NUM setting: 100
08/10/20 13:51:08 DAGMAN_WRITE_PARTIAL_RESCUE setting: True
08/10/20 13:51:08 DAGMAN_DEFAULT_NODE_LOG setting: @(DAG_DIR)/@(DAG_FILE).nodes.log
08/10/20 13:51:08 DAGMAN_GENERATE_SUBDAG_SUBMITS setting: True
08/10/20 13:51:08 DAGMAN_MAX_JOB_HOLDS setting: 100
08/10/20 13:51:08 DAGMAN_HOLD_CLAIM_TIME setting: 20
08/10/20 13:51:08 ALL_DEBUG setting: 
08/10/20 13:51:08 DAGMAN_DEBUG setting: 
08/10/20 13:51:08 DAGMAN_SUPPRESS_JOB_LOGS setting: False
08/10/20 13:51:08 DAGMAN_REMOVE_NODE_JOBS setting: True
08/10/20 13:51:08 argv[0] == "condor_scheduniv_exec.33.0"
08/10/20 13:51:08 argv[1] == "-Lockfile"
08/10/20 13:51:08 argv[2] == "harry-potter-text-analysis-0.dag.lock"
08/10/20 13:51:08 argv[3] == "-AutoRescue"
08/10/20 13:51:08 argv[4] == "1"
08/10/20 13:51:08 argv[5] == "-DoRescueFrom"
08/10/20 13:51:08 argv[6] == "0"
08/10/20 13:51:08 argv[7] == "-Dag"
08/10/20 13:51:08 argv[8] == "harry-potter-text-analysis-0.dag"
08/10/20 13:51:08 argv[9] == "-MaxPost"
08/10/20 13:51:08 argv[10] == "20"
08/10/20 13:51:08 argv[11] == "-Suppress_notification"
08/10/20 13:51:08 argv[12] == "-CsdVersion"
08/10/20 13:51:08 argv[13] == "$CondorVersion: 8.8.9 May 06 2020 BuildID: 503068 PackageID: 8.8.9-1 $"
08/10/20 13:51:08 argv[14] == "-Dagman"
08/10/20 13:51:08 argv[15] == "/bin/condor_dagman"
08/10/20 13:51:08 Workflow batch-name: <harry-potter-text-analysis-0.dag+33>
08/10/20 13:51:08 Workflow accounting_group: <>
08/10/20 13:51:08 Workflow accounting_group_user: <>
08/10/20 13:51:08 Warning: failed to get attribute DAGNodeName
08/10/20 13:51:08 DAGMAN_LOG_ON_NFS_IS_ERROR setting: False
08/10/20 13:51:08 Default node log file is: </home/scitech/shared-data/sample-text-analysis-wf/scitech/pegasus/harry-potter-text-analysis/run0003/./harry-potter-text-analysis-0.dag.nodes.log>
08/10/20 13:51:08 DAG Lockfile will be written to harry-potter-text-analysis-0.dag.lock
08/10/20 13:51:08 DAG Input file is harry-potter-text-analysis-0.dag
08/10/20 13:51:08 Parsing 1 dagfiles
08/10/20 13:51:08 Parsing harry-potter-text-analysis-0.dag ...
08/10/20 13:51:08 Warning:  could not open Pegasus braindump file braindump.txt
08/10/20 13:51:08 Dag contains 19 total jobs
08/10/20 13:51:08 Sleeping for 3 seconds to ensure ProcessId uniqueness
08/10/20 13:51:11 Bootstrapping...
08/10/20 13:51:11 Number of pre-completed nodes: 0
08/10/20 13:51:11 MultiLogFiles: truncating log file /home/scitech/shared-data/sample-text-analysis-wf/scitech/pegasus/harry-potter-text-analysis/run0003/./harry-potter-text-analysis-0.dag.nodes.log
08/10/20 13:51:11 DAG status: 0 (DAG_STATUS_OK)
08/10/20 13:51:11 Of 19 nodes total:
08/10/20 13:51:11  Done     Pre   Queued    Post   Ready   Un-Ready   Failed
08/10/20 13:51:11   ===     ===      ===     ===     ===        ===      ===
08/10/20 13:51:11     0       0        0       0       1         18        0
08/10/20 13:51:11 0 job proc(s) currently held
08/10/20 13:51:11 DAGMan Runtime Statistics: [ EventCycleTimeSum = 0.0; EventCycleTimeCount = 0.0; SleepCycleTimeCount = 0.0; SubmitCycleTimeSum = 0.0; SubmitCycleTimeCount = 0.0; LogProcessCycleTimeSum = 0.0; SleepCycleTimeSum = 0.0; LogProcessCycleTimeCount = 0.0; ]
08/10/20 13:51:11 Registering condor_event_timer...
08/10/20 13:51:12 Submitting HTCondor Node create_dir_harry-potter-text-analysis_0_local job(s)...
08/10/20 13:51:12 Adding a DAGMan workflow log /home/scitech/shared-data/sample-text-analysis-wf/scitech/pegasus/harry-potter-text-analysis/run0003/./harry-potter-text-analysis-0.dag.nodes.log
08/10/20 13:51:12 Masking the events recorded in the DAGMAN workflow log
08/10/20 13:51:12 Mask for workflow log is 0,1,2,4,5,7,9,10,11,12,13,16,17,24,27,35,36
08/10/20 13:51:12 submitting: /usr/bin/condor_submit -a dag_node_name' '=' 'create_dir_harry-potter-text-analysis_0_local -a +DAGManJobId' '=' '33 -a DAGManJobId' '=' '33 -batch-name harry-potter-text-analysis-0.dag+33 -a submit_event_notes' '=' 'DAG' 'Node:' 'create_dir_harry-potter-text-analysis_0_local -a dagman_log' '=' '/home/scitech/shared-data/sample-text-analysis-wf/scitech/pegasus/harry-potter-text-analysis/run0003/./harry-potter-text-analysis-0.dag.nodes.log -a +DAGManNodesMask' '=' '"0,1,2,4,5,7,9,10,11,12,13,16,17,24,27,35,36" -a priority=800 -a +DAGNodeRetry' '=' '0 -a DAG_STATUS' '=' '0 -a FAILED_COUNT' '=' '0 -a +KeepClaimIdle' '=' '20 -a notification' '=' 'never -a +DAGParentNodeNames' '=' '"" 00/00/create_dir_harry-potter-text-analysis_0_local.sub
08/10/20 13:51:12 From submit: Submitting job(s).
08/10/20 13:51:12 From submit: 1 job(s) submitted to cluster 34.
08/10/20 13:51:12 	assigned HTCondor ID (34.0.0)
08/10/20 13:51:12 Just submitted 1 job this cycle...
08/10/20 13:51:12 DAG status: 0 (DAG_STATUS_OK)
08/10/20 13:51:12 Of 19 nodes total:
08/10/20 13:51:12  Done     Pre   Queued    Post   Ready   Un-Ready   Failed
08/10/20 13:51:12   ===     ===      ===     ===     ===        ===      ===
08/10/20 13:51:12     0       0        1       0       0         18        0
08/10/20 13:51:12 0 job proc(s) currently held
08/10/20 13:51:12 DAGMan Runtime Statistics: [ EventCycleTimeCount = 0.0; EventCycleTimeSum = 0.0; LogProcessCycleTimeCount = 0.0; SleepCycleTimeSum = 0.0; LogProcessCycleTimeSum = 0.0; SubmitCycleTimeCount = 1.0; SubmitCycleTimeMax = 0.03613805770874023; SubmitCycleTimeMin = 0.03613805770874023; SubmitCycleTimeAvg = 0.03613805770874023; SubmitCycleTimeStd = 0.03613805770874023; SubmitCycleTimeSum = 0.03613805770874023; SleepCycleTimeCount = 0.0; ]
08/10/20 13:51:17 Currently monitoring 1 HTCondor log file(s)
08/10/20 13:51:17 Reassigning the id of job create_dir_harry-potter-text-analysis_0_local from (34.0.0) to (34.0.0)
08/10/20 13:51:17 Event: ULOG_SUBMIT for HTCondor Node create_dir_harry-potter-text-analysis_0_local (34.0.0) {08/10/20 13:51:12}
08/10/20 13:51:17 Number of idle job procs: 1
08/10/20 13:51:17 Event: ULOG_EXECUTE for HTCondor Node create_dir_harry-potter-text-analysis_0_local (34.0.0) {08/10/20 13:51:13}
08/10/20 13:51:17 Number of idle job procs: 0
08/10/20 13:51:17 Event: ULOG_JOB_TERMINATED for HTCondor Node create_dir_harry-potter-text-analysis_0_local (34.0.0) {08/10/20 13:51:15}
08/10/20 13:51:17 Number of idle job procs: 0
08/10/20 13:51:17 Node create_dir_harry-potter-text-analysis_0_local job proc (34.0.0) completed successfully.
08/10/20 13:51:17 Node create_dir_harry-potter-text-analysis_0_local job completed
08/10/20 13:51:17 Running POST script of Node create_dir_harry-potter-text-analysis_0_local...
08/10/20 13:51:17 Warning: mysin has length 0 (ignore if produced by DAGMan; see gittrac #4987, #5031)
08/10/20 13:51:17 DAG status: 0 (DAG_STATUS_OK)
08/10/20 13:51:17 Of 19 nodes total:
08/10/20 13:51:17  Done     Pre   Queued    Post   Ready   Un-Ready   Failed
08/10/20 13:51:17   ===     ===      ===     ===     ===        ===      ===
08/10/20 13:51:17     0       0        0       1       0         18        0
08/10/20 13:51:17 0 job proc(s) currently held
08/10/20 13:51:17 DAGMan Runtime Statistics: [ EventCycleTimeStd = 0.04143285751342773; EventCycleTimeMax = 0.04143285751342773; SubmitCycleTimeMin = 0.001175880432128906; SubmitCycleTimeAvg = 0.01865696907043457; SleepCycleTimeCount = 1.0; SubmitCycleTimeCount = 2.0; SubmitCycleTimeMax = 0.03613805770874023; SleepCycleTimeMin = 5.012091159820557; SubmitCycleTimeSum = 0.03731393814086914; LogProcessCycleTimeStd = 0.03343701362609863; SubmitCycleTimeStd = 0.02472199263733809; LogProcessCycleTimeAvg = 0.03343701362609863; EventCycleTimeMin = 0.04143285751342773; LogProcessCycleTimeMax = 0.03343701362609863; LogProcessCycleTimeMin = 0.03343701362609863; LogProcessCycleTimeSum = 0.03343701362609863; LogProcessCycleTimeCount = 1.0; EventCycleTimeSum = 0.04143285751342773; SleepCycleTimeSum = 5.012091159820557; SleepCycleTimeAvg = 5.012091159820557; SleepCycleTimeStd = 5.012091159820557; SleepCycleTimeMax = 5.012091159820557; EventCycleTimeCount = 1.0; EventCycleTimeAvg = 0.04143285751342773; ]
08/10/20 13:51:17 Initializing user log writer for /home/scitech/shared-data/sample-text-analysis-wf/scitech/pegasus/harry-potter-text-analysis/run0003/./harry-potter-text-analysis-0.dag.nodes.log, (34.0.0)
08/10/20 13:51:22 Currently monitoring 1 HTCondor log file(s)
08/10/20 13:51:22 Event: ULOG_POST_SCRIPT_TERMINATED for HTCondor Node create_dir_harry-potter-text-analysis_0_local (34.0.0) {08/10/20 13:51:17}
08/10/20 13:51:22 POST Script of node create_dir_harry-potter-text-analysis_0_local completed successfully.
08/10/20 13:51:22 DAG status: 0 (DAG_STATUS_OK)
08/10/20 13:51:22 Of 19 nodes total:
08/10/20 13:51:22  Done     Pre   Queued    Post   Ready   Un-Ready   Failed
08/10/20 13:51:22   ===     ===      ===     ===     ===        ===      ===
08/10/20 13:51:22     1       0        0       0       4         14        0
08/10/20 13:51:22 0 job proc(s) currently held
08/10/20 13:51:22 DAGMan Runtime Statistics: [ EventCycleTimeStd = 3.540335274915099E-05; EventCycleTimeMax = 0.04148292541503906; SubmitCycleTimeMin = 0.0001509189605712891; SubmitCycleTimeAvg = 0.01248828570048014; SleepCycleTimeCount = 2.0; SubmitCycleTimeCount = 3.0; SubmitCycleTimeMax = 0.03613805770874023; SleepCycleTimeMin = 5.012091159820557; SubmitCycleTimeSum = 0.03746485710144043; LogProcessCycleTimeStd = 0.02198817945552746; SubmitCycleTimeStd = 0.02048771396560769; LogProcessCycleTimeAvg = 0.01788902282714844; EventCycleTimeMin = 0.04143285751342773; LogProcessCycleTimeMax = 0.03343701362609863; LogProcessCycleTimeMin = 0.002341032028198242; LogProcessCycleTimeSum = 0.03577804565429688; LogProcessCycleTimeCount = 2.0; EventCycleTimeSum = 0.0829157829284668; SleepCycleTimeSum = 10.20899510383606; SleepCycleTimeAvg = 5.10449755191803; SleepCycleTimeStd = 0.1306823729542125; SleepCycleTimeMax = 5.196903944015503; EventCycleTimeCount = 2.0; EventCycleTimeAvg = 0.0414578914642334; ]
08/10/20 13:51:27 Submitting HTCondor Node stage_in_remote_local_2_0 job(s)...
08/10/20 13:51:27 Adding a DAGMan workflow log /home/scitech/shared-data/sample-text-analysis-wf/scitech/pegasus/harry-potter-text-analysis/run0003/./harry-potter-text-analysis-0.dag.nodes.log
08/10/20 13:51:27 Masking the events recorded in the DAGMAN workflow log
08/10/20 13:51:27 Mask for workflow log is 0,1,2,4,5,7,9,10,11,12,13,16,17,24,27,35,36
08/10/20 13:51:27 submitting: /usr/bin/condor_submit -a dag_node_name' '=' 'stage_in_remote_local_2_0 -a +DAGManJobId' '=' '33 -a DAGManJobId' '=' '33 -batch-name harry-potter-text-analysis-0.dag+33 -a submit_event_notes' '=' 'DAG' 'Node:' 'stage_in_remote_local_2_0 -a dagman_log' '=' '/home/scitech/shared-data/sample-text-analysis-wf/scitech/pegasus/harry-potter-text-analysis/run0003/./harry-potter-text-analysis-0.dag.nodes.log -a +DAGManNodesMask' '=' '"0,1,2,4,5,7,9,10,11,12,13,16,17,24,27,35,36" -a priority=700 -a +DAGNodeRetry' '=' '0 -a DAG_STATUS' '=' '0 -a FAILED_COUNT' '=' '0 -a +KeepClaimIdle' '=' '20 -a notification' '=' 'never -a +DAGParentNodeNames' '=' '"create_dir_harry-potter-text-analysis_0_local" 00/00/stage_in_remote_local_2_0.sub
08/10/20 13:51:27 From submit: Submitting job(s).
08/10/20 13:51:27 From submit: 1 job(s) submitted to cluster 35.
08/10/20 13:51:27 	assigned HTCondor ID (35.0.0)
08/10/20 13:51:27 Submitting HTCondor Node stage_in_remote_local_1_0 job(s)...
08/10/20 13:51:27 Adding a DAGMan workflow log /home/scitech/shared-data/sample-text-analysis-wf/scitech/pegasus/harry-potter-text-analysis/run0003/./harry-potter-text-analysis-0.dag.nodes.log
08/10/20 13:51:27 Masking the events recorded in the DAGMAN workflow log
08/10/20 13:51:27 Mask for workflow log is 0,1,2,4,5,7,9,10,11,12,13,16,17,24,27,35,36
08/10/20 13:51:27 submitting: /usr/bin/condor_submit -a dag_node_name' '=' 'stage_in_remote_local_1_0 -a +DAGManJobId' '=' '33 -a DAGManJobId' '=' '33 -batch-name harry-potter-text-analysis-0.dag+33 -a submit_event_notes' '=' 'DAG' 'Node:' 'stage_in_remote_local_1_0 -a dagman_log' '=' '/home/scitech/shared-data/sample-text-analysis-wf/scitech/pegasus/harry-potter-text-analysis/run0003/./harry-potter-text-analysis-0.dag.nodes.log -a +DAGManNodesMask' '=' '"0,1,2,4,5,7,9,10,11,12,13,16,17,24,27,35,36" -a priority=700 -a +DAGNodeRetry' '=' '0 -a DAG_STATUS' '=' '0 -a FAILED_COUNT' '=' '0 -a +KeepClaimIdle' '=' '20 -a notification' '=' 'never -a +DAGParentNodeNames' '=' '"create_dir_harry-potter-text-analysis_0_local" 00/00/stage_in_remote_local_1_0.sub
08/10/20 13:51:27 From submit: Submitting job(s).
08/10/20 13:51:27 From submit: 1 job(s) submitted to cluster 36.
08/10/20 13:51:27 	assigned HTCondor ID (36.0.0)
08/10/20 13:51:27 Submitting HTCondor Node stage_in_remote_local_0_0 job(s)...
08/10/20 13:51:27 Adding a DAGMan workflow log /home/scitech/shared-data/sample-text-analysis-wf/scitech/pegasus/harry-potter-text-analysis/run0003/./harry-potter-text-analysis-0.dag.nodes.log
08/10/20 13:51:27 Masking the events recorded in the DAGMAN workflow log
08/10/20 13:51:27 Mask for workflow log is 0,1,2,4,5,7,9,10,11,12,13,16,17,24,27,35,36
08/10/20 13:51:27 submitting: /usr/bin/condor_submit -a dag_node_name' '=' 'stage_in_remote_local_0_0 -a +DAGManJobId' '=' '33 -a DAGManJobId' '=' '33 -batch-name harry-potter-text-analysis-0.dag+33 -a submit_event_notes' '=' 'DAG' 'Node:' 'stage_in_remote_local_0_0 -a dagman_log' '=' '/home/scitech/shared-data/sample-text-analysis-wf/scitech/pegasus/harry-potter-text-analysis/run0003/./harry-potter-text-analysis-0.dag.nodes.log -a +DAGManNodesMask' '=' '"0,1,2,4,5,7,9,10,11,12,13,16,17,24,27,35,36" -a priority=700 -a +DAGNodeRetry' '=' '0 -a DAG_STATUS' '=' '0 -a FAILED_COUNT' '=' '0 -a +KeepClaimIdle' '=' '20 -a notification' '=' 'never -a +DAGParentNodeNames' '=' '"create_dir_harry-potter-text-analysis_0_local" 00/00/stage_in_remote_local_0_0.sub
08/10/20 13:51:27 From submit: Submitting job(s).
08/10/20 13:51:27 From submit: 1 job(s) submitted to cluster 37.
08/10/20 13:51:27 	assigned HTCondor ID (37.0.0)
08/10/20 13:51:27 Submitting HTCondor Node stage_in_local_local_0_0 job(s)...
08/10/20 13:51:27 Adding a DAGMan workflow log /home/scitech/shared-data/sample-text-analysis-wf/scitech/pegasus/harry-potter-text-analysis/run0003/./harry-potter-text-analysis-0.dag.nodes.log
08/10/20 13:51:27 Masking the events recorded in the DAGMAN workflow log
08/10/20 13:51:27 Mask for workflow log is 0,1,2,4,5,7,9,10,11,12,13,16,17,24,27,35,36
08/10/20 13:51:27 submitting: /usr/bin/condor_submit -a dag_node_name' '=' 'stage_in_local_local_0_0 -a +DAGManJobId' '=' '33 -a DAGManJobId' '=' '33 -batch-name harry-potter-text-analysis-0.dag+33 -a submit_event_notes' '=' 'DAG' 'Node:' 'stage_in_local_local_0_0 -a dagman_log' '=' '/home/scitech/shared-data/sample-text-analysis-wf/scitech/pegasus/harry-potter-text-analysis/run0003/./harry-potter-text-analysis-0.dag.nodes.log -a +DAGManNodesMask' '=' '"0,1,2,4,5,7,9,10,11,12,13,16,17,24,27,35,36" -a priority=700 -a +DAGNodeRetry' '=' '0 -a DAG_STATUS' '=' '0 -a FAILED_COUNT' '=' '0 -a +KeepClaimIdle' '=' '20 -a notification' '=' 'never -a +DAGParentNodeNames' '=' '"create_dir_harry-potter-text-analysis_0_local" 00/00/stage_in_local_local_0_0.sub
08/10/20 13:51:27 From submit: Submitting job(s).
08/10/20 13:51:27 From submit: 1 job(s) submitted to cluster 38.
08/10/20 13:51:27 	assigned HTCondor ID (38.0.0)
08/10/20 13:51:27 Just submitted 4 jobs this cycle...
08/10/20 13:51:27 DAG status: 0 (DAG_STATUS_OK)
08/10/20 13:51:27 Of 19 nodes total:
08/10/20 13:51:27  Done     Pre   Queued    Post   Ready   Un-Ready   Failed
08/10/20 13:51:27   ===     ===      ===     ===     ===        ===      ===
08/10/20 13:51:27     1       0        4       0       0         14        0
08/10/20 13:51:27 0 job proc(s) currently held
08/10/20 13:51:27 DAGMan Runtime Statistics: [ EventCycleTimeStd = 0.0201287258046853; EventCycleTimeMax = 0.04148292541503906; SubmitCycleTimeMin = 0.0001509189605712891; SubmitCycleTimeAvg = 0.03881168365478516; SleepCycleTimeCount = 3.0; SubmitCycleTimeCount = 4.0; SubmitCycleTimeMax = 0.1177818775177002; SleepCycleTimeMin = 5.009931087493896; SubmitCycleTimeSum = 0.1552467346191406; LogProcessCycleTimeStd = 0.02198817945552746; SubmitCycleTimeStd = 0.05524052921965183; LogProcessCycleTimeAvg = 0.01788902282714844; EventCycleTimeMin = 0.006593942642211914; LogProcessCycleTimeMax = 0.03343701362609863; LogProcessCycleTimeMin = 0.002341032028198242; LogProcessCycleTimeSum = 0.03577804565429688; LogProcessCycleTimeCount = 2.0; EventCycleTimeSum = 0.08950972557067871; SleepCycleTimeSum = 15.21892619132996; SleepCycleTimeAvg = 5.072975397109985; SleepCycleTimeStd = 0.1073307040492091; SleepCycleTimeMax = 5.196903944015503; EventCycleTimeCount = 3.0; EventCycleTimeAvg = 0.02983657519022624; ]
08/10/20 13:51:32 Currently monitoring 1 HTCondor log file(s)
08/10/20 13:51:32 Reassigning the id of job stage_in_remote_local_2_0 from (35.0.0) to (35.0.0)
08/10/20 13:51:32 Event: ULOG_SUBMIT for HTCondor Node stage_in_remote_local_2_0 (35.0.0) {08/10/20 13:51:27}
08/10/20 13:51:32 Number of idle job procs: 1
08/10/20 13:51:32 Reassigning the id of job stage_in_remote_local_1_0 from (36.0.0) to (36.0.0)
08/10/20 13:51:32 Event: ULOG_SUBMIT for HTCondor Node stage_in_remote_local_1_0 (36.0.0) {08/10/20 13:51:27}
08/10/20 13:51:32 Number of idle job procs: 2
08/10/20 13:51:32 Reassigning the id of job stage_in_remote_local_0_0 from (37.0.0) to (37.0.0)
08/10/20 13:51:32 Event: ULOG_SUBMIT for HTCondor Node stage_in_remote_local_0_0 (37.0.0) {08/10/20 13:51:27}
08/10/20 13:51:32 Number of idle job procs: 3
08/10/20 13:51:32 Reassigning the id of job stage_in_local_local_0_0 from (38.0.0) to (38.0.0)
08/10/20 13:51:32 Event: ULOG_SUBMIT for HTCondor Node stage_in_local_local_0_0 (38.0.0) {08/10/20 13:51:27}
08/10/20 13:51:32 Number of idle job procs: 4
08/10/20 13:51:32 Event: ULOG_EXECUTE for HTCondor Node stage_in_remote_local_1_0 (36.0.0) {08/10/20 13:51:30}
08/10/20 13:51:32 Number of idle job procs: 3
08/10/20 13:51:32 Event: ULOG_EXECUTE for HTCondor Node stage_in_local_local_0_0 (38.0.0) {08/10/20 13:51:30}
08/10/20 13:51:32 Number of idle job procs: 2
08/10/20 13:51:32 Event: ULOG_EXECUTE for HTCondor Node stage_in_remote_local_2_0 (35.0.0) {08/10/20 13:51:30}
08/10/20 13:51:32 Number of idle job procs: 1
08/10/20 13:51:32 Event: ULOG_EXECUTE for HTCondor Node stage_in_remote_local_0_0 (37.0.0) {08/10/20 13:51:30}
08/10/20 13:51:32 Number of idle job procs: 0
08/10/20 13:51:32 Event: ULOG_JOB_TERMINATED for HTCondor Node stage_in_local_local_0_0 (38.0.0) {08/10/20 13:51:32}
08/10/20 13:51:32 Number of idle job procs: 0
08/10/20 13:51:32 Node stage_in_local_local_0_0 job proc (38.0.0) completed successfully.
08/10/20 13:51:32 Node stage_in_local_local_0_0 job completed
08/10/20 13:51:32 Running POST script of Node stage_in_local_local_0_0...
08/10/20 13:51:32 Warning: mysin has length 0 (ignore if produced by DAGMan; see gittrac #4987, #5031)
08/10/20 13:51:32 Event: ULOG_JOB_TERMINATED for HTCondor Node stage_in_remote_local_1_0 (36.0.0) {08/10/20 13:51:32}
08/10/20 13:51:32 Number of idle job procs: 0
08/10/20 13:51:32 Node stage_in_remote_local_1_0 job proc (36.0.0) completed successfully.
08/10/20 13:51:32 Node stage_in_remote_local_1_0 job completed
08/10/20 13:51:32 Running POST script of Node stage_in_remote_local_1_0...
08/10/20 13:51:32 Warning: mysin has length 0 (ignore if produced by DAGMan; see gittrac #4987, #5031)
08/10/20 13:51:32 Event: ULOG_JOB_TERMINATED for HTCondor Node stage_in_remote_local_2_0 (35.0.0) {08/10/20 13:51:32}
08/10/20 13:51:32 Number of idle job procs: 0
08/10/20 13:51:32 Node stage_in_remote_local_2_0 job proc (35.0.0) completed successfully.
08/10/20 13:51:32 Node stage_in_remote_local_2_0 job completed
08/10/20 13:51:32 Running POST script of Node stage_in_remote_local_2_0...
08/10/20 13:51:32 Warning: mysin has length 0 (ignore if produced by DAGMan; see gittrac #4987, #5031)
08/10/20 13:51:32 Event: ULOG_JOB_TERMINATED for HTCondor Node stage_in_remote_local_0_0 (37.0.0) {08/10/20 13:51:32}
08/10/20 13:51:32 Number of idle job procs: 0
08/10/20 13:51:32 Node stage_in_remote_local_0_0 job proc (37.0.0) completed successfully.
08/10/20 13:51:32 Node stage_in_remote_local_0_0 job completed
08/10/20 13:51:32 Running POST script of Node stage_in_remote_local_0_0...
08/10/20 13:51:32 Warning: mysin has length 0 (ignore if produced by DAGMan; see gittrac #4987, #5031)
08/10/20 13:51:33 DAG status: 0 (DAG_STATUS_OK)
08/10/20 13:51:33 Of 19 nodes total:
08/10/20 13:51:33  Done     Pre   Queued    Post   Ready   Un-Ready   Failed
08/10/20 13:51:33   ===     ===      ===     ===     ===        ===      ===
08/10/20 13:51:33     1       0        0       4       0         14        0
08/10/20 13:51:33 0 job proc(s) currently held
08/10/20 13:51:33 DAGMan Runtime Statistics: [ EventCycleTimeStd = 0.04937011611828223; EventCycleTimeMax = 0.1229450702667236; SubmitCycleTimeMin = 0.0001509189605712891; SubmitCycleTimeAvg = 0.03124074935913086; SleepCycleTimeCount = 4.0; SubmitCycleTimeCount = 5.0; SubmitCycleTimeMax = 0.1177818775177002; SleepCycleTimeMin = 5.008703947067261; SubmitCycleTimeSum = 0.1562037467956543; LogProcessCycleTimeStd = 0.04050543017758607; SubmitCycleTimeStd = 0.0507467465153775; LogProcessCycleTimeAvg = 0.03948338826497396; EventCycleTimeMin = 0.006593942642211914; LogProcessCycleTimeMax = 0.082672119140625; LogProcessCycleTimeMin = 0.002341032028198242; LogProcessCycleTimeSum = 0.1184501647949219; LogProcessCycleTimeCount = 3.0; EventCycleTimeSum = 0.2124547958374023; SleepCycleTimeSum = 20.22763013839722; SleepCycleTimeAvg = 5.056907534599304; SleepCycleTimeStd = 0.09334144226323704; SleepCycleTimeMax = 5.196903944015503; EventCycleTimeCount = 4.0; EventCycleTimeAvg = 0.05311369895935059; ]
08/10/20 13:51:33 Initializing user log writer for /home/scitech/shared-data/sample-text-analysis-wf/scitech/pegasus/harry-potter-text-analysis/run0003/./harry-potter-text-analysis-0.dag.nodes.log, (38.0.0)
08/10/20 13:51:33 Initializing user log writer for /home/scitech/shared-data/sample-text-analysis-wf/scitech/pegasus/harry-potter-text-analysis/run0003/./harry-potter-text-analysis-0.dag.nodes.log, (36.0.0)
08/10/20 13:51:33 Initializing user log writer for /home/scitech/shared-data/sample-text-analysis-wf/scitech/pegasus/harry-potter-text-analysis/run0003/./harry-potter-text-analysis-0.dag.nodes.log, (35.0.0)
08/10/20 13:51:33 Initializing user log writer for /home/scitech/shared-data/sample-text-analysis-wf/scitech/pegasus/harry-potter-text-analysis/run0003/./harry-potter-text-analysis-0.dag.nodes.log, (37.0.0)
08/10/20 13:51:38 Currently monitoring 1 HTCondor log file(s)
08/10/20 13:51:38 Event: ULOG_POST_SCRIPT_TERMINATED for HTCondor Node stage_in_local_local_0_0 (38.0.0) {08/10/20 13:51:33}
08/10/20 13:51:38 POST Script of node stage_in_local_local_0_0 completed successfully.
08/10/20 13:51:38 Event: ULOG_POST_SCRIPT_TERMINATED for HTCondor Node stage_in_remote_local_1_0 (36.0.0) {08/10/20 13:51:33}
08/10/20 13:51:38 POST Script of node stage_in_remote_local_1_0 completed successfully.
08/10/20 13:51:38 Event: ULOG_POST_SCRIPT_TERMINATED for HTCondor Node stage_in_remote_local_2_0 (35.0.0) {08/10/20 13:51:33}
08/10/20 13:51:38 POST Script of node stage_in_remote_local_2_0 completed successfully.
08/10/20 13:51:38 Event: ULOG_POST_SCRIPT_TERMINATED for HTCondor Node stage_in_remote_local_0_0 (37.0.0) {08/10/20 13:51:33}
08/10/20 13:51:38 POST Script of node stage_in_remote_local_0_0 completed successfully.
08/10/20 13:51:38 DAG status: 0 (DAG_STATUS_OK)
08/10/20 13:51:38 Of 19 nodes total:
08/10/20 13:51:38  Done     Pre   Queued    Post   Ready   Un-Ready   Failed
08/10/20 13:51:38   ===     ===      ===     ===     ===        ===      ===
08/10/20 13:51:38     5       0        0       0       1         13        0
08/10/20 13:51:38 0 job proc(s) currently held
08/10/20 13:51:38 DAGMan Runtime Statistics: [ EventCycleTimeStd = 0.04581834466963419; EventCycleTimeMax = 0.1229450702667236; SubmitCycleTimeMin = 0.0001509189605712891; SubmitCycleTimeAvg = 0.02609443664550781; SleepCycleTimeCount = 5.0; SubmitCycleTimeCount = 6.0; SubmitCycleTimeMax = 0.1177818775177002; SleepCycleTimeMin = 5.008703947067261; SubmitCycleTimeSum = 0.1565666198730469; LogProcessCycleTimeStd = 0.03683047535359035; SubmitCycleTimeStd = 0.04710725032089192; LogProcessCycleTimeAvg = 0.03137952089309692; EventCycleTimeMin = 0.006593942642211914; LogProcessCycleTimeMax = 0.082672119140625; LogProcessCycleTimeMin = 0.002341032028198242; LogProcessCycleTimeSum = 0.1255180835723877; LogProcessCycleTimeCount = 4.0; EventCycleTimeSum = 0.3023967742919922; SleepCycleTimeSum = 25.48372316360474; SleepCycleTimeAvg = 5.096744632720947; SleepCycleTimeStd = 0.1202889877196049; SleepCycleTimeMax = 5.25609302520752; EventCycleTimeCount = 5.0; EventCycleTimeAvg = 0.06047935485839843; ]
08/10/20 13:51:43 Submitting HTCondor Node word_count_ID0000001 job(s)...
08/10/20 13:51:43 Adding a DAGMan workflow log /home/scitech/shared-data/sample-text-analysis-wf/scitech/pegasus/harry-potter-text-analysis/run0003/./harry-potter-text-analysis-0.dag.nodes.log
08/10/20 13:51:43 Masking the events recorded in the DAGMAN workflow log
08/10/20 13:51:43 Mask for workflow log is 0,1,2,4,5,7,9,10,11,12,13,16,17,24,27,35,36
08/10/20 13:51:43 submitting: /usr/bin/condor_submit -a dag_node_name' '=' 'word_count_ID0000001 -a +DAGManJobId' '=' '33 -a DAGManJobId' '=' '33 -batch-name harry-potter-text-analysis-0.dag+33 -a submit_event_notes' '=' 'DAG' 'Node:' 'word_count_ID0000001 -a dagman_log' '=' '/home/scitech/shared-data/sample-text-analysis-wf/scitech/pegasus/harry-potter-text-analysis/run0003/./harry-potter-text-analysis-0.dag.nodes.log -a +DAGManNodesMask' '=' '"0,1,2,4,5,7,9,10,11,12,13,16,17,24,27,35,36" -a priority=20 -a +DAGNodeRetry' '=' '0 -a DAG_STATUS' '=' '0 -a FAILED_COUNT' '=' '0 -a +KeepClaimIdle' '=' '20 -a notification' '=' 'never -a +DAGParentNodeNames' '=' '"stage_in_remote_local_0_0,stage_in_local_local_0_0" 00/00/word_count_ID0000001.sub
08/10/20 13:51:43 From submit: Submitting job(s).
08/10/20 13:51:43 From submit: 1 job(s) submitted to cluster 39.
08/10/20 13:51:43 	assigned HTCondor ID (39.0.0)
08/10/20 13:51:43 Just submitted 1 job this cycle...
08/10/20 13:51:43 DAG status: 0 (DAG_STATUS_OK)
08/10/20 13:51:43 Of 19 nodes total:
08/10/20 13:51:43  Done     Pre   Queued    Post   Ready   Un-Ready   Failed
08/10/20 13:51:43   ===     ===      ===     ===     ===        ===      ===
08/10/20 13:51:43     5       0        1       0       0         13        0
08/10/20 13:51:43 0 job proc(s) currently held
08/10/20 13:51:43 DAGMan Runtime Statistics: [ EventCycleTimeStd = 0.04545056014482456; EventCycleTimeMax = 0.1229450702667236; SubmitCycleTimeMin = 0.0001509189605712891; SubmitCycleTimeAvg = 0.02926880972726004; SleepCycleTimeCount = 6.0; SubmitCycleTimeCount = 7.0; SubmitCycleTimeMax = 0.1177818775177002; SleepCycleTimeMin = 5.002634048461914; SubmitCycleTimeSum = 0.2048816680908203; LogProcessCycleTimeStd = 0.03683047535359035; SubmitCycleTimeStd = 0.04381530218121346; LogProcessCycleTimeAvg = 0.03137952089309692; EventCycleTimeMin = 0.006593942642211914; LogProcessCycleTimeMax = 0.082672119140625; LogProcessCycleTimeMin = 0.002341032028198242; LogProcessCycleTimeSum = 0.1255180835723877; LogProcessCycleTimeCount = 4.0; EventCycleTimeSum = 0.3147327899932861; SleepCycleTimeSum = 30.48635721206665; SleepCycleTimeAvg = 5.081059535344441; SleepCycleTimeStd = 0.1142439763468825; SleepCycleTimeMax = 5.25609302520752; EventCycleTimeCount = 6.0; EventCycleTimeAvg = 0.05245546499888102; ]
08/10/20 13:51:48 Currently monitoring 1 HTCondor log file(s)
08/10/20 13:51:48 Reassigning the id of job word_count_ID0000001 from (39.0.0) to (39.0.0)
08/10/20 13:51:48 Event: ULOG_SUBMIT for HTCondor Node word_count_ID0000001 (39.0.0) {08/10/20 13:51:43}
08/10/20 13:51:48 Number of idle job procs: 1
08/10/20 13:51:53 Currently monitoring 1 HTCondor log file(s)
08/10/20 13:51:53 Event: ULOG_EXECUTE for HTCondor Node word_count_ID0000001 (39.0.0) {08/10/20 13:51:52}
08/10/20 13:51:53 Number of idle job procs: 0
08/10/20 13:51:58 Currently monitoring 1 HTCondor log file(s)
08/10/20 13:51:58 Event: ULOG_JOB_TERMINATED for HTCondor Node word_count_ID0000001 (39.0.0) {08/10/20 13:51:53}
08/10/20 13:51:58 Number of idle job procs: 0
08/10/20 13:51:58 Node word_count_ID0000001 job proc (39.0.0) completed successfully.
08/10/20 13:51:58 Node word_count_ID0000001 job completed
08/10/20 13:51:58 Running POST script of Node word_count_ID0000001...
08/10/20 13:51:58 Warning: mysin has length 0 (ignore if produced by DAGMan; see gittrac #4987, #5031)
08/10/20 13:51:58 DAG status: 0 (DAG_STATUS_OK)
08/10/20 13:51:58 Of 19 nodes total:
08/10/20 13:51:58  Done     Pre   Queued    Post   Ready   Un-Ready   Failed
08/10/20 13:51:58   ===     ===      ===     ===     ===        ===      ===
08/10/20 13:51:58     5       0        0       1       0         13        0
08/10/20 13:51:58 0 job proc(s) currently held
08/10/20 13:51:58 DAGMan Runtime Statistics: [ EventCycleTimeStd = 0.04114188788000112; EventCycleTimeMax = 0.1229450702667236; SubmitCycleTimeMin = 0.0001509189605712891; SubmitCycleTimeAvg = 0.02063467502593994; SleepCycleTimeCount = 9.0; SubmitCycleTimeCount = 10.0; SubmitCycleTimeMax = 0.1177818775177002; SleepCycleTimeMin = 5.001163005828857; SubmitCycleTimeSum = 0.2063467502593994; LogProcessCycleTimeStd = 0.02924658826584992; SubmitCycleTimeStd = 0.03838172020339357; LogProcessCycleTimeAvg = 0.02088073321751186; EventCycleTimeMin = 0.002817153930664062; LogProcessCycleTimeMax = 0.082672119140625; LogProcessCycleTimeMin = 0.002202987670898438; LogProcessCycleTimeSum = 0.146165132522583; LogProcessCycleTimeCount = 7.0; EventCycleTimeSum = 0.3826677799224854; SleepCycleTimeSum = 45.49744319915771; SleepCycleTimeAvg = 5.055271466573079; SleepCycleTimeStd = 0.09825889953729128; SleepCycleTimeMax = 5.25609302520752; EventCycleTimeCount = 9.0; EventCycleTimeAvg = 0.04251864221360949; ]
08/10/20 13:51:58 Initializing user log writer for /home/scitech/shared-data/sample-text-analysis-wf/scitech/pegasus/harry-potter-text-analysis/run0003/./harry-potter-text-analysis-0.dag.nodes.log, (39.0.0)
08/10/20 13:52:03 Currently monitoring 1 HTCondor log file(s)
08/10/20 13:52:03 Event: ULOG_POST_SCRIPT_TERMINATED for HTCondor Node word_count_ID0000001 (39.0.0) {08/10/20 13:51:58}
08/10/20 13:52:03 POST Script of node word_count_ID0000001 completed successfully.
08/10/20 13:52:03 DAG status: 0 (DAG_STATUS_OK)
08/10/20 13:52:03 Of 19 nodes total:
08/10/20 13:52:03  Done     Pre   Queued    Post   Ready   Un-Ready   Failed
08/10/20 13:52:03   ===     ===      ===     ===     ===        ===      ===
08/10/20 13:52:03     6       0        0       0       3         10        0
08/10/20 13:52:03 0 job proc(s) currently held
08/10/20 13:52:03 DAGMan Runtime Statistics: [ EventCycleTimeStd = 0.03987761930841992; EventCycleTimeMax = 0.1229450702667236; SubmitCycleTimeMin = 0.0001509189605712891; SubmitCycleTimeAvg = 0.0188121578910134; SleepCycleTimeCount = 10.0; SubmitCycleTimeCount = 11.0; SubmitCycleTimeMax = 0.1177818775177002; SleepCycleTimeMin = 5.001163005828857; SubmitCycleTimeSum = 0.2069337368011475; LogProcessCycleTimeStd = 0.02767853335041548; SubmitCycleTimeStd = 0.03691040580883039; LogProcessCycleTimeAvg = 0.01885178685188293; EventCycleTimeMin = 0.002817153930664062; LogProcessCycleTimeMax = 0.082672119140625; LogProcessCycleTimeMin = 0.002202987670898438; LogProcessCycleTimeSum = 0.1508142948150635; LogProcessCycleTimeCount = 8.0; EventCycleTimeSum = 0.3959217071533203; SleepCycleTimeSum = 50.70712113380432; SleepCycleTimeAvg = 5.070712113380432; SleepCycleTimeStd = 0.1047195791684146; SleepCycleTimeMax = 5.25609302520752; EventCycleTimeCount = 10.0; EventCycleTimeAvg = 0.03959217071533203; ]
08/10/20 13:52:08 Submitting HTCondor Node clean_up_local_level_3_0 job(s)...
08/10/20 13:52:08 Adding a DAGMan workflow log /home/scitech/shared-data/sample-text-analysis-wf/scitech/pegasus/harry-potter-text-analysis/run0003/./harry-potter-text-analysis-0.dag.nodes.log
08/10/20 13:52:08 Masking the events recorded in the DAGMAN workflow log
08/10/20 13:52:08 Mask for workflow log is 0,1,2,4,5,7,9,10,11,12,13,16,17,24,27,35,36
08/10/20 13:52:08 submitting: /usr/bin/condor_submit -a dag_node_name' '=' 'clean_up_local_level_3_0 -a +DAGManJobId' '=' '33 -a DAGManJobId' '=' '33 -batch-name harry-potter-text-analysis-0.dag+33 -a submit_event_notes' '=' 'DAG' 'Node:' 'clean_up_local_level_3_0 -a dagman_log' '=' '/home/scitech/shared-data/sample-text-analysis-wf/scitech/pegasus/harry-potter-text-analysis/run0003/./harry-potter-text-analysis-0.dag.nodes.log -a +DAGManNodesMask' '=' '"0,1,2,4,5,7,9,10,11,12,13,16,17,24,27,35,36" -a priority=1000 -a +DAGNodeRetry' '=' '0 -a DAG_STATUS' '=' '0 -a FAILED_COUNT' '=' '0 -a +KeepClaimIdle' '=' '20 -a notification' '=' 'never -a +DAGParentNodeNames' '=' '"word_count_ID0000001" 00/00/clean_up_local_level_3_0.sub
08/10/20 13:52:08 From submit: Submitting job(s).
08/10/20 13:52:08 From submit: 1 job(s) submitted to cluster 40.
08/10/20 13:52:08 	assigned HTCondor ID (40.0.0)
08/10/20 13:52:08 Submitting HTCondor Node stage_out_local_local_0_0 job(s)...
08/10/20 13:52:08 Adding a DAGMan workflow log /home/scitech/shared-data/sample-text-analysis-wf/scitech/pegasus/harry-potter-text-analysis/run0003/./harry-potter-text-analysis-0.dag.nodes.log
08/10/20 13:52:08 Masking the events recorded in the DAGMAN workflow log
08/10/20 13:52:08 Mask for workflow log is 0,1,2,4,5,7,9,10,11,12,13,16,17,24,27,35,36
08/10/20 13:52:08 submitting: /usr/bin/condor_submit -a dag_node_name' '=' 'stage_out_local_local_0_0 -a +DAGManJobId' '=' '33 -a DAGManJobId' '=' '33 -batch-name harry-potter-text-analysis-0.dag+33 -a submit_event_notes' '=' 'DAG' 'Node:' 'stage_out_local_local_0_0 -a dagman_log' '=' '/home/scitech/shared-data/sample-text-analysis-wf/scitech/pegasus/harry-potter-text-analysis/run0003/./harry-potter-text-analysis-0.dag.nodes.log -a +DAGManNodesMask' '=' '"0,1,2,4,5,7,9,10,11,12,13,16,17,24,27,35,36" -a priority=900 -a +DAGNodeRetry' '=' '0 -a DAG_STATUS' '=' '0 -a FAILED_COUNT' '=' '0 -a +KeepClaimIdle' '=' '20 -a notification' '=' 'never -a +DAGParentNodeNames' '=' '"word_count_ID0000001" 00/00/stage_out_local_local_0_0.sub
08/10/20 13:52:08 From submit: Submitting job(s).
08/10/20 13:52:08 From submit: 1 job(s) submitted to cluster 41.
08/10/20 13:52:08 	assigned HTCondor ID (41.0.0)
08/10/20 13:52:08 Submitting HTCondor Node sort_ID0000002 job(s)...
08/10/20 13:52:08 Adding a DAGMan workflow log /home/scitech/shared-data/sample-text-analysis-wf/scitech/pegasus/harry-potter-text-analysis/run0003/./harry-potter-text-analysis-0.dag.nodes.log
08/10/20 13:52:08 Masking the events recorded in the DAGMAN workflow log
08/10/20 13:52:08 Mask for workflow log is 0,1,2,4,5,7,9,10,11,12,13,16,17,24,27,35,36
08/10/20 13:52:08 submitting: /usr/bin/condor_submit -a dag_node_name' '=' 'sort_ID0000002 -a +DAGManJobId' '=' '33 -a DAGManJobId' '=' '33 -batch-name harry-potter-text-analysis-0.dag+33 -a submit_event_notes' '=' 'DAG' 'Node:' 'sort_ID0000002 -a dagman_log' '=' '/home/scitech/shared-data/sample-text-analysis-wf/scitech/pegasus/harry-potter-text-analysis/run0003/./harry-potter-text-analysis-0.dag.nodes.log -a +DAGManNodesMask' '=' '"0,1,2,4,5,7,9,10,11,12,13,16,17,24,27,35,36" -a priority=30 -a +DAGNodeRetry' '=' '0 -a DAG_STATUS' '=' '0 -a FAILED_COUNT' '=' '0 -a +KeepClaimIdle' '=' '20 -a notification' '=' 'never -a +DAGParentNodeNames' '=' '"stage_in_remote_local_1_0,word_count_ID0000001" 00/00/sort_ID0000002.sub
08/10/20 13:52:08 From submit: Submitting job(s).
08/10/20 13:52:08 From submit: 1 job(s) submitted to cluster 42.
08/10/20 13:52:08 	assigned HTCondor ID (42.0.0)
08/10/20 13:52:08 Just submitted 3 jobs this cycle...
08/10/20 13:52:08 DAG status: 0 (DAG_STATUS_OK)
08/10/20 13:52:08 Of 19 nodes total:
08/10/20 13:52:08  Done     Pre   Queued    Post   Ready   Un-Ready   Failed
08/10/20 13:52:08   ===     ===      ===     ===     ===        ===      ===
08/10/20 13:52:08     6       0        3       0       0         10        0
08/10/20 13:52:08 0 job proc(s) currently held
08/10/20 13:52:08 DAGMan Runtime Statistics: [ EventCycleTimeStd = 0.03874510666787746; EventCycleTimeMax = 0.1229450702667236; SubmitCycleTimeMin = 0.0001509189605712891; SubmitCycleTimeAvg = 0.0246160626411438; SleepCycleTimeCount = 11.0; SubmitCycleTimeCount = 12.0; SubmitCycleTimeMax = 0.1177818775177002; SleepCycleTimeMin = 5.001163005828857; SubmitCycleTimeSum = 0.2953927516937256; LogProcessCycleTimeStd = 0.02767853335041548; SubmitCycleTimeStd = 0.04053084295350526; LogProcessCycleTimeAvg = 0.01885178685188293; EventCycleTimeMin = 0.002817153930664062; LogProcessCycleTimeMax = 0.082672119140625; LogProcessCycleTimeMin = 0.002202987670898438; LogProcessCycleTimeSum = 0.1508142948150635; LogProcessCycleTimeCount = 8.0; EventCycleTimeSum = 0.407768726348877; SleepCycleTimeSum = 55.70849108695984; SleepCycleTimeAvg = 5.064408280632713; SleepCycleTimeStd = 0.1015218824466541; SleepCycleTimeMax = 5.25609302520752; EventCycleTimeCount = 11.0; EventCycleTimeAvg = 0.03706988421353427; ]
08/10/20 13:52:13 Currently monitoring 1 HTCondor log file(s)
08/10/20 13:52:13 Reassigning the id of job clean_up_local_level_3_0 from (40.0.0) to (40.0.0)
08/10/20 13:52:13 Event: ULOG_SUBMIT for HTCondor Node clean_up_local_level_3_0 (40.0.0) {08/10/20 13:52:08}
08/10/20 13:52:13 Number of idle job procs: 1
08/10/20 13:52:13 Reassigning the id of job stage_out_local_local_0_0 from (41.0.0) to (41.0.0)
08/10/20 13:52:13 Event: ULOG_SUBMIT for HTCondor Node stage_out_local_local_0_0 (41.0.0) {08/10/20 13:52:08}
08/10/20 13:52:13 Number of idle job procs: 2
08/10/20 13:52:13 Reassigning the id of job sort_ID0000002 from (42.0.0) to (42.0.0)
08/10/20 13:52:13 Event: ULOG_SUBMIT for HTCondor Node sort_ID0000002 (42.0.0) {08/10/20 13:52:08}
08/10/20 13:52:13 Number of idle job procs: 3
08/10/20 13:52:13 Event: ULOG_EXECUTE for HTCondor Node sort_ID0000002 (42.0.0) {08/10/20 13:52:09}
08/10/20 13:52:13 Number of idle job procs: 2
08/10/20 13:52:13 Event: ULOG_JOB_TERMINATED for HTCondor Node sort_ID0000002 (42.0.0) {08/10/20 13:52:11}
08/10/20 13:52:13 Number of idle job procs: 2
08/10/20 13:52:13 Node sort_ID0000002 job proc (42.0.0) completed successfully.
08/10/20 13:52:13 Node sort_ID0000002 job completed
08/10/20 13:52:13 Running POST script of Node sort_ID0000002...
08/10/20 13:52:13 Warning: mysin has length 0 (ignore if produced by DAGMan; see gittrac #4987, #5031)
08/10/20 13:52:13 DAG status: 0 (DAG_STATUS_OK)
08/10/20 13:52:13 Of 19 nodes total:
08/10/20 13:52:13  Done     Pre   Queued    Post   Ready   Un-Ready   Failed
08/10/20 13:52:13   ===     ===      ===     ===     ===        ===      ===
08/10/20 13:52:13     6       0        2       1       0         10        0
08/10/20 13:52:13 0 job proc(s) currently held
08/10/20 13:52:13 DAGMan Runtime Statistics: [ EventCycleTimeStd = 0.04024082021489463; EventCycleTimeMax = 0.1229450702667236; SubmitCycleTimeMin = 0.0001509189605712891; SubmitCycleTimeAvg = 0.02282296694242037; SleepCycleTimeCount = 12.0; SubmitCycleTimeCount = 13.0; SubmitCycleTimeMax = 0.1177818775177002; SleepCycleTimeMin = 5.001163005828857; SubmitCycleTimeSum = 0.2966985702514648; LogProcessCycleTimeStd = 0.02594247470632999; SubmitCycleTimeStd = 0.03934019521702594; LogProcessCycleTimeAvg = 0.01939680841233995; EventCycleTimeMin = 0.002817153930664062; LogProcessCycleTimeMax = 0.082672119140625; LogProcessCycleTimeMin = 0.002202987670898438; LogProcessCycleTimeSum = 0.1745712757110596; LogProcessCycleTimeCount = 9.0; EventCycleTimeSum = 0.5001137256622314; SleepCycleTimeSum = 60.72398924827576; SleepCycleTimeAvg = 5.060332437356313; SleepCycleTimeStd = 0.09782162613922243; SleepCycleTimeMax = 5.25609302520752; EventCycleTimeCount = 12.0; EventCycleTimeAvg = 0.04167614380518595; ]
08/10/20 13:52:13 Initializing user log writer for /home/scitech/shared-data/sample-text-analysis-wf/scitech/pegasus/harry-potter-text-analysis/run0003/./harry-potter-text-analysis-0.dag.nodes.log, (42.0.0)
08/10/20 13:52:18 Currently monitoring 1 HTCondor log file(s)
08/10/20 13:52:18 Event: ULOG_EXECUTE for HTCondor Node clean_up_local_level_3_0 (40.0.0) {08/10/20 13:52:13}
08/10/20 13:52:18 Number of idle job procs: 1
08/10/20 13:52:18 Event: ULOG_EXECUTE for HTCondor Node stage_out_local_local_0_0 (41.0.0) {08/10/20 13:52:13}
08/10/20 13:52:18 Number of idle job procs: 0
08/10/20 13:52:18 Event: ULOG_POST_SCRIPT_TERMINATED for HTCondor Node sort_ID0000002 (42.0.0) {08/10/20 13:52:13}
08/10/20 13:52:18 POST Script of node sort_ID0000002 completed successfully.
08/10/20 13:52:18 Event: ULOG_JOB_TERMINATED for HTCondor Node stage_out_local_local_0_0 (41.0.0) {08/10/20 13:52:16}
08/10/20 13:52:18 Number of idle job procs: 0
08/10/20 13:52:18 Node stage_out_local_local_0_0 job proc (41.0.0) completed successfully.
08/10/20 13:52:18 Node stage_out_local_local_0_0 job completed
08/10/20 13:52:18 Running POST script of Node stage_out_local_local_0_0...
08/10/20 13:52:18 Warning: mysin has length 0 (ignore if produced by DAGMan; see gittrac #4987, #5031)
08/10/20 13:52:18 Event: ULOG_JOB_TERMINATED for HTCondor Node clean_up_local_level_3_0 (40.0.0) {08/10/20 13:52:18}
08/10/20 13:52:18 Number of idle job procs: 0
08/10/20 13:52:18 Node clean_up_local_level_3_0 job proc (40.0.0) completed successfully.
08/10/20 13:52:18 Node clean_up_local_level_3_0 job completed
08/10/20 13:52:18 Running POST script of Node clean_up_local_level_3_0...
08/10/20 13:52:18 Warning: mysin has length 0 (ignore if produced by DAGMan; see gittrac #4987, #5031)
08/10/20 13:52:18 DAG status: 0 (DAG_STATUS_OK)
08/10/20 13:52:18 Of 19 nodes total:
08/10/20 13:52:18  Done     Pre   Queued    Post   Ready   Un-Ready   Failed
08/10/20 13:52:18   ===     ===      ===     ===     ===        ===      ===
08/10/20 13:52:18     7       0        0       2       2          8        0
08/10/20 13:52:18 0 job proc(s) currently held
08/10/20 13:52:18 DAGMan Runtime Statistics: [ EventCycleTimeStd = 0.03866397726072821; EventCycleTimeMax = 0.1229450702667236; SubmitCycleTimeMin = 0.0001509189605712891; SubmitCycleTimeAvg = 0.02129789761134556; SleepCycleTimeCount = 13.0; SubmitCycleTimeCount = 14.0; SubmitCycleTimeMax = 0.1177818775177002; SleepCycleTimeMin = 5.001163005828857; SubmitCycleTimeSum = 0.2981705665588379; LogProcessCycleTimeStd = 0.02470279273637054; SubmitCycleTimeStd = 0.03822515659083385; LogProcessCycleTimeAvg = 0.02049202919006348; EventCycleTimeMin = 0.002817153930664062; LogProcessCycleTimeMax = 0.082672119140625; LogProcessCycleTimeMin = 0.002202987670898438; LogProcessCycleTimeSum = 0.2049202919006348; LogProcessCycleTimeCount = 10.0; EventCycleTimeSum = 0.5300936698913574; SleepCycleTimeSum = 65.94998526573181; SleepCycleTimeAvg = 5.073075789671678; SleepCycleTimeStd = 0.1043204551490931; SleepCycleTimeMax = 5.25609302520752; EventCycleTimeCount = 13.0; EventCycleTimeAvg = 0.04077643614548903; ]
08/10/20 13:52:19 Initializing user log writer for /home/scitech/shared-data/sample-text-analysis-wf/scitech/pegasus/harry-potter-text-analysis/run0003/./harry-potter-text-analysis-0.dag.nodes.log, (41.0.0)
08/10/20 13:52:19 Initializing user log writer for /home/scitech/shared-data/sample-text-analysis-wf/scitech/pegasus/harry-potter-text-analysis/run0003/./harry-potter-text-analysis-0.dag.nodes.log, (40.0.0)
08/10/20 13:52:23 Submitting HTCondor Node stage_out_local_local_1_0 job(s)...
08/10/20 13:52:23 Adding a DAGMan workflow log /home/scitech/shared-data/sample-text-analysis-wf/scitech/pegasus/harry-potter-text-analysis/run0003/./harry-potter-text-analysis-0.dag.nodes.log
08/10/20 13:52:23 Masking the events recorded in the DAGMAN workflow log
08/10/20 13:52:23 Mask for workflow log is 0,1,2,4,5,7,9,10,11,12,13,16,17,24,27,35,36
08/10/20 13:52:23 submitting: /usr/bin/condor_submit -a dag_node_name' '=' 'stage_out_local_local_1_0 -a +DAGManJobId' '=' '33 -a DAGManJobId' '=' '33 -batch-name harry-potter-text-analysis-0.dag+33 -a submit_event_notes' '=' 'DAG' 'Node:' 'stage_out_local_local_1_0 -a dagman_log' '=' '/home/scitech/shared-data/sample-text-analysis-wf/scitech/pegasus/harry-potter-text-analysis/run0003/./harry-potter-text-analysis-0.dag.nodes.log -a +DAGManNodesMask' '=' '"0,1,2,4,5,7,9,10,11,12,13,16,17,24,27,35,36" -a priority=900 -a +DAGNodeRetry' '=' '0 -a DAG_STATUS' '=' '0 -a FAILED_COUNT' '=' '0 -a +KeepClaimIdle' '=' '20 -a notification' '=' 'never -a +DAGParentNodeNames' '=' '"sort_ID0000002" 00/00/stage_out_local_local_1_0.sub
08/10/20 13:52:23 From submit: Submitting job(s).
08/10/20 13:52:23 From submit: 1 job(s) submitted to cluster 43.
08/10/20 13:52:23 	assigned HTCondor ID (43.0.0)
08/10/20 13:52:23 Submitting HTCondor Node plot_ID0000003 job(s)...
08/10/20 13:52:23 Adding a DAGMan workflow log /home/scitech/shared-data/sample-text-analysis-wf/scitech/pegasus/harry-potter-text-analysis/run0003/./harry-potter-text-analysis-0.dag.nodes.log
08/10/20 13:52:23 Masking the events recorded in the DAGMAN workflow log
08/10/20 13:52:23 Mask for workflow log is 0,1,2,4,5,7,9,10,11,12,13,16,17,24,27,35,36
08/10/20 13:52:23 submitting: /usr/bin/condor_submit -a dag_node_name' '=' 'plot_ID0000003 -a +DAGManJobId' '=' '33 -a DAGManJobId' '=' '33 -batch-name harry-potter-text-analysis-0.dag+33 -a submit_event_notes' '=' 'DAG' 'Node:' 'plot_ID0000003 -a dagman_log' '=' '/home/scitech/shared-data/sample-text-analysis-wf/scitech/pegasus/harry-potter-text-analysis/run0003/./harry-potter-text-analysis-0.dag.nodes.log -a +DAGManNodesMask' '=' '"0,1,2,4,5,7,9,10,11,12,13,16,17,24,27,35,36" -a priority=40 -a +DAGNodeRetry' '=' '0 -a DAG_STATUS' '=' '0 -a FAILED_COUNT' '=' '0 -a +KeepClaimIdle' '=' '20 -a notification' '=' 'never -a +DAGParentNodeNames' '=' '"stage_in_remote_local_2_0,sort_ID0000002" 00/00/plot_ID0000003.sub
08/10/20 13:52:23 From submit: Submitting job(s).
08/10/20 13:52:23 From submit: 1 job(s) submitted to cluster 44.
08/10/20 13:52:23 	assigned HTCondor ID (44.0.0)
08/10/20 13:52:23 Just submitted 2 jobs this cycle...
08/10/20 13:52:23 Currently monitoring 1 HTCondor log file(s)
08/10/20 13:52:23 Event: ULOG_POST_SCRIPT_TERMINATED for HTCondor Node stage_out_local_local_0_0 (41.0.0) {08/10/20 13:52:19}
08/10/20 13:52:23 POST Script of node stage_out_local_local_0_0 completed successfully.
08/10/20 13:52:23 Event: ULOG_POST_SCRIPT_TERMINATED for HTCondor Node clean_up_local_level_3_0 (40.0.0) {08/10/20 13:52:19}
08/10/20 13:52:23 POST Script of node clean_up_local_level_3_0 completed successfully.
08/10/20 13:52:23 Reassigning the id of job stage_out_local_local_1_0 from (43.0.0) to (43.0.0)
08/10/20 13:52:23 Event: ULOG_SUBMIT for HTCondor Node stage_out_local_local_1_0 (43.0.0) {08/10/20 13:52:23}
08/10/20 13:52:23 Number of idle job procs: 1
08/10/20 13:52:23 Reassigning the id of job plot_ID0000003 from (44.0.0) to (44.0.0)
08/10/20 13:52:23 Event: ULOG_SUBMIT for HTCondor Node plot_ID0000003 (44.0.0) {08/10/20 13:52:23}
08/10/20 13:52:23 Number of idle job procs: 2
08/10/20 13:52:23 DAG status: 0 (DAG_STATUS_OK)
08/10/20 13:52:23 Of 19 nodes total:
08/10/20 13:52:23  Done     Pre   Queued    Post   Ready   Un-Ready   Failed
08/10/20 13:52:23   ===     ===      ===     ===     ===        ===      ===
08/10/20 13:52:23     9       0        2       0       2          6        0
08/10/20 13:52:23 0 job proc(s) currently held
08/10/20 13:52:23 DAGMan Runtime Statistics: [ EventCycleTimeStd = 0.03715178599034029; EventCycleTimeMax = 0.1229450702667236; SubmitCycleTimeMin = 0.0001509189605712891; SubmitCycleTimeAvg = 0.02478216489156087; SleepCycleTimeCount = 14.0; SubmitCycleTimeCount = 15.0; SubmitCycleTimeMax = 0.1177818775177002; SleepCycleTimeMin = 4.207230091094971; SubmitCycleTimeSum = 0.3717324733734131; LogProcessCycleTimeStd = 0.02382334766483747; SubmitCycleTimeStd = 0.03922876007100128; LogProcessCycleTimeAvg = 0.01920056343078613; EventCycleTimeMin = 0.002817153930664062; LogProcessCycleTimeMax = 0.082672119140625; LogProcessCycleTimeMin = 0.002202987670898438; LogProcessCycleTimeSum = 0.2112061977386475; LogProcessCycleTimeCount = 11.0; EventCycleTimeSum = 0.5686736106872559; SleepCycleTimeSum = 70.15721535682678; SleepCycleTimeAvg = 5.01122966834477; SleepCycleTimeStd = 0.2521801346366151; SleepCycleTimeMax = 5.25609302520752; EventCycleTimeCount = 14.0; EventCycleTimeAvg = 0.04061954362051828; ]
08/10/20 13:52:28 Submitting HTCondor Node clean_up_local_level_4_0 job(s)...
08/10/20 13:52:28 Adding a DAGMan workflow log /home/scitech/shared-data/sample-text-analysis-wf/scitech/pegasus/harry-potter-text-analysis/run0003/./harry-potter-text-analysis-0.dag.nodes.log
08/10/20 13:52:28 Masking the events recorded in the DAGMAN workflow log
08/10/20 13:52:28 Mask for workflow log is 0,1,2,4,5,7,9,10,11,12,13,16,17,24,27,35,36
08/10/20 13:52:28 submitting: /usr/bin/condor_submit -a dag_node_name' '=' 'clean_up_local_level_4_0 -a +DAGManJobId' '=' '33 -a DAGManJobId' '=' '33 -batch-name harry-potter-text-analysis-0.dag+33 -a submit_event_notes' '=' 'DAG' 'Node:' 'clean_up_local_level_4_0 -a dagman_log' '=' '/home/scitech/shared-data/sample-text-analysis-wf/scitech/pegasus/harry-potter-text-analysis/run0003/./harry-potter-text-analysis-0.dag.nodes.log -a +DAGManNodesMask' '=' '"0,1,2,4,5,7,9,10,11,12,13,16,17,24,27,35,36" -a priority=1000 -a +DAGNodeRetry' '=' '0 -a DAG_STATUS' '=' '0 -a FAILED_COUNT' '=' '0 -a +KeepClaimIdle' '=' '20 -a notification' '=' 'never -a +DAGParentNodeNames' '=' '"sort_ID0000002,stage_out_local_local_0_0" 00/00/clean_up_local_level_4_0.sub
08/10/20 13:52:28 From submit: Submitting job(s).
08/10/20 13:52:28 From submit: 1 job(s) submitted to cluster 45.
08/10/20 13:52:28 	assigned HTCondor ID (45.0.0)
08/10/20 13:52:28 Submitting HTCondor Node register_local_0_0 job(s)...
08/10/20 13:52:28 Adding a DAGMan workflow log /home/scitech/shared-data/sample-text-analysis-wf/scitech/pegasus/harry-potter-text-analysis/run0003/./harry-potter-text-analysis-0.dag.nodes.log
08/10/20 13:52:28 Masking the events recorded in the DAGMAN workflow log
08/10/20 13:52:28 Mask for workflow log is 0,1,2,4,5,7,9,10,11,12,13,16,17,24,27,35,36
08/10/20 13:52:28 submitting: /usr/bin/condor_submit -a dag_node_name' '=' 'register_local_0_0 -a +DAGManJobId' '=' '33 -a DAGManJobId' '=' '33 -batch-name harry-potter-text-analysis-0.dag+33 -a submit_event_notes' '=' 'DAG' 'Node:' 'register_local_0_0 -a dagman_log' '=' '/home/scitech/shared-data/sample-text-analysis-wf/scitech/pegasus/harry-potter-text-analysis/run0003/./harry-potter-text-analysis-0.dag.nodes.log -a +DAGManNodesMask' '=' '"0,1,2,4,5,7,9,10,11,12,13,16,17,24,27,35,36" -a priority=40 -a +DAGNodeRetry' '=' '0 -a DAG_STATUS' '=' '0 -a FAILED_COUNT' '=' '0 -a notification' '=' 'never -a +DAGParentNodeNames' '=' '"stage_out_local_local_0_0" 00/00/register_local_0_0.sub
08/10/20 13:52:28 From submit: Submitting job(s).
08/10/20 13:52:28 From submit: 1 job(s) submitted to cluster 46.
08/10/20 13:52:28 	assigned HTCondor ID (46.0.0)
08/10/20 13:52:28 Just submitted 2 jobs this cycle...
08/10/20 13:52:28 Currently monitoring 1 HTCondor log file(s)
08/10/20 13:52:28 Event: ULOG_EXECUTE for HTCondor Node plot_ID0000003 (44.0.0) {08/10/20 13:52:24}
08/10/20 13:52:28 Number of idle job procs: 1
08/10/20 13:52:28 Event: ULOG_EXECUTE for HTCondor Node stage_out_local_local_1_0 (43.0.0) {08/10/20 13:52:25}
08/10/20 13:52:28 Number of idle job procs: 0
08/10/20 13:52:28 Event: ULOG_JOB_TERMINATED for HTCondor Node plot_ID0000003 (44.0.0) {08/10/20 13:52:26}
08/10/20 13:52:28 Number of idle job procs: 0
08/10/20 13:52:28 Node plot_ID0000003 job proc (44.0.0) completed successfully.
08/10/20 13:52:28 Node plot_ID0000003 job completed
08/10/20 13:52:28 Running POST script of Node plot_ID0000003...
08/10/20 13:52:28 Warning: mysin has length 0 (ignore if produced by DAGMan; see gittrac #4987, #5031)
08/10/20 13:52:28 Event: ULOG_JOB_TERMINATED for HTCondor Node stage_out_local_local_1_0 (43.0.0) {08/10/20 13:52:27}
08/10/20 13:52:28 Number of idle job procs: 0
08/10/20 13:52:28 Node stage_out_local_local_1_0 job proc (43.0.0) completed successfully.
08/10/20 13:52:28 Node stage_out_local_local_1_0 job completed
08/10/20 13:52:28 Running POST script of Node stage_out_local_local_1_0...
08/10/20 13:52:28 Warning: mysin has length 0 (ignore if produced by DAGMan; see gittrac #4987, #5031)
08/10/20 13:52:28 Reassigning the id of job clean_up_local_level_4_0 from (45.0.0) to (45.0.0)
08/10/20 13:52:28 Event: ULOG_SUBMIT for HTCondor Node clean_up_local_level_4_0 (45.0.0) {08/10/20 13:52:28}
08/10/20 13:52:28 Number of idle job procs: 1
08/10/20 13:52:28 Event: ULOG_EXECUTE for HTCondor Node clean_up_local_level_4_0 (45.0.0) {08/10/20 13:52:28}
08/10/20 13:52:28 Number of idle job procs: 0
08/10/20 13:52:28 Reassigning the id of job register_local_0_0 from (46.0.0) to (46.0.0)
08/10/20 13:52:28 Event: ULOG_SUBMIT for HTCondor Node register_local_0_0 (46.0.0) {08/10/20 13:52:28}
08/10/20 13:52:28 Number of idle job procs: 1
08/10/20 13:52:28 DAG status: 0 (DAG_STATUS_OK)
08/10/20 13:52:28 Of 19 nodes total:
08/10/20 13:52:28  Done     Pre   Queued    Post   Ready   Un-Ready   Failed
08/10/20 13:52:28   ===     ===      ===     ===     ===        ===      ===
08/10/20 13:52:28     9       0        2       2       0          6        0
08/10/20 13:52:28 0 job proc(s) currently held
08/10/20 13:52:28 DAGMan Runtime Statistics: [ EventCycleTimeStd = 0.03761995520800344; EventCycleTimeMax = 0.1229450702667236; SubmitCycleTimeMin = 0.0001509189605712891; SubmitCycleTimeAvg = 0.02701890468597412; SleepCycleTimeCount = 15.0; SubmitCycleTimeCount = 16.0; SubmitCycleTimeMax = 0.1177818775177002; SleepCycleTimeMin = 4.207230091094971; SubmitCycleTimeSum = 0.4323024749755859; LogProcessCycleTimeStd = 0.02273365208869918; SubmitCycleTimeStd = 0.03894034738058835; LogProcessCycleTimeAvg = 0.01946868499120076; EventCycleTimeMin = 0.002817153930664062; LogProcessCycleTimeMax = 0.082672119140625; LogProcessCycleTimeMin = 0.002202987670898438; LogProcessCycleTimeSum = 0.2336242198944092; LogProcessCycleTimeCount = 12.0; EventCycleTimeSum = 0.6540584564208984; SleepCycleTimeSum = 75.16238737106323; SleepCycleTimeAvg = 5.010825824737549; SleepCycleTimeStd = 0.2430118916546178; SleepCycleTimeMax = 5.25609302520752; EventCycleTimeCount = 15.0; EventCycleTimeAvg = 0.04360389709472656; ]
08/10/20 13:52:28 Initializing user log writer for /home/scitech/shared-data/sample-text-analysis-wf/scitech/pegasus/harry-potter-text-analysis/run0003/./harry-potter-text-analysis-0.dag.nodes.log, (43.0.0)
08/10/20 13:52:28 Initializing user log writer for /home/scitech/shared-data/sample-text-analysis-wf/scitech/pegasus/harry-potter-text-analysis/run0003/./harry-potter-text-analysis-0.dag.nodes.log, (44.0.0)
08/10/20 13:52:33 Currently monitoring 1 HTCondor log file(s)
08/10/20 13:52:33 Event: ULOG_POST_SCRIPT_TERMINATED for HTCondor Node stage_out_local_local_1_0 (43.0.0) {08/10/20 13:52:28}
08/10/20 13:52:33 POST Script of node stage_out_local_local_1_0 completed successfully.
08/10/20 13:52:33 Event: ULOG_POST_SCRIPT_TERMINATED for HTCondor Node plot_ID0000003 (44.0.0) {08/10/20 13:52:28}
08/10/20 13:52:33 POST Script of node plot_ID0000003 completed successfully.
08/10/20 13:52:33 Event: ULOG_EXECUTE for HTCondor Node register_local_0_0 (46.0.0) {08/10/20 13:52:30}
08/10/20 13:52:33 Number of idle job procs: 0
08/10/20 13:52:33 Event: ULOG_JOB_TERMINATED for HTCondor Node register_local_0_0 (46.0.0) {08/10/20 13:52:32}
08/10/20 13:52:33 Number of idle job procs: 0
08/10/20 13:52:33 Node register_local_0_0 job proc (46.0.0) completed successfully.
08/10/20 13:52:33 Node register_local_0_0 job completed
08/10/20 13:52:33 Running POST script of Node register_local_0_0...
08/10/20 13:52:33 Warning: mysin has length 0 (ignore if produced by DAGMan; see gittrac #4987, #5031)
08/10/20 13:52:33 Event: ULOG_JOB_TERMINATED for HTCondor Node clean_up_local_level_4_0 (45.0.0) {08/10/20 13:52:32}
08/10/20 13:52:33 Number of idle job procs: 0
08/10/20 13:52:33 Node clean_up_local_level_4_0 job proc (45.0.0) completed successfully.
08/10/20 13:52:33 Node clean_up_local_level_4_0 job completed
08/10/20 13:52:33 Running POST script of Node clean_up_local_level_4_0...
08/10/20 13:52:33 Warning: mysin has length 0 (ignore if produced by DAGMan; see gittrac #4987, #5031)
08/10/20 13:52:33 DAG status: 0 (DAG_STATUS_OK)
08/10/20 13:52:33 Of 19 nodes total:
08/10/20 13:52:33  Done     Pre   Queued    Post   Ready   Un-Ready   Failed
08/10/20 13:52:33   ===     ===      ===     ===     ===        ===      ===
08/10/20 13:52:33    11       0        0       2       3          3        0
08/10/20 13:52:33 0 job proc(s) currently held
08/10/20 13:52:33 DAGMan Runtime Statistics: [ EventCycleTimeStd = 0.03791349695732189; EventCycleTimeMax = 0.1229450702667236; SubmitCycleTimeMin = 0.0001509189605712891; SubmitCycleTimeAvg = 0.02546508171979119; SleepCycleTimeCount = 16.0; SubmitCycleTimeCount = 17.0; SubmitCycleTimeMax = 0.1177818775177002; SleepCycleTimeMin = 4.207230091094971; SubmitCycleTimeSum = 0.4329063892364502; LogProcessCycleTimeStd = 0.02180360297326416; SubmitCycleTimeStd = 0.03824425390842886; LogProcessCycleTimeAvg = 0.01982455987196702; EventCycleTimeMin = 0.002817153930664062; LogProcessCycleTimeMax = 0.082672119140625; LogProcessCycleTimeMin = 0.002202987670898438; LogProcessCycleTimeSum = 0.2577192783355713; LogProcessCycleTimeCount = 13.0; EventCycleTimeSum = 0.7408406734466553; SleepCycleTimeSum = 80.38049936294556; SleepCycleTimeAvg = 5.023781210184097; SleepCycleTimeStd = 0.2404230986815105; SleepCycleTimeMax = 5.25609302520752; EventCycleTimeCount = 16.0; EventCycleTimeAvg = 0.04630254209041595; ]
08/10/20 13:52:33 Initializing user log writer for /home/scitech/shared-data/sample-text-analysis-wf/scitech/pegasus/harry-potter-text-analysis/run0003/./harry-potter-text-analysis-0.dag.nodes.log, (46.0.0)
08/10/20 13:52:33 Initializing user log writer for /home/scitech/shared-data/sample-text-analysis-wf/scitech/pegasus/harry-potter-text-analysis/run0003/./harry-potter-text-analysis-0.dag.nodes.log, (45.0.0)
08/10/20 13:52:38 Submitting HTCondor Node clean_up_local_level_5_0 job(s)...
08/10/20 13:52:38 Adding a DAGMan workflow log /home/scitech/shared-data/sample-text-analysis-wf/scitech/pegasus/harry-potter-text-analysis/run0003/./harry-potter-text-analysis-0.dag.nodes.log
08/10/20 13:52:38 Masking the events recorded in the DAGMAN workflow log
08/10/20 13:52:38 Mask for workflow log is 0,1,2,4,5,7,9,10,11,12,13,16,17,24,27,35,36
08/10/20 13:52:38 submitting: /usr/bin/condor_submit -a dag_node_name' '=' 'clean_up_local_level_5_0 -a +DAGManJobId' '=' '33 -a DAGManJobId' '=' '33 -batch-name harry-potter-text-analysis-0.dag+33 -a submit_event_notes' '=' 'DAG' 'Node:' 'clean_up_local_level_5_0 -a dagman_log' '=' '/home/scitech/shared-data/sample-text-analysis-wf/scitech/pegasus/harry-potter-text-analysis/run0003/./harry-potter-text-analysis-0.dag.nodes.log -a +DAGManNodesMask' '=' '"0,1,2,4,5,7,9,10,11,12,13,16,17,24,27,35,36" -a priority=1000 -a +DAGNodeRetry' '=' '0 -a DAG_STATUS' '=' '0 -a FAILED_COUNT' '=' '0 -a +KeepClaimIdle' '=' '20 -a notification' '=' 'never -a +DAGParentNodeNames' '=' '"plot_ID0000003,stage_out_local_local_1_0" 00/00/clean_up_local_level_5_0.sub
08/10/20 13:52:38 From submit: Submitting job(s).
08/10/20 13:52:38 From submit: 1 job(s) submitted to cluster 47.
08/10/20 13:52:38 	assigned HTCondor ID (47.0.0)
08/10/20 13:52:38 Submitting HTCondor Node stage_out_local_local_2_0 job(s)...
08/10/20 13:52:38 Adding a DAGMan workflow log /home/scitech/shared-data/sample-text-analysis-wf/scitech/pegasus/harry-potter-text-analysis/run0003/./harry-potter-text-analysis-0.dag.nodes.log
08/10/20 13:52:38 Masking the events recorded in the DAGMAN workflow log
08/10/20 13:52:38 Mask for workflow log is 0,1,2,4,5,7,9,10,11,12,13,16,17,24,27,35,36
08/10/20 13:52:38 submitting: /usr/bin/condor_submit -a dag_node_name' '=' 'stage_out_local_local_2_0 -a +DAGManJobId' '=' '33 -a DAGManJobId' '=' '33 -batch-name harry-potter-text-analysis-0.dag+33 -a submit_event_notes' '=' 'DAG' 'Node:' 'stage_out_local_local_2_0 -a dagman_log' '=' '/home/scitech/shared-data/sample-text-analysis-wf/scitech/pegasus/harry-potter-text-analysis/run0003/./harry-potter-text-analysis-0.dag.nodes.log -a +DAGManNodesMask' '=' '"0,1,2,4,5,7,9,10,11,12,13,16,17,24,27,35,36" -a priority=900 -a +DAGNodeRetry' '=' '0 -a DAG_STATUS' '=' '0 -a FAILED_COUNT' '=' '0 -a +KeepClaimIdle' '=' '20 -a notification' '=' 'never -a +DAGParentNodeNames' '=' '"plot_ID0000003" 00/00/stage_out_local_local_2_0.sub
08/10/20 13:52:38 From submit: Submitting job(s).
08/10/20 13:52:38 From submit: 1 job(s) submitted to cluster 48.
08/10/20 13:52:38 	assigned HTCondor ID (48.0.0)
08/10/20 13:52:38 Submitting HTCondor Node register_local_1_0 job(s)...
08/10/20 13:52:38 Adding a DAGMan workflow log /home/scitech/shared-data/sample-text-analysis-wf/scitech/pegasus/harry-potter-text-analysis/run0003/./harry-potter-text-analysis-0.dag.nodes.log
08/10/20 13:52:38 Masking the events recorded in the DAGMAN workflow log
08/10/20 13:52:38 Mask for workflow log is 0,1,2,4,5,7,9,10,11,12,13,16,17,24,27,35,36
08/10/20 13:52:38 submitting: /usr/bin/condor_submit -a dag_node_name' '=' 'register_local_1_0 -a +DAGManJobId' '=' '33 -a DAGManJobId' '=' '33 -batch-name harry-potter-text-analysis-0.dag+33 -a submit_event_notes' '=' 'DAG' 'Node:' 'register_local_1_0 -a dagman_log' '=' '/home/scitech/shared-data/sample-text-analysis-wf/scitech/pegasus/harry-potter-text-analysis/run0003/./harry-potter-text-analysis-0.dag.nodes.log -a +DAGManNodesMask' '=' '"0,1,2,4,5,7,9,10,11,12,13,16,17,24,27,35,36" -a priority=50 -a +DAGNodeRetry' '=' '0 -a DAG_STATUS' '=' '0 -a FAILED_COUNT' '=' '0 -a notification' '=' 'never -a +DAGParentNodeNames' '=' '"stage_out_local_local_1_0" 00/00/register_local_1_0.sub
08/10/20 13:52:38 From submit: Submitting job(s).
08/10/20 13:52:38 From submit: 1 job(s) submitted to cluster 49.
08/10/20 13:52:38 	assigned HTCondor ID (49.0.0)
08/10/20 13:52:38 Just submitted 3 jobs this cycle...
08/10/20 13:52:38 Currently monitoring 1 HTCondor log file(s)
08/10/20 13:52:38 Event: ULOG_POST_SCRIPT_TERMINATED for HTCondor Node register_local_0_0 (46.0.0) {08/10/20 13:52:33}
08/10/20 13:52:38 POST Script of node register_local_0_0 completed successfully.
08/10/20 13:52:38 Event: ULOG_POST_SCRIPT_TERMINATED for HTCondor Node clean_up_local_level_4_0 (45.0.0) {08/10/20 13:52:33}
08/10/20 13:52:38 POST Script of node clean_up_local_level_4_0 completed successfully.
08/10/20 13:52:38 Reassigning the id of job clean_up_local_level_5_0 from (47.0.0) to (47.0.0)
08/10/20 13:52:38 Event: ULOG_SUBMIT for HTCondor Node clean_up_local_level_5_0 (47.0.0) {08/10/20 13:52:38}
08/10/20 13:52:38 Number of idle job procs: 1
08/10/20 13:52:38 Reassigning the id of job stage_out_local_local_2_0 from (48.0.0) to (48.0.0)
08/10/20 13:52:38 Event: ULOG_SUBMIT for HTCondor Node stage_out_local_local_2_0 (48.0.0) {08/10/20 13:52:38}
08/10/20 13:52:38 Number of idle job procs: 2
08/10/20 13:52:38 Reassigning the id of job register_local_1_0 from (49.0.0) to (49.0.0)
08/10/20 13:52:38 Event: ULOG_SUBMIT for HTCondor Node register_local_1_0 (49.0.0) {08/10/20 13:52:38}
08/10/20 13:52:38 Number of idle job procs: 3
08/10/20 13:52:38 DAG status: 0 (DAG_STATUS_OK)
08/10/20 13:52:38 Of 19 nodes total:
08/10/20 13:52:38  Done     Pre   Queued    Post   Ready   Un-Ready   Failed
08/10/20 13:52:38   ===     ===      ===     ===     ===        ===      ===
08/10/20 13:52:38    13       0        3       0       0          3        0
08/10/20 13:52:38 0 job proc(s) currently held
08/10/20 13:52:38 DAGMan Runtime Statistics: [ EventCycleTimeStd = 0.03694028940660229; EventCycleTimeMax = 0.1229450702667236; SubmitCycleTimeMin = 0.0001509189605712891; SubmitCycleTimeAvg = 0.02948991457621257; SleepCycleTimeCount = 17.0; SubmitCycleTimeCount = 18.0; SubmitCycleTimeMax = 0.1177818775177002; SleepCycleTimeMin = 4.207230091094971; SubmitCycleTimeSum = 0.5308184623718262; LogProcessCycleTimeStd = 0.02125501716142735; SubmitCycleTimeStd = 0.04084327782977953; LogProcessCycleTimeAvg = 0.01886287757328578; EventCycleTimeMin = 0.002817153930664062; LogProcessCycleTimeMax = 0.082672119140625; LogProcessCycleTimeMin = 0.002202987670898438; LogProcessCycleTimeSum = 0.264080286026001; LogProcessCycleTimeCount = 14.0; EventCycleTimeSum = 0.7701475620269775; SleepCycleTimeSum = 85.58919644355774; SleepCycleTimeAvg = 5.034658614326926; SleepCycleTimeStd = 0.2370695401901333; SleepCycleTimeMax = 5.25609302520752; EventCycleTimeCount = 17.0; EventCycleTimeAvg = 0.0453027977662928; ]
08/10/20 13:52:43 Currently monitoring 1 HTCondor log file(s)
08/10/20 13:52:43 Event: ULOG_EXECUTE for HTCondor Node clean_up_local_level_5_0 (47.0.0) {08/10/20 13:52:41}
08/10/20 13:52:43 Number of idle job procs: 2
08/10/20 13:52:43 Event: ULOG_EXECUTE for HTCondor Node register_local_1_0 (49.0.0) {08/10/20 13:52:41}
08/10/20 13:52:43 Number of idle job procs: 1
08/10/20 13:52:43 Event: ULOG_EXECUTE for HTCondor Node stage_out_local_local_2_0 (48.0.0) {08/10/20 13:52:41}
08/10/20 13:52:43 Number of idle job procs: 0
08/10/20 13:52:43 Event: ULOG_JOB_TERMINATED for HTCondor Node register_local_1_0 (49.0.0) {08/10/20 13:52:43}
08/10/20 13:52:43 Number of idle job procs: 0
08/10/20 13:52:43 Node register_local_1_0 job proc (49.0.0) completed successfully.
08/10/20 13:52:43 Node register_local_1_0 job completed
08/10/20 13:52:43 Running POST script of Node register_local_1_0...
08/10/20 13:52:43 Warning: mysin has length 0 (ignore if produced by DAGMan; see gittrac #4987, #5031)
08/10/20 13:52:43 DAG status: 0 (DAG_STATUS_OK)
08/10/20 13:52:43 Of 19 nodes total:
08/10/20 13:52:43  Done     Pre   Queued    Post   Ready   Un-Ready   Failed
08/10/20 13:52:43   ===     ===      ===     ===     ===        ===      ===
08/10/20 13:52:43    13       0        2       1       0          3        0
08/10/20 13:52:43 0 job proc(s) currently held
08/10/20 13:52:43 DAGMan Runtime Statistics: [ EventCycleTimeStd = 0.03877304863084992; EventCycleTimeMax = 0.1229450702667236; SubmitCycleTimeMin = 0.0001509189605712891; SubmitCycleTimeAvg = 0.02798697822972348; SleepCycleTimeCount = 18.0; SubmitCycleTimeCount = 19.0; SubmitCycleTimeMax = 0.1177818775177002; SleepCycleTimeMin = 4.207230091094971; SubmitCycleTimeSum = 0.5317525863647461; LogProcessCycleTimeStd = 0.02048561267981861; SubmitCycleTimeStd = 0.04022952376760962; LogProcessCycleTimeAvg = 0.01896429061889648; EventCycleTimeMin = 0.002817153930664062; LogProcessCycleTimeMax = 0.082672119140625; LogProcessCycleTimeMin = 0.002202987670898438; LogProcessCycleTimeSum = 0.2844643592834473; LogProcessCycleTimeCount = 15.0; EventCycleTimeSum = 0.8782405853271484; SleepCycleTimeSum = 90.59649729728699; SleepCycleTimeAvg = 5.033138738738166; SleepCycleTimeStd = 0.2300816142727224; SleepCycleTimeMax = 5.25609302520752; EventCycleTimeCount = 18.0; EventCycleTimeAvg = 0.04879114362928602; ]
08/10/20 13:52:44 Initializing user log writer for /home/scitech/shared-data/sample-text-analysis-wf/scitech/pegasus/harry-potter-text-analysis/run0003/./harry-potter-text-analysis-0.dag.nodes.log, (49.0.0)
08/10/20 13:52:48 Currently monitoring 1 HTCondor log file(s)
08/10/20 13:52:48 Event: ULOG_JOB_TERMINATED for HTCondor Node stage_out_local_local_2_0 (48.0.0) {08/10/20 13:52:44}
08/10/20 13:52:48 Number of idle job procs: 0
08/10/20 13:52:48 Node stage_out_local_local_2_0 job proc (48.0.0) completed successfully.
08/10/20 13:52:48 Node stage_out_local_local_2_0 job completed
08/10/20 13:52:48 Running POST script of Node stage_out_local_local_2_0...
08/10/20 13:52:48 Warning: mysin has length 0 (ignore if produced by DAGMan; see gittrac #4987, #5031)
08/10/20 13:52:48 Event: ULOG_POST_SCRIPT_TERMINATED for HTCondor Node register_local_1_0 (49.0.0) {08/10/20 13:52:44}
08/10/20 13:52:48 POST Script of node register_local_1_0 completed successfully.
08/10/20 13:52:48 Event: ULOG_JOB_TERMINATED for HTCondor Node clean_up_local_level_5_0 (47.0.0) {08/10/20 13:52:46}
08/10/20 13:52:48 Number of idle job procs: 0
08/10/20 13:52:48 Node clean_up_local_level_5_0 job proc (47.0.0) completed successfully.
08/10/20 13:52:48 Node clean_up_local_level_5_0 job completed
08/10/20 13:52:48 Running POST script of Node clean_up_local_level_5_0...
08/10/20 13:52:48 Warning: mysin has length 0 (ignore if produced by DAGMan; see gittrac #4987, #5031)
08/10/20 13:52:48 DAG status: 0 (DAG_STATUS_OK)
08/10/20 13:52:48 Of 19 nodes total:
08/10/20 13:52:48  Done     Pre   Queued    Post   Ready   Un-Ready   Failed
08/10/20 13:52:48   ===     ===      ===     ===     ===        ===      ===
08/10/20 13:52:48    14       0        0       2       0          3        0
08/10/20 13:52:48 0 job proc(s) currently held
08/10/20 13:52:48 DAGMan Runtime Statistics: [ EventCycleTimeStd = 0.03802863847429527; EventCycleTimeMax = 0.1229450702667236; SubmitCycleTimeMin = 0.0001509189605712891; SubmitCycleTimeAvg = 0.02664602994918823; SleepCycleTimeCount = 19.0; SubmitCycleTimeCount = 20.0; SubmitCycleTimeMax = 0.1177818775177002; SleepCycleTimeMin = 4.207230091094971; SubmitCycleTimeSum = 0.5329205989837646; LogProcessCycleTimeStd = 0.02010270667666039; SubmitCycleTimeStd = 0.0396131002765252; LogProcessCycleTimeAvg = 0.01984590291976929; EventCycleTimeMin = 0.002817153930664062; LogProcessCycleTimeMax = 0.082672119140625; LogProcessCycleTimeMin = 0.002202987670898438; LogProcessCycleTimeSum = 0.3175344467163086; LogProcessCycleTimeCount = 16.0; EventCycleTimeSum = 0.9046576023101807; SleepCycleTimeSum = 94.85597634315491; SleepCycleTimeAvg = 4.992419807534469; SleepCycleTimeStd = 0.2854805949243862; SleepCycleTimeMax = 5.25609302520752; EventCycleTimeCount = 19.0; EventCycleTimeAvg = 0.0476135580163253; ]
08/10/20 13:52:48 Initializing user log writer for /home/scitech/shared-data/sample-text-analysis-wf/scitech/pegasus/harry-potter-text-analysis/run0003/./harry-potter-text-analysis-0.dag.nodes.log, (48.0.0)
08/10/20 13:52:48 Initializing user log writer for /home/scitech/shared-data/sample-text-analysis-wf/scitech/pegasus/harry-potter-text-analysis/run0003/./harry-potter-text-analysis-0.dag.nodes.log, (47.0.0)
08/10/20 13:52:53 Currently monitoring 1 HTCondor log file(s)
08/10/20 13:52:53 Event: ULOG_POST_SCRIPT_TERMINATED for HTCondor Node stage_out_local_local_2_0 (48.0.0) {08/10/20 13:52:48}
08/10/20 13:52:53 POST Script of node stage_out_local_local_2_0 completed successfully.
08/10/20 13:52:53 Event: ULOG_POST_SCRIPT_TERMINATED for HTCondor Node clean_up_local_level_5_0 (47.0.0) {08/10/20 13:52:48}
08/10/20 13:52:53 POST Script of node clean_up_local_level_5_0 completed successfully.
08/10/20 13:52:53 DAG status: 0 (DAG_STATUS_OK)
08/10/20 13:52:53 Of 19 nodes total:
08/10/20 13:52:53  Done     Pre   Queued    Post   Ready   Un-Ready   Failed
08/10/20 13:52:53   ===     ===      ===     ===     ===        ===      ===
08/10/20 13:52:53    16       0        0       0       2          1        0
08/10/20 13:52:53 0 job proc(s) currently held
08/10/20 13:52:53 DAGMan Runtime Statistics: [ EventCycleTimeStd = 0.03705772814375212; EventCycleTimeMax = 0.1229450702667236; SubmitCycleTimeMin = 0.0001509189605712891; SubmitCycleTimeAvg = 0.02543516386122931; SleepCycleTimeCount = 20.0; SubmitCycleTimeCount = 21.0; SubmitCycleTimeMax = 0.1177818775177002; SleepCycleTimeMin = 4.207230091094971; SubmitCycleTimeSum = 0.5341384410858154; LogProcessCycleTimeStd = 0.01952582726406669; SubmitCycleTimeStd = 0.03900676810740012; LogProcessCycleTimeAvg = 0.0194704392377068; EventCycleTimeMin = 0.002817153930664062; LogProcessCycleTimeMax = 0.082672119140625; LogProcessCycleTimeMin = 0.002202987670898438; LogProcessCycleTimeSum = 0.3309974670410156; LogProcessCycleTimeCount = 17.0; EventCycleTimeSum = 0.9442555904388428; SleepCycleTimeSum = 100.0622544288635; SleepCycleTimeAvg = 5.003112721443176; SleepCycleTimeStd = 0.2819512515159977; SleepCycleTimeMax = 5.25609302520752; EventCycleTimeCount = 20.0; EventCycleTimeAvg = 0.04721277952194214; ]
08/10/20 13:52:58 Submitting HTCondor Node clean_up_local_level_6_0 job(s)...
08/10/20 13:52:58 Adding a DAGMan workflow log /home/scitech/shared-data/sample-text-analysis-wf/scitech/pegasus/harry-potter-text-analysis/run0003/./harry-potter-text-analysis-0.dag.nodes.log
08/10/20 13:52:58 Masking the events recorded in the DAGMAN workflow log
08/10/20 13:52:58 Mask for workflow log is 0,1,2,4,5,7,9,10,11,12,13,16,17,24,27,35,36
08/10/20 13:52:58 submitting: /usr/bin/condor_submit -a dag_node_name' '=' 'clean_up_local_level_6_0 -a +DAGManJobId' '=' '33 -a DAGManJobId' '=' '33 -batch-name harry-potter-text-analysis-0.dag+33 -a submit_event_notes' '=' 'DAG' 'Node:' 'clean_up_local_level_6_0 -a dagman_log' '=' '/home/scitech/shared-data/sample-text-analysis-wf/scitech/pegasus/harry-potter-text-analysis/run0003/./harry-potter-text-analysis-0.dag.nodes.log -a +DAGManNodesMask' '=' '"0,1,2,4,5,7,9,10,11,12,13,16,17,24,27,35,36" -a priority=1000 -a +DAGNodeRetry' '=' '0 -a DAG_STATUS' '=' '0 -a FAILED_COUNT' '=' '0 -a +KeepClaimIdle' '=' '20 -a notification' '=' 'never -a +DAGParentNodeNames' '=' '"stage_out_local_local_2_0" 00/00/clean_up_local_level_6_0.sub
08/10/20 13:52:58 From submit: Submitting job(s).
08/10/20 13:52:58 From submit: 1 job(s) submitted to cluster 50.
08/10/20 13:52:58 	assigned HTCondor ID (50.0.0)
08/10/20 13:52:58 Submitting HTCondor Node register_local_2_0 job(s)...
08/10/20 13:52:58 Adding a DAGMan workflow log /home/scitech/shared-data/sample-text-analysis-wf/scitech/pegasus/harry-potter-text-analysis/run0003/./harry-potter-text-analysis-0.dag.nodes.log
08/10/20 13:52:58 Masking the events recorded in the DAGMAN workflow log
08/10/20 13:52:58 Mask for workflow log is 0,1,2,4,5,7,9,10,11,12,13,16,17,24,27,35,36
08/10/20 13:52:58 submitting: /usr/bin/condor_submit -a dag_node_name' '=' 'register_local_2_0 -a +DAGManJobId' '=' '33 -a DAGManJobId' '=' '33 -batch-name harry-potter-text-analysis-0.dag+33 -a submit_event_notes' '=' 'DAG' 'Node:' 'register_local_2_0 -a dagman_log' '=' '/home/scitech/shared-data/sample-text-analysis-wf/scitech/pegasus/harry-potter-text-analysis/run0003/./harry-potter-text-analysis-0.dag.nodes.log -a +DAGManNodesMask' '=' '"0,1,2,4,5,7,9,10,11,12,13,16,17,24,27,35,36" -a priority=60 -a +DAGNodeRetry' '=' '0 -a DAG_STATUS' '=' '0 -a FAILED_COUNT' '=' '0 -a notification' '=' 'never -a +DAGParentNodeNames' '=' '"stage_out_local_local_2_0" 00/00/register_local_2_0.sub
08/10/20 13:52:58 From submit: Submitting job(s).
08/10/20 13:52:58 From submit: 1 job(s) submitted to cluster 51.
08/10/20 13:52:58 	assigned HTCondor ID (51.0.0)
08/10/20 13:52:58 Just submitted 2 jobs this cycle...
08/10/20 13:52:58 DAG status: 0 (DAG_STATUS_OK)
08/10/20 13:52:58 Of 19 nodes total:
08/10/20 13:52:58  Done     Pre   Queued    Post   Ready   Un-Ready   Failed
08/10/20 13:52:58   ===     ===      ===     ===     ===        ===      ===
08/10/20 13:52:58    16       0        2       0       0          1        0
08/10/20 13:52:58 0 job proc(s) currently held
08/10/20 13:52:58 DAGMan Runtime Statistics: [ EventCycleTimeStd = 0.03640187499430806; EventCycleTimeMax = 0.1229450702667236; SubmitCycleTimeMin = 0.0001509189605712891; SubmitCycleTimeAvg = 0.0274131948297674; SleepCycleTimeCount = 21.0; SubmitCycleTimeCount = 22.0; SubmitCycleTimeMax = 0.1177818775177002; SleepCycleTimeMin = 4.207230091094971; SubmitCycleTimeSum = 0.6030902862548828; LogProcessCycleTimeStd = 0.01952582726406669; SubmitCycleTimeStd = 0.03918101056844877; LogProcessCycleTimeAvg = 0.0194704392377068; EventCycleTimeMin = 0.002817153930664062; LogProcessCycleTimeMax = 0.082672119140625; LogProcessCycleTimeMin = 0.002202987670898438; LogProcessCycleTimeSum = 0.3309974670410156; LogProcessCycleTimeCount = 17.0; EventCycleTimeSum = 0.9707274436950684; SleepCycleTimeSum = 105.0669274330139; SleepCycleTimeAvg = 5.00318702061971; SleepCycleTimeStd = 0.2748122973005163; SleepCycleTimeMax = 5.25609302520752; EventCycleTimeCount = 21.0; EventCycleTimeAvg = 0.04622511636643183; ]
08/10/20 13:53:03 Currently monitoring 1 HTCondor log file(s)
08/10/20 13:53:03 Reassigning the id of job clean_up_local_level_6_0 from (50.0.0) to (50.0.0)
08/10/20 13:53:03 Event: ULOG_SUBMIT for HTCondor Node clean_up_local_level_6_0 (50.0.0) {08/10/20 13:52:58}
08/10/20 13:53:03 Number of idle job procs: 1
08/10/20 13:53:03 Reassigning the id of job register_local_2_0 from (51.0.0) to (51.0.0)
08/10/20 13:53:03 Event: ULOG_SUBMIT for HTCondor Node register_local_2_0 (51.0.0) {08/10/20 13:52:58}
08/10/20 13:53:03 Number of idle job procs: 2
08/10/20 13:53:03 Event: ULOG_EXECUTE for HTCondor Node register_local_2_0 (51.0.0) {08/10/20 13:53:03}
08/10/20 13:53:03 Number of idle job procs: 1
08/10/20 13:53:03 Event: ULOG_EXECUTE for HTCondor Node clean_up_local_level_6_0 (50.0.0) {08/10/20 13:53:03}
08/10/20 13:53:03 Number of idle job procs: 0
08/10/20 13:53:08 Currently monitoring 1 HTCondor log file(s)
08/10/20 13:53:08 Event: ULOG_JOB_TERMINATED for HTCondor Node register_local_2_0 (51.0.0) {08/10/20 13:53:04}
08/10/20 13:53:08 Number of idle job procs: 0
08/10/20 13:53:08 Node register_local_2_0 job proc (51.0.0) completed successfully.
08/10/20 13:53:08 Node register_local_2_0 job completed
08/10/20 13:53:08 Running POST script of Node register_local_2_0...
08/10/20 13:53:08 Warning: mysin has length 0 (ignore if produced by DAGMan; see gittrac #4987, #5031)
08/10/20 13:53:08 Event: ULOG_JOB_TERMINATED for HTCondor Node clean_up_local_level_6_0 (50.0.0) {08/10/20 13:53:05}
08/10/20 13:53:08 Number of idle job procs: 0
08/10/20 13:53:08 Node clean_up_local_level_6_0 job proc (50.0.0) completed successfully.
08/10/20 13:53:08 Node clean_up_local_level_6_0 job completed
08/10/20 13:53:08 Running POST script of Node clean_up_local_level_6_0...
08/10/20 13:53:08 Warning: mysin has length 0 (ignore if produced by DAGMan; see gittrac #4987, #5031)
08/10/20 13:53:08 DAG status: 0 (DAG_STATUS_OK)
08/10/20 13:53:08 Of 19 nodes total:
08/10/20 13:53:08  Done     Pre   Queued    Post   Ready   Un-Ready   Failed
08/10/20 13:53:08   ===     ===      ===     ===     ===        ===      ===
08/10/20 13:53:08    16       0        0       2       0          1        0
08/10/20 13:53:08 0 job proc(s) currently held
08/10/20 13:53:08 DAGMan Runtime Statistics: [ EventCycleTimeStd = 0.03618958355813943; EventCycleTimeMax = 0.1229450702667236; SubmitCycleTimeMin = 0.0001509189605712891; SubmitCycleTimeAvg = 0.02516888578732808; SleepCycleTimeCount = 23.0; SubmitCycleTimeCount = 24.0; SubmitCycleTimeMax = 0.1177818775177002; SleepCycleTimeMin = 4.207230091094971; SubmitCycleTimeSum = 0.604053258895874; LogProcessCycleTimeStd = 0.01865647473456678; SubmitCycleTimeStd = 0.03820311636461213; LogProcessCycleTimeAvg = 0.01886296272277832; EventCycleTimeMin = 0.002817153930664062; LogProcessCycleTimeMax = 0.082672119140625; LogProcessCycleTimeMin = 0.002202987670898438; LogProcessCycleTimeSum = 0.3583962917327881; LogProcessCycleTimeCount = 19.0; EventCycleTimeSum = 1.052229642868042; SleepCycleTimeSum = 115.0851483345032; SleepCycleTimeAvg = 5.003702101500138; SleepCycleTimeStd = 0.2620336371550936; SleepCycleTimeMax = 5.25609302520752; EventCycleTimeCount = 23.0; EventCycleTimeAvg = 0.04574911490730618; ]
08/10/20 13:53:08 Initializing user log writer for /home/scitech/shared-data/sample-text-analysis-wf/scitech/pegasus/harry-potter-text-analysis/run0003/./harry-potter-text-analysis-0.dag.nodes.log, (51.0.0)
08/10/20 13:53:08 Initializing user log writer for /home/scitech/shared-data/sample-text-analysis-wf/scitech/pegasus/harry-potter-text-analysis/run0003/./harry-potter-text-analysis-0.dag.nodes.log, (50.0.0)
08/10/20 13:53:13 Currently monitoring 1 HTCondor log file(s)
08/10/20 13:53:13 Event: ULOG_POST_SCRIPT_TERMINATED for HTCondor Node register_local_2_0 (51.0.0) {08/10/20 13:53:08}
08/10/20 13:53:13 POST Script of node register_local_2_0 completed successfully.
08/10/20 13:53:13 Event: ULOG_POST_SCRIPT_TERMINATED for HTCondor Node clean_up_local_level_6_0 (50.0.0) {08/10/20 13:53:08}
08/10/20 13:53:13 POST Script of node clean_up_local_level_6_0 completed successfully.
08/10/20 13:53:13 DAG status: 0 (DAG_STATUS_OK)
08/10/20 13:53:13 Of 19 nodes total:
08/10/20 13:53:13  Done     Pre   Queued    Post   Ready   Un-Ready   Failed
08/10/20 13:53:13   ===     ===      ===     ===     ===        ===      ===
08/10/20 13:53:13    18       0        0       0       1          0        0
08/10/20 13:53:13 0 job proc(s) currently held
08/10/20 13:53:13 DAGMan Runtime Statistics: [ EventCycleTimeStd = 0.03558547328642078; EventCycleTimeMax = 0.1229450702667236; SubmitCycleTimeMin = 0.0001509189605712891; SubmitCycleTimeAvg = 0.02419093132019043; SleepCycleTimeCount = 24.0; SubmitCycleTimeCount = 25.0; SubmitCycleTimeMax = 0.1177818775177002; SleepCycleTimeMin = 4.207230091094971; SubmitCycleTimeSum = 0.6047732830047607; LogProcessCycleTimeStd = 0.01832467598116512; SubmitCycleTimeStd = 0.03771705696318691; LogProcessCycleTimeAvg = 0.0183130145072937; EventCycleTimeMin = 0.002817153930664062; LogProcessCycleTimeMax = 0.082672119140625; LogProcessCycleTimeMin = 0.002202987670898438; LogProcessCycleTimeSum = 0.366260290145874; LogProcessCycleTimeCount = 20.0; EventCycleTimeSum = 1.079923629760742; SleepCycleTimeSum = 120.3012464046478; SleepCycleTimeAvg = 5.012551933526993; SleepCycleTimeStd = 0.2599153853005781; SleepCycleTimeMax = 5.25609302520752; EventCycleTimeCount = 24.0; EventCycleTimeAvg = 0.04499681790669759; ]
08/10/20 13:53:18 Submitting HTCondor Node cleanup_harry-potter-text-analysis_0_local job(s)...
08/10/20 13:53:18 Adding a DAGMan workflow log /home/scitech/shared-data/sample-text-analysis-wf/scitech/pegasus/harry-potter-text-analysis/run0003/./harry-potter-text-analysis-0.dag.nodes.log
08/10/20 13:53:18 Masking the events recorded in the DAGMAN workflow log
08/10/20 13:53:18 Mask for workflow log is 0,1,2,4,5,7,9,10,11,12,13,16,17,24,27,35,36
08/10/20 13:53:18 submitting: /usr/bin/condor_submit -a dag_node_name' '=' 'cleanup_harry-potter-text-analysis_0_local -a +DAGManJobId' '=' '33 -a DAGManJobId' '=' '33 -batch-name harry-potter-text-analysis-0.dag+33 -a submit_event_notes' '=' 'DAG' 'Node:' 'cleanup_harry-potter-text-analysis_0_local -a dagman_log' '=' '/home/scitech/shared-data/sample-text-analysis-wf/scitech/pegasus/harry-potter-text-analysis/run0003/./harry-potter-text-analysis-0.dag.nodes.log -a +DAGManNodesMask' '=' '"0,1,2,4,5,7,9,10,11,12,13,16,17,24,27,35,36" -a priority=1000 -a +DAGNodeRetry' '=' '0 -a DAG_STATUS' '=' '0 -a FAILED_COUNT' '=' '0 -a notification' '=' 'never -a +DAGParentNodeNames' '=' '"clean_up_local_level_3_0,clean_up_local_level_4_0,clean_up_local_level_5_0,clean_up_local_level_6_0" 00/00/cleanup_harry-potter-text-analysis_0_local.sub
08/10/20 13:53:18 From submit: Submitting job(s).
08/10/20 13:53:18 From submit: 1 job(s) submitted to cluster 52.
08/10/20 13:53:18 	assigned HTCondor ID (52.0.0)
08/10/20 13:53:18 Just submitted 1 job this cycle...
08/10/20 13:53:18 DAG status: 0 (DAG_STATUS_OK)
08/10/20 13:53:18 Of 19 nodes total:
08/10/20 13:53:18  Done     Pre   Queued    Post   Ready   Un-Ready   Failed
08/10/20 13:53:18   ===     ===      ===     ===     ===        ===      ===
08/10/20 13:53:18    18       0        1       0       0          0        0
08/10/20 13:53:18 0 job proc(s) currently held
08/10/20 13:53:18 DAGMan Runtime Statistics: [ EventCycleTimeStd = 0.03534626520506953; EventCycleTimeMax = 0.1229450702667236; SubmitCycleTimeMin = 0.0001509189605712891; SubmitCycleTimeAvg = 0.02447074193220872; SleepCycleTimeCount = 25.0; SubmitCycleTimeCount = 26.0; SubmitCycleTimeMax = 0.1177818775177002; SleepCycleTimeMin = 4.207230091094971; SubmitCycleTimeSum = 0.6362392902374268; LogProcessCycleTimeStd = 0.01832467598116512; SubmitCycleTimeStd = 0.03698254958719401; LogProcessCycleTimeAvg = 0.0183130145072937; EventCycleTimeMin = 0.002817153930664062; LogProcessCycleTimeMax = 0.082672119140625; LogProcessCycleTimeMin = 0.002202987670898438; LogProcessCycleTimeSum = 0.366260290145874; LogProcessCycleTimeCount = 20.0; EventCycleTimeSum = 1.095005512237549; SleepCycleTimeSum = 125.3019313812256; SleepCycleTimeAvg = 5.012077255249023; SleepCycleTimeStd = 0.2544539385746268; SleepCycleTimeMax = 5.25609302520752; EventCycleTimeCount = 25.0; EventCycleTimeAvg = 0.04380022048950195; ]
08/10/20 13:53:23 Currently monitoring 1 HTCondor log file(s)
08/10/20 13:53:23 Reassigning the id of job cleanup_harry-potter-text-analysis_0_local from (52.0.0) to (52.0.0)
08/10/20 13:53:23 Event: ULOG_SUBMIT for HTCondor Node cleanup_harry-potter-text-analysis_0_local (52.0.0) {08/10/20 13:53:18}
08/10/20 13:53:23 Number of idle job procs: 1
08/10/20 13:53:23 Event: ULOG_EXECUTE for HTCondor Node cleanup_harry-potter-text-analysis_0_local (52.0.0) {08/10/20 13:53:19}
08/10/20 13:53:23 Number of idle job procs: 0
08/10/20 13:53:23 Event: ULOG_JOB_TERMINATED for HTCondor Node cleanup_harry-potter-text-analysis_0_local (52.0.0) {08/10/20 13:53:22}
08/10/20 13:53:23 Number of idle job procs: 0
08/10/20 13:53:23 Node cleanup_harry-potter-text-analysis_0_local job proc (52.0.0) completed successfully.
08/10/20 13:53:23 Node cleanup_harry-potter-text-analysis_0_local job completed
08/10/20 13:53:23 Running POST script of Node cleanup_harry-potter-text-analysis_0_local...
08/10/20 13:53:23 Warning: mysin has length 0 (ignore if produced by DAGMan; see gittrac #4987, #5031)
08/10/20 13:53:23 DAG status: 0 (DAG_STATUS_OK)
08/10/20 13:53:23 Of 19 nodes total:
08/10/20 13:53:23  Done     Pre   Queued    Post   Ready   Un-Ready   Failed
08/10/20 13:53:23   ===     ===      ===     ===     ===        ===      ===
08/10/20 13:53:23    18       0        0       1       0          0        0
08/10/20 13:53:23 0 job proc(s) currently held
08/10/20 13:53:23 DAGMan Runtime Statistics: [ EventCycleTimeStd = 0.03466493180145258; EventCycleTimeMax = 0.1229450702667236; SubmitCycleTimeMin = 0.0001509189605712891; SubmitCycleTimeAvg = 0.02359233962164985; SleepCycleTimeCount = 26.0; SubmitCycleTimeCount = 27.0; SubmitCycleTimeMax = 0.1177818775177002; SleepCycleTimeMin = 4.207230091094971; SubmitCycleTimeSum = 0.6369931697845459; LogProcessCycleTimeStd = 0.01786315729989508; SubmitCycleTimeStd = 0.03655048193089967; LogProcessCycleTimeAvg = 0.01824816068013509; EventCycleTimeMin = 0.002817153930664062; LogProcessCycleTimeMax = 0.082672119140625; LogProcessCycleTimeMin = 0.002202987670898438; LogProcessCycleTimeSum = 0.3832113742828369; LogProcessCycleTimeCount = 21.0; EventCycleTimeSum = 1.131117582321167; SleepCycleTimeSum = 130.3086063861847; SleepCycleTimeAvg = 5.011869476391719; SleepCycleTimeStd = 0.2493151761431404; SleepCycleTimeMax = 5.25609302520752; EventCycleTimeCount = 26.0; EventCycleTimeAvg = 0.04350452239696796; ]
08/10/20 13:53:24 Initializing user log writer for /home/scitech/shared-data/sample-text-analysis-wf/scitech/pegasus/harry-potter-text-analysis/run0003/./harry-potter-text-analysis-0.dag.nodes.log, (52.0.0)
08/10/20 13:53:28 Currently monitoring 1 HTCondor log file(s)
08/10/20 13:53:28 Event: ULOG_POST_SCRIPT_TERMINATED for HTCondor Node cleanup_harry-potter-text-analysis_0_local (52.0.0) {08/10/20 13:53:24}
08/10/20 13:53:28 POST Script of node cleanup_harry-potter-text-analysis_0_local completed successfully.
08/10/20 13:53:28 DAG status: 0 (DAG_STATUS_OK)
08/10/20 13:53:28 Of 19 nodes total:
08/10/20 13:53:28  Done     Pre   Queued    Post   Ready   Un-Ready   Failed
08/10/20 13:53:28   ===     ===      ===     ===     ===        ===      ===
08/10/20 13:53:28    19       0        0       0       0          0        0
08/10/20 13:53:28 0 job proc(s) currently held
08/10/20 13:53:28 DAGMan Runtime Statistics: [ EventCycleTimeStd = 0.0341929116331614; EventCycleTimeMax = 0.1229450702667236; SubmitCycleTimeMin = 0.0001509189605712891; SubmitCycleTimeAvg = 0.02277635676520211; SleepCycleTimeCount = 27.0; SubmitCycleTimeCount = 28.0; SubmitCycleTimeMax = 0.1177818775177002; SleepCycleTimeMin = 4.204447031021118; SubmitCycleTimeSum = 0.6377379894256592; LogProcessCycleTimeStd = 0.01765571810904723; SubmitCycleTimeStd = 0.03612619186733122; LogProcessCycleTimeAvg = 0.01765169880606911; EventCycleTimeMin = 0.002817153930664062; LogProcessCycleTimeMax = 0.082672119140625; LogProcessCycleTimeMin = 0.002202987670898438; LogProcessCycleTimeSum = 0.3883373737335205; LogProcessCycleTimeCount = 22.0; EventCycleTimeSum = 1.155378580093384; SleepCycleTimeSum = 134.5130534172058; SleepCycleTimeAvg = 4.981964941377993; SleepCycleTimeStd = 0.2896773296991088; SleepCycleTimeMax = 5.25609302520752; EventCycleTimeCount = 27.0; EventCycleTimeAvg = 0.04279179926271792; ]
08/10/20 13:53:28 All jobs Completed!
08/10/20 13:53:28 Note: 0 total job deferrals because of -MaxJobs limit (0)
08/10/20 13:53:28 Note: 0 total job deferrals because of -MaxIdle limit (1000)
08/10/20 13:53:28 Note: 0 total job deferrals because of node category throttles
08/10/20 13:53:28 Note: 0 total PRE script deferrals because of -MaxPre limit (20) or DEFER
08/10/20 13:53:28 Note: 0 total POST script deferrals because of -MaxPost limit (20) or DEFER
08/10/20 13:53:28 DAG status: 0 (DAG_STATUS_OK)
08/10/20 13:53:28 Of 19 nodes total:
08/10/20 13:53:28  Done     Pre   Queued    Post   Ready   Un-Ready   Failed
08/10/20 13:53:28   ===     ===      ===     ===     ===        ===      ===
08/10/20 13:53:28    19       0        0       0       0          0        0
08/10/20 13:53:28 0 job proc(s) currently held
08/10/20 13:53:28 DAGMan Runtime Statistics: [ EventCycleTimeStd = 0.0341929116331614; EventCycleTimeMax = 0.1229450702667236; SubmitCycleTimeMin = 0.0001509189605712891; SubmitCycleTimeAvg = 0.02277635676520211; SleepCycleTimeCount = 27.0; SubmitCycleTimeCount = 28.0; SubmitCycleTimeMax = 0.1177818775177002; SleepCycleTimeMin = 4.204447031021118; SubmitCycleTimeSum = 0.6377379894256592; LogProcessCycleTimeStd = 0.01765571810904723; SubmitCycleTimeStd = 0.03612619186733122; LogProcessCycleTimeAvg = 0.01765169880606911; EventCycleTimeMin = 0.002817153930664062; LogProcessCycleTimeMax = 0.082672119140625; LogProcessCycleTimeMin = 0.002202987670898438; LogProcessCycleTimeSum = 0.3883373737335205; LogProcessCycleTimeCount = 22.0; EventCycleTimeSum = 1.155378580093384; SleepCycleTimeSum = 134.5130534172058; SleepCycleTimeAvg = 4.981964941377993; SleepCycleTimeStd = 0.2896773296991088; SleepCycleTimeMax = 5.25609302520752; EventCycleTimeCount = 27.0; EventCycleTimeAvg = 0.04279179926271792; ]
08/10/20 13:53:28 Wrote metrics file harry-potter-text-analysis-0.dag.metrics.
08/10/20 13:53:28 Reporting metrics to Pegasus metrics server(s); output is in harry-potter-text-analysis-0.dag.metrics.out.
08/10/20 13:53:28 Running command </usr/libexec/condor/condor_dagman_metrics_reporter -f harry-potter-text-analysis-0.dag.metrics -t 100>
08/10/20 13:53:28 Warning: mysin has length 0 (ignore if produced by DAGMan; see gittrac #4987, #5031)
08/10/20 13:53:28 DAGMan Runtime Statistics: [ EventCycleTimeStd = 0.0341929116331614; EventCycleTimeMax = 0.1229450702667236; SubmitCycleTimeMin = 0.0001509189605712891; SubmitCycleTimeAvg = 0.02277635676520211; SleepCycleTimeCount = 27.0; SubmitCycleTimeCount = 28.0; SubmitCycleTimeMax = 0.1177818775177002; SleepCycleTimeMin = 4.204447031021118; SubmitCycleTimeSum = 0.6377379894256592; LogProcessCycleTimeStd = 0.01765571810904723; SubmitCycleTimeStd = 0.03612619186733122; LogProcessCycleTimeAvg = 0.01765169880606911; EventCycleTimeMin = 0.002817153930664062; LogProcessCycleTimeMax = 0.082672119140625; LogProcessCycleTimeMin = 0.002202987670898438; LogProcessCycleTimeSum = 0.3883373737335205; LogProcessCycleTimeCount = 22.0; EventCycleTimeSum = 1.155378580093384; SleepCycleTimeSum = 134.5130534172058; SleepCycleTimeAvg = 4.981964941377993; SleepCycleTimeStd = 0.2896773296991088; SleepCycleTimeMax = 5.25609302520752; EventCycleTimeCount = 27.0; EventCycleTimeAvg = 0.04279179926271792; ]
08/10/20 13:53:28 **** condor_scheduniv_exec.33.0 (condor_DAGMAN) pid 5228 EXITING WITH STATUS 0
