1597092669 INTERNAL *** MONITORD_STARTED ***
1597092668 INTERNAL *** DAGMAN_STARTED 33.0 ***
1597092672 create_dir_harry-potter-text-analysis_0_local SUBMIT 34.0 local - 1
1597092673 create_dir_harry-potter-text-analysis_0_local EXECUTE 34.0 local - 1
1597092675 create_dir_harry-potter-text-analysis_0_local JOB_TERMINATED 34.0 local - 1
1597092677 create_dir_harry-potter-text-analysis_0_local JOB_SUCCESS 0 local - 1
1597092677 create_dir_harry-potter-text-analysis_0_local POST_SCRIPT_STARTED 34.0 local - 1
1597092677 create_dir_harry-potter-text-analysis_0_local POST_SCRIPT_TERMINATED 34.0 local - 1
1597092682 create_dir_harry-potter-text-analysis_0_local POST_SCRIPT_SUCCESS 0 local - 1
1597092687 stage_in_remote_local_2_0 SUBMIT 35.0 local - 2
1597092687 stage_in_remote_local_1_0 SUBMIT 36.0 local - 3
1597092687 stage_in_remote_local_0_0 SUBMIT 37.0 local - 4
1597092687 stage_in_local_local_0_0 SUBMIT 38.0 local - 5
1597092690 stage_in_remote_local_1_0 EXECUTE 36.0 local - 3
1597092690 stage_in_local_local_0_0 EXECUTE 38.0 local - 5
1597092690 stage_in_remote_local_2_0 EXECUTE 35.0 local - 2
1597092690 stage_in_remote_local_0_0 EXECUTE 37.0 local - 4
1597092692 stage_in_local_local_0_0 JOB_TERMINATED 38.0 local - 5
1597092692 stage_in_local_local_0_0 JOB_SUCCESS 0 local - 5
1597092692 stage_in_local_local_0_0 POST_SCRIPT_STARTED 38.0 local - 5
1597092692 stage_in_remote_local_1_0 JOB_TERMINATED 36.0 local - 3
1597092692 stage_in_remote_local_1_0 JOB_SUCCESS 0 local - 3
1597092692 stage_in_remote_local_1_0 POST_SCRIPT_STARTED 36.0 local - 3
1597092692 stage_in_remote_local_2_0 JOB_TERMINATED 35.0 local - 2
1597092692 stage_in_remote_local_2_0 JOB_SUCCESS 0 local - 2
1597092692 stage_in_remote_local_2_0 POST_SCRIPT_STARTED 35.0 local - 2
1597092692 stage_in_remote_local_0_0 JOB_TERMINATED 37.0 local - 4
1597092692 stage_in_remote_local_0_0 JOB_SUCCESS 0 local - 4
1597092692 stage_in_remote_local_0_0 POST_SCRIPT_STARTED 37.0 local - 4
1597092693 stage_in_local_local_0_0 POST_SCRIPT_TERMINATED 38.0 local - 5
1597092698 stage_in_local_local_0_0 POST_SCRIPT_SUCCESS 0 local - 5
1597092693 stage_in_remote_local_1_0 POST_SCRIPT_TERMINATED 36.0 local - 3
1597092698 stage_in_remote_local_1_0 POST_SCRIPT_SUCCESS 0 local - 3
1597092693 stage_in_remote_local_2_0 POST_SCRIPT_TERMINATED 35.0 local - 2
1597092698 stage_in_remote_local_2_0 POST_SCRIPT_SUCCESS 0 local - 2
1597092693 stage_in_remote_local_0_0 POST_SCRIPT_TERMINATED 37.0 local - 4
1597092698 stage_in_remote_local_0_0 POST_SCRIPT_SUCCESS 0 local - 4
1597092703 word_count_ID0000001 SUBMIT 39.0 condorpool - 6
1597092712 word_count_ID0000001 EXECUTE 39.0 condorpool - 6
1597092713 word_count_ID0000001 JOB_TERMINATED 39.0 condorpool - 6
1597092718 word_count_ID0000001 JOB_SUCCESS 0 condorpool - 6
1597092718 word_count_ID0000001 POST_SCRIPT_STARTED 39.0 condorpool - 6
1597092718 word_count_ID0000001 POST_SCRIPT_TERMINATED 39.0 condorpool - 6
1597092723 word_count_ID0000001 POST_SCRIPT_SUCCESS 0 condorpool - 6
1597092728 clean_up_local_level_3_0 SUBMIT 40.0 local - 7
1597092728 stage_out_local_local_0_0 SUBMIT 41.0 local - 8
1597092728 sort_ID0000002 SUBMIT 42.0 condorpool - 9
1597092729 sort_ID0000002 EXECUTE 42.0 condorpool - 9
1597092731 sort_ID0000002 JOB_TERMINATED 42.0 condorpool - 9
1597092733 sort_ID0000002 JOB_SUCCESS 0 condorpool - 9
1597092733 sort_ID0000002 POST_SCRIPT_STARTED 42.0 condorpool - 9
1597092733 clean_up_local_level_3_0 EXECUTE 40.0 local - 7
1597092733 stage_out_local_local_0_0 EXECUTE 41.0 local - 8
1597092733 sort_ID0000002 POST_SCRIPT_TERMINATED 42.0 condorpool - 9
1597092738 sort_ID0000002 POST_SCRIPT_SUCCESS 0 condorpool - 9
1597092736 stage_out_local_local_0_0 JOB_TERMINATED 41.0 local - 8
1597092738 stage_out_local_local_0_0 JOB_SUCCESS 0 local - 8
1597092738 stage_out_local_local_0_0 POST_SCRIPT_STARTED 41.0 local - 8
1597092738 clean_up_local_level_3_0 JOB_TERMINATED 40.0 local - 7
1597092738 clean_up_local_level_3_0 JOB_SUCCESS 0 local - 7
1597092738 clean_up_local_level_3_0 POST_SCRIPT_STARTED 40.0 local - 7
1597092739 stage_out_local_local_0_0 POST_SCRIPT_TERMINATED 41.0 local - 8
1597092743 stage_out_local_local_0_0 POST_SCRIPT_SUCCESS 0 local - 8
1597092739 clean_up_local_level_3_0 POST_SCRIPT_TERMINATED 40.0 local - 7
1597092743 clean_up_local_level_3_0 POST_SCRIPT_SUCCESS 0 local - 7
1597092743 stage_out_local_local_1_0 SUBMIT 43.0 local - 10
1597092743 plot_ID0000003 SUBMIT 44.0 condorpool - 11
1597092744 plot_ID0000003 EXECUTE 44.0 condorpool - 11
1597092745 stage_out_local_local_1_0 EXECUTE 43.0 local - 10
1597092746 plot_ID0000003 JOB_TERMINATED 44.0 condorpool - 11
1597092748 plot_ID0000003 JOB_SUCCESS 0 condorpool - 11
1597092748 plot_ID0000003 POST_SCRIPT_STARTED 44.0 condorpool - 11
1597092747 stage_out_local_local_1_0 JOB_TERMINATED 43.0 local - 10
1597092748 stage_out_local_local_1_0 JOB_SUCCESS 0 local - 10
1597092748 stage_out_local_local_1_0 POST_SCRIPT_STARTED 43.0 local - 10
1597092748 clean_up_local_level_4_0 SUBMIT 45.0 local - 12
1597092748 clean_up_local_level_4_0 EXECUTE 45.0 local - 12
1597092748 register_local_0_0 SUBMIT 46.0 local - 13
1597092748 stage_out_local_local_1_0 POST_SCRIPT_TERMINATED 43.0 local - 10
1597092753 stage_out_local_local_1_0 POST_SCRIPT_SUCCESS 0 local - 10
1597092748 plot_ID0000003 POST_SCRIPT_TERMINATED 44.0 condorpool - 11
1597092753 plot_ID0000003 POST_SCRIPT_SUCCESS 0 condorpool - 11
1597092750 register_local_0_0 EXECUTE 46.0 local - 13
1597092752 register_local_0_0 JOB_TERMINATED 46.0 local - 13
1597092753 register_local_0_0 JOB_SUCCESS 0 local - 13
1597092753 register_local_0_0 POST_SCRIPT_STARTED 46.0 local - 13
1597092752 clean_up_local_level_4_0 JOB_TERMINATED 45.0 local - 12
1597092753 clean_up_local_level_4_0 JOB_SUCCESS 0 local - 12
1597092753 clean_up_local_level_4_0 POST_SCRIPT_STARTED 45.0 local - 12
1597092753 register_local_0_0 POST_SCRIPT_TERMINATED 46.0 local - 13
1597092758 register_local_0_0 POST_SCRIPT_SUCCESS 0 local - 13
1597092753 clean_up_local_level_4_0 POST_SCRIPT_TERMINATED 45.0 local - 12
1597092758 clean_up_local_level_4_0 POST_SCRIPT_SUCCESS 0 local - 12
1597092758 clean_up_local_level_5_0 SUBMIT 47.0 local - 14
1597092758 stage_out_local_local_2_0 SUBMIT 48.0 local - 15
1597092758 register_local_1_0 SUBMIT 49.0 local - 16
1597092761 clean_up_local_level_5_0 EXECUTE 47.0 local - 14
1597092761 register_local_1_0 EXECUTE 49.0 local - 16
1597092761 stage_out_local_local_2_0 EXECUTE 48.0 local - 15
1597092763 register_local_1_0 JOB_TERMINATED 49.0 local - 16
1597092763 register_local_1_0 JOB_SUCCESS 0 local - 16
1597092763 register_local_1_0 POST_SCRIPT_STARTED 49.0 local - 16
1597092764 stage_out_local_local_2_0 JOB_TERMINATED 48.0 local - 15
1597092768 stage_out_local_local_2_0 JOB_SUCCESS 0 local - 15
1597092768 stage_out_local_local_2_0 POST_SCRIPT_STARTED 48.0 local - 15
1597092764 register_local_1_0 POST_SCRIPT_TERMINATED 49.0 local - 16
1597092768 register_local_1_0 POST_SCRIPT_SUCCESS 0 local - 16
1597092766 clean_up_local_level_5_0 JOB_TERMINATED 47.0 local - 14
1597092768 clean_up_local_level_5_0 JOB_SUCCESS 0 local - 14
1597092768 clean_up_local_level_5_0 POST_SCRIPT_STARTED 47.0 local - 14
1597092768 stage_out_local_local_2_0 POST_SCRIPT_TERMINATED 48.0 local - 15
1597092773 stage_out_local_local_2_0 POST_SCRIPT_SUCCESS 0 local - 15
1597092768 clean_up_local_level_5_0 POST_SCRIPT_TERMINATED 47.0 local - 14
1597092773 clean_up_local_level_5_0 POST_SCRIPT_SUCCESS 0 local - 14
1597092778 clean_up_local_level_6_0 SUBMIT 50.0 local - 17
1597092778 register_local_2_0 SUBMIT 51.0 local - 18
1597092783 register_local_2_0 EXECUTE 51.0 local - 18
1597092783 clean_up_local_level_6_0 EXECUTE 50.0 local - 17
1597092784 register_local_2_0 JOB_TERMINATED 51.0 local - 18
1597092788 register_local_2_0 JOB_SUCCESS 0 local - 18
1597092788 register_local_2_0 POST_SCRIPT_STARTED 51.0 local - 18
1597092785 clean_up_local_level_6_0 JOB_TERMINATED 50.0 local - 17
1597092788 clean_up_local_level_6_0 JOB_SUCCESS 0 local - 17
1597092788 clean_up_local_level_6_0 POST_SCRIPT_STARTED 50.0 local - 17
1597092788 register_local_2_0 POST_SCRIPT_TERMINATED 51.0 local - 18
1597092793 register_local_2_0 POST_SCRIPT_SUCCESS 0 local - 18
1597092788 clean_up_local_level_6_0 POST_SCRIPT_TERMINATED 50.0 local - 17
1597092793 clean_up_local_level_6_0 POST_SCRIPT_SUCCESS 0 local - 17
1597092798 cleanup_harry-potter-text-analysis_0_local SUBMIT 52.0 local - 19
1597092799 cleanup_harry-potter-text-analysis_0_local EXECUTE 52.0 local - 19
1597092802 cleanup_harry-potter-text-analysis_0_local JOB_TERMINATED 52.0 local - 19
1597092803 cleanup_harry-potter-text-analysis_0_local JOB_SUCCESS 0 local - 19
1597092803 cleanup_harry-potter-text-analysis_0_local POST_SCRIPT_STARTED 52.0 local - 19
1597092804 cleanup_harry-potter-text-analysis_0_local POST_SCRIPT_TERMINATED 52.0 local - 19
1597092808 cleanup_harry-potter-text-analysis_0_local POST_SCRIPT_SUCCESS 0 local - 19
1597092808 INTERNAL *** DAGMAN_FINISHED 0 ***
1597092809 INTERNAL *** MONITORD_FINISHED 0 ***
