07/11/20 23:12:50 ******************************************************
07/11/20 23:12:50 ** condor_scheduniv_exec.15.0 (CONDOR_DAGMAN) STARTING UP
07/11/20 23:12:50 ** /usr/bin/condor_dagman
07/11/20 23:12:50 ** SubsystemInfo: name=DAGMAN type=DAGMAN(10) class=DAEMON(1)
07/11/20 23:12:50 ** Configuration: subsystem:DAGMAN local:<NONE> class:DAEMON
07/11/20 23:12:50 ** $CondorVersion: 8.8.9 May 06 2020 BuildID: 503068 PackageID: 8.8.9-1 $
07/11/20 23:12:50 ** $CondorPlatform: x86_64_CentOS7 $
07/11/20 23:12:50 ** PID = 7437
07/11/20 23:12:50 ** Log last touched time unavailable (No such file or directory)
07/11/20 23:12:50 ******************************************************
07/11/20 23:12:50 Using config source: /etc/condor/condor_config
07/11/20 23:12:50 Using local config sources: 
07/11/20 23:12:50    /etc/condor/config.d/00-minicondor
07/11/20 23:12:50    /etc/condor/condor_config.local
07/11/20 23:12:50 config Macros = 81, Sorted = 81, StringBytes = 2246, TablesBytes = 2964
07/11/20 23:12:50 CLASSAD_CACHING is ENABLED
07/11/20 23:12:50 Daemon Log is logging: D_ALWAYS D_ERROR
07/11/20 23:12:50 DaemonCore: No command port requested.
07/11/20 23:12:50 DAGMAN_USE_STRICT setting: 1
07/11/20 23:12:50 DAGMAN_VERBOSITY setting: 3
07/11/20 23:12:50 DAGMAN_DEBUG_CACHE_SIZE setting: 5242880
07/11/20 23:12:50 DAGMAN_DEBUG_CACHE_ENABLE setting: False
07/11/20 23:12:50 DAGMAN_SUBMIT_DELAY setting: 0
07/11/20 23:12:50 DAGMAN_MAX_SUBMIT_ATTEMPTS setting: 6
07/11/20 23:12:50 DAGMAN_STARTUP_CYCLE_DETECT setting: False
07/11/20 23:12:50 DAGMAN_MAX_SUBMITS_PER_INTERVAL setting: 100
07/11/20 23:12:50 DAGMAN_AGGRESSIVE_SUBMIT setting: False
07/11/20 23:12:50 DAGMAN_USER_LOG_SCAN_INTERVAL setting: 5
07/11/20 23:12:50 DAGMAN_QUEUE_UPDATE_INTERVAL setting: 300
07/11/20 23:12:50 DAGMAN_DEFAULT_PRIORITY setting: 0
07/11/20 23:12:50 DAGMAN_SUPPRESS_NOTIFICATION setting: True
07/11/20 23:12:50 allow_events (DAGMAN_ALLOW_EVENTS) setting: 114
07/11/20 23:12:50 DAGMAN_RETRY_SUBMIT_FIRST setting: True
07/11/20 23:12:50 DAGMAN_RETRY_NODE_FIRST setting: False
07/11/20 23:12:50 DAGMAN_MAX_JOBS_IDLE setting: 1000
07/11/20 23:12:50 DAGMAN_MAX_JOBS_SUBMITTED setting: 0
07/11/20 23:12:50 DAGMAN_MAX_PRE_SCRIPTS setting: 20
07/11/20 23:12:50 DAGMAN_MAX_POST_SCRIPTS setting: 20
07/11/20 23:12:50 DAGMAN_MUNGE_NODE_NAMES setting: True
07/11/20 23:12:50 DAGMAN_PROHIBIT_MULTI_JOBS setting: False
07/11/20 23:12:50 DAGMAN_SUBMIT_DEPTH_FIRST setting: False
07/11/20 23:12:50 DAGMAN_ALWAYS_RUN_POST setting: False
07/11/20 23:12:50 DAGMAN_CONDOR_SUBMIT_EXE setting: /usr/bin/condor_submit
07/11/20 23:12:50 DAGMAN_USE_CONDOR_SUBMIT setting: True
07/11/20 23:12:50 DAGMAN_ABORT_DUPLICATES setting: True
07/11/20 23:12:50 DAGMAN_ABORT_ON_SCARY_SUBMIT setting: True
07/11/20 23:12:50 DAGMAN_PENDING_REPORT_INTERVAL setting: 600
07/11/20 23:12:50 DAGMAN_AUTO_RESCUE setting: True
07/11/20 23:12:50 DAGMAN_MAX_RESCUE_NUM setting: 100
07/11/20 23:12:50 DAGMAN_WRITE_PARTIAL_RESCUE setting: True
07/11/20 23:12:50 DAGMAN_DEFAULT_NODE_LOG setting: @(DAG_DIR)/@(DAG_FILE).nodes.log
07/11/20 23:12:50 DAGMAN_GENERATE_SUBDAG_SUBMITS setting: True
07/11/20 23:12:50 DAGMAN_MAX_JOB_HOLDS setting: 100
07/11/20 23:12:50 DAGMAN_HOLD_CLAIM_TIME setting: 20
07/11/20 23:12:50 ALL_DEBUG setting: 
07/11/20 23:12:50 DAGMAN_DEBUG setting: 
07/11/20 23:12:50 DAGMAN_SUPPRESS_JOB_LOGS setting: False
07/11/20 23:12:50 DAGMAN_REMOVE_NODE_JOBS setting: True
07/11/20 23:12:50 argv[0] == "condor_scheduniv_exec.15.0"
07/11/20 23:12:50 argv[1] == "-Lockfile"
07/11/20 23:12:50 argv[2] == "Increment-0.dag.lock"
07/11/20 23:12:50 argv[3] == "-AutoRescue"
07/11/20 23:12:50 argv[4] == "1"
07/11/20 23:12:50 argv[5] == "-DoRescueFrom"
07/11/20 23:12:50 argv[6] == "0"
07/11/20 23:12:50 argv[7] == "-Dag"
07/11/20 23:12:50 argv[8] == "Increment-0.dag"
07/11/20 23:12:50 argv[9] == "-MaxPost"
07/11/20 23:12:50 argv[10] == "20"
07/11/20 23:12:50 argv[11] == "-Suppress_notification"
07/11/20 23:12:50 argv[12] == "-CsdVersion"
07/11/20 23:12:50 argv[13] == "$CondorVersion: 8.8.9 May 06 2020 BuildID: 503068 PackageID: 8.8.9-1 $"
07/11/20 23:12:50 argv[14] == "-Dagman"
07/11/20 23:12:50 argv[15] == "/bin/condor_dagman"
07/11/20 23:12:50 Workflow batch-name: <Increment-0.dag+15>
07/11/20 23:12:50 Workflow accounting_group: <>
07/11/20 23:12:50 Workflow accounting_group_user: <>
07/11/20 23:12:50 Warning: failed to get attribute DAGNodeName
07/11/20 23:12:50 DAGMAN_LOG_ON_NFS_IS_ERROR setting: False
07/11/20 23:12:50 Default node log file is: </home/scitech/shared-data/Workflow/Workflow2/scitech/pegasus/Increment/run0003/./Increment-0.dag.nodes.log>
07/11/20 23:12:50 DAG Lockfile will be written to Increment-0.dag.lock
07/11/20 23:12:50 DAG Input file is Increment-0.dag
07/11/20 23:12:50 Parsing 1 dagfiles
07/11/20 23:12:50 Parsing Increment-0.dag ...
07/11/20 23:12:50 Warning:  could not open Pegasus braindump file braindump.txt
07/11/20 23:12:50 Dag contains 9 total jobs
07/11/20 23:12:50 Sleeping for 3 seconds to ensure ProcessId uniqueness
07/11/20 23:12:53 Bootstrapping...
07/11/20 23:12:53 Number of pre-completed nodes: 0
07/11/20 23:12:53 MultiLogFiles: truncating log file /home/scitech/shared-data/Workflow/Workflow2/scitech/pegasus/Increment/run0003/./Increment-0.dag.nodes.log
07/11/20 23:12:53 DAG status: 0 (DAG_STATUS_OK)
07/11/20 23:12:53 Of 9 nodes total:
07/11/20 23:12:53  Done     Pre   Queued    Post   Ready   Un-Ready   Failed
07/11/20 23:12:53   ===     ===      ===     ===     ===        ===      ===
07/11/20 23:12:53     0       0        0       0       1          8        0
07/11/20 23:12:53 0 job proc(s) currently held
07/11/20 23:12:53 DAGMan Runtime Statistics: [ EventCycleTimeSum = 0.0; EventCycleTimeCount = 0.0; SleepCycleTimeCount = 0.0; SubmitCycleTimeSum = 0.0; SubmitCycleTimeCount = 0.0; LogProcessCycleTimeSum = 0.0; SleepCycleTimeSum = 0.0; LogProcessCycleTimeCount = 0.0; ]
07/11/20 23:12:53 Registering condor_event_timer...
07/11/20 23:12:54 Submitting HTCondor Node create_dir_Increment_0_local job(s)...
07/11/20 23:12:54 Adding a DAGMan workflow log /home/scitech/shared-data/Workflow/Workflow2/scitech/pegasus/Increment/run0003/./Increment-0.dag.nodes.log
07/11/20 23:12:54 Masking the events recorded in the DAGMAN workflow log
07/11/20 23:12:54 Mask for workflow log is 0,1,2,4,5,7,9,10,11,12,13,16,17,24,27,35,36
07/11/20 23:12:54 submitting: /usr/bin/condor_submit -a dag_node_name' '=' 'create_dir_Increment_0_local -a +DAGManJobId' '=' '15 -a DAGManJobId' '=' '15 -batch-name Increment-0.dag+15 -a submit_event_notes' '=' 'DAG' 'Node:' 'create_dir_Increment_0_local -a dagman_log' '=' '/home/scitech/shared-data/Workflow/Workflow2/scitech/pegasus/Increment/run0003/./Increment-0.dag.nodes.log -a +DAGManNodesMask' '=' '"0,1,2,4,5,7,9,10,11,12,13,16,17,24,27,35,36" -a priority=800 -a +DAGNodeRetry' '=' '0 -a DAG_STATUS' '=' '0 -a FAILED_COUNT' '=' '0 -a +KeepClaimIdle' '=' '20 -a notification' '=' 'never -a +DAGParentNodeNames' '=' '"" 00/00/create_dir_Increment_0_local.sub
07/11/20 23:12:54 From submit: Submitting job(s).
07/11/20 23:12:54 From submit: 1 job(s) submitted to cluster 16.
07/11/20 23:12:54 	assigned HTCondor ID (16.0.0)
07/11/20 23:12:54 Just submitted 1 job this cycle...
07/11/20 23:12:54 DAG status: 0 (DAG_STATUS_OK)
07/11/20 23:12:54 Of 9 nodes total:
07/11/20 23:12:54  Done     Pre   Queued    Post   Ready   Un-Ready   Failed
07/11/20 23:12:54   ===     ===      ===     ===     ===        ===      ===
07/11/20 23:12:54     0       0        1       0       0          8        0
07/11/20 23:12:54 0 job proc(s) currently held
07/11/20 23:12:54 DAGMan Runtime Statistics: [ EventCycleTimeCount = 0.0; EventCycleTimeSum = 0.0; LogProcessCycleTimeCount = 0.0; SleepCycleTimeSum = 0.0; LogProcessCycleTimeSum = 0.0; SubmitCycleTimeCount = 1.0; SubmitCycleTimeMax = 0.04569196701049805; SubmitCycleTimeMin = 0.04569196701049805; SubmitCycleTimeAvg = 0.04569196701049805; SubmitCycleTimeStd = 0.04569196701049805; SubmitCycleTimeSum = 0.04569196701049805; SleepCycleTimeCount = 0.0; ]
07/11/20 23:12:59 Currently monitoring 1 HTCondor log file(s)
07/11/20 23:12:59 Reassigning the id of job create_dir_Increment_0_local from (16.0.0) to (16.0.0)
07/11/20 23:12:59 Event: ULOG_SUBMIT for HTCondor Node create_dir_Increment_0_local (16.0.0) {07/11/20 23:12:54}
07/11/20 23:12:59 Number of idle job procs: 1
07/11/20 23:12:59 Event: ULOG_EXECUTE for HTCondor Node create_dir_Increment_0_local (16.0.0) {07/11/20 23:12:55}
07/11/20 23:12:59 Number of idle job procs: 0
07/11/20 23:12:59 Event: ULOG_JOB_TERMINATED for HTCondor Node create_dir_Increment_0_local (16.0.0) {07/11/20 23:12:58}
07/11/20 23:12:59 Number of idle job procs: 0
07/11/20 23:12:59 Node create_dir_Increment_0_local job proc (16.0.0) completed successfully.
07/11/20 23:12:59 Node create_dir_Increment_0_local job completed
07/11/20 23:12:59 Running POST script of Node create_dir_Increment_0_local...
07/11/20 23:12:59 Warning: mysin has length 0 (ignore if produced by DAGMan; see gittrac #4987, #5031)
07/11/20 23:12:59 DAG status: 0 (DAG_STATUS_OK)
07/11/20 23:12:59 Of 9 nodes total:
07/11/20 23:12:59  Done     Pre   Queued    Post   Ready   Un-Ready   Failed
07/11/20 23:12:59   ===     ===      ===     ===     ===        ===      ===
07/11/20 23:12:59     0       0        0       1       0          8        0
07/11/20 23:12:59 0 job proc(s) currently held
07/11/20 23:12:59 DAGMan Runtime Statistics: [ EventCycleTimeStd = 0.05091094970703125; EventCycleTimeMax = 0.05091094970703125; SubmitCycleTimeMin = 0.001195907592773438; SubmitCycleTimeAvg = 0.02344393730163574; SleepCycleTimeCount = 1.0; SubmitCycleTimeCount = 2.0; SubmitCycleTimeMax = 0.04569196701049805; SleepCycleTimeMin = 5.007960081100464; SubmitCycleTimeSum = 0.04688787460327148; LogProcessCycleTimeStd = 0.0186011791229248; SubmitCycleTimeStd = 0.03146346535035261; LogProcessCycleTimeAvg = 0.0186011791229248; EventCycleTimeMin = 0.05091094970703125; LogProcessCycleTimeMax = 0.0186011791229248; LogProcessCycleTimeMin = 0.0186011791229248; LogProcessCycleTimeSum = 0.0186011791229248; LogProcessCycleTimeCount = 1.0; EventCycleTimeSum = 0.05091094970703125; SleepCycleTimeSum = 5.007960081100464; SleepCycleTimeAvg = 5.007960081100464; SleepCycleTimeStd = 5.007960081100464; SleepCycleTimeMax = 5.007960081100464; EventCycleTimeCount = 1.0; EventCycleTimeAvg = 0.05091094970703125; ]
07/11/20 23:12:59 Initializing user log writer for /home/scitech/shared-data/Workflow/Workflow2/scitech/pegasus/Increment/run0003/./Increment-0.dag.nodes.log, (16.0.0)
07/11/20 23:13:04 Currently monitoring 1 HTCondor log file(s)
07/11/20 23:13:04 Event: ULOG_POST_SCRIPT_TERMINATED for HTCondor Node create_dir_Increment_0_local (16.0.0) {07/11/20 23:12:59}
07/11/20 23:13:04 POST Script of node create_dir_Increment_0_local completed successfully.
07/11/20 23:13:04 DAG status: 0 (DAG_STATUS_OK)
07/11/20 23:13:04 Of 9 nodes total:
07/11/20 23:13:04  Done     Pre   Queued    Post   Ready   Un-Ready   Failed
07/11/20 23:13:04   ===     ===      ===     ===     ===        ===      ===
07/11/20 23:13:04     1       0        0       0       2          6        0
07/11/20 23:13:04 0 job proc(s) currently held
07/11/20 23:13:04 DAGMan Runtime Statistics: [ EventCycleTimeStd = 0.01746902577079536; EventCycleTimeMax = 0.05091094970703125; SubmitCycleTimeMin = 0.001195907592773438; SubmitCycleTimeAvg = 0.01608363787333171; SleepCycleTimeCount = 2.0; SubmitCycleTimeCount = 3.0; SubmitCycleTimeMax = 0.04569196701049805; SleepCycleTimeMin = 5.007960081100464; SubmitCycleTimeSum = 0.04825091361999512; LogProcessCycleTimeStd = 0.008005203818765169; SubmitCycleTimeStd = 0.02564170136612034; LogProcessCycleTimeAvg = 0.01294064521789551; EventCycleTimeMin = 0.02620601654052734; LogProcessCycleTimeMax = 0.0186011791229248; LogProcessCycleTimeMin = 0.007280111312866211; LogProcessCycleTimeSum = 0.02588129043579102; LogProcessCycleTimeCount = 2.0; EventCycleTimeSum = 0.07711696624755859; SleepCycleTimeSum = 10.22492218017578; SleepCycleTimeAvg = 5.112461090087891; SleepCycleTimeStd = 0.1477867441916916; SleepCycleTimeMax = 5.216962099075317; EventCycleTimeCount = 2.0; EventCycleTimeAvg = 0.0385584831237793; ]
07/11/20 23:13:09 Submitting HTCondor Node stage_in_remote_local_0_0 job(s)...
07/11/20 23:13:09 Adding a DAGMan workflow log /home/scitech/shared-data/Workflow/Workflow2/scitech/pegasus/Increment/run0003/./Increment-0.dag.nodes.log
07/11/20 23:13:09 Masking the events recorded in the DAGMAN workflow log
07/11/20 23:13:09 Mask for workflow log is 0,1,2,4,5,7,9,10,11,12,13,16,17,24,27,35,36
07/11/20 23:13:09 submitting: /usr/bin/condor_submit -a dag_node_name' '=' 'stage_in_remote_local_0_0 -a +DAGManJobId' '=' '15 -a DAGManJobId' '=' '15 -batch-name Increment-0.dag+15 -a submit_event_notes' '=' 'DAG' 'Node:' 'stage_in_remote_local_0_0 -a dagman_log' '=' '/home/scitech/shared-data/Workflow/Workflow2/scitech/pegasus/Increment/run0003/./Increment-0.dag.nodes.log -a +DAGManNodesMask' '=' '"0,1,2,4,5,7,9,10,11,12,13,16,17,24,27,35,36" -a priority=700 -a +DAGNodeRetry' '=' '0 -a DAG_STATUS' '=' '0 -a FAILED_COUNT' '=' '0 -a +KeepClaimIdle' '=' '20 -a notification' '=' 'never -a +DAGParentNodeNames' '=' '"create_dir_Increment_0_local" 00/00/stage_in_remote_local_0_0.sub
07/11/20 23:13:09 From submit: Submitting job(s).
07/11/20 23:13:09 From submit: 1 job(s) submitted to cluster 17.
07/11/20 23:13:09 	assigned HTCondor ID (17.0.0)
07/11/20 23:13:09 Submitting HTCondor Node stage_in_local_local_0_0 job(s)...
07/11/20 23:13:09 Adding a DAGMan workflow log /home/scitech/shared-data/Workflow/Workflow2/scitech/pegasus/Increment/run0003/./Increment-0.dag.nodes.log
07/11/20 23:13:09 Masking the events recorded in the DAGMAN workflow log
07/11/20 23:13:09 Mask for workflow log is 0,1,2,4,5,7,9,10,11,12,13,16,17,24,27,35,36
07/11/20 23:13:09 submitting: /usr/bin/condor_submit -a dag_node_name' '=' 'stage_in_local_local_0_0 -a +DAGManJobId' '=' '15 -a DAGManJobId' '=' '15 -batch-name Increment-0.dag+15 -a submit_event_notes' '=' 'DAG' 'Node:' 'stage_in_local_local_0_0 -a dagman_log' '=' '/home/scitech/shared-data/Workflow/Workflow2/scitech/pegasus/Increment/run0003/./Increment-0.dag.nodes.log -a +DAGManNodesMask' '=' '"0,1,2,4,5,7,9,10,11,12,13,16,17,24,27,35,36" -a priority=700 -a +DAGNodeRetry' '=' '0 -a DAG_STATUS' '=' '0 -a FAILED_COUNT' '=' '0 -a +KeepClaimIdle' '=' '20 -a notification' '=' 'never -a +DAGParentNodeNames' '=' '"create_dir_Increment_0_local" 00/00/stage_in_local_local_0_0.sub
07/11/20 23:13:09 From submit: Submitting job(s).
07/11/20 23:13:09 From submit: 1 job(s) submitted to cluster 18.
07/11/20 23:13:09 	assigned HTCondor ID (18.0.0)
07/11/20 23:13:09 Just submitted 2 jobs this cycle...
07/11/20 23:13:09 DAG status: 0 (DAG_STATUS_OK)
07/11/20 23:13:09 Of 9 nodes total:
07/11/20 23:13:09  Done     Pre   Queued    Post   Ready   Un-Ready   Failed
07/11/20 23:13:09   ===     ===      ===     ===     ===        ===      ===
07/11/20 23:13:09     1       0        2       0       0          6        0
07/11/20 23:13:09 0 job proc(s) currently held
07/11/20 23:13:09 DAGMan Runtime Statistics: [ EventCycleTimeStd = 0.01794695034964434; EventCycleTimeMax = 0.05091094970703125; SubmitCycleTimeMin = 0.001195907592773438; SubmitCycleTimeAvg = 0.03240644931793213; SleepCycleTimeCount = 3.0; SubmitCycleTimeCount = 4.0; SubmitCycleTimeMax = 0.0813748836517334; SleepCycleTimeMin = 5.007960081100464; SubmitCycleTimeSum = 0.1296257972717285; LogProcessCycleTimeStd = 0.008005203818765169; SubmitCycleTimeStd = 0.0387823146093265; LogProcessCycleTimeAvg = 0.01294064521789551; EventCycleTimeMin = 0.01600790023803711; LogProcessCycleTimeMax = 0.0186011791229248; LogProcessCycleTimeMin = 0.007280111312866211; LogProcessCycleTimeSum = 0.02588129043579102; LogProcessCycleTimeCount = 2.0; EventCycleTimeSum = 0.0931248664855957; SleepCycleTimeSum = 15.23616814613342; SleepCycleTimeAvg = 5.078722715377808; SleepCycleTimeStd = 0.1197300908862269; SleepCycleTimeMax = 5.216962099075317; EventCycleTimeCount = 3.0; EventCycleTimeAvg = 0.03104162216186523; ]
07/11/20 23:13:14 Currently monitoring 1 HTCondor log file(s)
07/11/20 23:13:14 Reassigning the id of job stage_in_remote_local_0_0 from (17.0.0) to (17.0.0)
07/11/20 23:13:14 Event: ULOG_SUBMIT for HTCondor Node stage_in_remote_local_0_0 (17.0.0) {07/11/20 23:13:09}
07/11/20 23:13:14 Number of idle job procs: 1
07/11/20 23:13:14 Reassigning the id of job stage_in_local_local_0_0 from (18.0.0) to (18.0.0)
07/11/20 23:13:14 Event: ULOG_SUBMIT for HTCondor Node stage_in_local_local_0_0 (18.0.0) {07/11/20 23:13:09}
07/11/20 23:13:14 Number of idle job procs: 2
07/11/20 23:13:14 Event: ULOG_EXECUTE for HTCondor Node stage_in_remote_local_0_0 (17.0.0) {07/11/20 23:13:12}
07/11/20 23:13:14 Number of idle job procs: 1
07/11/20 23:13:14 Event: ULOG_EXECUTE for HTCondor Node stage_in_local_local_0_0 (18.0.0) {07/11/20 23:13:12}
07/11/20 23:13:14 Number of idle job procs: 0
07/11/20 23:13:19 Currently monitoring 1 HTCondor log file(s)
07/11/20 23:13:19 Event: ULOG_JOB_TERMINATED for HTCondor Node stage_in_local_local_0_0 (18.0.0) {07/11/20 23:13:14}
07/11/20 23:13:19 Number of idle job procs: 0
07/11/20 23:13:19 Node stage_in_local_local_0_0 job proc (18.0.0) completed successfully.
07/11/20 23:13:19 Node stage_in_local_local_0_0 job completed
07/11/20 23:13:19 Running POST script of Node stage_in_local_local_0_0...
07/11/20 23:13:19 Warning: mysin has length 0 (ignore if produced by DAGMan; see gittrac #4987, #5031)
07/11/20 23:13:19 Event: ULOG_JOB_TERMINATED for HTCondor Node stage_in_remote_local_0_0 (17.0.0) {07/11/20 23:13:14}
07/11/20 23:13:19 Number of idle job procs: 0
07/11/20 23:13:19 Node stage_in_remote_local_0_0 job proc (17.0.0) completed successfully.
07/11/20 23:13:19 Node stage_in_remote_local_0_0 job completed
07/11/20 23:13:19 Running POST script of Node stage_in_remote_local_0_0...
07/11/20 23:13:19 Warning: mysin has length 0 (ignore if produced by DAGMan; see gittrac #4987, #5031)
07/11/20 23:13:19 DAG status: 0 (DAG_STATUS_OK)
07/11/20 23:13:19 Of 9 nodes total:
07/11/20 23:13:19  Done     Pre   Queued    Post   Ready   Un-Ready   Failed
07/11/20 23:13:19   ===     ===      ===     ===     ===        ===      ===
07/11/20 23:13:19     1       0        0       2       0          6        0
07/11/20 23:13:19 0 job proc(s) currently held
07/11/20 23:13:19 DAGMan Runtime Statistics: [ EventCycleTimeStd = 0.03136635371945654; EventCycleTimeMax = 0.08634614944458008; SubmitCycleTimeMin = 0.0001749992370605469; SubmitCycleTimeAvg = 0.02182161808013916; SleepCycleTimeCount = 5.0; SubmitCycleTimeCount = 6.0; SubmitCycleTimeMax = 0.0813748836517334; SleepCycleTimeMin = 4.971177101135254; SubmitCycleTimeSum = 0.130929708480835; LogProcessCycleTimeStd = 0.009211151037393055; SubmitCycleTimeStd = 0.03422607947783098; LogProcessCycleTimeAvg = 0.01543581485748291; EventCycleTimeMin = 0.009560823440551758; LogProcessCycleTimeMax = 0.02702903747558594; LogProcessCycleTimeMin = 0.007280111312866211; LogProcessCycleTimeSum = 0.06174325942993164; LogProcessCycleTimeCount = 4.0; EventCycleTimeSum = 0.1890318393707275; SleepCycleTimeSum = 25.21263122558594; SleepCycleTimeAvg = 5.042526245117188; SleepCycleTimeStd = 0.09884164168445984; SleepCycleTimeMax = 5.216962099075317; EventCycleTimeCount = 5.0; EventCycleTimeAvg = 0.03780636787414551; ]
07/11/20 23:13:20 Initializing user log writer for /home/scitech/shared-data/Workflow/Workflow2/scitech/pegasus/Increment/run0003/./Increment-0.dag.nodes.log, (18.0.0)
07/11/20 23:13:20 Initializing user log writer for /home/scitech/shared-data/Workflow/Workflow2/scitech/pegasus/Increment/run0003/./Increment-0.dag.nodes.log, (17.0.0)
07/11/20 23:13:24 Currently monitoring 1 HTCondor log file(s)
07/11/20 23:13:24 Event: ULOG_POST_SCRIPT_TERMINATED for HTCondor Node stage_in_local_local_0_0 (18.0.0) {07/11/20 23:13:20}
07/11/20 23:13:24 POST Script of node stage_in_local_local_0_0 completed successfully.
07/11/20 23:13:24 Event: ULOG_POST_SCRIPT_TERMINATED for HTCondor Node stage_in_remote_local_0_0 (17.0.0) {07/11/20 23:13:20}
07/11/20 23:13:24 POST Script of node stage_in_remote_local_0_0 completed successfully.
07/11/20 23:13:24 DAG status: 0 (DAG_STATUS_OK)
07/11/20 23:13:24 Of 9 nodes total:
07/11/20 23:13:24  Done     Pre   Queued    Post   Ready   Un-Ready   Failed
07/11/20 23:13:24   ===     ===      ===     ===     ===        ===      ===
07/11/20 23:13:24     3       0        0       0       1          5        0
07/11/20 23:13:24 0 job proc(s) currently held
07/11/20 23:13:24 DAGMan Runtime Statistics: [ EventCycleTimeStd = 0.02807752633510445; EventCycleTimeMax = 0.08634614944458008; SubmitCycleTimeMin = 0.0001749992370605469; SubmitCycleTimeAvg = 0.01877140998840332; SleepCycleTimeCount = 6.0; SubmitCycleTimeCount = 7.0; SubmitCycleTimeMax = 0.0813748836517334; SleepCycleTimeMin = 4.224421977996826; SubmitCycleTimeSum = 0.1313998699188232; LogProcessCycleTimeStd = 0.009247668369712877; SubmitCycleTimeStd = 0.03226938925420247; LogProcessCycleTimeAvg = 0.01334366798400879; EventCycleTimeMin = 0.009560823440551758; LogProcessCycleTimeMax = 0.02702903747558594; LogProcessCycleTimeMin = 0.004975080490112305; LogProcessCycleTimeSum = 0.06671833992004395; LogProcessCycleTimeCount = 5.0; EventCycleTimeSum = 0.224078893661499; SleepCycleTimeSum = 29.43705320358276; SleepCycleTimeAvg = 4.906175533930461; SleepCycleTimeStd = 0.3454921630825463; SleepCycleTimeMax = 5.216962099075317; EventCycleTimeCount = 6.0; EventCycleTimeAvg = 0.0373464822769165; ]
07/11/20 23:13:29 Submitting HTCondor Node increment_py_ID0000001 job(s)...
07/11/20 23:13:29 Adding a DAGMan workflow log /home/scitech/shared-data/Workflow/Workflow2/scitech/pegasus/Increment/run0003/./Increment-0.dag.nodes.log
07/11/20 23:13:29 Masking the events recorded in the DAGMAN workflow log
07/11/20 23:13:29 Mask for workflow log is 0,1,2,4,5,7,9,10,11,12,13,16,17,24,27,35,36
07/11/20 23:13:29 submitting: /usr/bin/condor_submit -a dag_node_name' '=' 'increment_py_ID0000001 -a +DAGManJobId' '=' '15 -a DAGManJobId' '=' '15 -batch-name Increment-0.dag+15 -a submit_event_notes' '=' 'DAG' 'Node:' 'increment_py_ID0000001 -a dagman_log' '=' '/home/scitech/shared-data/Workflow/Workflow2/scitech/pegasus/Increment/run0003/./Increment-0.dag.nodes.log -a +DAGManNodesMask' '=' '"0,1,2,4,5,7,9,10,11,12,13,16,17,24,27,35,36" -a priority=20 -a +DAGNodeRetry' '=' '0 -a DAG_STATUS' '=' '0 -a FAILED_COUNT' '=' '0 -a +KeepClaimIdle' '=' '20 -a notification' '=' 'never -a +DAGParentNodeNames' '=' '"stage_in_remote_local_0_0,stage_in_local_local_0_0" 00/00/increment_py_ID0000001.sub
07/11/20 23:13:29 From submit: Submitting job(s).
07/11/20 23:13:29 From submit: 1 job(s) submitted to cluster 19.
07/11/20 23:13:29 	assigned HTCondor ID (19.0.0)
07/11/20 23:13:29 Just submitted 1 job this cycle...
07/11/20 23:13:29 DAG status: 0 (DAG_STATUS_OK)
07/11/20 23:13:29 Of 9 nodes total:
07/11/20 23:13:29  Done     Pre   Queued    Post   Ready   Un-Ready   Failed
07/11/20 23:13:29   ===     ===      ===     ===     ===        ===      ===
07/11/20 23:13:29     3       0        1       0       0          5        0
07/11/20 23:13:29 0 job proc(s) currently held
07/11/20 23:13:29 DAGMan Runtime Statistics: [ EventCycleTimeStd = 0.02763363658130887; EventCycleTimeMax = 0.08634614944458008; SubmitCycleTimeMin = 0.0001749992370605469; SubmitCycleTimeAvg = 0.02368134260177612; SleepCycleTimeCount = 7.0; SubmitCycleTimeCount = 8.0; SubmitCycleTimeMax = 0.0813748836517334; SleepCycleTimeMin = 4.224421977996826; SubmitCycleTimeSum = 0.189450740814209; LogProcessCycleTimeStd = 0.009247668369712877; SubmitCycleTimeStd = 0.03294562064986937; LogProcessCycleTimeAvg = 0.01334366798400879; EventCycleTimeMin = 0.009560823440551758; LogProcessCycleTimeMax = 0.02702903747558594; LogProcessCycleTimeMin = 0.004975080490112305; LogProcessCycleTimeSum = 0.06671833992004395; LogProcessCycleTimeCount = 5.0; EventCycleTimeSum = 0.2341008186340332; SleepCycleTimeSum = 34.43940114974976; SleepCycleTimeAvg = 4.919914449964251; SleepCycleTimeStd = 0.31747755877022; SleepCycleTimeMax = 5.216962099075317; EventCycleTimeCount = 7.0; EventCycleTimeAvg = 0.03344297409057617; ]
07/11/20 23:13:34 Currently monitoring 1 HTCondor log file(s)
07/11/20 23:13:34 Reassigning the id of job increment_py_ID0000001 from (19.0.0) to (19.0.0)
07/11/20 23:13:34 Event: ULOG_SUBMIT for HTCondor Node increment_py_ID0000001 (19.0.0) {07/11/20 23:13:29}
07/11/20 23:13:34 Number of idle job procs: 1
07/11/20 23:13:39 Currently monitoring 1 HTCondor log file(s)
07/11/20 23:13:39 Event: ULOG_EXECUTE for HTCondor Node increment_py_ID0000001 (19.0.0) {07/11/20 23:13:36}
07/11/20 23:13:39 Number of idle job procs: 0
07/11/20 23:13:39 Event: ULOG_JOB_TERMINATED for HTCondor Node increment_py_ID0000001 (19.0.0) {07/11/20 23:13:37}
07/11/20 23:13:39 Number of idle job procs: 0
07/11/20 23:13:39 Node increment_py_ID0000001 job proc (19.0.0) completed successfully.
07/11/20 23:13:39 Node increment_py_ID0000001 job completed
07/11/20 23:13:39 Running POST script of Node increment_py_ID0000001...
07/11/20 23:13:39 Warning: mysin has length 0 (ignore if produced by DAGMan; see gittrac #4987, #5031)
07/11/20 23:13:39 DAG status: 0 (DAG_STATUS_OK)
07/11/20 23:13:39 Of 9 nodes total:
07/11/20 23:13:39  Done     Pre   Queued    Post   Ready   Un-Ready   Failed
07/11/20 23:13:39   ===     ===      ===     ===     ===        ===      ===
07/11/20 23:13:39     3       0        0       1       0          5        0
07/11/20 23:13:39 0 job proc(s) currently held
07/11/20 23:13:39 DAGMan Runtime Statistics: [ EventCycleTimeStd = 0.02751047110270984; EventCycleTimeMax = 0.08634614944458008; SubmitCycleTimeMin = 0.0001749992370605469; SubmitCycleTimeAvg = 0.01914548873901367; SleepCycleTimeCount = 9.0; SubmitCycleTimeCount = 10.0; SubmitCycleTimeMax = 0.0813748836517334; SleepCycleTimeMin = 4.224421977996826; SubmitCycleTimeSum = 0.1914548873901367; LogProcessCycleTimeStd = 0.008092171766908995; SubmitCycleTimeStd = 0.03058870915462969; LogProcessCycleTimeAvg = 0.01302320616585868; EventCycleTimeMin = 0.009560823440551758; LogProcessCycleTimeMax = 0.02702903747558594; LogProcessCycleTimeMin = 0.004975080490112305; LogProcessCycleTimeSum = 0.09116244316101074; LogProcessCycleTimeCount = 7.0; EventCycleTimeSum = 0.3073310852050781; SleepCycleTimeSum = 44.45058298110962; SleepCycleTimeAvg = 4.938953664567736; SleepCycleTimeStd = 0.2775271575067748; SleepCycleTimeMax = 5.216962099075317; EventCycleTimeCount = 9.0; EventCycleTimeAvg = 0.03414789835611979; ]
07/11/20 23:13:39 Initializing user log writer for /home/scitech/shared-data/Workflow/Workflow2/scitech/pegasus/Increment/run0003/./Increment-0.dag.nodes.log, (19.0.0)
07/11/20 23:13:44 Currently monitoring 1 HTCondor log file(s)
07/11/20 23:13:44 Event: ULOG_POST_SCRIPT_TERMINATED for HTCondor Node increment_py_ID0000001 (19.0.0) {07/11/20 23:13:39}
07/11/20 23:13:44 POST Script of node increment_py_ID0000001 completed successfully.
07/11/20 23:13:44 DAG status: 0 (DAG_STATUS_OK)
07/11/20 23:13:44 Of 9 nodes total:
07/11/20 23:13:44  Done     Pre   Queued    Post   Ready   Un-Ready   Failed
07/11/20 23:13:44   ===     ===      ===     ===     ===        ===      ===
07/11/20 23:13:44     4       0        0       0       2          3        0
07/11/20 23:13:44 0 job proc(s) currently held
07/11/20 23:13:44 DAGMan Runtime Statistics: [ EventCycleTimeStd = 0.02608779936921343; EventCycleTimeMax = 0.08634614944458008; SubmitCycleTimeMin = 0.0001749992370605469; SubmitCycleTimeAvg = 0.01753425598144531; SleepCycleTimeCount = 10.0; SubmitCycleTimeCount = 11.0; SubmitCycleTimeMax = 0.0813748836517334; SleepCycleTimeMin = 4.224421977996826; SubmitCycleTimeSum = 0.1928768157958984; LogProcessCycleTimeStd = 0.007752643962184651; SubmitCycleTimeStd = 0.02950693132064987; LogProcessCycleTimeAvg = 0.01231831312179565; EventCycleTimeMin = 0.009560823440551758; LogProcessCycleTimeMax = 0.02702903747558594; LogProcessCycleTimeMin = 0.004975080490112305; LogProcessCycleTimeSum = 0.09854650497436523; LogProcessCycleTimeCount = 8.0; EventCycleTimeSum = 0.332625150680542; SleepCycleTimeSum = 49.67877292633057; SleepCycleTimeAvg = 4.967877292633057; SleepCycleTimeStd = 0.2771807369994078; SleepCycleTimeMax = 5.228189945220947; EventCycleTimeCount = 10.0; EventCycleTimeAvg = 0.0332625150680542; ]
07/11/20 23:13:49 Submitting HTCondor Node clean_up_local_level_3_0 job(s)...
07/11/20 23:13:49 Adding a DAGMan workflow log /home/scitech/shared-data/Workflow/Workflow2/scitech/pegasus/Increment/run0003/./Increment-0.dag.nodes.log
07/11/20 23:13:49 Masking the events recorded in the DAGMAN workflow log
07/11/20 23:13:49 Mask for workflow log is 0,1,2,4,5,7,9,10,11,12,13,16,17,24,27,35,36
07/11/20 23:13:49 submitting: /usr/bin/condor_submit -a dag_node_name' '=' 'clean_up_local_level_3_0 -a +DAGManJobId' '=' '15 -a DAGManJobId' '=' '15 -batch-name Increment-0.dag+15 -a submit_event_notes' '=' 'DAG' 'Node:' 'clean_up_local_level_3_0 -a dagman_log' '=' '/home/scitech/shared-data/Workflow/Workflow2/scitech/pegasus/Increment/run0003/./Increment-0.dag.nodes.log -a +DAGManNodesMask' '=' '"0,1,2,4,5,7,9,10,11,12,13,16,17,24,27,35,36" -a priority=1000 -a +DAGNodeRetry' '=' '0 -a DAG_STATUS' '=' '0 -a FAILED_COUNT' '=' '0 -a +KeepClaimIdle' '=' '20 -a notification' '=' 'never -a +DAGParentNodeNames' '=' '"increment_py_ID0000001" 00/00/clean_up_local_level_3_0.sub
07/11/20 23:13:49 From submit: Submitting job(s).
07/11/20 23:13:49 From submit: 1 job(s) submitted to cluster 20.
07/11/20 23:13:49 	assigned HTCondor ID (20.0.0)
07/11/20 23:13:49 Submitting HTCondor Node stage_out_local_local_0_0 job(s)...
07/11/20 23:13:49 Adding a DAGMan workflow log /home/scitech/shared-data/Workflow/Workflow2/scitech/pegasus/Increment/run0003/./Increment-0.dag.nodes.log
07/11/20 23:13:49 Masking the events recorded in the DAGMAN workflow log
07/11/20 23:13:49 Mask for workflow log is 0,1,2,4,5,7,9,10,11,12,13,16,17,24,27,35,36
07/11/20 23:13:49 submitting: /usr/bin/condor_submit -a dag_node_name' '=' 'stage_out_local_local_0_0 -a +DAGManJobId' '=' '15 -a DAGManJobId' '=' '15 -batch-name Increment-0.dag+15 -a submit_event_notes' '=' 'DAG' 'Node:' 'stage_out_local_local_0_0 -a dagman_log' '=' '/home/scitech/shared-data/Workflow/Workflow2/scitech/pegasus/Increment/run0003/./Increment-0.dag.nodes.log -a +DAGManNodesMask' '=' '"0,1,2,4,5,7,9,10,11,12,13,16,17,24,27,35,36" -a priority=900 -a +DAGNodeRetry' '=' '0 -a DAG_STATUS' '=' '0 -a FAILED_COUNT' '=' '0 -a +KeepClaimIdle' '=' '20 -a notification' '=' 'never -a +DAGParentNodeNames' '=' '"increment_py_ID0000001" 00/00/stage_out_local_local_0_0.sub
07/11/20 23:13:49 From submit: Submitting job(s).
07/11/20 23:13:49 From submit: 1 job(s) submitted to cluster 21.
07/11/20 23:13:49 	assigned HTCondor ID (21.0.0)
07/11/20 23:13:49 Just submitted 2 jobs this cycle...
07/11/20 23:13:49 DAG status: 0 (DAG_STATUS_OK)
07/11/20 23:13:49 Of 9 nodes total:
07/11/20 23:13:49  Done     Pre   Queued    Post   Ready   Un-Ready   Failed
07/11/20 23:13:49   ===     ===      ===     ===     ===        ===      ===
07/11/20 23:13:49     4       0        2       0       0          3        0
07/11/20 23:13:49 0 job proc(s) currently held
07/11/20 23:13:49 DAGMan Runtime Statistics: [ EventCycleTimeStd = 0.02521338305335158; EventCycleTimeMax = 0.08634614944458008; SubmitCycleTimeMin = 0.0001749992370605469; SubmitCycleTimeAvg = 0.02183423439661662; SleepCycleTimeCount = 11.0; SubmitCycleTimeCount = 12.0; SubmitCycleTimeMax = 0.0813748836517334; SleepCycleTimeMin = 4.224421977996826; SubmitCycleTimeSum = 0.2620108127593994; LogProcessCycleTimeStd = 0.007752643962184651; SubmitCycleTimeStd = 0.03183372347995333; LogProcessCycleTimeAvg = 0.01231831312179565; EventCycleTimeMin = 0.009560823440551758; LogProcessCycleTimeMax = 0.02702903747558594; LogProcessCycleTimeMin = 0.004975080490112305; LogProcessCycleTimeSum = 0.09854650497436523; LogProcessCycleTimeCount = 8.0; EventCycleTimeSum = 0.3499131202697754; SleepCycleTimeSum = 54.64940905570984; SleepCycleTimeAvg = 4.968128095973622; SleepCycleTimeStd = 0.2629580513934714; SleepCycleTimeMax = 5.228189945220947; EventCycleTimeCount = 11.0; EventCycleTimeAvg = 0.03181028366088867; ]
07/11/20 23:13:54 Currently monitoring 1 HTCondor log file(s)
07/11/20 23:13:54 Reassigning the id of job clean_up_local_level_3_0 from (20.0.0) to (20.0.0)
07/11/20 23:13:54 Event: ULOG_SUBMIT for HTCondor Node clean_up_local_level_3_0 (20.0.0) {07/11/20 23:13:49}
07/11/20 23:13:54 Number of idle job procs: 1
07/11/20 23:13:54 Reassigning the id of job stage_out_local_local_0_0 from (21.0.0) to (21.0.0)
07/11/20 23:13:54 Event: ULOG_SUBMIT for HTCondor Node stage_out_local_local_0_0 (21.0.0) {07/11/20 23:13:49}
07/11/20 23:13:54 Number of idle job procs: 2
07/11/20 23:13:54 Event: ULOG_EXECUTE for HTCondor Node stage_out_local_local_0_0 (21.0.0) {07/11/20 23:13:51}
07/11/20 23:13:54 Number of idle job procs: 1
07/11/20 23:13:54 Event: ULOG_EXECUTE for HTCondor Node clean_up_local_level_3_0 (20.0.0) {07/11/20 23:13:51}
07/11/20 23:13:54 Number of idle job procs: 0
07/11/20 23:13:54 Event: ULOG_JOB_TERMINATED for HTCondor Node stage_out_local_local_0_0 (21.0.0) {07/11/20 23:13:54}
07/11/20 23:13:54 Number of idle job procs: 0
07/11/20 23:13:54 Node stage_out_local_local_0_0 job proc (21.0.0) completed successfully.
07/11/20 23:13:54 Node stage_out_local_local_0_0 job completed
07/11/20 23:13:54 Running POST script of Node stage_out_local_local_0_0...
07/11/20 23:13:54 Warning: mysin has length 0 (ignore if produced by DAGMan; see gittrac #4987, #5031)
07/11/20 23:13:54 DAG status: 0 (DAG_STATUS_OK)
07/11/20 23:13:54 Of 9 nodes total:
07/11/20 23:13:54  Done     Pre   Queued    Post   Ready   Un-Ready   Failed
07/11/20 23:13:54   ===     ===      ===     ===     ===        ===      ===
07/11/20 23:13:54     4       0        1       1       0          3        0
07/11/20 23:13:54 0 job proc(s) currently held
07/11/20 23:13:54 DAGMan Runtime Statistics: [ EventCycleTimeStd = 0.02709445175253192; EventCycleTimeMax = 0.08634614944458008; SubmitCycleTimeMin = 0.0001749992370605469; SubmitCycleTimeAvg = 0.02024298447829026; SleepCycleTimeCount = 12.0; SubmitCycleTimeCount = 13.0; SubmitCycleTimeMax = 0.0813748836517334; SleepCycleTimeMin = 4.224421977996826; SubmitCycleTimeSum = 0.2631587982177734; LogProcessCycleTimeStd = 0.0123062943962617; SubmitCycleTimeStd = 0.03101377296162268; LogProcessCycleTimeAvg = 0.01563249693976508; EventCycleTimeMin = 0.009560823440551758; LogProcessCycleTimeMax = 0.04214596748352051; LogProcessCycleTimeMin = 0.004975080490112305; LogProcessCycleTimeSum = 0.1406924724578857; LogProcessCycleTimeCount = 9.0; EventCycleTimeSum = 0.425015926361084; SleepCycleTimeSum = 59.66707515716553; SleepCycleTimeAvg = 4.972256263097127; SleepCycleTimeStd = 0.2511281601001445; SleepCycleTimeMax = 5.228189945220947; EventCycleTimeCount = 12.0; EventCycleTimeAvg = 0.03541799386342367; ]
07/11/20 23:13:54 Initializing user log writer for /home/scitech/shared-data/Workflow/Workflow2/scitech/pegasus/Increment/run0003/./Increment-0.dag.nodes.log, (21.0.0)
07/11/20 23:13:59 Currently monitoring 1 HTCondor log file(s)
07/11/20 23:13:59 Event: ULOG_POST_SCRIPT_TERMINATED for HTCondor Node stage_out_local_local_0_0 (21.0.0) {07/11/20 23:13:54}
07/11/20 23:13:59 POST Script of node stage_out_local_local_0_0 completed successfully.
07/11/20 23:13:59 Event: ULOG_JOB_TERMINATED for HTCondor Node clean_up_local_level_3_0 (20.0.0) {07/11/20 23:13:56}
07/11/20 23:13:59 Number of idle job procs: 0
07/11/20 23:13:59 Node clean_up_local_level_3_0 job proc (20.0.0) completed successfully.
07/11/20 23:13:59 Node clean_up_local_level_3_0 job completed
07/11/20 23:13:59 Running POST script of Node clean_up_local_level_3_0...
07/11/20 23:13:59 Warning: mysin has length 0 (ignore if produced by DAGMan; see gittrac #4987, #5031)
07/11/20 23:13:59 DAG status: 0 (DAG_STATUS_OK)
07/11/20 23:13:59 Of 9 nodes total:
07/11/20 23:13:59  Done     Pre   Queued    Post   Ready   Un-Ready   Failed
07/11/20 23:13:59   ===     ===      ===     ===     ===        ===      ===
07/11/20 23:13:59     5       0        0       1       2          1        0
07/11/20 23:13:59 0 job proc(s) currently held
07/11/20 23:13:59 DAGMan Runtime Statistics: [ EventCycleTimeStd = 0.02624206614467983; EventCycleTimeMax = 0.08634614944458008; SubmitCycleTimeMin = 0.0001749992370605469; SubmitCycleTimeAvg = 0.01884806156158447; SleepCycleTimeCount = 13.0; SubmitCycleTimeCount = 14.0; SubmitCycleTimeMax = 0.0813748836517334; SleepCycleTimeMin = 4.224421977996826; SubmitCycleTimeSum = 0.2638728618621826; LogProcessCycleTimeStd = 0.01170736683176125; SubmitCycleTimeStd = 0.03025073014949355; LogProcessCycleTimeAvg = 0.01612694263458252; EventCycleTimeMin = 0.009560823440551758; LogProcessCycleTimeMax = 0.04214596748352051; LogProcessCycleTimeMin = 0.004975080490112305; LogProcessCycleTimeSum = 0.1612694263458252; LogProcessCycleTimeCount = 10.0; EventCycleTimeSum = 0.4747259616851807; SleepCycleTimeSum = 64.88405013084412; SleepCycleTimeAvg = 4.991080779295701; SleepCycleTimeStd = 0.249833180463372; SleepCycleTimeMax = 5.228189945220947; EventCycleTimeCount = 13.0; EventCycleTimeAvg = 0.03651738166809082; ]
07/11/20 23:14:00 Initializing user log writer for /home/scitech/shared-data/Workflow/Workflow2/scitech/pegasus/Increment/run0003/./Increment-0.dag.nodes.log, (20.0.0)
07/11/20 23:14:04 Submitting HTCondor Node clean_up_local_level_4_0 job(s)...
07/11/20 23:14:04 Adding a DAGMan workflow log /home/scitech/shared-data/Workflow/Workflow2/scitech/pegasus/Increment/run0003/./Increment-0.dag.nodes.log
07/11/20 23:14:04 Masking the events recorded in the DAGMAN workflow log
07/11/20 23:14:04 Mask for workflow log is 0,1,2,4,5,7,9,10,11,12,13,16,17,24,27,35,36
07/11/20 23:14:04 submitting: /usr/bin/condor_submit -a dag_node_name' '=' 'clean_up_local_level_4_0 -a +DAGManJobId' '=' '15 -a DAGManJobId' '=' '15 -batch-name Increment-0.dag+15 -a submit_event_notes' '=' 'DAG' 'Node:' 'clean_up_local_level_4_0 -a dagman_log' '=' '/home/scitech/shared-data/Workflow/Workflow2/scitech/pegasus/Increment/run0003/./Increment-0.dag.nodes.log -a +DAGManNodesMask' '=' '"0,1,2,4,5,7,9,10,11,12,13,16,17,24,27,35,36" -a priority=1000 -a +DAGNodeRetry' '=' '0 -a DAG_STATUS' '=' '0 -a FAILED_COUNT' '=' '0 -a +KeepClaimIdle' '=' '20 -a notification' '=' 'never -a +DAGParentNodeNames' '=' '"stage_out_local_local_0_0" 00/00/clean_up_local_level_4_0.sub
07/11/20 23:14:04 From submit: Submitting job(s).
07/11/20 23:14:04 From submit: 1 job(s) submitted to cluster 22.
07/11/20 23:14:04 	assigned HTCondor ID (22.0.0)
07/11/20 23:14:04 Submitting HTCondor Node register_local_0_0 job(s)...
07/11/20 23:14:04 Adding a DAGMan workflow log /home/scitech/shared-data/Workflow/Workflow2/scitech/pegasus/Increment/run0003/./Increment-0.dag.nodes.log
07/11/20 23:14:04 Masking the events recorded in the DAGMAN workflow log
07/11/20 23:14:04 Mask for workflow log is 0,1,2,4,5,7,9,10,11,12,13,16,17,24,27,35,36
07/11/20 23:14:04 submitting: /usr/bin/condor_submit -a dag_node_name' '=' 'register_local_0_0 -a +DAGManJobId' '=' '15 -a DAGManJobId' '=' '15 -batch-name Increment-0.dag+15 -a submit_event_notes' '=' 'DAG' 'Node:' 'register_local_0_0 -a dagman_log' '=' '/home/scitech/shared-data/Workflow/Workflow2/scitech/pegasus/Increment/run0003/./Increment-0.dag.nodes.log -a +DAGManNodesMask' '=' '"0,1,2,4,5,7,9,10,11,12,13,16,17,24,27,35,36" -a priority=40 -a +DAGNodeRetry' '=' '0 -a DAG_STATUS' '=' '0 -a FAILED_COUNT' '=' '0 -a notification' '=' 'never -a +DAGParentNodeNames' '=' '"stage_out_local_local_0_0" 00/00/register_local_0_0.sub
07/11/20 23:14:04 From submit: Submitting job(s).
07/11/20 23:14:04 From submit: 1 job(s) submitted to cluster 23.
07/11/20 23:14:04 	assigned HTCondor ID (23.0.0)
07/11/20 23:14:04 Just submitted 2 jobs this cycle...
07/11/20 23:14:04 Currently monitoring 1 HTCondor log file(s)
07/11/20 23:14:04 Event: ULOG_POST_SCRIPT_TERMINATED for HTCondor Node clean_up_local_level_3_0 (20.0.0) {07/11/20 23:14:00}
07/11/20 23:14:04 POST Script of node clean_up_local_level_3_0 completed successfully.
07/11/20 23:14:04 Reassigning the id of job clean_up_local_level_4_0 from (22.0.0) to (22.0.0)
07/11/20 23:14:04 Event: ULOG_SUBMIT for HTCondor Node clean_up_local_level_4_0 (22.0.0) {07/11/20 23:14:04}
07/11/20 23:14:04 Number of idle job procs: 1
07/11/20 23:14:04 Reassigning the id of job register_local_0_0 from (23.0.0) to (23.0.0)
07/11/20 23:14:04 Event: ULOG_SUBMIT for HTCondor Node register_local_0_0 (23.0.0) {07/11/20 23:14:04}
07/11/20 23:14:04 Number of idle job procs: 2
07/11/20 23:14:04 DAG status: 0 (DAG_STATUS_OK)
07/11/20 23:14:04 Of 9 nodes total:
07/11/20 23:14:04  Done     Pre   Queued    Post   Ready   Un-Ready   Failed
07/11/20 23:14:04   ===     ===      ===     ===     ===        ===      ===
07/11/20 23:14:04     6       0        2       0       0          1        0
07/11/20 23:14:04 0 job proc(s) currently held
07/11/20 23:14:04 DAGMan Runtime Statistics: [ EventCycleTimeStd = 0.025307826824375; EventCycleTimeMax = 0.08634614944458008; SubmitCycleTimeMin = 0.0001749992370605469; SubmitCycleTimeAvg = 0.02365911801656087; SleepCycleTimeCount = 14.0; SubmitCycleTimeCount = 15.0; SubmitCycleTimeMax = 0.09101390838623047; SleepCycleTimeMin = 4.220828056335449; SubmitCycleTimeSum = 0.3548867702484131; LogProcessCycleTimeStd = 0.01155229778565661; SubmitCycleTimeStd = 0.03459676105218824; LogProcessCycleTimeAvg = 0.01516875353726474; EventCycleTimeMin = 0.009560823440551758; LogProcessCycleTimeMax = 0.04214596748352051; LogProcessCycleTimeMin = 0.004975080490112305; LogProcessCycleTimeSum = 0.1668562889099121; LogProcessCycleTimeCount = 11.0; EventCycleTimeSum = 0.5030348300933838; SleepCycleTimeSum = 69.10487818717957; SleepCycleTimeAvg = 4.936062727655683; SleepCycleTimeStd = 0.3162169252835729; SleepCycleTimeMax = 5.228189945220947; EventCycleTimeCount = 14.0; EventCycleTimeAvg = 0.03593105929238456; ]
07/11/20 23:14:09 Currently monitoring 1 HTCondor log file(s)
07/11/20 23:14:14 Currently monitoring 1 HTCondor log file(s)
07/11/20 23:14:14 Event: ULOG_EXECUTE for HTCondor Node register_local_0_0 (23.0.0) {07/11/20 23:14:09}
07/11/20 23:14:14 Number of idle job procs: 1
07/11/20 23:14:14 Event: ULOG_EXECUTE for HTCondor Node clean_up_local_level_4_0 (22.0.0) {07/11/20 23:14:09}
07/11/20 23:14:14 Number of idle job procs: 0
07/11/20 23:14:14 Event: ULOG_JOB_TERMINATED for HTCondor Node register_local_0_0 (23.0.0) {07/11/20 23:14:11}
07/11/20 23:14:14 Number of idle job procs: 0
07/11/20 23:14:14 Node register_local_0_0 job proc (23.0.0) completed successfully.
07/11/20 23:14:14 Node register_local_0_0 job completed
07/11/20 23:14:14 Running POST script of Node register_local_0_0...
07/11/20 23:14:14 Warning: mysin has length 0 (ignore if produced by DAGMan; see gittrac #4987, #5031)
07/11/20 23:14:14 Event: ULOG_JOB_TERMINATED for HTCondor Node clean_up_local_level_4_0 (22.0.0) {07/11/20 23:14:11}
07/11/20 23:14:14 Number of idle job procs: 0
07/11/20 23:14:14 Node clean_up_local_level_4_0 job proc (22.0.0) completed successfully.
07/11/20 23:14:14 Node clean_up_local_level_4_0 job completed
07/11/20 23:14:14 Running POST script of Node clean_up_local_level_4_0...
07/11/20 23:14:14 Warning: mysin has length 0 (ignore if produced by DAGMan; see gittrac #4987, #5031)
07/11/20 23:14:14 DAG status: 0 (DAG_STATUS_OK)
07/11/20 23:14:14 Of 9 nodes total:
07/11/20 23:14:14  Done     Pre   Queued    Post   Ready   Un-Ready   Failed
07/11/20 23:14:14   ===     ===      ===     ===     ===        ===      ===
07/11/20 23:14:14     6       0        0       2       0          1        0
07/11/20 23:14:14 0 job proc(s) currently held
07/11/20 23:14:14 DAGMan Runtime Statistics: [ EventCycleTimeStd = 0.03018292533718464; EventCycleTimeMax = 0.1023869514465332; SubmitCycleTimeMin = 0.0001749992370605469; SubmitCycleTimeAvg = 0.02093428723952349; SleepCycleTimeCount = 16.0; SubmitCycleTimeCount = 17.0; SubmitCycleTimeMax = 0.09101390838623047; SleepCycleTimeMin = 4.220828056335449; SubmitCycleTimeSum = 0.3558828830718994; LogProcessCycleTimeStd = 0.0112573168528986; SubmitCycleTimeStd = 0.03326399063519384; LogProcessCycleTimeAvg = 0.01452825619624211; EventCycleTimeMin = 0.004333972930908203; LogProcessCycleTimeMax = 0.04214596748352051; LogProcessCycleTimeMin = 0.002150058746337891; LogProcessCycleTimeSum = 0.1888673305511475; LogProcessCycleTimeCount = 13.0; EventCycleTimeSum = 0.6097557544708252; SleepCycleTimeSum = 79.11055827140808; SleepCycleTimeAvg = 4.944409891963005; SleepCycleTimeStd = 0.2952652422906928; SleepCycleTimeMax = 5.228189945220947; EventCycleTimeCount = 16.0; EventCycleTimeAvg = 0.03810973465442657; ]
07/11/20 23:14:14 Initializing user log writer for /home/scitech/shared-data/Workflow/Workflow2/scitech/pegasus/Increment/run0003/./Increment-0.dag.nodes.log, (23.0.0)
07/11/20 23:14:14 Initializing user log writer for /home/scitech/shared-data/Workflow/Workflow2/scitech/pegasus/Increment/run0003/./Increment-0.dag.nodes.log, (22.0.0)
07/11/20 23:14:19 Currently monitoring 1 HTCondor log file(s)
07/11/20 23:14:19 Event: ULOG_POST_SCRIPT_TERMINATED for HTCondor Node register_local_0_0 (23.0.0) {07/11/20 23:14:14}
07/11/20 23:14:19 POST Script of node register_local_0_0 completed successfully.
07/11/20 23:14:19 Event: ULOG_POST_SCRIPT_TERMINATED for HTCondor Node clean_up_local_level_4_0 (22.0.0) {07/11/20 23:14:14}
07/11/20 23:14:19 POST Script of node clean_up_local_level_4_0 completed successfully.
07/11/20 23:14:19 DAG status: 0 (DAG_STATUS_OK)
07/11/20 23:14:19 Of 9 nodes total:
07/11/20 23:14:19  Done     Pre   Queued    Post   Ready   Un-Ready   Failed
07/11/20 23:14:19   ===     ===      ===     ===     ===        ===      ===
07/11/20 23:14:19     8       0        0       0       1          0        0
07/11/20 23:14:19 0 job proc(s) currently held
07/11/20 23:14:19 DAGMan Runtime Statistics: [ EventCycleTimeStd = 0.02941878786265039; EventCycleTimeMax = 0.1023869514465332; SubmitCycleTimeMin = 0.0001749992370605469; SubmitCycleTimeAvg = 0.01980581548478868; SleepCycleTimeCount = 17.0; SubmitCycleTimeCount = 18.0; SubmitCycleTimeMax = 0.09101390838623047; SleepCycleTimeMin = 4.220828056335449; SubmitCycleTimeSum = 0.3565046787261963; LogProcessCycleTimeStd = 0.01103698258014992; SubmitCycleTimeStd = 0.03262402976608238; LogProcessCycleTimeAvg = 0.01394052164895194; EventCycleTimeMin = 0.004333972930908203; LogProcessCycleTimeMax = 0.04214596748352051; LogProcessCycleTimeMin = 0.002150058746337891; LogProcessCycleTimeSum = 0.1951673030853271; LogProcessCycleTimeCount = 14.0; EventCycleTimeSum = 0.6339478492736816; SleepCycleTimeSum = 84.29979515075684; SleepCycleTimeAvg = 4.958811479456284; SleepCycleTimeStd = 0.2919907753302757; SleepCycleTimeMax = 5.228189945220947; EventCycleTimeCount = 17.0; EventCycleTimeAvg = 0.03729104995727539; ]
07/11/20 23:14:24 Submitting HTCondor Node cleanup_Increment_0_local job(s)...
07/11/20 23:14:24 Adding a DAGMan workflow log /home/scitech/shared-data/Workflow/Workflow2/scitech/pegasus/Increment/run0003/./Increment-0.dag.nodes.log
07/11/20 23:14:24 Masking the events recorded in the DAGMAN workflow log
07/11/20 23:14:24 Mask for workflow log is 0,1,2,4,5,7,9,10,11,12,13,16,17,24,27,35,36
07/11/20 23:14:24 submitting: /usr/bin/condor_submit -a dag_node_name' '=' 'cleanup_Increment_0_local -a +DAGManJobId' '=' '15 -a DAGManJobId' '=' '15 -batch-name Increment-0.dag+15 -a submit_event_notes' '=' 'DAG' 'Node:' 'cleanup_Increment_0_local -a dagman_log' '=' '/home/scitech/shared-data/Workflow/Workflow2/scitech/pegasus/Increment/run0003/./Increment-0.dag.nodes.log -a +DAGManNodesMask' '=' '"0,1,2,4,5,7,9,10,11,12,13,16,17,24,27,35,36" -a priority=1000 -a +DAGNodeRetry' '=' '0 -a DAG_STATUS' '=' '0 -a FAILED_COUNT' '=' '0 -a notification' '=' 'never -a +DAGParentNodeNames' '=' '"clean_up_local_level_3_0,clean_up_local_level_4_0" 00/00/cleanup_Increment_0_local.sub
07/11/20 23:14:24 From submit: Submitting job(s).
07/11/20 23:14:24 From submit: 1 job(s) submitted to cluster 24.
07/11/20 23:14:24 	assigned HTCondor ID (24.0.0)
07/11/20 23:14:24 Just submitted 1 job this cycle...
07/11/20 23:14:24 DAG status: 0 (DAG_STATUS_OK)
07/11/20 23:14:24 Of 9 nodes total:
07/11/20 23:14:24  Done     Pre   Queued    Post   Ready   Un-Ready   Failed
07/11/20 23:14:24   ===     ===      ===     ===     ===        ===      ===
07/11/20 23:14:24     8       0        1       0       0          0        0
07/11/20 23:14:24 0 job proc(s) currently held
07/11/20 23:14:24 DAGMan Runtime Statistics: [ EventCycleTimeStd = 0.02912040135731175; EventCycleTimeMax = 0.1023869514465332; SubmitCycleTimeMin = 0.0001749992370605469; SubmitCycleTimeAvg = 0.02160066052487022; SleepCycleTimeCount = 18.0; SubmitCycleTimeCount = 19.0; SubmitCycleTimeMax = 0.09101390838623047; SleepCycleTimeMin = 4.220828056335449; SubmitCycleTimeSum = 0.4104125499725342; LogProcessCycleTimeStd = 0.01103698258014992; SubmitCycleTimeStd = 0.03265587126940703; LogProcessCycleTimeAvg = 0.01394052164895194; EventCycleTimeMin = 0.004333972930908203; LogProcessCycleTimeMax = 0.04214596748352051; LogProcessCycleTimeMin = 0.002150058746337891; LogProcessCycleTimeSum = 0.1951673030853271; LogProcessCycleTimeCount = 14.0; EventCycleTimeSum = 0.6467039585113525; SleepCycleTimeSum = 89.30609011650085; SleepCycleTimeAvg = 4.961449450916714; SleepCycleTimeStd = 0.2834936691310936; SleepCycleTimeMax = 5.228189945220947; EventCycleTimeCount = 18.0; EventCycleTimeAvg = 0.03592799769507514; ]
07/11/20 23:14:29 Currently monitoring 1 HTCondor log file(s)
07/11/20 23:14:29 Reassigning the id of job cleanup_Increment_0_local from (24.0.0) to (24.0.0)
07/11/20 23:14:29 Event: ULOG_SUBMIT for HTCondor Node cleanup_Increment_0_local (24.0.0) {07/11/20 23:14:24}
07/11/20 23:14:29 Number of idle job procs: 1
07/11/20 23:14:29 Event: ULOG_EXECUTE for HTCondor Node cleanup_Increment_0_local (24.0.0) {07/11/20 23:14:25}
07/11/20 23:14:29 Number of idle job procs: 0
07/11/20 23:14:29 Event: ULOG_JOB_TERMINATED for HTCondor Node cleanup_Increment_0_local (24.0.0) {07/11/20 23:14:27}
07/11/20 23:14:29 Number of idle job procs: 0
07/11/20 23:14:29 Node cleanup_Increment_0_local job proc (24.0.0) completed successfully.
07/11/20 23:14:29 Node cleanup_Increment_0_local job completed
07/11/20 23:14:29 Running POST script of Node cleanup_Increment_0_local...
07/11/20 23:14:29 Warning: mysin has length 0 (ignore if produced by DAGMan; see gittrac #4987, #5031)
07/11/20 23:14:29 DAG status: 0 (DAG_STATUS_OK)
07/11/20 23:14:29 Of 9 nodes total:
07/11/20 23:14:29  Done     Pre   Queued    Post   Ready   Un-Ready   Failed
07/11/20 23:14:29   ===     ===      ===     ===     ===        ===      ===
07/11/20 23:14:29     8       0        0       1       0          0        0
07/11/20 23:14:29 0 job proc(s) currently held
07/11/20 23:14:29 DAGMan Runtime Statistics: [ EventCycleTimeStd = 0.02882852565735363; EventCycleTimeMax = 0.1023869514465332; SubmitCycleTimeMin = 0.0001749992370605469; SubmitCycleTimeAvg = 0.02056138515472412; SleepCycleTimeCount = 19.0; SubmitCycleTimeCount = 20.0; SubmitCycleTimeMax = 0.09101390838623047; SleepCycleTimeMin = 4.220828056335449; SubmitCycleTimeSum = 0.4112277030944824; LogProcessCycleTimeStd = 0.01069016096053731; SubmitCycleTimeStd = 0.03212290719183577; LogProcessCycleTimeAvg = 0.01421928405761719; EventCycleTimeMin = 0.004333972930908203; LogProcessCycleTimeMax = 0.04214596748352051; LogProcessCycleTimeMin = 0.002150058746337891; LogProcessCycleTimeSum = 0.2132892608642578; LogProcessCycleTimeCount = 15.0; EventCycleTimeSum = 0.7065849304199219; SleepCycleTimeSum = 94.30724906921387; SleepCycleTimeAvg = 4.963539424695466; SleepCycleTimeStd = 0.2756569002856181; SleepCycleTimeMax = 5.228189945220947; EventCycleTimeCount = 19.0; EventCycleTimeAvg = 0.03718868054841694; ]
07/11/20 23:14:29 Initializing user log writer for /home/scitech/shared-data/Workflow/Workflow2/scitech/pegasus/Increment/run0003/./Increment-0.dag.nodes.log, (24.0.0)
07/11/20 23:14:34 Currently monitoring 1 HTCondor log file(s)
07/11/20 23:14:34 Event: ULOG_POST_SCRIPT_TERMINATED for HTCondor Node cleanup_Increment_0_local (24.0.0) {07/11/20 23:14:29}
07/11/20 23:14:34 POST Script of node cleanup_Increment_0_local completed successfully.
07/11/20 23:14:34 DAG status: 0 (DAG_STATUS_OK)
07/11/20 23:14:34 Of 9 nodes total:
07/11/20 23:14:34  Done     Pre   Queued    Post   Ready   Un-Ready   Failed
07/11/20 23:14:34   ===     ===      ===     ===     ===        ===      ===
07/11/20 23:14:34     9       0        0       0       0          0        0
07/11/20 23:14:34 0 job proc(s) currently held
07/11/20 23:14:34 DAGMan Runtime Statistics: [ EventCycleTimeStd = 0.02818715595681241; EventCycleTimeMax = 0.1023869514465332; SubmitCycleTimeMin = 0.0001749992370605469; SubmitCycleTimeAvg = 0.01962660607837495; SleepCycleTimeCount = 20.0; SubmitCycleTimeCount = 21.0; SubmitCycleTimeMax = 0.09101390838623047; SleepCycleTimeMin = 4.220828056335449; SubmitCycleTimeSum = 0.412158727645874; LogProcessCycleTimeStd = 0.01052917746540628; SubmitCycleTimeStd = 0.0316012208385327; LogProcessCycleTimeAvg = 0.01370677351951599; EventCycleTimeMin = 0.004333972930908203; LogProcessCycleTimeMax = 0.04214596748352051; LogProcessCycleTimeMin = 0.002150058746337891; LogProcessCycleTimeSum = 0.2193083763122559; LogProcessCycleTimeCount = 16.0; EventCycleTimeSum = 0.7317960262298584; SleepCycleTimeSum = 99.52601194381714; SleepCycleTimeAvg = 4.976300597190857; SleepCycleTimeStd = 0.2743070829203377; SleepCycleTimeMax = 5.228189945220947; EventCycleTimeCount = 20.0; EventCycleTimeAvg = 0.03658980131149292; ]
07/11/20 23:14:34 All jobs Completed!
07/11/20 23:14:34 Note: 0 total job deferrals because of -MaxJobs limit (0)
07/11/20 23:14:34 Note: 0 total job deferrals because of -MaxIdle limit (1000)
07/11/20 23:14:34 Note: 0 total job deferrals because of node category throttles
07/11/20 23:14:34 Note: 0 total PRE script deferrals because of -MaxPre limit (20) or DEFER
07/11/20 23:14:34 Note: 0 total POST script deferrals because of -MaxPost limit (20) or DEFER
07/11/20 23:14:34 DAG status: 0 (DAG_STATUS_OK)
07/11/20 23:14:34 Of 9 nodes total:
07/11/20 23:14:34  Done     Pre   Queued    Post   Ready   Un-Ready   Failed
07/11/20 23:14:34   ===     ===      ===     ===     ===        ===      ===
07/11/20 23:14:34     9       0        0       0       0          0        0
07/11/20 23:14:34 0 job proc(s) currently held
07/11/20 23:14:34 DAGMan Runtime Statistics: [ EventCycleTimeStd = 0.02818715595681241; EventCycleTimeMax = 0.1023869514465332; SubmitCycleTimeMin = 0.0001749992370605469; SubmitCycleTimeAvg = 0.01962660607837495; SleepCycleTimeCount = 20.0; SubmitCycleTimeCount = 21.0; SubmitCycleTimeMax = 0.09101390838623047; SleepCycleTimeMin = 4.220828056335449; SubmitCycleTimeSum = 0.412158727645874; LogProcessCycleTimeStd = 0.01052917746540628; SubmitCycleTimeStd = 0.0316012208385327; LogProcessCycleTimeAvg = 0.01370677351951599; EventCycleTimeMin = 0.004333972930908203; LogProcessCycleTimeMax = 0.04214596748352051; LogProcessCycleTimeMin = 0.002150058746337891; LogProcessCycleTimeSum = 0.2193083763122559; LogProcessCycleTimeCount = 16.0; EventCycleTimeSum = 0.7317960262298584; SleepCycleTimeSum = 99.52601194381714; SleepCycleTimeAvg = 4.976300597190857; SleepCycleTimeStd = 0.2743070829203377; SleepCycleTimeMax = 5.228189945220947; EventCycleTimeCount = 20.0; EventCycleTimeAvg = 0.03658980131149292; ]
07/11/20 23:14:34 Wrote metrics file Increment-0.dag.metrics.
07/11/20 23:14:34 Reporting metrics to Pegasus metrics server(s); output is in Increment-0.dag.metrics.out.
07/11/20 23:14:34 Running command </usr/libexec/condor/condor_dagman_metrics_reporter -f Increment-0.dag.metrics -t 100>
07/11/20 23:14:34 Warning: mysin has length 0 (ignore if produced by DAGMan; see gittrac #4987, #5031)
07/11/20 23:14:34 DAGMan Runtime Statistics: [ EventCycleTimeStd = 0.02818715595681241; EventCycleTimeMax = 0.1023869514465332; SubmitCycleTimeMin = 0.0001749992370605469; SubmitCycleTimeAvg = 0.01962660607837495; SleepCycleTimeCount = 20.0; SubmitCycleTimeCount = 21.0; SubmitCycleTimeMax = 0.09101390838623047; SleepCycleTimeMin = 4.220828056335449; SubmitCycleTimeSum = 0.412158727645874; LogProcessCycleTimeStd = 0.01052917746540628; SubmitCycleTimeStd = 0.0316012208385327; LogProcessCycleTimeAvg = 0.01370677351951599; EventCycleTimeMin = 0.004333972930908203; LogProcessCycleTimeMax = 0.04214596748352051; LogProcessCycleTimeMin = 0.002150058746337891; LogProcessCycleTimeSum = 0.2193083763122559; LogProcessCycleTimeCount = 16.0; EventCycleTimeSum = 0.7317960262298584; SleepCycleTimeSum = 99.52601194381714; SleepCycleTimeAvg = 4.976300597190857; SleepCycleTimeStd = 0.2743070829203377; SleepCycleTimeMax = 5.228189945220947; EventCycleTimeCount = 20.0; EventCycleTimeAvg = 0.03658980131149292; ]
07/11/20 23:14:34 **** condor_scheduniv_exec.15.0 (condor_DAGMAN) pid 7437 EXITING WITH STATUS 0
