2020-07-11 23:12:50,869:INFO:pegasus-monitord(58): pegasus-monitord starting - pid 7438 
2020-07-11 23:12:50,890:INFO:pegasus-monitord(455): Final Command line options are: ['-N', 'Increment-0.dag.dagman.out']
2020-07-11 23:12:50,910:INFO:Pegasus.monitoring.event_output(629): Connecting workflow event sink to sqlite:////home/scitech/shared-data/Workflow/Workflow2/scitech/pegasus/Increment/run0003/Increment-0.stampede.db
Created Pegasus database in: sqlite:////home/scitech/shared-data/Workflow/Workflow2/scitech/pegasus/Increment/run0003/Increment-0.stampede.db
Your database is compatible with Pegasus version: 5.0.0dev
2020-07-11 23:12:51,574:INFO:Pegasus.monitoring.event_output(703): output type=DB namespace=stampede. name=sqlite:////home/scitech/shared-data/Workflow/Workflow2/scitech/pegasus/Increment/run0003/Increment-0.stampede.db
2020-07-11 23:12:51,575:INFO:Pegasus.monitoring.event_output(629): Connecting workflow event sink to sqlite:////home/scitech/.pegasus/workflow.db
Your database is compatible with Pegasus version: 5.0.0dev
2020-07-11 23:12:51,964:INFO:Pegasus.monitoring.event_output(703): output type=DB namespace=dashboard. name=sqlite:////home/scitech/.pegasus/workflow.db
2020-07-11 23:12:51,964:INFO:pegasus-monitord(1247): monitord started in fast start mode
2020-07-11 23:12:51,982:INFO:Pegasus.monitoring.workflow(461): cannot open state file /home/scitech/shared-data/Workflow/Workflow2/scitech/pegasus/Increment/run0003/monitord.info, continuing without state...
2020-07-11 23:12:51,982:INFO:Pegasus.monitoring.workflow(1148): creating new file /home/scitech/shared-data/Workflow/Workflow2/scitech/pegasus/Increment/run0003/jobstate.log
2020-07-11 23:12:51,983:INFO:Pegasus.monitoring.workflow(1158): Appending to existing jobstate.log replay_mode 0 previous_processed_line 0
2020-07-11 23:12:51,984:INFO:Pegasus.monitoring.notifications(474): loading notifications from /home/scitech/shared-data/Workflow/Workflow2/scitech/pegasus/Increment/run0003/Increment-0.notify
2020-07-11 23:12:52,159:INFO:Pegasus.monitoring.workflow(205): Parsing DAG file /home/scitech/shared-data/Workflow/Workflow2/scitech/pegasus/Increment/run0003/Increment-0.dag
2020-07-11 23:12:52,163:INFO:pegasus-monitord(974): Using DAGMan version 8.8.9 80809
2020-07-11 23:12:52,164:INFO:pegasus-monitord(949): DAGMan runs at pid 7437
2020-07-11 23:12:52,166:INFO:pegasus-monitord(955): using dag Increment-0.dag
2020-07-11 23:12:52,167:INFO:Pegasus.monitoring.workflow(811): DAGMan starting with condor id 15.0
2020-07-11 23:14:19,821:INFO:Pegasus.monitoring.workflow(2467): Populating locations corresponding to succeeded registration job  /home/scitech/shared-data/Workflow/Workflow2/scitech/pegasus/Increment/run0003/00/00/register_local_0_0.in 
2020-07-11 23:14:35,147:INFO:pegasus-monitord(927): DAGMan Increment-0.dag finished with exit code 0
2020-07-11 23:14:36,159:INFO:pegasus-monitord(1427): workflow /home/scitech/shared-data/Workflow/Workflow2/scitech/pegasus/Increment/run0003/Increment-0.dag.dagman.out ended
2020-07-11 23:14:36,163:INFO:Pegasus.monitoring.workflow(1377): recovery file deleted: /home/scitech/shared-data/Workflow/Workflow2/scitech/pegasus/Increment/run0003/monitord.recover
2020-07-11 23:14:36,165:INFO:pegasus-monitord(1665): finishing workflow: /home/scitech/shared-data/Workflow/Workflow2/scitech/pegasus/Increment/run0003/Increment-0.dag.dagman.out
2020-07-11 23:14:36,166:INFO:pegasus-monitord(1719): finishing notifications...
2020-07-11 23:14:36,166:INFO:pegasus-monitord(1727): monitord process 7438 exiting with 0
2020-07-11 23:14:36,167:INFO:pegasus-monitord(197): DB flushing beginning
2020-07-11 23:14:36,167:INFO:Pegasus.db.workflow_loader.WorkflowLoader(1244): Executing final flush
2020-07-11 23:14:36,209:INFO:Pegasus.db.dashboard_loader.DashboardLoader(397): Executing final flush
2020-07-11 23:14:36,209:INFO:pegasus-monitord(213): DB flushing ended
