2020-09-17 14:27:53,066:INFO:pegasus-monitord(58): pegasus-monitord starting - pid 14105 
2020-09-17 14:27:53,082:INFO:pegasus-monitord(455): Final Command line options are: ['-N', 'Cats_and_Dogs-0.dag.dagman.out']
2020-09-17 14:27:53,097:INFO:Pegasus.monitoring.event_output(629): Connecting workflow event sink to sqlite:////home/scitech/shared-data/CatsAndDogs/scitech/pegasus/Cats_and_Dogs/run0003/Cats_and_Dogs-0.stampede.db
Created Pegasus database in: sqlite:////home/scitech/shared-data/CatsAndDogs/scitech/pegasus/Cats_and_Dogs/run0003/Cats_and_Dogs-0.stampede.db
Your database is compatible with Pegasus version: 5.0.0dev
2020-09-17 14:27:53,772:INFO:Pegasus.monitoring.event_output(703): output type=DB namespace=stampede. name=sqlite:////home/scitech/shared-data/CatsAndDogs/scitech/pegasus/Cats_and_Dogs/run0003/Cats_and_Dogs-0.stampede.db
2020-09-17 14:27:53,773:INFO:Pegasus.monitoring.event_output(629): Connecting workflow event sink to sqlite:////home/scitech/.pegasus/workflow.db
Your database is compatible with Pegasus version: 5.0.0dev
2020-09-17 14:27:54,180:INFO:Pegasus.monitoring.event_output(703): output type=DB namespace=dashboard. name=sqlite:////home/scitech/.pegasus/workflow.db
2020-09-17 14:27:54,181:INFO:pegasus-monitord(1247): monitord started in fast start mode
2020-09-17 14:27:54,201:INFO:Pegasus.monitoring.workflow(461): cannot open state file /home/scitech/shared-data/CatsAndDogs/scitech/pegasus/Cats_and_Dogs/run0003/monitord.info, continuing without state...
2020-09-17 14:27:54,201:INFO:Pegasus.monitoring.workflow(1148): creating new file /home/scitech/shared-data/CatsAndDogs/scitech/pegasus/Cats_and_Dogs/run0003/jobstate.log
2020-09-17 14:27:54,202:INFO:Pegasus.monitoring.workflow(1158): Appending to existing jobstate.log replay_mode 0 previous_processed_line 0
2020-09-17 14:27:54,204:INFO:Pegasus.monitoring.notifications(474): loading notifications from /home/scitech/shared-data/CatsAndDogs/scitech/pegasus/Cats_and_Dogs/run0003/Cats_and_Dogs-0.notify
2020-09-17 14:27:54,436:INFO:Pegasus.monitoring.workflow(205): Parsing DAG file /home/scitech/shared-data/CatsAndDogs/scitech/pegasus/Cats_and_Dogs/run0003/Cats_and_Dogs-0.dag
2020-09-17 14:27:54,440:INFO:pegasus-monitord(974): Using DAGMan version 8.8.10 80810
2020-09-17 14:27:54,441:INFO:pegasus-monitord(949): DAGMan runs at pid 14104
2020-09-17 14:27:54,444:INFO:pegasus-monitord(955): using dag Cats_and_Dogs-0.dag
2020-09-17 14:27:54,444:INFO:Pegasus.monitoring.workflow(811): DAGMan starting with condor id 228.0
2020-09-17 14:28:23,067:INFO:Pegasus.monitoring.workflow(2468): Populating locations corresponding to succeeded registration job  /home/scitech/shared-data/CatsAndDogs/scitech/pegasus/Cats_and_Dogs/run0003/00/00/register_local_1000_0.in 
2020-09-17 14:29:29,339:INFO:Pegasus.monitoring.workflow(2468): Populating locations corresponding to succeeded registration job  /home/scitech/shared-data/CatsAndDogs/scitech/pegasus/Cats_and_Dogs/run0003/00/00/register_local_0_0.in 
2020-09-17 14:29:50,677:INFO:Pegasus.monitoring.workflow(2468): Populating locations corresponding to succeeded registration job  /home/scitech/shared-data/CatsAndDogs/scitech/pegasus/Cats_and_Dogs/run0003/00/00/register_local_1_0.in 
2020-09-17 14:29:59,994:INFO:Pegasus.monitoring.workflow(2468): Populating locations corresponding to succeeded registration job  /home/scitech/shared-data/CatsAndDogs/scitech/pegasus/Cats_and_Dogs/run0003/00/00/register_local_2_0.in 
2020-09-17 14:30:39,875:INFO:Pegasus.monitoring.workflow(2468): Populating locations corresponding to succeeded registration job  /home/scitech/shared-data/CatsAndDogs/scitech/pegasus/Cats_and_Dogs/run0003/00/00/register_local_3_0.in 
2020-09-17 14:30:55,050:INFO:pegasus-monitord(927): DAGMan Cats_and_Dogs-0.dag finished with exit code 0
2020-09-17 14:30:56,066:INFO:pegasus-monitord(1427): workflow /home/scitech/shared-data/CatsAndDogs/scitech/pegasus/Cats_and_Dogs/run0003/Cats_and_Dogs-0.dag.dagman.out ended
2020-09-17 14:30:56,072:INFO:Pegasus.monitoring.workflow(1378): recovery file deleted: /home/scitech/shared-data/CatsAndDogs/scitech/pegasus/Cats_and_Dogs/run0003/monitord.recover
2020-09-17 14:30:56,076:INFO:pegasus-monitord(1665): finishing workflow: /home/scitech/shared-data/CatsAndDogs/scitech/pegasus/Cats_and_Dogs/run0003/Cats_and_Dogs-0.dag.dagman.out
2020-09-17 14:30:56,076:INFO:pegasus-monitord(1719): finishing notifications...
2020-09-17 14:30:56,077:INFO:pegasus-monitord(1727): monitord process 14105 exiting with 0
2020-09-17 14:30:56,078:INFO:pegasus-monitord(197): DB flushing beginning
2020-09-17 14:30:56,079:INFO:Pegasus.db.workflow_loader.WorkflowLoader(1244): Executing final flush
2020-09-17 14:30:56,187:INFO:Pegasus.db.dashboard_loader.DashboardLoader(397): Executing final flush
2020-09-17 14:30:56,188:INFO:pegasus-monitord(213): DB flushing ended
