07/13/20 12:59:33 ******************************************************
07/13/20 12:59:33 ** condor_scheduniv_exec.30.0 (CONDOR_DAGMAN) STARTING UP
07/13/20 12:59:33 ** /usr/bin/condor_dagman
07/13/20 12:59:33 ** SubsystemInfo: name=DAGMAN type=DAGMAN(10) class=DAEMON(1)
07/13/20 12:59:33 ** Configuration: subsystem:DAGMAN local:<NONE> class:DAEMON
07/13/20 12:59:33 ** $CondorVersion: 8.8.9 May 06 2020 BuildID: 503068 PackageID: 8.8.9-1 $
07/13/20 12:59:33 ** $CondorPlatform: x86_64_CentOS7 $
07/13/20 12:59:33 ** PID = 40614
07/13/20 12:59:33 ** Log last touched time unavailable (No such file or directory)
07/13/20 12:59:33 ******************************************************
07/13/20 12:59:33 Using config source: /etc/condor/condor_config
07/13/20 12:59:33 Using local config sources: 
07/13/20 12:59:33    /etc/condor/config.d/00-minicondor
07/13/20 12:59:33    /etc/condor/condor_config.local
07/13/20 12:59:33 config Macros = 81, Sorted = 81, StringBytes = 2251, TablesBytes = 2964
07/13/20 12:59:33 CLASSAD_CACHING is ENABLED
07/13/20 12:59:33 Daemon Log is logging: D_ALWAYS D_ERROR
07/13/20 12:59:33 DaemonCore: No command port requested.
07/13/20 12:59:33 DAGMAN_USE_STRICT setting: 1
07/13/20 12:59:33 DAGMAN_VERBOSITY setting: 3
07/13/20 12:59:33 DAGMAN_DEBUG_CACHE_SIZE setting: 5242880
07/13/20 12:59:33 DAGMAN_DEBUG_CACHE_ENABLE setting: False
07/13/20 12:59:33 DAGMAN_SUBMIT_DELAY setting: 0
07/13/20 12:59:33 DAGMAN_MAX_SUBMIT_ATTEMPTS setting: 6
07/13/20 12:59:33 DAGMAN_STARTUP_CYCLE_DETECT setting: False
07/13/20 12:59:33 DAGMAN_MAX_SUBMITS_PER_INTERVAL setting: 100
07/13/20 12:59:33 DAGMAN_AGGRESSIVE_SUBMIT setting: False
07/13/20 12:59:33 DAGMAN_USER_LOG_SCAN_INTERVAL setting: 5
07/13/20 12:59:33 DAGMAN_QUEUE_UPDATE_INTERVAL setting: 300
07/13/20 12:59:33 DAGMAN_DEFAULT_PRIORITY setting: 0
07/13/20 12:59:33 DAGMAN_SUPPRESS_NOTIFICATION setting: True
07/13/20 12:59:33 allow_events (DAGMAN_ALLOW_EVENTS) setting: 114
07/13/20 12:59:33 DAGMAN_RETRY_SUBMIT_FIRST setting: True
07/13/20 12:59:33 DAGMAN_RETRY_NODE_FIRST setting: False
07/13/20 12:59:33 DAGMAN_MAX_JOBS_IDLE setting: 1000
07/13/20 12:59:33 DAGMAN_MAX_JOBS_SUBMITTED setting: 0
07/13/20 12:59:33 DAGMAN_MAX_PRE_SCRIPTS setting: 20
07/13/20 12:59:33 DAGMAN_MAX_POST_SCRIPTS setting: 20
07/13/20 12:59:33 DAGMAN_MUNGE_NODE_NAMES setting: True
07/13/20 12:59:33 DAGMAN_PROHIBIT_MULTI_JOBS setting: False
07/13/20 12:59:33 DAGMAN_SUBMIT_DEPTH_FIRST setting: False
07/13/20 12:59:33 DAGMAN_ALWAYS_RUN_POST setting: False
07/13/20 12:59:33 DAGMAN_CONDOR_SUBMIT_EXE setting: /usr/bin/condor_submit
07/13/20 12:59:33 DAGMAN_USE_CONDOR_SUBMIT setting: True
07/13/20 12:59:33 DAGMAN_ABORT_DUPLICATES setting: True
07/13/20 12:59:33 DAGMAN_ABORT_ON_SCARY_SUBMIT setting: True
07/13/20 12:59:33 DAGMAN_PENDING_REPORT_INTERVAL setting: 600
07/13/20 12:59:33 DAGMAN_AUTO_RESCUE setting: True
07/13/20 12:59:33 DAGMAN_MAX_RESCUE_NUM setting: 100
07/13/20 12:59:33 DAGMAN_WRITE_PARTIAL_RESCUE setting: True
07/13/20 12:59:33 DAGMAN_DEFAULT_NODE_LOG setting: @(DAG_DIR)/@(DAG_FILE).nodes.log
07/13/20 12:59:33 DAGMAN_GENERATE_SUBDAG_SUBMITS setting: True
07/13/20 12:59:33 DAGMAN_MAX_JOB_HOLDS setting: 100
07/13/20 12:59:33 DAGMAN_HOLD_CLAIM_TIME setting: 20
07/13/20 12:59:33 ALL_DEBUG setting: 
07/13/20 12:59:33 DAGMAN_DEBUG setting: 
07/13/20 12:59:33 DAGMAN_SUPPRESS_JOB_LOGS setting: False
07/13/20 12:59:33 DAGMAN_REMOVE_NODE_JOBS setting: True
07/13/20 12:59:33 argv[0] == "condor_scheduniv_exec.30.0"
07/13/20 12:59:33 argv[1] == "-Lockfile"
07/13/20 12:59:33 argv[2] == "Even_Odd-0.dag.lock"
07/13/20 12:59:33 argv[3] == "-AutoRescue"
07/13/20 12:59:33 argv[4] == "1"
07/13/20 12:59:33 argv[5] == "-DoRescueFrom"
07/13/20 12:59:33 argv[6] == "0"
07/13/20 12:59:33 argv[7] == "-Dag"
07/13/20 12:59:33 argv[8] == "Even_Odd-0.dag"
07/13/20 12:59:33 argv[9] == "-MaxPost"
07/13/20 12:59:33 argv[10] == "20"
07/13/20 12:59:33 argv[11] == "-Suppress_notification"
07/13/20 12:59:33 argv[12] == "-CsdVersion"
07/13/20 12:59:33 argv[13] == "$CondorVersion: 8.8.9 May 06 2020 BuildID: 503068 PackageID: 8.8.9-1 $"
07/13/20 12:59:33 argv[14] == "-Dagman"
07/13/20 12:59:33 argv[15] == "/bin/condor_dagman"
07/13/20 12:59:33 Workflow batch-name: <Even_Odd-0.dag+30>
07/13/20 12:59:33 Workflow accounting_group: <>
07/13/20 12:59:33 Workflow accounting_group_user: <>
07/13/20 12:59:33 Warning: failed to get attribute DAGNodeName
07/13/20 12:59:33 DAGMAN_LOG_ON_NFS_IS_ERROR setting: False
07/13/20 12:59:33 Default node log file is: </home/scitech/shared-data/Workflow/Workflow3/scitech/pegasus/Even_Odd/run0004/./Even_Odd-0.dag.nodes.log>
07/13/20 12:59:33 DAG Lockfile will be written to Even_Odd-0.dag.lock
07/13/20 12:59:33 DAG Input file is Even_Odd-0.dag
07/13/20 12:59:33 Parsing 1 dagfiles
07/13/20 12:59:33 Parsing Even_Odd-0.dag ...
07/13/20 12:59:33 Warning:  could not open Pegasus braindump file braindump.txt
07/13/20 12:59:33 Dag contains 19 total jobs
07/13/20 12:59:33 Sleeping for 3 seconds to ensure ProcessId uniqueness
07/13/20 12:59:36 Bootstrapping...
07/13/20 12:59:36 Number of pre-completed nodes: 0
07/13/20 12:59:36 MultiLogFiles: truncating log file /home/scitech/shared-data/Workflow/Workflow3/scitech/pegasus/Even_Odd/run0004/./Even_Odd-0.dag.nodes.log
07/13/20 12:59:36 DAG status: 0 (DAG_STATUS_OK)
07/13/20 12:59:36 Of 19 nodes total:
07/13/20 12:59:36  Done     Pre   Queued    Post   Ready   Un-Ready   Failed
07/13/20 12:59:36   ===     ===      ===     ===     ===        ===      ===
07/13/20 12:59:36     0       0        0       0       1         18        0
07/13/20 12:59:36 0 job proc(s) currently held
07/13/20 12:59:36 DAGMan Runtime Statistics: [ EventCycleTimeSum = 0.0; EventCycleTimeCount = 0.0; SleepCycleTimeCount = 0.0; SubmitCycleTimeSum = 0.0; SubmitCycleTimeCount = 0.0; LogProcessCycleTimeSum = 0.0; SleepCycleTimeSum = 0.0; LogProcessCycleTimeCount = 0.0; ]
07/13/20 12:59:36 Registering condor_event_timer...
07/13/20 12:59:37 Submitting HTCondor Node create_dir_Even_Odd_0_local job(s)...
07/13/20 12:59:37 Adding a DAGMan workflow log /home/scitech/shared-data/Workflow/Workflow3/scitech/pegasus/Even_Odd/run0004/./Even_Odd-0.dag.nodes.log
07/13/20 12:59:37 Masking the events recorded in the DAGMAN workflow log
07/13/20 12:59:37 Mask for workflow log is 0,1,2,4,5,7,9,10,11,12,13,16,17,24,27,35,36
07/13/20 12:59:37 submitting: /usr/bin/condor_submit -a dag_node_name' '=' 'create_dir_Even_Odd_0_local -a +DAGManJobId' '=' '30 -a DAGManJobId' '=' '30 -batch-name Even_Odd-0.dag+30 -a submit_event_notes' '=' 'DAG' 'Node:' 'create_dir_Even_Odd_0_local -a dagman_log' '=' '/home/scitech/shared-data/Workflow/Workflow3/scitech/pegasus/Even_Odd/run0004/./Even_Odd-0.dag.nodes.log -a +DAGManNodesMask' '=' '"0,1,2,4,5,7,9,10,11,12,13,16,17,24,27,35,36" -a priority=800 -a +DAGNodeRetry' '=' '0 -a DAG_STATUS' '=' '0 -a FAILED_COUNT' '=' '0 -a +KeepClaimIdle' '=' '20 -a notification' '=' 'never -a +DAGParentNodeNames' '=' '"" 00/00/create_dir_Even_Odd_0_local.sub
07/13/20 12:59:37 From submit: Submitting job(s).
07/13/20 12:59:37 From submit: 1 job(s) submitted to cluster 32.
07/13/20 12:59:37 	assigned HTCondor ID (32.0.0)
07/13/20 12:59:37 Just submitted 1 job this cycle...
07/13/20 12:59:37 DAG status: 0 (DAG_STATUS_OK)
07/13/20 12:59:37 Of 19 nodes total:
07/13/20 12:59:37  Done     Pre   Queued    Post   Ready   Un-Ready   Failed
07/13/20 12:59:37   ===     ===      ===     ===     ===        ===      ===
07/13/20 12:59:37     0       0        1       0       0         18        0
07/13/20 12:59:37 0 job proc(s) currently held
07/13/20 12:59:37 DAGMan Runtime Statistics: [ EventCycleTimeCount = 0.0; EventCycleTimeSum = 0.0; LogProcessCycleTimeCount = 0.0; SleepCycleTimeSum = 0.0; LogProcessCycleTimeSum = 0.0; SubmitCycleTimeCount = 1.0; SubmitCycleTimeMax = 0.05974888801574707; SubmitCycleTimeMin = 0.05974888801574707; SubmitCycleTimeAvg = 0.05974888801574707; SubmitCycleTimeStd = 0.05974888801574707; SubmitCycleTimeSum = 0.05974888801574707; SleepCycleTimeCount = 0.0; ]
07/13/20 12:59:42 Currently monitoring 1 HTCondor log file(s)
07/13/20 12:59:42 Reassigning the id of job create_dir_Even_Odd_0_local from (32.0.0) to (32.0.0)
07/13/20 12:59:42 Event: ULOG_SUBMIT for HTCondor Node create_dir_Even_Odd_0_local (32.0.0) {07/13/20 12:59:37}
07/13/20 12:59:42 Number of idle job procs: 1
07/13/20 12:59:42 Event: ULOG_EXECUTE for HTCondor Node create_dir_Even_Odd_0_local (32.0.0) {07/13/20 12:59:38}
07/13/20 12:59:42 Number of idle job procs: 0
07/13/20 12:59:42 Event: ULOG_JOB_TERMINATED for HTCondor Node create_dir_Even_Odd_0_local (32.0.0) {07/13/20 12:59:40}
07/13/20 12:59:42 Number of idle job procs: 0
07/13/20 12:59:42 Node create_dir_Even_Odd_0_local job proc (32.0.0) completed successfully.
07/13/20 12:59:42 Node create_dir_Even_Odd_0_local job completed
07/13/20 12:59:42 Running POST script of Node create_dir_Even_Odd_0_local...
07/13/20 12:59:42 Warning: mysin has length 0 (ignore if produced by DAGMan; see gittrac #4987, #5031)
07/13/20 12:59:42 DAG status: 0 (DAG_STATUS_OK)
07/13/20 12:59:42 Of 19 nodes total:
07/13/20 12:59:42  Done     Pre   Queued    Post   Ready   Un-Ready   Failed
07/13/20 12:59:42   ===     ===      ===     ===     ===        ===      ===
07/13/20 12:59:42     0       0        0       1       0         18        0
07/13/20 12:59:42 0 job proc(s) currently held
07/13/20 12:59:42 DAGMan Runtime Statistics: [ EventCycleTimeStd = 0.07610011100769043; EventCycleTimeMax = 0.07610011100769043; SubmitCycleTimeMin = 0.0006129741668701172; SubmitCycleTimeAvg = 0.03018093109130859; SleepCycleTimeCount = 1.0; SubmitCycleTimeCount = 2.0; SubmitCycleTimeMax = 0.05974888801574707; SleepCycleTimeMin = 5.008072853088379; SubmitCycleTimeSum = 0.06036186218261719; LogProcessCycleTimeStd = 0.01986002922058105; SubmitCycleTimeStd = 0.04181540569420436; LogProcessCycleTimeAvg = 0.01986002922058105; EventCycleTimeMin = 0.07610011100769043; LogProcessCycleTimeMax = 0.01986002922058105; LogProcessCycleTimeMin = 0.01986002922058105; LogProcessCycleTimeSum = 0.01986002922058105; LogProcessCycleTimeCount = 1.0; EventCycleTimeSum = 0.07610011100769043; SleepCycleTimeSum = 5.008072853088379; SleepCycleTimeAvg = 5.008072853088379; SleepCycleTimeStd = 5.008072853088379; SleepCycleTimeMax = 5.008072853088379; EventCycleTimeCount = 1.0; EventCycleTimeAvg = 0.07610011100769043; ]
07/13/20 12:59:42 Initializing user log writer for /home/scitech/shared-data/Workflow/Workflow3/scitech/pegasus/Even_Odd/run0004/./Even_Odd-0.dag.nodes.log, (32.0.0)
07/13/20 12:59:47 Currently monitoring 1 HTCondor log file(s)
07/13/20 12:59:47 Event: ULOG_POST_SCRIPT_TERMINATED for HTCondor Node create_dir_Even_Odd_0_local (32.0.0) {07/13/20 12:59:42}
07/13/20 12:59:47 POST Script of node create_dir_Even_Odd_0_local completed successfully.
07/13/20 12:59:47 DAG status: 0 (DAG_STATUS_OK)
07/13/20 12:59:47 Of 19 nodes total:
07/13/20 12:59:47  Done     Pre   Queued    Post   Ready   Un-Ready   Failed
07/13/20 12:59:47   ===     ===      ===     ===     ===        ===      ===
07/13/20 12:59:47     1       0        0       0       3         15        0
07/13/20 12:59:47 0 job proc(s) currently held
07/13/20 12:59:47 DAGMan Runtime Statistics: [ EventCycleTimeStd = 0.03370989237598326; EventCycleTimeMax = 0.07610011100769043; SubmitCycleTimeMin = 0.0004599094390869141; SubmitCycleTimeAvg = 0.02027392387390137; SleepCycleTimeCount = 2.0; SubmitCycleTimeCount = 3.0; SubmitCycleTimeMax = 0.05974888801574707; SleepCycleTimeMin = 5.008072853088379; SubmitCycleTimeSum = 0.0608217716217041; LogProcessCycleTimeStd = 0.01110367153389205; SubmitCycleTimeStd = 0.03418640742609153; LogProcessCycleTimeAvg = 0.01200854778289795; EventCycleTimeMin = 0.0284271240234375; LogProcessCycleTimeMax = 0.01986002922058105; LogProcessCycleTimeMin = 0.004157066345214844; LogProcessCycleTimeSum = 0.0240170955657959; LogProcessCycleTimeCount = 2.0; EventCycleTimeSum = 0.1045272350311279; SleepCycleTimeSum = 10.28982281684875; SleepCycleTimeAvg = 5.144911408424377; SleepCycleTimeStd = 0.1935189408117104; SleepCycleTimeMax = 5.281749963760376; EventCycleTimeCount = 2.0; EventCycleTimeAvg = 0.05226361751556396; ]
07/13/20 12:59:52 Submitting HTCondor Node stage_in_remote_local_1_0 job(s)...
07/13/20 12:59:52 Adding a DAGMan workflow log /home/scitech/shared-data/Workflow/Workflow3/scitech/pegasus/Even_Odd/run0004/./Even_Odd-0.dag.nodes.log
07/13/20 12:59:52 Masking the events recorded in the DAGMAN workflow log
07/13/20 12:59:52 Mask for workflow log is 0,1,2,4,5,7,9,10,11,12,13,16,17,24,27,35,36
07/13/20 12:59:52 submitting: /usr/bin/condor_submit -a dag_node_name' '=' 'stage_in_remote_local_1_0 -a +DAGManJobId' '=' '30 -a DAGManJobId' '=' '30 -batch-name Even_Odd-0.dag+30 -a submit_event_notes' '=' 'DAG' 'Node:' 'stage_in_remote_local_1_0 -a dagman_log' '=' '/home/scitech/shared-data/Workflow/Workflow3/scitech/pegasus/Even_Odd/run0004/./Even_Odd-0.dag.nodes.log -a +DAGManNodesMask' '=' '"0,1,2,4,5,7,9,10,11,12,13,16,17,24,27,35,36" -a priority=700 -a +DAGNodeRetry' '=' '0 -a DAG_STATUS' '=' '0 -a FAILED_COUNT' '=' '0 -a +KeepClaimIdle' '=' '20 -a notification' '=' 'never -a +DAGParentNodeNames' '=' '"create_dir_Even_Odd_0_local" 00/00/stage_in_remote_local_1_0.sub
07/13/20 12:59:52 From submit: Submitting job(s).
07/13/20 12:59:52 From submit: 1 job(s) submitted to cluster 33.
07/13/20 12:59:52 	assigned HTCondor ID (33.0.0)
07/13/20 12:59:52 Submitting HTCondor Node stage_in_remote_local_0_0 job(s)...
07/13/20 12:59:52 Adding a DAGMan workflow log /home/scitech/shared-data/Workflow/Workflow3/scitech/pegasus/Even_Odd/run0004/./Even_Odd-0.dag.nodes.log
07/13/20 12:59:52 Masking the events recorded in the DAGMAN workflow log
07/13/20 12:59:52 Mask for workflow log is 0,1,2,4,5,7,9,10,11,12,13,16,17,24,27,35,36
07/13/20 12:59:52 submitting: /usr/bin/condor_submit -a dag_node_name' '=' 'stage_in_remote_local_0_0 -a +DAGManJobId' '=' '30 -a DAGManJobId' '=' '30 -batch-name Even_Odd-0.dag+30 -a submit_event_notes' '=' 'DAG' 'Node:' 'stage_in_remote_local_0_0 -a dagman_log' '=' '/home/scitech/shared-data/Workflow/Workflow3/scitech/pegasus/Even_Odd/run0004/./Even_Odd-0.dag.nodes.log -a +DAGManNodesMask' '=' '"0,1,2,4,5,7,9,10,11,12,13,16,17,24,27,35,36" -a priority=700 -a +DAGNodeRetry' '=' '0 -a DAG_STATUS' '=' '0 -a FAILED_COUNT' '=' '0 -a +KeepClaimIdle' '=' '20 -a notification' '=' 'never -a +DAGParentNodeNames' '=' '"create_dir_Even_Odd_0_local" 00/00/stage_in_remote_local_0_0.sub
07/13/20 12:59:52 From submit: Submitting job(s).
07/13/20 12:59:52 From submit: 1 job(s) submitted to cluster 34.
07/13/20 12:59:52 	assigned HTCondor ID (34.0.0)
07/13/20 12:59:52 Submitting HTCondor Node stage_in_local_local_0_0 job(s)...
07/13/20 12:59:52 Adding a DAGMan workflow log /home/scitech/shared-data/Workflow/Workflow3/scitech/pegasus/Even_Odd/run0004/./Even_Odd-0.dag.nodes.log
07/13/20 12:59:52 Masking the events recorded in the DAGMAN workflow log
07/13/20 12:59:52 Mask for workflow log is 0,1,2,4,5,7,9,10,11,12,13,16,17,24,27,35,36
07/13/20 12:59:52 submitting: /usr/bin/condor_submit -a dag_node_name' '=' 'stage_in_local_local_0_0 -a +DAGManJobId' '=' '30 -a DAGManJobId' '=' '30 -batch-name Even_Odd-0.dag+30 -a submit_event_notes' '=' 'DAG' 'Node:' 'stage_in_local_local_0_0 -a dagman_log' '=' '/home/scitech/shared-data/Workflow/Workflow3/scitech/pegasus/Even_Odd/run0004/./Even_Odd-0.dag.nodes.log -a +DAGManNodesMask' '=' '"0,1,2,4,5,7,9,10,11,12,13,16,17,24,27,35,36" -a priority=700 -a +DAGNodeRetry' '=' '0 -a DAG_STATUS' '=' '0 -a FAILED_COUNT' '=' '0 -a +KeepClaimIdle' '=' '20 -a notification' '=' 'never -a +DAGParentNodeNames' '=' '"create_dir_Even_Odd_0_local" 00/00/stage_in_local_local_0_0.sub
07/13/20 12:59:53 From submit: Submitting job(s).
07/13/20 12:59:53 From submit: 1 job(s) submitted to cluster 35.
07/13/20 12:59:53 	assigned HTCondor ID (35.0.0)
07/13/20 12:59:53 Just submitted 3 jobs this cycle...
07/13/20 12:59:53 DAG status: 0 (DAG_STATUS_OK)
07/13/20 12:59:53 Of 19 nodes total:
07/13/20 12:59:53  Done     Pre   Queued    Post   Ready   Un-Ready   Failed
07/13/20 12:59:53   ===     ===      ===     ===     ===        ===      ===
07/13/20 12:59:53     1       0        3       0       0         15        0
07/13/20 12:59:53 0 job proc(s) currently held
07/13/20 12:59:53 DAGMan Runtime Statistics: [ EventCycleTimeStd = 0.03397698578930583; EventCycleTimeMax = 0.07610011100769043; SubmitCycleTimeMin = 0.0004599094390869141; SubmitCycleTimeAvg = 0.05939120054244995; SleepCycleTimeCount = 3.0; SubmitCycleTimeCount = 4.0; SubmitCycleTimeMax = 0.1767430305480957; SleepCycleTimeMin = 5.007622957229614; SubmitCycleTimeSum = 0.2375648021697998; LogProcessCycleTimeStd = 0.01110367153389205; SubmitCycleTimeStd = 0.08306494830948201; LogProcessCycleTimeAvg = 0.01200854778289795; EventCycleTimeMin = 0.01032590866088867; LogProcessCycleTimeMax = 0.01986002922058105; LogProcessCycleTimeMin = 0.004157066345214844; LogProcessCycleTimeSum = 0.0240170955657959; LogProcessCycleTimeCount = 2.0; EventCycleTimeSum = 0.1148531436920166; SleepCycleTimeSum = 15.29744577407837; SleepCycleTimeAvg = 5.099148591359456; SleepCycleTimeStd = 0.1581375872574189; SleepCycleTimeMax = 5.281749963760376; EventCycleTimeCount = 3.0; EventCycleTimeAvg = 0.0382843812306722; ]
07/13/20 12:59:58 Currently monitoring 1 HTCondor log file(s)
07/13/20 12:59:58 Reassigning the id of job stage_in_remote_local_1_0 from (33.0.0) to (33.0.0)
07/13/20 12:59:58 Event: ULOG_SUBMIT for HTCondor Node stage_in_remote_local_1_0 (33.0.0) {07/13/20 12:59:52}
07/13/20 12:59:58 Number of idle job procs: 1
07/13/20 12:59:58 Reassigning the id of job stage_in_remote_local_0_0 from (34.0.0) to (34.0.0)
07/13/20 12:59:58 Event: ULOG_SUBMIT for HTCondor Node stage_in_remote_local_0_0 (34.0.0) {07/13/20 12:59:52}
07/13/20 12:59:58 Number of idle job procs: 2
07/13/20 12:59:58 Reassigning the id of job stage_in_local_local_0_0 from (35.0.0) to (35.0.0)
07/13/20 12:59:58 Event: ULOG_SUBMIT for HTCondor Node stage_in_local_local_0_0 (35.0.0) {07/13/20 12:59:53}
07/13/20 12:59:58 Number of idle job procs: 3
07/13/20 12:59:58 Event: ULOG_EXECUTE for HTCondor Node stage_in_remote_local_1_0 (33.0.0) {07/13/20 12:59:55}
07/13/20 12:59:58 Number of idle job procs: 2
07/13/20 12:59:58 Event: ULOG_EXECUTE for HTCondor Node stage_in_remote_local_0_0 (34.0.0) {07/13/20 12:59:55}
07/13/20 12:59:58 Number of idle job procs: 1
07/13/20 12:59:58 Event: ULOG_EXECUTE for HTCondor Node stage_in_local_local_0_0 (35.0.0) {07/13/20 12:59:55}
07/13/20 12:59:58 Number of idle job procs: 0
07/13/20 12:59:58 Event: ULOG_JOB_TERMINATED for HTCondor Node stage_in_remote_local_1_0 (33.0.0) {07/13/20 12:59:57}
07/13/20 12:59:58 Number of idle job procs: 0
07/13/20 12:59:58 Node stage_in_remote_local_1_0 job proc (33.0.0) completed successfully.
07/13/20 12:59:58 Node stage_in_remote_local_1_0 job completed
07/13/20 12:59:58 Running POST script of Node stage_in_remote_local_1_0...
07/13/20 12:59:58 Warning: mysin has length 0 (ignore if produced by DAGMan; see gittrac #4987, #5031)
07/13/20 12:59:58 DAG status: 0 (DAG_STATUS_OK)
07/13/20 12:59:58 Of 19 nodes total:
07/13/20 12:59:58  Done     Pre   Queued    Post   Ready   Un-Ready   Failed
07/13/20 12:59:58   ===     ===      ===     ===     ===        ===      ===
07/13/20 12:59:58     1       0        2       1       0         15        0
07/13/20 12:59:58 0 job proc(s) currently held
07/13/20 12:59:58 DAGMan Runtime Statistics: [ EventCycleTimeStd = 0.07857376263728466; EventCycleTimeMax = 0.1853110790252686; SubmitCycleTimeMin = 0.0003821849822998047; SubmitCycleTimeAvg = 0.04758939743041992; SleepCycleTimeCount = 4.0; SubmitCycleTimeCount = 5.0; SubmitCycleTimeMax = 0.1767430305480957; SleepCycleTimeMin = 5.005358934402466; SubmitCycleTimeSum = 0.2379469871520996; LogProcessCycleTimeStd = 0.01232729479110732; SubmitCycleTimeStd = 0.07662409550342697; LogProcessCycleTimeAvg = 0.01749539375305176; EventCycleTimeMin = 0.01032590866088867; LogProcessCycleTimeMax = 0.02846908569335938; LogProcessCycleTimeMin = 0.004157066345214844; LogProcessCycleTimeSum = 0.05248618125915527; LogProcessCycleTimeCount = 3.0; EventCycleTimeSum = 0.3001642227172852; SleepCycleTimeSum = 20.30280470848083; SleepCycleTimeAvg = 5.075701177120209; SleepCycleTimeStd = 0.1373709913837626; SleepCycleTimeMax = 5.281749963760376; EventCycleTimeCount = 4.0; EventCycleTimeAvg = 0.07504105567932129; ]
07/13/20 12:59:58 Initializing user log writer for /home/scitech/shared-data/Workflow/Workflow3/scitech/pegasus/Even_Odd/run0004/./Even_Odd-0.dag.nodes.log, (33.0.0)
07/13/20 13:00:03 Currently monitoring 1 HTCondor log file(s)
07/13/20 13:00:03 Event: ULOG_POST_SCRIPT_TERMINATED for HTCondor Node stage_in_remote_local_1_0 (33.0.0) {07/13/20 12:59:58}
07/13/20 13:00:03 POST Script of node stage_in_remote_local_1_0 completed successfully.
07/13/20 13:00:03 Event: ULOG_JOB_TERMINATED for HTCondor Node stage_in_local_local_0_0 (35.0.0) {07/13/20 12:59:59}
07/13/20 13:00:03 Number of idle job procs: 0
07/13/20 13:00:03 Node stage_in_local_local_0_0 job proc (35.0.0) completed successfully.
07/13/20 13:00:03 Node stage_in_local_local_0_0 job completed
07/13/20 13:00:03 Running POST script of Node stage_in_local_local_0_0...
07/13/20 13:00:03 Warning: mysin has length 0 (ignore if produced by DAGMan; see gittrac #4987, #5031)
07/13/20 13:00:03 DAG status: 0 (DAG_STATUS_OK)
07/13/20 13:00:03 Of 19 nodes total:
07/13/20 13:00:03  Done     Pre   Queued    Post   Ready   Un-Ready   Failed
07/13/20 13:00:03   ===     ===      ===     ===     ===        ===      ===
07/13/20 13:00:03     2       0        1       1       0         15        0
07/13/20 13:00:03 0 job proc(s) currently held
07/13/20 13:00:03 DAGMan Runtime Statistics: [ EventCycleTimeStd = 0.07047695827673794; EventCycleTimeMax = 0.1853110790252686; SubmitCycleTimeMin = 0.0003821849822998047; SubmitCycleTimeAvg = 0.03973766167958578; SleepCycleTimeCount = 5.0; SubmitCycleTimeCount = 6.0; SubmitCycleTimeMax = 0.1767430305480957; SleepCycleTimeMin = 5.005358934402466; SubmitCycleTimeSum = 0.2384259700775146; LogProcessCycleTimeStd = 0.0101762301467528; SubmitCycleTimeStd = 0.07118216163604615; LogProcessCycleTimeAvg = 0.01674580574035645; EventCycleTimeMin = 0.01032590866088867; LogProcessCycleTimeMax = 0.02846908569335938; LogProcessCycleTimeMin = 0.004157066345214844; LogProcessCycleTimeSum = 0.06698322296142578; LogProcessCycleTimeCount = 4.0; EventCycleTimeSum = 0.3341794013977051; SleepCycleTimeSum = 25.57238364219666; SleepCycleTimeAvg = 5.114476728439331; SleepCycleTimeStd = 0.1472100840833624; SleepCycleTimeMax = 5.281749963760376; EventCycleTimeCount = 5.0; EventCycleTimeAvg = 0.06683588027954102; ]
07/13/20 13:00:03 Initializing user log writer for /home/scitech/shared-data/Workflow/Workflow3/scitech/pegasus/Even_Odd/run0004/./Even_Odd-0.dag.nodes.log, (35.0.0)
07/13/20 13:00:08 Currently monitoring 1 HTCondor log file(s)
07/13/20 13:00:08 Event: ULOG_POST_SCRIPT_TERMINATED for HTCondor Node stage_in_local_local_0_0 (35.0.0) {07/13/20 13:00:03}
07/13/20 13:00:08 POST Script of node stage_in_local_local_0_0 completed successfully.
07/13/20 13:00:08 DAG status: 0 (DAG_STATUS_OK)
07/13/20 13:00:08 Of 19 nodes total:
07/13/20 13:00:08  Done     Pre   Queued    Post   Ready   Un-Ready   Failed
07/13/20 13:00:08   ===     ===      ===     ===     ===        ===      ===
07/13/20 13:00:08     3       0        1       0       0         15        0
07/13/20 13:00:08 0 job proc(s) currently held
07/13/20 13:00:08 DAGMan Runtime Statistics: [ EventCycleTimeStd = 0.06550756075995791; EventCycleTimeMax = 0.1853110790252686; SubmitCycleTimeMin = 0.0003821849822998047; SubmitCycleTimeAvg = 0.03415744645254953; SleepCycleTimeCount = 6.0; SubmitCycleTimeCount = 7.0; SubmitCycleTimeMax = 0.1767430305480957; SleepCycleTimeMin = 5.005358934402466; SubmitCycleTimeSum = 0.2391021251678467; LogProcessCycleTimeStd = 0.01038011463429607; SubmitCycleTimeStd = 0.06663623933849482; LogProcessCycleTimeAvg = 0.01429305076599121; EventCycleTimeMin = 0.01032590866088867; LogProcessCycleTimeMax = 0.02846908569335938; LogProcessCycleTimeMin = 0.004157066345214844; LogProcessCycleTimeSum = 0.07146525382995605; LogProcessCycleTimeCount = 5.0; EventCycleTimeSum = 0.3573594093322754; SleepCycleTimeSum = 30.91869449615479; SleepCycleTimeAvg = 5.153115749359131; SleepCycleTimeStd = 0.1621557606454565; SleepCycleTimeMax = 5.34631085395813; EventCycleTimeCount = 6.0; EventCycleTimeAvg = 0.05955990155537923; ]
07/13/20 13:07:18 Currently monitoring 1 HTCondor log file(s)
07/13/20 13:07:18 Event: ULOG_JOB_TERMINATED for HTCondor Node stage_in_remote_local_0_0 (34.0.0) {07/13/20 13:07:15}
07/13/20 13:07:18 Number of idle job procs: 0
07/13/20 13:07:18 Node stage_in_remote_local_0_0 job proc (34.0.0) failed with status 1.
07/13/20 13:07:18 Node stage_in_remote_local_0_0 job completed
07/13/20 13:07:18 Running POST script of Node stage_in_remote_local_0_0...
07/13/20 13:07:18 Warning: mysin has length 0 (ignore if produced by DAGMan; see gittrac #4987, #5031)
07/13/20 13:07:18 DAG status: 0 (DAG_STATUS_OK)
07/13/20 13:07:18 Of 19 nodes total:
07/13/20 13:07:18  Done     Pre   Queued    Post   Ready   Un-Ready   Failed
07/13/20 13:07:18   ===     ===      ===     ===     ===        ===      ===
07/13/20 13:07:18     3       0        0       1       0         15        0
07/13/20 13:07:18 0 job proc(s) currently held
07/13/20 13:07:18 DAGMan Runtime Statistics: [ EventCycleTimeStd = 0.02111752622301617; EventCycleTimeMax = 0.1853110790252686; SubmitCycleTimeMin = 0.0002369880676269531; SubmitCycleTimeAvg = 0.003005130316621514; SleepCycleTimeCount = 92.0; SubmitCycleTimeCount = 93.0; SubmitCycleTimeMax = 0.1767430305480957; SleepCycleTimeMin = 4.966394901275635; SubmitCycleTimeSum = 0.2794771194458008; LogProcessCycleTimeStd = 0.009341262326401114; SubmitCycleTimeStd = 0.019221645601261; LogProcessCycleTimeAvg = 0.01387238502502441; EventCycleTimeMin = 0.0005540847778320312; LogProcessCycleTimeMax = 0.02846908569335938; LogProcessCycleTimeMin = 0.004157066345214844; LogProcessCycleTimeSum = 0.08323431015014648; LogProcessCycleTimeCount = 6.0; EventCycleTimeSum = 0.473036527633667; SleepCycleTimeSum = 460.9722263813019; SleepCycleTimeAvg = 5.010567678057629; SleepCycleTimeStd = 0.05513642727422236; SleepCycleTimeMax = 5.34631085395813; EventCycleTimeCount = 92.0; EventCycleTimeAvg = 0.005141701387322467; ]
07/13/20 13:07:19 Initializing user log writer for /home/scitech/shared-data/Workflow/Workflow3/scitech/pegasus/Even_Odd/run0004/./Even_Odd-0.dag.nodes.log, (34.0.0)
07/13/20 13:07:23 Currently monitoring 1 HTCondor log file(s)
07/13/20 13:07:23 Event: ULOG_POST_SCRIPT_TERMINATED for HTCondor Node stage_in_remote_local_0_0 (34.0.0) {07/13/20 13:07:19}
07/13/20 13:07:23 POST Script of node stage_in_remote_local_0_0 failed with status 1
07/13/20 13:07:23 POST for Node stage_in_remote_local_0_0 returned 1
07/13/20 13:07:23 Retrying node stage_in_remote_local_0_0 (retry #1 of 1)...
07/13/20 13:07:23 DAG status: 0 (DAG_STATUS_OK)
07/13/20 13:07:23 Of 19 nodes total:
07/13/20 13:07:23  Done     Pre   Queued    Post   Ready   Un-Ready   Failed
07/13/20 13:07:23   ===     ===      ===     ===     ===        ===      ===
07/13/20 13:07:23     3       0        0       0       1         15        0
07/13/20 13:07:23 0 job proc(s) currently held
07/13/20 13:07:23 DAGMan Runtime Statistics: [ EventCycleTimeStd = 0.02110434949553754; EventCycleTimeMax = 0.1853110790252686; SubmitCycleTimeMin = 0.0002369880676269531; SubmitCycleTimeAvg = 0.002976534214425594; SleepCycleTimeCount = 93.0; SubmitCycleTimeCount = 94.0; SubmitCycleTimeMax = 0.1767430305480957; SleepCycleTimeMin = 4.246184110641479; SubmitCycleTimeSum = 0.2797942161560059; LogProcessCycleTimeStd = 0.009441101859011786; SubmitCycleTimeStd = 0.01912003434515444; LogProcessCycleTimeAvg = 0.01234088625226702; EventCycleTimeMin = 0.0005540847778320312; LogProcessCycleTimeMax = 0.02846908569335938; LogProcessCycleTimeMin = 0.003151893615722656; LogProcessCycleTimeSum = 0.08638620376586914; LogProcessCycleTimeCount = 7.0; EventCycleTimeSum = 0.4981546401977539; SleepCycleTimeSum = 465.2184104919434; SleepCycleTimeAvg = 5.00234849991337; SleepCycleTimeStd = 0.09638250135290703; SleepCycleTimeMax = 5.34631085395813; EventCycleTimeCount = 93.0; EventCycleTimeAvg = 0.00535650150750273; ]
07/13/20 13:07:28 Reassigning the id of job stage_in_remote_local_0_0 from (34.0.0) to (-1.-1.-1)
07/13/20 13:07:28 Submitting HTCondor Node stage_in_remote_local_0_0 job(s)...
07/13/20 13:07:28 Adding a DAGMan workflow log /home/scitech/shared-data/Workflow/Workflow3/scitech/pegasus/Even_Odd/run0004/./Even_Odd-0.dag.nodes.log
07/13/20 13:07:28 Masking the events recorded in the DAGMAN workflow log
07/13/20 13:07:28 Mask for workflow log is 0,1,2,4,5,7,9,10,11,12,13,16,17,24,27,35,36
07/13/20 13:07:28 submitting: /usr/bin/condor_submit -a dag_node_name' '=' 'stage_in_remote_local_0_0 -a +DAGManJobId' '=' '30 -a DAGManJobId' '=' '30 -batch-name Even_Odd-0.dag+30 -a submit_event_notes' '=' 'DAG' 'Node:' 'stage_in_remote_local_0_0 -a dagman_log' '=' '/home/scitech/shared-data/Workflow/Workflow3/scitech/pegasus/Even_Odd/run0004/./Even_Odd-0.dag.nodes.log -a +DAGManNodesMask' '=' '"0,1,2,4,5,7,9,10,11,12,13,16,17,24,27,35,36" -a priority=700 -a +DAGNodeRetry' '=' '1 -a DAG_STATUS' '=' '0 -a FAILED_COUNT' '=' '0 -a +KeepClaimIdle' '=' '20 -a notification' '=' 'never -a +DAGParentNodeNames' '=' '"create_dir_Even_Odd_0_local" 00/00/stage_in_remote_local_0_0.sub
07/13/20 13:07:28 From submit: Submitting job(s).
07/13/20 13:07:28 From submit: 1 job(s) submitted to cluster 55.
07/13/20 13:07:28 	assigned HTCondor ID (55.0.0)
07/13/20 13:07:28 Just submitted 1 job this cycle...
07/13/20 13:07:28 DAG status: 0 (DAG_STATUS_OK)
07/13/20 13:07:28 Of 19 nodes total:
07/13/20 13:07:28  Done     Pre   Queued    Post   Ready   Un-Ready   Failed
07/13/20 13:07:28   ===     ===      ===     ===     ===        ===      ===
07/13/20 13:07:28     3       0        1       0       0         15        0
07/13/20 13:07:28 0 job proc(s) currently held
07/13/20 13:07:28 DAGMan Runtime Statistics: [ EventCycleTimeStd = 0.02099102167156419; EventCycleTimeMax = 0.1853110790252686; SubmitCycleTimeMin = 0.0002369880676269531; SubmitCycleTimeAvg = 0.003573643533807052; SleepCycleTimeCount = 94.0; SubmitCycleTimeCount = 95.0; SubmitCycleTimeMax = 0.1767430305480957; SleepCycleTimeMin = 4.246184110641479; SubmitCycleTimeSum = 0.3394961357116699; LogProcessCycleTimeStd = 0.009441101859011786; SubmitCycleTimeStd = 0.01988863661136749; LogProcessCycleTimeAvg = 0.01234088625226702; EventCycleTimeMin = 0.0005540847778320312; LogProcessCycleTimeMax = 0.02846908569335938; LogProcessCycleTimeMin = 0.003151893615722656; LogProcessCycleTimeSum = 0.08638620376586914; LogProcessCycleTimeCount = 7.0; EventCycleTimeSum = 0.504833459854126; SleepCycleTimeSum = 470.1891584396362; SleepCycleTimeAvg = 5.002012323825918; SleepCycleTimeStd = 0.09591830841632348; SleepCycleTimeMax = 5.34631085395813; EventCycleTimeCount = 94.0; EventCycleTimeAvg = 0.005370568721852404; ]
07/13/20 13:07:33 Currently monitoring 1 HTCondor log file(s)
07/13/20 13:07:33 Reassigning the id of job stage_in_remote_local_0_0 from (55.0.0) to (55.0.0)
07/13/20 13:07:33 Event: ULOG_SUBMIT for HTCondor Node stage_in_remote_local_0_0 (55.0.0) {07/13/20 13:07:28}
07/13/20 13:07:33 Number of idle job procs: 1
07/13/20 13:07:33 Event: ULOG_EXECUTE for HTCondor Node stage_in_remote_local_0_0 (55.0.0) {07/13/20 13:07:28}
07/13/20 13:07:33 Number of idle job procs: 0
07/13/20 13:14:48 Currently monitoring 1 HTCondor log file(s)
07/13/20 13:14:48 Event: ULOG_JOB_TERMINATED for HTCondor Node stage_in_remote_local_0_0 (55.0.0) {07/13/20 13:14:47}
07/13/20 13:14:48 Number of idle job procs: 0
07/13/20 13:14:48 Node stage_in_remote_local_0_0 job proc (55.0.0) failed with status 1.
07/13/20 13:14:48 Node stage_in_remote_local_0_0 job completed
07/13/20 13:14:48 Running POST script of Node stage_in_remote_local_0_0...
07/13/20 13:14:48 Warning: mysin has length 0 (ignore if produced by DAGMan; see gittrac #4987, #5031)
07/13/20 13:14:48 DAG status: 0 (DAG_STATUS_OK)
07/13/20 13:14:48 Of 19 nodes total:
07/13/20 13:14:48  Done     Pre   Queued    Post   Ready   Un-Ready   Failed
07/13/20 13:14:48   ===     ===      ===     ===     ===        ===      ===
07/13/20 13:14:48     3       0        0       1       0         15        0
07/13/20 13:14:48 0 job proc(s) currently held
07/13/20 13:14:48 DAGMan Runtime Statistics: [ EventCycleTimeStd = 0.01588093948519719; EventCycleTimeMax = 0.1853110790252686; SubmitCycleTimeMin = 0.0002079010009765625; SubmitCycleTimeAvg = 0.002115538862885022; SleepCycleTimeCount = 182.0; SubmitCycleTimeCount = 183.0; SubmitCycleTimeMax = 0.1767430305480957; SleepCycleTimeMin = 4.246184110641479; SubmitCycleTimeSum = 0.387143611907959; LogProcessCycleTimeStd = 0.008436863683174173; SubmitCycleTimeStd = 0.01438510170446715; LogProcessCycleTimeAvg = 0.01171546512179904; EventCycleTimeMin = 0.0005419254302978516; LogProcessCycleTimeMax = 0.02846908569335938; LogProcessCycleTimeMin = 0.003151893615722656; LogProcessCycleTimeSum = 0.1054391860961914; LogProcessCycleTimeCount = 9.0; EventCycleTimeSum = 0.6799178123474121; SleepCycleTimeSum = 910.2150981426239; SleepCycleTimeAvg = 5.001181857926505; SleepCycleTimeStd = 0.06938226971714469; SleepCycleTimeMax = 5.34631085395813; EventCycleTimeCount = 182.0; EventCycleTimeAvg = 0.003735812155755012; ]
07/13/20 13:14:48 Initializing user log writer for /home/scitech/shared-data/Workflow/Workflow3/scitech/pegasus/Even_Odd/run0004/./Even_Odd-0.dag.nodes.log, (55.0.0)
07/13/20 13:14:53 Currently monitoring 1 HTCondor log file(s)
07/13/20 13:14:53 Event: ULOG_POST_SCRIPT_TERMINATED for HTCondor Node stage_in_remote_local_0_0 (55.0.0) {07/13/20 13:14:48}
07/13/20 13:14:53 POST Script of node stage_in_remote_local_0_0 failed with status 1
07/13/20 13:14:53 POST for Node stage_in_remote_local_0_0 returned 1
07/13/20 13:14:53 DAG status: 2 (DAG_STATUS_NODE_FAILED)
07/13/20 13:14:53 Of 19 nodes total:
07/13/20 13:14:53  Done     Pre   Queued    Post   Ready   Un-Ready   Failed
07/13/20 13:14:53   ===     ===      ===     ===     ===        ===      ===
07/13/20 13:14:53     3       0        0       0       0         15        1
07/13/20 13:14:53 0 job proc(s) currently held
07/13/20 13:14:53 DAGMan Runtime Statistics: [ EventCycleTimeStd = 0.01590769320305157; EventCycleTimeMax = 0.1853110790252686; SubmitCycleTimeMin = 0.0002079010009765625; SubmitCycleTimeAvg = 0.002107063065404477; SleepCycleTimeCount = 183.0; SubmitCycleTimeCount = 184.0; SubmitCycleTimeMax = 0.1767430305480957; SleepCycleTimeMin = 4.246184110641479; SubmitCycleTimeSum = 0.3876996040344238; LogProcessCycleTimeStd = 0.008359660734635755; SubmitCycleTimeStd = 0.0143462050080487; LogProcessCycleTimeAvg = 0.01090230941772461; EventCycleTimeMin = 0.0005419254302978516; LogProcessCycleTimeMax = 0.02846908569335938; LogProcessCycleTimeMin = 0.003151893615722656; LogProcessCycleTimeSum = 0.1090230941772461; LogProcessCycleTimeCount = 10.0; EventCycleTimeSum = 0.7038829326629639; SleepCycleTimeSum = 915.3884091377258; SleepCycleTimeAvg = 5.002122454304513; SleepCycleTimeStd = 0.07035164104438626; SleepCycleTimeMax = 5.34631085395813; EventCycleTimeCount = 183.0; EventCycleTimeAvg = 0.003846354823294885; ]
07/13/20 13:14:53 ERROR: the following job(s) failed:
07/13/20 13:14:53 ---------------------- Job ----------------------
07/13/20 13:14:53       Node Name: stage_in_remote_local_0_0
07/13/20 13:14:53            Noop: false
07/13/20 13:14:53          NodeID: 2
07/13/20 13:14:53     Node Status: STATUS_ERROR    
07/13/20 13:14:53 Node return val: 1
07/13/20 13:14:53           Error: Job exited with status 1 and POST Script failed with status 1 (after 1 node retries)
07/13/20 13:14:53 Job Submit File: 00/00/stage_in_remote_local_0_0.sub
07/13/20 13:14:53     POST Script: /home/scitech/pegasus/dist/pegasus-5.0.0dev/bin/pegasus-exitcode  -l Even_Odd-0.exitcode.log -M Even_Odd-0.cache.meta  .//00/00/stage_in_remote_local_0_0.out
07/13/20 13:14:53           Retry: 1
07/13/20 13:14:53  HTCondor Job ID: (55.0.0)
07/13/20 13:14:53       Q_PARENTS: create_dir_Even_Odd_0_local, <END>
07/13/20 13:14:53       Q_WAITING: <END>
07/13/20 13:14:53      Q_CHILDREN: separate_py_ID0000001, <END>
07/13/20 13:14:53 ---------------------------------------	<END>
07/13/20 13:14:53 Aborting DAG...
07/13/20 13:14:53 Writing Rescue DAG to Even_Odd-0.dag.rescue001...
07/13/20 13:14:53 Removing submitted jobs...
07/13/20 13:14:53 Removing any/all submitted HTCondor jobs...
07/13/20 13:14:53 Running: /usr/bin/condor_rm -const DAGManJobId' '=?=' '30
07/13/20 13:14:53 Note: 0 total job deferrals because of -MaxJobs limit (0)
07/13/20 13:14:53 Note: 0 total job deferrals because of -MaxIdle limit (1000)
07/13/20 13:14:53 Note: 0 total job deferrals because of node category throttles
07/13/20 13:14:53 Note: 0 total PRE script deferrals because of -MaxPre limit (20) or DEFER
07/13/20 13:14:53 Note: 0 total POST script deferrals because of -MaxPost limit (20) or DEFER
07/13/20 13:14:53 DAG status: 2 (DAG_STATUS_NODE_FAILED)
07/13/20 13:14:53 Of 19 nodes total:
07/13/20 13:14:53  Done     Pre   Queued    Post   Ready   Un-Ready   Failed
07/13/20 13:14:53   ===     ===      ===     ===     ===        ===      ===
07/13/20 13:14:53     3       0        0       0       0         15        1
07/13/20 13:14:53 0 job proc(s) currently held
07/13/20 13:14:53 DAGMan Runtime Statistics: [ EventCycleTimeStd = 0.01590769320305157; EventCycleTimeMax = 0.1853110790252686; SubmitCycleTimeMin = 0.0002079010009765625; SubmitCycleTimeAvg = 0.002107063065404477; SleepCycleTimeCount = 183.0; SubmitCycleTimeCount = 184.0; SubmitCycleTimeMax = 0.1767430305480957; SleepCycleTimeMin = 4.246184110641479; SubmitCycleTimeSum = 0.3876996040344238; LogProcessCycleTimeStd = 0.008359660734635755; SubmitCycleTimeStd = 0.0143462050080487; LogProcessCycleTimeAvg = 0.01090230941772461; EventCycleTimeMin = 0.0005419254302978516; LogProcessCycleTimeMax = 0.02846908569335938; LogProcessCycleTimeMin = 0.003151893615722656; LogProcessCycleTimeSum = 0.1090230941772461; LogProcessCycleTimeCount = 10.0; EventCycleTimeSum = 0.7038829326629639; SleepCycleTimeSum = 915.3884091377258; SleepCycleTimeAvg = 5.002122454304513; SleepCycleTimeStd = 0.07035164104438626; SleepCycleTimeMax = 5.34631085395813; EventCycleTimeCount = 183.0; EventCycleTimeAvg = 0.003846354823294885; ]
07/13/20 13:14:53 Wrote metrics file Even_Odd-0.dag.metrics.
07/13/20 13:14:53 Reporting metrics to Pegasus metrics server(s); output is in Even_Odd-0.dag.metrics.out.
07/13/20 13:14:53 Running command </usr/libexec/condor/condor_dagman_metrics_reporter -f Even_Odd-0.dag.metrics -t 100>
07/13/20 13:14:53 Warning: mysin has length 0 (ignore if produced by DAGMan; see gittrac #4987, #5031)
07/13/20 13:14:53 DAGMan Runtime Statistics: [ EventCycleTimeStd = 0.01590769320305157; EventCycleTimeMax = 0.1853110790252686; SubmitCycleTimeMin = 0.0002079010009765625; SubmitCycleTimeAvg = 0.002107063065404477; SleepCycleTimeCount = 183.0; SubmitCycleTimeCount = 184.0; SubmitCycleTimeMax = 0.1767430305480957; SleepCycleTimeMin = 4.246184110641479; SubmitCycleTimeSum = 0.3876996040344238; LogProcessCycleTimeStd = 0.008359660734635755; SubmitCycleTimeStd = 0.0143462050080487; LogProcessCycleTimeAvg = 0.01090230941772461; EventCycleTimeMin = 0.0005419254302978516; LogProcessCycleTimeMax = 0.02846908569335938; LogProcessCycleTimeMin = 0.003151893615722656; LogProcessCycleTimeSum = 0.1090230941772461; LogProcessCycleTimeCount = 10.0; EventCycleTimeSum = 0.7038829326629639; SleepCycleTimeSum = 915.3884091377258; SleepCycleTimeAvg = 5.002122454304513; SleepCycleTimeStd = 0.07035164104438626; SleepCycleTimeMax = 5.34631085395813; EventCycleTimeCount = 183.0; EventCycleTimeAvg = 0.003846354823294885; ]
07/13/20 13:14:53 **** condor_scheduniv_exec.30.0 (condor_DAGMAN) pid 40614 EXITING WITH STATUS 1
