08/03/20 11:22:13 ******************************************************
08/03/20 11:22:13 ** condor_scheduniv_exec.76.0 (CONDOR_DAGMAN) STARTING UP
08/03/20 11:22:13 ** /usr/bin/condor_dagman
08/03/20 11:22:13 ** SubsystemInfo: name=DAGMAN type=DAGMAN(10) class=DAEMON(1)
08/03/20 11:22:13 ** Configuration: subsystem:DAGMAN local:<NONE> class:DAEMON
08/03/20 11:22:13 ** $CondorVersion: 8.8.9 May 06 2020 BuildID: 503068 PackageID: 8.8.9-1 $
08/03/20 11:22:13 ** $CondorPlatform: x86_64_CentOS7 $
08/03/20 11:22:13 ** PID = 89579
08/03/20 11:22:13 ** Log last touched time unavailable (No such file or directory)
08/03/20 11:22:13 ******************************************************
08/03/20 11:22:13 Using config source: /etc/condor/condor_config
08/03/20 11:22:13 Using local config sources: 
08/03/20 11:22:13    /etc/condor/config.d/00-minicondor
08/03/20 11:22:13    /etc/condor/condor_config.local
08/03/20 11:22:13 config Macros = 81, Sorted = 81, StringBytes = 2248, TablesBytes = 2964
08/03/20 11:22:13 CLASSAD_CACHING is ENABLED
08/03/20 11:22:13 Daemon Log is logging: D_ALWAYS D_ERROR
08/03/20 11:22:13 DaemonCore: No command port requested.
08/03/20 11:22:13 DAGMAN_USE_STRICT setting: 1
08/03/20 11:22:13 DAGMAN_VERBOSITY setting: 3
08/03/20 11:22:13 DAGMAN_DEBUG_CACHE_SIZE setting: 5242880
08/03/20 11:22:13 DAGMAN_DEBUG_CACHE_ENABLE setting: False
08/03/20 11:22:13 DAGMAN_SUBMIT_DELAY setting: 0
08/03/20 11:22:13 DAGMAN_MAX_SUBMIT_ATTEMPTS setting: 6
08/03/20 11:22:13 DAGMAN_STARTUP_CYCLE_DETECT setting: False
08/03/20 11:22:13 DAGMAN_MAX_SUBMITS_PER_INTERVAL setting: 100
08/03/20 11:22:13 DAGMAN_AGGRESSIVE_SUBMIT setting: False
08/03/20 11:22:13 DAGMAN_USER_LOG_SCAN_INTERVAL setting: 5
08/03/20 11:22:13 DAGMAN_QUEUE_UPDATE_INTERVAL setting: 300
08/03/20 11:22:13 DAGMAN_DEFAULT_PRIORITY setting: 0
08/03/20 11:22:13 DAGMAN_SUPPRESS_NOTIFICATION setting: True
08/03/20 11:22:13 allow_events (DAGMAN_ALLOW_EVENTS) setting: 114
08/03/20 11:22:13 DAGMAN_RETRY_SUBMIT_FIRST setting: True
08/03/20 11:22:13 DAGMAN_RETRY_NODE_FIRST setting: False
08/03/20 11:22:13 DAGMAN_MAX_JOBS_IDLE setting: 1000
08/03/20 11:22:13 DAGMAN_MAX_JOBS_SUBMITTED setting: 0
08/03/20 11:22:13 DAGMAN_MAX_PRE_SCRIPTS setting: 20
08/03/20 11:22:13 DAGMAN_MAX_POST_SCRIPTS setting: 20
08/03/20 11:22:13 DAGMAN_MUNGE_NODE_NAMES setting: True
08/03/20 11:22:13 DAGMAN_PROHIBIT_MULTI_JOBS setting: False
08/03/20 11:22:13 DAGMAN_SUBMIT_DEPTH_FIRST setting: False
08/03/20 11:22:13 DAGMAN_ALWAYS_RUN_POST setting: False
08/03/20 11:22:13 DAGMAN_CONDOR_SUBMIT_EXE setting: /usr/bin/condor_submit
08/03/20 11:22:13 DAGMAN_USE_CONDOR_SUBMIT setting: True
08/03/20 11:22:13 DAGMAN_ABORT_DUPLICATES setting: True
08/03/20 11:22:13 DAGMAN_ABORT_ON_SCARY_SUBMIT setting: True
08/03/20 11:22:13 DAGMAN_PENDING_REPORT_INTERVAL setting: 600
08/03/20 11:22:13 DAGMAN_AUTO_RESCUE setting: True
08/03/20 11:22:13 DAGMAN_MAX_RESCUE_NUM setting: 100
08/03/20 11:22:13 DAGMAN_WRITE_PARTIAL_RESCUE setting: True
08/03/20 11:22:13 DAGMAN_DEFAULT_NODE_LOG setting: @(DAG_DIR)/@(DAG_FILE).nodes.log
08/03/20 11:22:13 DAGMAN_GENERATE_SUBDAG_SUBMITS setting: True
08/03/20 11:22:13 DAGMAN_MAX_JOB_HOLDS setting: 100
08/03/20 11:22:13 DAGMAN_HOLD_CLAIM_TIME setting: 20
08/03/20 11:22:13 ALL_DEBUG setting: 
08/03/20 11:22:13 DAGMAN_DEBUG setting: 
08/03/20 11:22:13 DAGMAN_SUPPRESS_JOB_LOGS setting: False
08/03/20 11:22:13 DAGMAN_REMOVE_NODE_JOBS setting: True
08/03/20 11:22:13 argv[0] == "condor_scheduniv_exec.76.0"
08/03/20 11:22:13 argv[1] == "-Lockfile"
08/03/20 11:22:13 argv[2] == "Cats_and_Dogs-0.dag.lock"
08/03/20 11:22:13 argv[3] == "-AutoRescue"
08/03/20 11:22:13 argv[4] == "1"
08/03/20 11:22:13 argv[5] == "-DoRescueFrom"
08/03/20 11:22:13 argv[6] == "0"
08/03/20 11:22:13 argv[7] == "-Dag"
08/03/20 11:22:13 argv[8] == "Cats_and_Dogs-0.dag"
08/03/20 11:22:13 argv[9] == "-MaxPost"
08/03/20 11:22:13 argv[10] == "20"
08/03/20 11:22:13 argv[11] == "-Suppress_notification"
08/03/20 11:22:13 argv[12] == "-CsdVersion"
08/03/20 11:22:13 argv[13] == "$CondorVersion: 8.8.9 May 06 2020 BuildID: 503068 PackageID: 8.8.9-1 $"
08/03/20 11:22:13 argv[14] == "-Dagman"
08/03/20 11:22:13 argv[15] == "/bin/condor_dagman"
08/03/20 11:22:13 Workflow batch-name: <Cats_and_Dogs-0.dag+76>
08/03/20 11:22:13 Workflow accounting_group: <>
08/03/20 11:22:13 Workflow accounting_group_user: <>
08/03/20 11:22:13 Warning: failed to get attribute DAGNodeName
08/03/20 11:22:13 DAGMAN_LOG_ON_NFS_IS_ERROR setting: False
08/03/20 11:22:13 Default node log file is: </home/scitech/shared-data/CatsAndDogs/scitech/pegasus/Cats_and_Dogs/run0010/./Cats_and_Dogs-0.dag.nodes.log>
08/03/20 11:22:13 DAG Lockfile will be written to Cats_and_Dogs-0.dag.lock
08/03/20 11:22:13 DAG Input file is Cats_and_Dogs-0.dag
08/03/20 11:22:13 Parsing 1 dagfiles
08/03/20 11:22:13 Parsing Cats_and_Dogs-0.dag ...
08/03/20 11:22:13 Warning:  could not open Pegasus braindump file braindump.txt
08/03/20 11:22:13 Dag contains 14 total jobs
08/03/20 11:22:13 Sleeping for 3 seconds to ensure ProcessId uniqueness
08/03/20 11:22:16 Bootstrapping...
08/03/20 11:22:16 Number of pre-completed nodes: 0
08/03/20 11:22:16 MultiLogFiles: truncating log file /home/scitech/shared-data/CatsAndDogs/scitech/pegasus/Cats_and_Dogs/run0010/./Cats_and_Dogs-0.dag.nodes.log
08/03/20 11:22:16 DAG status: 0 (DAG_STATUS_OK)
08/03/20 11:22:16 Of 14 nodes total:
08/03/20 11:22:16  Done     Pre   Queued    Post   Ready   Un-Ready   Failed
08/03/20 11:22:16   ===     ===      ===     ===     ===        ===      ===
08/03/20 11:22:16     0       0        0       0       1         13        0
08/03/20 11:22:16 0 job proc(s) currently held
08/03/20 11:22:16 DAGMan Runtime Statistics: [ EventCycleTimeSum = 0.0; EventCycleTimeCount = 0.0; SleepCycleTimeCount = 0.0; SubmitCycleTimeSum = 0.0; SubmitCycleTimeCount = 0.0; LogProcessCycleTimeSum = 0.0; SleepCycleTimeSum = 0.0; LogProcessCycleTimeCount = 0.0; ]
08/03/20 11:22:16 Registering condor_event_timer...
08/03/20 11:22:17 Submitting HTCondor Node create_dir_Cats_and_Dogs_0_local job(s)...
08/03/20 11:22:17 Adding a DAGMan workflow log /home/scitech/shared-data/CatsAndDogs/scitech/pegasus/Cats_and_Dogs/run0010/./Cats_and_Dogs-0.dag.nodes.log
08/03/20 11:22:17 Masking the events recorded in the DAGMAN workflow log
08/03/20 11:22:17 Mask for workflow log is 0,1,2,4,5,7,9,10,11,12,13,16,17,24,27,35,36
08/03/20 11:22:17 submitting: /usr/bin/condor_submit -a dag_node_name' '=' 'create_dir_Cats_and_Dogs_0_local -a +DAGManJobId' '=' '76 -a DAGManJobId' '=' '76 -batch-name Cats_and_Dogs-0.dag+76 -a submit_event_notes' '=' 'DAG' 'Node:' 'create_dir_Cats_and_Dogs_0_local -a dagman_log' '=' '/home/scitech/shared-data/CatsAndDogs/scitech/pegasus/Cats_and_Dogs/run0010/./Cats_and_Dogs-0.dag.nodes.log -a +DAGManNodesMask' '=' '"0,1,2,4,5,7,9,10,11,12,13,16,17,24,27,35,36" -a priority=800 -a +DAGNodeRetry' '=' '0 -a DAG_STATUS' '=' '0 -a FAILED_COUNT' '=' '0 -a +KeepClaimIdle' '=' '20 -a notification' '=' 'never -a +DAGParentNodeNames' '=' '"" 00/00/create_dir_Cats_and_Dogs_0_local.sub
08/03/20 11:22:17 From submit: Submitting job(s).
08/03/20 11:22:17 From submit: 1 job(s) submitted to cluster 77.
08/03/20 11:22:17 	assigned HTCondor ID (77.0.0)
08/03/20 11:22:17 Just submitted 1 job this cycle...
08/03/20 11:22:17 DAG status: 0 (DAG_STATUS_OK)
08/03/20 11:22:17 Of 14 nodes total:
08/03/20 11:22:17  Done     Pre   Queued    Post   Ready   Un-Ready   Failed
08/03/20 11:22:17   ===     ===      ===     ===     ===        ===      ===
08/03/20 11:22:17     0       0        1       0       0         13        0
08/03/20 11:22:17 0 job proc(s) currently held
08/03/20 11:22:17 DAGMan Runtime Statistics: [ EventCycleTimeCount = 0.0; EventCycleTimeSum = 0.0; LogProcessCycleTimeCount = 0.0; SleepCycleTimeSum = 0.0; LogProcessCycleTimeSum = 0.0; SubmitCycleTimeCount = 1.0; SubmitCycleTimeMax = 0.05095410346984863; SubmitCycleTimeMin = 0.05095410346984863; SubmitCycleTimeAvg = 0.05095410346984863; SubmitCycleTimeStd = 0.05095410346984863; SubmitCycleTimeSum = 0.05095410346984863; SleepCycleTimeCount = 0.0; ]
08/03/20 11:22:22 Currently monitoring 1 HTCondor log file(s)
08/03/20 11:22:22 Reassigning the id of job create_dir_Cats_and_Dogs_0_local from (77.0.0) to (77.0.0)
08/03/20 11:22:22 Event: ULOG_SUBMIT for HTCondor Node create_dir_Cats_and_Dogs_0_local (77.0.0) {08/03/20 11:22:17}
08/03/20 11:22:22 Number of idle job procs: 1
08/03/20 11:22:22 Event: ULOG_EXECUTE for HTCondor Node create_dir_Cats_and_Dogs_0_local (77.0.0) {08/03/20 11:22:18}
08/03/20 11:22:22 Number of idle job procs: 0
08/03/20 11:22:22 Event: ULOG_JOB_TERMINATED for HTCondor Node create_dir_Cats_and_Dogs_0_local (77.0.0) {08/03/20 11:22:21}
08/03/20 11:22:22 Number of idle job procs: 0
08/03/20 11:22:22 Node create_dir_Cats_and_Dogs_0_local job proc (77.0.0) completed successfully.
08/03/20 11:22:22 Node create_dir_Cats_and_Dogs_0_local job completed
08/03/20 11:22:22 Running POST script of Node create_dir_Cats_and_Dogs_0_local...
08/03/20 11:22:22 Warning: mysin has length 0 (ignore if produced by DAGMan; see gittrac #4987, #5031)
08/03/20 11:22:22 DAG status: 0 (DAG_STATUS_OK)
08/03/20 11:22:22 Of 14 nodes total:
08/03/20 11:22:22  Done     Pre   Queued    Post   Ready   Un-Ready   Failed
08/03/20 11:22:22   ===     ===      ===     ===     ===        ===      ===
08/03/20 11:22:22     0       0        0       1       0         13        0
08/03/20 11:22:22 0 job proc(s) currently held
08/03/20 11:22:22 DAGMan Runtime Statistics: [ EventCycleTimeStd = 0.05691885948181152; EventCycleTimeMax = 0.05691885948181152; SubmitCycleTimeMin = 0.0006418228149414062; SubmitCycleTimeAvg = 0.02579796314239502; SleepCycleTimeCount = 1.0; SubmitCycleTimeCount = 2.0; SubmitCycleTimeMax = 0.05095410346984863; SleepCycleTimeMin = 4.976066112518311; SubmitCycleTimeSum = 0.05159592628479004; LogProcessCycleTimeStd = 0.01578307151794434; SubmitCycleTimeStd = 0.03557615482804565; LogProcessCycleTimeAvg = 0.01578307151794434; EventCycleTimeMin = 0.05691885948181152; LogProcessCycleTimeMax = 0.01578307151794434; LogProcessCycleTimeMin = 0.01578307151794434; LogProcessCycleTimeSum = 0.01578307151794434; LogProcessCycleTimeCount = 1.0; EventCycleTimeSum = 0.05691885948181152; SleepCycleTimeSum = 4.976066112518311; SleepCycleTimeAvg = 4.976066112518311; SleepCycleTimeStd = 4.976066112518311; SleepCycleTimeMax = 4.976066112518311; EventCycleTimeCount = 1.0; EventCycleTimeAvg = 0.05691885948181152; ]
08/03/20 11:22:22 Initializing user log writer for /home/scitech/shared-data/CatsAndDogs/scitech/pegasus/Cats_and_Dogs/run0010/./Cats_and_Dogs-0.dag.nodes.log, (77.0.0)
08/03/20 11:22:27 Currently monitoring 1 HTCondor log file(s)
08/03/20 11:22:27 Event: ULOG_POST_SCRIPT_TERMINATED for HTCondor Node create_dir_Cats_and_Dogs_0_local (77.0.0) {08/03/20 11:22:22}
08/03/20 11:22:27 POST Script of node create_dir_Cats_and_Dogs_0_local completed successfully.
08/03/20 11:22:27 DAG status: 0 (DAG_STATUS_OK)
08/03/20 11:22:27 Of 14 nodes total:
08/03/20 11:22:27  Done     Pre   Queued    Post   Ready   Un-Ready   Failed
08/03/20 11:22:27   ===     ===      ===     ===     ===        ===      ===
08/03/20 11:22:27     1       0        0       0       3         10        0
08/03/20 11:22:27 0 job proc(s) currently held
08/03/20 11:22:27 DAGMan Runtime Statistics: [ EventCycleTimeStd = 0.02496003803772762; EventCycleTimeMax = 0.05691885948181152; SubmitCycleTimeMin = 0.0006418228149414062; SubmitCycleTimeAvg = 0.01745700836181641; SleepCycleTimeCount = 2.0; SubmitCycleTimeCount = 3.0; SubmitCycleTimeMax = 0.05095410346984863; SleepCycleTimeMin = 4.976066112518311; SubmitCycleTimeSum = 0.05237102508544922; LogProcessCycleTimeStd = 0.007196995851720265; SubmitCycleTimeStd = 0.02900941185425016; LogProcessCycleTimeAvg = 0.01069402694702148; EventCycleTimeMin = 0.02162003517150879; LogProcessCycleTimeMax = 0.01578307151794434; LogProcessCycleTimeMin = 0.005604982376098633; LogProcessCycleTimeSum = 0.02138805389404297; LogProcessCycleTimeCount = 2.0; EventCycleTimeSum = 0.07853889465332031; SleepCycleTimeSum = 10.19330096244812; SleepCycleTimeAvg = 5.09665048122406; SleepCycleTimeStd = 0.1705320496338688; SleepCycleTimeMax = 5.21723484992981; EventCycleTimeCount = 2.0; EventCycleTimeAvg = 0.03926944732666016; ]
08/03/20 11:22:32 Submitting HTCondor Node stage_in_remote_local_1_0 job(s)...
08/03/20 11:22:32 Adding a DAGMan workflow log /home/scitech/shared-data/CatsAndDogs/scitech/pegasus/Cats_and_Dogs/run0010/./Cats_and_Dogs-0.dag.nodes.log
08/03/20 11:22:32 Masking the events recorded in the DAGMAN workflow log
08/03/20 11:22:32 Mask for workflow log is 0,1,2,4,5,7,9,10,11,12,13,16,17,24,27,35,36
08/03/20 11:22:32 submitting: /usr/bin/condor_submit -a dag_node_name' '=' 'stage_in_remote_local_1_0 -a +DAGManJobId' '=' '76 -a DAGManJobId' '=' '76 -batch-name Cats_and_Dogs-0.dag+76 -a submit_event_notes' '=' 'DAG' 'Node:' 'stage_in_remote_local_1_0 -a dagman_log' '=' '/home/scitech/shared-data/CatsAndDogs/scitech/pegasus/Cats_and_Dogs/run0010/./Cats_and_Dogs-0.dag.nodes.log -a +DAGManNodesMask' '=' '"0,1,2,4,5,7,9,10,11,12,13,16,17,24,27,35,36" -a priority=700 -a +DAGNodeRetry' '=' '0 -a DAG_STATUS' '=' '0 -a FAILED_COUNT' '=' '0 -a +KeepClaimIdle' '=' '20 -a notification' '=' 'never -a +DAGParentNodeNames' '=' '"create_dir_Cats_and_Dogs_0_local" 00/00/stage_in_remote_local_1_0.sub
08/03/20 11:22:32 From submit: Submitting job(s).
08/03/20 11:22:32 From submit: 1 job(s) submitted to cluster 78.
08/03/20 11:22:32 	assigned HTCondor ID (78.0.0)
08/03/20 11:22:32 Submitting HTCondor Node stage_in_remote_local_0_0 job(s)...
08/03/20 11:22:32 Adding a DAGMan workflow log /home/scitech/shared-data/CatsAndDogs/scitech/pegasus/Cats_and_Dogs/run0010/./Cats_and_Dogs-0.dag.nodes.log
08/03/20 11:22:32 Masking the events recorded in the DAGMAN workflow log
08/03/20 11:22:32 Mask for workflow log is 0,1,2,4,5,7,9,10,11,12,13,16,17,24,27,35,36
08/03/20 11:22:32 submitting: /usr/bin/condor_submit -a dag_node_name' '=' 'stage_in_remote_local_0_0 -a +DAGManJobId' '=' '76 -a DAGManJobId' '=' '76 -batch-name Cats_and_Dogs-0.dag+76 -a submit_event_notes' '=' 'DAG' 'Node:' 'stage_in_remote_local_0_0 -a dagman_log' '=' '/home/scitech/shared-data/CatsAndDogs/scitech/pegasus/Cats_and_Dogs/run0010/./Cats_and_Dogs-0.dag.nodes.log -a +DAGManNodesMask' '=' '"0,1,2,4,5,7,9,10,11,12,13,16,17,24,27,35,36" -a priority=700 -a +DAGNodeRetry' '=' '0 -a DAG_STATUS' '=' '0 -a FAILED_COUNT' '=' '0 -a +KeepClaimIdle' '=' '20 -a notification' '=' 'never -a +DAGParentNodeNames' '=' '"create_dir_Cats_and_Dogs_0_local" 00/00/stage_in_remote_local_0_0.sub
08/03/20 11:22:32 From submit: Submitting job(s).
08/03/20 11:22:32 From submit: 1 job(s) submitted to cluster 79.
08/03/20 11:22:32 	assigned HTCondor ID (79.0.0)
08/03/20 11:22:32 Submitting HTCondor Node stage_in_local_local_0_0 job(s)...
08/03/20 11:22:32 Adding a DAGMan workflow log /home/scitech/shared-data/CatsAndDogs/scitech/pegasus/Cats_and_Dogs/run0010/./Cats_and_Dogs-0.dag.nodes.log
08/03/20 11:22:32 Masking the events recorded in the DAGMAN workflow log
08/03/20 11:22:32 Mask for workflow log is 0,1,2,4,5,7,9,10,11,12,13,16,17,24,27,35,36
08/03/20 11:22:32 submitting: /usr/bin/condor_submit -a dag_node_name' '=' 'stage_in_local_local_0_0 -a +DAGManJobId' '=' '76 -a DAGManJobId' '=' '76 -batch-name Cats_and_Dogs-0.dag+76 -a submit_event_notes' '=' 'DAG' 'Node:' 'stage_in_local_local_0_0 -a dagman_log' '=' '/home/scitech/shared-data/CatsAndDogs/scitech/pegasus/Cats_and_Dogs/run0010/./Cats_and_Dogs-0.dag.nodes.log -a +DAGManNodesMask' '=' '"0,1,2,4,5,7,9,10,11,12,13,16,17,24,27,35,36" -a priority=700 -a +DAGNodeRetry' '=' '0 -a DAG_STATUS' '=' '0 -a FAILED_COUNT' '=' '0 -a +KeepClaimIdle' '=' '20 -a notification' '=' 'never -a +DAGParentNodeNames' '=' '"create_dir_Cats_and_Dogs_0_local" 00/00/stage_in_local_local_0_0.sub
08/03/20 11:22:32 From submit: Submitting job(s).
08/03/20 11:22:32 From submit: 1 job(s) submitted to cluster 80.
08/03/20 11:22:32 	assigned HTCondor ID (80.0.0)
08/03/20 11:22:32 Just submitted 3 jobs this cycle...
08/03/20 11:22:32 DAG status: 0 (DAG_STATUS_OK)
08/03/20 11:22:32 Of 14 nodes total:
08/03/20 11:22:32  Done     Pre   Queued    Post   Ready   Un-Ready   Failed
08/03/20 11:22:32   ===     ===      ===     ===     ===        ===      ===
08/03/20 11:22:32     1       0        3       0       0         10        0
08/03/20 11:22:32 0 job proc(s) currently held
08/03/20 11:22:32 DAGMan Runtime Statistics: [ EventCycleTimeStd = 0.02361960419915305; EventCycleTimeMax = 0.05691885948181152; SubmitCycleTimeMin = 0.0006418228149414062; SubmitCycleTimeAvg = 0.04195749759674072; SleepCycleTimeCount = 3.0; SubmitCycleTimeCount = 4.0; SubmitCycleTimeMax = 0.1154589653015137; SleepCycleTimeMin = 4.976066112518311; SubmitCycleTimeSum = 0.1678299903869629; LogProcessCycleTimeStd = 0.007196995851720265; SubmitCycleTimeStd = 0.05442542183351063; LogProcessCycleTimeAvg = 0.01069402694702148; EventCycleTimeMin = 0.01208209991455078; LogProcessCycleTimeMax = 0.01578307151794434; LogProcessCycleTimeMin = 0.005604982376098633; LogProcessCycleTimeSum = 0.02138805389404297; LogProcessCycleTimeCount = 2.0; EventCycleTimeSum = 0.09062099456787109; SleepCycleTimeSum = 15.19958400726318; SleepCycleTimeAvg = 5.066528002421061; SleepCycleTimeStd = 0.1313875228622214; SleepCycleTimeMax = 5.21723484992981; EventCycleTimeCount = 3.0; EventCycleTimeAvg = 0.03020699818929036; ]
08/03/20 11:22:37 Currently monitoring 1 HTCondor log file(s)
08/03/20 11:22:37 Reassigning the id of job stage_in_remote_local_1_0 from (78.0.0) to (78.0.0)
08/03/20 11:22:37 Event: ULOG_SUBMIT for HTCondor Node stage_in_remote_local_1_0 (78.0.0) {08/03/20 11:22:32}
08/03/20 11:22:37 Number of idle job procs: 1
08/03/20 11:22:37 Reassigning the id of job stage_in_remote_local_0_0 from (79.0.0) to (79.0.0)
08/03/20 11:22:37 Event: ULOG_SUBMIT for HTCondor Node stage_in_remote_local_0_0 (79.0.0) {08/03/20 11:22:32}
08/03/20 11:22:37 Number of idle job procs: 2
08/03/20 11:22:37 Reassigning the id of job stage_in_local_local_0_0 from (80.0.0) to (80.0.0)
08/03/20 11:22:37 Event: ULOG_SUBMIT for HTCondor Node stage_in_local_local_0_0 (80.0.0) {08/03/20 11:22:32}
08/03/20 11:22:37 Number of idle job procs: 3
08/03/20 11:22:37 Event: ULOG_EXECUTE for HTCondor Node stage_in_remote_local_0_0 (79.0.0) {08/03/20 11:22:35}
08/03/20 11:22:37 Number of idle job procs: 2
08/03/20 11:22:37 Event: ULOG_EXECUTE for HTCondor Node stage_in_remote_local_1_0 (78.0.0) {08/03/20 11:22:35}
08/03/20 11:22:37 Number of idle job procs: 1
08/03/20 11:22:37 Event: ULOG_EXECUTE for HTCondor Node stage_in_local_local_0_0 (80.0.0) {08/03/20 11:22:35}
08/03/20 11:22:37 Number of idle job procs: 0
08/03/20 11:22:37 Event: ULOG_JOB_TERMINATED for HTCondor Node stage_in_remote_local_0_0 (79.0.0) {08/03/20 11:22:37}
08/03/20 11:22:37 Number of idle job procs: 0
08/03/20 11:22:37 Node stage_in_remote_local_0_0 job proc (79.0.0) completed successfully.
08/03/20 11:22:37 Node stage_in_remote_local_0_0 job completed
08/03/20 11:22:37 Running POST script of Node stage_in_remote_local_0_0...
08/03/20 11:22:37 Warning: mysin has length 0 (ignore if produced by DAGMan; see gittrac #4987, #5031)
08/03/20 11:22:37 Event: ULOG_JOB_TERMINATED for HTCondor Node stage_in_remote_local_1_0 (78.0.0) {08/03/20 11:22:37}
08/03/20 11:22:37 Number of idle job procs: 0
08/03/20 11:22:37 Node stage_in_remote_local_1_0 job proc (78.0.0) completed successfully.
08/03/20 11:22:37 Node stage_in_remote_local_1_0 job completed
08/03/20 11:22:37 Running POST script of Node stage_in_remote_local_1_0...
08/03/20 11:22:37 Warning: mysin has length 0 (ignore if produced by DAGMan; see gittrac #4987, #5031)
08/03/20 11:22:37 DAG status: 0 (DAG_STATUS_OK)
08/03/20 11:22:37 Of 14 nodes total:
08/03/20 11:22:37  Done     Pre   Queued    Post   Ready   Un-Ready   Failed
08/03/20 11:22:37   ===     ===      ===     ===     ===        ===      ===
08/03/20 11:22:37     1       0        1       2       0         10        0
08/03/20 11:22:37 0 job proc(s) currently held
08/03/20 11:22:37 DAGMan Runtime Statistics: [ EventCycleTimeStd = 0.04929128574356479; EventCycleTimeMax = 0.1209309101104736; SubmitCycleTimeMin = 0.0002510547637939453; SubmitCycleTimeAvg = 0.03361620903015137; SleepCycleTimeCount = 4.0; SubmitCycleTimeCount = 5.0; SubmitCycleTimeMax = 0.1154589653015137; SleepCycleTimeMin = 4.976066112518311; SubmitCycleTimeSum = 0.1680810451507568; LogProcessCycleTimeStd = 0.01461736730531446; SubmitCycleTimeStd = 0.05069004222795887; LogProcessCycleTimeAvg = 0.01860539118448893; EventCycleTimeMin = 0.01208209991455078; LogProcessCycleTimeMax = 0.03442811965942383; LogProcessCycleTimeMin = 0.005604982376098633; LogProcessCycleTimeSum = 0.0558161735534668; LogProcessCycleTimeCount = 3.0; EventCycleTimeSum = 0.2115519046783447; SleepCycleTimeSum = 20.20483112335205; SleepCycleTimeAvg = 5.051207780838013; SleepCycleTimeStd = 0.1115674274448647; SleepCycleTimeMax = 5.21723484992981; EventCycleTimeCount = 4.0; EventCycleTimeAvg = 0.05288797616958618; ]
08/03/20 11:22:38 Initializing user log writer for /home/scitech/shared-data/CatsAndDogs/scitech/pegasus/Cats_and_Dogs/run0010/./Cats_and_Dogs-0.dag.nodes.log, (79.0.0)
08/03/20 11:22:38 Initializing user log writer for /home/scitech/shared-data/CatsAndDogs/scitech/pegasus/Cats_and_Dogs/run0010/./Cats_and_Dogs-0.dag.nodes.log, (78.0.0)
08/03/20 11:22:42 Currently monitoring 1 HTCondor log file(s)
08/03/20 11:22:42 Event: ULOG_POST_SCRIPT_TERMINATED for HTCondor Node stage_in_remote_local_0_0 (79.0.0) {08/03/20 11:22:38}
08/03/20 11:22:42 POST Script of node stage_in_remote_local_0_0 completed successfully.
08/03/20 11:22:42 Event: ULOG_POST_SCRIPT_TERMINATED for HTCondor Node stage_in_remote_local_1_0 (78.0.0) {08/03/20 11:22:38}
08/03/20 11:22:42 POST Script of node stage_in_remote_local_1_0 completed successfully.
08/03/20 11:22:42 DAG status: 0 (DAG_STATUS_OK)
08/03/20 11:22:42 Of 14 nodes total:
08/03/20 11:22:42  Done     Pre   Queued    Post   Ready   Un-Ready   Failed
08/03/20 11:22:42   ===     ===      ===     ===     ===        ===      ===
08/03/20 11:22:42     3       0        1       0       0         10        0
08/03/20 11:22:42 0 job proc(s) currently held
08/03/20 11:22:42 DAGMan Runtime Statistics: [ EventCycleTimeStd = 0.04300775383686405; EventCycleTimeMax = 0.1209309101104736; SubmitCycleTimeMin = 0.0002510547637939453; SubmitCycleTimeAvg = 0.02806699275970459; SleepCycleTimeCount = 5.0; SubmitCycleTimeCount = 6.0; SubmitCycleTimeMax = 0.1154589653015137; SleepCycleTimeMin = 4.272166013717651; SubmitCycleTimeSum = 0.1684019565582275; LogProcessCycleTimeStd = 0.01385772506215121; SubmitCycleTimeStd = 0.04733230516417883; LogProcessCycleTimeAvg = 0.01508432626724243; EventCycleTimeMin = 0.01208209991455078; LogProcessCycleTimeMax = 0.03442811965942383; LogProcessCycleTimeMin = 0.00452113151550293; LogProcessCycleTimeSum = 0.06033730506896973; LogProcessCycleTimeCount = 4.0; EventCycleTimeSum = 0.2527258396148682; SleepCycleTimeSum = 24.4769971370697; SleepCycleTimeAvg = 4.89539942741394; SleepCycleTimeStd = 0.3615476222209221; SleepCycleTimeMax = 5.21723484992981; EventCycleTimeCount = 5.0; EventCycleTimeAvg = 0.05054516792297363; ]
08/03/20 11:23:02 Currently monitoring 1 HTCondor log file(s)
08/03/20 11:23:02 Event: ULOG_JOB_TERMINATED for HTCondor Node stage_in_local_local_0_0 (80.0.0) {08/03/20 11:23:00}
08/03/20 11:23:02 Number of idle job procs: 0
08/03/20 11:23:02 Node stage_in_local_local_0_0 job proc (80.0.0) completed successfully.
08/03/20 11:23:02 Node stage_in_local_local_0_0 job completed
08/03/20 11:23:02 Running POST script of Node stage_in_local_local_0_0...
08/03/20 11:23:02 Warning: mysin has length 0 (ignore if produced by DAGMan; see gittrac #4987, #5031)
08/03/20 11:23:02 DAG status: 0 (DAG_STATUS_OK)
08/03/20 11:23:02 Of 14 nodes total:
08/03/20 11:23:02  Done     Pre   Queued    Post   Ready   Un-Ready   Failed
08/03/20 11:23:02   ===     ===      ===     ===     ===        ===      ===
08/03/20 11:23:02     3       0        0       1       0         10        0
08/03/20 11:23:02 0 job proc(s) currently held
08/03/20 11:23:02 DAGMan Runtime Statistics: [ EventCycleTimeStd = 0.03952172824082043; EventCycleTimeMax = 0.1209309101104736; SubmitCycleTimeMin = 0.0002510547637939453; SubmitCycleTimeAvg = 0.01706161499023438; SleepCycleTimeCount = 9.0; SubmitCycleTimeCount = 10.0; SubmitCycleTimeMax = 0.1154589653015137; SleepCycleTimeMin = 4.272166013717651; SubmitCycleTimeSum = 0.1706161499023438; LogProcessCycleTimeStd = 0.01200888644457235; SubmitCycleTimeStd = 0.03803356191737867; LogProcessCycleTimeAvg = 0.01489148139953613; EventCycleTimeMin = 0.0005588531494140625; LogProcessCycleTimeMax = 0.03442811965942383; LogProcessCycleTimeMin = 0.00452113151550293; LogProcessCycleTimeSum = 0.07445740699768066; LogProcessCycleTimeCount = 5.0; EventCycleTimeSum = 0.2642834186553955; SleepCycleTimeSum = 44.46383261680603; SleepCycleTimeAvg = 4.940425846311781; SleepCycleTimeStd = 0.2613970516521664; SleepCycleTimeMax = 5.21723484992981; EventCycleTimeCount = 9.0; EventCycleTimeAvg = 0.02936482429504395; ]
08/03/20 11:23:03 Initializing user log writer for /home/scitech/shared-data/CatsAndDogs/scitech/pegasus/Cats_and_Dogs/run0010/./Cats_and_Dogs-0.dag.nodes.log, (80.0.0)
08/03/20 11:23:07 Currently monitoring 1 HTCondor log file(s)
08/03/20 11:23:07 Event: ULOG_POST_SCRIPT_TERMINATED for HTCondor Node stage_in_local_local_0_0 (80.0.0) {08/03/20 11:23:03}
08/03/20 11:23:07 POST Script of node stage_in_local_local_0_0 completed successfully.
08/03/20 11:23:07 DAG status: 0 (DAG_STATUS_OK)
08/03/20 11:23:07 Of 14 nodes total:
08/03/20 11:23:07  Done     Pre   Queued    Post   Ready   Un-Ready   Failed
08/03/20 11:23:07   ===     ===      ===     ===     ===        ===      ===
08/03/20 11:23:07     4       0        0       0       1          9        0
08/03/20 11:23:07 0 job proc(s) currently held
08/03/20 11:23:07 DAGMan Runtime Statistics: [ EventCycleTimeStd = 0.0373319835938725; EventCycleTimeMax = 0.1209309101104736; SubmitCycleTimeMin = 0.0002510547637939453; SubmitCycleTimeAvg = 0.01553802056746049; SleepCycleTimeCount = 10.0; SubmitCycleTimeCount = 11.0; SubmitCycleTimeMax = 0.1154589653015137; SleepCycleTimeMin = 4.272166013717651; SubmitCycleTimeSum = 0.1709182262420654; LogProcessCycleTimeStd = 0.01180290209661896; SubmitCycleTimeStd = 0.03643393182909242; LogProcessCycleTimeAvg = 0.012894074122111; EventCycleTimeMin = 0.0005588531494140625; LogProcessCycleTimeMax = 0.03442811965942383; LogProcessCycleTimeMin = 0.002907037734985352; LogProcessCycleTimeSum = 0.07736444473266602; LogProcessCycleTimeCount = 6.0; EventCycleTimeSum = 0.2863943576812744; SleepCycleTimeSum = 49.31653261184692; SleepCycleTimeAvg = 4.931653261184692; SleepCycleTimeStd = 0.2480039406906085; SleepCycleTimeMax = 5.21723484992981; EventCycleTimeCount = 10.0; EventCycleTimeAvg = 0.02863943576812744; ]
08/03/20 11:23:12 Submitting HTCondor Node preprocess1_py_ID0000001 job(s)...
08/03/20 11:23:12 Adding a DAGMan workflow log /home/scitech/shared-data/CatsAndDogs/scitech/pegasus/Cats_and_Dogs/run0010/./Cats_and_Dogs-0.dag.nodes.log
08/03/20 11:23:12 Masking the events recorded in the DAGMAN workflow log
08/03/20 11:23:12 Mask for workflow log is 0,1,2,4,5,7,9,10,11,12,13,16,17,24,27,35,36
08/03/20 11:23:12 submitting: /usr/bin/condor_submit -a dag_node_name' '=' 'preprocess1_py_ID0000001 -a +DAGManJobId' '=' '76 -a DAGManJobId' '=' '76 -batch-name Cats_and_Dogs-0.dag+76 -a submit_event_notes' '=' 'DAG' 'Node:' 'preprocess1_py_ID0000001 -a dagman_log' '=' '/home/scitech/shared-data/CatsAndDogs/scitech/pegasus/Cats_and_Dogs/run0010/./Cats_and_Dogs-0.dag.nodes.log -a +DAGManNodesMask' '=' '"0,1,2,4,5,7,9,10,11,12,13,16,17,24,27,35,36" -a priority=20 -a +DAGNodeRetry' '=' '0 -a DAG_STATUS' '=' '0 -a FAILED_COUNT' '=' '0 -a +KeepClaimIdle' '=' '20 -a notification' '=' 'never -a +DAGParentNodeNames' '=' '"stage_in_remote_local_0_0,stage_in_local_local_0_0" 00/00/preprocess1_py_ID0000001.sub
08/03/20 11:23:12 From submit: Submitting job(s).
08/03/20 11:23:12 From submit: 1 job(s) submitted to cluster 81.
08/03/20 11:23:12 	assigned HTCondor ID (81.0.0)
08/03/20 11:23:12 Just submitted 1 job this cycle...
08/03/20 11:23:12 DAG status: 0 (DAG_STATUS_OK)
08/03/20 11:23:12 Of 14 nodes total:
08/03/20 11:23:12  Done     Pre   Queued    Post   Ready   Un-Ready   Failed
08/03/20 11:23:12   ===     ===      ===     ===     ===        ===      ===
08/03/20 11:23:12     4       0        1       0       0          9        0
08/03/20 11:23:12 0 job proc(s) currently held
08/03/20 11:23:12 DAGMan Runtime Statistics: [ EventCycleTimeStd = 0.03597536142916147; EventCycleTimeMax = 0.1209309101104736; SubmitCycleTimeMin = 0.0002510547637939453; SubmitCycleTimeAvg = 0.0357975959777832; SleepCycleTimeCount = 11.0; SubmitCycleTimeCount = 12.0; SubmitCycleTimeMax = 0.258652925491333; SleepCycleTimeMin = 4.272166013717651; SubmitCycleTimeSum = 0.4295711517333984; LogProcessCycleTimeStd = 0.01180290209661896; SubmitCycleTimeStd = 0.0783081129732444; LogProcessCycleTimeAvg = 0.012894074122111; EventCycleTimeMin = 0.0005588531494140625; LogProcessCycleTimeMax = 0.03442811965942383; LogProcessCycleTimeMin = 0.002907037734985352; LogProcessCycleTimeSum = 0.07736444473266602; LogProcessCycleTimeCount = 6.0; EventCycleTimeSum = 0.2940793037414551; SleepCycleTimeSum = 54.317786693573; SleepCycleTimeAvg = 4.937980608506636; SleepCycleTimeStd = 0.2362112353460848; SleepCycleTimeMax = 5.21723484992981; EventCycleTimeCount = 11.0; EventCycleTimeAvg = 0.0267344821583141; ]
08/03/20 11:23:17 Currently monitoring 1 HTCondor log file(s)
08/03/20 11:23:17 Reassigning the id of job preprocess1_py_ID0000001 from (81.0.0) to (81.0.0)
08/03/20 11:23:17 Event: ULOG_SUBMIT for HTCondor Node preprocess1_py_ID0000001 (81.0.0) {08/03/20 11:23:12}
08/03/20 11:23:17 Number of idle job procs: 1
08/03/20 11:23:22 Currently monitoring 1 HTCondor log file(s)
08/03/20 11:23:22 Event: ULOG_EXECUTE for HTCondor Node preprocess1_py_ID0000001 (81.0.0) {08/03/20 11:23:22}
08/03/20 11:23:22 Number of idle job procs: 0
08/03/20 11:23:32 Currently monitoring 1 HTCondor log file(s)
08/03/20 11:23:32 Event: ULOG_JOB_TERMINATED for HTCondor Node preprocess1_py_ID0000001 (81.0.0) {08/03/20 11:23:28}
08/03/20 11:23:32 Number of idle job procs: 0
08/03/20 11:23:32 Node preprocess1_py_ID0000001 job proc (81.0.0) completed successfully.
08/03/20 11:23:32 Node preprocess1_py_ID0000001 job completed
08/03/20 11:23:32 Running POST script of Node preprocess1_py_ID0000001...
08/03/20 11:23:32 Warning: mysin has length 0 (ignore if produced by DAGMan; see gittrac #4987, #5031)
08/03/20 11:23:32 DAG status: 0 (DAG_STATUS_OK)
08/03/20 11:23:32 Of 14 nodes total:
08/03/20 11:23:32  Done     Pre   Queued    Post   Ready   Un-Ready   Failed
08/03/20 11:23:32   ===     ===      ===     ===     ===        ===      ===
08/03/20 11:23:32     4       0        0       1       0          9        0
08/03/20 11:23:32 0 job proc(s) currently held
08/03/20 11:23:32 DAGMan Runtime Statistics: [ EventCycleTimeStd = 0.07018371549662675; EventCycleTimeMax = 0.2637059688568115; SubmitCycleTimeMin = 0.0002510547637939453; SubmitCycleTimeAvg = 0.02692589163780212; SleepCycleTimeCount = 15.0; SubmitCycleTimeCount = 16.0; SubmitCycleTimeMax = 0.258652925491333; SleepCycleTimeMin = 4.272166013717651; SubmitCycleTimeSum = 0.430814266204834; LogProcessCycleTimeStd = 0.01018311056695944; SubmitCycleTimeStd = 0.06891139821648831; LogProcessCycleTimeAvg = 0.01047492027282715; EventCycleTimeMin = 0.0005588531494140625; LogProcessCycleTimeMax = 0.03442811965942383; LogProcessCycleTimeMin = 0.002907037734985352; LogProcessCycleTimeSum = 0.09427428245544434; LogProcessCycleTimeCount = 9.0; EventCycleTimeSum = 0.5668280124664307; SleepCycleTimeSum = 74.30546283721924; SleepCycleTimeAvg = 4.953697522481282; SleepCycleTimeStd = 0.2016204873805701; SleepCycleTimeMax = 5.21723484992981; EventCycleTimeCount = 15.0; EventCycleTimeAvg = 0.03778853416442871; ]
08/03/20 11:23:33 Initializing user log writer for /home/scitech/shared-data/CatsAndDogs/scitech/pegasus/Cats_and_Dogs/run0010/./Cats_and_Dogs-0.dag.nodes.log, (81.0.0)
08/03/20 11:23:37 Currently monitoring 1 HTCondor log file(s)
08/03/20 11:23:37 Event: ULOG_POST_SCRIPT_TERMINATED for HTCondor Node preprocess1_py_ID0000001 (81.0.0) {08/03/20 11:23:33}
08/03/20 11:23:37 POST Script of node preprocess1_py_ID0000001 completed successfully.
08/03/20 11:23:37 DAG status: 0 (DAG_STATUS_OK)
08/03/20 11:23:37 Of 14 nodes total:
08/03/20 11:23:37  Done     Pre   Queued    Post   Ready   Un-Ready   Failed
08/03/20 11:23:37   ===     ===      ===     ===     ===        ===      ===
08/03/20 11:23:37     5       0        0       0       3          6        0
08/03/20 11:23:37 0 job proc(s) currently held
08/03/20 11:23:37 DAGMan Runtime Statistics: [ EventCycleTimeStd = 0.06802187849350562; EventCycleTimeMax = 0.2637059688568115; SubmitCycleTimeMin = 0.0002510547637939453; SubmitCycleTimeAvg = 0.02539324760437012; SleepCycleTimeCount = 16.0; SubmitCycleTimeCount = 17.0; SubmitCycleTimeMax = 0.258652925491333; SleepCycleTimeMin = 4.272166013717651; SubmitCycleTimeSum = 0.431685209274292; LogProcessCycleTimeStd = 0.00974744511601593; SubmitCycleTimeStd = 0.06702174994251205; LogProcessCycleTimeAvg = 0.009942126274108887; EventCycleTimeMin = 0.0005588531494140625; LogProcessCycleTimeMax = 0.03442811965942383; LogProcessCycleTimeMin = 0.002907037734985352; LogProcessCycleTimeSum = 0.09942126274108887; LogProcessCycleTimeCount = 10.0; EventCycleTimeSum = 0.5828521251678467; SleepCycleTimeSum = 79.262934923172; SleepCycleTimeAvg = 4.95393343269825; SleepCycleTimeStd = 0.1947861819043898; SleepCycleTimeMax = 5.21723484992981; EventCycleTimeCount = 16.0; EventCycleTimeAvg = 0.03642825782299042; ]
08/03/20 11:23:42 Submitting HTCondor Node clean_up_local_level_3_0 job(s)...
08/03/20 11:23:42 Adding a DAGMan workflow log /home/scitech/shared-data/CatsAndDogs/scitech/pegasus/Cats_and_Dogs/run0010/./Cats_and_Dogs-0.dag.nodes.log
08/03/20 11:23:42 Masking the events recorded in the DAGMAN workflow log
08/03/20 11:23:42 Mask for workflow log is 0,1,2,4,5,7,9,10,11,12,13,16,17,24,27,35,36
08/03/20 11:23:42 submitting: /usr/bin/condor_submit -a dag_node_name' '=' 'clean_up_local_level_3_0 -a +DAGManJobId' '=' '76 -a DAGManJobId' '=' '76 -batch-name Cats_and_Dogs-0.dag+76 -a submit_event_notes' '=' 'DAG' 'Node:' 'clean_up_local_level_3_0 -a dagman_log' '=' '/home/scitech/shared-data/CatsAndDogs/scitech/pegasus/Cats_and_Dogs/run0010/./Cats_and_Dogs-0.dag.nodes.log -a +DAGManNodesMask' '=' '"0,1,2,4,5,7,9,10,11,12,13,16,17,24,27,35,36" -a priority=1000 -a +DAGNodeRetry' '=' '0 -a DAG_STATUS' '=' '0 -a FAILED_COUNT' '=' '0 -a +KeepClaimIdle' '=' '20 -a notification' '=' 'never -a +DAGParentNodeNames' '=' '"preprocess1_py_ID0000001" 00/00/clean_up_local_level_3_0.sub
08/03/20 11:23:42 From submit: Submitting job(s).
08/03/20 11:23:42 From submit: 1 job(s) submitted to cluster 82.
08/03/20 11:23:42 	assigned HTCondor ID (82.0.0)
08/03/20 11:23:42 Submitting HTCondor Node stage_out_local_local_0_0 job(s)...
08/03/20 11:23:42 Adding a DAGMan workflow log /home/scitech/shared-data/CatsAndDogs/scitech/pegasus/Cats_and_Dogs/run0010/./Cats_and_Dogs-0.dag.nodes.log
08/03/20 11:23:42 Masking the events recorded in the DAGMAN workflow log
08/03/20 11:23:42 Mask for workflow log is 0,1,2,4,5,7,9,10,11,12,13,16,17,24,27,35,36
08/03/20 11:23:42 submitting: /usr/bin/condor_submit -a dag_node_name' '=' 'stage_out_local_local_0_0 -a +DAGManJobId' '=' '76 -a DAGManJobId' '=' '76 -batch-name Cats_and_Dogs-0.dag+76 -a submit_event_notes' '=' 'DAG' 'Node:' 'stage_out_local_local_0_0 -a dagman_log' '=' '/home/scitech/shared-data/CatsAndDogs/scitech/pegasus/Cats_and_Dogs/run0010/./Cats_and_Dogs-0.dag.nodes.log -a +DAGManNodesMask' '=' '"0,1,2,4,5,7,9,10,11,12,13,16,17,24,27,35,36" -a priority=900 -a +DAGNodeRetry' '=' '0 -a DAG_STATUS' '=' '0 -a FAILED_COUNT' '=' '0 -a +KeepClaimIdle' '=' '20 -a notification' '=' 'never -a +DAGParentNodeNames' '=' '"preprocess1_py_ID0000001" 00/00/stage_out_local_local_0_0.sub
08/03/20 11:23:42 From submit: Submitting job(s).
08/03/20 11:23:42 From submit: 1 job(s) submitted to cluster 83.
08/03/20 11:23:42 	assigned HTCondor ID (83.0.0)
08/03/20 11:23:42 Submitting HTCondor Node Augmentation_py_ID0000002 job(s)...
08/03/20 11:23:42 Adding a DAGMan workflow log /home/scitech/shared-data/CatsAndDogs/scitech/pegasus/Cats_and_Dogs/run0010/./Cats_and_Dogs-0.dag.nodes.log
08/03/20 11:23:42 Masking the events recorded in the DAGMAN workflow log
08/03/20 11:23:42 Mask for workflow log is 0,1,2,4,5,7,9,10,11,12,13,16,17,24,27,35,36
08/03/20 11:23:42 submitting: /usr/bin/condor_submit -a dag_node_name' '=' 'Augmentation_py_ID0000002 -a +DAGManJobId' '=' '76 -a DAGManJobId' '=' '76 -batch-name Cats_and_Dogs-0.dag+76 -a submit_event_notes' '=' 'DAG' 'Node:' 'Augmentation_py_ID0000002 -a dagman_log' '=' '/home/scitech/shared-data/CatsAndDogs/scitech/pegasus/Cats_and_Dogs/run0010/./Cats_and_Dogs-0.dag.nodes.log -a +DAGManNodesMask' '=' '"0,1,2,4,5,7,9,10,11,12,13,16,17,24,27,35,36" -a priority=30 -a +DAGNodeRetry' '=' '0 -a DAG_STATUS' '=' '0 -a FAILED_COUNT' '=' '0 -a +KeepClaimIdle' '=' '20 -a notification' '=' 'never -a +DAGParentNodeNames' '=' '"stage_in_remote_local_1_0,preprocess1_py_ID0000001" 00/00/Augmentation_py_ID0000002.sub
08/03/20 11:23:42 From submit: Submitting job(s).
08/03/20 11:23:42 From submit: 1 job(s) submitted to cluster 84.
08/03/20 11:23:42 	assigned HTCondor ID (84.0.0)
08/03/20 11:23:42 Just submitted 3 jobs this cycle...
08/03/20 11:23:42 DAG status: 0 (DAG_STATUS_OK)
08/03/20 11:23:42 Of 14 nodes total:
08/03/20 11:23:42  Done     Pre   Queued    Post   Ready   Un-Ready   Failed
08/03/20 11:23:42   ===     ===      ===     ===     ===        ===      ===
08/03/20 11:23:42     5       0        3       0       0          6        0
08/03/20 11:23:42 0 job proc(s) currently held
08/03/20 11:23:42 DAGMan Runtime Statistics: [ EventCycleTimeStd = 0.0661139148520767; EventCycleTimeMax = 0.2637059688568115; SubmitCycleTimeMin = 0.0002510547637939453; SubmitCycleTimeAvg = 0.04241368505689833; SleepCycleTimeCount = 17.0; SubmitCycleTimeCount = 18.0; SubmitCycleTimeMax = 0.3317611217498779; SleepCycleTimeMin = 4.272166013717651; SubmitCycleTimeSum = 0.7634463310241699; LogProcessCycleTimeStd = 0.00974744511601593; SubmitCycleTimeStd = 0.09717098287366689; LogProcessCycleTimeAvg = 0.009942126274108887; EventCycleTimeMin = 0.0005588531494140625; LogProcessCycleTimeMax = 0.03442811965942383; LogProcessCycleTimeMin = 0.002907037734985352; LogProcessCycleTimeSum = 0.09942126274108887; LogProcessCycleTimeCount = 10.0; EventCycleTimeSum = 0.5955018997192383; SleepCycleTimeSum = 84.26809811592102; SleepCycleTimeAvg = 4.956946947995355; SleepCycleTimeStd = 0.189009747857526; SleepCycleTimeMax = 5.21723484992981; EventCycleTimeCount = 17.0; EventCycleTimeAvg = 0.03502952351289637; ]
08/03/20 11:23:47 Currently monitoring 1 HTCondor log file(s)
08/03/20 11:23:47 Reassigning the id of job clean_up_local_level_3_0 from (82.0.0) to (82.0.0)
08/03/20 11:23:47 Event: ULOG_SUBMIT for HTCondor Node clean_up_local_level_3_0 (82.0.0) {08/03/20 11:23:42}
08/03/20 11:23:47 Number of idle job procs: 1
08/03/20 11:23:47 Reassigning the id of job stage_out_local_local_0_0 from (83.0.0) to (83.0.0)
08/03/20 11:23:47 Event: ULOG_SUBMIT for HTCondor Node stage_out_local_local_0_0 (83.0.0) {08/03/20 11:23:42}
08/03/20 11:23:47 Number of idle job procs: 2
08/03/20 11:23:47 Reassigning the id of job Augmentation_py_ID0000002 from (84.0.0) to (84.0.0)
08/03/20 11:23:47 Event: ULOG_SUBMIT for HTCondor Node Augmentation_py_ID0000002 (84.0.0) {08/03/20 11:23:42}
08/03/20 11:23:47 Number of idle job procs: 3
08/03/20 11:23:47 Event: ULOG_EXECUTE for HTCondor Node stage_out_local_local_0_0 (83.0.0) {08/03/20 11:23:43}
08/03/20 11:23:47 Number of idle job procs: 2
08/03/20 11:23:47 Event: ULOG_EXECUTE for HTCondor Node clean_up_local_level_3_0 (82.0.0) {08/03/20 11:23:43}
08/03/20 11:23:47 Number of idle job procs: 1
08/03/20 11:23:47 Event: ULOG_EXECUTE for HTCondor Node Augmentation_py_ID0000002 (84.0.0) {08/03/20 11:23:45}
08/03/20 11:23:47 Number of idle job procs: 0
08/03/20 11:24:02 Currently monitoring 1 HTCondor log file(s)
08/03/20 11:24:02 Event: ULOG_JOB_TERMINATED for HTCondor Node clean_up_local_level_3_0 (82.0.0) {08/03/20 11:23:59}
08/03/20 11:24:02 Number of idle job procs: 0
08/03/20 11:24:02 Node clean_up_local_level_3_0 job proc (82.0.0) completed successfully.
08/03/20 11:24:02 Node clean_up_local_level_3_0 job completed
08/03/20 11:24:02 Running POST script of Node clean_up_local_level_3_0...
08/03/20 11:24:02 Warning: mysin has length 0 (ignore if produced by DAGMan; see gittrac #4987, #5031)
08/03/20 11:24:02 Event: ULOG_JOB_TERMINATED for HTCondor Node Augmentation_py_ID0000002 (84.0.0) {08/03/20 11:24:01}
08/03/20 11:24:02 Number of idle job procs: 0
08/03/20 11:24:02 Node Augmentation_py_ID0000002 job proc (84.0.0) completed successfully.
08/03/20 11:24:02 Node Augmentation_py_ID0000002 job completed
08/03/20 11:24:02 Running POST script of Node Augmentation_py_ID0000002...
08/03/20 11:24:02 Warning: mysin has length 0 (ignore if produced by DAGMan; see gittrac #4987, #5031)
08/03/20 11:24:02 DAG status: 0 (DAG_STATUS_OK)
08/03/20 11:24:02 Of 14 nodes total:
08/03/20 11:24:02  Done     Pre   Queued    Post   Ready   Un-Ready   Failed
08/03/20 11:24:02   ===     ===      ===     ===     ===        ===      ===
08/03/20 11:24:02     5       0        1       2       0          6        0
08/03/20 11:24:02 0 job proc(s) currently held
08/03/20 11:24:02 DAGMan Runtime Statistics: [ EventCycleTimeStd = 0.08997034502484469; EventCycleTimeMax = 0.3377718925476074; SubmitCycleTimeMin = 0.0002510547637939453; SubmitCycleTimeAvg = 0.03477491031993519; SleepCycleTimeCount = 21.0; SubmitCycleTimeCount = 22.0; SubmitCycleTimeMax = 0.3317611217498779; SleepCycleTimeMin = 4.272166013717651; SubmitCycleTimeSum = 0.7650480270385742; LogProcessCycleTimeStd = 0.009887578171251228; SubmitCycleTimeStd = 0.08898747528146586; LogProcessCycleTimeAvg = 0.01175991694132487; EventCycleTimeMin = 0.0005588531494140625; LogProcessCycleTimeMax = 0.03442811965942383; LogProcessCycleTimeMin = 0.002907037734985352; LogProcessCycleTimeSum = 0.1411190032958984; LogProcessCycleTimeCount = 12.0; EventCycleTimeSum = 0.9543960094451904; SleepCycleTimeSum = 104.2523188591003; SleepCycleTimeAvg = 4.964396136147635; SleepCycleTimeStd = 0.1699206615012529; SleepCycleTimeMax = 5.21723484992981; EventCycleTimeCount = 21.0; EventCycleTimeAvg = 0.04544742902119955; ]
08/03/20 11:24:03 Initializing user log writer for /home/scitech/shared-data/CatsAndDogs/scitech/pegasus/Cats_and_Dogs/run0010/./Cats_and_Dogs-0.dag.nodes.log, (82.0.0)
08/03/20 11:24:05 Initializing user log writer for /home/scitech/shared-data/CatsAndDogs/scitech/pegasus/Cats_and_Dogs/run0010/./Cats_and_Dogs-0.dag.nodes.log, (84.0.0)
08/03/20 11:24:07 Currently monitoring 1 HTCondor log file(s)
08/03/20 11:24:07 Event: ULOG_POST_SCRIPT_TERMINATED for HTCondor Node clean_up_local_level_3_0 (82.0.0) {08/03/20 11:24:03}
08/03/20 11:24:07 POST Script of node clean_up_local_level_3_0 completed successfully.
08/03/20 11:24:07 Event: ULOG_JOB_TERMINATED for HTCondor Node stage_out_local_local_0_0 (83.0.0) {08/03/20 11:24:04}
08/03/20 11:24:07 Number of idle job procs: 0
08/03/20 11:24:07 Node stage_out_local_local_0_0 job proc (83.0.0) completed successfully.
08/03/20 11:24:07 Node stage_out_local_local_0_0 job completed
08/03/20 11:24:07 Running POST script of Node stage_out_local_local_0_0...
08/03/20 11:24:07 Warning: mysin has length 0 (ignore if produced by DAGMan; see gittrac #4987, #5031)
08/03/20 11:24:07 Event: ULOG_POST_SCRIPT_TERMINATED for HTCondor Node Augmentation_py_ID0000002 (84.0.0) {08/03/20 11:24:05}
08/03/20 11:24:07 POST Script of node Augmentation_py_ID0000002 completed successfully.
08/03/20 11:24:07 DAG status: 0 (DAG_STATUS_OK)
08/03/20 11:24:07 Of 14 nodes total:
08/03/20 11:24:07  Done     Pre   Queued    Post   Ready   Un-Ready   Failed
08/03/20 11:24:07   ===     ===      ===     ===     ===        ===      ===
08/03/20 11:24:07     7       0        0       1       1          5        0
08/03/20 11:24:07 0 job proc(s) currently held
08/03/20 11:24:07 DAGMan Runtime Statistics: [ EventCycleTimeStd = 0.08786511974929744; EventCycleTimeMax = 0.3377718925476074; SubmitCycleTimeMin = 0.0002510547637939453; SubmitCycleTimeAvg = 0.03329830584318742; SleepCycleTimeCount = 22.0; SubmitCycleTimeCount = 23.0; SubmitCycleTimeMax = 0.3317611217498779; SleepCycleTimeMin = 4.272166013717651; SubmitCycleTimeSum = 0.7658610343933105; LogProcessCycleTimeStd = 0.009544827785061083; SubmitCycleTimeStd = 0.08722943843456742; LogProcessCycleTimeAvg = 0.01209807395935059; EventCycleTimeMin = 0.0005588531494140625; LogProcessCycleTimeMax = 0.03442811965942383; LogProcessCycleTimeMin = 0.002907037734985352; LogProcessCycleTimeSum = 0.1572749614715576; LogProcessCycleTimeCount = 13.0; EventCycleTimeSum = 0.9842331409454346; SleepCycleTimeSum = 109.0231027603149; SleepCycleTimeAvg = 4.955595580014315; SleepCycleTimeStd = 0.1708859862563076; SleepCycleTimeMax = 5.21723484992981; EventCycleTimeCount = 22.0; EventCycleTimeAvg = 0.0447378700429743; ]
08/03/20 11:24:07 Initializing user log writer for /home/scitech/shared-data/CatsAndDogs/scitech/pegasus/Cats_and_Dogs/run0010/./Cats_and_Dogs-0.dag.nodes.log, (83.0.0)
08/03/20 11:24:12 Submitting HTCondor Node stage_out_local_local_1_0 job(s)...
08/03/20 11:24:12 Adding a DAGMan workflow log /home/scitech/shared-data/CatsAndDogs/scitech/pegasus/Cats_and_Dogs/run0010/./Cats_and_Dogs-0.dag.nodes.log
08/03/20 11:24:12 Masking the events recorded in the DAGMAN workflow log
08/03/20 11:24:12 Mask for workflow log is 0,1,2,4,5,7,9,10,11,12,13,16,17,24,27,35,36
08/03/20 11:24:12 submitting: /usr/bin/condor_submit -a dag_node_name' '=' 'stage_out_local_local_1_0 -a +DAGManJobId' '=' '76 -a DAGManJobId' '=' '76 -batch-name Cats_and_Dogs-0.dag+76 -a submit_event_notes' '=' 'DAG' 'Node:' 'stage_out_local_local_1_0 -a dagman_log' '=' '/home/scitech/shared-data/CatsAndDogs/scitech/pegasus/Cats_and_Dogs/run0010/./Cats_and_Dogs-0.dag.nodes.log -a +DAGManNodesMask' '=' '"0,1,2,4,5,7,9,10,11,12,13,16,17,24,27,35,36" -a priority=900 -a +DAGNodeRetry' '=' '0 -a DAG_STATUS' '=' '0 -a FAILED_COUNT' '=' '0 -a +KeepClaimIdle' '=' '20 -a notification' '=' 'never -a +DAGParentNodeNames' '=' '"Augmentation_py_ID0000002" 00/00/stage_out_local_local_1_0.sub
08/03/20 11:24:12 From submit: Submitting job(s).
08/03/20 11:24:12 From submit: 1 job(s) submitted to cluster 85.
08/03/20 11:24:12 	assigned HTCondor ID (85.0.0)
08/03/20 11:24:12 Just submitted 1 job this cycle...
08/03/20 11:24:12 Currently monitoring 1 HTCondor log file(s)
08/03/20 11:24:12 Event: ULOG_POST_SCRIPT_TERMINATED for HTCondor Node stage_out_local_local_0_0 (83.0.0) {08/03/20 11:24:07}
08/03/20 11:24:12 POST Script of node stage_out_local_local_0_0 completed successfully.
08/03/20 11:24:12 Reassigning the id of job stage_out_local_local_1_0 from (85.0.0) to (85.0.0)
08/03/20 11:24:12 Event: ULOG_SUBMIT for HTCondor Node stage_out_local_local_1_0 (85.0.0) {08/03/20 11:24:12}
08/03/20 11:24:12 Number of idle job procs: 1
08/03/20 11:24:12 DAG status: 0 (DAG_STATUS_OK)
08/03/20 11:24:12 Of 14 nodes total:
08/03/20 11:24:12  Done     Pre   Queued    Post   Ready   Un-Ready   Failed
08/03/20 11:24:12   ===     ===      ===     ===     ===        ===      ===
08/03/20 11:24:12     8       0        1       0       2          3        0
08/03/20 11:24:12 0 job proc(s) currently held
08/03/20 11:24:12 DAGMan Runtime Statistics: [ EventCycleTimeStd = 0.08595842034529384; EventCycleTimeMax = 0.3377718925476074; SubmitCycleTimeMin = 0.0002510547637939453; SubmitCycleTimeAvg = 0.0333919624487559; SleepCycleTimeCount = 23.0; SubmitCycleTimeCount = 24.0; SubmitCycleTimeMax = 0.3317611217498779; SleepCycleTimeMin = 4.272166013717651; SubmitCycleTimeSum = 0.8014070987701416; LogProcessCycleTimeStd = 0.009340659243987659; SubmitCycleTimeStd = 0.0853133075792096; LogProcessCycleTimeAvg = 0.01162356989724296; EventCycleTimeMin = 0.0005588531494140625; LogProcessCycleTimeMax = 0.03442811965942383; LogProcessCycleTimeMin = 0.002907037734985352; LogProcessCycleTimeSum = 0.1627299785614014; LogProcessCycleTimeCount = 14.0; EventCycleTimeSum = 1.007797241210938; SleepCycleTimeSum = 114.3199915885925; SleepCycleTimeAvg = 4.970434416895327; SleepCycleTimeStd = 0.1814911859549238; SleepCycleTimeMax = 5.296888828277588; EventCycleTimeCount = 23.0; EventCycleTimeAvg = 0.04381727135699728; ]
08/03/20 11:24:17 Submitting HTCondor Node clean_up_local_level_4_0 job(s)...
08/03/20 11:24:17 Adding a DAGMan workflow log /home/scitech/shared-data/CatsAndDogs/scitech/pegasus/Cats_and_Dogs/run0010/./Cats_and_Dogs-0.dag.nodes.log
08/03/20 11:24:17 Masking the events recorded in the DAGMAN workflow log
08/03/20 11:24:17 Mask for workflow log is 0,1,2,4,5,7,9,10,11,12,13,16,17,24,27,35,36
08/03/20 11:24:17 submitting: /usr/bin/condor_submit -a dag_node_name' '=' 'clean_up_local_level_4_0 -a +DAGManJobId' '=' '76 -a DAGManJobId' '=' '76 -batch-name Cats_and_Dogs-0.dag+76 -a submit_event_notes' '=' 'DAG' 'Node:' 'clean_up_local_level_4_0 -a dagman_log' '=' '/home/scitech/shared-data/CatsAndDogs/scitech/pegasus/Cats_and_Dogs/run0010/./Cats_and_Dogs-0.dag.nodes.log -a +DAGManNodesMask' '=' '"0,1,2,4,5,7,9,10,11,12,13,16,17,24,27,35,36" -a priority=1000 -a +DAGNodeRetry' '=' '0 -a DAG_STATUS' '=' '0 -a FAILED_COUNT' '=' '0 -a +KeepClaimIdle' '=' '20 -a notification' '=' 'never -a +DAGParentNodeNames' '=' '"Augmentation_py_ID0000002,stage_out_local_local_0_0" 00/00/clean_up_local_level_4_0.sub
08/03/20 11:24:17 From submit: Submitting job(s).
08/03/20 11:24:17 From submit: 1 job(s) submitted to cluster 86.
08/03/20 11:24:17 	assigned HTCondor ID (86.0.0)
08/03/20 11:24:17 Submitting HTCondor Node register_local_0_0 job(s)...
08/03/20 11:24:17 Adding a DAGMan workflow log /home/scitech/shared-data/CatsAndDogs/scitech/pegasus/Cats_and_Dogs/run0010/./Cats_and_Dogs-0.dag.nodes.log
08/03/20 11:24:17 Masking the events recorded in the DAGMAN workflow log
08/03/20 11:24:17 Mask for workflow log is 0,1,2,4,5,7,9,10,11,12,13,16,17,24,27,35,36
08/03/20 11:24:17 submitting: /usr/bin/condor_submit -a dag_node_name' '=' 'register_local_0_0 -a +DAGManJobId' '=' '76 -a DAGManJobId' '=' '76 -batch-name Cats_and_Dogs-0.dag+76 -a submit_event_notes' '=' 'DAG' 'Node:' 'register_local_0_0 -a dagman_log' '=' '/home/scitech/shared-data/CatsAndDogs/scitech/pegasus/Cats_and_Dogs/run0010/./Cats_and_Dogs-0.dag.nodes.log -a +DAGManNodesMask' '=' '"0,1,2,4,5,7,9,10,11,12,13,16,17,24,27,35,36" -a priority=40 -a +DAGNodeRetry' '=' '0 -a DAG_STATUS' '=' '0 -a FAILED_COUNT' '=' '0 -a notification' '=' 'never -a +DAGParentNodeNames' '=' '"stage_out_local_local_0_0" 00/00/register_local_0_0.sub
08/03/20 11:24:17 From submit: Submitting job(s).
08/03/20 11:24:17 From submit: 1 job(s) submitted to cluster 87.
08/03/20 11:24:17 	assigned HTCondor ID (87.0.0)
08/03/20 11:24:17 Just submitted 2 jobs this cycle...
08/03/20 11:24:17 Currently monitoring 1 HTCondor log file(s)
08/03/20 11:24:18 Event: ULOG_EXECUTE for HTCondor Node stage_out_local_local_1_0 (85.0.0) {08/03/20 11:24:14}
08/03/20 11:24:18 Number of idle job procs: 0
08/03/20 11:24:18 Reassigning the id of job clean_up_local_level_4_0 from (86.0.0) to (86.0.0)
08/03/20 11:24:18 Event: ULOG_SUBMIT for HTCondor Node clean_up_local_level_4_0 (86.0.0) {08/03/20 11:24:17}
08/03/20 11:24:18 Number of idle job procs: 1
08/03/20 11:24:18 Reassigning the id of job register_local_0_0 from (87.0.0) to (87.0.0)
08/03/20 11:24:18 Event: ULOG_SUBMIT for HTCondor Node register_local_0_0 (87.0.0) {08/03/20 11:24:17}
08/03/20 11:24:18 Number of idle job procs: 2
08/03/20 11:24:18 DAG status: 0 (DAG_STATUS_OK)
08/03/20 11:24:18 Of 14 nodes total:
08/03/20 11:24:18  Done     Pre   Queued    Post   Ready   Un-Ready   Failed
08/03/20 11:24:18   ===     ===      ===     ===     ===        ===      ===
08/03/20 11:24:18     8       0        3       0       0          3        0
08/03/20 11:24:18 0 job proc(s) currently held
08/03/20 11:24:18 DAGMan Runtime Statistics: [ EventCycleTimeStd = 0.08407006149352697; EventCycleTimeMax = 0.3377718925476074; SubmitCycleTimeMin = 0.0002510547637939453; SubmitCycleTimeAvg = 0.03567112922668457; SleepCycleTimeCount = 24.0; SubmitCycleTimeCount = 25.0; SubmitCycleTimeMax = 0.3317611217498779; SleepCycleTimeMin = 4.272166013717651; SubmitCycleTimeSum = 0.8917782306671143; LogProcessCycleTimeStd = 0.009056341142809281; SubmitCycleTimeStd = 0.08429092751530735; LogProcessCycleTimeAvg = 0.01136519114176432; EventCycleTimeMin = 0.0005588531494140625; LogProcessCycleTimeMax = 0.03442811965942383; LogProcessCycleTimeMin = 0.002907037734985352; LogProcessCycleTimeSum = 0.1704778671264648; LogProcessCycleTimeCount = 15.0; EventCycleTimeSum = 1.053690433502197; SleepCycleTimeSum = 119.3260164260864; SleepCycleTimeAvg = 4.971917351086934; SleepCycleTimeStd = 0.1776504888736291; SleepCycleTimeMax = 5.296888828277588; EventCycleTimeCount = 24.0; EventCycleTimeAvg = 0.04390376806259155; ]
08/03/20 11:24:23 Currently monitoring 1 HTCondor log file(s)
08/03/20 11:24:23 Event: ULOG_EXECUTE for HTCondor Node register_local_0_0 (87.0.0) {08/03/20 11:24:20}
08/03/20 11:24:23 Number of idle job procs: 1
08/03/20 11:24:23 Event: ULOG_EXECUTE for HTCondor Node clean_up_local_level_4_0 (86.0.0) {08/03/20 11:24:20}
08/03/20 11:24:23 Number of idle job procs: 0
08/03/20 11:24:28 Currently monitoring 1 HTCondor log file(s)
08/03/20 11:24:28 Event: ULOG_JOB_TERMINATED for HTCondor Node register_local_0_0 (87.0.0) {08/03/20 11:24:24}
08/03/20 11:24:28 Number of idle job procs: 0
08/03/20 11:24:28 Node register_local_0_0 job proc (87.0.0) completed successfully.
08/03/20 11:24:29 Node register_local_0_0 job completed
08/03/20 11:24:29 Running POST script of Node register_local_0_0...
08/03/20 11:24:29 Warning: mysin has length 0 (ignore if produced by DAGMan; see gittrac #4987, #5031)
08/03/20 11:24:29 DAG status: 0 (DAG_STATUS_OK)
08/03/20 11:24:29 Of 14 nodes total:
08/03/20 11:24:29  Done     Pre   Queued    Post   Ready   Un-Ready   Failed
08/03/20 11:24:29   ===     ===      ===     ===     ===        ===      ===
08/03/20 11:24:29     8       0        2       1       0          3        0
08/03/20 11:24:29 0 job proc(s) currently held
08/03/20 11:24:29 DAGMan Runtime Statistics: [ EventCycleTimeStd = 0.08185240247161378; EventCycleTimeMax = 0.3377718925476074; SubmitCycleTimeMin = 0.0002510547637939453; SubmitCycleTimeAvg = 0.03306045355620207; SleepCycleTimeCount = 26.0; SubmitCycleTimeCount = 27.0; SubmitCycleTimeMax = 0.3317611217498779; SleepCycleTimeMin = 4.272166013717651; SubmitCycleTimeSum = 0.8926322460174561; LogProcessCycleTimeStd = 0.00853528386499062; SubmitCycleTimeStd = 0.08152850591355534; LogProcessCycleTimeAvg = 0.01112163768095129; EventCycleTimeMin = 0.0005588531494140625; LogProcessCycleTimeMax = 0.03442811965942383; LogProcessCycleTimeMin = 0.002907037734985352; LogProcessCycleTimeSum = 0.1890678405761719; LogProcessCycleTimeCount = 17.0; EventCycleTimeSum = 1.166164398193359; SleepCycleTimeSum = 130.3022375106812; SleepCycleTimeAvg = 5.011624519641583; SleepCycleTimeStd = 0.2595494324742167; SleepCycleTimeMax = 5.970996141433716; EventCycleTimeCount = 26.0; EventCycleTimeAvg = 0.04485247685359074; ]
08/03/20 11:24:29 Initializing user log writer for /home/scitech/shared-data/CatsAndDogs/scitech/pegasus/Cats_and_Dogs/run0010/./Cats_and_Dogs-0.dag.nodes.log, (87.0.0)
08/03/20 11:24:34 Currently monitoring 1 HTCondor log file(s)
08/03/20 11:24:34 Event: ULOG_POST_SCRIPT_TERMINATED for HTCondor Node register_local_0_0 (87.0.0) {08/03/20 11:24:29}
08/03/20 11:24:34 POST Script of node register_local_0_0 completed successfully.
08/03/20 11:24:34 DAG status: 0 (DAG_STATUS_OK)
08/03/20 11:24:34 Of 14 nodes total:
08/03/20 11:24:34  Done     Pre   Queued    Post   Ready   Un-Ready   Failed
08/03/20 11:24:34   ===     ===      ===     ===     ===        ===      ===
08/03/20 11:24:34     9       0        2       0       0          3        0
08/03/20 11:24:34 0 job proc(s) currently held
08/03/20 11:24:34 DAGMan Runtime Statistics: [ EventCycleTimeStd = 0.08042790353563636; EventCycleTimeMax = 0.3377718925476074; SubmitCycleTimeMin = 0.0002510547637939453; SubmitCycleTimeAvg = 0.03190151282719204; SleepCycleTimeCount = 27.0; SubmitCycleTimeCount = 28.0; SubmitCycleTimeMax = 0.3317611217498779; SleepCycleTimeMin = 4.272166013717651; SubmitCycleTimeSum = 0.893242359161377; LogProcessCycleTimeStd = 0.008453817334857889; SubmitCycleTimeStd = 0.08023916697635686; LogProcessCycleTimeAvg = 0.01072016027238634; EventCycleTimeMin = 0.0005588531494140625; LogProcessCycleTimeMax = 0.03442811965942383; LogProcessCycleTimeMin = 0.002907037734985352; LogProcessCycleTimeSum = 0.1929628849029541; LogProcessCycleTimeCount = 18.0; EventCycleTimeSum = 1.184259414672852; SleepCycleTimeSum = 135.5779464244843; SleepCycleTimeAvg = 5.021405423129046; SleepCycleTimeStd = 0.2595339966399816; SleepCycleTimeMax = 5.970996141433716; EventCycleTimeCount = 27.0; EventCycleTimeAvg = 0.0438614598026982; ]
08/03/20 11:24:39 Currently monitoring 1 HTCondor log file(s)
08/03/20 11:24:39 Event: ULOG_JOB_TERMINATED for HTCondor Node clean_up_local_level_4_0 (86.0.0) {08/03/20 11:24:36}
08/03/20 11:24:39 Number of idle job procs: 0
08/03/20 11:24:39 Node clean_up_local_level_4_0 job proc (86.0.0) completed successfully.
08/03/20 11:24:39 Node clean_up_local_level_4_0 job completed
08/03/20 11:24:39 Running POST script of Node clean_up_local_level_4_0...
08/03/20 11:24:39 Warning: mysin has length 0 (ignore if produced by DAGMan; see gittrac #4987, #5031)
08/03/20 11:24:39 DAG status: 0 (DAG_STATUS_OK)
08/03/20 11:24:39 Of 14 nodes total:
08/03/20 11:24:39  Done     Pre   Queued    Post   Ready   Un-Ready   Failed
08/03/20 11:24:39   ===     ===      ===     ===     ===        ===      ===
08/03/20 11:24:39     9       0        1       1       0          3        0
08/03/20 11:24:39 0 job proc(s) currently held
08/03/20 11:24:39 DAGMan Runtime Statistics: [ EventCycleTimeStd = 0.07918442259666038; EventCycleTimeMax = 0.3377718925476074; SubmitCycleTimeMin = 0.0002510547637939453; SubmitCycleTimeAvg = 0.03082170157596983; SleepCycleTimeCount = 28.0; SubmitCycleTimeCount = 29.0; SubmitCycleTimeMax = 0.3317611217498779; SleepCycleTimeMin = 4.272166013717651; SubmitCycleTimeSum = 0.893829345703125; LogProcessCycleTimeStd = 0.008215821053748728; SubmitCycleTimeStd = 0.07900757909830172; LogProcessCycleTimeAvg = 0.01073288917541504; EventCycleTimeMin = 0.0005588531494140625; LogProcessCycleTimeMax = 0.03442811965942383; LogProcessCycleTimeMin = 0.002907037734985352; LogProcessCycleTimeSum = 0.2039248943328857; LogProcessCycleTimeCount = 19.0; EventCycleTimeSum = 1.194195508956909; SleepCycleTimeSum = 140.582186460495; SleepCycleTimeAvg = 5.020792373589107; SleepCycleTimeStd = 0.254703124789403; SleepCycleTimeMax = 5.970996141433716; EventCycleTimeCount = 28.0; EventCycleTimeAvg = 0.0426498396056039; ]
08/03/20 11:24:39 Initializing user log writer for /home/scitech/shared-data/CatsAndDogs/scitech/pegasus/Cats_and_Dogs/run0010/./Cats_and_Dogs-0.dag.nodes.log, (86.0.0)
08/03/20 11:24:44 Currently monitoring 1 HTCondor log file(s)
08/03/20 11:24:44 Event: ULOG_POST_SCRIPT_TERMINATED for HTCondor Node clean_up_local_level_4_0 (86.0.0) {08/03/20 11:24:39}
08/03/20 11:24:44 POST Script of node clean_up_local_level_4_0 completed successfully.
08/03/20 11:24:44 DAG status: 0 (DAG_STATUS_OK)
08/03/20 11:24:44 Of 14 nodes total:
08/03/20 11:24:44  Done     Pre   Queued    Post   Ready   Un-Ready   Failed
08/03/20 11:24:44   ===     ===      ===     ===     ===        ===      ===
08/03/20 11:24:44    10       0        1       0       0          3        0
08/03/20 11:24:44 0 job proc(s) currently held
08/03/20 11:24:44 DAGMan Runtime Statistics: [ EventCycleTimeStd = 0.07790323656340281; EventCycleTimeMax = 0.3377718925476074; SubmitCycleTimeMin = 0.0002510547637939453; SubmitCycleTimeAvg = 0.0298070748647054; SleepCycleTimeCount = 29.0; SubmitCycleTimeCount = 30.0; SubmitCycleTimeMax = 0.3317611217498779; SleepCycleTimeMin = 4.272166013717651; SubmitCycleTimeSum = 0.8942122459411621; LogProcessCycleTimeStd = 0.008183874613606751; SubmitCycleTimeStd = 0.07783208454307196; LogProcessCycleTimeAvg = 0.01034374237060547; EventCycleTimeMin = 0.0005588531494140625; LogProcessCycleTimeMax = 0.03442811965942383; LogProcessCycleTimeMin = 0.002907037734985352; LogProcessCycleTimeSum = 0.2068748474121094; LogProcessCycleTimeCount = 20.0; EventCycleTimeSum = 1.211201429367065; SleepCycleTimeSum = 145.9908754825592; SleepCycleTimeAvg = 5.034168120088248; SleepCycleTimeStd = 0.2602790268327828; SleepCycleTimeMax = 5.970996141433716; EventCycleTimeCount = 29.0; EventCycleTimeAvg = 0.04176556652989881; ]
08/03/20 11:25:14 Currently monitoring 1 HTCondor log file(s)
08/03/20 11:25:14 Event: ULOG_JOB_TERMINATED for HTCondor Node stage_out_local_local_1_0 (85.0.0) {08/03/20 11:25:10}
08/03/20 11:25:14 Number of idle job procs: 0
08/03/20 11:25:14 Node stage_out_local_local_1_0 job proc (85.0.0) completed successfully.
08/03/20 11:25:14 Node stage_out_local_local_1_0 job completed
08/03/20 11:25:14 Running POST script of Node stage_out_local_local_1_0...
08/03/20 11:25:14 Warning: mysin has length 0 (ignore if produced by DAGMan; see gittrac #4987, #5031)
08/03/20 11:25:14 DAG status: 0 (DAG_STATUS_OK)
08/03/20 11:25:14 Of 14 nodes total:
08/03/20 11:25:14  Done     Pre   Queued    Post   Ready   Un-Ready   Failed
08/03/20 11:25:14   ===     ===      ===     ===     ===        ===      ===
08/03/20 11:25:14    10       0        0       1       0          3        0
08/03/20 11:25:14 0 job proc(s) currently held
08/03/20 11:25:14 DAGMan Runtime Statistics: [ EventCycleTimeStd = 0.07233302543726397; EventCycleTimeMax = 0.3377718925476074; SubmitCycleTimeMin = 0.0002219676971435547; SubmitCycleTimeAvg = 0.02488872077729967; SleepCycleTimeCount = 35.0; SubmitCycleTimeCount = 36.0; SubmitCycleTimeMax = 0.3317611217498779; SleepCycleTimeMin = 4.272166013717651; SubmitCycleTimeSum = 0.8959939479827881; LogProcessCycleTimeStd = 0.007980269992286571; SubmitCycleTimeStd = 0.07171997633489605; LogProcessCycleTimeAvg = 0.01029132661365327; EventCycleTimeMin = 0.0005002021789550781; LogProcessCycleTimeMax = 0.03442811965942383; LogProcessCycleTimeMin = 0.002907037734985352; LogProcessCycleTimeSum = 0.2161178588867188; LogProcessCycleTimeCount = 21.0; EventCycleTimeSum = 1.222402334213257; SleepCycleTimeSum = 175.9820895195007; SleepCycleTimeAvg = 5.028059700557164; SleepCycleTimeStd = 0.2366536916233453; SleepCycleTimeMax = 5.970996141433716; EventCycleTimeCount = 35.0; EventCycleTimeAvg = 0.03492578097752162; ]
08/03/20 11:25:15 Initializing user log writer for /home/scitech/shared-data/CatsAndDogs/scitech/pegasus/Cats_and_Dogs/run0010/./Cats_and_Dogs-0.dag.nodes.log, (85.0.0)
08/03/20 11:25:19 Currently monitoring 1 HTCondor log file(s)
08/03/20 11:25:19 Event: ULOG_POST_SCRIPT_TERMINATED for HTCondor Node stage_out_local_local_1_0 (85.0.0) {08/03/20 11:25:15}
08/03/20 11:25:19 POST Script of node stage_out_local_local_1_0 completed successfully.
08/03/20 11:25:19 DAG status: 0 (DAG_STATUS_OK)
08/03/20 11:25:19 Of 14 nodes total:
08/03/20 11:25:19  Done     Pre   Queued    Post   Ready   Un-Ready   Failed
08/03/20 11:25:19   ===     ===      ===     ===     ===        ===      ===
08/03/20 11:25:19    11       0        0       0       2          1        0
08/03/20 11:25:19 0 job proc(s) currently held
08/03/20 11:25:19 DAGMan Runtime Statistics: [ EventCycleTimeStd = 0.07137553690174211; EventCycleTimeMax = 0.3377718925476074; SubmitCycleTimeMin = 0.0002219676971435547; SubmitCycleTimeAvg = 0.02422275414337983; SleepCycleTimeCount = 36.0; SubmitCycleTimeCount = 37.0; SubmitCycleTimeMax = 0.3317611217498779; SleepCycleTimeMin = 4.272166013717651; SubmitCycleTimeSum = 0.8962419033050537; LogProcessCycleTimeStd = 0.007938052487239682; SubmitCycleTimeStd = 0.07083278089712308; LogProcessCycleTimeAvg = 0.00996376167644154; EventCycleTimeMin = 0.0005002021789550781; LogProcessCycleTimeMax = 0.03442811965942383; LogProcessCycleTimeMin = 0.002907037734985352; LogProcessCycleTimeSum = 0.2192027568817139; LogProcessCycleTimeCount = 22.0; EventCycleTimeSum = 1.236640453338623; SleepCycleTimeSum = 180.510817527771; SleepCycleTimeAvg = 5.014189375771417; SleepCycleTimeStd = 0.2476503997850199; SleepCycleTimeMax = 5.970996141433716; EventCycleTimeCount = 36.0; EventCycleTimeAvg = 0.03435112370385064; ]
08/03/20 11:25:24 Submitting HTCondor Node clean_up_local_level_5_0 job(s)...
08/03/20 11:25:24 Adding a DAGMan workflow log /home/scitech/shared-data/CatsAndDogs/scitech/pegasus/Cats_and_Dogs/run0010/./Cats_and_Dogs-0.dag.nodes.log
08/03/20 11:25:24 Masking the events recorded in the DAGMAN workflow log
08/03/20 11:25:24 Mask for workflow log is 0,1,2,4,5,7,9,10,11,12,13,16,17,24,27,35,36
08/03/20 11:25:24 submitting: /usr/bin/condor_submit -a dag_node_name' '=' 'clean_up_local_level_5_0 -a +DAGManJobId' '=' '76 -a DAGManJobId' '=' '76 -batch-name Cats_and_Dogs-0.dag+76 -a submit_event_notes' '=' 'DAG' 'Node:' 'clean_up_local_level_5_0 -a dagman_log' '=' '/home/scitech/shared-data/CatsAndDogs/scitech/pegasus/Cats_and_Dogs/run0010/./Cats_and_Dogs-0.dag.nodes.log -a +DAGManNodesMask' '=' '"0,1,2,4,5,7,9,10,11,12,13,16,17,24,27,35,36" -a priority=1000 -a +DAGNodeRetry' '=' '0 -a DAG_STATUS' '=' '0 -a FAILED_COUNT' '=' '0 -a +KeepClaimIdle' '=' '20 -a notification' '=' 'never -a +DAGParentNodeNames' '=' '"stage_out_local_local_1_0" 00/00/clean_up_local_level_5_0.sub
08/03/20 11:25:24 From submit: Submitting job(s).
08/03/20 11:25:24 From submit: 1 job(s) submitted to cluster 88.
08/03/20 11:25:24 	assigned HTCondor ID (88.0.0)
08/03/20 11:25:24 Submitting HTCondor Node register_local_1_0 job(s)...
08/03/20 11:25:24 Adding a DAGMan workflow log /home/scitech/shared-data/CatsAndDogs/scitech/pegasus/Cats_and_Dogs/run0010/./Cats_and_Dogs-0.dag.nodes.log
08/03/20 11:25:24 Masking the events recorded in the DAGMAN workflow log
08/03/20 11:25:24 Mask for workflow log is 0,1,2,4,5,7,9,10,11,12,13,16,17,24,27,35,36
08/03/20 11:25:24 submitting: /usr/bin/condor_submit -a dag_node_name' '=' 'register_local_1_0 -a +DAGManJobId' '=' '76 -a DAGManJobId' '=' '76 -batch-name Cats_and_Dogs-0.dag+76 -a submit_event_notes' '=' 'DAG' 'Node:' 'register_local_1_0 -a dagman_log' '=' '/home/scitech/shared-data/CatsAndDogs/scitech/pegasus/Cats_and_Dogs/run0010/./Cats_and_Dogs-0.dag.nodes.log -a +DAGManNodesMask' '=' '"0,1,2,4,5,7,9,10,11,12,13,16,17,24,27,35,36" -a priority=50 -a +DAGNodeRetry' '=' '0 -a DAG_STATUS' '=' '0 -a FAILED_COUNT' '=' '0 -a notification' '=' 'never -a +DAGParentNodeNames' '=' '"stage_out_local_local_1_0" 00/00/register_local_1_0.sub
08/03/20 11:25:24 From submit: Submitting job(s).
08/03/20 11:25:24 From submit: 1 job(s) submitted to cluster 89.
08/03/20 11:25:24 	assigned HTCondor ID (89.0.0)
08/03/20 11:25:24 Just submitted 2 jobs this cycle...
08/03/20 11:25:24 DAG status: 0 (DAG_STATUS_OK)
08/03/20 11:25:24 Of 14 nodes total:
08/03/20 11:25:24  Done     Pre   Queued    Post   Ready   Un-Ready   Failed
08/03/20 11:25:24   ===     ===      ===     ===     ===        ===      ===
08/03/20 11:25:24    11       0        2       0       0          1        0
08/03/20 11:25:24 0 job proc(s) currently held
08/03/20 11:25:24 DAGMan Runtime Statistics: [ EventCycleTimeStd = 0.0705123107282009; EventCycleTimeMax = 0.3377718925476074; SubmitCycleTimeMin = 0.0002219676971435547; SubmitCycleTimeAvg = 0.02588284015655518; SleepCycleTimeCount = 37.0; SubmitCycleTimeCount = 38.0; SubmitCycleTimeMax = 0.3317611217498779; SleepCycleTimeMin = 4.272166013717651; SubmitCycleTimeSum = 0.9835479259490967; LogProcessCycleTimeStd = 0.007938052487239682; SubmitCycleTimeStd = 0.07061447629306802; LogProcessCycleTimeAvg = 0.00996376167644154; EventCycleTimeMin = 0.0005002021789550781; LogProcessCycleTimeMax = 0.03442811965942383; LogProcessCycleTimeMin = 0.002907037734985352; LogProcessCycleTimeSum = 0.2192027568817139; LogProcessCycleTimeCount = 22.0; EventCycleTimeSum = 1.244455337524414; SleepCycleTimeSum = 185.4804375171661; SleepCycleTimeAvg = 5.012984797761247; SleepCycleTimeStd = 0.2442964934072074; SleepCycleTimeMax = 5.970996141433716; EventCycleTimeCount = 37.0; EventCycleTimeAvg = 0.03363392804120038; ]
08/03/20 11:25:29 Currently monitoring 1 HTCondor log file(s)
08/03/20 11:25:29 Reassigning the id of job clean_up_local_level_5_0 from (88.0.0) to (88.0.0)
08/03/20 11:25:29 Event: ULOG_SUBMIT for HTCondor Node clean_up_local_level_5_0 (88.0.0) {08/03/20 11:25:24}
08/03/20 11:25:29 Number of idle job procs: 1
08/03/20 11:25:29 Reassigning the id of job register_local_1_0 from (89.0.0) to (89.0.0)
08/03/20 11:25:29 Event: ULOG_SUBMIT for HTCondor Node register_local_1_0 (89.0.0) {08/03/20 11:25:24}
08/03/20 11:25:29 Number of idle job procs: 2
08/03/20 11:25:29 Event: ULOG_EXECUTE for HTCondor Node register_local_1_0 (89.0.0) {08/03/20 11:25:29}
08/03/20 11:25:29 Number of idle job procs: 1
08/03/20 11:25:29 Event: ULOG_EXECUTE for HTCondor Node clean_up_local_level_5_0 (88.0.0) {08/03/20 11:25:29}
08/03/20 11:25:29 Number of idle job procs: 0
08/03/20 11:25:34 Currently monitoring 1 HTCondor log file(s)
08/03/20 11:25:34 Event: ULOG_JOB_TERMINATED for HTCondor Node register_local_1_0 (89.0.0) {08/03/20 11:25:32}
08/03/20 11:25:34 Number of idle job procs: 0
08/03/20 11:25:34 Node register_local_1_0 job proc (89.0.0) completed successfully.
08/03/20 11:25:34 Node register_local_1_0 job completed
08/03/20 11:25:34 Running POST script of Node register_local_1_0...
08/03/20 11:25:34 Warning: mysin has length 0 (ignore if produced by DAGMan; see gittrac #4987, #5031)
08/03/20 11:25:34 DAG status: 0 (DAG_STATUS_OK)
08/03/20 11:25:34 Of 14 nodes total:
08/03/20 11:25:34  Done     Pre   Queued    Post   Ready   Un-Ready   Failed
08/03/20 11:25:34   ===     ===      ===     ===     ===        ===      ===
08/03/20 11:25:34    11       0        1       1       0          1        0
08/03/20 11:25:34 0 job proc(s) currently held
08/03/20 11:25:34 DAGMan Runtime Statistics: [ EventCycleTimeStd = 0.06939486756950777; EventCycleTimeMax = 0.3377718925476074; SubmitCycleTimeMin = 0.0002219676971435547; SubmitCycleTimeAvg = 0.02460845112800598; SleepCycleTimeCount = 39.0; SubmitCycleTimeCount = 40.0; SubmitCycleTimeMax = 0.3317611217498779; SleepCycleTimeMin = 4.272166013717651; SubmitCycleTimeSum = 0.9843380451202393; LogProcessCycleTimeStd = 0.007609569423505677; SubmitCycleTimeStd = 0.06900970960691481; LogProcessCycleTimeAvg = 0.01001653075218201; EventCycleTimeMin = 0.0005002021789550781; LogProcessCycleTimeMax = 0.03442811965942383; LogProcessCycleTimeMin = 0.002907037734985352; LogProcessCycleTimeSum = 0.2403967380523682; LogProcessCycleTimeCount = 24.0; EventCycleTimeSum = 1.345865488052368; SleepCycleTimeSum = 195.4860265254974; SleepCycleTimeAvg = 5.012462218602498; SleepCycleTimeStd = 0.2377920595803296; SleepCycleTimeMax = 5.970996141433716; EventCycleTimeCount = 39.0; EventCycleTimeAvg = 0.03450937148852226; ]
08/03/20 11:25:34 Initializing user log writer for /home/scitech/shared-data/CatsAndDogs/scitech/pegasus/Cats_and_Dogs/run0010/./Cats_and_Dogs-0.dag.nodes.log, (89.0.0)
08/03/20 11:25:39 Currently monitoring 1 HTCondor log file(s)
08/03/20 11:25:39 Event: ULOG_POST_SCRIPT_TERMINATED for HTCondor Node register_local_1_0 (89.0.0) {08/03/20 11:25:34}
08/03/20 11:25:39 POST Script of node register_local_1_0 completed successfully.
08/03/20 11:25:39 DAG status: 0 (DAG_STATUS_OK)
08/03/20 11:25:39 Of 14 nodes total:
08/03/20 11:25:39  Done     Pre   Queued    Post   Ready   Un-Ready   Failed
08/03/20 11:25:39   ===     ===      ===     ===     ===        ===      ===
08/03/20 11:25:39    12       0        1       0       0          1        0
08/03/20 11:25:39 0 job proc(s) currently held
08/03/20 11:25:39 DAGMan Runtime Statistics: [ EventCycleTimeStd = 0.068545018090929; EventCycleTimeMax = 0.3377718925476074; SubmitCycleTimeMin = 0.0002219676971435547; SubmitCycleTimeAvg = 0.02401414731653725; SleepCycleTimeCount = 40.0; SubmitCycleTimeCount = 41.0; SubmitCycleTimeMax = 0.3317611217498779; SleepCycleTimeMin = 4.272166013717651; SubmitCycleTimeSum = 0.9845800399780273; LogProcessCycleTimeStd = 0.0075812671779122; SubmitCycleTimeStd = 0.06824780287572135; LogProcessCycleTimeAvg = 0.009734907150268556; EventCycleTimeMin = 0.0005002021789550781; LogProcessCycleTimeMax = 0.03442811965942383; LogProcessCycleTimeMin = 0.002907037734985352; LogProcessCycleTimeSum = 0.2433726787567139; LogProcessCycleTimeCount = 25.0; EventCycleTimeSum = 1.364563465118408; SleepCycleTimeSum = 200.8214914798737; SleepCycleTimeAvg = 5.020537286996841; SleepCycleTimeStd = 0.2402154436266737; SleepCycleTimeMax = 5.970996141433716; EventCycleTimeCount = 40.0; EventCycleTimeAvg = 0.03411408662796021; ]
08/03/20 11:25:49 Currently monitoring 1 HTCondor log file(s)
08/03/20 11:25:49 Event: ULOG_JOB_TERMINATED for HTCondor Node clean_up_local_level_5_0 (88.0.0) {08/03/20 11:25:45}
08/03/20 11:25:49 Number of idle job procs: 0
08/03/20 11:25:49 Node clean_up_local_level_5_0 job proc (88.0.0) completed successfully.
08/03/20 11:25:49 Node clean_up_local_level_5_0 job completed
08/03/20 11:25:49 Running POST script of Node clean_up_local_level_5_0...
08/03/20 11:25:49 Warning: mysin has length 0 (ignore if produced by DAGMan; see gittrac #4987, #5031)
08/03/20 11:25:49 DAG status: 0 (DAG_STATUS_OK)
08/03/20 11:25:49 Of 14 nodes total:
08/03/20 11:25:49  Done     Pre   Queued    Post   Ready   Un-Ready   Failed
08/03/20 11:25:49   ===     ===      ===     ===     ===        ===      ===
08/03/20 11:25:49    12       0        0       1       0          1        0
08/03/20 11:25:49 0 job proc(s) currently held
08/03/20 11:25:49 DAGMan Runtime Statistics: [ EventCycleTimeStd = 0.06714411280841973; EventCycleTimeMax = 0.3377718925476074; SubmitCycleTimeMin = 0.0002219676971435547; SubmitCycleTimeAvg = 0.02294228243273358; SleepCycleTimeCount = 42.0; SubmitCycleTimeCount = 43.0; SubmitCycleTimeMax = 0.3317611217498779; SleepCycleTimeMin = 4.272166013717651; SubmitCycleTimeSum = 0.9865181446075439; LogProcessCycleTimeStd = 0.007505720041245762; SubmitCycleTimeStd = 0.06678381584295859; LogProcessCycleTimeAvg = 0.009946062014653133; EventCycleTimeMin = 0.0005002021789550781; LogProcessCycleTimeMax = 0.03442811965942383; LogProcessCycleTimeMin = 0.002907037734985352; LogProcessCycleTimeSum = 0.2585976123809814; LogProcessCycleTimeCount = 26.0; EventCycleTimeSum = 1.374956369400024; SleepCycleTimeSum = 210.8331036567688; SleepCycleTimeAvg = 5.019835801351638; SleepCycleTimeStd = 0.2343051537982191; SleepCycleTimeMax = 5.970996141433716; EventCycleTimeCount = 42.0; EventCycleTimeAvg = 0.03273705641428629; ]
08/03/20 11:25:50 Initializing user log writer for /home/scitech/shared-data/CatsAndDogs/scitech/pegasus/Cats_and_Dogs/run0010/./Cats_and_Dogs-0.dag.nodes.log, (88.0.0)
08/03/20 11:25:54 Currently monitoring 1 HTCondor log file(s)
08/03/20 11:25:54 Event: ULOG_POST_SCRIPT_TERMINATED for HTCondor Node clean_up_local_level_5_0 (88.0.0) {08/03/20 11:25:50}
08/03/20 11:25:54 POST Script of node clean_up_local_level_5_0 completed successfully.
08/03/20 11:25:54 DAG status: 0 (DAG_STATUS_OK)
08/03/20 11:25:54 Of 14 nodes total:
08/03/20 11:25:54  Done     Pre   Queued    Post   Ready   Un-Ready   Failed
08/03/20 11:25:54   ===     ===      ===     ===     ===        ===      ===
08/03/20 11:25:54    13       0        0       0       1          0        0
08/03/20 11:25:54 0 job proc(s) currently held
08/03/20 11:25:54 DAGMan Runtime Statistics: [ EventCycleTimeStd = 0.06635334449100892; EventCycleTimeMax = 0.3377718925476074; SubmitCycleTimeMin = 0.0002219676971435547; SubmitCycleTimeAvg = 0.02244571122256192; SleepCycleTimeCount = 43.0; SubmitCycleTimeCount = 44.0; SubmitCycleTimeMax = 0.3317611217498779; SleepCycleTimeMin = 4.272166013717651; SubmitCycleTimeSum = 0.9876112937927246; LogProcessCycleTimeStd = 0.007362828663091374; SubmitCycleTimeStd = 0.06608483156925316; LogProcessCycleTimeAvg = 0.009906539210566768; EventCycleTimeMin = 0.0005002021789550781; LogProcessCycleTimeMax = 0.03442811965942383; LogProcessCycleTimeMin = 0.002907037734985352; LogProcessCycleTimeSum = 0.2674765586853027; LogProcessCycleTimeCount = 27.0; EventCycleTimeSum = 1.398955345153809; SleepCycleTimeSum = 215.1311695575714; SleepCycleTimeAvg = 5.003050454827243; SleepCycleTimeStd = 0.2563336618549943; SleepCycleTimeMax = 5.970996141433716; EventCycleTimeCount = 43.0; EventCycleTimeAvg = 0.03253384523613508; ]
08/03/20 11:25:59 Submitting HTCondor Node cleanup_Cats_and_Dogs_0_local job(s)...
08/03/20 11:25:59 Adding a DAGMan workflow log /home/scitech/shared-data/CatsAndDogs/scitech/pegasus/Cats_and_Dogs/run0010/./Cats_and_Dogs-0.dag.nodes.log
08/03/20 11:25:59 Masking the events recorded in the DAGMAN workflow log
08/03/20 11:25:59 Mask for workflow log is 0,1,2,4,5,7,9,10,11,12,13,16,17,24,27,35,36
08/03/20 11:25:59 submitting: /usr/bin/condor_submit -a dag_node_name' '=' 'cleanup_Cats_and_Dogs_0_local -a +DAGManJobId' '=' '76 -a DAGManJobId' '=' '76 -batch-name Cats_and_Dogs-0.dag+76 -a submit_event_notes' '=' 'DAG' 'Node:' 'cleanup_Cats_and_Dogs_0_local -a dagman_log' '=' '/home/scitech/shared-data/CatsAndDogs/scitech/pegasus/Cats_and_Dogs/run0010/./Cats_and_Dogs-0.dag.nodes.log -a +DAGManNodesMask' '=' '"0,1,2,4,5,7,9,10,11,12,13,16,17,24,27,35,36" -a priority=1000 -a +DAGNodeRetry' '=' '0 -a DAG_STATUS' '=' '0 -a FAILED_COUNT' '=' '0 -a notification' '=' 'never -a +DAGParentNodeNames' '=' '"clean_up_local_level_3_0,clean_up_local_level_4_0,clean_up_local_level_5_0" 00/00/cleanup_Cats_and_Dogs_0_local.sub
08/03/20 11:25:59 From submit: Submitting job(s).
08/03/20 11:25:59 From submit: 1 job(s) submitted to cluster 90.
08/03/20 11:25:59 	assigned HTCondor ID (90.0.0)
08/03/20 11:25:59 Just submitted 1 job this cycle...
08/03/20 11:25:59 DAG status: 0 (DAG_STATUS_OK)
08/03/20 11:25:59 Of 14 nodes total:
08/03/20 11:25:59  Done     Pre   Queued    Post   Ready   Un-Ready   Failed
08/03/20 11:25:59   ===     ===      ===     ===     ===        ===      ===
08/03/20 11:25:59    13       0        1       0       0          0        0
08/03/20 11:25:59 0 job proc(s) currently held
08/03/20 11:25:59 DAGMan Runtime Statistics: [ EventCycleTimeStd = 0.06561286820056805; EventCycleTimeMax = 0.3377718925476074; SubmitCycleTimeMin = 0.0002219676971435547; SubmitCycleTimeAvg = 0.02299200693766276; SleepCycleTimeCount = 44.0; SubmitCycleTimeCount = 45.0; SubmitCycleTimeMax = 0.3317611217498779; SleepCycleTimeMin = 4.272166013717651; SubmitCycleTimeSum = 1.034640312194824; LogProcessCycleTimeStd = 0.007362828663091374; SubmitCycleTimeStd = 0.06543225550635981; LogProcessCycleTimeAvg = 0.009906539210566768; EventCycleTimeMin = 0.0005002021789550781; LogProcessCycleTimeMax = 0.03442811965942383; LogProcessCycleTimeMin = 0.002907037734985352; LogProcessCycleTimeSum = 0.2674765586853027; LogProcessCycleTimeCount = 27.0; EventCycleTimeSum = 1.41715145111084; SleepCycleTimeSum = 220.1373524665833; SleepCycleTimeAvg = 5.003121646967801; SleepCycleTimeStd = 0.2533359443305069; SleepCycleTimeMax = 5.970996141433716; EventCycleTimeCount = 44.0; EventCycleTimeAvg = 0.03220798752524636; ]
08/03/20 11:26:04 Currently monitoring 1 HTCondor log file(s)
08/03/20 11:26:04 Reassigning the id of job cleanup_Cats_and_Dogs_0_local from (90.0.0) to (90.0.0)
08/03/20 11:26:04 Event: ULOG_SUBMIT for HTCondor Node cleanup_Cats_and_Dogs_0_local (90.0.0) {08/03/20 11:25:59}
08/03/20 11:26:04 Number of idle job procs: 1
08/03/20 11:26:04 Event: ULOG_EXECUTE for HTCondor Node cleanup_Cats_and_Dogs_0_local (90.0.0) {08/03/20 11:26:03}
08/03/20 11:26:04 Number of idle job procs: 0
08/03/20 11:26:09 Currently monitoring 1 HTCondor log file(s)
08/03/20 11:26:09 Event: ULOG_JOB_TERMINATED for HTCondor Node cleanup_Cats_and_Dogs_0_local (90.0.0) {08/03/20 11:26:05}
08/03/20 11:26:09 Number of idle job procs: 0
08/03/20 11:26:09 Node cleanup_Cats_and_Dogs_0_local job proc (90.0.0) completed successfully.
08/03/20 11:26:09 Node cleanup_Cats_and_Dogs_0_local job completed
08/03/20 11:26:09 Running POST script of Node cleanup_Cats_and_Dogs_0_local...
08/03/20 11:26:09 Warning: mysin has length 0 (ignore if produced by DAGMan; see gittrac #4987, #5031)
08/03/20 11:26:09 DAG status: 0 (DAG_STATUS_OK)
08/03/20 11:26:09 Of 14 nodes total:
08/03/20 11:26:09  Done     Pre   Queued    Post   Ready   Un-Ready   Failed
08/03/20 11:26:09   ===     ===      ===     ===     ===        ===      ===
08/03/20 11:26:09    13       0        0       1       0          0        0
08/03/20 11:26:09 0 job proc(s) currently held
08/03/20 11:26:09 DAGMan Runtime Statistics: [ EventCycleTimeStd = 0.06426222249456386; EventCycleTimeMax = 0.3377718925476074; SubmitCycleTimeMin = 0.0002219676971435547; SubmitCycleTimeAvg = 0.02205196847306921; SleepCycleTimeCount = 46.0; SubmitCycleTimeCount = 47.0; SubmitCycleTimeMax = 0.3317611217498779; SleepCycleTimeMin = 4.272166013717651; SubmitCycleTimeSum = 1.036442518234253; LogProcessCycleTimeStd = 0.007135079890234174; SubmitCycleTimeStd = 0.0641525964262375; LogProcessCycleTimeAvg = 0.01005185061487658; EventCycleTimeMin = 0.0005002021789550781; LogProcessCycleTimeMax = 0.03442811965942383; LogProcessCycleTimeMin = 0.002907037734985352; LogProcessCycleTimeSum = 0.2915036678314209; LogProcessCycleTimeCount = 29.0; EventCycleTimeSum = 1.488085269927979; SleepCycleTimeSum = 230.1436586380005; SleepCycleTimeAvg = 5.003123013869576; SleepCycleTimeStd = 0.2476426456584641; SleepCycleTimeMax = 5.970996141433716; EventCycleTimeCount = 46.0; EventCycleTimeAvg = 0.03234967978104301; ]
08/03/20 11:26:09 Initializing user log writer for /home/scitech/shared-data/CatsAndDogs/scitech/pegasus/Cats_and_Dogs/run0010/./Cats_and_Dogs-0.dag.nodes.log, (90.0.0)
08/03/20 11:26:14 Currently monitoring 1 HTCondor log file(s)
08/03/20 11:26:14 Event: ULOG_POST_SCRIPT_TERMINATED for HTCondor Node cleanup_Cats_and_Dogs_0_local (90.0.0) {08/03/20 11:26:09}
08/03/20 11:26:14 POST Script of node cleanup_Cats_and_Dogs_0_local completed successfully.
08/03/20 11:26:14 DAG status: 0 (DAG_STATUS_OK)
08/03/20 11:26:14 Of 14 nodes total:
08/03/20 11:26:14  Done     Pre   Queued    Post   Ready   Un-Ready   Failed
08/03/20 11:26:14   ===     ===      ===     ===     ===        ===      ===
08/03/20 11:26:14    14       0        0       0       0          0        0
08/03/20 11:26:14 0 job proc(s) currently held
08/03/20 11:26:14 DAGMan Runtime Statistics: [ EventCycleTimeStd = 0.0636036385598184; EventCycleTimeMax = 0.3377718925476074; SubmitCycleTimeMin = 0.0002219676971435547; SubmitCycleTimeAvg = 0.02160155276457469; SleepCycleTimeCount = 47.0; SubmitCycleTimeCount = 48.0; SubmitCycleTimeMax = 0.3317611217498779; SleepCycleTimeMin = 4.272166013717651; SubmitCycleTimeSum = 1.036874532699585; LogProcessCycleTimeStd = 0.007098998543652835; SubmitCycleTimeStd = 0.06354312379607385; LogProcessCycleTimeAvg = 0.009848388036092122; EventCycleTimeMin = 0.0005002021789550781; LogProcessCycleTimeMax = 0.03442811965942383; LogProcessCycleTimeMin = 0.002907037734985352; LogProcessCycleTimeSum = 0.2954516410827637; LogProcessCycleTimeCount = 30.0; EventCycleTimeSum = 1.504263401031494; SleepCycleTimeSum = 235.3694956302643; SleepCycleTimeAvg = 5.007861609154559; SleepCycleTimeStd = 0.2470810359260279; SleepCycleTimeMax = 5.970996141433716; EventCycleTimeCount = 47.0; EventCycleTimeAvg = 0.03200560427726584; ]
08/03/20 11:26:14 All jobs Completed!
08/03/20 11:26:14 Note: 0 total job deferrals because of -MaxJobs limit (0)
08/03/20 11:26:14 Note: 0 total job deferrals because of -MaxIdle limit (1000)
08/03/20 11:26:14 Note: 0 total job deferrals because of node category throttles
08/03/20 11:26:14 Note: 0 total PRE script deferrals because of -MaxPre limit (20) or DEFER
08/03/20 11:26:14 Note: 0 total POST script deferrals because of -MaxPost limit (20) or DEFER
08/03/20 11:26:14 DAG status: 0 (DAG_STATUS_OK)
08/03/20 11:26:14 Of 14 nodes total:
08/03/20 11:26:14  Done     Pre   Queued    Post   Ready   Un-Ready   Failed
08/03/20 11:26:14   ===     ===      ===     ===     ===        ===      ===
08/03/20 11:26:14    14       0        0       0       0          0        0
08/03/20 11:26:14 0 job proc(s) currently held
08/03/20 11:26:14 DAGMan Runtime Statistics: [ EventCycleTimeStd = 0.0636036385598184; EventCycleTimeMax = 0.3377718925476074; SubmitCycleTimeMin = 0.0002219676971435547; SubmitCycleTimeAvg = 0.02160155276457469; SleepCycleTimeCount = 47.0; SubmitCycleTimeCount = 48.0; SubmitCycleTimeMax = 0.3317611217498779; SleepCycleTimeMin = 4.272166013717651; SubmitCycleTimeSum = 1.036874532699585; LogProcessCycleTimeStd = 0.007098998543652835; SubmitCycleTimeStd = 0.06354312379607385; LogProcessCycleTimeAvg = 0.009848388036092122; EventCycleTimeMin = 0.0005002021789550781; LogProcessCycleTimeMax = 0.03442811965942383; LogProcessCycleTimeMin = 0.002907037734985352; LogProcessCycleTimeSum = 0.2954516410827637; LogProcessCycleTimeCount = 30.0; EventCycleTimeSum = 1.504263401031494; SleepCycleTimeSum = 235.3694956302643; SleepCycleTimeAvg = 5.007861609154559; SleepCycleTimeStd = 0.2470810359260279; SleepCycleTimeMax = 5.970996141433716; EventCycleTimeCount = 47.0; EventCycleTimeAvg = 0.03200560427726584; ]
08/03/20 11:26:14 Wrote metrics file Cats_and_Dogs-0.dag.metrics.
08/03/20 11:26:14 Reporting metrics to Pegasus metrics server(s); output is in Cats_and_Dogs-0.dag.metrics.out.
08/03/20 11:26:14 Running command </usr/libexec/condor/condor_dagman_metrics_reporter -f Cats_and_Dogs-0.dag.metrics -t 100>
08/03/20 11:26:14 Warning: mysin has length 0 (ignore if produced by DAGMan; see gittrac #4987, #5031)
08/03/20 11:26:14 DAGMan Runtime Statistics: [ EventCycleTimeStd = 0.0636036385598184; EventCycleTimeMax = 0.3377718925476074; SubmitCycleTimeMin = 0.0002219676971435547; SubmitCycleTimeAvg = 0.02160155276457469; SleepCycleTimeCount = 47.0; SubmitCycleTimeCount = 48.0; SubmitCycleTimeMax = 0.3317611217498779; SleepCycleTimeMin = 4.272166013717651; SubmitCycleTimeSum = 1.036874532699585; LogProcessCycleTimeStd = 0.007098998543652835; SubmitCycleTimeStd = 0.06354312379607385; LogProcessCycleTimeAvg = 0.009848388036092122; EventCycleTimeMin = 0.0005002021789550781; LogProcessCycleTimeMax = 0.03442811965942383; LogProcessCycleTimeMin = 0.002907037734985352; LogProcessCycleTimeSum = 0.2954516410827637; LogProcessCycleTimeCount = 30.0; EventCycleTimeSum = 1.504263401031494; SleepCycleTimeSum = 235.3694956302643; SleepCycleTimeAvg = 5.007861609154559; SleepCycleTimeStd = 0.2470810359260279; SleepCycleTimeMax = 5.970996141433716; EventCycleTimeCount = 47.0; EventCycleTimeAvg = 0.03200560427726584; ]
08/03/20 11:26:14 **** condor_scheduniv_exec.76.0 (condor_DAGMAN) pid 89579 EXITING WITH STATUS 0
