2020-08-03 11:22:13,993:INFO:pegasus-monitord(58): pegasus-monitord starting - pid 89580 
2020-08-03 11:22:14,010:INFO:pegasus-monitord(455): Final Command line options are: ['-N', 'Cats_and_Dogs-0.dag.dagman.out']
2020-08-03 11:22:14,028:INFO:Pegasus.monitoring.event_output(629): Connecting workflow event sink to sqlite:////home/scitech/shared-data/CatsAndDogs/scitech/pegasus/Cats_and_Dogs/run0010/Cats_and_Dogs-0.stampede.db
Created Pegasus database in: sqlite:////home/scitech/shared-data/CatsAndDogs/scitech/pegasus/Cats_and_Dogs/run0010/Cats_and_Dogs-0.stampede.db
Your database is compatible with Pegasus version: 5.0.0dev
2020-08-03 11:22:14,799:INFO:Pegasus.monitoring.event_output(703): output type=DB namespace=stampede. name=sqlite:////home/scitech/shared-data/CatsAndDogs/scitech/pegasus/Cats_and_Dogs/run0010/Cats_and_Dogs-0.stampede.db
2020-08-03 11:22:14,800:INFO:Pegasus.monitoring.event_output(629): Connecting workflow event sink to sqlite:////home/scitech/.pegasus/workflow.db
Your database is compatible with Pegasus version: 5.0.0dev
2020-08-03 11:22:15,199:INFO:Pegasus.monitoring.event_output(703): output type=DB namespace=dashboard. name=sqlite:////home/scitech/.pegasus/workflow.db
2020-08-03 11:22:15,200:INFO:pegasus-monitord(1247): monitord started in fast start mode
2020-08-03 11:22:15,217:INFO:Pegasus.monitoring.workflow(461): cannot open state file /home/scitech/shared-data/CatsAndDogs/scitech/pegasus/Cats_and_Dogs/run0010/monitord.info, continuing without state...
2020-08-03 11:22:15,218:INFO:Pegasus.monitoring.workflow(1148): creating new file /home/scitech/shared-data/CatsAndDogs/scitech/pegasus/Cats_and_Dogs/run0010/jobstate.log
2020-08-03 11:22:15,218:INFO:Pegasus.monitoring.workflow(1158): Appending to existing jobstate.log replay_mode 0 previous_processed_line 0
2020-08-03 11:22:15,220:INFO:Pegasus.monitoring.notifications(474): loading notifications from /home/scitech/shared-data/CatsAndDogs/scitech/pegasus/Cats_and_Dogs/run0010/Cats_and_Dogs-0.notify
2020-08-03 11:22:15,406:INFO:Pegasus.monitoring.workflow(205): Parsing DAG file /home/scitech/shared-data/CatsAndDogs/scitech/pegasus/Cats_and_Dogs/run0010/Cats_and_Dogs-0.dag
2020-08-03 11:22:15,410:INFO:pegasus-monitord(974): Using DAGMan version 8.8.9 80809
2020-08-03 11:22:15,410:INFO:pegasus-monitord(949): DAGMan runs at pid 89579
2020-08-03 11:22:15,413:INFO:pegasus-monitord(955): using dag Cats_and_Dogs-0.dag
2020-08-03 11:22:15,413:INFO:Pegasus.monitoring.workflow(811): DAGMan starting with condor id 76.0
2020-08-03 11:23:31,339:WARNING:Pegasus.monitoring.workflow(1706): truncating stdout for job stage_in_local_local_0_0
2020-08-03 11:25:40,549:WARNING:Pegasus.monitoring.workflow(1706): truncating stdout for job stage_out_local_local_0_0
2020-08-03 11:25:40,694:INFO:Pegasus.monitoring.workflow(2467): Populating locations corresponding to succeeded registration job  /home/scitech/shared-data/CatsAndDogs/scitech/pegasus/Cats_and_Dogs/run0010/00/00/register_local_0_0.in 
2020-08-03 11:25:41,142:WARNING:Pegasus.monitoring.workflow(1706): truncating stdout for job stage_out_local_local_1_0
2020-08-03 11:25:41,250:INFO:Pegasus.monitoring.workflow(2467): Populating locations corresponding to succeeded registration job  /home/scitech/shared-data/CatsAndDogs/scitech/pegasus/Cats_and_Dogs/run0010/00/00/register_local_1_0.in 
2020-08-03 11:25:54,937:WARNING:Pegasus.monitoring.workflow(1706): truncating stdout for job clean_up_local_level_5_0
2020-08-03 11:26:15,233:INFO:pegasus-monitord(927): DAGMan Cats_and_Dogs-0.dag finished with exit code 0
2020-08-03 11:26:16,255:INFO:pegasus-monitord(1427): workflow /home/scitech/shared-data/CatsAndDogs/scitech/pegasus/Cats_and_Dogs/run0010/Cats_and_Dogs-0.dag.dagman.out ended
2020-08-03 11:26:16,262:INFO:Pegasus.monitoring.workflow(1377): recovery file deleted: /home/scitech/shared-data/CatsAndDogs/scitech/pegasus/Cats_and_Dogs/run0010/monitord.recover
2020-08-03 11:26:16,267:INFO:pegasus-monitord(1665): finishing workflow: /home/scitech/shared-data/CatsAndDogs/scitech/pegasus/Cats_and_Dogs/run0010/Cats_and_Dogs-0.dag.dagman.out
2020-08-03 11:26:16,268:INFO:pegasus-monitord(1719): finishing notifications...
2020-08-03 11:26:16,268:INFO:pegasus-monitord(1727): monitord process 89580 exiting with 0
2020-08-03 11:26:16,269:INFO:pegasus-monitord(197): DB flushing beginning
2020-08-03 11:26:16,270:INFO:Pegasus.db.workflow_loader.WorkflowLoader(1244): Executing final flush
2020-08-03 11:26:16,340:INFO:Pegasus.db.dashboard_loader.DashboardLoader(397): Executing final flush
2020-08-03 11:26:16,341:INFO:pegasus-monitord(213): DB flushing ended
