2020-07-13 13:05:22,485:INFO:pegasus-monitord(58): pegasus-monitord starting - pid 49237 
2020-07-13 13:05:22,517:INFO:pegasus-monitord(455): Final Command line options are: ['-N', 'Even_Odd-0.dag.dagman.out']
2020-07-13 13:05:22,553:INFO:Pegasus.monitoring.event_output(629): Connecting workflow event sink to sqlite:////home/scitech/shared-data/Workflow/Workflow3/scitech/pegasus/Even_Odd/run0005/Even_Odd-0.stampede.db
Created Pegasus database in: sqlite:////home/scitech/shared-data/Workflow/Workflow3/scitech/pegasus/Even_Odd/run0005/Even_Odd-0.stampede.db
Your database is compatible with Pegasus version: 5.0.0dev
2020-07-13 13:05:23,596:INFO:Pegasus.monitoring.event_output(703): output type=DB namespace=stampede. name=sqlite:////home/scitech/shared-data/Workflow/Workflow3/scitech/pegasus/Even_Odd/run0005/Even_Odd-0.stampede.db
2020-07-13 13:05:23,597:INFO:Pegasus.monitoring.event_output(629): Connecting workflow event sink to sqlite:////home/scitech/.pegasus/workflow.db
Your database is compatible with Pegasus version: 5.0.0dev
2020-07-13 13:05:24,190:INFO:Pegasus.monitoring.event_output(703): output type=DB namespace=dashboard. name=sqlite:////home/scitech/.pegasus/workflow.db
2020-07-13 13:05:24,190:INFO:pegasus-monitord(1247): monitord started in fast start mode
2020-07-13 13:05:24,224:INFO:Pegasus.monitoring.workflow(461): cannot open state file /home/scitech/shared-data/Workflow/Workflow3/scitech/pegasus/Even_Odd/run0005/monitord.info, continuing without state...
2020-07-13 13:05:24,225:INFO:Pegasus.monitoring.workflow(1148): creating new file /home/scitech/shared-data/Workflow/Workflow3/scitech/pegasus/Even_Odd/run0005/jobstate.log
2020-07-13 13:05:24,225:INFO:Pegasus.monitoring.workflow(1158): Appending to existing jobstate.log replay_mode 0 previous_processed_line 0
2020-07-13 13:05:24,228:INFO:Pegasus.monitoring.notifications(474): loading notifications from /home/scitech/shared-data/Workflow/Workflow3/scitech/pegasus/Even_Odd/run0005/Even_Odd-0.notify
2020-07-13 13:05:24,566:INFO:Pegasus.monitoring.workflow(205): Parsing DAG file /home/scitech/shared-data/Workflow/Workflow3/scitech/pegasus/Even_Odd/run0005/Even_Odd-0.dag
2020-07-13 13:05:24,572:INFO:pegasus-monitord(974): Using DAGMan version 8.8.9 80809
2020-07-13 13:05:24,573:INFO:pegasus-monitord(949): DAGMan runs at pid 49236
2020-07-13 13:05:24,577:INFO:pegasus-monitord(955): using dag Even_Odd-0.dag
2020-07-13 13:05:24,578:INFO:Pegasus.monitoring.workflow(811): DAGMan starting with condor id 36.0
2020-07-13 13:07:04,494:INFO:Pegasus.monitoring.workflow(2467): Populating locations corresponding to succeeded registration job  /home/scitech/shared-data/Workflow/Workflow3/scitech/pegasus/Even_Odd/run0005/00/00/register_local_0_0.in 
2020-07-13 13:07:25,035:INFO:Pegasus.monitoring.workflow(2467): Populating locations corresponding to succeeded registration job  /home/scitech/shared-data/Workflow/Workflow3/scitech/pegasus/Even_Odd/run0005/00/00/register_local_1_0.in 
2020-07-13 13:07:35,283:INFO:Pegasus.monitoring.workflow(2467): Populating locations corresponding to succeeded registration job  /home/scitech/shared-data/Workflow/Workflow3/scitech/pegasus/Even_Odd/run0005/00/00/register_local_2_0.in 
2020-07-13 13:07:44,431:INFO:pegasus-monitord(927): DAGMan Even_Odd-0.dag finished with exit code 0
2020-07-13 13:07:45,449:INFO:pegasus-monitord(1427): workflow /home/scitech/shared-data/Workflow/Workflow3/scitech/pegasus/Even_Odd/run0005/Even_Odd-0.dag.dagman.out ended
2020-07-13 13:07:45,454:INFO:Pegasus.monitoring.workflow(1377): recovery file deleted: /home/scitech/shared-data/Workflow/Workflow3/scitech/pegasus/Even_Odd/run0005/monitord.recover
2020-07-13 13:07:45,456:INFO:pegasus-monitord(1665): finishing workflow: /home/scitech/shared-data/Workflow/Workflow3/scitech/pegasus/Even_Odd/run0005/Even_Odd-0.dag.dagman.out
2020-07-13 13:07:45,457:INFO:pegasus-monitord(1719): finishing notifications...
2020-07-13 13:07:45,458:INFO:pegasus-monitord(1727): monitord process 49237 exiting with 0
2020-07-13 13:07:45,459:INFO:pegasus-monitord(197): DB flushing beginning
2020-07-13 13:07:45,459:INFO:Pegasus.db.workflow_loader.WorkflowLoader(1244): Executing final flush
2020-07-13 13:07:45,567:INFO:Pegasus.db.dashboard_loader.DashboardLoader(397): Executing final flush
2020-07-13 13:07:45,568:INFO:pegasus-monitord(213): DB flushing ended
