2020-09-23 20:50:03,947:INFO:pegasus-monitord(58): pegasus-monitord starting - pid 23618 
2020-09-23 20:50:03,961:INFO:pegasus-monitord(455): Final Command line options are: ['-N', 'Cats_and_Dogs-0.dag.dagman.out']
2020-09-23 20:50:03,974:INFO:Pegasus.monitoring.event_output(629): Connecting workflow event sink to sqlite:////home/scitech/shared-data/CatsAndDogs/scitech/pegasus/Cats_and_Dogs/run0005/Cats_and_Dogs-0.stampede.db
Created Pegasus database in: sqlite:////home/scitech/shared-data/CatsAndDogs/scitech/pegasus/Cats_and_Dogs/run0005/Cats_and_Dogs-0.stampede.db
Your database is compatible with Pegasus version: 5.0.0dev
2020-09-23 20:50:04,662:INFO:Pegasus.monitoring.event_output(703): output type=DB namespace=stampede. name=sqlite:////home/scitech/shared-data/CatsAndDogs/scitech/pegasus/Cats_and_Dogs/run0005/Cats_and_Dogs-0.stampede.db
2020-09-23 20:50:04,662:INFO:Pegasus.monitoring.event_output(629): Connecting workflow event sink to sqlite:////home/scitech/.pegasus/workflow.db
Your database is compatible with Pegasus version: 5.0.0dev
2020-09-23 20:50:05,045:INFO:Pegasus.monitoring.event_output(703): output type=DB namespace=dashboard. name=sqlite:////home/scitech/.pegasus/workflow.db
2020-09-23 20:50:05,046:INFO:pegasus-monitord(1247): monitord started in fast start mode
2020-09-23 20:50:05,059:INFO:Pegasus.monitoring.workflow(461): cannot open state file /home/scitech/shared-data/CatsAndDogs/scitech/pegasus/Cats_and_Dogs/run0005/monitord.info, continuing without state...
2020-09-23 20:50:05,060:INFO:Pegasus.monitoring.workflow(1148): creating new file /home/scitech/shared-data/CatsAndDogs/scitech/pegasus/Cats_and_Dogs/run0005/jobstate.log
2020-09-23 20:50:05,060:INFO:Pegasus.monitoring.workflow(1158): Appending to existing jobstate.log replay_mode 0 previous_processed_line 0
2020-09-23 20:50:05,062:INFO:Pegasus.monitoring.notifications(474): loading notifications from /home/scitech/shared-data/CatsAndDogs/scitech/pegasus/Cats_and_Dogs/run0005/Cats_and_Dogs-0.notify
2020-09-23 20:50:05,381:INFO:Pegasus.monitoring.workflow(205): Parsing DAG file /home/scitech/shared-data/CatsAndDogs/scitech/pegasus/Cats_and_Dogs/run0005/Cats_and_Dogs-0.dag
2020-09-23 20:50:05,391:INFO:pegasus-monitord(974): Using DAGMan version 8.8.10 80810
2020-09-23 20:50:05,392:INFO:pegasus-monitord(949): DAGMan runs at pid 23617
2020-09-23 20:50:05,399:INFO:pegasus-monitord(955): using dag Cats_and_Dogs-0.dag
2020-09-23 20:50:05,400:INFO:Pegasus.monitoring.workflow(811): DAGMan starting with condor id 28.0
2020-09-23 20:50:39,137:INFO:Pegasus.monitoring.workflow(2468): Populating locations corresponding to succeeded registration job  /home/scitech/shared-data/CatsAndDogs/scitech/pegasus/Cats_and_Dogs/run0005/00/00/register_local_1000_0.in 
2020-09-23 20:51:47,160:INFO:Pegasus.monitoring.workflow(2468): Populating locations corresponding to succeeded registration job  /home/scitech/shared-data/CatsAndDogs/scitech/pegasus/Cats_and_Dogs/run0005/00/00/register_local_0_0.in 
2020-09-23 20:52:02,435:INFO:Pegasus.monitoring.workflow(2468): Populating locations corresponding to succeeded registration job  /home/scitech/shared-data/CatsAndDogs/scitech/pegasus/Cats_and_Dogs/run0005/00/00/register_local_1_0.in 
2020-09-23 20:52:17,621:INFO:Pegasus.monitoring.workflow(2468): Populating locations corresponding to succeeded registration job  /home/scitech/shared-data/CatsAndDogs/scitech/pegasus/Cats_and_Dogs/run0005/00/00/register_local_2_0.in 
2020-09-23 20:52:58,547:INFO:Pegasus.monitoring.workflow(2468): Populating locations corresponding to succeeded registration job  /home/scitech/shared-data/CatsAndDogs/scitech/pegasus/Cats_and_Dogs/run0005/00/00/register_local_3_0.in 
2020-09-23 20:53:18,993:INFO:pegasus-monitord(927): DAGMan Cats_and_Dogs-0.dag finished with exit code 0
2020-09-23 20:53:20,015:INFO:pegasus-monitord(1427): workflow /home/scitech/shared-data/CatsAndDogs/scitech/pegasus/Cats_and_Dogs/run0005/Cats_and_Dogs-0.dag.dagman.out ended
2020-09-23 20:53:20,020:INFO:Pegasus.monitoring.workflow(1378): recovery file deleted: /home/scitech/shared-data/CatsAndDogs/scitech/pegasus/Cats_and_Dogs/run0005/monitord.recover
2020-09-23 20:53:20,022:INFO:pegasus-monitord(1665): finishing workflow: /home/scitech/shared-data/CatsAndDogs/scitech/pegasus/Cats_and_Dogs/run0005/Cats_and_Dogs-0.dag.dagman.out
2020-09-23 20:53:20,023:INFO:pegasus-monitord(1719): finishing notifications...
2020-09-23 20:53:20,023:INFO:pegasus-monitord(1727): monitord process 23618 exiting with 0
2020-09-23 20:53:20,024:INFO:pegasus-monitord(197): DB flushing beginning
2020-09-23 20:53:20,024:INFO:Pegasus.db.workflow_loader.WorkflowLoader(1244): Executing final flush
2020-09-23 20:53:20,085:INFO:Pegasus.db.dashboard_loader.DashboardLoader(397): Executing final flush
2020-09-23 20:53:20,086:INFO:pegasus-monitord(213): DB flushing ended
