2020-09-14 11:44:22,402:INFO:pegasus-monitord(58): pegasus-monitord starting - pid 816 
2020-09-14 11:44:22,416:INFO:pegasus-monitord(455): Final Command line options are: ['-N', 'Cats_and_Dogs-0.dag.dagman.out']
2020-09-14 11:44:22,431:INFO:Pegasus.monitoring.event_output(629): Connecting workflow event sink to sqlite:////home/scitech/shared-data/CatsAndDogs/scitech/pegasus/Cats_and_Dogs/run0008/Cats_and_Dogs-0.stampede.db
Created Pegasus database in: sqlite:////home/scitech/shared-data/CatsAndDogs/scitech/pegasus/Cats_and_Dogs/run0008/Cats_and_Dogs-0.stampede.db
Your database is compatible with Pegasus version: 5.0.0dev
2020-09-14 11:44:23,149:INFO:Pegasus.monitoring.event_output(703): output type=DB namespace=stampede. name=sqlite:////home/scitech/shared-data/CatsAndDogs/scitech/pegasus/Cats_and_Dogs/run0008/Cats_and_Dogs-0.stampede.db
2020-09-14 11:44:23,150:INFO:Pegasus.monitoring.event_output(629): Connecting workflow event sink to sqlite:////home/scitech/.pegasus/workflow.db
Your database is compatible with Pegasus version: 5.0.0dev
2020-09-14 11:44:23,539:INFO:Pegasus.monitoring.event_output(703): output type=DB namespace=dashboard. name=sqlite:////home/scitech/.pegasus/workflow.db
2020-09-14 11:44:23,540:INFO:pegasus-monitord(1247): monitord started in fast start mode
2020-09-14 11:44:23,563:INFO:Pegasus.monitoring.workflow(461): cannot open state file /home/scitech/shared-data/CatsAndDogs/scitech/pegasus/Cats_and_Dogs/run0008/monitord.info, continuing without state...
2020-09-14 11:44:23,563:INFO:Pegasus.monitoring.workflow(1148): creating new file /home/scitech/shared-data/CatsAndDogs/scitech/pegasus/Cats_and_Dogs/run0008/jobstate.log
2020-09-14 11:44:23,563:INFO:Pegasus.monitoring.workflow(1158): Appending to existing jobstate.log replay_mode 0 previous_processed_line 0
2020-09-14 11:44:23,565:INFO:Pegasus.monitoring.notifications(474): loading notifications from /home/scitech/shared-data/CatsAndDogs/scitech/pegasus/Cats_and_Dogs/run0008/Cats_and_Dogs-0.notify
2020-09-14 11:44:23,823:INFO:Pegasus.monitoring.workflow(205): Parsing DAG file /home/scitech/shared-data/CatsAndDogs/scitech/pegasus/Cats_and_Dogs/run0008/Cats_and_Dogs-0.dag
2020-09-14 11:44:23,829:INFO:pegasus-monitord(974): Using DAGMan version 8.8.10 80810
2020-09-14 11:44:23,829:INFO:pegasus-monitord(949): DAGMan runs at pid 815
2020-09-14 11:44:23,832:INFO:pegasus-monitord(955): using dag Cats_and_Dogs-0.dag
2020-09-14 11:44:23,832:INFO:Pegasus.monitoring.workflow(811): DAGMan starting with condor id 1.0
2020-09-14 11:45:39,281:WARNING:Pegasus.monitoring.workflow(1707): truncating stdout for job stage_in_local_local_0_0
2020-09-14 11:47:53,466:WARNING:Pegasus.monitoring.workflow(1707): truncating stdout for job stage_out_local_local_0_0
2020-09-14 11:47:54,749:INFO:Pegasus.monitoring.workflow(2468): Populating locations corresponding to succeeded registration job  /home/scitech/shared-data/CatsAndDogs/scitech/pegasus/Cats_and_Dogs/run0008/00/00/register_local_0_0.in 
2020-09-14 11:47:55,481:INFO:Pegasus.monitoring.workflow(2468): Populating locations corresponding to succeeded registration job  /home/scitech/shared-data/CatsAndDogs/scitech/pegasus/Cats_and_Dogs/run0008/00/00/register_local_2_0.in 
2020-09-14 11:47:56,864:WARNING:Pegasus.monitoring.workflow(1707): truncating stdout for job stage_out_local_local_1_0
2020-09-14 11:47:56,977:INFO:Pegasus.monitoring.workflow(2468): Populating locations corresponding to succeeded registration job  /home/scitech/shared-data/CatsAndDogs/scitech/pegasus/Cats_and_Dogs/run0008/00/00/register_local_1_0.in 
2020-09-14 12:01:00,944:WARNING:Pegasus.monitoring.workflow(1707): truncating stdout for job VGG_model_py_ID0000004
2020-09-14 12:01:31,269:INFO:Pegasus.monitoring.workflow(2468): Populating locations corresponding to succeeded registration job  /home/scitech/shared-data/CatsAndDogs/scitech/pegasus/Cats_and_Dogs/run0008/00/00/register_local_3_0.in 
2020-09-14 12:32:42,697:INFO:pegasus-monitord(927): DAGMan Cats_and_Dogs-0.dag finished with exit code 1
2020-09-14 12:32:43,714:INFO:pegasus-monitord(1427): workflow /home/scitech/shared-data/CatsAndDogs/scitech/pegasus/Cats_and_Dogs/run0008/Cats_and_Dogs-0.dag.dagman.out ended
2020-09-14 12:32:43,719:INFO:Pegasus.monitoring.workflow(1378): recovery file deleted: /home/scitech/shared-data/CatsAndDogs/scitech/pegasus/Cats_and_Dogs/run0008/monitord.recover
2020-09-14 12:32:43,723:INFO:pegasus-monitord(1665): finishing workflow: /home/scitech/shared-data/CatsAndDogs/scitech/pegasus/Cats_and_Dogs/run0008/Cats_and_Dogs-0.dag.dagman.out
2020-09-14 12:32:43,723:INFO:pegasus-monitord(1719): finishing notifications...
2020-09-14 12:32:43,724:INFO:pegasus-monitord(1727): monitord process 816 exiting with 0
2020-09-14 12:32:43,725:INFO:pegasus-monitord(197): DB flushing beginning
2020-09-14 12:32:43,726:INFO:Pegasus.db.workflow_loader.WorkflowLoader(1244): Executing final flush
2020-09-14 12:32:43,842:INFO:Pegasus.db.dashboard_loader.DashboardLoader(397): Executing final flush
2020-09-14 12:32:43,844:INFO:pegasus-monitord(213): DB flushing ended
