2020-09-24 11:45:11,127:INFO:pegasus-monitord(58): pegasus-monitord starting - pid 4564 
2020-09-24 11:45:11,144:INFO:pegasus-monitord(455): Final Command line options are: ['-N', 'Cats_and_Dogs-0.dag.dagman.out']
2020-09-24 11:45:11,166:INFO:Pegasus.monitoring.event_output(629): Connecting workflow event sink to sqlite:////home/scitech/shared-data/CatsAndDogs/scitech/pegasus/Cats_and_Dogs/run0027/Cats_and_Dogs-0.stampede.db
Created Pegasus database in: sqlite:////home/scitech/shared-data/CatsAndDogs/scitech/pegasus/Cats_and_Dogs/run0027/Cats_and_Dogs-0.stampede.db
Your database is compatible with Pegasus version: 5.0.0dev
2020-09-24 11:45:12,225:INFO:Pegasus.monitoring.event_output(703): output type=DB namespace=stampede. name=sqlite:////home/scitech/shared-data/CatsAndDogs/scitech/pegasus/Cats_and_Dogs/run0027/Cats_and_Dogs-0.stampede.db
2020-09-24 11:45:12,226:INFO:Pegasus.monitoring.event_output(629): Connecting workflow event sink to sqlite:////home/scitech/.pegasus/workflow.db
Your database is compatible with Pegasus version: 5.0.0dev
2020-09-24 11:45:12,693:INFO:Pegasus.monitoring.event_output(703): output type=DB namespace=dashboard. name=sqlite:////home/scitech/.pegasus/workflow.db
2020-09-24 11:45:12,694:INFO:pegasus-monitord(1247): monitord started in fast start mode
2020-09-24 11:45:12,714:INFO:Pegasus.monitoring.workflow(461): cannot open state file /home/scitech/shared-data/CatsAndDogs/scitech/pegasus/Cats_and_Dogs/run0027/monitord.info, continuing without state...
2020-09-24 11:45:12,714:INFO:Pegasus.monitoring.workflow(1148): creating new file /home/scitech/shared-data/CatsAndDogs/scitech/pegasus/Cats_and_Dogs/run0027/jobstate.log
2020-09-24 11:45:12,715:INFO:Pegasus.monitoring.workflow(1158): Appending to existing jobstate.log replay_mode 0 previous_processed_line 0
2020-09-24 11:45:12,716:INFO:Pegasus.monitoring.notifications(474): loading notifications from /home/scitech/shared-data/CatsAndDogs/scitech/pegasus/Cats_and_Dogs/run0027/Cats_and_Dogs-0.notify
2020-09-24 11:45:13,072:INFO:Pegasus.monitoring.workflow(205): Parsing DAG file /home/scitech/shared-data/CatsAndDogs/scitech/pegasus/Cats_and_Dogs/run0027/Cats_and_Dogs-0.dag
2020-09-24 11:45:13,081:INFO:pegasus-monitord(974): Using DAGMan version 8.8.10 80810
2020-09-24 11:45:13,082:INFO:pegasus-monitord(949): DAGMan runs at pid 4563
2020-09-24 11:45:13,087:INFO:pegasus-monitord(955): using dag Cats_and_Dogs-0.dag
2020-09-24 11:45:13,087:INFO:Pegasus.monitoring.workflow(811): DAGMan starting with condor id 622.0
2020-09-24 11:45:46,381:INFO:Pegasus.monitoring.workflow(2468): Populating locations corresponding to succeeded registration job  /home/scitech/shared-data/CatsAndDogs/scitech/pegasus/Cats_and_Dogs/run0027/00/00/register_local_1000_0.in 
2020-09-24 11:47:06,465:INFO:Pegasus.monitoring.workflow(2468): Populating locations corresponding to succeeded registration job  /home/scitech/shared-data/CatsAndDogs/scitech/pegasus/Cats_and_Dogs/run0027/00/00/register_local_0_0.in 
2020-09-24 11:47:26,092:INFO:Pegasus.monitoring.workflow(2468): Populating locations corresponding to succeeded registration job  /home/scitech/shared-data/CatsAndDogs/scitech/pegasus/Cats_and_Dogs/run0027/00/00/register_local_2_0.in 
2020-09-24 11:47:41,350:INFO:Pegasus.monitoring.workflow(2468): Populating locations corresponding to succeeded registration job  /home/scitech/shared-data/CatsAndDogs/scitech/pegasus/Cats_and_Dogs/run0027/00/00/register_local_1_0.in 
2020-09-24 11:48:31,360:INFO:Pegasus.monitoring.workflow(2468): Populating locations corresponding to succeeded registration job  /home/scitech/shared-data/CatsAndDogs/scitech/pegasus/Cats_and_Dogs/run0027/00/00/register_local_3_0.in 
2020-09-24 11:48:51,606:INFO:pegasus-monitord(927): DAGMan Cats_and_Dogs-0.dag finished with exit code 0
2020-09-24 11:48:52,622:INFO:pegasus-monitord(1427): workflow /home/scitech/shared-data/CatsAndDogs/scitech/pegasus/Cats_and_Dogs/run0027/Cats_and_Dogs-0.dag.dagman.out ended
2020-09-24 11:48:52,626:INFO:Pegasus.monitoring.workflow(1378): recovery file deleted: /home/scitech/shared-data/CatsAndDogs/scitech/pegasus/Cats_and_Dogs/run0027/monitord.recover
2020-09-24 11:48:52,628:INFO:pegasus-monitord(1665): finishing workflow: /home/scitech/shared-data/CatsAndDogs/scitech/pegasus/Cats_and_Dogs/run0027/Cats_and_Dogs-0.dag.dagman.out
2020-09-24 11:48:52,629:INFO:pegasus-monitord(1719): finishing notifications...
2020-09-24 11:48:52,629:INFO:pegasus-monitord(1727): monitord process 4564 exiting with 0
2020-09-24 11:48:52,630:INFO:pegasus-monitord(197): DB flushing beginning
2020-09-24 11:48:52,631:INFO:Pegasus.db.workflow_loader.WorkflowLoader(1244): Executing final flush
2020-09-24 11:48:52,686:INFO:Pegasus.db.dashboard_loader.DashboardLoader(397): Executing final flush
2020-09-24 11:48:52,687:INFO:pegasus-monitord(213): DB flushing ended
