2020-07-10 17:48:16,867:INFO:pegasus-monitord(58): pegasus-monitord starting - pid 643 
2020-07-10 17:48:16,884:INFO:pegasus-monitord(455): Final Command line options are: ['-N', 'helloworld-0.dag.dagman.out']
2020-07-10 17:48:16,902:INFO:Pegasus.monitoring.event_output(629): Connecting workflow event sink to sqlite:////home/scitech/shared-data/Workflow/Workflow1/scitech/pegasus/helloworld/run0002/helloworld-0.stampede.db
Created Pegasus database in: sqlite:////home/scitech/shared-data/Workflow/Workflow1/scitech/pegasus/helloworld/run0002/helloworld-0.stampede.db
Your database is compatible with Pegasus version: 5.0.0dev
2020-07-10 17:48:17,684:INFO:Pegasus.monitoring.event_output(703): output type=DB namespace=stampede. name=sqlite:////home/scitech/shared-data/Workflow/Workflow1/scitech/pegasus/helloworld/run0002/helloworld-0.stampede.db
2020-07-10 17:48:17,685:INFO:Pegasus.monitoring.event_output(629): Connecting workflow event sink to sqlite:////home/scitech/.pegasus/workflow.db
Your database is compatible with Pegasus version: 5.0.0dev
2020-07-10 17:48:18,075:INFO:Pegasus.monitoring.event_output(703): output type=DB namespace=dashboard. name=sqlite:////home/scitech/.pegasus/workflow.db
2020-07-10 17:48:18,076:INFO:pegasus-monitord(1247): monitord started in fast start mode
2020-07-10 17:48:18,100:INFO:Pegasus.monitoring.workflow(461): cannot open state file /home/scitech/shared-data/Workflow/Workflow1/scitech/pegasus/helloworld/run0002/monitord.info, continuing without state...
2020-07-10 17:48:18,101:INFO:Pegasus.monitoring.workflow(1148): creating new file /home/scitech/shared-data/Workflow/Workflow1/scitech/pegasus/helloworld/run0002/jobstate.log
2020-07-10 17:48:18,101:INFO:Pegasus.monitoring.workflow(1158): Appending to existing jobstate.log replay_mode 0 previous_processed_line 0
2020-07-10 17:48:18,103:INFO:Pegasus.monitoring.notifications(474): loading notifications from /home/scitech/shared-data/Workflow/Workflow1/scitech/pegasus/helloworld/run0002/helloworld-0.notify
2020-07-10 17:48:18,302:INFO:Pegasus.monitoring.workflow(205): Parsing DAG file /home/scitech/shared-data/Workflow/Workflow1/scitech/pegasus/helloworld/run0002/helloworld-0.dag
2020-07-10 17:48:18,311:INFO:pegasus-monitord(974): Using DAGMan version 8.8.9 80809
2020-07-10 17:48:18,311:INFO:pegasus-monitord(949): DAGMan runs at pid 642
2020-07-10 17:48:18,314:INFO:pegasus-monitord(955): using dag helloworld-0.dag
2020-07-10 17:48:18,315:INFO:Pegasus.monitoring.workflow(811): DAGMan starting with condor id 1.0
2020-07-10 17:49:26,429:INFO:Pegasus.monitoring.workflow(2467): Populating locations corresponding to succeeded registration job  /home/scitech/shared-data/Workflow/Workflow1/scitech/pegasus/helloworld/run0002/00/00/register_local_0_0.in 
2020-07-10 17:49:40,684:INFO:pegasus-monitord(927): DAGMan helloworld-0.dag finished with exit code 0
2020-07-10 17:49:41,707:INFO:pegasus-monitord(1427): workflow /home/scitech/shared-data/Workflow/Workflow1/scitech/pegasus/helloworld/run0002/helloworld-0.dag.dagman.out ended
2020-07-10 17:49:41,712:INFO:Pegasus.monitoring.workflow(1377): recovery file deleted: /home/scitech/shared-data/Workflow/Workflow1/scitech/pegasus/helloworld/run0002/monitord.recover
2020-07-10 17:49:41,715:INFO:pegasus-monitord(1665): finishing workflow: /home/scitech/shared-data/Workflow/Workflow1/scitech/pegasus/helloworld/run0002/helloworld-0.dag.dagman.out
2020-07-10 17:49:41,716:INFO:pegasus-monitord(1719): finishing notifications...
2020-07-10 17:49:41,716:INFO:pegasus-monitord(1727): monitord process 643 exiting with 0
2020-07-10 17:49:41,717:INFO:pegasus-monitord(197): DB flushing beginning
2020-07-10 17:49:41,717:INFO:Pegasus.db.workflow_loader.WorkflowLoader(1244): Executing final flush
2020-07-10 17:49:41,783:INFO:Pegasus.db.dashboard_loader.DashboardLoader(397): Executing final flush
2020-07-10 17:49:41,783:INFO:pegasus-monitord(213): DB flushing ended
