1594919973 INTERNAL *** MONITORD_STARTED ***
1594919971 INTERNAL *** DAGMAN_STARTED 51.0 ***
1594919975 create_dir_add_thumbs_0_local SUBMIT 52.0 local - 1
1594919976 create_dir_add_thumbs_0_local EXECUTE 52.0 local - 1
1594919978 create_dir_add_thumbs_0_local JOB_TERMINATED 52.0 local - 1
1594919980 create_dir_add_thumbs_0_local JOB_SUCCESS 0 local - 1
1594919980 create_dir_add_thumbs_0_local POST_SCRIPT_STARTED 52.0 local - 1
1594919980 create_dir_add_thumbs_0_local POST_SCRIPT_TERMINATED 52.0 local - 1
1594919985 create_dir_add_thumbs_0_local POST_SCRIPT_SUCCESS 0 local - 1
1594919990 stage_in_local_local_0_0 SUBMIT 53.0 local - 2
1594919992 stage_in_local_local_0_0 EXECUTE 53.0 local - 2
1594920010 stage_in_local_local_0_0 JOB_TERMINATED 53.0 local - 2
1594920010 stage_in_local_local_0_0 JOB_SUCCESS 0 local - 2
1594920010 stage_in_local_local_0_0 POST_SCRIPT_STARTED 53.0 local - 2
1594920010 stage_in_local_local_0_0 POST_SCRIPT_TERMINATED 53.0 local - 2
1594920015 stage_in_local_local_0_0 POST_SCRIPT_SUCCESS 0 local - 2
1594920021 Thumbs_up_ID0000001 SUBMIT 54.0 condorpool - 3
1594920032 Thumbs_up_ID0000001 EXECUTE 54.0 condorpool - 3
1594920040 Thumbs_up_ID0000001 SHADOW_EXCEPTION 54.0 condorpool - 3
1594920040 Thumbs_up_ID0000001 JOB_HELD 54.0 condorpool - 3
1594920041 Thumbs_up_ID0000001 JOB_HELD_REASON 54.0 condorpool - 3
1594920676 INTERNAL *** DAGMAN_FINISHED 2 ***
1594920678 INTERNAL *** MONITORD_FINISHED 0 ***
