000 (072.000.000) 07/20 11:14:51 Job submitted from host: <127.0.0.1:9618?addrs=127.0.0.1-9618&noUDP&sock=269_6778_4>
    DAG Node: create_dir_checkpoint-wf_0_local
    pool:local
...
001 (072.000.000) 07/20 11:14:52 Job executing on host: <127.0.0.1:9618?addrs=127.0.0.1-9618&noUDP&sock=277_ebe4_72>
...
005 (072.000.000) 07/20 11:14:54 Job terminated.
	(1) Normal termination (return value 0)
		Usr 0 00:00:00, Sys 0 00:00:00  -  Run Remote Usage
		Usr 0 00:00:00, Sys 0 00:00:00  -  Run Local Usage
		Usr 0 00:00:00, Sys 0 00:00:00  -  Total Remote Usage
		Usr 0 00:00:00, Sys 0 00:00:00  -  Total Local Usage
	0  -  Run Bytes Sent By Job
	0  -  Run Bytes Received By Job
	0  -  Total Bytes Sent By Job
	0  -  Total Bytes Received By Job
...
016 (072.000.000) 07/20 11:14:56 POST Script terminated.
	(1) Normal termination (return value 0)
    DAG Node: create_dir_checkpoint-wf_0_local
...
000 (073.000.000) 07/20 11:15:06 Job submitted from host: <127.0.0.1:9618?addrs=127.0.0.1-9618&noUDP&sock=269_6778_4>
    DAG Node: stage_in_remote_local_0_0
    pool:local
...
000 (074.000.000) 07/20 11:15:06 Job submitted from host: <127.0.0.1:9618?addrs=127.0.0.1-9618&noUDP&sock=269_6778_4>
    DAG Node: stage_in_local_local_0_0
    pool:local
...
001 (074.000.000) 07/20 11:15:09 Job executing on host: <127.0.0.1:9618?addrs=127.0.0.1-9618&noUDP&sock=277_ebe4_73>
...
001 (073.000.000) 07/20 11:15:09 Job executing on host: <127.0.0.1:9618?addrs=127.0.0.1-9618&noUDP&sock=277_ebe4_74>
...
005 (073.000.000) 07/20 11:15:11 Job terminated.
	(1) Normal termination (return value 0)
		Usr 0 00:00:00, Sys 0 00:00:00  -  Run Remote Usage
		Usr 0 00:00:00, Sys 0 00:00:00  -  Run Local Usage
		Usr 0 00:00:00, Sys 0 00:00:00  -  Total Remote Usage
		Usr 0 00:00:00, Sys 0 00:00:00  -  Total Local Usage
	0  -  Run Bytes Sent By Job
	0  -  Run Bytes Received By Job
	0  -  Total Bytes Sent By Job
	0  -  Total Bytes Received By Job
...
005 (074.000.000) 07/20 11:15:11 Job terminated.
	(1) Normal termination (return value 0)
		Usr 0 00:00:00, Sys 0 00:00:00  -  Run Remote Usage
		Usr 0 00:00:00, Sys 0 00:00:00  -  Run Local Usage
		Usr 0 00:00:00, Sys 0 00:00:00  -  Total Remote Usage
		Usr 0 00:00:00, Sys 0 00:00:00  -  Total Local Usage
	0  -  Run Bytes Sent By Job
	0  -  Run Bytes Received By Job
	0  -  Total Bytes Sent By Job
	0  -  Total Bytes Received By Job
...
016 (074.000.000) 07/20 11:15:12 POST Script terminated.
	(1) Normal termination (return value 0)
    DAG Node: stage_in_local_local_0_0
...
016 (073.000.000) 07/20 11:15:12 POST Script terminated.
	(1) Normal termination (return value 0)
    DAG Node: stage_in_remote_local_0_0
...
000 (075.000.000) 07/20 11:15:21 Job submitted from host: <127.0.0.1:9618?addrs=127.0.0.1-9618&noUDP&sock=269_6778_4>
    DAG Node: print_nums1_py_ID0000001
    pool:condorpool
...
001 (075.000.000) 07/20 11:15:30 Job executing on host: <127.0.0.1:9618?addrs=127.0.0.1-9618&noUDP&sock=269_6778_5>
...
005 (075.000.000) 07/20 11:15:31 Job terminated.
	(1) Normal termination (return value 1)
		Usr 0 00:00:00, Sys 0 00:00:00  -  Run Remote Usage
		Usr 0 00:00:00, Sys 0 00:00:00  -  Run Local Usage
		Usr 0 00:00:00, Sys 0 00:00:00  -  Total Remote Usage
		Usr 0 00:00:00, Sys 0 00:00:00  -  Total Local Usage
	9245  -  Run Bytes Sent By Job
	10733678  -  Run Bytes Received By Job
	9245  -  Total Bytes Sent By Job
	10733678  -  Total Bytes Received By Job
	Partitionable Resources :    Usage  Request Allocated 
	   Cpus                 :     0.32        1         1 
	   Disk (KB)            : 64260       12500   5630159 
	   Memory (MB)          :     0           1       331 
...
016 (075.000.000) 07/20 11:15:36 POST Script terminated.
	(1) Normal termination (return value 1)
    DAG Node: print_nums1_py_ID0000001
...
000 (076.000.000) 07/20 11:15:46 Job submitted from host: <127.0.0.1:9618?addrs=127.0.0.1-9618&noUDP&sock=269_6778_4>
    DAG Node: print_nums1_py_ID0000001
    pool:condorpool
...
001 (076.000.000) 07/20 11:15:47 Job executing on host: <127.0.0.1:9618?addrs=127.0.0.1-9618&noUDP&sock=269_6778_5>
...
005 (076.000.000) 07/20 11:15:48 Job terminated.
	(1) Normal termination (return value 1)
		Usr 0 00:00:00, Sys 0 00:00:00  -  Run Remote Usage
		Usr 0 00:00:00, Sys 0 00:00:00  -  Run Local Usage
		Usr 0 00:00:00, Sys 0 00:00:00  -  Total Remote Usage
		Usr 0 00:00:00, Sys 0 00:00:00  -  Total Local Usage
	9245  -  Run Bytes Sent By Job
	10733678  -  Run Bytes Received By Job
	9245  -  Total Bytes Sent By Job
	10733678  -  Total Bytes Received By Job
	Partitionable Resources :    Usage  Request Allocated 
	   Cpus                 :                 1         1 
	   Disk (KB)            :    64254    12500   5630159 
	   Memory (MB)          :        0        1       331 
...
016 (076.000.000) 07/20 11:15:51 POST Script terminated.
	(1) Normal termination (return value 1)
    DAG Node: print_nums1_py_ID0000001
...
000 (077.000.000) 07/20 11:16:01 Job submitted from host: <127.0.0.1:9618?addrs=127.0.0.1-9618&noUDP&sock=269_6778_4>
    DAG Node: print_nums1_py_ID0000001
    pool:condorpool
...
001 (077.000.000) 07/20 11:16:03 Job executing on host: <127.0.0.1:9618?addrs=127.0.0.1-9618&noUDP&sock=269_6778_5>
...
005 (077.000.000) 07/20 11:16:04 Job terminated.
	(1) Normal termination (return value 1)
		Usr 0 00:00:00, Sys 0 00:00:00  -  Run Remote Usage
		Usr 0 00:00:00, Sys 0 00:00:00  -  Run Local Usage
		Usr 0 00:00:00, Sys 0 00:00:00  -  Total Remote Usage
		Usr 0 00:00:00, Sys 0 00:00:00  -  Total Local Usage
	9246  -  Run Bytes Sent By Job
	10733678  -  Run Bytes Received By Job
	9246  -  Total Bytes Sent By Job
	10733678  -  Total Bytes Received By Job
	Partitionable Resources :    Usage  Request Allocated 
	   Cpus                 :                 1         1 
	   Disk (KB)            :    64254    12500   5630159 
	   Memory (MB)          :        0        1       331 
...
016 (077.000.000) 07/20 11:16:06 POST Script terminated.
	(1) Normal termination (return value 1)
    DAG Node: print_nums1_py_ID0000001
...
000 (078.000.000) 07/20 11:16:16 Job submitted from host: <127.0.0.1:9618?addrs=127.0.0.1-9618&noUDP&sock=269_6778_4>
    DAG Node: print_nums1_py_ID0000001
    pool:condorpool
...
001 (078.000.000) 07/20 11:16:18 Job executing on host: <127.0.0.1:9618?addrs=127.0.0.1-9618&noUDP&sock=269_6778_5>
...
005 (078.000.000) 07/20 11:16:19 Job terminated.
	(1) Normal termination (return value 1)
		Usr 0 00:00:00, Sys 0 00:00:00  -  Run Remote Usage
		Usr 0 00:00:00, Sys 0 00:00:00  -  Run Local Usage
		Usr 0 00:00:00, Sys 0 00:00:00  -  Total Remote Usage
		Usr 0 00:00:00, Sys 0 00:00:00  -  Total Local Usage
	9245  -  Run Bytes Sent By Job
	10733678  -  Run Bytes Received By Job
	9245  -  Total Bytes Sent By Job
	10733678  -  Total Bytes Received By Job
	Partitionable Resources :    Usage  Request Allocated 
	   Cpus                 :                 1         1 
	   Disk (KB)            :    64254    12500   5630159 
	   Memory (MB)          :        0        1       331 
...
016 (078.000.000) 07/20 11:16:22 POST Script terminated.
	(1) Normal termination (return value 1)
    DAG Node: print_nums1_py_ID0000001
...
000 (079.000.000) 07/20 11:16:31 Job submitted from host: <127.0.0.1:9618?addrs=127.0.0.1-9618&noUDP&sock=269_6778_4>
    DAG Node: print_nums1_py_ID0000001
    pool:condorpool
...
001 (079.000.000) 07/20 11:16:32 Job executing on host: <127.0.0.1:9618?addrs=127.0.0.1-9618&noUDP&sock=269_6778_5>
...
005 (079.000.000) 07/20 11:16:33 Job terminated.
	(1) Normal termination (return value 1)
		Usr 0 00:00:00, Sys 0 00:00:00  -  Run Remote Usage
		Usr 0 00:00:00, Sys 0 00:00:00  -  Run Local Usage
		Usr 0 00:00:00, Sys 0 00:00:00  -  Total Remote Usage
		Usr 0 00:00:00, Sys 0 00:00:00  -  Total Local Usage
	9245  -  Run Bytes Sent By Job
	10733678  -  Run Bytes Received By Job
	9245  -  Total Bytes Sent By Job
	10733678  -  Total Bytes Received By Job
	Partitionable Resources :    Usage  Request Allocated 
	   Cpus                 :        0        1         1 
	   Disk (KB)            :    64260    12500   5630159 
	   Memory (MB)          :        0        1       331 
...
016 (079.000.000) 07/20 11:16:36 POST Script terminated.
	(1) Normal termination (return value 1)
    DAG Node: print_nums1_py_ID0000001
...
