07/20/20 11:14:47 ******************************************************
07/20/20 11:14:47 ** condor_scheduniv_exec.71.0 (CONDOR_DAGMAN) STARTING UP
07/20/20 11:14:47 ** /usr/bin/condor_dagman
07/20/20 11:14:47 ** SubsystemInfo: name=DAGMAN type=DAGMAN(10) class=DAEMON(1)
07/20/20 11:14:47 ** Configuration: subsystem:DAGMAN local:<NONE> class:DAEMON
07/20/20 11:14:47 ** $CondorVersion: 8.8.9 May 06 2020 BuildID: 503068 PackageID: 8.8.9-1 $
07/20/20 11:14:47 ** $CondorPlatform: x86_64_CentOS7 $
07/20/20 11:14:47 ** PID = 21310
07/20/20 11:14:47 ** Log last touched time unavailable (No such file or directory)
07/20/20 11:14:47 ******************************************************
07/20/20 11:14:47 Using config source: /etc/condor/condor_config
07/20/20 11:14:47 Using local config sources: 
07/20/20 11:14:47    /etc/condor/config.d/00-minicondor
07/20/20 11:14:47    /etc/condor/condor_config.local
07/20/20 11:14:47 config Macros = 81, Sorted = 81, StringBytes = 2248, TablesBytes = 2964
07/20/20 11:14:47 CLASSAD_CACHING is ENABLED
07/20/20 11:14:47 Daemon Log is logging: D_ALWAYS D_ERROR
07/20/20 11:14:47 DaemonCore: No command port requested.
07/20/20 11:14:47 DAGMAN_USE_STRICT setting: 1
07/20/20 11:14:47 DAGMAN_VERBOSITY setting: 3
07/20/20 11:14:47 DAGMAN_DEBUG_CACHE_SIZE setting: 5242880
07/20/20 11:14:47 DAGMAN_DEBUG_CACHE_ENABLE setting: False
07/20/20 11:14:47 DAGMAN_SUBMIT_DELAY setting: 0
07/20/20 11:14:47 DAGMAN_MAX_SUBMIT_ATTEMPTS setting: 6
07/20/20 11:14:47 DAGMAN_STARTUP_CYCLE_DETECT setting: False
07/20/20 11:14:47 DAGMAN_MAX_SUBMITS_PER_INTERVAL setting: 100
07/20/20 11:14:47 DAGMAN_AGGRESSIVE_SUBMIT setting: False
07/20/20 11:14:47 DAGMAN_USER_LOG_SCAN_INTERVAL setting: 5
07/20/20 11:14:47 DAGMAN_QUEUE_UPDATE_INTERVAL setting: 300
07/20/20 11:14:47 DAGMAN_DEFAULT_PRIORITY setting: 0
07/20/20 11:14:47 DAGMAN_SUPPRESS_NOTIFICATION setting: True
07/20/20 11:14:47 allow_events (DAGMAN_ALLOW_EVENTS) setting: 114
07/20/20 11:14:47 DAGMAN_RETRY_SUBMIT_FIRST setting: True
07/20/20 11:14:47 DAGMAN_RETRY_NODE_FIRST setting: False
07/20/20 11:14:47 DAGMAN_MAX_JOBS_IDLE setting: 1000
07/20/20 11:14:47 DAGMAN_MAX_JOBS_SUBMITTED setting: 0
07/20/20 11:14:47 DAGMAN_MAX_PRE_SCRIPTS setting: 20
07/20/20 11:14:47 DAGMAN_MAX_POST_SCRIPTS setting: 20
07/20/20 11:14:47 DAGMAN_MUNGE_NODE_NAMES setting: True
07/20/20 11:14:47 DAGMAN_PROHIBIT_MULTI_JOBS setting: False
07/20/20 11:14:47 DAGMAN_SUBMIT_DEPTH_FIRST setting: False
07/20/20 11:14:47 DAGMAN_ALWAYS_RUN_POST setting: False
07/20/20 11:14:47 DAGMAN_CONDOR_SUBMIT_EXE setting: /usr/bin/condor_submit
07/20/20 11:14:47 DAGMAN_USE_CONDOR_SUBMIT setting: True
07/20/20 11:14:47 DAGMAN_ABORT_DUPLICATES setting: True
07/20/20 11:14:47 DAGMAN_ABORT_ON_SCARY_SUBMIT setting: True
07/20/20 11:14:47 DAGMAN_PENDING_REPORT_INTERVAL setting: 600
07/20/20 11:14:47 DAGMAN_AUTO_RESCUE setting: True
07/20/20 11:14:47 DAGMAN_MAX_RESCUE_NUM setting: 100
07/20/20 11:14:47 DAGMAN_WRITE_PARTIAL_RESCUE setting: True
07/20/20 11:14:47 DAGMAN_DEFAULT_NODE_LOG setting: @(DAG_DIR)/@(DAG_FILE).nodes.log
07/20/20 11:14:47 DAGMAN_GENERATE_SUBDAG_SUBMITS setting: True
07/20/20 11:14:47 DAGMAN_MAX_JOB_HOLDS setting: 100
07/20/20 11:14:47 DAGMAN_HOLD_CLAIM_TIME setting: 20
07/20/20 11:14:47 ALL_DEBUG setting: 
07/20/20 11:14:47 DAGMAN_DEBUG setting: 
07/20/20 11:14:47 DAGMAN_SUPPRESS_JOB_LOGS setting: False
07/20/20 11:14:47 DAGMAN_REMOVE_NODE_JOBS setting: True
07/20/20 11:14:47 argv[0] == "condor_scheduniv_exec.71.0"
07/20/20 11:14:47 argv[1] == "-Lockfile"
07/20/20 11:14:47 argv[2] == "checkpoint-wf-0.dag.lock"
07/20/20 11:14:47 argv[3] == "-AutoRescue"
07/20/20 11:14:47 argv[4] == "1"
07/20/20 11:14:47 argv[5] == "-DoRescueFrom"
07/20/20 11:14:47 argv[6] == "0"
07/20/20 11:14:47 argv[7] == "-Dag"
07/20/20 11:14:47 argv[8] == "checkpoint-wf-0.dag"
07/20/20 11:14:47 argv[9] == "-MaxPost"
07/20/20 11:14:47 argv[10] == "20"
07/20/20 11:14:47 argv[11] == "-Suppress_notification"
07/20/20 11:14:47 argv[12] == "-CsdVersion"
07/20/20 11:14:47 argv[13] == "$CondorVersion: 8.8.9 May 06 2020 BuildID: 503068 PackageID: 8.8.9-1 $"
07/20/20 11:14:47 argv[14] == "-Dagman"
07/20/20 11:14:47 argv[15] == "/bin/condor_dagman"
07/20/20 11:14:47 Workflow batch-name: <checkpoint-wf-0.dag+71>
07/20/20 11:14:47 Workflow accounting_group: <>
07/20/20 11:14:47 Workflow accounting_group_user: <>
07/20/20 11:14:47 Warning: failed to get attribute DAGNodeName
07/20/20 11:14:47 DAGMAN_LOG_ON_NFS_IS_ERROR setting: False
07/20/20 11:14:47 Default node log file is: </home/scitech/shared-data/Workflow5/scitech/pegasus/checkpoint-wf/run0005/./checkpoint-wf-0.dag.nodes.log>
07/20/20 11:14:47 DAG Lockfile will be written to checkpoint-wf-0.dag.lock
07/20/20 11:14:47 DAG Input file is checkpoint-wf-0.dag
07/20/20 11:14:47 Parsing 1 dagfiles
07/20/20 11:14:47 Parsing checkpoint-wf-0.dag ...
07/20/20 11:14:47 Warning:  could not open Pegasus braindump file braindump.txt
07/20/20 11:14:47 Dag contains 9 total jobs
07/20/20 11:14:47 Sleeping for 3 seconds to ensure ProcessId uniqueness
07/20/20 11:14:50 Bootstrapping...
07/20/20 11:14:50 Number of pre-completed nodes: 0
07/20/20 11:14:50 MultiLogFiles: truncating log file /home/scitech/shared-data/Workflow5/scitech/pegasus/checkpoint-wf/run0005/./checkpoint-wf-0.dag.nodes.log
07/20/20 11:14:50 DAG status: 0 (DAG_STATUS_OK)
07/20/20 11:14:50 Of 9 nodes total:
07/20/20 11:14:50  Done     Pre   Queued    Post   Ready   Un-Ready   Failed
07/20/20 11:14:50   ===     ===      ===     ===     ===        ===      ===
07/20/20 11:14:50     0       0        0       0       1          8        0
07/20/20 11:14:50 0 job proc(s) currently held
07/20/20 11:14:50 DAGMan Runtime Statistics: [ EventCycleTimeSum = 0.0; EventCycleTimeCount = 0.0; SleepCycleTimeCount = 0.0; SubmitCycleTimeSum = 0.0; SubmitCycleTimeCount = 0.0; LogProcessCycleTimeSum = 0.0; SleepCycleTimeSum = 0.0; LogProcessCycleTimeCount = 0.0; ]
07/20/20 11:14:50 Registering condor_event_timer...
07/20/20 11:14:51 Submitting HTCondor Node create_dir_checkpoint-wf_0_local job(s)...
07/20/20 11:14:51 Adding a DAGMan workflow log /home/scitech/shared-data/Workflow5/scitech/pegasus/checkpoint-wf/run0005/./checkpoint-wf-0.dag.nodes.log
07/20/20 11:14:51 Masking the events recorded in the DAGMAN workflow log
07/20/20 11:14:51 Mask for workflow log is 0,1,2,4,5,7,9,10,11,12,13,16,17,24,27,35,36
07/20/20 11:14:51 submitting: /usr/bin/condor_submit -a dag_node_name' '=' 'create_dir_checkpoint-wf_0_local -a +DAGManJobId' '=' '71 -a DAGManJobId' '=' '71 -batch-name checkpoint-wf-0.dag+71 -a submit_event_notes' '=' 'DAG' 'Node:' 'create_dir_checkpoint-wf_0_local -a dagman_log' '=' '/home/scitech/shared-data/Workflow5/scitech/pegasus/checkpoint-wf/run0005/./checkpoint-wf-0.dag.nodes.log -a +DAGManNodesMask' '=' '"0,1,2,4,5,7,9,10,11,12,13,16,17,24,27,35,36" -a priority=800 -a +DAGNodeRetry' '=' '0 -a DAG_STATUS' '=' '0 -a FAILED_COUNT' '=' '0 -a +KeepClaimIdle' '=' '20 -a notification' '=' 'never -a +DAGParentNodeNames' '=' '"" 00/00/create_dir_checkpoint-wf_0_local.sub
07/20/20 11:14:51 From submit: Submitting job(s).
07/20/20 11:14:51 From submit: 1 job(s) submitted to cluster 72.
07/20/20 11:14:51 	assigned HTCondor ID (72.0.0)
07/20/20 11:14:51 Just submitted 1 job this cycle...
07/20/20 11:14:51 DAG status: 0 (DAG_STATUS_OK)
07/20/20 11:14:51 Of 9 nodes total:
07/20/20 11:14:51  Done     Pre   Queued    Post   Ready   Un-Ready   Failed
07/20/20 11:14:51   ===     ===      ===     ===     ===        ===      ===
07/20/20 11:14:51     0       0        1       0       0          8        0
07/20/20 11:14:51 0 job proc(s) currently held
07/20/20 11:14:51 DAGMan Runtime Statistics: [ EventCycleTimeCount = 0.0; EventCycleTimeSum = 0.0; LogProcessCycleTimeCount = 0.0; SleepCycleTimeSum = 0.0; LogProcessCycleTimeSum = 0.0; SubmitCycleTimeCount = 1.0; SubmitCycleTimeMax = 0.04455709457397461; SubmitCycleTimeMin = 0.04455709457397461; SubmitCycleTimeAvg = 0.04455709457397461; SubmitCycleTimeStd = 0.04455709457397461; SubmitCycleTimeSum = 0.04455709457397461; SleepCycleTimeCount = 0.0; ]
07/20/20 11:14:56 Currently monitoring 1 HTCondor log file(s)
07/20/20 11:14:56 Reassigning the id of job create_dir_checkpoint-wf_0_local from (72.0.0) to (72.0.0)
07/20/20 11:14:56 Event: ULOG_SUBMIT for HTCondor Node create_dir_checkpoint-wf_0_local (72.0.0) {07/20/20 11:14:51}
07/20/20 11:14:56 Number of idle job procs: 1
07/20/20 11:14:56 Event: ULOG_EXECUTE for HTCondor Node create_dir_checkpoint-wf_0_local (72.0.0) {07/20/20 11:14:52}
07/20/20 11:14:56 Number of idle job procs: 0
07/20/20 11:14:56 Event: ULOG_JOB_TERMINATED for HTCondor Node create_dir_checkpoint-wf_0_local (72.0.0) {07/20/20 11:14:54}
07/20/20 11:14:56 Number of idle job procs: 0
07/20/20 11:14:56 Node create_dir_checkpoint-wf_0_local job proc (72.0.0) completed successfully.
07/20/20 11:14:56 Node create_dir_checkpoint-wf_0_local job completed
07/20/20 11:14:56 Running POST script of Node create_dir_checkpoint-wf_0_local...
07/20/20 11:14:56 Warning: mysin has length 0 (ignore if produced by DAGMan; see gittrac #4987, #5031)
07/20/20 11:14:56 DAG status: 0 (DAG_STATUS_OK)
07/20/20 11:14:56 Of 9 nodes total:
07/20/20 11:14:56  Done     Pre   Queued    Post   Ready   Un-Ready   Failed
07/20/20 11:14:56   ===     ===      ===     ===     ===        ===      ===
07/20/20 11:14:56     0       0        0       1       0          8        0
07/20/20 11:14:56 0 job proc(s) currently held
07/20/20 11:14:56 DAGMan Runtime Statistics: [ EventCycleTimeStd = 0.04894804954528809; EventCycleTimeMax = 0.04894804954528809; SubmitCycleTimeMin = 0.0005869865417480469; SubmitCycleTimeAvg = 0.02257204055786133; SleepCycleTimeCount = 1.0; SubmitCycleTimeCount = 2.0; SubmitCycleTimeMax = 0.04455709457397461; SleepCycleTimeMin = 5.005402088165283; SubmitCycleTimeSum = 0.04514408111572266; LogProcessCycleTimeStd = 0.01646590232849121; SubmitCycleTimeStd = 0.03109156155909248; LogProcessCycleTimeAvg = 0.01646590232849121; EventCycleTimeMin = 0.04894804954528809; LogProcessCycleTimeMax = 0.01646590232849121; LogProcessCycleTimeMin = 0.01646590232849121; LogProcessCycleTimeSum = 0.01646590232849121; LogProcessCycleTimeCount = 1.0; EventCycleTimeSum = 0.04894804954528809; SleepCycleTimeSum = 5.005402088165283; SleepCycleTimeAvg = 5.005402088165283; SleepCycleTimeStd = 5.005402088165283; SleepCycleTimeMax = 5.005402088165283; EventCycleTimeCount = 1.0; EventCycleTimeAvg = 0.04894804954528809; ]
07/20/20 11:14:56 Initializing user log writer for /home/scitech/shared-data/Workflow5/scitech/pegasus/checkpoint-wf/run0005/./checkpoint-wf-0.dag.nodes.log, (72.0.0)
07/20/20 11:15:01 Currently monitoring 1 HTCondor log file(s)
07/20/20 11:15:01 Event: ULOG_POST_SCRIPT_TERMINATED for HTCondor Node create_dir_checkpoint-wf_0_local (72.0.0) {07/20/20 11:14:56}
07/20/20 11:15:01 POST Script of node create_dir_checkpoint-wf_0_local completed successfully.
07/20/20 11:15:01 DAG status: 0 (DAG_STATUS_OK)
07/20/20 11:15:01 Of 9 nodes total:
07/20/20 11:15:01  Done     Pre   Queued    Post   Ready   Un-Ready   Failed
07/20/20 11:15:01   ===     ===      ===     ===     ===        ===      ===
07/20/20 11:15:01     1       0        0       0       2          6        0
07/20/20 11:15:01 0 job proc(s) currently held
07/20/20 11:15:01 DAGMan Runtime Statistics: [ EventCycleTimeStd = 0.01894635710479921; EventCycleTimeMax = 0.04894804954528809; SubmitCycleTimeMin = 0.0005869865417480469; SubmitCycleTimeAvg = 0.01530973116556803; SleepCycleTimeCount = 2.0; SubmitCycleTimeCount = 3.0; SubmitCycleTimeMax = 0.04455709457397461; SleepCycleTimeMin = 5.005402088165283; SubmitCycleTimeSum = 0.0459291934967041; LogProcessCycleTimeStd = 0.008142939719698771; SubmitCycleTimeStd = 0.02532915342485005; LogProcessCycleTimeAvg = 0.01070797443389893; EventCycleTimeMin = 0.02215385437011719; LogProcessCycleTimeMax = 0.01646590232849121; LogProcessCycleTimeMin = 0.004950046539306641; LogProcessCycleTimeSum = 0.02141594886779785; LogProcessCycleTimeCount = 2.0; EventCycleTimeSum = 0.07110190391540527; SleepCycleTimeSum = 10.22611618041992; SleepCycleTimeAvg = 5.113058090209961; SleepCycleTimeStd = 0.1522485781624489; SleepCycleTimeMax = 5.220714092254639; EventCycleTimeCount = 2.0; EventCycleTimeAvg = 0.03555095195770264; ]
07/20/20 11:15:06 Submitting HTCondor Node stage_in_remote_local_0_0 job(s)...
07/20/20 11:15:06 Adding a DAGMan workflow log /home/scitech/shared-data/Workflow5/scitech/pegasus/checkpoint-wf/run0005/./checkpoint-wf-0.dag.nodes.log
07/20/20 11:15:06 Masking the events recorded in the DAGMAN workflow log
07/20/20 11:15:06 Mask for workflow log is 0,1,2,4,5,7,9,10,11,12,13,16,17,24,27,35,36
07/20/20 11:15:06 submitting: /usr/bin/condor_submit -a dag_node_name' '=' 'stage_in_remote_local_0_0 -a +DAGManJobId' '=' '71 -a DAGManJobId' '=' '71 -batch-name checkpoint-wf-0.dag+71 -a submit_event_notes' '=' 'DAG' 'Node:' 'stage_in_remote_local_0_0 -a dagman_log' '=' '/home/scitech/shared-data/Workflow5/scitech/pegasus/checkpoint-wf/run0005/./checkpoint-wf-0.dag.nodes.log -a +DAGManNodesMask' '=' '"0,1,2,4,5,7,9,10,11,12,13,16,17,24,27,35,36" -a priority=700 -a +DAGNodeRetry' '=' '0 -a DAG_STATUS' '=' '0 -a FAILED_COUNT' '=' '0 -a +KeepClaimIdle' '=' '20 -a notification' '=' 'never -a +DAGParentNodeNames' '=' '"create_dir_checkpoint-wf_0_local" 00/00/stage_in_remote_local_0_0.sub
07/20/20 11:15:06 From submit: Submitting job(s).
07/20/20 11:15:06 From submit: 1 job(s) submitted to cluster 73.
07/20/20 11:15:06 	assigned HTCondor ID (73.0.0)
07/20/20 11:15:06 Submitting HTCondor Node stage_in_local_local_0_0 job(s)...
07/20/20 11:15:06 Adding a DAGMan workflow log /home/scitech/shared-data/Workflow5/scitech/pegasus/checkpoint-wf/run0005/./checkpoint-wf-0.dag.nodes.log
07/20/20 11:15:06 Masking the events recorded in the DAGMAN workflow log
07/20/20 11:15:06 Mask for workflow log is 0,1,2,4,5,7,9,10,11,12,13,16,17,24,27,35,36
07/20/20 11:15:06 submitting: /usr/bin/condor_submit -a dag_node_name' '=' 'stage_in_local_local_0_0 -a +DAGManJobId' '=' '71 -a DAGManJobId' '=' '71 -batch-name checkpoint-wf-0.dag+71 -a submit_event_notes' '=' 'DAG' 'Node:' 'stage_in_local_local_0_0 -a dagman_log' '=' '/home/scitech/shared-data/Workflow5/scitech/pegasus/checkpoint-wf/run0005/./checkpoint-wf-0.dag.nodes.log -a +DAGManNodesMask' '=' '"0,1,2,4,5,7,9,10,11,12,13,16,17,24,27,35,36" -a priority=700 -a +DAGNodeRetry' '=' '0 -a DAG_STATUS' '=' '0 -a FAILED_COUNT' '=' '0 -a +KeepClaimIdle' '=' '20 -a notification' '=' 'never -a +DAGParentNodeNames' '=' '"create_dir_checkpoint-wf_0_local" 00/00/stage_in_local_local_0_0.sub
07/20/20 11:15:06 From submit: Submitting job(s).
07/20/20 11:15:06 From submit: 1 job(s) submitted to cluster 74.
07/20/20 11:15:06 	assigned HTCondor ID (74.0.0)
07/20/20 11:15:06 Just submitted 2 jobs this cycle...
07/20/20 11:15:06 DAG status: 0 (DAG_STATUS_OK)
07/20/20 11:15:06 Of 9 nodes total:
07/20/20 11:15:06  Done     Pre   Queued    Post   Ready   Un-Ready   Failed
07/20/20 11:15:06   ===     ===      ===     ===     ===        ===      ===
07/20/20 11:15:06     1       0        2       0       0          6        0
07/20/20 11:15:06 0 job proc(s) currently held
07/20/20 11:15:06 DAGMan Runtime Statistics: [ EventCycleTimeStd = 0.01914063528400402; EventCycleTimeMax = 0.04894804954528809; SubmitCycleTimeMin = 0.0005869865417480469; SubmitCycleTimeAvg = 0.03252154588699341; SleepCycleTimeCount = 3.0; SubmitCycleTimeCount = 4.0; SubmitCycleTimeMax = 0.08415699005126953; SleepCycleTimeMin = 5.005402088165283; SubmitCycleTimeSum = 0.1300861835479736; LogProcessCycleTimeStd = 0.008142939719698771; SubmitCycleTimeStd = 0.04015839811917838; LogProcessCycleTimeAvg = 0.01070797443389893; EventCycleTimeMin = 0.01187300682067871; LogProcessCycleTimeMax = 0.01646590232849121; LogProcessCycleTimeMin = 0.004950046539306641; LogProcessCycleTimeSum = 0.02141594886779785; LogProcessCycleTimeCount = 2.0; EventCycleTimeSum = 0.08297491073608398; SleepCycleTimeSum = 15.2371780872345; SleepCycleTimeAvg = 5.079059362411499; SleepCycleTimeStd = 0.1227092305084885; SleepCycleTimeMax = 5.220714092254639; EventCycleTimeCount = 3.0; EventCycleTimeAvg = 0.02765830357869466; ]
07/20/20 11:15:11 Currently monitoring 1 HTCondor log file(s)
07/20/20 11:15:11 Reassigning the id of job stage_in_remote_local_0_0 from (73.0.0) to (73.0.0)
07/20/20 11:15:11 Event: ULOG_SUBMIT for HTCondor Node stage_in_remote_local_0_0 (73.0.0) {07/20/20 11:15:06}
07/20/20 11:15:11 Number of idle job procs: 1
07/20/20 11:15:11 Reassigning the id of job stage_in_local_local_0_0 from (74.0.0) to (74.0.0)
07/20/20 11:15:11 Event: ULOG_SUBMIT for HTCondor Node stage_in_local_local_0_0 (74.0.0) {07/20/20 11:15:06}
07/20/20 11:15:11 Number of idle job procs: 2
07/20/20 11:15:11 Event: ULOG_EXECUTE for HTCondor Node stage_in_local_local_0_0 (74.0.0) {07/20/20 11:15:09}
07/20/20 11:15:11 Number of idle job procs: 1
07/20/20 11:15:11 Event: ULOG_EXECUTE for HTCondor Node stage_in_remote_local_0_0 (73.0.0) {07/20/20 11:15:09}
07/20/20 11:15:11 Number of idle job procs: 0
07/20/20 11:15:11 Event: ULOG_JOB_TERMINATED for HTCondor Node stage_in_remote_local_0_0 (73.0.0) {07/20/20 11:15:11}
07/20/20 11:15:11 Number of idle job procs: 0
07/20/20 11:15:11 Node stage_in_remote_local_0_0 job proc (73.0.0) completed successfully.
07/20/20 11:15:11 Node stage_in_remote_local_0_0 job completed
07/20/20 11:15:11 Running POST script of Node stage_in_remote_local_0_0...
07/20/20 11:15:11 Warning: mysin has length 0 (ignore if produced by DAGMan; see gittrac #4987, #5031)
07/20/20 11:15:11 Event: ULOG_JOB_TERMINATED for HTCondor Node stage_in_local_local_0_0 (74.0.0) {07/20/20 11:15:11}
07/20/20 11:15:11 Number of idle job procs: 0
07/20/20 11:15:11 Node stage_in_local_local_0_0 job proc (74.0.0) completed successfully.
07/20/20 11:15:11 Node stage_in_local_local_0_0 job completed
07/20/20 11:15:11 Running POST script of Node stage_in_local_local_0_0...
07/20/20 11:15:11 Warning: mysin has length 0 (ignore if produced by DAGMan; see gittrac #4987, #5031)
07/20/20 11:15:11 DAG status: 0 (DAG_STATUS_OK)
07/20/20 11:15:11 Of 9 nodes total:
07/20/20 11:15:11  Done     Pre   Queued    Post   Ready   Un-Ready   Failed
07/20/20 11:15:11   ===     ===      ===     ===     ===        ===      ===
07/20/20 11:15:11     1       0        0       2       0          6        0
07/20/20 11:15:11 0 job proc(s) currently held
07/20/20 11:15:11 DAGMan Runtime Statistics: [ EventCycleTimeStd = 0.03505806363880408; EventCycleTimeMax = 0.09042215347290039; SubmitCycleTimeMin = 0.0005548000335693359; SubmitCycleTimeAvg = 0.0261281967163086; SleepCycleTimeCount = 4.0; SubmitCycleTimeCount = 5.0; SubmitCycleTimeMax = 0.08415699005126953; SleepCycleTimeMin = 5.003613948822021; SubmitCycleTimeSum = 0.130640983581543; LogProcessCycleTimeStd = 0.01457280668873209; SubmitCycleTimeStd = 0.03760182539073473; LogProcessCycleTimeAvg = 0.01843698819478353; EventCycleTimeMin = 0.01187300682067871; LogProcessCycleTimeMax = 0.03389501571655273; LogProcessCycleTimeMin = 0.004950046539306641; LogProcessCycleTimeSum = 0.05531096458435059; LogProcessCycleTimeCount = 3.0; EventCycleTimeSum = 0.1733970642089844; SleepCycleTimeSum = 20.24079203605652; SleepCycleTimeAvg = 5.06019800901413; SleepCycleTimeStd = 0.1070578010978746; SleepCycleTimeMax = 5.220714092254639; EventCycleTimeCount = 4.0; EventCycleTimeAvg = 0.04334926605224609; ]
07/20/20 11:15:12 Initializing user log writer for /home/scitech/shared-data/Workflow5/scitech/pegasus/checkpoint-wf/run0005/./checkpoint-wf-0.dag.nodes.log, (74.0.0)
07/20/20 11:15:12 Initializing user log writer for /home/scitech/shared-data/Workflow5/scitech/pegasus/checkpoint-wf/run0005/./checkpoint-wf-0.dag.nodes.log, (73.0.0)
07/20/20 11:15:16 Currently monitoring 1 HTCondor log file(s)
07/20/20 11:15:16 Event: ULOG_POST_SCRIPT_TERMINATED for HTCondor Node stage_in_local_local_0_0 (74.0.0) {07/20/20 11:15:12}
07/20/20 11:15:16 POST Script of node stage_in_local_local_0_0 completed successfully.
07/20/20 11:15:16 Event: ULOG_POST_SCRIPT_TERMINATED for HTCondor Node stage_in_remote_local_0_0 (73.0.0) {07/20/20 11:15:12}
07/20/20 11:15:16 POST Script of node stage_in_remote_local_0_0 completed successfully.
07/20/20 11:15:16 DAG status: 0 (DAG_STATUS_OK)
07/20/20 11:15:16 Of 9 nodes total:
07/20/20 11:15:16  Done     Pre   Queued    Post   Ready   Un-Ready   Failed
07/20/20 11:15:16   ===     ===      ===     ===     ===        ===      ===
07/20/20 11:15:16     3       0        0       0       1          5        0
07/20/20 11:15:16 0 job proc(s) currently held
07/20/20 11:15:16 DAGMan Runtime Statistics: [ EventCycleTimeStd = 0.03037061553281191; EventCycleTimeMax = 0.09042215347290039; SubmitCycleTimeMin = 0.0005548000335693359; SubmitCycleTimeAvg = 0.02186803023020427; SleepCycleTimeCount = 5.0; SubmitCycleTimeCount = 6.0; SubmitCycleTimeMax = 0.08415699005126953; SleepCycleTimeMin = 4.217437028884888; SubmitCycleTimeSum = 0.1312081813812256; LogProcessCycleTimeStd = 0.01365383927671906; SubmitCycleTimeStd = 0.03521380310486502; LogProcessCycleTimeAvg = 0.01508849859237671; EventCycleTimeMin = 0.01187300682067871; LogProcessCycleTimeMax = 0.03389501571655273; LogProcessCycleTimeMin = 0.004950046539306641; LogProcessCycleTimeSum = 0.06035399436950684; LogProcessCycleTimeCount = 4.0; EventCycleTimeSum = 0.2150530815124512; SleepCycleTimeSum = 24.45822906494141; SleepCycleTimeAvg = 4.891645812988282; SleepCycleTimeStd = 0.3881304465094323; SleepCycleTimeMax = 5.220714092254639; EventCycleTimeCount = 5.0; EventCycleTimeAvg = 0.04301061630249024; ]
07/20/20 11:15:21 Submitting HTCondor Node print_nums1_py_ID0000001 job(s)...
07/20/20 11:15:21 Adding a DAGMan workflow log /home/scitech/shared-data/Workflow5/scitech/pegasus/checkpoint-wf/run0005/./checkpoint-wf-0.dag.nodes.log
07/20/20 11:15:21 Masking the events recorded in the DAGMAN workflow log
07/20/20 11:15:21 Mask for workflow log is 0,1,2,4,5,7,9,10,11,12,13,16,17,24,27,35,36
07/20/20 11:15:21 submitting: /usr/bin/condor_submit -a dag_node_name' '=' 'print_nums1_py_ID0000001 -a +DAGManJobId' '=' '71 -a DAGManJobId' '=' '71 -batch-name checkpoint-wf-0.dag+71 -a submit_event_notes' '=' 'DAG' 'Node:' 'print_nums1_py_ID0000001 -a dagman_log' '=' '/home/scitech/shared-data/Workflow5/scitech/pegasus/checkpoint-wf/run0005/./checkpoint-wf-0.dag.nodes.log -a +DAGManNodesMask' '=' '"0,1,2,4,5,7,9,10,11,12,13,16,17,24,27,35,36" -a priority=20 -a +DAGNodeRetry' '=' '0 -a DAG_STATUS' '=' '0 -a FAILED_COUNT' '=' '0 -a +KeepClaimIdle' '=' '20 -a notification' '=' 'never -a +DAGParentNodeNames' '=' '"stage_in_remote_local_0_0,stage_in_local_local_0_0" 00/00/print_nums1_py_ID0000001.sub
07/20/20 11:15:21 From submit: Submitting job(s).
07/20/20 11:15:21 From submit: 1 job(s) submitted to cluster 75.
07/20/20 11:15:21 	assigned HTCondor ID (75.0.0)
07/20/20 11:15:21 Just submitted 1 job this cycle...
07/20/20 11:15:21 DAG status: 0 (DAG_STATUS_OK)
07/20/20 11:15:21 Of 9 nodes total:
07/20/20 11:15:21  Done     Pre   Queued    Post   Ready   Un-Ready   Failed
07/20/20 11:15:21   ===     ===      ===     ===     ===        ===      ===
07/20/20 11:15:21     3       0        1       0       0          5        0
07/20/20 11:15:21 0 job proc(s) currently held
07/20/20 11:15:21 DAGMan Runtime Statistics: [ EventCycleTimeStd = 0.03027235782014201; EventCycleTimeMax = 0.09042215347290039; SubmitCycleTimeMin = 0.0005548000335693359; SubmitCycleTimeAvg = 0.02693271636962891; SleepCycleTimeCount = 6.0; SubmitCycleTimeCount = 7.0; SubmitCycleTimeMax = 0.08415699005126953; SleepCycleTimeMin = 4.217437028884888; SubmitCycleTimeSum = 0.1885290145874023; LogProcessCycleTimeStd = 0.01365383927671906; SubmitCycleTimeStd = 0.03482672241387345; LogProcessCycleTimeAvg = 0.01508849859237671; EventCycleTimeMin = 0.01028299331665039; LogProcessCycleTimeMax = 0.03389501571655273; LogProcessCycleTimeMin = 0.004950046539306641; LogProcessCycleTimeSum = 0.06035399436950684; LogProcessCycleTimeCount = 4.0; EventCycleTimeSum = 0.2253360748291016; SleepCycleTimeSum = 29.46390295028687; SleepCycleTimeAvg = 4.910650491714478; SleepCycleTimeStd = 0.35026170456818; SleepCycleTimeMax = 5.220714092254639; EventCycleTimeCount = 6.0; EventCycleTimeAvg = 0.03755601247151693; ]
07/20/20 11:15:26 Currently monitoring 1 HTCondor log file(s)
07/20/20 11:15:26 Reassigning the id of job print_nums1_py_ID0000001 from (75.0.0) to (75.0.0)
07/20/20 11:15:26 Event: ULOG_SUBMIT for HTCondor Node print_nums1_py_ID0000001 (75.0.0) {07/20/20 11:15:21}
07/20/20 11:15:26 Number of idle job procs: 1
07/20/20 11:15:31 Currently monitoring 1 HTCondor log file(s)
07/20/20 11:15:31 Event: ULOG_EXECUTE for HTCondor Node print_nums1_py_ID0000001 (75.0.0) {07/20/20 11:15:30}
07/20/20 11:15:31 Number of idle job procs: 0
07/20/20 11:15:36 Currently monitoring 1 HTCondor log file(s)
07/20/20 11:15:36 Event: ULOG_JOB_TERMINATED for HTCondor Node print_nums1_py_ID0000001 (75.0.0) {07/20/20 11:15:31}
07/20/20 11:15:36 Number of idle job procs: 0
07/20/20 11:15:36 Node print_nums1_py_ID0000001 job proc (75.0.0) failed with status 1.
07/20/20 11:15:36 Node print_nums1_py_ID0000001 job completed
07/20/20 11:15:36 Running POST script of Node print_nums1_py_ID0000001...
07/20/20 11:15:36 Warning: mysin has length 0 (ignore if produced by DAGMan; see gittrac #4987, #5031)
07/20/20 11:15:36 DAG status: 0 (DAG_STATUS_OK)
07/20/20 11:15:36 Of 9 nodes total:
07/20/20 11:15:36  Done     Pre   Queued    Post   Ready   Un-Ready   Failed
07/20/20 11:15:36   ===     ===      ===     ===     ===        ===      ===
07/20/20 11:15:36     3       0        0       1       0          5        0
07/20/20 11:15:36 0 job proc(s) currently held
07/20/20 11:15:36 DAGMan Runtime Statistics: [ EventCycleTimeStd = 0.03007014906256943; EventCycleTimeMax = 0.09042215347290039; SubmitCycleTimeMin = 0.0002140998840332031; SubmitCycleTimeAvg = 0.01895091533660889; SleepCycleTimeCount = 9.0; SubmitCycleTimeCount = 10.0; SubmitCycleTimeMax = 0.08415699005126953; SleepCycleTimeMin = 4.217437028884888; SubmitCycleTimeSum = 0.1895091533660889; LogProcessCycleTimeStd = 0.01131794929067033; SubmitCycleTimeStd = 0.03120542397506282; LogProcessCycleTimeAvg = 0.01065523283822196; EventCycleTimeMin = 0.002444982528686523; LogProcessCycleTimeMax = 0.03389501571655273; LogProcessCycleTimeMin = 0.001839876174926758; LogProcessCycleTimeSum = 0.07458662986755371; LogProcessCycleTimeCount = 7.0; EventCycleTimeSum = 0.2937672138214111; SleepCycleTimeSum = 44.44149088859558; SleepCycleTimeAvg = 4.937943432066175; SleepCycleTimeStd = 0.2801356910575998; SleepCycleTimeMax = 5.220714092254639; EventCycleTimeCount = 9.0; EventCycleTimeAvg = 0.03264080153571235; ]
07/20/20 11:15:36 Initializing user log writer for /home/scitech/shared-data/Workflow5/scitech/pegasus/checkpoint-wf/run0005/./checkpoint-wf-0.dag.nodes.log, (75.0.0)
07/20/20 11:15:41 Currently monitoring 1 HTCondor log file(s)
07/20/20 11:15:41 Event: ULOG_POST_SCRIPT_TERMINATED for HTCondor Node print_nums1_py_ID0000001 (75.0.0) {07/20/20 11:15:36}
07/20/20 11:15:41 POST Script of node print_nums1_py_ID0000001 failed with status 1
07/20/20 11:15:41 POST for Node print_nums1_py_ID0000001 returned 1
07/20/20 11:15:41 Retrying node print_nums1_py_ID0000001 (retry #1 of 5)...
07/20/20 11:15:41 DAG status: 0 (DAG_STATUS_OK)
07/20/20 11:15:41 Of 9 nodes total:
07/20/20 11:15:41  Done     Pre   Queued    Post   Ready   Un-Ready   Failed
07/20/20 11:15:41   ===     ===      ===     ===     ===        ===      ===
07/20/20 11:15:41     3       0        0       0       1          5        0
07/20/20 11:15:41 0 job proc(s) currently held
07/20/20 11:15:41 DAGMan Runtime Statistics: [ EventCycleTimeStd = 0.02898974994584181; EventCycleTimeMax = 0.09042215347290039; SubmitCycleTimeMin = 0.0002140998840332031; SubmitCycleTimeAvg = 0.01729239117015492; SleepCycleTimeCount = 10.0; SubmitCycleTimeCount = 11.0; SubmitCycleTimeMax = 0.08415699005126953; SleepCycleTimeMin = 4.217437028884888; SubmitCycleTimeSum = 0.1902163028717041; LogProcessCycleTimeStd = 0.01053808412149023; SubmitCycleTimeStd = 0.03011076823056684; LogProcessCycleTimeAvg = 0.01025921106338501; EventCycleTimeMin = 0.002444982528686523; LogProcessCycleTimeMax = 0.03389501571655273; LogProcessCycleTimeMin = 0.001839876174926758; LogProcessCycleTimeSum = 0.08207368850708008; LogProcessCycleTimeCount = 8.0; EventCycleTimeSum = 0.3072612285614014; SleepCycleTimeSum = 49.61748075485229; SleepCycleTimeAvg = 4.96174807548523; SleepCycleTimeStd = 0.2746325904392362; SleepCycleTimeMax = 5.220714092254639; EventCycleTimeCount = 10.0; EventCycleTimeAvg = 0.03072612285614014; ]
07/20/20 11:15:46 Reassigning the id of job print_nums1_py_ID0000001 from (75.0.0) to (-1.-1.-1)
07/20/20 11:15:46 Submitting HTCondor Node print_nums1_py_ID0000001 job(s)...
07/20/20 11:15:46 Adding a DAGMan workflow log /home/scitech/shared-data/Workflow5/scitech/pegasus/checkpoint-wf/run0005/./checkpoint-wf-0.dag.nodes.log
07/20/20 11:15:46 Masking the events recorded in the DAGMAN workflow log
07/20/20 11:15:46 Mask for workflow log is 0,1,2,4,5,7,9,10,11,12,13,16,17,24,27,35,36
07/20/20 11:15:46 submitting: /usr/bin/condor_submit -a dag_node_name' '=' 'print_nums1_py_ID0000001 -a +DAGManJobId' '=' '71 -a DAGManJobId' '=' '71 -batch-name checkpoint-wf-0.dag+71 -a submit_event_notes' '=' 'DAG' 'Node:' 'print_nums1_py_ID0000001 -a dagman_log' '=' '/home/scitech/shared-data/Workflow5/scitech/pegasus/checkpoint-wf/run0005/./checkpoint-wf-0.dag.nodes.log -a +DAGManNodesMask' '=' '"0,1,2,4,5,7,9,10,11,12,13,16,17,24,27,35,36" -a priority=20 -a +DAGNodeRetry' '=' '1 -a DAG_STATUS' '=' '0 -a FAILED_COUNT' '=' '0 -a +KeepClaimIdle' '=' '20 -a notification' '=' 'never -a +DAGParentNodeNames' '=' '"stage_in_remote_local_0_0,stage_in_local_local_0_0" 00/00/print_nums1_py_ID0000001.sub
07/20/20 11:15:46 From submit: Submitting job(s).
07/20/20 11:15:46 From submit: 1 job(s) submitted to cluster 76.
07/20/20 11:15:46 	assigned HTCondor ID (76.0.0)
07/20/20 11:15:46 Just submitted 1 job this cycle...
07/20/20 11:15:46 DAG status: 0 (DAG_STATUS_OK)
07/20/20 11:15:46 Of 9 nodes total:
07/20/20 11:15:46  Done     Pre   Queued    Post   Ready   Un-Ready   Failed
07/20/20 11:15:46   ===     ===      ===     ===     ===        ===      ===
07/20/20 11:15:46     3       0        1       0       0          5        0
07/20/20 11:15:46 0 job proc(s) currently held
07/20/20 11:15:46 DAGMan Runtime Statistics: [ EventCycleTimeStd = 0.02780758406491374; EventCycleTimeMax = 0.09042215347290039; SubmitCycleTimeMin = 0.0002140998840332031; SubmitCycleTimeAvg = 0.02063777049382528; SleepCycleTimeCount = 11.0; SubmitCycleTimeCount = 12.0; SubmitCycleTimeMax = 0.08415699005126953; SleepCycleTimeMin = 4.217437028884888; SubmitCycleTimeSum = 0.2476532459259033; LogProcessCycleTimeStd = 0.01053808412149023; SubmitCycleTimeStd = 0.03096019427718138; LogProcessCycleTimeAvg = 0.01025921106338501; EventCycleTimeMin = 0.002444982528686523; LogProcessCycleTimeMax = 0.03389501571655273; LogProcessCycleTimeMin = 0.001839876174926758; LogProcessCycleTimeSum = 0.08207368850708008; LogProcessCycleTimeCount = 8.0; EventCycleTimeSum = 0.3243541717529297; SleepCycleTimeSum = 54.62658190727234; SleepCycleTimeAvg = 4.966052900661122; SleepCycleTimeStd = 0.2609302597936278; SleepCycleTimeMax = 5.220714092254639; EventCycleTimeCount = 11.0; EventCycleTimeAvg = 0.02948674288662997; ]
07/20/20 11:15:51 Currently monitoring 1 HTCondor log file(s)
07/20/20 11:15:51 Reassigning the id of job print_nums1_py_ID0000001 from (76.0.0) to (76.0.0)
07/20/20 11:15:51 Event: ULOG_SUBMIT for HTCondor Node print_nums1_py_ID0000001 (76.0.0) {07/20/20 11:15:46}
07/20/20 11:15:51 Number of idle job procs: 1
07/20/20 11:15:51 Event: ULOG_EXECUTE for HTCondor Node print_nums1_py_ID0000001 (76.0.0) {07/20/20 11:15:47}
07/20/20 11:15:51 Number of idle job procs: 0
07/20/20 11:15:51 Event: ULOG_JOB_TERMINATED for HTCondor Node print_nums1_py_ID0000001 (76.0.0) {07/20/20 11:15:48}
07/20/20 11:15:51 Number of idle job procs: 0
07/20/20 11:15:51 Node print_nums1_py_ID0000001 job proc (76.0.0) failed with status 1.
07/20/20 11:15:51 Node print_nums1_py_ID0000001 job completed
07/20/20 11:15:51 Running POST script of Node print_nums1_py_ID0000001...
07/20/20 11:15:51 Warning: mysin has length 0 (ignore if produced by DAGMan; see gittrac #4987, #5031)
07/20/20 11:15:51 DAG status: 0 (DAG_STATUS_OK)
07/20/20 11:15:51 Of 9 nodes total:
07/20/20 11:15:51  Done     Pre   Queued    Post   Ready   Un-Ready   Failed
07/20/20 11:15:51   ===     ===      ===     ===     ===        ===      ===
07/20/20 11:15:51     3       0        0       1       0          5        0
07/20/20 11:15:51 0 job proc(s) currently held
07/20/20 11:15:51 DAGMan Runtime Statistics: [ EventCycleTimeStd = 0.02825928025111565; EventCycleTimeMax = 0.09042215347290039; SubmitCycleTimeMin = 0.0002140998840332031; SubmitCycleTimeAvg = 0.01908417848440317; SleepCycleTimeCount = 12.0; SubmitCycleTimeCount = 13.0; SubmitCycleTimeMax = 0.08415699005126953; SleepCycleTimeMin = 4.217437028884888; SubmitCycleTimeSum = 0.2480943202972412; LogProcessCycleTimeStd = 0.0101511140988485; SubmitCycleTimeStd = 0.0301667574147444; LogProcessCycleTimeAvg = 0.01106717851426866; EventCycleTimeMin = 0.002444982528686523; LogProcessCycleTimeMax = 0.03389501571655273; LogProcessCycleTimeMin = 0.001839876174926758; LogProcessCycleTimeSum = 0.09960460662841797; LogProcessCycleTimeCount = 9.0; EventCycleTimeSum = 0.3877151012420654; SleepCycleTimeSum = 59.60191202163696; SleepCycleTimeAvg = 4.966826001803081; SleepCycleTimeStd = 0.2488016550714639; SleepCycleTimeMax = 5.220714092254639; EventCycleTimeCount = 12.0; EventCycleTimeAvg = 0.03230959177017212; ]
07/20/20 11:15:51 Initializing user log writer for /home/scitech/shared-data/Workflow5/scitech/pegasus/checkpoint-wf/run0005/./checkpoint-wf-0.dag.nodes.log, (76.0.0)
07/20/20 11:15:56 Currently monitoring 1 HTCondor log file(s)
07/20/20 11:15:56 Event: ULOG_POST_SCRIPT_TERMINATED for HTCondor Node print_nums1_py_ID0000001 (76.0.0) {07/20/20 11:15:51}
07/20/20 11:15:56 POST Script of node print_nums1_py_ID0000001 failed with status 1
07/20/20 11:15:56 POST for Node print_nums1_py_ID0000001 returned 1
07/20/20 11:15:56 Retrying node print_nums1_py_ID0000001 (retry #2 of 5)...
07/20/20 11:15:56 DAG status: 0 (DAG_STATUS_OK)
07/20/20 11:15:56 Of 9 nodes total:
07/20/20 11:15:56  Done     Pre   Queued    Post   Ready   Un-Ready   Failed
07/20/20 11:15:56   ===     ===      ===     ===     ===        ===      ===
07/20/20 11:15:56     3       0        0       0       1          5        0
07/20/20 11:15:56 0 job proc(s) currently held
07/20/20 11:15:56 DAGMan Runtime Statistics: [ EventCycleTimeStd = 0.02713036058791576; EventCycleTimeMax = 0.09042215347290039; SubmitCycleTimeMin = 0.0002140998840332031; SubmitCycleTimeAvg = 0.01778531074523926; SleepCycleTimeCount = 13.0; SubmitCycleTimeCount = 14.0; SubmitCycleTimeMax = 0.08415699005126953; SleepCycleTimeMin = 4.217437028884888; SubmitCycleTimeSum = 0.2489943504333496; LogProcessCycleTimeStd = 0.009664385842482028; SubmitCycleTimeStd = 0.02938791415968274; LogProcessCycleTimeAvg = 0.01064236164093018; EventCycleTimeMin = 0.002444982528686523; LogProcessCycleTimeMax = 0.03389501571655273; LogProcessCycleTimeMin = 0.001839876174926758; LogProcessCycleTimeSum = 0.1064236164093018; LogProcessCycleTimeCount = 10.0; EventCycleTimeSum = 0.4127969741821289; SleepCycleTimeSum = 64.78964614868164; SleepCycleTimeAvg = 4.983818934513972; SleepCycleTimeStd = 0.2459626364104219; SleepCycleTimeMax = 5.220714092254639; EventCycleTimeCount = 13.0; EventCycleTimeAvg = 0.0317536133986253; ]
07/20/20 11:16:01 Reassigning the id of job print_nums1_py_ID0000001 from (76.0.0) to (-1.-1.-1)
07/20/20 11:16:01 Submitting HTCondor Node print_nums1_py_ID0000001 job(s)...
07/20/20 11:16:01 Adding a DAGMan workflow log /home/scitech/shared-data/Workflow5/scitech/pegasus/checkpoint-wf/run0005/./checkpoint-wf-0.dag.nodes.log
07/20/20 11:16:01 Masking the events recorded in the DAGMAN workflow log
07/20/20 11:16:01 Mask for workflow log is 0,1,2,4,5,7,9,10,11,12,13,16,17,24,27,35,36
07/20/20 11:16:01 submitting: /usr/bin/condor_submit -a dag_node_name' '=' 'print_nums1_py_ID0000001 -a +DAGManJobId' '=' '71 -a DAGManJobId' '=' '71 -batch-name checkpoint-wf-0.dag+71 -a submit_event_notes' '=' 'DAG' 'Node:' 'print_nums1_py_ID0000001 -a dagman_log' '=' '/home/scitech/shared-data/Workflow5/scitech/pegasus/checkpoint-wf/run0005/./checkpoint-wf-0.dag.nodes.log -a +DAGManNodesMask' '=' '"0,1,2,4,5,7,9,10,11,12,13,16,17,24,27,35,36" -a priority=20 -a +DAGNodeRetry' '=' '2 -a DAG_STATUS' '=' '0 -a FAILED_COUNT' '=' '0 -a +KeepClaimIdle' '=' '20 -a notification' '=' 'never -a +DAGParentNodeNames' '=' '"stage_in_remote_local_0_0,stage_in_local_local_0_0" 00/00/print_nums1_py_ID0000001.sub
07/20/20 11:16:01 From submit: Submitting job(s).
07/20/20 11:16:01 From submit: 1 job(s) submitted to cluster 77.
07/20/20 11:16:01 	assigned HTCondor ID (77.0.0)
07/20/20 11:16:01 Just submitted 1 job this cycle...
07/20/20 11:16:01 DAG status: 0 (DAG_STATUS_OK)
07/20/20 11:16:01 Of 9 nodes total:
07/20/20 11:16:01  Done     Pre   Queued    Post   Ready   Un-Ready   Failed
07/20/20 11:16:01   ===     ===      ===     ===     ===        ===      ===
07/20/20 11:16:01     3       0        1       0       0          5        0
07/20/20 11:16:01 0 job proc(s) currently held
07/20/20 11:16:01 DAGMan Runtime Statistics: [ EventCycleTimeStd = 0.02648568496342586; EventCycleTimeMax = 0.09042215347290039; SubmitCycleTimeMin = 0.0002140998840332031; SubmitCycleTimeAvg = 0.02054537137349447; SleepCycleTimeCount = 14.0; SubmitCycleTimeCount = 15.0; SubmitCycleTimeMax = 0.08415699005126953; SleepCycleTimeMin = 4.217437028884888; SubmitCycleTimeSum = 0.308180570602417; LogProcessCycleTimeStd = 0.009664385842482028; SubmitCycleTimeStd = 0.03026927929151083; LogProcessCycleTimeAvg = 0.01064236164093018; EventCycleTimeMin = 0.002444982528686523; LogProcessCycleTimeMax = 0.03389501571655273; LogProcessCycleTimeMin = 0.001839876174926758; LogProcessCycleTimeSum = 0.1064236164093018; LogProcessCycleTimeCount = 10.0; EventCycleTimeSum = 0.4269788265228271; SleepCycleTimeSum = 69.79607629776001; SleepCycleTimeAvg = 4.985434021268572; SleepCycleTimeStd = 0.2363905129670068; SleepCycleTimeMax = 5.220714092254639; EventCycleTimeCount = 14.0; EventCycleTimeAvg = 0.03049848760877337; ]
07/20/20 11:16:06 Currently monitoring 1 HTCondor log file(s)
07/20/20 11:16:06 Reassigning the id of job print_nums1_py_ID0000001 from (77.0.0) to (77.0.0)
07/20/20 11:16:06 Event: ULOG_SUBMIT for HTCondor Node print_nums1_py_ID0000001 (77.0.0) {07/20/20 11:16:01}
07/20/20 11:16:06 Number of idle job procs: 1
07/20/20 11:16:06 Event: ULOG_EXECUTE for HTCondor Node print_nums1_py_ID0000001 (77.0.0) {07/20/20 11:16:03}
07/20/20 11:16:06 Number of idle job procs: 0
07/20/20 11:16:06 Event: ULOG_JOB_TERMINATED for HTCondor Node print_nums1_py_ID0000001 (77.0.0) {07/20/20 11:16:04}
07/20/20 11:16:06 Number of idle job procs: 0
07/20/20 11:16:06 Node print_nums1_py_ID0000001 job proc (77.0.0) failed with status 1.
07/20/20 11:16:06 Node print_nums1_py_ID0000001 job completed
07/20/20 11:16:06 Running POST script of Node print_nums1_py_ID0000001...
07/20/20 11:16:06 Warning: mysin has length 0 (ignore if produced by DAGMan; see gittrac #4987, #5031)
07/20/20 11:16:06 DAG status: 0 (DAG_STATUS_OK)
07/20/20 11:16:06 Of 9 nodes total:
07/20/20 11:16:06  Done     Pre   Queued    Post   Ready   Un-Ready   Failed
07/20/20 11:16:06   ===     ===      ===     ===     ===        ===      ===
07/20/20 11:16:06     3       0        0       1       0          5        0
07/20/20 11:16:06 0 job proc(s) currently held
07/20/20 11:16:06 DAGMan Runtime Statistics: [ EventCycleTimeStd = 0.02714205433245392; EventCycleTimeMax = 0.09042215347290039; SubmitCycleTimeMin = 0.0002140998840332031; SubmitCycleTimeAvg = 0.01931808888912201; SleepCycleTimeCount = 15.0; SubmitCycleTimeCount = 16.0; SubmitCycleTimeMax = 0.08415699005126953; SleepCycleTimeMin = 4.217437028884888; SubmitCycleTimeSum = 0.3090894222259521; LogProcessCycleTimeStd = 0.009637495348721468; SubmitCycleTimeStd = 0.02965209730045211; LogProcessCycleTimeAvg = 0.01153785532171076; EventCycleTimeMin = 0.002444982528686523; LogProcessCycleTimeMax = 0.03389501571655273; LogProcessCycleTimeMin = 0.001839876174926758; LogProcessCycleTimeSum = 0.1269164085388184; LogProcessCycleTimeCount = 11.0; EventCycleTimeSum = 0.4932487010955811; SleepCycleTimeSum = 74.80394840240479; SleepCycleTimeAvg = 4.986929893493652; SleepCycleTimeStd = 0.2278652598655605; SleepCycleTimeMax = 5.220714092254639; EventCycleTimeCount = 15.0; EventCycleTimeAvg = 0.03288324673970541; ]
07/20/20 11:16:06 Initializing user log writer for /home/scitech/shared-data/Workflow5/scitech/pegasus/checkpoint-wf/run0005/./checkpoint-wf-0.dag.nodes.log, (77.0.0)
07/20/20 11:16:11 Currently monitoring 1 HTCondor log file(s)
07/20/20 11:16:11 Event: ULOG_POST_SCRIPT_TERMINATED for HTCondor Node print_nums1_py_ID0000001 (77.0.0) {07/20/20 11:16:06}
07/20/20 11:16:11 POST Script of node print_nums1_py_ID0000001 failed with status 1
07/20/20 11:16:11 POST for Node print_nums1_py_ID0000001 returned 1
07/20/20 11:16:11 Retrying node print_nums1_py_ID0000001 (retry #3 of 5)...
07/20/20 11:16:11 DAG status: 0 (DAG_STATUS_OK)
07/20/20 11:16:11 Of 9 nodes total:
07/20/20 11:16:11  Done     Pre   Queued    Post   Ready   Un-Ready   Failed
07/20/20 11:16:11   ===     ===      ===     ===     ===        ===      ===
07/20/20 11:16:11     3       0        0       0       1          5        0
07/20/20 11:16:11 0 job proc(s) currently held
07/20/20 11:16:11 DAGMan Runtime Statistics: [ EventCycleTimeStd = 0.02623920285681268; EventCycleTimeMax = 0.09042215347290039; SubmitCycleTimeMin = 0.0002140998840332031; SubmitCycleTimeAvg = 0.01823038213393267; SleepCycleTimeCount = 16.0; SubmitCycleTimeCount = 17.0; SubmitCycleTimeMax = 0.08415699005126953; SleepCycleTimeMin = 4.217437028884888; SubmitCycleTimeSum = 0.3099164962768555; LogProcessCycleTimeStd = 0.009286715693541343; SubmitCycleTimeStd = 0.02905867764404634; LogProcessCycleTimeAvg = 0.01114996274312337; EventCycleTimeMin = 0.002444982528686523; LogProcessCycleTimeMax = 0.03389501571655273; LogProcessCycleTimeMin = 0.001839876174926758; LogProcessCycleTimeSum = 0.1337995529174805; LogProcessCycleTimeCount = 12.0; EventCycleTimeSum = 0.5223007202148438; SleepCycleTimeSum = 79.98809838294983; SleepCycleTimeAvg = 4.999256148934364; SleepCycleTimeStd = 0.2255926787694906; SleepCycleTimeMax = 5.220714092254639; EventCycleTimeCount = 16.0; EventCycleTimeAvg = 0.03264379501342773; ]
07/20/20 11:16:16 Reassigning the id of job print_nums1_py_ID0000001 from (77.0.0) to (-1.-1.-1)
07/20/20 11:16:16 Submitting HTCondor Node print_nums1_py_ID0000001 job(s)...
07/20/20 11:16:16 Adding a DAGMan workflow log /home/scitech/shared-data/Workflow5/scitech/pegasus/checkpoint-wf/run0005/./checkpoint-wf-0.dag.nodes.log
07/20/20 11:16:16 Masking the events recorded in the DAGMAN workflow log
07/20/20 11:16:16 Mask for workflow log is 0,1,2,4,5,7,9,10,11,12,13,16,17,24,27,35,36
07/20/20 11:16:16 submitting: /usr/bin/condor_submit -a dag_node_name' '=' 'print_nums1_py_ID0000001 -a +DAGManJobId' '=' '71 -a DAGManJobId' '=' '71 -batch-name checkpoint-wf-0.dag+71 -a submit_event_notes' '=' 'DAG' 'Node:' 'print_nums1_py_ID0000001 -a dagman_log' '=' '/home/scitech/shared-data/Workflow5/scitech/pegasus/checkpoint-wf/run0005/./checkpoint-wf-0.dag.nodes.log -a +DAGManNodesMask' '=' '"0,1,2,4,5,7,9,10,11,12,13,16,17,24,27,35,36" -a priority=20 -a +DAGNodeRetry' '=' '3 -a DAG_STATUS' '=' '0 -a FAILED_COUNT' '=' '0 -a +KeepClaimIdle' '=' '20 -a notification' '=' 'never -a +DAGParentNodeNames' '=' '"stage_in_remote_local_0_0,stage_in_local_local_0_0" 00/00/print_nums1_py_ID0000001.sub
07/20/20 11:16:16 From submit: Submitting job(s).
07/20/20 11:16:16 From submit: 1 job(s) submitted to cluster 78.
07/20/20 11:16:16 	assigned HTCondor ID (78.0.0)
07/20/20 11:16:16 Just submitted 1 job this cycle...
07/20/20 11:16:16 DAG status: 0 (DAG_STATUS_OK)
07/20/20 11:16:16 Of 9 nodes total:
07/20/20 11:16:16  Done     Pre   Queued    Post   Ready   Un-Ready   Failed
07/20/20 11:16:16   ===     ===      ===     ===     ===        ===      ===
07/20/20 11:16:16     3       0        1       0       0          5        0
07/20/20 11:16:16 0 job proc(s) currently held
07/20/20 11:16:16 DAGMan Runtime Statistics: [ EventCycleTimeStd = 0.02578860332646549; EventCycleTimeMax = 0.09042215347290039; SubmitCycleTimeMin = 0.0002140998840332031; SubmitCycleTimeAvg = 0.0209248595767551; SleepCycleTimeCount = 17.0; SubmitCycleTimeCount = 18.0; SubmitCycleTimeMax = 0.08415699005126953; SleepCycleTimeMin = 4.217437028884888; SubmitCycleTimeSum = 0.3766474723815918; LogProcessCycleTimeStd = 0.009286715693541343; SubmitCycleTimeStd = 0.03042070869908941; LogProcessCycleTimeAvg = 0.01114996274312337; EventCycleTimeMin = 0.002444982528686523; LogProcessCycleTimeMax = 0.03389501571655273; LogProcessCycleTimeMin = 0.001839876174926758; LogProcessCycleTimeSum = 0.1337995529174805; LogProcessCycleTimeCount = 12.0; EventCycleTimeSum = 0.5366966724395752; SleepCycleTimeSum = 84.99397945404053; SleepCycleTimeAvg = 4.999645850237678; SleepCycleTimeStd = 0.218435081684574; SleepCycleTimeMax = 5.220714092254639; EventCycleTimeCount = 17.0; EventCycleTimeAvg = 0.0315703924964456; ]
07/20/20 11:16:21 Currently monitoring 1 HTCondor log file(s)
07/20/20 11:16:21 Reassigning the id of job print_nums1_py_ID0000001 from (78.0.0) to (78.0.0)
07/20/20 11:16:21 Event: ULOG_SUBMIT for HTCondor Node print_nums1_py_ID0000001 (78.0.0) {07/20/20 11:16:16}
07/20/20 11:16:21 Number of idle job procs: 1
07/20/20 11:16:21 Event: ULOG_EXECUTE for HTCondor Node print_nums1_py_ID0000001 (78.0.0) {07/20/20 11:16:18}
07/20/20 11:16:21 Number of idle job procs: 0
07/20/20 11:16:21 Event: ULOG_JOB_TERMINATED for HTCondor Node print_nums1_py_ID0000001 (78.0.0) {07/20/20 11:16:19}
07/20/20 11:16:21 Number of idle job procs: 0
07/20/20 11:16:21 Node print_nums1_py_ID0000001 job proc (78.0.0) failed with status 1.
07/20/20 11:16:21 Node print_nums1_py_ID0000001 job completed
07/20/20 11:16:21 Running POST script of Node print_nums1_py_ID0000001...
07/20/20 11:16:21 Warning: mysin has length 0 (ignore if produced by DAGMan; see gittrac #4987, #5031)
07/20/20 11:16:21 DAG status: 0 (DAG_STATUS_OK)
07/20/20 11:16:21 Of 9 nodes total:
07/20/20 11:16:21  Done     Pre   Queued    Post   Ready   Un-Ready   Failed
07/20/20 11:16:21   ===     ===      ===     ===     ===        ===      ===
07/20/20 11:16:21     3       0        0       1       0          5        0
07/20/20 11:16:21 0 job proc(s) currently held
07/20/20 11:16:21 DAGMan Runtime Statistics: [ EventCycleTimeStd = 0.02675609060420941; EventCycleTimeMax = 0.09042215347290039; SubmitCycleTimeMin = 0.0002140998840332031; SubmitCycleTimeAvg = 0.01984887374074835; SleepCycleTimeCount = 18.0; SubmitCycleTimeCount = 19.0; SubmitCycleTimeMax = 0.08415699005126953; SleepCycleTimeMin = 4.217437028884888; SubmitCycleTimeSum = 0.3771286010742188; LogProcessCycleTimeStd = 0.008972801902285252; SubmitCycleTimeStd = 0.02993333404735403; LogProcessCycleTimeAvg = 0.01148451291597806; EventCycleTimeMin = 0.002444982528686523; LogProcessCycleTimeMax = 0.03389501571655273; LogProcessCycleTimeMin = 0.001839876174926758; LogProcessCycleTimeSum = 0.1492986679077148; LogProcessCycleTimeCount = 13.0; EventCycleTimeSum = 0.6085066795349121; SleepCycleTimeSum = 89.96561527252197; SleepCycleTimeAvg = 4.998089737362331; SleepCycleTimeStd = 0.2120159724389089; SleepCycleTimeMax = 5.220714092254639; EventCycleTimeCount = 18.0; EventCycleTimeAvg = 0.03380592664082845; ]
07/20/20 11:16:22 Initializing user log writer for /home/scitech/shared-data/Workflow5/scitech/pegasus/checkpoint-wf/run0005/./checkpoint-wf-0.dag.nodes.log, (78.0.0)
07/20/20 11:16:26 Currently monitoring 1 HTCondor log file(s)
07/20/20 11:16:26 Event: ULOG_POST_SCRIPT_TERMINATED for HTCondor Node print_nums1_py_ID0000001 (78.0.0) {07/20/20 11:16:22}
07/20/20 11:16:26 POST Script of node print_nums1_py_ID0000001 failed with status 1
07/20/20 11:16:26 POST for Node print_nums1_py_ID0000001 returned 1
07/20/20 11:16:26 Retrying node print_nums1_py_ID0000001 (retry #4 of 5)...
07/20/20 11:16:26 DAG status: 0 (DAG_STATUS_OK)
07/20/20 11:16:26 Of 9 nodes total:
07/20/20 11:16:26  Done     Pre   Queued    Post   Ready   Un-Ready   Failed
07/20/20 11:16:26   ===     ===      ===     ===     ===        ===      ===
07/20/20 11:16:26     3       0        0       0       1          5        0
07/20/20 11:16:26 0 job proc(s) currently held
07/20/20 11:16:26 DAGMan Runtime Statistics: [ EventCycleTimeStd = 0.02616080623992365; EventCycleTimeMax = 0.09042215347290039; SubmitCycleTimeMin = 0.0002140998840332031; SubmitCycleTimeAvg = 0.01892448663711548; SleepCycleTimeCount = 19.0; SubmitCycleTimeCount = 20.0; SubmitCycleTimeMax = 0.08415699005126953; SleepCycleTimeMin = 4.184026956558228; SubmitCycleTimeSum = 0.3784897327423096; LogProcessCycleTimeStd = 0.008643433630886186; SubmitCycleTimeStd = 0.0294267936859077; LogProcessCycleTimeAvg = 0.0116516181400844; EventCycleTimeMin = 0.002444982528686523; LogProcessCycleTimeMax = 0.03389501571655273; LogProcessCycleTimeMin = 0.001839876174926758; LogProcessCycleTimeSum = 0.1631226539611816; LogProcessCycleTimeCount = 14.0; EventCycleTimeSum = 0.6297767162322998; SleepCycleTimeSum = 94.1496422290802; SleepCycleTimeAvg = 4.955244327846327; SleepCycleTimeStd = 0.2780869659688615; SleepCycleTimeMax = 5.220714092254639; EventCycleTimeCount = 19.0; EventCycleTimeAvg = 0.03314614295959473; ]
07/20/20 11:16:31 Reassigning the id of job print_nums1_py_ID0000001 from (78.0.0) to (-1.-1.-1)
07/20/20 11:16:31 Submitting HTCondor Node print_nums1_py_ID0000001 job(s)...
07/20/20 11:16:31 Adding a DAGMan workflow log /home/scitech/shared-data/Workflow5/scitech/pegasus/checkpoint-wf/run0005/./checkpoint-wf-0.dag.nodes.log
07/20/20 11:16:31 Masking the events recorded in the DAGMAN workflow log
07/20/20 11:16:31 Mask for workflow log is 0,1,2,4,5,7,9,10,11,12,13,16,17,24,27,35,36
07/20/20 11:16:31 submitting: /usr/bin/condor_submit -a dag_node_name' '=' 'print_nums1_py_ID0000001 -a +DAGManJobId' '=' '71 -a DAGManJobId' '=' '71 -batch-name checkpoint-wf-0.dag+71 -a submit_event_notes' '=' 'DAG' 'Node:' 'print_nums1_py_ID0000001 -a dagman_log' '=' '/home/scitech/shared-data/Workflow5/scitech/pegasus/checkpoint-wf/run0005/./checkpoint-wf-0.dag.nodes.log -a +DAGManNodesMask' '=' '"0,1,2,4,5,7,9,10,11,12,13,16,17,24,27,35,36" -a priority=20 -a +DAGNodeRetry' '=' '4 -a DAG_STATUS' '=' '0 -a FAILED_COUNT' '=' '0 -a +KeepClaimIdle' '=' '20 -a notification' '=' 'never -a +DAGParentNodeNames' '=' '"stage_in_remote_local_0_0,stage_in_local_local_0_0" 00/00/print_nums1_py_ID0000001.sub
07/20/20 11:16:31 From submit: Submitting job(s).
07/20/20 11:16:31 From submit: 1 job(s) submitted to cluster 79.
07/20/20 11:16:31 	assigned HTCondor ID (79.0.0)
07/20/20 11:16:31 Just submitted 1 job this cycle...
07/20/20 11:16:31 DAG status: 0 (DAG_STATUS_OK)
07/20/20 11:16:31 Of 9 nodes total:
07/20/20 11:16:31  Done     Pre   Queued    Post   Ready   Un-Ready   Failed
07/20/20 11:16:31   ===     ===      ===     ===     ===        ===      ===
07/20/20 11:16:31     3       0        1       0       0          5        0
07/20/20 11:16:31 0 job proc(s) currently held
07/20/20 11:16:31 DAGMan Runtime Statistics: [ EventCycleTimeStd = 0.02547714306113885; EventCycleTimeMax = 0.09042215347290039; SubmitCycleTimeMin = 0.0002140998840332031; SubmitCycleTimeAvg = 0.0213587965284075; SleepCycleTimeCount = 20.0; SubmitCycleTimeCount = 21.0; SubmitCycleTimeMax = 0.08415699005126953; SleepCycleTimeMin = 4.184026956558228; SubmitCycleTimeSum = 0.4485347270965576; LogProcessCycleTimeStd = 0.008643433630886186; SubmitCycleTimeStd = 0.03077470608933601; LogProcessCycleTimeAvg = 0.0116516181400844; EventCycleTimeMin = 0.002444982528686523; LogProcessCycleTimeMax = 0.03389501571655273; LogProcessCycleTimeMin = 0.001839876174926758; LogProcessCycleTimeSum = 0.1631226539611816; LogProcessCycleTimeCount = 14.0; EventCycleTimeSum = 0.6591348648071289; SleepCycleTimeSum = 99.15491318702698; SleepCycleTimeAvg = 4.957745659351349; SleepCycleTimeStd = 0.2709010328208921; SleepCycleTimeMax = 5.220714092254639; EventCycleTimeCount = 20.0; EventCycleTimeAvg = 0.03295674324035645; ]
07/20/20 11:16:36 Currently monitoring 1 HTCondor log file(s)
07/20/20 11:16:36 Reassigning the id of job print_nums1_py_ID0000001 from (79.0.0) to (79.0.0)
07/20/20 11:16:36 Event: ULOG_SUBMIT for HTCondor Node print_nums1_py_ID0000001 (79.0.0) {07/20/20 11:16:31}
07/20/20 11:16:36 Number of idle job procs: 1
07/20/20 11:16:36 Event: ULOG_EXECUTE for HTCondor Node print_nums1_py_ID0000001 (79.0.0) {07/20/20 11:16:32}
07/20/20 11:16:36 Number of idle job procs: 0
07/20/20 11:16:36 Event: ULOG_JOB_TERMINATED for HTCondor Node print_nums1_py_ID0000001 (79.0.0) {07/20/20 11:16:33}
07/20/20 11:16:36 Number of idle job procs: 0
07/20/20 11:16:36 Node print_nums1_py_ID0000001 job proc (79.0.0) failed with status 1.
07/20/20 11:16:36 Node print_nums1_py_ID0000001 job completed
07/20/20 11:16:36 Running POST script of Node print_nums1_py_ID0000001...
07/20/20 11:16:36 Warning: mysin has length 0 (ignore if produced by DAGMan; see gittrac #4987, #5031)
07/20/20 11:16:36 DAG status: 0 (DAG_STATUS_OK)
07/20/20 11:16:36 Of 9 nodes total:
07/20/20 11:16:36  Done     Pre   Queued    Post   Ready   Un-Ready   Failed
07/20/20 11:16:36   ===     ===      ===     ===     ===        ===      ===
07/20/20 11:16:36     3       0        0       1       0          5        0
07/20/20 11:16:36 0 job proc(s) currently held
07/20/20 11:16:36 DAGMan Runtime Statistics: [ EventCycleTimeStd = 0.02659157093791065; EventCycleTimeMax = 0.09042215347290039; SubmitCycleTimeMin = 0.0002140998840332031; SubmitCycleTimeAvg = 0.02039975469762629; SleepCycleTimeCount = 21.0; SubmitCycleTimeCount = 22.0; SubmitCycleTimeMax = 0.08415699005126953; SleepCycleTimeMin = 4.184026956558228; SubmitCycleTimeSum = 0.4487946033477783; LogProcessCycleTimeStd = 0.008480408720618731; SubmitCycleTimeStd = 0.0303680442848613; LogProcessCycleTimeAvg = 0.01206350326538086; EventCycleTimeMin = 0.002444982528686523; LogProcessCycleTimeMax = 0.03389501571655273; LogProcessCycleTimeMin = 0.001839876174926758; LogProcessCycleTimeSum = 0.1809525489807129; LogProcessCycleTimeCount = 15.0; EventCycleTimeSum = 0.7356817722320557; SleepCycleTimeSum = 104.1593923568726; SleepCycleTimeAvg = 4.959971064612979; SleepCycleTimeStd = 0.2642385325882647; SleepCycleTimeMax = 5.220714092254639; EventCycleTimeCount = 21.0; EventCycleTimeAvg = 0.0350324653443836; ]
07/20/20 11:16:36 Initializing user log writer for /home/scitech/shared-data/Workflow5/scitech/pegasus/checkpoint-wf/run0005/./checkpoint-wf-0.dag.nodes.log, (79.0.0)
07/20/20 11:16:41 Currently monitoring 1 HTCondor log file(s)
07/20/20 11:16:41 Event: ULOG_POST_SCRIPT_TERMINATED for HTCondor Node print_nums1_py_ID0000001 (79.0.0) {07/20/20 11:16:36}
07/20/20 11:16:41 POST Script of node print_nums1_py_ID0000001 failed with status 1
07/20/20 11:16:41 POST for Node print_nums1_py_ID0000001 returned 1
07/20/20 11:16:41 Retrying node print_nums1_py_ID0000001 (retry #5 of 5)...
07/20/20 11:16:41 DAG status: 0 (DAG_STATUS_OK)
07/20/20 11:16:41 Of 9 nodes total:
07/20/20 11:16:41  Done     Pre   Queued    Post   Ready   Un-Ready   Failed
07/20/20 11:16:41   ===     ===      ===     ===     ===        ===      ===
07/20/20 11:16:41     3       0        0       0       1          5        0
07/20/20 11:16:41 0 job proc(s) currently held
07/20/20 11:16:41 DAGMan Runtime Statistics: [ EventCycleTimeStd = 0.02609091555947255; EventCycleTimeMax = 0.09042215347290039; SubmitCycleTimeMin = 0.0002140998840332031; SubmitCycleTimeAvg = 0.01955198205035666; SleepCycleTimeCount = 22.0; SubmitCycleTimeCount = 23.0; SubmitCycleTimeMax = 0.08415699005126953; SleepCycleTimeMin = 4.184026956558228; SubmitCycleTimeSum = 0.4496955871582031; LogProcessCycleTimeStd = 0.008270705109686178; SubmitCycleTimeStd = 0.02994711393662567; LogProcessCycleTimeAvg = 0.01178047060966492; EventCycleTimeMin = 0.002444982528686523; LogProcessCycleTimeMax = 0.03389501571655273; LogProcessCycleTimeMin = 0.001839876174926758; LogProcessCycleTimeSum = 0.1884875297546387; LogProcessCycleTimeCount = 16.0; EventCycleTimeSum = 0.7580447196960449; SleepCycleTimeSum = 109.3451204299927; SleepCycleTimeAvg = 4.970232746817849; SleepCycleTimeStd = 0.2623238295278547; SleepCycleTimeMax = 5.220714092254639; EventCycleTimeCount = 22.0; EventCycleTimeAvg = 0.03445657816800204; ]
07/20/20 11:16:42 Received SIGUSR1
07/20/20 11:16:42 Aborting DAG...
07/20/20 11:16:42 Writing Rescue DAG to checkpoint-wf-0.dag.rescue001...
07/20/20 11:16:42 Removing submitted jobs...
07/20/20 11:16:42 Removing any/all submitted HTCondor jobs...
07/20/20 11:16:42 Running: /usr/bin/condor_rm -const DAGManJobId' '=?=' '71
07/20/20 11:16:42 Note: 0 total job deferrals because of -MaxJobs limit (0)
07/20/20 11:16:42 Note: 0 total job deferrals because of -MaxIdle limit (1000)
07/20/20 11:16:42 Note: 0 total job deferrals because of node category throttles
07/20/20 11:16:42 Note: 0 total PRE script deferrals because of -MaxPre limit (20) or DEFER
07/20/20 11:16:42 Note: 0 total POST script deferrals because of -MaxPost limit (20) or DEFER
07/20/20 11:16:42 DAG status: 4 (DAG_STATUS_RM)
07/20/20 11:16:42 Of 9 nodes total:
07/20/20 11:16:42  Done     Pre   Queued    Post   Ready   Un-Ready   Failed
07/20/20 11:16:42   ===     ===      ===     ===     ===        ===      ===
07/20/20 11:16:42     3       0        0       0       1          5        0
07/20/20 11:16:42 0 job proc(s) currently held
07/20/20 11:16:42 DAGMan Runtime Statistics: [ EventCycleTimeStd = 0.02580259902340153; EventCycleTimeMax = 0.09042215347290039; SubmitCycleTimeMin = 0.0002140998840332031; SubmitCycleTimeAvg = 0.01955198205035666; SleepCycleTimeCount = 22.0; SubmitCycleTimeCount = 23.0; SubmitCycleTimeMax = 0.08415699005126953; SleepCycleTimeMin = 4.184026956558228; SubmitCycleTimeSum = 0.4496955871582031; LogProcessCycleTimeStd = 0.008270705109686178; SubmitCycleTimeStd = 0.02994711393662567; LogProcessCycleTimeAvg = 0.01178047060966492; EventCycleTimeMin = 0.002444982528686523; LogProcessCycleTimeMax = 0.03389501571655273; LogProcessCycleTimeMin = 0.001839876174926758; LogProcessCycleTimeSum = 0.1884875297546387; LogProcessCycleTimeCount = 16.0; EventCycleTimeSum = 0.773329496383667; SleepCycleTimeSum = 109.3451204299927; SleepCycleTimeAvg = 4.970232746817849; SleepCycleTimeStd = 0.2623238295278547; SleepCycleTimeMax = 5.220714092254639; EventCycleTimeCount = 23.0; EventCycleTimeAvg = 0.03362302158189857; ]
07/20/20 11:16:42 Wrote metrics file checkpoint-wf-0.dag.metrics.
07/20/20 11:16:42 Reporting metrics to Pegasus metrics server(s); output is in checkpoint-wf-0.dag.metrics.out.
07/20/20 11:16:42 Running command </usr/libexec/condor/condor_dagman_metrics_reporter -f checkpoint-wf-0.dag.metrics -s -t 100>
07/20/20 11:16:42 Warning: mysin has length 0 (ignore if produced by DAGMan; see gittrac #4987, #5031)
07/20/20 11:16:42 DAGMan Runtime Statistics: [ EventCycleTimeStd = 0.02580259902340153; EventCycleTimeMax = 0.09042215347290039; SubmitCycleTimeMin = 0.0002140998840332031; SubmitCycleTimeAvg = 0.01955198205035666; SleepCycleTimeCount = 22.0; SubmitCycleTimeCount = 23.0; SubmitCycleTimeMax = 0.08415699005126953; SleepCycleTimeMin = 4.184026956558228; SubmitCycleTimeSum = 0.4496955871582031; LogProcessCycleTimeStd = 0.008270705109686178; SubmitCycleTimeStd = 0.02994711393662567; LogProcessCycleTimeAvg = 0.01178047060966492; EventCycleTimeMin = 0.002444982528686523; LogProcessCycleTimeMax = 0.03389501571655273; LogProcessCycleTimeMin = 0.001839876174926758; LogProcessCycleTimeSum = 0.1884875297546387; LogProcessCycleTimeCount = 16.0; EventCycleTimeSum = 0.773329496383667; SleepCycleTimeSum = 109.3451204299927; SleepCycleTimeAvg = 4.970232746817849; SleepCycleTimeStd = 0.2623238295278547; SleepCycleTimeMax = 5.220714092254639; EventCycleTimeCount = 23.0; EventCycleTimeAvg = 0.03362302158189857; ]
07/20/20 11:16:42 **** condor_scheduniv_exec.71.0 (condor_DAGMAN) pid 21310 EXITING WITH STATUS 2
