07/15/20 18:35:16 ******************************************************
07/15/20 18:35:16 ** condor_scheduniv_exec.19.0 (CONDOR_DAGMAN) STARTING UP
07/15/20 18:35:16 ** /usr/bin/condor_dagman
07/15/20 18:35:16 ** SubsystemInfo: name=DAGMAN type=DAGMAN(10) class=DAEMON(1)
07/15/20 18:35:16 ** Configuration: subsystem:DAGMAN local:<NONE> class:DAEMON
07/15/20 18:35:16 ** $CondorVersion: 8.8.9 May 06 2020 BuildID: 503068 PackageID: 8.8.9-1 $
07/15/20 18:35:16 ** $CondorPlatform: x86_64_CentOS7 $
07/15/20 18:35:16 ** PID = 31595
07/15/20 18:35:16 ** Log last touched time unavailable (No such file or directory)
07/15/20 18:35:16 ******************************************************
07/15/20 18:35:16 Using config source: /etc/condor/condor_config
07/15/20 18:35:16 Using local config sources: 
07/15/20 18:35:16    /etc/condor/config.d/00-minicondor
07/15/20 18:35:16    /etc/condor/condor_config.local
07/15/20 18:35:16 config Macros = 81, Sorted = 81, StringBytes = 2255, TablesBytes = 2964
07/15/20 18:35:16 CLASSAD_CACHING is ENABLED
07/15/20 18:35:16 Daemon Log is logging: D_ALWAYS D_ERROR
07/15/20 18:35:16 DaemonCore: No command port requested.
07/15/20 18:35:16 DAGMAN_USE_STRICT setting: 1
07/15/20 18:35:16 DAGMAN_VERBOSITY setting: 3
07/15/20 18:35:16 DAGMAN_DEBUG_CACHE_SIZE setting: 5242880
07/15/20 18:35:16 DAGMAN_DEBUG_CACHE_ENABLE setting: False
07/15/20 18:35:16 DAGMAN_SUBMIT_DELAY setting: 0
07/15/20 18:35:16 DAGMAN_MAX_SUBMIT_ATTEMPTS setting: 6
07/15/20 18:35:16 DAGMAN_STARTUP_CYCLE_DETECT setting: False
07/15/20 18:35:16 DAGMAN_MAX_SUBMITS_PER_INTERVAL setting: 100
07/15/20 18:35:16 DAGMAN_AGGRESSIVE_SUBMIT setting: False
07/15/20 18:35:16 DAGMAN_USER_LOG_SCAN_INTERVAL setting: 5
07/15/20 18:35:16 DAGMAN_QUEUE_UPDATE_INTERVAL setting: 300
07/15/20 18:35:16 DAGMAN_DEFAULT_PRIORITY setting: 0
07/15/20 18:35:16 DAGMAN_SUPPRESS_NOTIFICATION setting: True
07/15/20 18:35:16 allow_events (DAGMAN_ALLOW_EVENTS) setting: 114
07/15/20 18:35:16 DAGMAN_RETRY_SUBMIT_FIRST setting: True
07/15/20 18:35:16 DAGMAN_RETRY_NODE_FIRST setting: False
07/15/20 18:35:16 DAGMAN_MAX_JOBS_IDLE setting: 1000
07/15/20 18:35:16 DAGMAN_MAX_JOBS_SUBMITTED setting: 0
07/15/20 18:35:16 DAGMAN_MAX_PRE_SCRIPTS setting: 20
07/15/20 18:35:16 DAGMAN_MAX_POST_SCRIPTS setting: 20
07/15/20 18:35:16 DAGMAN_MUNGE_NODE_NAMES setting: True
07/15/20 18:35:16 DAGMAN_PROHIBIT_MULTI_JOBS setting: False
07/15/20 18:35:16 DAGMAN_SUBMIT_DEPTH_FIRST setting: False
07/15/20 18:35:16 DAGMAN_ALWAYS_RUN_POST setting: False
07/15/20 18:35:16 DAGMAN_CONDOR_SUBMIT_EXE setting: /usr/bin/condor_submit
07/15/20 18:35:16 DAGMAN_USE_CONDOR_SUBMIT setting: True
07/15/20 18:35:16 DAGMAN_ABORT_DUPLICATES setting: True
07/15/20 18:35:16 DAGMAN_ABORT_ON_SCARY_SUBMIT setting: True
07/15/20 18:35:16 DAGMAN_PENDING_REPORT_INTERVAL setting: 600
07/15/20 18:35:16 DAGMAN_AUTO_RESCUE setting: True
07/15/20 18:35:16 DAGMAN_MAX_RESCUE_NUM setting: 100
07/15/20 18:35:16 DAGMAN_WRITE_PARTIAL_RESCUE setting: True
07/15/20 18:35:16 DAGMAN_DEFAULT_NODE_LOG setting: @(DAG_DIR)/@(DAG_FILE).nodes.log
07/15/20 18:35:16 DAGMAN_GENERATE_SUBDAG_SUBMITS setting: True
07/15/20 18:35:16 DAGMAN_MAX_JOB_HOLDS setting: 100
07/15/20 18:35:16 DAGMAN_HOLD_CLAIM_TIME setting: 20
07/15/20 18:35:16 ALL_DEBUG setting: 
07/15/20 18:35:16 DAGMAN_DEBUG setting: 
07/15/20 18:35:16 DAGMAN_SUPPRESS_JOB_LOGS setting: False
07/15/20 18:35:16 DAGMAN_REMOVE_NODE_JOBS setting: True
07/15/20 18:35:16 argv[0] == "condor_scheduniv_exec.19.0"
07/15/20 18:35:16 argv[1] == "-Lockfile"
07/15/20 18:35:16 argv[2] == "add_thumbs-0.dag.lock"
07/15/20 18:35:16 argv[3] == "-AutoRescue"
07/15/20 18:35:16 argv[4] == "1"
07/15/20 18:35:16 argv[5] == "-DoRescueFrom"
07/15/20 18:35:16 argv[6] == "0"
07/15/20 18:35:16 argv[7] == "-Dag"
07/15/20 18:35:16 argv[8] == "add_thumbs-0.dag"
07/15/20 18:35:16 argv[9] == "-MaxPost"
07/15/20 18:35:16 argv[10] == "20"
07/15/20 18:35:16 argv[11] == "-Suppress_notification"
07/15/20 18:35:16 argv[12] == "-CsdVersion"
07/15/20 18:35:16 argv[13] == "$CondorVersion: 8.8.9 May 06 2020 BuildID: 503068 PackageID: 8.8.9-1 $"
07/15/20 18:35:16 argv[14] == "-Dagman"
07/15/20 18:35:16 argv[15] == "/bin/condor_dagman"
07/15/20 18:35:16 Workflow batch-name: <add_thumbs-0.dag+19>
07/15/20 18:35:16 Workflow accounting_group: <>
07/15/20 18:35:16 Workflow accounting_group_user: <>
07/15/20 18:35:16 Warning: failed to get attribute DAGNodeName
07/15/20 18:35:16 DAGMAN_LOG_ON_NFS_IS_ERROR setting: False
07/15/20 18:35:16 Default node log file is: </home/scitech/shared-data/Workflow/Workflow4/scitech/pegasus/add_thumbs/run0004/./add_thumbs-0.dag.nodes.log>
07/15/20 18:35:16 DAG Lockfile will be written to add_thumbs-0.dag.lock
07/15/20 18:35:16 DAG Input file is add_thumbs-0.dag
07/15/20 18:35:16 Parsing 1 dagfiles
07/15/20 18:35:16 Parsing add_thumbs-0.dag ...
07/15/20 18:35:16 Warning:  could not open Pegasus braindump file braindump.txt
07/15/20 18:35:16 Dag contains 8 total jobs
07/15/20 18:35:16 Sleeping for 3 seconds to ensure ProcessId uniqueness
07/15/20 18:35:19 Bootstrapping...
07/15/20 18:35:19 Number of pre-completed nodes: 0
07/15/20 18:35:19 MultiLogFiles: truncating log file /home/scitech/shared-data/Workflow/Workflow4/scitech/pegasus/add_thumbs/run0004/./add_thumbs-0.dag.nodes.log
07/15/20 18:35:20 DAG status: 0 (DAG_STATUS_OK)
07/15/20 18:35:20 Of 8 nodes total:
07/15/20 18:35:20  Done     Pre   Queued    Post   Ready   Un-Ready   Failed
07/15/20 18:35:20   ===     ===      ===     ===     ===        ===      ===
07/15/20 18:35:20     0       0        0       0       1          7        0
07/15/20 18:35:20 0 job proc(s) currently held
07/15/20 18:35:20 DAGMan Runtime Statistics: [ EventCycleTimeSum = 0.0; EventCycleTimeCount = 0.0; SleepCycleTimeCount = 0.0; SubmitCycleTimeSum = 0.0; SubmitCycleTimeCount = 0.0; LogProcessCycleTimeSum = 0.0; SleepCycleTimeSum = 0.0; LogProcessCycleTimeCount = 0.0; ]
07/15/20 18:35:20 Registering condor_event_timer...
07/15/20 18:35:21 Submitting HTCondor Node create_dir_add_thumbs_0_local job(s)...
07/15/20 18:35:21 Adding a DAGMan workflow log /home/scitech/shared-data/Workflow/Workflow4/scitech/pegasus/add_thumbs/run0004/./add_thumbs-0.dag.nodes.log
07/15/20 18:35:21 Masking the events recorded in the DAGMAN workflow log
07/15/20 18:35:21 Mask for workflow log is 0,1,2,4,5,7,9,10,11,12,13,16,17,24,27,35,36
07/15/20 18:35:21 submitting: /usr/bin/condor_submit -a dag_node_name' '=' 'create_dir_add_thumbs_0_local -a +DAGManJobId' '=' '19 -a DAGManJobId' '=' '19 -batch-name add_thumbs-0.dag+19 -a submit_event_notes' '=' 'DAG' 'Node:' 'create_dir_add_thumbs_0_local -a dagman_log' '=' '/home/scitech/shared-data/Workflow/Workflow4/scitech/pegasus/add_thumbs/run0004/./add_thumbs-0.dag.nodes.log -a +DAGManNodesMask' '=' '"0,1,2,4,5,7,9,10,11,12,13,16,17,24,27,35,36" -a priority=800 -a +DAGNodeRetry' '=' '0 -a DAG_STATUS' '=' '0 -a FAILED_COUNT' '=' '0 -a +KeepClaimIdle' '=' '20 -a notification' '=' 'never -a +DAGParentNodeNames' '=' '"" 00/00/create_dir_add_thumbs_0_local.sub
07/15/20 18:35:21 From submit: Submitting job(s).
07/15/20 18:35:21 From submit: 1 job(s) submitted to cluster 20.
07/15/20 18:35:21 	assigned HTCondor ID (20.0.0)
07/15/20 18:35:21 Just submitted 1 job this cycle...
07/15/20 18:35:21 DAG status: 0 (DAG_STATUS_OK)
07/15/20 18:35:21 Of 8 nodes total:
07/15/20 18:35:21  Done     Pre   Queued    Post   Ready   Un-Ready   Failed
07/15/20 18:35:21   ===     ===      ===     ===     ===        ===      ===
07/15/20 18:35:21     0       0        1       0       0          7        0
07/15/20 18:35:21 0 job proc(s) currently held
07/15/20 18:35:21 DAGMan Runtime Statistics: [ EventCycleTimeCount = 0.0; EventCycleTimeSum = 0.0; LogProcessCycleTimeCount = 0.0; SleepCycleTimeSum = 0.0; LogProcessCycleTimeSum = 0.0; SubmitCycleTimeCount = 1.0; SubmitCycleTimeMax = 0.04466891288757324; SubmitCycleTimeMin = 0.04466891288757324; SubmitCycleTimeAvg = 0.04466891288757324; SubmitCycleTimeStd = 0.04466891288757324; SubmitCycleTimeSum = 0.04466891288757324; SleepCycleTimeCount = 0.0; ]
07/15/20 18:35:26 Currently monitoring 1 HTCondor log file(s)
07/15/20 18:35:26 Reassigning the id of job create_dir_add_thumbs_0_local from (20.0.0) to (20.0.0)
07/15/20 18:35:26 Event: ULOG_SUBMIT for HTCondor Node create_dir_add_thumbs_0_local (20.0.0) {07/15/20 18:35:21}
07/15/20 18:35:26 Number of idle job procs: 1
07/15/20 18:35:26 Event: ULOG_EXECUTE for HTCondor Node create_dir_add_thumbs_0_local (20.0.0) {07/15/20 18:35:22}
07/15/20 18:35:26 Number of idle job procs: 0
07/15/20 18:35:26 Event: ULOG_JOB_TERMINATED for HTCondor Node create_dir_add_thumbs_0_local (20.0.0) {07/15/20 18:35:24}
07/15/20 18:35:26 Number of idle job procs: 0
07/15/20 18:35:26 Node create_dir_add_thumbs_0_local job proc (20.0.0) completed successfully.
07/15/20 18:35:26 Node create_dir_add_thumbs_0_local job completed
07/15/20 18:35:26 Running POST script of Node create_dir_add_thumbs_0_local...
07/15/20 18:35:26 Warning: mysin has length 0 (ignore if produced by DAGMan; see gittrac #4987, #5031)
07/15/20 18:35:26 DAG status: 0 (DAG_STATUS_OK)
07/15/20 18:35:26 Of 8 nodes total:
07/15/20 18:35:26  Done     Pre   Queued    Post   Ready   Un-Ready   Failed
07/15/20 18:35:26   ===     ===      ===     ===     ===        ===      ===
07/15/20 18:35:26     0       0        0       1       0          7        0
07/15/20 18:35:26 0 job proc(s) currently held
07/15/20 18:35:26 DAGMan Runtime Statistics: [ EventCycleTimeStd = 0.05096912384033203; EventCycleTimeMax = 0.05096912384033203; SubmitCycleTimeMin = 0.001301050186157227; SubmitCycleTimeAvg = 0.02298498153686523; SleepCycleTimeCount = 1.0; SubmitCycleTimeCount = 2.0; SubmitCycleTimeMax = 0.04466891288757324; SleepCycleTimeMin = 5.01031494140625; SubmitCycleTimeSum = 0.04596996307373047; LogProcessCycleTimeStd = 0.0275418758392334; SubmitCycleTimeStd = 0.03066570980173841; LogProcessCycleTimeAvg = 0.0275418758392334; EventCycleTimeMin = 0.05096912384033203; LogProcessCycleTimeMax = 0.0275418758392334; LogProcessCycleTimeMin = 0.0275418758392334; LogProcessCycleTimeSum = 0.0275418758392334; LogProcessCycleTimeCount = 1.0; EventCycleTimeSum = 0.05096912384033203; SleepCycleTimeSum = 5.01031494140625; SleepCycleTimeAvg = 5.01031494140625; SleepCycleTimeStd = 5.01031494140625; SleepCycleTimeMax = 5.01031494140625; EventCycleTimeCount = 1.0; EventCycleTimeAvg = 0.05096912384033203; ]
07/15/20 18:35:26 Initializing user log writer for /home/scitech/shared-data/Workflow/Workflow4/scitech/pegasus/add_thumbs/run0004/./add_thumbs-0.dag.nodes.log, (20.0.0)
07/15/20 18:35:31 Currently monitoring 1 HTCondor log file(s)
07/15/20 18:35:31 Event: ULOG_POST_SCRIPT_TERMINATED for HTCondor Node create_dir_add_thumbs_0_local (20.0.0) {07/15/20 18:35:26}
07/15/20 18:35:31 POST Script of node create_dir_add_thumbs_0_local completed successfully.
07/15/20 18:35:31 DAG status: 0 (DAG_STATUS_OK)
07/15/20 18:35:31 Of 8 nodes total:
07/15/20 18:35:31  Done     Pre   Queued    Post   Ready   Un-Ready   Failed
07/15/20 18:35:31   ===     ===      ===     ===     ===        ===      ===
07/15/20 18:35:31     1       0        0       0       1          6        0
07/15/20 18:35:31 0 job proc(s) currently held
07/15/20 18:35:31 DAGMan Runtime Statistics: [ EventCycleTimeStd = 0.01056924949477392; EventCycleTimeMax = 0.05096912384033203; SubmitCycleTimeMin = 0.0005970001220703125; SubmitCycleTimeAvg = 0.01552232106526693; SleepCycleTimeCount = 2.0; SubmitCycleTimeCount = 3.0; SubmitCycleTimeMax = 0.04466891288757324; SleepCycleTimeMin = 5.01031494140625; SubmitCycleTimeSum = 0.04656696319580078; LogProcessCycleTimeStd = 0.01621945600614437; SubmitCycleTimeStd = 0.0252441435340018; LogProcessCycleTimeAvg = 0.01607298851013184; EventCycleTimeMin = 0.03602194786071777; LogProcessCycleTimeMax = 0.0275418758392334; LogProcessCycleTimeMin = 0.004604101181030273; LogProcessCycleTimeSum = 0.03214597702026367; LogProcessCycleTimeCount = 2.0; EventCycleTimeSum = 0.0869910717010498; SleepCycleTimeSum = 10.22593188285828; SleepCycleTimeAvg = 5.112965941429138; SleepCycleTimeStd = 0.1451704364235294; SleepCycleTimeMax = 5.215616941452026; EventCycleTimeCount = 2.0; EventCycleTimeAvg = 0.0434955358505249; ]
07/15/20 18:35:36 Submitting HTCondor Node stage_in_local_local_0_0 job(s)...
07/15/20 18:35:36 Adding a DAGMan workflow log /home/scitech/shared-data/Workflow/Workflow4/scitech/pegasus/add_thumbs/run0004/./add_thumbs-0.dag.nodes.log
07/15/20 18:35:36 Masking the events recorded in the DAGMAN workflow log
07/15/20 18:35:36 Mask for workflow log is 0,1,2,4,5,7,9,10,11,12,13,16,17,24,27,35,36
07/15/20 18:35:36 submitting: /usr/bin/condor_submit -a dag_node_name' '=' 'stage_in_local_local_0_0 -a +DAGManJobId' '=' '19 -a DAGManJobId' '=' '19 -batch-name add_thumbs-0.dag+19 -a submit_event_notes' '=' 'DAG' 'Node:' 'stage_in_local_local_0_0 -a dagman_log' '=' '/home/scitech/shared-data/Workflow/Workflow4/scitech/pegasus/add_thumbs/run0004/./add_thumbs-0.dag.nodes.log -a +DAGManNodesMask' '=' '"0,1,2,4,5,7,9,10,11,12,13,16,17,24,27,35,36" -a priority=700 -a +DAGNodeRetry' '=' '0 -a DAG_STATUS' '=' '0 -a FAILED_COUNT' '=' '0 -a +KeepClaimIdle' '=' '20 -a notification' '=' 'never -a +DAGParentNodeNames' '=' '"create_dir_add_thumbs_0_local" 00/00/stage_in_local_local_0_0.sub
07/15/20 18:35:36 From submit: Submitting job(s).
07/15/20 18:35:36 From submit: 1 job(s) submitted to cluster 21.
07/15/20 18:35:36 	assigned HTCondor ID (21.0.0)
07/15/20 18:35:36 Just submitted 1 job this cycle...
07/15/20 18:35:36 DAG status: 0 (DAG_STATUS_OK)
07/15/20 18:35:36 Of 8 nodes total:
07/15/20 18:35:36  Done     Pre   Queued    Post   Ready   Un-Ready   Failed
07/15/20 18:35:36   ===     ===      ===     ===     ===        ===      ===
07/15/20 18:35:36     1       0        1       0       0          6        0
07/15/20 18:35:36 0 job proc(s) currently held
07/15/20 18:35:36 DAGMan Runtime Statistics: [ EventCycleTimeStd = 0.01923614831377433; EventCycleTimeMax = 0.05096912384033203; SubmitCycleTimeMin = 0.0005970001220703125; SubmitCycleTimeAvg = 0.02504348754882812; SleepCycleTimeCount = 3.0; SubmitCycleTimeCount = 4.0; SubmitCycleTimeMax = 0.05360698699951172; SleepCycleTimeMin = 5.00601601600647; SubmitCycleTimeSum = 0.1001739501953125; LogProcessCycleTimeStd = 0.01621945600614437; SubmitCycleTimeStd = 0.02806162801182925; LogProcessCycleTimeAvg = 0.01607298851013184; EventCycleTimeMin = 0.01279497146606445; LogProcessCycleTimeMax = 0.0275418758392334; LogProcessCycleTimeMin = 0.004604101181030273; LogProcessCycleTimeSum = 0.03214597702026367; LogProcessCycleTimeCount = 2.0; EventCycleTimeSum = 0.09978604316711426; SleepCycleTimeSum = 15.23194789886475; SleepCycleTimeAvg = 5.077315966288249; SleepCycleTimeStd = 0.1197914437192088; SleepCycleTimeMax = 5.215616941452026; EventCycleTimeCount = 3.0; EventCycleTimeAvg = 0.03326201438903809; ]
07/15/20 18:35:41 Currently monitoring 1 HTCondor log file(s)
07/15/20 18:35:41 Reassigning the id of job stage_in_local_local_0_0 from (21.0.0) to (21.0.0)
07/15/20 18:35:41 Event: ULOG_SUBMIT for HTCondor Node stage_in_local_local_0_0 (21.0.0) {07/15/20 18:35:36}
07/15/20 18:35:41 Number of idle job procs: 1
07/15/20 18:35:41 Event: ULOG_EXECUTE for HTCondor Node stage_in_local_local_0_0 (21.0.0) {07/15/20 18:35:38}
07/15/20 18:35:41 Number of idle job procs: 0
07/15/20 18:43:01 Currently monitoring 1 HTCondor log file(s)
07/15/20 18:43:01 Event: ULOG_JOB_TERMINATED for HTCondor Node stage_in_local_local_0_0 (21.0.0) {07/15/20 18:42:58}
07/15/20 18:43:01 Number of idle job procs: 0
07/15/20 18:43:01 Node stage_in_local_local_0_0 job proc (21.0.0) failed with status 1.
07/15/20 18:43:01 Node stage_in_local_local_0_0 job completed
07/15/20 18:43:01 Running POST script of Node stage_in_local_local_0_0...
07/15/20 18:43:01 Warning: mysin has length 0 (ignore if produced by DAGMan; see gittrac #4987, #5031)
07/15/20 18:43:01 DAG status: 0 (DAG_STATUS_OK)
07/15/20 18:43:01 Of 8 nodes total:
07/15/20 18:43:01  Done     Pre   Queued    Post   Ready   Un-Ready   Failed
07/15/20 18:43:01   ===     ===      ===     ===     ===        ===      ===
07/15/20 18:43:01     1       0        0       1       0          6        0
07/15/20 18:43:01 0 job proc(s) currently held
07/15/20 18:43:01 DAGMan Runtime Statistics: [ EventCycleTimeStd = 0.008587046104332552; EventCycleTimeMax = 0.05852198600769043; SubmitCycleTimeMin = 0.0002150535583496094; SubmitCycleTimeAvg = 0.001813160475864205; SleepCycleTimeCount = 92.0; SubmitCycleTimeCount = 93.0; SubmitCycleTimeMax = 0.05360698699951172; SleepCycleTimeMin = 4.967590093612671; SubmitCycleTimeSum = 0.1686239242553711; LogProcessCycleTimeStd = 0.0103263899868808; SubmitCycleTimeStd = 0.007091789310242854; LogProcessCycleTimeAvg = 0.0131489634513855; EventCycleTimeMin = 0.0004971027374267578; LogProcessCycleTimeMax = 0.0275418758392334; LogProcessCycleTimeMin = 0.004604101181030273; LogProcessCycleTimeSum = 0.05259585380554199; LogProcessCycleTimeCount = 4.0; EventCycleTimeSum = 0.3337030410766602; SleepCycleTimeSum = 460.3949980735779; SleepCycleTimeAvg = 5.004293457321499; SleepCycleTimeStd = 0.02572286708096439; SleepCycleTimeMax = 5.215616941452026; EventCycleTimeCount = 92.0; EventCycleTimeAvg = 0.003627206968224567; ]
07/15/20 18:43:01 Initializing user log writer for /home/scitech/shared-data/Workflow/Workflow4/scitech/pegasus/add_thumbs/run0004/./add_thumbs-0.dag.nodes.log, (21.0.0)
07/15/20 18:43:06 Currently monitoring 1 HTCondor log file(s)
07/15/20 18:43:06 Event: ULOG_POST_SCRIPT_TERMINATED for HTCondor Node stage_in_local_local_0_0 (21.0.0) {07/15/20 18:43:01}
07/15/20 18:43:06 POST Script of node stage_in_local_local_0_0 failed with status 1
07/15/20 18:43:06 POST for Node stage_in_local_local_0_0 returned 1
07/15/20 18:43:06 Retrying node stage_in_local_local_0_0 (retry #1 of 1)...
07/15/20 18:43:06 DAG status: 0 (DAG_STATUS_OK)
07/15/20 18:43:06 Of 8 nodes total:
07/15/20 18:43:06  Done     Pre   Queued    Post   Ready   Un-Ready   Failed
07/15/20 18:43:06   ===     ===      ===     ===     ===        ===      ===
07/15/20 18:43:06     1       0        0       0       1          6        0
07/15/20 18:43:06 0 job proc(s) currently held
07/15/20 18:43:06 DAGMan Runtime Statistics: [ EventCycleTimeStd = 0.008876024205236711; EventCycleTimeMax = 0.05852198600769043; SubmitCycleTimeMin = 0.0002150535583496094; SubmitCycleTimeAvg = 0.001801128083087028; SleepCycleTimeCount = 93.0; SubmitCycleTimeCount = 94.0; SubmitCycleTimeMax = 0.05360698699951172; SleepCycleTimeMin = 4.967590093612671; SubmitCycleTimeSum = 0.1693060398101807; LogProcessCycleTimeStd = 0.009656618419981793; SubmitCycleTimeStd = 0.007054522998557313; LogProcessCycleTimeAvg = 0.01151957511901855; EventCycleTimeMin = 0.0004971027374267578; LogProcessCycleTimeMax = 0.0275418758392334; LogProcessCycleTimeMin = 0.004604101181030273; LogProcessCycleTimeSum = 0.05759787559509277; LogProcessCycleTimeCount = 5.0; EventCycleTimeSum = 0.3606510162353516; SleepCycleTimeSum = 465.5821490287781; SleepCycleTimeAvg = 5.006259666976108; SleepCycleTimeStd = 0.0318435244289674; SleepCycleTimeMax = 5.215616941452026; EventCycleTimeCount = 93.0; EventCycleTimeAvg = 0.003877967916509157; ]
07/15/20 18:43:11 Reassigning the id of job stage_in_local_local_0_0 from (21.0.0) to (-1.-1.-1)
07/15/20 18:43:11 Submitting HTCondor Node stage_in_local_local_0_0 job(s)...
07/15/20 18:43:11 Adding a DAGMan workflow log /home/scitech/shared-data/Workflow/Workflow4/scitech/pegasus/add_thumbs/run0004/./add_thumbs-0.dag.nodes.log
07/15/20 18:43:11 Masking the events recorded in the DAGMAN workflow log
07/15/20 18:43:11 Mask for workflow log is 0,1,2,4,5,7,9,10,11,12,13,16,17,24,27,35,36
07/15/20 18:43:11 submitting: /usr/bin/condor_submit -a dag_node_name' '=' 'stage_in_local_local_0_0 -a +DAGManJobId' '=' '19 -a DAGManJobId' '=' '19 -batch-name add_thumbs-0.dag+19 -a submit_event_notes' '=' 'DAG' 'Node:' 'stage_in_local_local_0_0 -a dagman_log' '=' '/home/scitech/shared-data/Workflow/Workflow4/scitech/pegasus/add_thumbs/run0004/./add_thumbs-0.dag.nodes.log -a +DAGManNodesMask' '=' '"0,1,2,4,5,7,9,10,11,12,13,16,17,24,27,35,36" -a priority=700 -a +DAGNodeRetry' '=' '1 -a DAG_STATUS' '=' '0 -a FAILED_COUNT' '=' '0 -a +KeepClaimIdle' '=' '20 -a notification' '=' 'never -a +DAGParentNodeNames' '=' '"create_dir_add_thumbs_0_local" 00/00/stage_in_local_local_0_0.sub
07/15/20 18:43:12 From submit: Submitting job(s).
07/15/20 18:43:12 From submit: 1 job(s) submitted to cluster 22.
07/15/20 18:43:12 	assigned HTCondor ID (22.0.0)
07/15/20 18:43:12 Just submitted 1 job this cycle...
07/15/20 18:43:12 DAG status: 0 (DAG_STATUS_OK)
07/15/20 18:43:12 Of 8 nodes total:
07/15/20 18:43:12  Done     Pre   Queued    Post   Ready   Un-Ready   Failed
07/15/20 18:43:12   ===     ===      ===     ===     ===        ===      ===
07/15/20 18:43:12     1       0        1       0       0          6        0
07/15/20 18:43:12 0 job proc(s) currently held
07/15/20 18:43:12 DAGMan Runtime Statistics: [ EventCycleTimeStd = 0.008855869488582847; EventCycleTimeMax = 0.05852198600769043; SubmitCycleTimeMin = 0.0002150535583496094; SubmitCycleTimeAvg = 0.002300423070004112; SleepCycleTimeCount = 94.0; SubmitCycleTimeCount = 95.0; SubmitCycleTimeMax = 0.05360698699951172; SleepCycleTimeMin = 4.967590093612671; SubmitCycleTimeSum = 0.2185401916503906; LogProcessCycleTimeStd = 0.009656618419981793; SubmitCycleTimeStd = 0.008539317129958795; LogProcessCycleTimeAvg = 0.01151957511901855; EventCycleTimeMin = 0.0004971027374267578; LogProcessCycleTimeMax = 0.0275418758392334; LogProcessCycleTimeMin = 0.004604101181030273; LogProcessCycleTimeSum = 0.05759787559509277; LogProcessCycleTimeCount = 5.0; EventCycleTimeSum = 0.3713140487670898; SleepCycleTimeSum = 470.5929310321808; SleepCycleTimeAvg = 5.006307776938093; SleepCycleTimeStd = 0.03167529453127748; SleepCycleTimeMax = 5.215616941452026; EventCycleTimeCount = 94.0; EventCycleTimeAvg = 0.003950149454969041; ]
07/15/20 18:43:17 Currently monitoring 1 HTCondor log file(s)
07/15/20 18:43:17 Reassigning the id of job stage_in_local_local_0_0 from (22.0.0) to (22.0.0)
07/15/20 18:43:17 Event: ULOG_SUBMIT for HTCondor Node stage_in_local_local_0_0 (22.0.0) {07/15/20 18:43:12}
07/15/20 18:43:17 Number of idle job procs: 1
07/15/20 18:43:17 Event: ULOG_EXECUTE for HTCondor Node stage_in_local_local_0_0 (22.0.0) {07/15/20 18:43:16}
07/15/20 18:43:17 Number of idle job procs: 0
07/15/20 18:45:39 Received SIGUSR1
07/15/20 18:45:39 Aborting DAG...
07/15/20 18:45:39 Writing Rescue DAG to add_thumbs-0.dag.rescue001...
07/15/20 18:45:39 Removing submitted jobs...
07/15/20 18:45:39 Removing any/all submitted HTCondor jobs...
07/15/20 18:45:39 Running: /usr/bin/condor_rm -const DAGManJobId' '=?=' '19
07/15/20 18:45:39 Note: 0 total job deferrals because of -MaxJobs limit (0)
07/15/20 18:45:39 Note: 0 total job deferrals because of -MaxIdle limit (1000)
07/15/20 18:45:39 Note: 0 total job deferrals because of node category throttles
07/15/20 18:45:39 Note: 0 total PRE script deferrals because of -MaxPre limit (20) or DEFER
07/15/20 18:45:39 Note: 0 total POST script deferrals because of -MaxPost limit (20) or DEFER
07/15/20 18:45:39 DAG status: 4 (DAG_STATUS_RM)
07/15/20 18:45:39 Of 8 nodes total:
07/15/20 18:45:39  Done     Pre   Queued    Post   Ready   Un-Ready   Failed
07/15/20 18:45:39   ===     ===      ===     ===     ===        ===      ===
07/15/20 18:45:39     1       0        1       0       0          6        0
07/15/20 18:45:39 0 job proc(s) currently held
07/15/20 18:45:39 DAGMan Runtime Statistics: [ EventCycleTimeStd = 0.009053560493581841; EventCycleTimeMax = 0.05852198600769043; SubmitCycleTimeMin = 0.0001969337463378906; SubmitCycleTimeAvg = 0.001943480583929247; SleepCycleTimeCount = 123.0; SubmitCycleTimeCount = 124.0; SubmitCycleTimeMax = 0.05360698699951172; SleepCycleTimeMin = 4.966753005981445; SubmitCycleTimeSum = 0.2409915924072266; LogProcessCycleTimeStd = 0.008641064452534155; SubmitCycleTimeStd = 0.007494720817491215; LogProcessCycleTimeAvg = 0.01141329606374105; EventCycleTimeMin = 0.0004971027374267578; LogProcessCycleTimeMax = 0.0275418758392334; LogProcessCycleTimeMin = 0.004604101181030273; LogProcessCycleTimeSum = 0.06847977638244629; LogProcessCycleTimeCount = 6.0; EventCycleTimeSum = 0.4931926727294922; SleepCycleTimeSum = 615.641369342804; SleepCycleTimeAvg = 5.005214384900845; SleepCycleTimeStd = 0.02862062772060546; SleepCycleTimeMax = 5.215616941452026; EventCycleTimeCount = 124.0; EventCycleTimeAvg = 0.003977360263947518; ]
07/15/20 18:45:39 Wrote metrics file add_thumbs-0.dag.metrics.
07/15/20 18:45:39 Reporting metrics to Pegasus metrics server(s); output is in add_thumbs-0.dag.metrics.out.
07/15/20 18:45:39 Running command </usr/libexec/condor/condor_dagman_metrics_reporter -f add_thumbs-0.dag.metrics -s -t 100>
07/15/20 18:45:39 Warning: mysin has length 0 (ignore if produced by DAGMan; see gittrac #4987, #5031)
07/15/20 18:45:39 DAGMan Runtime Statistics: [ EventCycleTimeStd = 0.009053560493581841; EventCycleTimeMax = 0.05852198600769043; SubmitCycleTimeMin = 0.0001969337463378906; SubmitCycleTimeAvg = 0.001943480583929247; SleepCycleTimeCount = 123.0; SubmitCycleTimeCount = 124.0; SubmitCycleTimeMax = 0.05360698699951172; SleepCycleTimeMin = 4.966753005981445; SubmitCycleTimeSum = 0.2409915924072266; LogProcessCycleTimeStd = 0.008641064452534155; SubmitCycleTimeStd = 0.007494720817491215; LogProcessCycleTimeAvg = 0.01141329606374105; EventCycleTimeMin = 0.0004971027374267578; LogProcessCycleTimeMax = 0.0275418758392334; LogProcessCycleTimeMin = 0.004604101181030273; LogProcessCycleTimeSum = 0.06847977638244629; LogProcessCycleTimeCount = 6.0; EventCycleTimeSum = 0.4931926727294922; SleepCycleTimeSum = 615.641369342804; SleepCycleTimeAvg = 5.005214384900845; SleepCycleTimeStd = 0.02862062772060546; SleepCycleTimeMax = 5.215616941452026; EventCycleTimeCount = 124.0; EventCycleTimeAvg = 0.003977360263947518; ]
07/15/20 18:45:39 **** condor_scheduniv_exec.19.0 (condor_DAGMAN) pid 31595 EXITING WITH STATUS 2
