08/10/20 13:46:31 ******************************************************
08/10/20 13:46:31 ** condor_scheduniv_exec.1.0 (CONDOR_DAGMAN) STARTING UP
08/10/20 13:46:31 ** /usr/bin/condor_dagman
08/10/20 13:46:31 ** SubsystemInfo: name=DAGMAN type=DAGMAN(10) class=DAEMON(1)
08/10/20 13:46:31 ** Configuration: subsystem:DAGMAN local:<NONE> class:DAEMON
08/10/20 13:46:31 ** $CondorVersion: 8.8.9 May 06 2020 BuildID: 503068 PackageID: 8.8.9-1 $
08/10/20 13:46:31 ** $CondorPlatform: x86_64_CentOS7 $
08/10/20 13:46:31 ** PID = 724
08/10/20 13:46:31 ** Log last touched time unavailable (No such file or directory)
08/10/20 13:46:31 ******************************************************
08/10/20 13:46:31 Using config source: /etc/condor/condor_config
08/10/20 13:46:31 Using local config sources: 
08/10/20 13:46:31    /etc/condor/config.d/00-minicondor
08/10/20 13:46:31    /etc/condor/condor_config.local
08/10/20 13:46:31 config Macros = 81, Sorted = 81, StringBytes = 2281, TablesBytes = 2964
08/10/20 13:46:31 CLASSAD_CACHING is ENABLED
08/10/20 13:46:31 Daemon Log is logging: D_ALWAYS D_ERROR
08/10/20 13:46:31 DaemonCore: No command port requested.
08/10/20 13:46:31 DAGMAN_USE_STRICT setting: 1
08/10/20 13:46:31 DAGMAN_VERBOSITY setting: 3
08/10/20 13:46:31 DAGMAN_DEBUG_CACHE_SIZE setting: 5242880
08/10/20 13:46:31 DAGMAN_DEBUG_CACHE_ENABLE setting: False
08/10/20 13:46:31 DAGMAN_SUBMIT_DELAY setting: 0
08/10/20 13:46:31 DAGMAN_MAX_SUBMIT_ATTEMPTS setting: 6
08/10/20 13:46:31 DAGMAN_STARTUP_CYCLE_DETECT setting: False
08/10/20 13:46:31 DAGMAN_MAX_SUBMITS_PER_INTERVAL setting: 100
08/10/20 13:46:31 DAGMAN_AGGRESSIVE_SUBMIT setting: False
08/10/20 13:46:31 DAGMAN_USER_LOG_SCAN_INTERVAL setting: 5
08/10/20 13:46:31 DAGMAN_QUEUE_UPDATE_INTERVAL setting: 300
08/10/20 13:46:31 DAGMAN_DEFAULT_PRIORITY setting: 0
08/10/20 13:46:31 DAGMAN_SUPPRESS_NOTIFICATION setting: True
08/10/20 13:46:31 allow_events (DAGMAN_ALLOW_EVENTS) setting: 114
08/10/20 13:46:31 DAGMAN_RETRY_SUBMIT_FIRST setting: True
08/10/20 13:46:31 DAGMAN_RETRY_NODE_FIRST setting: False
08/10/20 13:46:31 DAGMAN_MAX_JOBS_IDLE setting: 1000
08/10/20 13:46:31 DAGMAN_MAX_JOBS_SUBMITTED setting: 0
08/10/20 13:46:31 DAGMAN_MAX_PRE_SCRIPTS setting: 20
08/10/20 13:46:31 DAGMAN_MAX_POST_SCRIPTS setting: 20
08/10/20 13:46:31 DAGMAN_MUNGE_NODE_NAMES setting: True
08/10/20 13:46:31 DAGMAN_PROHIBIT_MULTI_JOBS setting: False
08/10/20 13:46:31 DAGMAN_SUBMIT_DEPTH_FIRST setting: False
08/10/20 13:46:31 DAGMAN_ALWAYS_RUN_POST setting: False
08/10/20 13:46:31 DAGMAN_CONDOR_SUBMIT_EXE setting: /usr/bin/condor_submit
08/10/20 13:46:31 DAGMAN_USE_CONDOR_SUBMIT setting: True
08/10/20 13:46:31 DAGMAN_ABORT_DUPLICATES setting: True
08/10/20 13:46:31 DAGMAN_ABORT_ON_SCARY_SUBMIT setting: True
08/10/20 13:46:31 DAGMAN_PENDING_REPORT_INTERVAL setting: 600
08/10/20 13:46:31 DAGMAN_AUTO_RESCUE setting: True
08/10/20 13:46:31 DAGMAN_MAX_RESCUE_NUM setting: 100
08/10/20 13:46:31 DAGMAN_WRITE_PARTIAL_RESCUE setting: True
08/10/20 13:46:31 DAGMAN_DEFAULT_NODE_LOG setting: @(DAG_DIR)/@(DAG_FILE).nodes.log
08/10/20 13:46:31 DAGMAN_GENERATE_SUBDAG_SUBMITS setting: True
08/10/20 13:46:31 DAGMAN_MAX_JOB_HOLDS setting: 100
08/10/20 13:46:31 DAGMAN_HOLD_CLAIM_TIME setting: 20
08/10/20 13:46:31 ALL_DEBUG setting: 
08/10/20 13:46:31 DAGMAN_DEBUG setting: 
08/10/20 13:46:31 DAGMAN_SUPPRESS_JOB_LOGS setting: False
08/10/20 13:46:31 DAGMAN_REMOVE_NODE_JOBS setting: True
08/10/20 13:46:31 argv[0] == "condor_scheduniv_exec.1.0"
08/10/20 13:46:31 argv[1] == "-Lockfile"
08/10/20 13:46:31 argv[2] == "harry-potter-text-analysis-0.dag.lock"
08/10/20 13:46:31 argv[3] == "-AutoRescue"
08/10/20 13:46:31 argv[4] == "1"
08/10/20 13:46:31 argv[5] == "-DoRescueFrom"
08/10/20 13:46:31 argv[6] == "0"
08/10/20 13:46:31 argv[7] == "-Dag"
08/10/20 13:46:31 argv[8] == "harry-potter-text-analysis-0.dag"
08/10/20 13:46:31 argv[9] == "-MaxPost"
08/10/20 13:46:31 argv[10] == "20"
08/10/20 13:46:31 argv[11] == "-Suppress_notification"
08/10/20 13:46:31 argv[12] == "-CsdVersion"
08/10/20 13:46:31 argv[13] == "$CondorVersion: 8.8.9 May 06 2020 BuildID: 503068 PackageID: 8.8.9-1 $"
08/10/20 13:46:31 argv[14] == "-Dagman"
08/10/20 13:46:31 argv[15] == "/bin/condor_dagman"
08/10/20 13:46:31 Workflow batch-name: <harry-potter-text-analysis-0.dag+1>
08/10/20 13:46:31 Workflow accounting_group: <>
08/10/20 13:46:31 Workflow accounting_group_user: <>
08/10/20 13:46:31 Warning: failed to get attribute DAGNodeName
08/10/20 13:46:31 DAGMAN_LOG_ON_NFS_IS_ERROR setting: False
08/10/20 13:46:31 Default node log file is: </home/scitech/shared-data/sample-text-analysis-wf/scitech/pegasus/harry-potter-text-analysis/run0001/./harry-potter-text-analysis-0.dag.nodes.log>
08/10/20 13:46:31 DAG Lockfile will be written to harry-potter-text-analysis-0.dag.lock
08/10/20 13:46:31 DAG Input file is harry-potter-text-analysis-0.dag
08/10/20 13:46:31 Parsing 1 dagfiles
08/10/20 13:46:31 Parsing harry-potter-text-analysis-0.dag ...
08/10/20 13:46:31 Warning:  could not open Pegasus braindump file braindump.txt
08/10/20 13:46:31 Dag contains 19 total jobs
08/10/20 13:46:31 Sleeping for 3 seconds to ensure ProcessId uniqueness
08/10/20 13:46:34 Bootstrapping...
08/10/20 13:46:34 Number of pre-completed nodes: 0
08/10/20 13:46:34 MultiLogFiles: truncating log file /home/scitech/shared-data/sample-text-analysis-wf/scitech/pegasus/harry-potter-text-analysis/run0001/./harry-potter-text-analysis-0.dag.nodes.log
08/10/20 13:46:34 DAG status: 0 (DAG_STATUS_OK)
08/10/20 13:46:34 Of 19 nodes total:
08/10/20 13:46:34  Done     Pre   Queued    Post   Ready   Un-Ready   Failed
08/10/20 13:46:34   ===     ===      ===     ===     ===        ===      ===
08/10/20 13:46:34     0       0        0       0       1         18        0
08/10/20 13:46:34 0 job proc(s) currently held
08/10/20 13:46:34 DAGMan Runtime Statistics: [ EventCycleTimeSum = 0.0; EventCycleTimeCount = 0.0; SleepCycleTimeCount = 0.0; SubmitCycleTimeSum = 0.0; SubmitCycleTimeCount = 0.0; LogProcessCycleTimeSum = 0.0; SleepCycleTimeSum = 0.0; LogProcessCycleTimeCount = 0.0; ]
08/10/20 13:46:34 Registering condor_event_timer...
08/10/20 13:46:35 Submitting HTCondor Node create_dir_harry-potter-text-analysis_0_local job(s)...
08/10/20 13:46:35 Adding a DAGMan workflow log /home/scitech/shared-data/sample-text-analysis-wf/scitech/pegasus/harry-potter-text-analysis/run0001/./harry-potter-text-analysis-0.dag.nodes.log
08/10/20 13:46:35 Masking the events recorded in the DAGMAN workflow log
08/10/20 13:46:35 Mask for workflow log is 0,1,2,4,5,7,9,10,11,12,13,16,17,24,27,35,36
08/10/20 13:46:35 submitting: /usr/bin/condor_submit -a dag_node_name' '=' 'create_dir_harry-potter-text-analysis_0_local -a +DAGManJobId' '=' '1 -a DAGManJobId' '=' '1 -batch-name harry-potter-text-analysis-0.dag+1 -a submit_event_notes' '=' 'DAG' 'Node:' 'create_dir_harry-potter-text-analysis_0_local -a dagman_log' '=' '/home/scitech/shared-data/sample-text-analysis-wf/scitech/pegasus/harry-potter-text-analysis/run0001/./harry-potter-text-analysis-0.dag.nodes.log -a +DAGManNodesMask' '=' '"0,1,2,4,5,7,9,10,11,12,13,16,17,24,27,35,36" -a priority=800 -a +DAGNodeRetry' '=' '0 -a DAG_STATUS' '=' '0 -a FAILED_COUNT' '=' '0 -a +KeepClaimIdle' '=' '20 -a notification' '=' 'never -a +DAGParentNodeNames' '=' '"" 00/00/create_dir_harry-potter-text-analysis_0_local.sub
08/10/20 13:46:35 From submit: Submitting job(s).
08/10/20 13:46:35 From submit: 1 job(s) submitted to cluster 2.
08/10/20 13:46:35 	assigned HTCondor ID (2.0.0)
08/10/20 13:46:35 Just submitted 1 job this cycle...
08/10/20 13:46:35 DAG status: 0 (DAG_STATUS_OK)
08/10/20 13:46:35 Of 19 nodes total:
08/10/20 13:46:35  Done     Pre   Queued    Post   Ready   Un-Ready   Failed
08/10/20 13:46:35   ===     ===      ===     ===     ===        ===      ===
08/10/20 13:46:35     0       0        1       0       0         18        0
08/10/20 13:46:35 0 job proc(s) currently held
08/10/20 13:46:35 DAGMan Runtime Statistics: [ EventCycleTimeCount = 0.0; EventCycleTimeSum = 0.0; LogProcessCycleTimeCount = 0.0; SleepCycleTimeSum = 0.0; LogProcessCycleTimeSum = 0.0; SubmitCycleTimeCount = 1.0; SubmitCycleTimeMax = 0.03011298179626465; SubmitCycleTimeMin = 0.03011298179626465; SubmitCycleTimeAvg = 0.03011298179626465; SubmitCycleTimeStd = 0.03011298179626465; SubmitCycleTimeSum = 0.03011298179626465; SleepCycleTimeCount = 0.0; ]
08/10/20 13:46:40 Currently monitoring 1 HTCondor log file(s)
08/10/20 13:46:40 Reassigning the id of job create_dir_harry-potter-text-analysis_0_local from (2.0.0) to (2.0.0)
08/10/20 13:46:40 Event: ULOG_SUBMIT for HTCondor Node create_dir_harry-potter-text-analysis_0_local (2.0.0) {08/10/20 13:46:35}
08/10/20 13:46:40 Number of idle job procs: 1
08/10/20 13:46:40 Event: ULOG_EXECUTE for HTCondor Node create_dir_harry-potter-text-analysis_0_local (2.0.0) {08/10/20 13:46:36}
08/10/20 13:46:40 Number of idle job procs: 0
08/10/20 13:46:40 Event: ULOG_JOB_TERMINATED for HTCondor Node create_dir_harry-potter-text-analysis_0_local (2.0.0) {08/10/20 13:46:38}
08/10/20 13:46:40 Number of idle job procs: 0
08/10/20 13:46:40 Node create_dir_harry-potter-text-analysis_0_local job proc (2.0.0) completed successfully.
08/10/20 13:46:40 Node create_dir_harry-potter-text-analysis_0_local job completed
08/10/20 13:46:40 Running POST script of Node create_dir_harry-potter-text-analysis_0_local...
08/10/20 13:46:40 Warning: mysin has length 0 (ignore if produced by DAGMan; see gittrac #4987, #5031)
08/10/20 13:46:40 DAG status: 0 (DAG_STATUS_OK)
08/10/20 13:46:40 Of 19 nodes total:
08/10/20 13:46:40  Done     Pre   Queued    Post   Ready   Un-Ready   Failed
08/10/20 13:46:40   ===     ===      ===     ===     ===        ===      ===
08/10/20 13:46:40     0       0        0       1       0         18        0
08/10/20 13:46:40 0 job proc(s) currently held
08/10/20 13:46:40 DAGMan Runtime Statistics: [ EventCycleTimeStd = 0.03516793251037598; EventCycleTimeMax = 0.03516793251037598; SubmitCycleTimeMin = 0.0003991127014160156; SubmitCycleTimeAvg = 0.01525604724884033; SleepCycleTimeCount = 1.0; SubmitCycleTimeCount = 2.0; SubmitCycleTimeMax = 0.03011298179626465; SleepCycleTimeMin = 5.001899003982544; SubmitCycleTimeSum = 0.03051209449768066; LogProcessCycleTimeStd = 0.01643085479736328; SubmitCycleTimeStd = 0.02101087833225685; LogProcessCycleTimeAvg = 0.01643085479736328; EventCycleTimeMin = 0.03516793251037598; LogProcessCycleTimeMax = 0.01643085479736328; LogProcessCycleTimeMin = 0.01643085479736328; LogProcessCycleTimeSum = 0.01643085479736328; LogProcessCycleTimeCount = 1.0; EventCycleTimeSum = 0.03516793251037598; SleepCycleTimeSum = 5.001899003982544; SleepCycleTimeAvg = 5.001899003982544; SleepCycleTimeStd = 5.001899003982544; SleepCycleTimeMax = 5.001899003982544; EventCycleTimeCount = 1.0; EventCycleTimeAvg = 0.03516793251037598; ]
08/10/20 13:46:40 Initializing user log writer for /home/scitech/shared-data/sample-text-analysis-wf/scitech/pegasus/harry-potter-text-analysis/run0001/./harry-potter-text-analysis-0.dag.nodes.log, (2.0.0)
08/10/20 13:46:45 Currently monitoring 1 HTCondor log file(s)
08/10/20 13:46:45 Event: ULOG_POST_SCRIPT_TERMINATED for HTCondor Node create_dir_harry-potter-text-analysis_0_local (2.0.0) {08/10/20 13:46:40}
08/10/20 13:46:45 POST Script of node create_dir_harry-potter-text-analysis_0_local completed successfully.
08/10/20 13:46:45 DAG status: 0 (DAG_STATUS_OK)
08/10/20 13:46:45 Of 19 nodes total:
08/10/20 13:46:45  Done     Pre   Queued    Post   Ready   Un-Ready   Failed
08/10/20 13:46:45   ===     ===      ===     ===     ===        ===      ===
08/10/20 13:46:45     1       0        0       0       4         14        0
08/10/20 13:46:45 0 job proc(s) currently held
08/10/20 13:46:45 DAGMan Runtime Statistics: [ EventCycleTimeStd = 0.008996497695741396; EventCycleTimeMax = 0.03516793251037598; SubmitCycleTimeMin = 0.0003991127014160156; SubmitCycleTimeAvg = 0.0104060173034668; SleepCycleTimeCount = 2.0; SubmitCycleTimeCount = 3.0; SubmitCycleTimeMax = 0.03011298179626465; SleepCycleTimeMin = 5.001899003982544; SubmitCycleTimeSum = 0.03121805191040039; LogProcessCycleTimeStd = 0.008321810944779004; SubmitCycleTimeStd = 0.0170674214677997; LogProcessCycleTimeAvg = 0.01054644584655762; EventCycleTimeMin = 0.0224449634552002; LogProcessCycleTimeMax = 0.01643085479736328; LogProcessCycleTimeMin = 0.004662036895751953; LogProcessCycleTimeSum = 0.02109289169311523; LogProcessCycleTimeCount = 2.0; EventCycleTimeSum = 0.05761289596557617; SleepCycleTimeSum = 10.21649813652039; SleepCycleTimeAvg = 5.108249068260193; SleepCycleTimeStd = 0.1504017032607015; SleepCycleTimeMax = 5.214599132537842; EventCycleTimeCount = 2.0; EventCycleTimeAvg = 0.02880644798278809; ]
08/10/20 13:46:50 Submitting HTCondor Node stage_in_remote_local_2_0 job(s)...
08/10/20 13:46:50 Adding a DAGMan workflow log /home/scitech/shared-data/sample-text-analysis-wf/scitech/pegasus/harry-potter-text-analysis/run0001/./harry-potter-text-analysis-0.dag.nodes.log
08/10/20 13:46:50 Masking the events recorded in the DAGMAN workflow log
08/10/20 13:46:50 Mask for workflow log is 0,1,2,4,5,7,9,10,11,12,13,16,17,24,27,35,36
08/10/20 13:46:50 submitting: /usr/bin/condor_submit -a dag_node_name' '=' 'stage_in_remote_local_2_0 -a +DAGManJobId' '=' '1 -a DAGManJobId' '=' '1 -batch-name harry-potter-text-analysis-0.dag+1 -a submit_event_notes' '=' 'DAG' 'Node:' 'stage_in_remote_local_2_0 -a dagman_log' '=' '/home/scitech/shared-data/sample-text-analysis-wf/scitech/pegasus/harry-potter-text-analysis/run0001/./harry-potter-text-analysis-0.dag.nodes.log -a +DAGManNodesMask' '=' '"0,1,2,4,5,7,9,10,11,12,13,16,17,24,27,35,36" -a priority=700 -a +DAGNodeRetry' '=' '0 -a DAG_STATUS' '=' '0 -a FAILED_COUNT' '=' '0 -a +KeepClaimIdle' '=' '20 -a notification' '=' 'never -a +DAGParentNodeNames' '=' '"create_dir_harry-potter-text-analysis_0_local" 00/00/stage_in_remote_local_2_0.sub
08/10/20 13:46:50 From submit: Submitting job(s).
08/10/20 13:46:50 From submit: 1 job(s) submitted to cluster 3.
08/10/20 13:46:50 	assigned HTCondor ID (3.0.0)
08/10/20 13:46:50 Submitting HTCondor Node stage_in_remote_local_1_0 job(s)...
08/10/20 13:46:50 Adding a DAGMan workflow log /home/scitech/shared-data/sample-text-analysis-wf/scitech/pegasus/harry-potter-text-analysis/run0001/./harry-potter-text-analysis-0.dag.nodes.log
08/10/20 13:46:50 Masking the events recorded in the DAGMAN workflow log
08/10/20 13:46:50 Mask for workflow log is 0,1,2,4,5,7,9,10,11,12,13,16,17,24,27,35,36
08/10/20 13:46:50 submitting: /usr/bin/condor_submit -a dag_node_name' '=' 'stage_in_remote_local_1_0 -a +DAGManJobId' '=' '1 -a DAGManJobId' '=' '1 -batch-name harry-potter-text-analysis-0.dag+1 -a submit_event_notes' '=' 'DAG' 'Node:' 'stage_in_remote_local_1_0 -a dagman_log' '=' '/home/scitech/shared-data/sample-text-analysis-wf/scitech/pegasus/harry-potter-text-analysis/run0001/./harry-potter-text-analysis-0.dag.nodes.log -a +DAGManNodesMask' '=' '"0,1,2,4,5,7,9,10,11,12,13,16,17,24,27,35,36" -a priority=700 -a +DAGNodeRetry' '=' '0 -a DAG_STATUS' '=' '0 -a FAILED_COUNT' '=' '0 -a +KeepClaimIdle' '=' '20 -a notification' '=' 'never -a +DAGParentNodeNames' '=' '"create_dir_harry-potter-text-analysis_0_local" 00/00/stage_in_remote_local_1_0.sub
08/10/20 13:46:50 From submit: Submitting job(s).
08/10/20 13:46:50 From submit: 1 job(s) submitted to cluster 4.
08/10/20 13:46:50 	assigned HTCondor ID (4.0.0)
08/10/20 13:46:50 Submitting HTCondor Node stage_in_remote_local_0_0 job(s)...
08/10/20 13:46:50 Adding a DAGMan workflow log /home/scitech/shared-data/sample-text-analysis-wf/scitech/pegasus/harry-potter-text-analysis/run0001/./harry-potter-text-analysis-0.dag.nodes.log
08/10/20 13:46:50 Masking the events recorded in the DAGMAN workflow log
08/10/20 13:46:50 Mask for workflow log is 0,1,2,4,5,7,9,10,11,12,13,16,17,24,27,35,36
08/10/20 13:46:50 submitting: /usr/bin/condor_submit -a dag_node_name' '=' 'stage_in_remote_local_0_0 -a +DAGManJobId' '=' '1 -a DAGManJobId' '=' '1 -batch-name harry-potter-text-analysis-0.dag+1 -a submit_event_notes' '=' 'DAG' 'Node:' 'stage_in_remote_local_0_0 -a dagman_log' '=' '/home/scitech/shared-data/sample-text-analysis-wf/scitech/pegasus/harry-potter-text-analysis/run0001/./harry-potter-text-analysis-0.dag.nodes.log -a +DAGManNodesMask' '=' '"0,1,2,4,5,7,9,10,11,12,13,16,17,24,27,35,36" -a priority=700 -a +DAGNodeRetry' '=' '0 -a DAG_STATUS' '=' '0 -a FAILED_COUNT' '=' '0 -a +KeepClaimIdle' '=' '20 -a notification' '=' 'never -a +DAGParentNodeNames' '=' '"create_dir_harry-potter-text-analysis_0_local" 00/00/stage_in_remote_local_0_0.sub
08/10/20 13:46:50 From submit: Submitting job(s).
08/10/20 13:46:50 From submit: 1 job(s) submitted to cluster 5.
08/10/20 13:46:50 	assigned HTCondor ID (5.0.0)
08/10/20 13:46:50 Submitting HTCondor Node stage_in_local_local_0_0 job(s)...
08/10/20 13:46:50 Adding a DAGMan workflow log /home/scitech/shared-data/sample-text-analysis-wf/scitech/pegasus/harry-potter-text-analysis/run0001/./harry-potter-text-analysis-0.dag.nodes.log
08/10/20 13:46:50 Masking the events recorded in the DAGMAN workflow log
08/10/20 13:46:50 Mask for workflow log is 0,1,2,4,5,7,9,10,11,12,13,16,17,24,27,35,36
08/10/20 13:46:50 submitting: /usr/bin/condor_submit -a dag_node_name' '=' 'stage_in_local_local_0_0 -a +DAGManJobId' '=' '1 -a DAGManJobId' '=' '1 -batch-name harry-potter-text-analysis-0.dag+1 -a submit_event_notes' '=' 'DAG' 'Node:' 'stage_in_local_local_0_0 -a dagman_log' '=' '/home/scitech/shared-data/sample-text-analysis-wf/scitech/pegasus/harry-potter-text-analysis/run0001/./harry-potter-text-analysis-0.dag.nodes.log -a +DAGManNodesMask' '=' '"0,1,2,4,5,7,9,10,11,12,13,16,17,24,27,35,36" -a priority=700 -a +DAGNodeRetry' '=' '0 -a DAG_STATUS' '=' '0 -a FAILED_COUNT' '=' '0 -a +KeepClaimIdle' '=' '20 -a notification' '=' 'never -a +DAGParentNodeNames' '=' '"create_dir_harry-potter-text-analysis_0_local" 00/00/stage_in_local_local_0_0.sub
08/10/20 13:46:50 From submit: Submitting job(s).
08/10/20 13:46:50 From submit: 1 job(s) submitted to cluster 6.
08/10/20 13:46:50 	assigned HTCondor ID (6.0.0)
08/10/20 13:46:50 Just submitted 4 jobs this cycle...
08/10/20 13:46:50 DAG status: 0 (DAG_STATUS_OK)
08/10/20 13:46:50 Of 19 nodes total:
08/10/20 13:46:50  Done     Pre   Queued    Post   Ready   Un-Ready   Failed
08/10/20 13:46:50   ===     ===      ===     ===     ===        ===      ===
08/10/20 13:46:50     1       0        4       0       0         14        0
08/10/20 13:46:50 0 job proc(s) currently held
08/10/20 13:46:50 DAGMan Runtime Statistics: [ EventCycleTimeStd = 0.01219140163582982; EventCycleTimeMax = 0.03516793251037598; SubmitCycleTimeMin = 0.0003991127014160156; SubmitCycleTimeAvg = 0.03536456823348999; SleepCycleTimeCount = 3.0; SubmitCycleTimeCount = 4.0; SubmitCycleTimeMax = 0.1102402210235596; SleepCycleTimeMin = 5.001899003982544; SubmitCycleTimeSum = 0.14145827293396; LogProcessCycleTimeStd = 0.008321810944779004; SubmitCycleTimeStd = 0.05182581379144875; LogProcessCycleTimeAvg = 0.01054644584655762; EventCycleTimeMin = 0.01079297065734863; LogProcessCycleTimeMax = 0.01643085479736328; LogProcessCycleTimeMin = 0.004662036895751953; LogProcessCycleTimeSum = 0.02109289169311523; LogProcessCycleTimeCount = 2.0; EventCycleTimeSum = 0.0684058666229248; SleepCycleTimeSum = 15.21915698051453; SleepCycleTimeAvg = 5.073052326838176; SleepCycleTimeStd = 0.1225837182991297; SleepCycleTimeMax = 5.214599132537842; EventCycleTimeCount = 3.0; EventCycleTimeAvg = 0.02280195554097493; ]
08/10/20 13:46:55 Currently monitoring 1 HTCondor log file(s)
08/10/20 13:46:55 Reassigning the id of job stage_in_remote_local_2_0 from (3.0.0) to (3.0.0)
08/10/20 13:46:55 Event: ULOG_SUBMIT for HTCondor Node stage_in_remote_local_2_0 (3.0.0) {08/10/20 13:46:50}
08/10/20 13:46:55 Number of idle job procs: 1
08/10/20 13:46:55 Reassigning the id of job stage_in_remote_local_1_0 from (4.0.0) to (4.0.0)
08/10/20 13:46:55 Event: ULOG_SUBMIT for HTCondor Node stage_in_remote_local_1_0 (4.0.0) {08/10/20 13:46:50}
08/10/20 13:46:55 Number of idle job procs: 2
08/10/20 13:46:55 Reassigning the id of job stage_in_remote_local_0_0 from (5.0.0) to (5.0.0)
08/10/20 13:46:55 Event: ULOG_SUBMIT for HTCondor Node stage_in_remote_local_0_0 (5.0.0) {08/10/20 13:46:50}
08/10/20 13:46:55 Number of idle job procs: 3
08/10/20 13:46:55 Reassigning the id of job stage_in_local_local_0_0 from (6.0.0) to (6.0.0)
08/10/20 13:46:55 Event: ULOG_SUBMIT for HTCondor Node stage_in_local_local_0_0 (6.0.0) {08/10/20 13:46:50}
08/10/20 13:46:55 Number of idle job procs: 4
08/10/20 13:46:55 Event: ULOG_EXECUTE for HTCondor Node stage_in_remote_local_1_0 (4.0.0) {08/10/20 13:46:53}
08/10/20 13:46:55 Number of idle job procs: 3
08/10/20 13:46:55 Event: ULOG_EXECUTE for HTCondor Node stage_in_local_local_0_0 (6.0.0) {08/10/20 13:46:53}
08/10/20 13:46:55 Number of idle job procs: 2
08/10/20 13:46:55 Event: ULOG_EXECUTE for HTCondor Node stage_in_remote_local_2_0 (3.0.0) {08/10/20 13:46:53}
08/10/20 13:46:55 Number of idle job procs: 1
08/10/20 13:46:55 Event: ULOG_EXECUTE for HTCondor Node stage_in_remote_local_0_0 (5.0.0) {08/10/20 13:46:53}
08/10/20 13:46:55 Number of idle job procs: 0
08/10/20 13:46:55 Event: ULOG_JOB_TERMINATED for HTCondor Node stage_in_remote_local_2_0 (3.0.0) {08/10/20 13:46:55}
08/10/20 13:46:55 Number of idle job procs: 0
08/10/20 13:46:55 Node stage_in_remote_local_2_0 job proc (3.0.0) completed successfully.
08/10/20 13:46:55 Node stage_in_remote_local_2_0 job completed
08/10/20 13:46:55 Running POST script of Node stage_in_remote_local_2_0...
08/10/20 13:46:55 Warning: mysin has length 0 (ignore if produced by DAGMan; see gittrac #4987, #5031)
08/10/20 13:46:55 Event: ULOG_JOB_TERMINATED for HTCondor Node stage_in_local_local_0_0 (6.0.0) {08/10/20 13:46:55}
08/10/20 13:46:55 Number of idle job procs: 0
08/10/20 13:46:55 Node stage_in_local_local_0_0 job proc (6.0.0) completed successfully.
08/10/20 13:46:55 Node stage_in_local_local_0_0 job completed
08/10/20 13:46:55 Running POST script of Node stage_in_local_local_0_0...
08/10/20 13:46:55 Warning: mysin has length 0 (ignore if produced by DAGMan; see gittrac #4987, #5031)
08/10/20 13:46:55 Event: ULOG_JOB_TERMINATED for HTCondor Node stage_in_remote_local_1_0 (4.0.0) {08/10/20 13:46:55}
08/10/20 13:46:55 Number of idle job procs: 0
08/10/20 13:46:55 Node stage_in_remote_local_1_0 job proc (4.0.0) completed successfully.
08/10/20 13:46:55 Node stage_in_remote_local_1_0 job completed
08/10/20 13:46:55 Running POST script of Node stage_in_remote_local_1_0...
08/10/20 13:46:55 Warning: mysin has length 0 (ignore if produced by DAGMan; see gittrac #4987, #5031)
08/10/20 13:46:55 Event: ULOG_JOB_TERMINATED for HTCondor Node stage_in_remote_local_0_0 (5.0.0) {08/10/20 13:46:55}
08/10/20 13:46:55 Number of idle job procs: 0
08/10/20 13:46:55 Node stage_in_remote_local_0_0 job proc (5.0.0) completed successfully.
08/10/20 13:46:55 Node stage_in_remote_local_0_0 job completed
08/10/20 13:46:55 Running POST script of Node stage_in_remote_local_0_0...
08/10/20 13:46:55 Warning: mysin has length 0 (ignore if produced by DAGMan; see gittrac #4987, #5031)
08/10/20 13:46:55 DAG status: 0 (DAG_STATUS_OK)
08/10/20 13:46:55 Of 19 nodes total:
08/10/20 13:46:55  Done     Pre   Queued    Post   Ready   Un-Ready   Failed
08/10/20 13:46:55   ===     ===      ===     ===     ===        ===      ===
08/10/20 13:46:55     1       0        0       4       0         14        0
08/10/20 13:46:55 0 job proc(s) currently held
08/10/20 13:46:55 DAGMan Runtime Statistics: [ EventCycleTimeStd = 0.04716942424792134; EventCycleTimeMax = 0.1150162220001221; SubmitCycleTimeMin = 0.0003991127014160156; SubmitCycleTimeAvg = 0.02849187850952149; SleepCycleTimeCount = 4.0; SubmitCycleTimeCount = 5.0; SubmitCycleTimeMax = 0.1102402210235596; SleepCycleTimeMin = 5.001899003982544; SubmitCycleTimeSum = 0.1424593925476074; LogProcessCycleTimeStd = 0.04304686451336147; SubmitCycleTimeStd = 0.04744054754710522; LogProcessCycleTimeAvg = 0.03516626358032227; EventCycleTimeMin = 0.01079297065734863; LogProcessCycleTimeMax = 0.08440589904785156; LogProcessCycleTimeMin = 0.004662036895751953; LogProcessCycleTimeSum = 0.1054987907409668; LogProcessCycleTimeCount = 3.0; EventCycleTimeSum = 0.1834220886230469; SleepCycleTimeSum = 20.23435878753662; SleepCycleTimeAvg = 5.058589696884155; SleepCycleTimeStd = 0.1041850084646432; SleepCycleTimeMax = 5.214599132537842; EventCycleTimeCount = 4.0; EventCycleTimeAvg = 0.04585552215576172; ]
08/10/20 13:46:56 Initializing user log writer for /home/scitech/shared-data/sample-text-analysis-wf/scitech/pegasus/harry-potter-text-analysis/run0001/./harry-potter-text-analysis-0.dag.nodes.log, (3.0.0)
08/10/20 13:46:56 Initializing user log writer for /home/scitech/shared-data/sample-text-analysis-wf/scitech/pegasus/harry-potter-text-analysis/run0001/./harry-potter-text-analysis-0.dag.nodes.log, (6.0.0)
08/10/20 13:46:56 Initializing user log writer for /home/scitech/shared-data/sample-text-analysis-wf/scitech/pegasus/harry-potter-text-analysis/run0001/./harry-potter-text-analysis-0.dag.nodes.log, (4.0.0)
08/10/20 13:46:56 Initializing user log writer for /home/scitech/shared-data/sample-text-analysis-wf/scitech/pegasus/harry-potter-text-analysis/run0001/./harry-potter-text-analysis-0.dag.nodes.log, (5.0.0)
08/10/20 13:47:00 Currently monitoring 1 HTCondor log file(s)
08/10/20 13:47:00 Event: ULOG_POST_SCRIPT_TERMINATED for HTCondor Node stage_in_remote_local_2_0 (3.0.0) {08/10/20 13:46:56}
08/10/20 13:47:00 POST Script of node stage_in_remote_local_2_0 completed successfully.
08/10/20 13:47:00 Event: ULOG_POST_SCRIPT_TERMINATED for HTCondor Node stage_in_local_local_0_0 (6.0.0) {08/10/20 13:46:56}
08/10/20 13:47:00 POST Script of node stage_in_local_local_0_0 completed successfully.
08/10/20 13:47:00 Event: ULOG_POST_SCRIPT_TERMINATED for HTCondor Node stage_in_remote_local_1_0 (4.0.0) {08/10/20 13:46:56}
08/10/20 13:47:00 POST Script of node stage_in_remote_local_1_0 completed successfully.
08/10/20 13:47:00 Event: ULOG_POST_SCRIPT_TERMINATED for HTCondor Node stage_in_remote_local_0_0 (5.0.0) {08/10/20 13:46:56}
08/10/20 13:47:00 POST Script of node stage_in_remote_local_0_0 completed successfully.
08/10/20 13:47:00 DAG status: 0 (DAG_STATUS_OK)
08/10/20 13:47:00 Of 19 nodes total:
08/10/20 13:47:00  Done     Pre   Queued    Post   Ready   Un-Ready   Failed
08/10/20 13:47:00   ===     ===      ===     ===     ===        ===      ===
08/10/20 13:47:00     5       0        0       0       1         13        0
08/10/20 13:47:00 0 job proc(s) currently held
08/10/20 13:47:00 DAGMan Runtime Statistics: [ EventCycleTimeStd = 0.04559922808881062; EventCycleTimeMax = 0.1150162220001221; SubmitCycleTimeMin = 0.0003991127014160156; SubmitCycleTimeAvg = 0.02382457256317139; SleepCycleTimeCount = 5.0; SubmitCycleTimeCount = 6.0; SubmitCycleTimeMax = 0.1102402210235596; SleepCycleTimeMin = 4.255300045013428; SubmitCycleTimeSum = 0.1429474353790283; LogProcessCycleTimeStd = 0.03760312482961793; SubmitCycleTimeStd = 0.04394527175972782; LogProcessCycleTimeAvg = 0.02848345041275024; EventCycleTimeMin = 0.01079297065734863; LogProcessCycleTimeMax = 0.08440589904785156; LogProcessCycleTimeMin = 0.004662036895751953; LogProcessCycleTimeSum = 0.113933801651001; LogProcessCycleTimeCount = 4.0; EventCycleTimeSum = 0.2745862007141113; SleepCycleTimeSum = 24.48965883255005; SleepCycleTimeAvg = 4.89793176651001; SleepCycleTimeStd = 0.3703994329802646; SleepCycleTimeMax = 5.214599132537842; EventCycleTimeCount = 5.0; EventCycleTimeAvg = 0.05491724014282227; ]
08/10/20 13:47:05 Submitting HTCondor Node word_count_ID0000001 job(s)...
08/10/20 13:47:05 Adding a DAGMan workflow log /home/scitech/shared-data/sample-text-analysis-wf/scitech/pegasus/harry-potter-text-analysis/run0001/./harry-potter-text-analysis-0.dag.nodes.log
08/10/20 13:47:05 Masking the events recorded in the DAGMAN workflow log
08/10/20 13:47:05 Mask for workflow log is 0,1,2,4,5,7,9,10,11,12,13,16,17,24,27,35,36
08/10/20 13:47:05 submitting: /usr/bin/condor_submit -a dag_node_name' '=' 'word_count_ID0000001 -a +DAGManJobId' '=' '1 -a DAGManJobId' '=' '1 -batch-name harry-potter-text-analysis-0.dag+1 -a submit_event_notes' '=' 'DAG' 'Node:' 'word_count_ID0000001 -a dagman_log' '=' '/home/scitech/shared-data/sample-text-analysis-wf/scitech/pegasus/harry-potter-text-analysis/run0001/./harry-potter-text-analysis-0.dag.nodes.log -a +DAGManNodesMask' '=' '"0,1,2,4,5,7,9,10,11,12,13,16,17,24,27,35,36" -a priority=20 -a +DAGNodeRetry' '=' '0 -a DAG_STATUS' '=' '0 -a FAILED_COUNT' '=' '0 -a +KeepClaimIdle' '=' '20 -a notification' '=' 'never -a +DAGParentNodeNames' '=' '"stage_in_remote_local_0_0,stage_in_local_local_0_0" 00/00/word_count_ID0000001.sub
08/10/20 13:47:05 From submit: Submitting job(s).
08/10/20 13:47:05 From submit: 1 job(s) submitted to cluster 7.
08/10/20 13:47:05 	assigned HTCondor ID (7.0.0)
08/10/20 13:47:05 Just submitted 1 job this cycle...
08/10/20 13:47:05 DAG status: 0 (DAG_STATUS_OK)
08/10/20 13:47:05 Of 19 nodes total:
08/10/20 13:47:05  Done     Pre   Queued    Post   Ready   Un-Ready   Failed
08/10/20 13:47:05   ===     ===      ===     ===     ===        ===      ===
08/10/20 13:47:05     5       0        1       0       0         13        0
08/10/20 13:47:05 0 job proc(s) currently held
08/10/20 13:47:05 DAGMan Runtime Statistics: [ EventCycleTimeStd = 0.04416875715071371; EventCycleTimeMax = 0.1150162220001221; SubmitCycleTimeMin = 0.0003991127014160156; SubmitCycleTimeAvg = 0.02652692794799805; SleepCycleTimeCount = 6.0; SubmitCycleTimeCount = 7.0; SubmitCycleTimeMax = 0.1102402210235596; SleepCycleTimeMin = 4.255300045013428; SubmitCycleTimeSum = 0.1856884956359863; LogProcessCycleTimeStd = 0.03760312482961793; SubmitCycleTimeStd = 0.04074851527861582; LogProcessCycleTimeAvg = 0.02848345041275024; EventCycleTimeMin = 0.01079297065734863; LogProcessCycleTimeMax = 0.08440589904785156; LogProcessCycleTimeMin = 0.004662036895751953; LogProcessCycleTimeSum = 0.113933801651001; LogProcessCycleTimeCount = 4.0; EventCycleTimeSum = 0.2879741191864014; SleepCycleTimeSum = 29.49674296379089; SleepCycleTimeAvg = 4.916123827298482; SleepCycleTimeStd = 0.3342787735050979; SleepCycleTimeMax = 5.214599132537842; EventCycleTimeCount = 6.0; EventCycleTimeAvg = 0.04799568653106689; ]
08/10/20 13:47:10 Currently monitoring 1 HTCondor log file(s)
08/10/20 13:47:10 Reassigning the id of job word_count_ID0000001 from (7.0.0) to (7.0.0)
08/10/20 13:47:10 Event: ULOG_SUBMIT for HTCondor Node word_count_ID0000001 (7.0.0) {08/10/20 13:47:05}
08/10/20 13:47:10 Number of idle job procs: 1
08/10/20 13:47:15 Currently monitoring 1 HTCondor log file(s)
08/10/20 13:47:15 Event: ULOG_EXECUTE for HTCondor Node word_count_ID0000001 (7.0.0) {08/10/20 13:47:12}
08/10/20 13:47:15 Number of idle job procs: 0
08/10/20 13:47:15 Event: ULOG_JOB_TERMINATED for HTCondor Node word_count_ID0000001 (7.0.0) {08/10/20 13:47:13}
08/10/20 13:47:15 Number of idle job procs: 0
08/10/20 13:47:15 Node word_count_ID0000001 job proc (7.0.0) completed successfully.
08/10/20 13:47:15 Node word_count_ID0000001 job completed
08/10/20 13:47:15 Running POST script of Node word_count_ID0000001...
08/10/20 13:47:15 Warning: mysin has length 0 (ignore if produced by DAGMan; see gittrac #4987, #5031)
08/10/20 13:47:15 DAG status: 0 (DAG_STATUS_OK)
08/10/20 13:47:15 Of 19 nodes total:
08/10/20 13:47:15  Done     Pre   Queued    Post   Ready   Un-Ready   Failed
08/10/20 13:47:15   ===     ===      ===     ===     ===        ===      ===
08/10/20 13:47:15     5       0        0       1       0         13        0
08/10/20 13:47:15 0 job proc(s) currently held
08/10/20 13:47:15 DAGMan Runtime Statistics: [ EventCycleTimeStd = 0.03977713592122258; EventCycleTimeMax = 0.1150162220001221; SubmitCycleTimeMin = 0.0003991127014160156; SubmitCycleTimeAvg = 0.02078496085272895; SleepCycleTimeCount = 8.0; SubmitCycleTimeCount = 9.0; SubmitCycleTimeMax = 0.1102402210235596; SleepCycleTimeMin = 4.255300045013428; SubmitCycleTimeSum = 0.1870646476745605; LogProcessCycleTimeStd = 0.03062618022134331; SubmitCycleTimeStd = 0.03708304951815853; LogProcessCycleTimeAvg = 0.02254410584767659; EventCycleTimeMin = 0.009032011032104492; LogProcessCycleTimeMax = 0.08440589904785156; LogProcessCycleTimeMin = 0.004662036895751953; LogProcessCycleTimeSum = 0.1352646350860596; LogProcessCycleTimeCount = 6.0; EventCycleTimeSum = 0.3441998958587646; SleepCycleTimeSum = 39.51197910308838; SleepCycleTimeAvg = 4.938997387886047; SleepCycleTimeStd = 0.2856742787315483; SleepCycleTimeMax = 5.214599132537842; EventCycleTimeCount = 8.0; EventCycleTimeAvg = 0.04302498698234558; ]
08/10/20 13:47:15 Initializing user log writer for /home/scitech/shared-data/sample-text-analysis-wf/scitech/pegasus/harry-potter-text-analysis/run0001/./harry-potter-text-analysis-0.dag.nodes.log, (7.0.0)
08/10/20 13:47:20 Currently monitoring 1 HTCondor log file(s)
08/10/20 13:47:20 Event: ULOG_POST_SCRIPT_TERMINATED for HTCondor Node word_count_ID0000001 (7.0.0) {08/10/20 13:47:15}
08/10/20 13:47:20 POST Script of node word_count_ID0000001 completed successfully.
08/10/20 13:47:20 DAG status: 0 (DAG_STATUS_OK)
08/10/20 13:47:20 Of 19 nodes total:
08/10/20 13:47:20  Done     Pre   Queued    Post   Ready   Un-Ready   Failed
08/10/20 13:47:20   ===     ===      ===     ===     ===        ===      ===
08/10/20 13:47:20     6       0        0       0       3         10        0
08/10/20 13:47:20 0 job proc(s) currently held
08/10/20 13:47:20 DAGMan Runtime Statistics: [ EventCycleTimeStd = 0.037938710718439; EventCycleTimeMax = 0.1150162220001221; SubmitCycleTimeMin = 0.0003991127014160156; SubmitCycleTimeAvg = 0.01879887580871582; SleepCycleTimeCount = 9.0; SubmitCycleTimeCount = 10.0; SubmitCycleTimeMax = 0.1102402210235596; SleepCycleTimeMin = 4.255300045013428; SubmitCycleTimeSum = 0.1879887580871582; LogProcessCycleTimeStd = 0.02877444222824163; SubmitCycleTimeStd = 0.03552186890527881; LogProcessCycleTimeAvg = 0.01997137069702148; EventCycleTimeMin = 0.009032011032104492; LogProcessCycleTimeMax = 0.08440589904785156; LogProcessCycleTimeMin = 0.00453495979309082; LogProcessCycleTimeSum = 0.1397995948791504; LogProcessCycleTimeCount = 7.0; EventCycleTimeSum = 0.3649959564208984; SleepCycleTimeSum = 44.72684192657471; SleepCycleTimeAvg = 4.969649102952745; SleepCycleTimeStd = 0.2826027566504954; SleepCycleTimeMax = 5.214862823486328; EventCycleTimeCount = 9.0; EventCycleTimeAvg = 0.04055510626898871; ]
08/10/20 13:47:25 Submitting HTCondor Node clean_up_local_level_3_0 job(s)...
08/10/20 13:47:25 Adding a DAGMan workflow log /home/scitech/shared-data/sample-text-analysis-wf/scitech/pegasus/harry-potter-text-analysis/run0001/./harry-potter-text-analysis-0.dag.nodes.log
08/10/20 13:47:25 Masking the events recorded in the DAGMAN workflow log
08/10/20 13:47:25 Mask for workflow log is 0,1,2,4,5,7,9,10,11,12,13,16,17,24,27,35,36
08/10/20 13:47:25 submitting: /usr/bin/condor_submit -a dag_node_name' '=' 'clean_up_local_level_3_0 -a +DAGManJobId' '=' '1 -a DAGManJobId' '=' '1 -batch-name harry-potter-text-analysis-0.dag+1 -a submit_event_notes' '=' 'DAG' 'Node:' 'clean_up_local_level_3_0 -a dagman_log' '=' '/home/scitech/shared-data/sample-text-analysis-wf/scitech/pegasus/harry-potter-text-analysis/run0001/./harry-potter-text-analysis-0.dag.nodes.log -a +DAGManNodesMask' '=' '"0,1,2,4,5,7,9,10,11,12,13,16,17,24,27,35,36" -a priority=1000 -a +DAGNodeRetry' '=' '0 -a DAG_STATUS' '=' '0 -a FAILED_COUNT' '=' '0 -a +KeepClaimIdle' '=' '20 -a notification' '=' 'never -a +DAGParentNodeNames' '=' '"word_count_ID0000001" 00/00/clean_up_local_level_3_0.sub
08/10/20 13:47:25 From submit: Submitting job(s).
08/10/20 13:47:25 From submit: 1 job(s) submitted to cluster 8.
08/10/20 13:47:25 	assigned HTCondor ID (8.0.0)
08/10/20 13:47:25 Submitting HTCondor Node stage_out_local_local_0_0 job(s)...
08/10/20 13:47:25 Adding a DAGMan workflow log /home/scitech/shared-data/sample-text-analysis-wf/scitech/pegasus/harry-potter-text-analysis/run0001/./harry-potter-text-analysis-0.dag.nodes.log
08/10/20 13:47:25 Masking the events recorded in the DAGMAN workflow log
08/10/20 13:47:25 Mask for workflow log is 0,1,2,4,5,7,9,10,11,12,13,16,17,24,27,35,36
08/10/20 13:47:25 submitting: /usr/bin/condor_submit -a dag_node_name' '=' 'stage_out_local_local_0_0 -a +DAGManJobId' '=' '1 -a DAGManJobId' '=' '1 -batch-name harry-potter-text-analysis-0.dag+1 -a submit_event_notes' '=' 'DAG' 'Node:' 'stage_out_local_local_0_0 -a dagman_log' '=' '/home/scitech/shared-data/sample-text-analysis-wf/scitech/pegasus/harry-potter-text-analysis/run0001/./harry-potter-text-analysis-0.dag.nodes.log -a +DAGManNodesMask' '=' '"0,1,2,4,5,7,9,10,11,12,13,16,17,24,27,35,36" -a priority=900 -a +DAGNodeRetry' '=' '0 -a DAG_STATUS' '=' '0 -a FAILED_COUNT' '=' '0 -a +KeepClaimIdle' '=' '20 -a notification' '=' 'never -a +DAGParentNodeNames' '=' '"word_count_ID0000001" 00/00/stage_out_local_local_0_0.sub
08/10/20 13:47:25 From submit: Submitting job(s).
08/10/20 13:47:25 From submit: 1 job(s) submitted to cluster 9.
08/10/20 13:47:25 	assigned HTCondor ID (9.0.0)
08/10/20 13:47:25 Submitting HTCondor Node sort_ID0000002 job(s)...
08/10/20 13:47:25 Adding a DAGMan workflow log /home/scitech/shared-data/sample-text-analysis-wf/scitech/pegasus/harry-potter-text-analysis/run0001/./harry-potter-text-analysis-0.dag.nodes.log
08/10/20 13:47:25 Masking the events recorded in the DAGMAN workflow log
08/10/20 13:47:25 Mask for workflow log is 0,1,2,4,5,7,9,10,11,12,13,16,17,24,27,35,36
08/10/20 13:47:25 submitting: /usr/bin/condor_submit -a dag_node_name' '=' 'sort_ID0000002 -a +DAGManJobId' '=' '1 -a DAGManJobId' '=' '1 -batch-name harry-potter-text-analysis-0.dag+1 -a submit_event_notes' '=' 'DAG' 'Node:' 'sort_ID0000002 -a dagman_log' '=' '/home/scitech/shared-data/sample-text-analysis-wf/scitech/pegasus/harry-potter-text-analysis/run0001/./harry-potter-text-analysis-0.dag.nodes.log -a +DAGManNodesMask' '=' '"0,1,2,4,5,7,9,10,11,12,13,16,17,24,27,35,36" -a priority=30 -a +DAGNodeRetry' '=' '0 -a DAG_STATUS' '=' '0 -a FAILED_COUNT' '=' '0 -a +KeepClaimIdle' '=' '20 -a notification' '=' 'never -a +DAGParentNodeNames' '=' '"stage_in_remote_local_1_0,word_count_ID0000001" 00/00/sort_ID0000002.sub
08/10/20 13:47:25 From submit: Submitting job(s).
08/10/20 13:47:25 From submit: 1 job(s) submitted to cluster 10.
08/10/20 13:47:25 	assigned HTCondor ID (10.0.0)
08/10/20 13:47:25 Just submitted 3 jobs this cycle...
08/10/20 13:47:25 DAG status: 0 (DAG_STATUS_OK)
08/10/20 13:47:25 Of 19 nodes total:
08/10/20 13:47:25  Done     Pre   Queued    Post   Ready   Un-Ready   Failed
08/10/20 13:47:25   ===     ===      ===     ===     ===        ===      ===
08/10/20 13:47:25     6       0        3       0       0         10        0
08/10/20 13:47:25 0 job proc(s) currently held
08/10/20 13:47:25 DAGMan Runtime Statistics: [ EventCycleTimeStd = 0.03696424671660838; EventCycleTimeMax = 0.1150162220001221; SubmitCycleTimeMin = 0.0003991127014160156; SubmitCycleTimeAvg = 0.02572397752241655; SleepCycleTimeCount = 10.0; SubmitCycleTimeCount = 11.0; SubmitCycleTimeMax = 0.1102402210235596; SleepCycleTimeMin = 4.255300045013428; SubmitCycleTimeSum = 0.282963752746582; LogProcessCycleTimeStd = 0.02877444222824163; SubmitCycleTimeStd = 0.04078173886272556; LogProcessCycleTimeAvg = 0.01997137069702148; EventCycleTimeMin = 0.009032011032104492; LogProcessCycleTimeMax = 0.08440589904785156; LogProcessCycleTimeMin = 0.00453495979309082; LogProcessCycleTimeSum = 0.1397995948791504; LogProcessCycleTimeCount = 7.0; EventCycleTimeSum = 0.3760659694671631; SleepCycleTimeSum = 49.73628807067871; SleepCycleTimeAvg = 4.973628807067871; SleepCycleTimeStd = 0.2667374840482832; SleepCycleTimeMax = 5.214862823486328; EventCycleTimeCount = 10.0; EventCycleTimeAvg = 0.03760659694671631; ]
08/10/20 13:47:30 Currently monitoring 1 HTCondor log file(s)
08/10/20 13:47:30 Reassigning the id of job clean_up_local_level_3_0 from (8.0.0) to (8.0.0)
08/10/20 13:47:30 Event: ULOG_SUBMIT for HTCondor Node clean_up_local_level_3_0 (8.0.0) {08/10/20 13:47:25}
08/10/20 13:47:30 Number of idle job procs: 1
08/10/20 13:47:30 Reassigning the id of job stage_out_local_local_0_0 from (9.0.0) to (9.0.0)
08/10/20 13:47:30 Event: ULOG_SUBMIT for HTCondor Node stage_out_local_local_0_0 (9.0.0) {08/10/20 13:47:25}
08/10/20 13:47:30 Number of idle job procs: 2
08/10/20 13:47:30 Reassigning the id of job sort_ID0000002 from (10.0.0) to (10.0.0)
08/10/20 13:47:30 Event: ULOG_SUBMIT for HTCondor Node sort_ID0000002 (10.0.0) {08/10/20 13:47:25}
08/10/20 13:47:30 Number of idle job procs: 3
08/10/20 13:47:30 Event: ULOG_EXECUTE for HTCondor Node sort_ID0000002 (10.0.0) {08/10/20 13:47:26}
08/10/20 13:47:30 Number of idle job procs: 2
08/10/20 13:47:30 Event: ULOG_JOB_TERMINATED for HTCondor Node sort_ID0000002 (10.0.0) {08/10/20 13:47:27}
08/10/20 13:47:30 Number of idle job procs: 2
08/10/20 13:47:30 Node sort_ID0000002 job proc (10.0.0) failed with status 1.
08/10/20 13:47:30 Node sort_ID0000002 job completed
08/10/20 13:47:30 Running POST script of Node sort_ID0000002...
08/10/20 13:47:30 Warning: mysin has length 0 (ignore if produced by DAGMan; see gittrac #4987, #5031)
08/10/20 13:47:30 DAG status: 0 (DAG_STATUS_OK)
08/10/20 13:47:30 Of 19 nodes total:
08/10/20 13:47:30  Done     Pre   Queued    Post   Ready   Un-Ready   Failed
08/10/20 13:47:30   ===     ===      ===     ===     ===        ===      ===
08/10/20 13:47:30     6       0        2       1       0         10        0
08/10/20 13:47:30 0 job proc(s) currently held
08/10/20 13:47:30 DAGMan Runtime Statistics: [ EventCycleTimeStd = 0.03959081001903976; EventCycleTimeMax = 0.1150162220001221; SubmitCycleTimeMin = 0.0003991127014160156; SubmitCycleTimeAvg = 0.02363731463750203; SleepCycleTimeCount = 11.0; SubmitCycleTimeCount = 12.0; SubmitCycleTimeMax = 0.1102402210235596; SleepCycleTimeMin = 4.255300045013428; SubmitCycleTimeSum = 0.2836477756500244; LogProcessCycleTimeStd = 0.02664571283851421; SubmitCycleTimeStd = 0.03955002773249497; LogProcessCycleTimeAvg = 0.01977556943893433; EventCycleTimeMin = 0.009032011032104492; LogProcessCycleTimeMax = 0.08440589904785156; LogProcessCycleTimeMin = 0.00453495979309082; LogProcessCycleTimeSum = 0.1582045555114746; LogProcessCycleTimeCount = 8.0; EventCycleTimeSum = 0.4746220111846924; SleepCycleTimeSum = 54.74896788597107; SleepCycleTimeAvg = 4.977178898724643; SleepCycleTimeStd = 0.2533231760326202; SleepCycleTimeMax = 5.214862823486328; EventCycleTimeCount = 11.0; EventCycleTimeAvg = 0.04314745556224476; ]
08/10/20 13:47:30 Initializing user log writer for /home/scitech/shared-data/sample-text-analysis-wf/scitech/pegasus/harry-potter-text-analysis/run0001/./harry-potter-text-analysis-0.dag.nodes.log, (10.0.0)
08/10/20 13:47:35 Currently monitoring 1 HTCondor log file(s)
08/10/20 13:47:35 Event: ULOG_POST_SCRIPT_TERMINATED for HTCondor Node sort_ID0000002 (10.0.0) {08/10/20 13:47:30}
08/10/20 13:47:35 POST Script of node sort_ID0000002 failed with status 1
08/10/20 13:47:35 POST for Node sort_ID0000002 returned 1
08/10/20 13:47:35 Retrying node sort_ID0000002 (retry #1 of 1)...
08/10/20 13:47:35 Event: ULOG_EXECUTE for HTCondor Node clean_up_local_level_3_0 (8.0.0) {08/10/20 13:47:30}
08/10/20 13:47:35 Number of idle job procs: 1
08/10/20 13:47:35 Event: ULOG_EXECUTE for HTCondor Node stage_out_local_local_0_0 (9.0.0) {08/10/20 13:47:30}
08/10/20 13:47:35 Number of idle job procs: 0
08/10/20 13:47:35 Event: ULOG_JOB_TERMINATED for HTCondor Node stage_out_local_local_0_0 (9.0.0) {08/10/20 13:47:33}
08/10/20 13:47:35 Number of idle job procs: 0
08/10/20 13:47:35 Node stage_out_local_local_0_0 job proc (9.0.0) completed successfully.
08/10/20 13:47:35 Node stage_out_local_local_0_0 job completed
08/10/20 13:47:35 Running POST script of Node stage_out_local_local_0_0...
08/10/20 13:47:35 Warning: mysin has length 0 (ignore if produced by DAGMan; see gittrac #4987, #5031)
08/10/20 13:47:35 Event: ULOG_JOB_TERMINATED for HTCondor Node clean_up_local_level_3_0 (8.0.0) {08/10/20 13:47:35}
08/10/20 13:47:35 Number of idle job procs: 0
08/10/20 13:47:35 Node clean_up_local_level_3_0 job proc (8.0.0) completed successfully.
08/10/20 13:47:35 Node clean_up_local_level_3_0 job completed
08/10/20 13:47:35 Running POST script of Node clean_up_local_level_3_0...
08/10/20 13:47:35 Warning: mysin has length 0 (ignore if produced by DAGMan; see gittrac #4987, #5031)
08/10/20 13:47:35 DAG status: 0 (DAG_STATUS_OK)
08/10/20 13:47:35 Of 19 nodes total:
08/10/20 13:47:35  Done     Pre   Queued    Post   Ready   Un-Ready   Failed
08/10/20 13:47:35   ===     ===      ===     ===     ===        ===      ===
08/10/20 13:47:35     6       0        0       2       1         10        0
08/10/20 13:47:35 0 job proc(s) currently held
08/10/20 13:47:35 DAGMan Runtime Statistics: [ EventCycleTimeStd = 0.03820572458505515; EventCycleTimeMax = 0.1150162220001221; SubmitCycleTimeMin = 0.0003991127014160156; SubmitCycleTimeAvg = 0.0218964356642503; SleepCycleTimeCount = 12.0; SubmitCycleTimeCount = 13.0; SubmitCycleTimeMax = 0.1102402210235596; SleepCycleTimeMin = 4.255300045013428; SubmitCycleTimeSum = 0.2846536636352539; LogProcessCycleTimeStd = 0.02504508466887636; SubmitCycleTimeStd = 0.03838297639967478; LogProcessCycleTimeAvg = 0.02059284845987956; EventCycleTimeMin = 0.009032011032104492; LogProcessCycleTimeMax = 0.08440589904785156; LogProcessCycleTimeMin = 0.00453495979309082; LogProcessCycleTimeSum = 0.185335636138916; LogProcessCycleTimeCount = 9.0; EventCycleTimeSum = 0.497352123260498; SleepCycleTimeSum = 59.91994786262512; SleepCycleTimeAvg = 4.993328988552094; SleepCycleTimeStd = 0.247928741254763; SleepCycleTimeMax = 5.214862823486328; EventCycleTimeCount = 12.0; EventCycleTimeAvg = 0.04144601027170817; ]
08/10/20 13:47:36 Initializing user log writer for /home/scitech/shared-data/sample-text-analysis-wf/scitech/pegasus/harry-potter-text-analysis/run0001/./harry-potter-text-analysis-0.dag.nodes.log, (9.0.0)
08/10/20 13:47:36 Initializing user log writer for /home/scitech/shared-data/sample-text-analysis-wf/scitech/pegasus/harry-potter-text-analysis/run0001/./harry-potter-text-analysis-0.dag.nodes.log, (8.0.0)
08/10/20 13:47:40 Reassigning the id of job sort_ID0000002 from (10.0.0) to (-1.-1.-1)
08/10/20 13:47:40 Submitting HTCondor Node sort_ID0000002 job(s)...
08/10/20 13:47:40 Adding a DAGMan workflow log /home/scitech/shared-data/sample-text-analysis-wf/scitech/pegasus/harry-potter-text-analysis/run0001/./harry-potter-text-analysis-0.dag.nodes.log
08/10/20 13:47:40 Masking the events recorded in the DAGMAN workflow log
08/10/20 13:47:40 Mask for workflow log is 0,1,2,4,5,7,9,10,11,12,13,16,17,24,27,35,36
08/10/20 13:47:40 submitting: /usr/bin/condor_submit -a dag_node_name' '=' 'sort_ID0000002 -a +DAGManJobId' '=' '1 -a DAGManJobId' '=' '1 -batch-name harry-potter-text-analysis-0.dag+1 -a submit_event_notes' '=' 'DAG' 'Node:' 'sort_ID0000002 -a dagman_log' '=' '/home/scitech/shared-data/sample-text-analysis-wf/scitech/pegasus/harry-potter-text-analysis/run0001/./harry-potter-text-analysis-0.dag.nodes.log -a +DAGManNodesMask' '=' '"0,1,2,4,5,7,9,10,11,12,13,16,17,24,27,35,36" -a priority=30 -a +DAGNodeRetry' '=' '1 -a DAG_STATUS' '=' '0 -a FAILED_COUNT' '=' '0 -a +KeepClaimIdle' '=' '20 -a notification' '=' 'never -a +DAGParentNodeNames' '=' '"stage_in_remote_local_1_0,word_count_ID0000001" 00/00/sort_ID0000002.sub
08/10/20 13:47:40 From submit: Submitting job(s).
08/10/20 13:47:40 From submit: 1 job(s) submitted to cluster 11.
08/10/20 13:47:40 	assigned HTCondor ID (11.0.0)
08/10/20 13:47:40 Just submitted 1 job this cycle...
08/10/20 13:47:40 Currently monitoring 1 HTCondor log file(s)
08/10/20 13:47:40 Event: ULOG_POST_SCRIPT_TERMINATED for HTCondor Node stage_out_local_local_0_0 (9.0.0) {08/10/20 13:47:36}
08/10/20 13:47:40 POST Script of node stage_out_local_local_0_0 completed successfully.
08/10/20 13:47:40 Event: ULOG_POST_SCRIPT_TERMINATED for HTCondor Node clean_up_local_level_3_0 (8.0.0) {08/10/20 13:47:36}
08/10/20 13:47:40 POST Script of node clean_up_local_level_3_0 completed successfully.
08/10/20 13:47:40 Reassigning the id of job sort_ID0000002 from (11.0.0) to (11.0.0)
08/10/20 13:47:40 Event: ULOG_SUBMIT for HTCondor Node sort_ID0000002 (11.0.0) {08/10/20 13:47:40}
08/10/20 13:47:40 Number of idle job procs: 1
08/10/20 13:47:40 DAG status: 0 (DAG_STATUS_OK)
08/10/20 13:47:40 Of 19 nodes total:
08/10/20 13:47:40  Done     Pre   Queued    Post   Ready   Un-Ready   Failed
08/10/20 13:47:40   ===     ===      ===     ===     ===        ===      ===
08/10/20 13:47:40     8       0        1       0       1          9        0
08/10/20 13:47:40 0 job proc(s) currently held
08/10/20 13:47:40 DAGMan Runtime Statistics: [ EventCycleTimeStd = 0.03666872267512736; EventCycleTimeMax = 0.1150162220001221; SubmitCycleTimeMin = 0.0003991127014160156; SubmitCycleTimeAvg = 0.02327804906027658; SleepCycleTimeCount = 13.0; SubmitCycleTimeCount = 14.0; SubmitCycleTimeMax = 0.1102402210235596; SleepCycleTimeMin = 4.203139066696167; SubmitCycleTimeSum = 0.3258926868438721; LogProcessCycleTimeStd = 0.0240930204008158; SubmitCycleTimeStd = 0.03723774578241227; LogProcessCycleTimeAvg = 0.01907916069030762; EventCycleTimeMin = 0.009032011032104492; LogProcessCycleTimeMax = 0.08440589904785156; LogProcessCycleTimeMin = 0.00453495979309082; LogProcessCycleTimeSum = 0.1907916069030762; LogProcessCycleTimeCount = 10.0; EventCycleTimeSum = 0.5295650959014893; SleepCycleTimeSum = 64.12308692932129; SleepCycleTimeAvg = 4.93254514840933; SleepCycleTimeStd = 0.3230743726105002; SleepCycleTimeMax = 5.214862823486328; EventCycleTimeCount = 13.0; EventCycleTimeAvg = 0.04073577660780687; ]
08/10/20 13:47:45 Submitting HTCondor Node register_local_0_0 job(s)...
08/10/20 13:47:45 Adding a DAGMan workflow log /home/scitech/shared-data/sample-text-analysis-wf/scitech/pegasus/harry-potter-text-analysis/run0001/./harry-potter-text-analysis-0.dag.nodes.log
08/10/20 13:47:45 Masking the events recorded in the DAGMAN workflow log
08/10/20 13:47:45 Mask for workflow log is 0,1,2,4,5,7,9,10,11,12,13,16,17,24,27,35,36
08/10/20 13:47:45 submitting: /usr/bin/condor_submit -a dag_node_name' '=' 'register_local_0_0 -a +DAGManJobId' '=' '1 -a DAGManJobId' '=' '1 -batch-name harry-potter-text-analysis-0.dag+1 -a submit_event_notes' '=' 'DAG' 'Node:' 'register_local_0_0 -a dagman_log' '=' '/home/scitech/shared-data/sample-text-analysis-wf/scitech/pegasus/harry-potter-text-analysis/run0001/./harry-potter-text-analysis-0.dag.nodes.log -a +DAGManNodesMask' '=' '"0,1,2,4,5,7,9,10,11,12,13,16,17,24,27,35,36" -a priority=40 -a +DAGNodeRetry' '=' '0 -a DAG_STATUS' '=' '0 -a FAILED_COUNT' '=' '0 -a notification' '=' 'never -a +DAGParentNodeNames' '=' '"stage_out_local_local_0_0" 00/00/register_local_0_0.sub
08/10/20 13:47:45 From submit: Submitting job(s).
08/10/20 13:47:45 From submit: 1 job(s) submitted to cluster 12.
08/10/20 13:47:45 	assigned HTCondor ID (12.0.0)
08/10/20 13:47:45 Just submitted 1 job this cycle...
08/10/20 13:47:45 Currently monitoring 1 HTCondor log file(s)
08/10/20 13:47:45 Event: ULOG_EXECUTE for HTCondor Node sort_ID0000002 (11.0.0) {08/10/20 13:47:41}
08/10/20 13:47:45 Number of idle job procs: 0
08/10/20 13:47:45 Event: ULOG_JOB_TERMINATED for HTCondor Node sort_ID0000002 (11.0.0) {08/10/20 13:47:42}
08/10/20 13:47:45 Number of idle job procs: 0
08/10/20 13:47:45 Node sort_ID0000002 job proc (11.0.0) failed with status 1.
08/10/20 13:47:45 Node sort_ID0000002 job completed
08/10/20 13:47:45 Running POST script of Node sort_ID0000002...
08/10/20 13:47:45 Warning: mysin has length 0 (ignore if produced by DAGMan; see gittrac #4987, #5031)
08/10/20 13:47:45 Reassigning the id of job register_local_0_0 from (12.0.0) to (12.0.0)
08/10/20 13:47:45 Event: ULOG_SUBMIT for HTCondor Node register_local_0_0 (12.0.0) {08/10/20 13:47:45}
08/10/20 13:47:45 Number of idle job procs: 1
08/10/20 13:47:45 DAG status: 0 (DAG_STATUS_OK)
08/10/20 13:47:45 Of 19 nodes total:
08/10/20 13:47:45  Done     Pre   Queued    Post   Ready   Un-Ready   Failed
08/10/20 13:47:45   ===     ===      ===     ===     ===        ===      ===
08/10/20 13:47:45     8       0        1       1       0          9        0
08/10/20 13:47:45 0 job proc(s) currently held
08/10/20 13:47:45 DAGMan Runtime Statistics: [ EventCycleTimeStd = 0.03536181077036978; EventCycleTimeMax = 0.1150162220001221; SubmitCycleTimeMin = 0.0003991127014160156; SubmitCycleTimeAvg = 0.0242185115814209; SleepCycleTimeCount = 14.0; SubmitCycleTimeCount = 15.0; SubmitCycleTimeMax = 0.1102402210235596; SleepCycleTimeMin = 4.203139066696167; SubmitCycleTimeSum = 0.3632776737213135; LogProcessCycleTimeStd = 0.02297056685391087; SubmitCycleTimeStd = 0.0360675803088497; LogProcessCycleTimeAvg = 0.01839024370366877; EventCycleTimeMin = 0.009032011032104492; LogProcessCycleTimeMax = 0.08440589904785156; LogProcessCycleTimeMin = 0.00453495979309082; LogProcessCycleTimeSum = 0.2022926807403564; LogProcessCycleTimeCount = 11.0; EventCycleTimeSum = 0.5817070007324219; SleepCycleTimeSum = 69.13436889648438; SleepCycleTimeAvg = 4.938169206891741; SleepCycleTimeStd = 0.311112305842476; SleepCycleTimeMax = 5.214862823486328; EventCycleTimeCount = 14.0; EventCycleTimeAvg = 0.04155050005231585; ]
08/10/20 13:47:45 Initializing user log writer for /home/scitech/shared-data/sample-text-analysis-wf/scitech/pegasus/harry-potter-text-analysis/run0001/./harry-potter-text-analysis-0.dag.nodes.log, (11.0.0)
08/10/20 13:47:50 Currently monitoring 1 HTCondor log file(s)
08/10/20 13:47:50 Event: ULOG_POST_SCRIPT_TERMINATED for HTCondor Node sort_ID0000002 (11.0.0) {08/10/20 13:47:45}
08/10/20 13:47:50 POST Script of node sort_ID0000002 failed with status 1
08/10/20 13:47:50 POST for Node sort_ID0000002 returned 1
08/10/20 13:47:50 Event: ULOG_EXECUTE for HTCondor Node register_local_0_0 (12.0.0) {08/10/20 13:47:46}
08/10/20 13:47:50 Number of idle job procs: 0
08/10/20 13:47:50 Event: ULOG_JOB_TERMINATED for HTCondor Node register_local_0_0 (12.0.0) {08/10/20 13:47:47}
08/10/20 13:47:50 Number of idle job procs: 0
08/10/20 13:47:50 Node register_local_0_0 job proc (12.0.0) completed successfully.
08/10/20 13:47:50 Node register_local_0_0 job completed
08/10/20 13:47:50 Running POST script of Node register_local_0_0...
08/10/20 13:47:50 Warning: mysin has length 0 (ignore if produced by DAGMan; see gittrac #4987, #5031)
08/10/20 13:47:50 DAG status: 2 (DAG_STATUS_NODE_FAILED)
08/10/20 13:47:50 Of 19 nodes total:
08/10/20 13:47:50  Done     Pre   Queued    Post   Ready   Un-Ready   Failed
08/10/20 13:47:50   ===     ===      ===     ===     ===        ===      ===
08/10/20 13:47:50     8       0        0       1       0          9        1
08/10/20 13:47:50 0 job proc(s) currently held
08/10/20 13:47:50 DAGMan Runtime Statistics: [ EventCycleTimeStd = 0.03423391051801525; EventCycleTimeMax = 0.1150162220001221; SubmitCycleTimeMin = 0.0003991127014160156; SubmitCycleTimeAvg = 0.02275872230529785; SleepCycleTimeCount = 15.0; SubmitCycleTimeCount = 16.0; SubmitCycleTimeMax = 0.1102402210235596; SleepCycleTimeMin = 4.203139066696167; SubmitCycleTimeSum = 0.3641395568847656; LogProcessCycleTimeStd = 0.02191079964652536; SubmitCycleTimeStd = 0.03533046015933809; LogProcessCycleTimeAvg = 0.01820673545201619; EventCycleTimeMin = 0.009032011032104492; LogProcessCycleTimeMax = 0.08440589904785156; LogProcessCycleTimeMin = 0.00453495979309082; LogProcessCycleTimeSum = 0.2184808254241943; LogProcessCycleTimeCount = 12.0; EventCycleTimeSum = 0.635998010635376; SleepCycleTimeSum = 74.30873703956604; SleepCycleTimeAvg = 4.953915802637736; SleepCycleTimeStd = 0.3059355531223133; SleepCycleTimeMax = 5.214862823486328; EventCycleTimeCount = 15.0; EventCycleTimeAvg = 0.04239986737569173; ]
08/10/20 13:47:50 Initializing user log writer for /home/scitech/shared-data/sample-text-analysis-wf/scitech/pegasus/harry-potter-text-analysis/run0001/./harry-potter-text-analysis-0.dag.nodes.log, (12.0.0)
08/10/20 13:47:55 Currently monitoring 1 HTCondor log file(s)
08/10/20 13:47:55 Event: ULOG_POST_SCRIPT_TERMINATED for HTCondor Node register_local_0_0 (12.0.0) {08/10/20 13:47:50}
08/10/20 13:47:55 POST Script of node register_local_0_0 completed successfully.
08/10/20 13:47:55 DAG status: 2 (DAG_STATUS_NODE_FAILED)
08/10/20 13:47:55 Of 19 nodes total:
08/10/20 13:47:55  Done     Pre   Queued    Post   Ready   Un-Ready   Failed
08/10/20 13:47:55   ===     ===      ===     ===     ===        ===      ===
08/10/20 13:47:55     9       0        0       0       0          9        1
08/10/20 13:47:55 0 job proc(s) currently held
08/10/20 13:47:55 DAGMan Runtime Statistics: [ EventCycleTimeStd = 0.03344865544357167; EventCycleTimeMax = 0.1150162220001221; SubmitCycleTimeMin = 0.0003991127014160156; SubmitCycleTimeAvg = 0.0214838560889749; SleepCycleTimeCount = 16.0; SubmitCycleTimeCount = 17.0; SubmitCycleTimeMax = 0.1102402210235596; SleepCycleTimeMin = 4.203139066696167; SubmitCycleTimeSum = 0.3652255535125732; LogProcessCycleTimeStd = 0.02113199839506779; SubmitCycleTimeStd = 0.03461005854387612; LogProcessCycleTimeAvg = 0.01750043722299429; EventCycleTimeMin = 0.009032011032104492; LogProcessCycleTimeMax = 0.08440589904785156; LogProcessCycleTimeMin = 0.00453495979309082; LogProcessCycleTimeSum = 0.2275056838989258; LogProcessCycleTimeCount = 13.0; EventCycleTimeSum = 0.6584048271179199; SleepCycleTimeSum = 79.51507115364075; SleepCycleTimeAvg = 4.969691947102547; SleepCycleTimeStd = 0.3022233934803238; SleepCycleTimeMax = 5.214862823486328; EventCycleTimeCount = 16.0; EventCycleTimeAvg = 0.04115030169487; ]
08/10/20 13:47:55 ERROR: the following job(s) failed:
08/10/20 13:47:55 ---------------------- Job ----------------------
08/10/20 13:47:55       Node Name: sort_ID0000002
08/10/20 13:47:55            Noop: false
08/10/20 13:47:55          NodeID: 6
08/10/20 13:47:55     Node Status: STATUS_ERROR    
08/10/20 13:47:55 Node return val: 1
08/10/20 13:47:55           Error: Job exited with status 1 and POST Script failed with status 1 (after 1 node retries)
08/10/20 13:47:55 Job Submit File: 00/00/sort_ID0000002.sub
08/10/20 13:47:55     POST Script: /home/scitech/pegasus/dist/pegasus-5.0.0dev/bin/pegasus-exitcode  -s PegasusLite:+exitcode+0 -l harry-potter-text-analysis-0.exitcode.log -M harry-potter-text-analysis-0.cache.meta  .//00/00/sort_ID0000002.out
08/10/20 13:47:55           Retry: 1
08/10/20 13:47:55  HTCondor Job ID: (11.0.0)
08/10/20 13:47:55       Q_PARENTS: stage_in_remote_local_1_0, word_count_ID0000001, <END>
08/10/20 13:47:55       Q_WAITING: <END>
08/10/20 13:47:55      Q_CHILDREN: plot_ID0000003, stage_out_local_local_1_0, clean_up_local_level_4_0, <END>
08/10/20 13:47:55 ---------------------------------------	<END>
08/10/20 13:47:55 Aborting DAG...
08/10/20 13:47:55 Writing Rescue DAG to harry-potter-text-analysis-0.dag.rescue001...
08/10/20 13:47:55 Removing submitted jobs...
08/10/20 13:47:55 Removing any/all submitted HTCondor jobs...
08/10/20 13:47:55 Running: /usr/bin/condor_rm -const DAGManJobId' '=?=' '1
08/10/20 13:47:55 Note: 0 total job deferrals because of -MaxJobs limit (0)
08/10/20 13:47:55 Note: 0 total job deferrals because of -MaxIdle limit (1000)
08/10/20 13:47:55 Note: 0 total job deferrals because of node category throttles
08/10/20 13:47:55 Note: 0 total PRE script deferrals because of -MaxPre limit (20) or DEFER
08/10/20 13:47:55 Note: 0 total POST script deferrals because of -MaxPost limit (20) or DEFER
08/10/20 13:47:55 DAG status: 2 (DAG_STATUS_NODE_FAILED)
08/10/20 13:47:55 Of 19 nodes total:
08/10/20 13:47:55  Done     Pre   Queued    Post   Ready   Un-Ready   Failed
08/10/20 13:47:55   ===     ===      ===     ===     ===        ===      ===
08/10/20 13:47:55     9       0        0       0       0          9        1
08/10/20 13:47:55 0 job proc(s) currently held
08/10/20 13:47:55 DAGMan Runtime Statistics: [ EventCycleTimeStd = 0.03344865544357167; EventCycleTimeMax = 0.1150162220001221; SubmitCycleTimeMin = 0.0003991127014160156; SubmitCycleTimeAvg = 0.0214838560889749; SleepCycleTimeCount = 16.0; SubmitCycleTimeCount = 17.0; SubmitCycleTimeMax = 0.1102402210235596; SleepCycleTimeMin = 4.203139066696167; SubmitCycleTimeSum = 0.3652255535125732; LogProcessCycleTimeStd = 0.02113199839506779; SubmitCycleTimeStd = 0.03461005854387612; LogProcessCycleTimeAvg = 0.01750043722299429; EventCycleTimeMin = 0.009032011032104492; LogProcessCycleTimeMax = 0.08440589904785156; LogProcessCycleTimeMin = 0.00453495979309082; LogProcessCycleTimeSum = 0.2275056838989258; LogProcessCycleTimeCount = 13.0; EventCycleTimeSum = 0.6584048271179199; SleepCycleTimeSum = 79.51507115364075; SleepCycleTimeAvg = 4.969691947102547; SleepCycleTimeStd = 0.3022233934803238; SleepCycleTimeMax = 5.214862823486328; EventCycleTimeCount = 16.0; EventCycleTimeAvg = 0.04115030169487; ]
08/10/20 13:47:55 Wrote metrics file harry-potter-text-analysis-0.dag.metrics.
08/10/20 13:47:55 Reporting metrics to Pegasus metrics server(s); output is in harry-potter-text-analysis-0.dag.metrics.out.
08/10/20 13:47:55 Running command </usr/libexec/condor/condor_dagman_metrics_reporter -f harry-potter-text-analysis-0.dag.metrics -t 100>
08/10/20 13:47:55 Warning: mysin has length 0 (ignore if produced by DAGMan; see gittrac #4987, #5031)
08/10/20 13:47:55 DAGMan Runtime Statistics: [ EventCycleTimeStd = 0.03344865544357167; EventCycleTimeMax = 0.1150162220001221; SubmitCycleTimeMin = 0.0003991127014160156; SubmitCycleTimeAvg = 0.0214838560889749; SleepCycleTimeCount = 16.0; SubmitCycleTimeCount = 17.0; SubmitCycleTimeMax = 0.1102402210235596; SleepCycleTimeMin = 4.203139066696167; SubmitCycleTimeSum = 0.3652255535125732; LogProcessCycleTimeStd = 0.02113199839506779; SubmitCycleTimeStd = 0.03461005854387612; LogProcessCycleTimeAvg = 0.01750043722299429; EventCycleTimeMin = 0.009032011032104492; LogProcessCycleTimeMax = 0.08440589904785156; LogProcessCycleTimeMin = 0.00453495979309082; LogProcessCycleTimeSum = 0.2275056838989258; LogProcessCycleTimeCount = 13.0; EventCycleTimeSum = 0.6584048271179199; SleepCycleTimeSum = 79.51507115364075; SleepCycleTimeAvg = 4.969691947102547; SleepCycleTimeStd = 0.3022233934803238; SleepCycleTimeMax = 5.214862823486328; EventCycleTimeCount = 16.0; EventCycleTimeAvg = 0.04115030169487; ]
08/10/20 13:47:55 **** condor_scheduniv_exec.1.0 (condor_DAGMAN) pid 724 EXITING WITH STATUS 1
