{"name": ".//00/00/create_dir_Cats_and_Dogs_0_local.out", "timestamp": "2020-09-23T21:29:02.775138", "exitcode": 0, "app_exitcode": 0, "retry": 0, "std_out": "", "std_err": ""}
{"name": ".//00/00/stage_out_local_local_1000_0.out", "timestamp": "2020-09-23T21:29:02.788693", "exitcode": 0, "app_exitcode": 0, "retry": 0, "std_out": "", "std_err": ""}
{"name": ".//00/00/register_local_1000_0.out", "timestamp": "2020-09-23T21:29:23.280665", "exitcode": 0, "app_exitcode": 0, "retry": 0, "std_out": "", "std_err": ""}
{"name": ".//00/00/stage_in_remote_local_1_0.out", "timestamp": "2020-09-23T21:29:23.310832", "exitcode": 0, "app_exitcode": 0, "retry": 0, "std_out": "", "std_err": ""}
{"name": ".//00/00/stage_in_remote_local_2_0.out", "timestamp": "2020-09-23T21:29:23.303830", "exitcode": 0, "app_exitcode": 0, "retry": 0, "std_out": "", "std_err": ""}
{"name": ".//00/00/stage_in_remote_local_3_0.out", "timestamp": "2020-09-23T21:29:23.314469", "exitcode": 0, "app_exitcode": 0, "retry": 0, "std_out": "", "std_err": ""}
{"name": ".//00/00/stage_in_remote_local_0_0.out", "timestamp": "2020-09-23T21:29:23.362985", "exitcode": 0, "app_exitcode": 0, "retry": 0, "std_out": "", "std_err": ""}
{"name": ".//00/00/stage_in_local_local_0_0.out", "timestamp": "2020-09-23T21:29:23.344653", "exitcode": 0, "app_exitcode": 0, "retry": 0, "std_out": "", "std_err": ""}
{"name": ".//00/00/preprocess1_py_ID0000001.out", "timestamp": "2020-09-23T21:29:48.739047", "exitcode": 0, "app_exitcode": 0, "retry": 0, "std_out": "", "std_err": ""}
{"name": ".//00/00/stage_out_local_local_0_0.out", "timestamp": "2020-09-23T21:30:04.268483", "exitcode": 0, "app_exitcode": 0, "retry": 0, "std_out": "", "std_err": ""}
{"name": ".//00/00/Augmentation_py_ID0000002.out", "timestamp": "2020-09-23T21:30:04.272867", "exitcode": 0, "app_exitcode": 0, "retry": 0, "std_out": "", "std_err": ""}
{"name": ".//00/00/clean_up_local_level_3_0.out", "timestamp": "2020-09-23T21:30:14.972729", "exitcode": 0, "app_exitcode": 0, "retry": 0, "std_out": "", "std_err": ""}
{"name": ".//00/00/register_local_0_0.out", "timestamp": "2020-09-23T21:30:24.325773", "exitcode": 0, "app_exitcode": 0, "retry": 0, "std_out": "", "std_err": ""}
{"name": ".//00/00/Data_Split_py_ID0000003.out", "timestamp": "2020-09-23T21:30:24.289971", "exitcode": 0, "app_exitcode": 0, "retry": 0, "std_out": "", "std_err": ""}
{"name": ".//00/00/stage_out_local_local_1_0.out", "timestamp": "2020-09-23T21:30:29.598023", "exitcode": 0, "app_exitcode": 0, "retry": 0, "std_out": "", "std_err": ""}
{"name": ".//00/00/clean_up_local_level_4_0.out", "timestamp": "2020-09-23T21:30:35.046404", "exitcode": 0, "app_exitcode": 0, "retry": 0, "std_out": "", "std_err": ""}
{"name": ".//00/00/register_local_1_0.out", "timestamp": "2020-09-23T21:30:44.429383", "exitcode": 0, "app_exitcode": 0, "retry": 0, "std_out": "", "std_err": ""}
{"name": ".//00/00/stage_out_local_local_2_0.out", "timestamp": "2020-09-23T21:30:44.422928", "exitcode": 0, "app_exitcode": 0, "retry": 0, "std_out": "", "std_err": ""}
{"name": ".//00/00/clean_up_local_level_5_0.out", "timestamp": "2020-09-23T21:30:49.738738", "exitcode": 0, "app_exitcode": 0, "retry": 0, "std_out": "", "std_err": ""}
{"name": ".//00/00/register_local_2_0.out", "timestamp": "2020-09-23T21:31:00.044960", "exitcode": 0, "app_exitcode": 0, "retry": 0, "std_out": "", "std_err": ""}
{"name": ".//00/00/VGG_model_py_ID0000004.out", "timestamp": "2020-09-23T21:31:14.254877", "exitcode": 0, "app_exitcode": 0, "retry": 0, "std_out": "", "std_err": ""}
{"name": ".//00/00/stage_out_local_local_3_0.out", "timestamp": "2020-09-23T21:31:34.664766", "exitcode": 0, "app_exitcode": 0, "retry": 0, "std_out": "", "std_err": ""}
{"name": ".//00/00/clean_up_local_level_6_0.out", "timestamp": "2020-09-23T21:31:45.009981", "exitcode": 0, "app_exitcode": 0, "retry": 0, "std_out": "", "std_err": ""}
{"name": ".//00/00/clean_up_local_level_7_0.out", "timestamp": "2020-09-23T21:31:49.292355", "exitcode": 0, "app_exitcode": 0, "retry": 0, "std_out": "", "std_err": ""}
{"name": ".//00/00/register_local_3_0.out", "timestamp": "2020-09-23T21:31:54.542140", "exitcode": 0, "app_exitcode": 0, "retry": 0, "std_out": "", "std_err": ""}
{"name": ".//00/00/cleanup_Cats_and_Dogs_0_local.out", "timestamp": "2020-09-23T21:32:09.825077", "exitcode": 0, "app_exitcode": 0, "retry": 0, "std_out": "", "std_err": ""}
