08/10/20 13:55:22 ******************************************************
08/10/20 13:55:22 ** condor_scheduniv_exec.53.0 (CONDOR_DAGMAN) STARTING UP
08/10/20 13:55:22 ** /usr/bin/condor_dagman
08/10/20 13:55:22 ** SubsystemInfo: name=DAGMAN type=DAGMAN(10) class=DAEMON(1)
08/10/20 13:55:22 ** Configuration: subsystem:DAGMAN local:<NONE> class:DAEMON
08/10/20 13:55:22 ** $CondorVersion: 8.8.9 May 06 2020 BuildID: 503068 PackageID: 8.8.9-1 $
08/10/20 13:55:22 ** $CondorPlatform: x86_64_CentOS7 $
08/10/20 13:55:22 ** PID = 7965
08/10/20 13:55:22 ** Log last touched time unavailable (No such file or directory)
08/10/20 13:55:22 ******************************************************
08/10/20 13:55:22 Using config source: /etc/condor/condor_config
08/10/20 13:55:22 Using local config sources: 
08/10/20 13:55:22    /etc/condor/config.d/00-minicondor
08/10/20 13:55:22    /etc/condor/condor_config.local
08/10/20 13:55:22 config Macros = 81, Sorted = 81, StringBytes = 2285, TablesBytes = 2964
08/10/20 13:55:22 CLASSAD_CACHING is ENABLED
08/10/20 13:55:22 Daemon Log is logging: D_ALWAYS D_ERROR
08/10/20 13:55:22 DaemonCore: No command port requested.
08/10/20 13:55:22 DAGMAN_USE_STRICT setting: 1
08/10/20 13:55:22 DAGMAN_VERBOSITY setting: 3
08/10/20 13:55:22 DAGMAN_DEBUG_CACHE_SIZE setting: 5242880
08/10/20 13:55:22 DAGMAN_DEBUG_CACHE_ENABLE setting: False
08/10/20 13:55:22 DAGMAN_SUBMIT_DELAY setting: 0
08/10/20 13:55:22 DAGMAN_MAX_SUBMIT_ATTEMPTS setting: 6
08/10/20 13:55:22 DAGMAN_STARTUP_CYCLE_DETECT setting: False
08/10/20 13:55:22 DAGMAN_MAX_SUBMITS_PER_INTERVAL setting: 100
08/10/20 13:55:22 DAGMAN_AGGRESSIVE_SUBMIT setting: False
08/10/20 13:55:22 DAGMAN_USER_LOG_SCAN_INTERVAL setting: 5
08/10/20 13:55:22 DAGMAN_QUEUE_UPDATE_INTERVAL setting: 300
08/10/20 13:55:22 DAGMAN_DEFAULT_PRIORITY setting: 0
08/10/20 13:55:22 DAGMAN_SUPPRESS_NOTIFICATION setting: True
08/10/20 13:55:22 allow_events (DAGMAN_ALLOW_EVENTS) setting: 114
08/10/20 13:55:22 DAGMAN_RETRY_SUBMIT_FIRST setting: True
08/10/20 13:55:22 DAGMAN_RETRY_NODE_FIRST setting: False
08/10/20 13:55:22 DAGMAN_MAX_JOBS_IDLE setting: 1000
08/10/20 13:55:22 DAGMAN_MAX_JOBS_SUBMITTED setting: 0
08/10/20 13:55:22 DAGMAN_MAX_PRE_SCRIPTS setting: 20
08/10/20 13:55:22 DAGMAN_MAX_POST_SCRIPTS setting: 20
08/10/20 13:55:22 DAGMAN_MUNGE_NODE_NAMES setting: True
08/10/20 13:55:22 DAGMAN_PROHIBIT_MULTI_JOBS setting: False
08/10/20 13:55:22 DAGMAN_SUBMIT_DEPTH_FIRST setting: False
08/10/20 13:55:22 DAGMAN_ALWAYS_RUN_POST setting: False
08/10/20 13:55:22 DAGMAN_CONDOR_SUBMIT_EXE setting: /usr/bin/condor_submit
08/10/20 13:55:22 DAGMAN_USE_CONDOR_SUBMIT setting: True
08/10/20 13:55:22 DAGMAN_ABORT_DUPLICATES setting: True
08/10/20 13:55:22 DAGMAN_ABORT_ON_SCARY_SUBMIT setting: True
08/10/20 13:55:22 DAGMAN_PENDING_REPORT_INTERVAL setting: 600
08/10/20 13:55:22 DAGMAN_AUTO_RESCUE setting: True
08/10/20 13:55:22 DAGMAN_MAX_RESCUE_NUM setting: 100
08/10/20 13:55:22 DAGMAN_WRITE_PARTIAL_RESCUE setting: True
08/10/20 13:55:22 DAGMAN_DEFAULT_NODE_LOG setting: @(DAG_DIR)/@(DAG_FILE).nodes.log
08/10/20 13:55:22 DAGMAN_GENERATE_SUBDAG_SUBMITS setting: True
08/10/20 13:55:22 DAGMAN_MAX_JOB_HOLDS setting: 100
08/10/20 13:55:22 DAGMAN_HOLD_CLAIM_TIME setting: 20
08/10/20 13:55:22 ALL_DEBUG setting: 
08/10/20 13:55:22 DAGMAN_DEBUG setting: 
08/10/20 13:55:22 DAGMAN_SUPPRESS_JOB_LOGS setting: False
08/10/20 13:55:22 DAGMAN_REMOVE_NODE_JOBS setting: True
08/10/20 13:55:22 argv[0] == "condor_scheduniv_exec.53.0"
08/10/20 13:55:22 argv[1] == "-Lockfile"
08/10/20 13:55:22 argv[2] == "harry-potter-text-analysis-0.dag.lock"
08/10/20 13:55:22 argv[3] == "-AutoRescue"
08/10/20 13:55:22 argv[4] == "1"
08/10/20 13:55:22 argv[5] == "-DoRescueFrom"
08/10/20 13:55:22 argv[6] == "0"
08/10/20 13:55:22 argv[7] == "-Dag"
08/10/20 13:55:22 argv[8] == "harry-potter-text-analysis-0.dag"
08/10/20 13:55:22 argv[9] == "-MaxPost"
08/10/20 13:55:22 argv[10] == "20"
08/10/20 13:55:22 argv[11] == "-Suppress_notification"
08/10/20 13:55:22 argv[12] == "-CsdVersion"
08/10/20 13:55:22 argv[13] == "$CondorVersion: 8.8.9 May 06 2020 BuildID: 503068 PackageID: 8.8.9-1 $"
08/10/20 13:55:22 argv[14] == "-Dagman"
08/10/20 13:55:22 argv[15] == "/bin/condor_dagman"
08/10/20 13:55:22 Workflow batch-name: <harry-potter-text-analysis-0.dag+53>
08/10/20 13:55:22 Workflow accounting_group: <>
08/10/20 13:55:22 Workflow accounting_group_user: <>
08/10/20 13:55:22 Warning: failed to get attribute DAGNodeName
08/10/20 13:55:22 DAGMAN_LOG_ON_NFS_IS_ERROR setting: False
08/10/20 13:55:22 Default node log file is: </home/scitech/shared-data/sample-text-analysis-wf/scitech/pegasus/harry-potter-text-analysis/run0004/./harry-potter-text-analysis-0.dag.nodes.log>
08/10/20 13:55:22 DAG Lockfile will be written to harry-potter-text-analysis-0.dag.lock
08/10/20 13:55:22 DAG Input file is harry-potter-text-analysis-0.dag
08/10/20 13:55:22 Parsing 1 dagfiles
08/10/20 13:55:22 Parsing harry-potter-text-analysis-0.dag ...
08/10/20 13:55:22 Warning:  could not open Pegasus braindump file braindump.txt
08/10/20 13:55:22 Dag contains 19 total jobs
08/10/20 13:55:22 Sleeping for 3 seconds to ensure ProcessId uniqueness
08/10/20 13:55:25 Bootstrapping...
08/10/20 13:55:25 Number of pre-completed nodes: 0
08/10/20 13:55:25 MultiLogFiles: truncating log file /home/scitech/shared-data/sample-text-analysis-wf/scitech/pegasus/harry-potter-text-analysis/run0004/./harry-potter-text-analysis-0.dag.nodes.log
08/10/20 13:55:25 DAG status: 0 (DAG_STATUS_OK)
08/10/20 13:55:25 Of 19 nodes total:
08/10/20 13:55:25  Done     Pre   Queued    Post   Ready   Un-Ready   Failed
08/10/20 13:55:25   ===     ===      ===     ===     ===        ===      ===
08/10/20 13:55:25     0       0        0       0       1         18        0
08/10/20 13:55:25 0 job proc(s) currently held
08/10/20 13:55:25 DAGMan Runtime Statistics: [ EventCycleTimeSum = 0.0; EventCycleTimeCount = 0.0; SleepCycleTimeCount = 0.0; SubmitCycleTimeSum = 0.0; SubmitCycleTimeCount = 0.0; LogProcessCycleTimeSum = 0.0; SleepCycleTimeSum = 0.0; LogProcessCycleTimeCount = 0.0; ]
08/10/20 13:55:25 Registering condor_event_timer...
08/10/20 13:55:26 Submitting HTCondor Node create_dir_harry-potter-text-analysis_0_local job(s)...
08/10/20 13:55:26 Adding a DAGMan workflow log /home/scitech/shared-data/sample-text-analysis-wf/scitech/pegasus/harry-potter-text-analysis/run0004/./harry-potter-text-analysis-0.dag.nodes.log
08/10/20 13:55:26 Masking the events recorded in the DAGMAN workflow log
08/10/20 13:55:26 Mask for workflow log is 0,1,2,4,5,7,9,10,11,12,13,16,17,24,27,35,36
08/10/20 13:55:26 submitting: /usr/bin/condor_submit -a dag_node_name' '=' 'create_dir_harry-potter-text-analysis_0_local -a +DAGManJobId' '=' '53 -a DAGManJobId' '=' '53 -batch-name harry-potter-text-analysis-0.dag+53 -a submit_event_notes' '=' 'DAG' 'Node:' 'create_dir_harry-potter-text-analysis_0_local -a dagman_log' '=' '/home/scitech/shared-data/sample-text-analysis-wf/scitech/pegasus/harry-potter-text-analysis/run0004/./harry-potter-text-analysis-0.dag.nodes.log -a +DAGManNodesMask' '=' '"0,1,2,4,5,7,9,10,11,12,13,16,17,24,27,35,36" -a priority=800 -a +DAGNodeRetry' '=' '0 -a DAG_STATUS' '=' '0 -a FAILED_COUNT' '=' '0 -a +KeepClaimIdle' '=' '20 -a notification' '=' 'never -a +DAGParentNodeNames' '=' '"" 00/00/create_dir_harry-potter-text-analysis_0_local.sub
08/10/20 13:55:26 From submit: Submitting job(s).
08/10/20 13:55:26 From submit: 1 job(s) submitted to cluster 54.
08/10/20 13:55:26 	assigned HTCondor ID (54.0.0)
08/10/20 13:55:26 Just submitted 1 job this cycle...
08/10/20 13:55:26 DAG status: 0 (DAG_STATUS_OK)
08/10/20 13:55:26 Of 19 nodes total:
08/10/20 13:55:26  Done     Pre   Queued    Post   Ready   Un-Ready   Failed
08/10/20 13:55:26   ===     ===      ===     ===     ===        ===      ===
08/10/20 13:55:26     0       0        1       0       0         18        0
08/10/20 13:55:26 0 job proc(s) currently held
08/10/20 13:55:26 DAGMan Runtime Statistics: [ EventCycleTimeCount = 0.0; EventCycleTimeSum = 0.0; LogProcessCycleTimeCount = 0.0; SleepCycleTimeSum = 0.0; LogProcessCycleTimeSum = 0.0; SubmitCycleTimeCount = 1.0; SubmitCycleTimeMax = 0.0442359447479248; SubmitCycleTimeMin = 0.0442359447479248; SubmitCycleTimeAvg = 0.0442359447479248; SubmitCycleTimeStd = 0.0442359447479248; SubmitCycleTimeSum = 0.0442359447479248; SleepCycleTimeCount = 0.0; ]
08/10/20 13:55:31 Currently monitoring 1 HTCondor log file(s)
08/10/20 13:55:31 Reassigning the id of job create_dir_harry-potter-text-analysis_0_local from (54.0.0) to (54.0.0)
08/10/20 13:55:31 Event: ULOG_SUBMIT for HTCondor Node create_dir_harry-potter-text-analysis_0_local (54.0.0) {08/10/20 13:55:26}
08/10/20 13:55:31 Number of idle job procs: 1
08/10/20 13:55:31 Event: ULOG_EXECUTE for HTCondor Node create_dir_harry-potter-text-analysis_0_local (54.0.0) {08/10/20 13:55:27}
08/10/20 13:55:31 Number of idle job procs: 0
08/10/20 13:55:31 Event: ULOG_JOB_TERMINATED for HTCondor Node create_dir_harry-potter-text-analysis_0_local (54.0.0) {08/10/20 13:55:29}
08/10/20 13:55:31 Number of idle job procs: 0
08/10/20 13:55:31 Node create_dir_harry-potter-text-analysis_0_local job proc (54.0.0) completed successfully.
08/10/20 13:55:31 Node create_dir_harry-potter-text-analysis_0_local job completed
08/10/20 13:55:31 Running POST script of Node create_dir_harry-potter-text-analysis_0_local...
08/10/20 13:55:31 Warning: mysin has length 0 (ignore if produced by DAGMan; see gittrac #4987, #5031)
08/10/20 13:55:31 DAG status: 0 (DAG_STATUS_OK)
08/10/20 13:55:31 Of 19 nodes total:
08/10/20 13:55:31  Done     Pre   Queued    Post   Ready   Un-Ready   Failed
08/10/20 13:55:31   ===     ===      ===     ===     ===        ===      ===
08/10/20 13:55:31     0       0        0       1       0         18        0
08/10/20 13:55:31 0 job proc(s) currently held
08/10/20 13:55:31 DAGMan Runtime Statistics: [ EventCycleTimeStd = 0.04964089393615723; EventCycleTimeMax = 0.04964089393615723; SubmitCycleTimeMin = 0.001079082489013672; SubmitCycleTimeAvg = 0.02265751361846924; SleepCycleTimeCount = 1.0; SubmitCycleTimeCount = 2.0; SubmitCycleTimeMax = 0.0442359447479248; SleepCycleTimeMin = 5.006142139434814; SubmitCycleTimeSum = 0.04531502723693848; LogProcessCycleTimeStd = 0.02395486831665039; SubmitCycleTimeStd = 0.03051650995800985; LogProcessCycleTimeAvg = 0.02395486831665039; EventCycleTimeMin = 0.04964089393615723; LogProcessCycleTimeMax = 0.02395486831665039; LogProcessCycleTimeMin = 0.02395486831665039; LogProcessCycleTimeSum = 0.02395486831665039; LogProcessCycleTimeCount = 1.0; EventCycleTimeSum = 0.04964089393615723; SleepCycleTimeSum = 5.006142139434814; SleepCycleTimeAvg = 5.006142139434814; SleepCycleTimeStd = 5.006142139434814; SleepCycleTimeMax = 5.006142139434814; EventCycleTimeCount = 1.0; EventCycleTimeAvg = 0.04964089393615723; ]
08/10/20 13:55:31 Initializing user log writer for /home/scitech/shared-data/sample-text-analysis-wf/scitech/pegasus/harry-potter-text-analysis/run0004/./harry-potter-text-analysis-0.dag.nodes.log, (54.0.0)
08/10/20 13:55:36 Currently monitoring 1 HTCondor log file(s)
08/10/20 13:55:36 Event: ULOG_POST_SCRIPT_TERMINATED for HTCondor Node create_dir_harry-potter-text-analysis_0_local (54.0.0) {08/10/20 13:55:31}
08/10/20 13:55:36 POST Script of node create_dir_harry-potter-text-analysis_0_local completed successfully.
08/10/20 13:55:36 DAG status: 0 (DAG_STATUS_OK)
08/10/20 13:55:36 Of 19 nodes total:
08/10/20 13:55:36  Done     Pre   Queued    Post   Ready   Un-Ready   Failed
08/10/20 13:55:36   ===     ===      ===     ===     ===        ===      ===
08/10/20 13:55:36     1       0        0       0       4         14        0
08/10/20 13:55:36 0 job proc(s) currently held
08/10/20 13:55:36 DAGMan Runtime Statistics: [ EventCycleTimeStd = 0.01298106075396132; EventCycleTimeMax = 0.04964089393615723; SubmitCycleTimeMin = 0.0007271766662597656; SubmitCycleTimeAvg = 0.01534740130106608; SleepCycleTimeCount = 2.0; SubmitCycleTimeCount = 3.0; SubmitCycleTimeMax = 0.0442359447479248; SleepCycleTimeMin = 5.006142139434814; SubmitCycleTimeSum = 0.04604220390319824; LogProcessCycleTimeStd = 0.01494611541893324; SubmitCycleTimeStd = 0.02501883123344904; LogProcessCycleTimeAvg = 0.01338636875152588; EventCycleTimeMin = 0.03128290176391602; LogProcessCycleTimeMax = 0.02395486831665039; LogProcessCycleTimeMin = 0.002817869186401367; LogProcessCycleTimeSum = 0.02677273750305176; LogProcessCycleTimeCount = 2.0; EventCycleTimeSum = 0.08092379570007324; SleepCycleTimeSum = 10.21003913879395; SleepCycleTimeAvg = 5.105019569396973; SleepCycleTimeStd = 0.13983380246508; SleepCycleTimeMax = 5.203896999359131; EventCycleTimeCount = 2.0; EventCycleTimeAvg = 0.04046189785003662; ]
08/10/20 13:55:41 Submitting HTCondor Node stage_in_remote_local_2_0 job(s)...
08/10/20 13:55:41 Adding a DAGMan workflow log /home/scitech/shared-data/sample-text-analysis-wf/scitech/pegasus/harry-potter-text-analysis/run0004/./harry-potter-text-analysis-0.dag.nodes.log
08/10/20 13:55:41 Masking the events recorded in the DAGMAN workflow log
08/10/20 13:55:41 Mask for workflow log is 0,1,2,4,5,7,9,10,11,12,13,16,17,24,27,35,36
08/10/20 13:55:41 submitting: /usr/bin/condor_submit -a dag_node_name' '=' 'stage_in_remote_local_2_0 -a +DAGManJobId' '=' '53 -a DAGManJobId' '=' '53 -batch-name harry-potter-text-analysis-0.dag+53 -a submit_event_notes' '=' 'DAG' 'Node:' 'stage_in_remote_local_2_0 -a dagman_log' '=' '/home/scitech/shared-data/sample-text-analysis-wf/scitech/pegasus/harry-potter-text-analysis/run0004/./harry-potter-text-analysis-0.dag.nodes.log -a +DAGManNodesMask' '=' '"0,1,2,4,5,7,9,10,11,12,13,16,17,24,27,35,36" -a priority=700 -a +DAGNodeRetry' '=' '0 -a DAG_STATUS' '=' '0 -a FAILED_COUNT' '=' '0 -a +KeepClaimIdle' '=' '20 -a notification' '=' 'never -a +DAGParentNodeNames' '=' '"create_dir_harry-potter-text-analysis_0_local" 00/00/stage_in_remote_local_2_0.sub
08/10/20 13:55:41 From submit: Submitting job(s).
08/10/20 13:55:41 From submit: 1 job(s) submitted to cluster 55.
08/10/20 13:55:41 	assigned HTCondor ID (55.0.0)
08/10/20 13:55:41 Submitting HTCondor Node stage_in_remote_local_1_0 job(s)...
08/10/20 13:55:41 Adding a DAGMan workflow log /home/scitech/shared-data/sample-text-analysis-wf/scitech/pegasus/harry-potter-text-analysis/run0004/./harry-potter-text-analysis-0.dag.nodes.log
08/10/20 13:55:41 Masking the events recorded in the DAGMAN workflow log
08/10/20 13:55:41 Mask for workflow log is 0,1,2,4,5,7,9,10,11,12,13,16,17,24,27,35,36
08/10/20 13:55:41 submitting: /usr/bin/condor_submit -a dag_node_name' '=' 'stage_in_remote_local_1_0 -a +DAGManJobId' '=' '53 -a DAGManJobId' '=' '53 -batch-name harry-potter-text-analysis-0.dag+53 -a submit_event_notes' '=' 'DAG' 'Node:' 'stage_in_remote_local_1_0 -a dagman_log' '=' '/home/scitech/shared-data/sample-text-analysis-wf/scitech/pegasus/harry-potter-text-analysis/run0004/./harry-potter-text-analysis-0.dag.nodes.log -a +DAGManNodesMask' '=' '"0,1,2,4,5,7,9,10,11,12,13,16,17,24,27,35,36" -a priority=700 -a +DAGNodeRetry' '=' '0 -a DAG_STATUS' '=' '0 -a FAILED_COUNT' '=' '0 -a +KeepClaimIdle' '=' '20 -a notification' '=' 'never -a +DAGParentNodeNames' '=' '"create_dir_harry-potter-text-analysis_0_local" 00/00/stage_in_remote_local_1_0.sub
08/10/20 13:55:41 From submit: Submitting job(s).
08/10/20 13:55:41 From submit: 1 job(s) submitted to cluster 56.
08/10/20 13:55:41 	assigned HTCondor ID (56.0.0)
08/10/20 13:55:41 Submitting HTCondor Node stage_in_remote_local_0_0 job(s)...
08/10/20 13:55:41 Adding a DAGMan workflow log /home/scitech/shared-data/sample-text-analysis-wf/scitech/pegasus/harry-potter-text-analysis/run0004/./harry-potter-text-analysis-0.dag.nodes.log
08/10/20 13:55:41 Masking the events recorded in the DAGMAN workflow log
08/10/20 13:55:41 Mask for workflow log is 0,1,2,4,5,7,9,10,11,12,13,16,17,24,27,35,36
08/10/20 13:55:41 submitting: /usr/bin/condor_submit -a dag_node_name' '=' 'stage_in_remote_local_0_0 -a +DAGManJobId' '=' '53 -a DAGManJobId' '=' '53 -batch-name harry-potter-text-analysis-0.dag+53 -a submit_event_notes' '=' 'DAG' 'Node:' 'stage_in_remote_local_0_0 -a dagman_log' '=' '/home/scitech/shared-data/sample-text-analysis-wf/scitech/pegasus/harry-potter-text-analysis/run0004/./harry-potter-text-analysis-0.dag.nodes.log -a +DAGManNodesMask' '=' '"0,1,2,4,5,7,9,10,11,12,13,16,17,24,27,35,36" -a priority=700 -a +DAGNodeRetry' '=' '0 -a DAG_STATUS' '=' '0 -a FAILED_COUNT' '=' '0 -a +KeepClaimIdle' '=' '20 -a notification' '=' 'never -a +DAGParentNodeNames' '=' '"create_dir_harry-potter-text-analysis_0_local" 00/00/stage_in_remote_local_0_0.sub
08/10/20 13:55:41 From submit: Submitting job(s).
08/10/20 13:55:41 From submit: 1 job(s) submitted to cluster 57.
08/10/20 13:55:41 	assigned HTCondor ID (57.0.0)
08/10/20 13:55:41 Submitting HTCondor Node stage_in_local_local_0_0 job(s)...
08/10/20 13:55:41 Adding a DAGMan workflow log /home/scitech/shared-data/sample-text-analysis-wf/scitech/pegasus/harry-potter-text-analysis/run0004/./harry-potter-text-analysis-0.dag.nodes.log
08/10/20 13:55:41 Masking the events recorded in the DAGMAN workflow log
08/10/20 13:55:41 Mask for workflow log is 0,1,2,4,5,7,9,10,11,12,13,16,17,24,27,35,36
08/10/20 13:55:41 submitting: /usr/bin/condor_submit -a dag_node_name' '=' 'stage_in_local_local_0_0 -a +DAGManJobId' '=' '53 -a DAGManJobId' '=' '53 -batch-name harry-potter-text-analysis-0.dag+53 -a submit_event_notes' '=' 'DAG' 'Node:' 'stage_in_local_local_0_0 -a dagman_log' '=' '/home/scitech/shared-data/sample-text-analysis-wf/scitech/pegasus/harry-potter-text-analysis/run0004/./harry-potter-text-analysis-0.dag.nodes.log -a +DAGManNodesMask' '=' '"0,1,2,4,5,7,9,10,11,12,13,16,17,24,27,35,36" -a priority=700 -a +DAGNodeRetry' '=' '0 -a DAG_STATUS' '=' '0 -a FAILED_COUNT' '=' '0 -a +KeepClaimIdle' '=' '20 -a notification' '=' 'never -a +DAGParentNodeNames' '=' '"create_dir_harry-potter-text-analysis_0_local" 00/00/stage_in_local_local_0_0.sub
08/10/20 13:55:41 From submit: Submitting job(s).
08/10/20 13:55:41 From submit: 1 job(s) submitted to cluster 58.
08/10/20 13:55:41 	assigned HTCondor ID (58.0.0)
08/10/20 13:55:41 Just submitted 4 jobs this cycle...
08/10/20 13:55:41 DAG status: 0 (DAG_STATUS_OK)
08/10/20 13:55:41 Of 19 nodes total:
08/10/20 13:55:41  Done     Pre   Queued    Post   Ready   Un-Ready   Failed
08/10/20 13:55:41   ===     ===      ===     ===     ===        ===      ===
08/10/20 13:55:41     1       0        4       0       0         14        0
08/10/20 13:55:41 0 job proc(s) currently held
08/10/20 13:55:41 DAGMan Runtime Statistics: [ EventCycleTimeStd = 0.02086947790188022; EventCycleTimeMax = 0.04964089393615723; SubmitCycleTimeMin = 0.0007271766662597656; SubmitCycleTimeAvg = 0.0396735668182373; SleepCycleTimeCount = 3.0; SubmitCycleTimeCount = 4.0; SubmitCycleTimeMax = 0.112652063369751; SleepCycleTimeMin = 5.006142139434814; SubmitCycleTimeSum = 0.1586942672729492; LogProcessCycleTimeStd = 0.01494611541893324; SubmitCycleTimeStd = 0.0527668828521619; LogProcessCycleTimeAvg = 0.01338636875152588; EventCycleTimeMin = 0.007998943328857422; LogProcessCycleTimeMax = 0.02395486831665039; LogProcessCycleTimeMin = 0.002817869186401367; LogProcessCycleTimeSum = 0.02677273750305176; LogProcessCycleTimeCount = 2.0; EventCycleTimeSum = 0.08892273902893066; SleepCycleTimeSum = 15.22150635719299; SleepCycleTimeAvg = 5.073835452397664; SleepCycleTimeStd = 0.112668068302441; SleepCycleTimeMax = 5.203896999359131; EventCycleTimeCount = 3.0; EventCycleTimeAvg = 0.02964091300964355; ]
08/10/20 13:55:46 Currently monitoring 1 HTCondor log file(s)
08/10/20 13:55:46 Reassigning the id of job stage_in_remote_local_2_0 from (55.0.0) to (55.0.0)
08/10/20 13:55:46 Event: ULOG_SUBMIT for HTCondor Node stage_in_remote_local_2_0 (55.0.0) {08/10/20 13:55:41}
08/10/20 13:55:46 Number of idle job procs: 1
08/10/20 13:55:46 Reassigning the id of job stage_in_remote_local_1_0 from (56.0.0) to (56.0.0)
08/10/20 13:55:46 Event: ULOG_SUBMIT for HTCondor Node stage_in_remote_local_1_0 (56.0.0) {08/10/20 13:55:41}
08/10/20 13:55:46 Number of idle job procs: 2
08/10/20 13:55:46 Reassigning the id of job stage_in_remote_local_0_0 from (57.0.0) to (57.0.0)
08/10/20 13:55:46 Event: ULOG_SUBMIT for HTCondor Node stage_in_remote_local_0_0 (57.0.0) {08/10/20 13:55:41}
08/10/20 13:55:46 Number of idle job procs: 3
08/10/20 13:55:46 Reassigning the id of job stage_in_local_local_0_0 from (58.0.0) to (58.0.0)
08/10/20 13:55:46 Event: ULOG_SUBMIT for HTCondor Node stage_in_local_local_0_0 (58.0.0) {08/10/20 13:55:41}
08/10/20 13:55:46 Number of idle job procs: 4
08/10/20 13:55:46 Event: ULOG_EXECUTE for HTCondor Node stage_in_remote_local_0_0 (57.0.0) {08/10/20 13:55:44}
08/10/20 13:55:46 Number of idle job procs: 3
08/10/20 13:55:46 Event: ULOG_EXECUTE for HTCondor Node stage_in_remote_local_2_0 (55.0.0) {08/10/20 13:55:44}
08/10/20 13:55:46 Number of idle job procs: 2
08/10/20 13:55:46 Event: ULOG_EXECUTE for HTCondor Node stage_in_remote_local_1_0 (56.0.0) {08/10/20 13:55:44}
08/10/20 13:55:46 Number of idle job procs: 1
08/10/20 13:55:46 Event: ULOG_EXECUTE for HTCondor Node stage_in_local_local_0_0 (58.0.0) {08/10/20 13:55:44}
08/10/20 13:55:46 Number of idle job procs: 0
08/10/20 13:55:46 Event: ULOG_JOB_TERMINATED for HTCondor Node stage_in_remote_local_0_0 (57.0.0) {08/10/20 13:55:46}
08/10/20 13:55:46 Number of idle job procs: 0
08/10/20 13:55:46 Node stage_in_remote_local_0_0 job proc (57.0.0) completed successfully.
08/10/20 13:55:46 Node stage_in_remote_local_0_0 job completed
08/10/20 13:55:46 Running POST script of Node stage_in_remote_local_0_0...
08/10/20 13:55:46 Warning: mysin has length 0 (ignore if produced by DAGMan; see gittrac #4987, #5031)
08/10/20 13:55:46 Event: ULOG_JOB_TERMINATED for HTCondor Node stage_in_remote_local_2_0 (55.0.0) {08/10/20 13:55:46}
08/10/20 13:55:46 Number of idle job procs: 0
08/10/20 13:55:46 Node stage_in_remote_local_2_0 job proc (55.0.0) completed successfully.
08/10/20 13:55:46 Node stage_in_remote_local_2_0 job completed
08/10/20 13:55:46 Running POST script of Node stage_in_remote_local_2_0...
08/10/20 13:55:46 Warning: mysin has length 0 (ignore if produced by DAGMan; see gittrac #4987, #5031)
08/10/20 13:55:47 Event: ULOG_JOB_TERMINATED for HTCondor Node stage_in_remote_local_1_0 (56.0.0) {08/10/20 13:55:46}
08/10/20 13:55:47 Number of idle job procs: 0
08/10/20 13:55:47 Node stage_in_remote_local_1_0 job proc (56.0.0) completed successfully.
08/10/20 13:55:47 Node stage_in_remote_local_1_0 job completed
08/10/20 13:55:47 Running POST script of Node stage_in_remote_local_1_0...
08/10/20 13:55:47 Warning: mysin has length 0 (ignore if produced by DAGMan; see gittrac #4987, #5031)
08/10/20 13:55:47 Event: ULOG_JOB_TERMINATED for HTCondor Node stage_in_local_local_0_0 (58.0.0) {08/10/20 13:55:46}
08/10/20 13:55:47 Number of idle job procs: 0
08/10/20 13:55:47 Node stage_in_local_local_0_0 job proc (58.0.0) completed successfully.
08/10/20 13:55:47 Node stage_in_local_local_0_0 job completed
08/10/20 13:55:47 Running POST script of Node stage_in_local_local_0_0...
08/10/20 13:55:47 Warning: mysin has length 0 (ignore if produced by DAGMan; see gittrac #4987, #5031)
08/10/20 13:55:47 DAG status: 0 (DAG_STATUS_OK)
08/10/20 13:55:47 Of 19 nodes total:
08/10/20 13:55:47  Done     Pre   Queued    Post   Ready   Un-Ready   Failed
08/10/20 13:55:47   ===     ===      ===     ===     ===        ===      ===
08/10/20 13:55:47     1       0        0       4       0         14        0
08/10/20 13:55:47 0 job proc(s) currently held
08/10/20 13:55:47 DAGMan Runtime Statistics: [ EventCycleTimeStd = 0.04689397497932252; EventCycleTimeMax = 0.1170179843902588; SubmitCycleTimeMin = 0.0007271766662597656; SubmitCycleTimeAvg = 0.03192887306213379; SleepCycleTimeCount = 4.0; SubmitCycleTimeCount = 5.0; SubmitCycleTimeMax = 0.112652063369751; SleepCycleTimeMin = 5.006142139434814; SubmitCycleTimeSum = 0.1596443653106689; LogProcessCycleTimeStd = 0.02429311602488045; SubmitCycleTimeStd = 0.04886879731822216; LogProcessCycleTimeAvg = 0.02601520220438639; EventCycleTimeMin = 0.007998943328857422; LogProcessCycleTimeMax = 0.05127286911010742; LogProcessCycleTimeMin = 0.002817869186401367; LogProcessCycleTimeSum = 0.07804560661315918; LogProcessCycleTimeCount = 3.0; EventCycleTimeSum = 0.2059407234191895; SleepCycleTimeSum = 20.23681235313416; SleepCycleTimeAvg = 5.059203088283539; SleepCycleTimeStd = 0.09653576225907592; SleepCycleTimeMax = 5.203896999359131; EventCycleTimeCount = 4.0; EventCycleTimeAvg = 0.05148518085479736; ]
08/10/20 13:55:47 Initializing user log writer for /home/scitech/shared-data/sample-text-analysis-wf/scitech/pegasus/harry-potter-text-analysis/run0004/./harry-potter-text-analysis-0.dag.nodes.log, (55.0.0)
08/10/20 13:55:47 Initializing user log writer for /home/scitech/shared-data/sample-text-analysis-wf/scitech/pegasus/harry-potter-text-analysis/run0004/./harry-potter-text-analysis-0.dag.nodes.log, (57.0.0)
08/10/20 13:55:47 Initializing user log writer for /home/scitech/shared-data/sample-text-analysis-wf/scitech/pegasus/harry-potter-text-analysis/run0004/./harry-potter-text-analysis-0.dag.nodes.log, (58.0.0)
08/10/20 13:55:47 Initializing user log writer for /home/scitech/shared-data/sample-text-analysis-wf/scitech/pegasus/harry-potter-text-analysis/run0004/./harry-potter-text-analysis-0.dag.nodes.log, (56.0.0)
08/10/20 13:55:52 Currently monitoring 1 HTCondor log file(s)
08/10/20 13:55:52 Event: ULOG_POST_SCRIPT_TERMINATED for HTCondor Node stage_in_remote_local_2_0 (55.0.0) {08/10/20 13:55:47}
08/10/20 13:55:52 POST Script of node stage_in_remote_local_2_0 completed successfully.
08/10/20 13:55:52 Event: ULOG_POST_SCRIPT_TERMINATED for HTCondor Node stage_in_remote_local_0_0 (57.0.0) {08/10/20 13:55:47}
08/10/20 13:55:52 POST Script of node stage_in_remote_local_0_0 completed successfully.
08/10/20 13:55:52 Event: ULOG_POST_SCRIPT_TERMINATED for HTCondor Node stage_in_local_local_0_0 (58.0.0) {08/10/20 13:55:47}
08/10/20 13:55:52 POST Script of node stage_in_local_local_0_0 completed successfully.
08/10/20 13:55:52 Event: ULOG_POST_SCRIPT_TERMINATED for HTCondor Node stage_in_remote_local_1_0 (56.0.0) {08/10/20 13:55:47}
08/10/20 13:55:52 POST Script of node stage_in_remote_local_1_0 completed successfully.
08/10/20 13:55:52 DAG status: 0 (DAG_STATUS_OK)
08/10/20 13:55:52 Of 19 nodes total:
08/10/20 13:55:52  Done     Pre   Queued    Post   Ready   Un-Ready   Failed
08/10/20 13:55:52   ===     ===      ===     ===     ===        ===      ===
08/10/20 13:55:52     5       0        0       0       1         13        0
08/10/20 13:55:52 0 job proc(s) currently held
08/10/20 13:55:52 DAGMan Runtime Statistics: [ EventCycleTimeStd = 0.04069098334280766; EventCycleTimeMax = 0.1170179843902588; SubmitCycleTimeMin = 0.0003559589385986328; SubmitCycleTimeAvg = 0.02666672070821126; SleepCycleTimeCount = 5.0; SubmitCycleTimeCount = 6.0; SubmitCycleTimeMax = 0.112652063369751; SleepCycleTimeMin = 5.006142139434814; SubmitCycleTimeSum = 0.1600003242492676; LogProcessCycleTimeStd = 0.02182066538791789; SubmitCycleTimeStd = 0.04557048348919437; LogProcessCycleTimeAvg = 0.02146810293197632; EventCycleTimeMin = 0.007998943328857422; LogProcessCycleTimeMax = 0.05127286911010742; LogProcessCycleTimeMin = 0.002817869186401367; LogProcessCycleTimeSum = 0.08587241172790527; LogProcessCycleTimeCount = 4.0; EventCycleTimeSum = 0.2631146907806396; SleepCycleTimeSum = 25.469975233078; SleepCycleTimeAvg = 5.093995046615601; SleepCycleTimeStd = 0.1142005554675675; SleepCycleTimeMax = 5.233162879943848; EventCycleTimeCount = 5.0; EventCycleTimeAvg = 0.05262293815612793; ]
08/10/20 13:55:57 Submitting HTCondor Node word_count_ID0000001 job(s)...
08/10/20 13:55:57 Adding a DAGMan workflow log /home/scitech/shared-data/sample-text-analysis-wf/scitech/pegasus/harry-potter-text-analysis/run0004/./harry-potter-text-analysis-0.dag.nodes.log
08/10/20 13:55:57 Masking the events recorded in the DAGMAN workflow log
08/10/20 13:55:57 Mask for workflow log is 0,1,2,4,5,7,9,10,11,12,13,16,17,24,27,35,36
08/10/20 13:55:57 submitting: /usr/bin/condor_submit -a dag_node_name' '=' 'word_count_ID0000001 -a +DAGManJobId' '=' '53 -a DAGManJobId' '=' '53 -batch-name harry-potter-text-analysis-0.dag+53 -a submit_event_notes' '=' 'DAG' 'Node:' 'word_count_ID0000001 -a dagman_log' '=' '/home/scitech/shared-data/sample-text-analysis-wf/scitech/pegasus/harry-potter-text-analysis/run0004/./harry-potter-text-analysis-0.dag.nodes.log -a +DAGManNodesMask' '=' '"0,1,2,4,5,7,9,10,11,12,13,16,17,24,27,35,36" -a priority=20 -a +DAGNodeRetry' '=' '0 -a DAG_STATUS' '=' '0 -a FAILED_COUNT' '=' '0 -a +KeepClaimIdle' '=' '20 -a notification' '=' 'never -a +DAGParentNodeNames' '=' '"stage_in_remote_local_0_0,stage_in_local_local_0_0" 00/00/word_count_ID0000001.sub
08/10/20 13:55:57 From submit: Submitting job(s).
08/10/20 13:55:57 From submit: 1 job(s) submitted to cluster 59.
08/10/20 13:55:57 	assigned HTCondor ID (59.0.0)
08/10/20 13:55:57 Just submitted 1 job this cycle...
08/10/20 13:55:57 DAG status: 0 (DAG_STATUS_OK)
08/10/20 13:55:57 Of 19 nodes total:
08/10/20 13:55:57  Done     Pre   Queued    Post   Ready   Un-Ready   Failed
08/10/20 13:55:57   ===     ===      ===     ===     ===        ===      ===
08/10/20 13:55:57     5       0        1       0       0         13        0
08/10/20 13:55:57 0 job proc(s) currently held
08/10/20 13:55:57 DAGMan Runtime Statistics: [ EventCycleTimeStd = 0.03989809780233172; EventCycleTimeMax = 0.1170179843902588; SubmitCycleTimeMin = 0.0003559589385986328; SubmitCycleTimeAvg = 0.02959534100123814; SleepCycleTimeCount = 6.0; SubmitCycleTimeCount = 7.0; SubmitCycleTimeMax = 0.112652063369751; SleepCycleTimeMin = 5.006142139434814; SubmitCycleTimeSum = 0.207167387008667; LogProcessCycleTimeStd = 0.02182066538791789; SubmitCycleTimeStd = 0.0423154249528965; LogProcessCycleTimeAvg = 0.02146810293197632; EventCycleTimeMin = 0.007998943328857422; LogProcessCycleTimeMax = 0.05127286911010742; LogProcessCycleTimeMin = 0.002817869186401367; LogProcessCycleTimeSum = 0.08587241172790527; LogProcessCycleTimeCount = 4.0; EventCycleTimeSum = 0.2756936550140381; SleepCycleTimeSum = 30.48205828666687; SleepCycleTimeAvg = 5.080343047777812; SleepCycleTimeStd = 0.1074787231450129; SleepCycleTimeMax = 5.233162879943848; EventCycleTimeCount = 6.0; EventCycleTimeAvg = 0.04594894250233968; ]
08/10/20 13:56:02 Currently monitoring 1 HTCondor log file(s)
08/10/20 13:56:02 Reassigning the id of job word_count_ID0000001 from (59.0.0) to (59.0.0)
08/10/20 13:56:02 Event: ULOG_SUBMIT for HTCondor Node word_count_ID0000001 (59.0.0) {08/10/20 13:55:57}
08/10/20 13:56:02 Number of idle job procs: 1
08/10/20 13:56:07 Currently monitoring 1 HTCondor log file(s)
08/10/20 13:56:07 Event: ULOG_EXECUTE for HTCondor Node word_count_ID0000001 (59.0.0) {08/10/20 13:56:02}
08/10/20 13:56:07 Number of idle job procs: 0
08/10/20 13:56:07 Event: ULOG_JOB_TERMINATED for HTCondor Node word_count_ID0000001 (59.0.0) {08/10/20 13:56:03}
08/10/20 13:56:07 Number of idle job procs: 0
08/10/20 13:56:07 Node word_count_ID0000001 job proc (59.0.0) completed successfully.
08/10/20 13:56:07 Node word_count_ID0000001 job completed
08/10/20 13:56:07 Running POST script of Node word_count_ID0000001...
08/10/20 13:56:07 Warning: mysin has length 0 (ignore if produced by DAGMan; see gittrac #4987, #5031)
08/10/20 13:56:07 DAG status: 0 (DAG_STATUS_OK)
08/10/20 13:56:07 Of 19 nodes total:
08/10/20 13:56:07  Done     Pre   Queued    Post   Ready   Un-Ready   Failed
08/10/20 13:56:07   ===     ===      ===     ===     ===        ===      ===
08/10/20 13:56:07     5       0        0       1       0         13        0
08/10/20 13:56:07 0 job proc(s) currently held
08/10/20 13:56:07 DAGMan Runtime Statistics: [ EventCycleTimeStd = 0.03711160588422249; EventCycleTimeMax = 0.1170179843902588; SubmitCycleTimeMin = 0.0003559589385986328; SubmitCycleTimeAvg = 0.02311428387959798; SleepCycleTimeCount = 8.0; SubmitCycleTimeCount = 9.0; SubmitCycleTimeMax = 0.112652063369751; SleepCycleTimeMin = 5.005197048187256; SubmitCycleTimeSum = 0.2080285549163818; LogProcessCycleTimeStd = 0.01866851177967926; SubmitCycleTimeStd = 0.0388373336746612; LogProcessCycleTimeAvg = 0.0166860818862915; EventCycleTimeMin = 0.003425836563110352; LogProcessCycleTimeMax = 0.05127286911010742; LogProcessCycleTimeMin = 0.002665042877197266; LogProcessCycleTimeSum = 0.100116491317749; LogProcessCycleTimeCount = 6.0; EventCycleTimeSum = 0.3312625885009766; SleepCycleTimeSum = 40.4951503276825; SleepCycleTimeAvg = 5.061893790960312; SleepCycleTimeStd = 0.09705007613739154; SleepCycleTimeMax = 5.233162879943848; EventCycleTimeCount = 8.0; EventCycleTimeAvg = 0.04140782356262207; ]
08/10/20 13:56:07 Initializing user log writer for /home/scitech/shared-data/sample-text-analysis-wf/scitech/pegasus/harry-potter-text-analysis/run0004/./harry-potter-text-analysis-0.dag.nodes.log, (59.0.0)
08/10/20 13:56:12 Currently monitoring 1 HTCondor log file(s)
08/10/20 13:56:12 Event: ULOG_POST_SCRIPT_TERMINATED for HTCondor Node word_count_ID0000001 (59.0.0) {08/10/20 13:56:07}
08/10/20 13:56:12 POST Script of node word_count_ID0000001 completed successfully.
08/10/20 13:56:12 DAG status: 0 (DAG_STATUS_OK)
08/10/20 13:56:12 Of 19 nodes total:
08/10/20 13:56:12  Done     Pre   Queued    Post   Ready   Un-Ready   Failed
08/10/20 13:56:12   ===     ===      ===     ===     ===        ===      ===
08/10/20 13:56:12     6       0        0       0       3         10        0
08/10/20 13:56:12 0 job proc(s) currently held
08/10/20 13:56:12 DAGMan Runtime Statistics: [ EventCycleTimeStd = 0.03565941015090177; EventCycleTimeMax = 0.1170179843902588; SubmitCycleTimeMin = 0.0003559589385986328; SubmitCycleTimeAvg = 0.02086453437805176; SleepCycleTimeCount = 9.0; SubmitCycleTimeCount = 10.0; SubmitCycleTimeMax = 0.112652063369751; SleepCycleTimeMin = 5.005197048187256; SubmitCycleTimeSum = 0.2086453437805176; LogProcessCycleTimeStd = 0.01760113436949129; SubmitCycleTimeStd = 0.03730092559088321; LogProcessCycleTimeAvg = 0.01502251625061035; EventCycleTimeMin = 0.003425836563110352; LogProcessCycleTimeMax = 0.05127286911010742; LogProcessCycleTimeMin = 0.002665042877197266; LogProcessCycleTimeSum = 0.1051576137542725; LogProcessCycleTimeCount = 7.0; EventCycleTimeSum = 0.3482096195220947; SleepCycleTimeSum = 45.70675730705261; SleepCycleTimeAvg = 5.078528589672512; SleepCycleTimeStd = 0.1035945286791269; SleepCycleTimeMax = 5.233162879943848; EventCycleTimeCount = 9.0; EventCycleTimeAvg = 0.03868995772467719; ]
08/10/20 13:56:17 Submitting HTCondor Node clean_up_local_level_3_0 job(s)...
08/10/20 13:56:17 Adding a DAGMan workflow log /home/scitech/shared-data/sample-text-analysis-wf/scitech/pegasus/harry-potter-text-analysis/run0004/./harry-potter-text-analysis-0.dag.nodes.log
08/10/20 13:56:17 Masking the events recorded in the DAGMAN workflow log
08/10/20 13:56:17 Mask for workflow log is 0,1,2,4,5,7,9,10,11,12,13,16,17,24,27,35,36
08/10/20 13:56:17 submitting: /usr/bin/condor_submit -a dag_node_name' '=' 'clean_up_local_level_3_0 -a +DAGManJobId' '=' '53 -a DAGManJobId' '=' '53 -batch-name harry-potter-text-analysis-0.dag+53 -a submit_event_notes' '=' 'DAG' 'Node:' 'clean_up_local_level_3_0 -a dagman_log' '=' '/home/scitech/shared-data/sample-text-analysis-wf/scitech/pegasus/harry-potter-text-analysis/run0004/./harry-potter-text-analysis-0.dag.nodes.log -a +DAGManNodesMask' '=' '"0,1,2,4,5,7,9,10,11,12,13,16,17,24,27,35,36" -a priority=1000 -a +DAGNodeRetry' '=' '0 -a DAG_STATUS' '=' '0 -a FAILED_COUNT' '=' '0 -a +KeepClaimIdle' '=' '20 -a notification' '=' 'never -a +DAGParentNodeNames' '=' '"word_count_ID0000001" 00/00/clean_up_local_level_3_0.sub
08/10/20 13:56:17 From submit: Submitting job(s).
08/10/20 13:56:17 From submit: 1 job(s) submitted to cluster 60.
08/10/20 13:56:17 	assigned HTCondor ID (60.0.0)
08/10/20 13:56:17 Submitting HTCondor Node stage_out_local_local_0_0 job(s)...
08/10/20 13:56:17 Adding a DAGMan workflow log /home/scitech/shared-data/sample-text-analysis-wf/scitech/pegasus/harry-potter-text-analysis/run0004/./harry-potter-text-analysis-0.dag.nodes.log
08/10/20 13:56:17 Masking the events recorded in the DAGMAN workflow log
08/10/20 13:56:17 Mask for workflow log is 0,1,2,4,5,7,9,10,11,12,13,16,17,24,27,35,36
08/10/20 13:56:17 submitting: /usr/bin/condor_submit -a dag_node_name' '=' 'stage_out_local_local_0_0 -a +DAGManJobId' '=' '53 -a DAGManJobId' '=' '53 -batch-name harry-potter-text-analysis-0.dag+53 -a submit_event_notes' '=' 'DAG' 'Node:' 'stage_out_local_local_0_0 -a dagman_log' '=' '/home/scitech/shared-data/sample-text-analysis-wf/scitech/pegasus/harry-potter-text-analysis/run0004/./harry-potter-text-analysis-0.dag.nodes.log -a +DAGManNodesMask' '=' '"0,1,2,4,5,7,9,10,11,12,13,16,17,24,27,35,36" -a priority=900 -a +DAGNodeRetry' '=' '0 -a DAG_STATUS' '=' '0 -a FAILED_COUNT' '=' '0 -a +KeepClaimIdle' '=' '20 -a notification' '=' 'never -a +DAGParentNodeNames' '=' '"word_count_ID0000001" 00/00/stage_out_local_local_0_0.sub
08/10/20 13:56:17 From submit: Submitting job(s).
08/10/20 13:56:17 From submit: 1 job(s) submitted to cluster 61.
08/10/20 13:56:17 	assigned HTCondor ID (61.0.0)
08/10/20 13:56:17 Submitting HTCondor Node sort_ID0000002 job(s)...
08/10/20 13:56:17 Adding a DAGMan workflow log /home/scitech/shared-data/sample-text-analysis-wf/scitech/pegasus/harry-potter-text-analysis/run0004/./harry-potter-text-analysis-0.dag.nodes.log
08/10/20 13:56:17 Masking the events recorded in the DAGMAN workflow log
08/10/20 13:56:17 Mask for workflow log is 0,1,2,4,5,7,9,10,11,12,13,16,17,24,27,35,36
08/10/20 13:56:17 submitting: /usr/bin/condor_submit -a dag_node_name' '=' 'sort_ID0000002 -a +DAGManJobId' '=' '53 -a DAGManJobId' '=' '53 -batch-name harry-potter-text-analysis-0.dag+53 -a submit_event_notes' '=' 'DAG' 'Node:' 'sort_ID0000002 -a dagman_log' '=' '/home/scitech/shared-data/sample-text-analysis-wf/scitech/pegasus/harry-potter-text-analysis/run0004/./harry-potter-text-analysis-0.dag.nodes.log -a +DAGManNodesMask' '=' '"0,1,2,4,5,7,9,10,11,12,13,16,17,24,27,35,36" -a priority=30 -a +DAGNodeRetry' '=' '0 -a DAG_STATUS' '=' '0 -a FAILED_COUNT' '=' '0 -a +KeepClaimIdle' '=' '20 -a notification' '=' 'never -a +DAGParentNodeNames' '=' '"stage_in_remote_local_1_0,word_count_ID0000001" 00/00/sort_ID0000002.sub
08/10/20 13:56:17 From submit: Submitting job(s).
08/10/20 13:56:17 From submit: 1 job(s) submitted to cluster 62.
08/10/20 13:56:17 	assigned HTCondor ID (62.0.0)
08/10/20 13:56:17 Just submitted 3 jobs this cycle...
08/10/20 13:56:17 DAG status: 0 (DAG_STATUS_OK)
08/10/20 13:56:17 Of 19 nodes total:
08/10/20 13:56:17  Done     Pre   Queued    Post   Ready   Un-Ready   Failed
08/10/20 13:56:17   ===     ===      ===     ===     ===        ===      ===
08/10/20 13:56:17     6       0        3       0       0         10        0
08/10/20 13:56:17 0 job proc(s) currently held
08/10/20 13:56:17 DAGMan Runtime Statistics: [ EventCycleTimeStd = 0.03481523338534841; EventCycleTimeMax = 0.1170179843902588; SubmitCycleTimeMin = 0.0003559589385986328; SubmitCycleTimeAvg = 0.0268715728412975; SleepCycleTimeCount = 10.0; SubmitCycleTimeCount = 11.0; SubmitCycleTimeMax = 0.112652063369751; SleepCycleTimeMin = 5.005197048187256; SubmitCycleTimeSum = 0.2955873012542725; LogProcessCycleTimeStd = 0.01760113436949129; SubmitCycleTimeStd = 0.04060976196717972; LogProcessCycleTimeAvg = 0.01502251625061035; EventCycleTimeMin = 0.003425836563110352; LogProcessCycleTimeMax = 0.05127286911010742; LogProcessCycleTimeMin = 0.002665042877197266; LogProcessCycleTimeSum = 0.1051576137542725; LogProcessCycleTimeCount = 7.0; EventCycleTimeSum = 0.358299732208252; SleepCycleTimeSum = 50.71482014656067; SleepCycleTimeAvg = 5.071482014656067; SleepCycleTimeStd = 0.1001795558704404; SleepCycleTimeMax = 5.233162879943848; EventCycleTimeCount = 10.0; EventCycleTimeAvg = 0.03582997322082519; ]
08/10/20 13:56:22 Currently monitoring 1 HTCondor log file(s)
08/10/20 13:56:22 Reassigning the id of job clean_up_local_level_3_0 from (60.0.0) to (60.0.0)
08/10/20 13:56:22 Event: ULOG_SUBMIT for HTCondor Node clean_up_local_level_3_0 (60.0.0) {08/10/20 13:56:17}
08/10/20 13:56:22 Number of idle job procs: 1
08/10/20 13:56:22 Reassigning the id of job stage_out_local_local_0_0 from (61.0.0) to (61.0.0)
08/10/20 13:56:22 Event: ULOG_SUBMIT for HTCondor Node stage_out_local_local_0_0 (61.0.0) {08/10/20 13:56:17}
08/10/20 13:56:22 Number of idle job procs: 2
08/10/20 13:56:22 Reassigning the id of job sort_ID0000002 from (62.0.0) to (62.0.0)
08/10/20 13:56:22 Event: ULOG_SUBMIT for HTCondor Node sort_ID0000002 (62.0.0) {08/10/20 13:56:17}
08/10/20 13:56:22 Number of idle job procs: 3
08/10/20 13:56:22 Event: ULOG_EXECUTE for HTCondor Node sort_ID0000002 (62.0.0) {08/10/20 13:56:18}
08/10/20 13:56:22 Number of idle job procs: 2
08/10/20 13:56:22 Event: ULOG_JOB_TERMINATED for HTCondor Node sort_ID0000002 (62.0.0) {08/10/20 13:56:19}
08/10/20 13:56:22 Number of idle job procs: 2
08/10/20 13:56:22 Node sort_ID0000002 job proc (62.0.0) failed with status 1.
08/10/20 13:56:22 Node sort_ID0000002 job completed
08/10/20 13:56:22 Running POST script of Node sort_ID0000002...
08/10/20 13:56:22 Warning: mysin has length 0 (ignore if produced by DAGMan; see gittrac #4987, #5031)
08/10/20 13:56:22 Event: ULOG_EXECUTE for HTCondor Node clean_up_local_level_3_0 (60.0.0) {08/10/20 13:56:22}
08/10/20 13:56:22 Number of idle job procs: 1
08/10/20 13:56:22 Event: ULOG_EXECUTE for HTCondor Node stage_out_local_local_0_0 (61.0.0) {08/10/20 13:56:22}
08/10/20 13:56:22 Number of idle job procs: 0
08/10/20 13:56:22 DAG status: 0 (DAG_STATUS_OK)
08/10/20 13:56:22 Of 19 nodes total:
08/10/20 13:56:22  Done     Pre   Queued    Post   Ready   Un-Ready   Failed
08/10/20 13:56:22   ===     ===      ===     ===     ===        ===      ===
08/10/20 13:56:22     6       0        2       1       0         10        0
08/10/20 13:56:22 0 job proc(s) currently held
08/10/20 13:56:22 DAGMan Runtime Statistics: [ EventCycleTimeStd = 0.03686135678597098; EventCycleTimeMax = 0.1170179843902588; SubmitCycleTimeMin = 0.0003559589385986328; SubmitCycleTimeAvg = 0.02469609181086222; SleepCycleTimeCount = 11.0; SubmitCycleTimeCount = 12.0; SubmitCycleTimeMax = 0.112652063369751; SleepCycleTimeMin = 5.005197048187256; SubmitCycleTimeSum = 0.2963531017303467; LogProcessCycleTimeStd = 0.01913661702154202; SubmitCycleTimeStd = 0.03944644978670959; LogProcessCycleTimeAvg = 0.01856982707977295; EventCycleTimeMin = 0.003425836563110352; LogProcessCycleTimeMax = 0.05127286911010742; LogProcessCycleTimeMin = 0.002665042877197266; LogProcessCycleTimeSum = 0.1485586166381836; LogProcessCycleTimeCount = 8.0; EventCycleTimeSum = 0.4484119415283203; SleepCycleTimeSum = 55.72149300575256; SleepCycleTimeAvg = 5.065590273250233; SleepCycleTimeStd = 0.09702673784931989; SleepCycleTimeMax = 5.233162879943848; EventCycleTimeCount = 11.0; EventCycleTimeAvg = 0.04076472195712003; ]
08/10/20 13:56:22 Initializing user log writer for /home/scitech/shared-data/sample-text-analysis-wf/scitech/pegasus/harry-potter-text-analysis/run0004/./harry-potter-text-analysis-0.dag.nodes.log, (62.0.0)
08/10/20 13:56:27 Currently monitoring 1 HTCondor log file(s)
08/10/20 13:56:27 Event: ULOG_POST_SCRIPT_TERMINATED for HTCondor Node sort_ID0000002 (62.0.0) {08/10/20 13:56:22}
08/10/20 13:56:27 POST Script of node sort_ID0000002 failed with status 1
08/10/20 13:56:27 POST for Node sort_ID0000002 returned 1
08/10/20 13:56:27 Retrying node sort_ID0000002 (retry #1 of 1)...
08/10/20 13:56:27 Event: ULOG_JOB_TERMINATED for HTCondor Node stage_out_local_local_0_0 (61.0.0) {08/10/20 13:56:24}
08/10/20 13:56:27 Number of idle job procs: 0
08/10/20 13:56:27 Node stage_out_local_local_0_0 job proc (61.0.0) completed successfully.
08/10/20 13:56:27 Node stage_out_local_local_0_0 job completed
08/10/20 13:56:27 Running POST script of Node stage_out_local_local_0_0...
08/10/20 13:56:27 Warning: mysin has length 0 (ignore if produced by DAGMan; see gittrac #4987, #5031)
08/10/20 13:56:27 Event: ULOG_JOB_TERMINATED for HTCondor Node clean_up_local_level_3_0 (60.0.0) {08/10/20 13:56:26}
08/10/20 13:56:27 Number of idle job procs: 0
08/10/20 13:56:27 Node clean_up_local_level_3_0 job proc (60.0.0) completed successfully.
08/10/20 13:56:27 Node clean_up_local_level_3_0 job completed
08/10/20 13:56:27 Running POST script of Node clean_up_local_level_3_0...
08/10/20 13:56:27 Warning: mysin has length 0 (ignore if produced by DAGMan; see gittrac #4987, #5031)
08/10/20 13:56:27 DAG status: 0 (DAG_STATUS_OK)
08/10/20 13:56:27 Of 19 nodes total:
08/10/20 13:56:27  Done     Pre   Queued    Post   Ready   Un-Ready   Failed
08/10/20 13:56:27   ===     ===      ===     ===     ===        ===      ===
08/10/20 13:56:27     6       0        0       2       1         10        0
08/10/20 13:56:27 0 job proc(s) currently held
08/10/20 13:56:27 DAGMan Runtime Statistics: [ EventCycleTimeStd = 0.03522608284358049; EventCycleTimeMax = 0.1170179843902588; SubmitCycleTimeMin = 0.0003559589385986328; SubmitCycleTimeAvg = 0.02283839079049917; SleepCycleTimeCount = 12.0; SubmitCycleTimeCount = 13.0; SubmitCycleTimeMax = 0.112652063369751; SleepCycleTimeMin = 5.005197048187256; SubmitCycleTimeSum = 0.2968990802764893; LogProcessCycleTimeStd = 0.01790154063625358; SubmitCycleTimeStd = 0.03835645392148763; LogProcessCycleTimeAvg = 0.01851084497239855; EventCycleTimeMin = 0.003425836563110352; LogProcessCycleTimeMax = 0.05127286911010742; LogProcessCycleTimeMin = 0.002665042877197266; LogProcessCycleTimeSum = 0.1665976047515869; LogProcessCycleTimeCount = 9.0; EventCycleTimeSum = 0.4974040985107422; SleepCycleTimeSum = 60.89775490760803; SleepCycleTimeAvg = 5.074812908967336; SleepCycleTimeStd = 0.09787255341892478; SleepCycleTimeMax = 5.233162879943848; EventCycleTimeCount = 12.0; EventCycleTimeAvg = 0.04145034154256185; ]
08/10/20 13:56:28 Initializing user log writer for /home/scitech/shared-data/sample-text-analysis-wf/scitech/pegasus/harry-potter-text-analysis/run0004/./harry-potter-text-analysis-0.dag.nodes.log, (61.0.0)
08/10/20 13:56:28 Initializing user log writer for /home/scitech/shared-data/sample-text-analysis-wf/scitech/pegasus/harry-potter-text-analysis/run0004/./harry-potter-text-analysis-0.dag.nodes.log, (60.0.0)
08/10/20 13:56:32 Reassigning the id of job sort_ID0000002 from (62.0.0) to (-1.-1.-1)
08/10/20 13:56:32 Submitting HTCondor Node sort_ID0000002 job(s)...
08/10/20 13:56:32 Adding a DAGMan workflow log /home/scitech/shared-data/sample-text-analysis-wf/scitech/pegasus/harry-potter-text-analysis/run0004/./harry-potter-text-analysis-0.dag.nodes.log
08/10/20 13:56:32 Masking the events recorded in the DAGMAN workflow log
08/10/20 13:56:32 Mask for workflow log is 0,1,2,4,5,7,9,10,11,12,13,16,17,24,27,35,36
08/10/20 13:56:32 submitting: /usr/bin/condor_submit -a dag_node_name' '=' 'sort_ID0000002 -a +DAGManJobId' '=' '53 -a DAGManJobId' '=' '53 -batch-name harry-potter-text-analysis-0.dag+53 -a submit_event_notes' '=' 'DAG' 'Node:' 'sort_ID0000002 -a dagman_log' '=' '/home/scitech/shared-data/sample-text-analysis-wf/scitech/pegasus/harry-potter-text-analysis/run0004/./harry-potter-text-analysis-0.dag.nodes.log -a +DAGManNodesMask' '=' '"0,1,2,4,5,7,9,10,11,12,13,16,17,24,27,35,36" -a priority=30 -a +DAGNodeRetry' '=' '1 -a DAG_STATUS' '=' '0 -a FAILED_COUNT' '=' '0 -a +KeepClaimIdle' '=' '20 -a notification' '=' 'never -a +DAGParentNodeNames' '=' '"stage_in_remote_local_1_0,word_count_ID0000001" 00/00/sort_ID0000002.sub
08/10/20 13:56:32 From submit: Submitting job(s).
08/10/20 13:56:32 From submit: 1 job(s) submitted to cluster 63.
08/10/20 13:56:32 	assigned HTCondor ID (63.0.0)
08/10/20 13:56:32 Just submitted 1 job this cycle...
08/10/20 13:56:32 Currently monitoring 1 HTCondor log file(s)
08/10/20 13:56:32 Event: ULOG_POST_SCRIPT_TERMINATED for HTCondor Node stage_out_local_local_0_0 (61.0.0) {08/10/20 13:56:28}
08/10/20 13:56:32 POST Script of node stage_out_local_local_0_0 completed successfully.
08/10/20 13:56:32 Event: ULOG_POST_SCRIPT_TERMINATED for HTCondor Node clean_up_local_level_3_0 (60.0.0) {08/10/20 13:56:28}
08/10/20 13:56:32 POST Script of node clean_up_local_level_3_0 completed successfully.
08/10/20 13:56:32 Reassigning the id of job sort_ID0000002 from (63.0.0) to (63.0.0)
08/10/20 13:56:32 Event: ULOG_SUBMIT for HTCondor Node sort_ID0000002 (63.0.0) {08/10/20 13:56:32}
08/10/20 13:56:32 Number of idle job procs: 1
08/10/20 13:56:32 DAG status: 0 (DAG_STATUS_OK)
08/10/20 13:56:32 Of 19 nodes total:
08/10/20 13:56:32  Done     Pre   Queued    Post   Ready   Un-Ready   Failed
08/10/20 13:56:32   ===     ===      ===     ===     ===        ===      ===
08/10/20 13:56:32     8       0        1       0       1          9        0
08/10/20 13:56:32 0 job proc(s) currently held
08/10/20 13:56:32 DAGMan Runtime Statistics: [ EventCycleTimeStd = 0.03412035207384111; EventCycleTimeMax = 0.1170179843902588; SubmitCycleTimeMin = 0.0003559589385986328; SubmitCycleTimeAvg = 0.02468127863747733; SleepCycleTimeCount = 13.0; SubmitCycleTimeCount = 14.0; SubmitCycleTimeMax = 0.112652063369751; SleepCycleTimeMin = 4.234585046768188; SubmitCycleTimeSum = 0.3455379009246826; LogProcessCycleTimeStd = 0.01735822323615197; SubmitCycleTimeStd = 0.03749125597685278; LogProcessCycleTimeAvg = 0.01722826957702637; EventCycleTimeMin = 0.003425836563110352; LogProcessCycleTimeMax = 0.05127286911010742; LogProcessCycleTimeMin = 0.002665042877197266; LogProcessCycleTimeSum = 0.1722826957702637; LogProcessCycleTimeCount = 10.0; EventCycleTimeSum = 0.5202140808105469; SleepCycleTimeSum = 65.13233995437622; SleepCycleTimeAvg = 5.010179996490479; SleepCycleTimeStd = 0.2511715699108469; SleepCycleTimeMax = 5.233162879943848; EventCycleTimeCount = 13.0; EventCycleTimeAvg = 0.04001646775465745; ]
08/10/20 13:56:37 Submitting HTCondor Node register_local_0_0 job(s)...
08/10/20 13:56:37 Adding a DAGMan workflow log /home/scitech/shared-data/sample-text-analysis-wf/scitech/pegasus/harry-potter-text-analysis/run0004/./harry-potter-text-analysis-0.dag.nodes.log
08/10/20 13:56:37 Masking the events recorded in the DAGMAN workflow log
08/10/20 13:56:37 Mask for workflow log is 0,1,2,4,5,7,9,10,11,12,13,16,17,24,27,35,36
08/10/20 13:56:37 submitting: /usr/bin/condor_submit -a dag_node_name' '=' 'register_local_0_0 -a +DAGManJobId' '=' '53 -a DAGManJobId' '=' '53 -batch-name harry-potter-text-analysis-0.dag+53 -a submit_event_notes' '=' 'DAG' 'Node:' 'register_local_0_0 -a dagman_log' '=' '/home/scitech/shared-data/sample-text-analysis-wf/scitech/pegasus/harry-potter-text-analysis/run0004/./harry-potter-text-analysis-0.dag.nodes.log -a +DAGManNodesMask' '=' '"0,1,2,4,5,7,9,10,11,12,13,16,17,24,27,35,36" -a priority=40 -a +DAGNodeRetry' '=' '0 -a DAG_STATUS' '=' '0 -a FAILED_COUNT' '=' '0 -a notification' '=' 'never -a +DAGParentNodeNames' '=' '"stage_out_local_local_0_0" 00/00/register_local_0_0.sub
08/10/20 13:56:37 From submit: Submitting job(s).
08/10/20 13:56:37 From submit: 1 job(s) submitted to cluster 64.
08/10/20 13:56:37 	assigned HTCondor ID (64.0.0)
08/10/20 13:56:37 Just submitted 1 job this cycle...
08/10/20 13:56:37 Currently monitoring 1 HTCondor log file(s)
08/10/20 13:56:37 Event: ULOG_EXECUTE for HTCondor Node sort_ID0000002 (63.0.0) {08/10/20 13:56:33}
08/10/20 13:56:37 Number of idle job procs: 0
08/10/20 13:56:37 Event: ULOG_JOB_TERMINATED for HTCondor Node sort_ID0000002 (63.0.0) {08/10/20 13:56:34}
08/10/20 13:56:37 Number of idle job procs: 0
08/10/20 13:56:37 Node sort_ID0000002 job proc (63.0.0) failed with status 1.
08/10/20 13:56:37 Node sort_ID0000002 job completed
08/10/20 13:56:37 Running POST script of Node sort_ID0000002...
08/10/20 13:56:37 Warning: mysin has length 0 (ignore if produced by DAGMan; see gittrac #4987, #5031)
08/10/20 13:56:37 Reassigning the id of job register_local_0_0 from (64.0.0) to (64.0.0)
08/10/20 13:56:37 Event: ULOG_SUBMIT for HTCondor Node register_local_0_0 (64.0.0) {08/10/20 13:56:37}
08/10/20 13:56:37 Number of idle job procs: 1
08/10/20 13:56:37 DAG status: 0 (DAG_STATUS_OK)
08/10/20 13:56:37 Of 19 nodes total:
08/10/20 13:56:37  Done     Pre   Queued    Post   Ready   Un-Ready   Failed
08/10/20 13:56:37   ===     ===      ===     ===     ===        ===      ===
08/10/20 13:56:37     8       0        1       1       0          9        0
08/10/20 13:56:37 0 job proc(s) currently held
08/10/20 13:56:37 DAGMan Runtime Statistics: [ EventCycleTimeStd = 0.03321726162087928; EventCycleTimeMax = 0.1170179843902588; SubmitCycleTimeMin = 0.0003559589385986328; SubmitCycleTimeAvg = 0.02561524709065755; SleepCycleTimeCount = 14.0; SubmitCycleTimeCount = 15.0; SubmitCycleTimeMax = 0.112652063369751; SleepCycleTimeMin = 4.234585046768188; SubmitCycleTimeSum = 0.3842287063598633; LogProcessCycleTimeStd = 0.01656669900833326; SubmitCycleTimeStd = 0.03630811396566025; LogProcessCycleTimeAvg = 0.01668234304948286; EventCycleTimeMin = 0.003425836563110352; LogProcessCycleTimeMax = 0.05127286911010742; LogProcessCycleTimeMin = 0.002665042877197266; LogProcessCycleTimeSum = 0.1835057735443115; LogProcessCycleTimeCount = 11.0; EventCycleTimeSum = 0.5802900791168213; SleepCycleTimeSum = 70.1427309513092; SleepCycleTimeAvg = 5.010195067950657; SleepCycleTimeStd = 0.2413178452578979; SleepCycleTimeMax = 5.233162879943848; EventCycleTimeCount = 14.0; EventCycleTimeAvg = 0.04144929136548724; ]
08/10/20 13:56:37 Initializing user log writer for /home/scitech/shared-data/sample-text-analysis-wf/scitech/pegasus/harry-potter-text-analysis/run0004/./harry-potter-text-analysis-0.dag.nodes.log, (63.0.0)
08/10/20 13:56:42 Currently monitoring 1 HTCondor log file(s)
08/10/20 13:56:42 Event: ULOG_POST_SCRIPT_TERMINATED for HTCondor Node sort_ID0000002 (63.0.0) {08/10/20 13:56:37}
08/10/20 13:56:42 POST Script of node sort_ID0000002 failed with status 1
08/10/20 13:56:42 POST for Node sort_ID0000002 returned 1
08/10/20 13:56:42 Event: ULOG_EXECUTE for HTCondor Node register_local_0_0 (64.0.0) {08/10/20 13:56:42}
08/10/20 13:56:42 Number of idle job procs: 0
08/10/20 13:56:42 DAG status: 2 (DAG_STATUS_NODE_FAILED)
08/10/20 13:56:42 Of 19 nodes total:
08/10/20 13:56:42  Done     Pre   Queued    Post   Ready   Un-Ready   Failed
08/10/20 13:56:42   ===     ===      ===     ===     ===        ===      ===
08/10/20 13:56:42     8       0        1       0       0          9        1
08/10/20 13:56:42 0 job proc(s) currently held
08/10/20 13:56:42 DAGMan Runtime Statistics: [ EventCycleTimeStd = 0.03220112210678763; EventCycleTimeMax = 0.1170179843902588; SubmitCycleTimeMin = 0.0002310276031494141; SubmitCycleTimeAvg = 0.02402873337268829; SleepCycleTimeCount = 15.0; SubmitCycleTimeCount = 16.0; SubmitCycleTimeMax = 0.112652063369751; SleepCycleTimeMin = 4.234585046768188; SubmitCycleTimeSum = 0.3844597339630127; LogProcessCycleTimeStd = 0.0161692784283313; SubmitCycleTimeStd = 0.03564640621713998; LogProcessCycleTimeAvg = 0.01568482319513957; EventCycleTimeMin = 0.003425836563110352; LogProcessCycleTimeMax = 0.05127286911010742; LogProcessCycleTimeMin = 0.002665042877197266; LogProcessCycleTimeSum = 0.1882178783416748; LogProcessCycleTimeCount = 12.0; EventCycleTimeSum = 0.6353440284729004; SleepCycleTimeSum = 75.3066258430481; SleepCycleTimeAvg = 5.020441722869873; SleepCycleTimeStd = 0.235901713567304; SleepCycleTimeMax = 5.233162879943848; EventCycleTimeCount = 15.0; EventCycleTimeAvg = 0.04235626856486003; ]
08/10/20 13:56:47 Currently monitoring 1 HTCondor log file(s)
08/10/20 13:56:47 Event: ULOG_JOB_TERMINATED for HTCondor Node register_local_0_0 (64.0.0) {08/10/20 13:56:43}
08/10/20 13:56:47 Number of idle job procs: 0
08/10/20 13:56:47 Node register_local_0_0 job proc (64.0.0) completed successfully.
08/10/20 13:56:47 Node register_local_0_0 job completed
08/10/20 13:56:47 Running POST script of Node register_local_0_0...
08/10/20 13:56:47 Warning: mysin has length 0 (ignore if produced by DAGMan; see gittrac #4987, #5031)
08/10/20 13:56:47 DAG status: 2 (DAG_STATUS_NODE_FAILED)
08/10/20 13:56:47 Of 19 nodes total:
08/10/20 13:56:47  Done     Pre   Queued    Post   Ready   Un-Ready   Failed
08/10/20 13:56:47   ===     ===      ===     ===     ===        ===      ===
08/10/20 13:56:47     8       0        0       1       0          9        1
08/10/20 13:56:47 0 job proc(s) currently held
08/10/20 13:56:47 DAGMan Runtime Statistics: [ EventCycleTimeStd = 0.03219376771688923; EventCycleTimeMax = 0.1170179843902588; SubmitCycleTimeMin = 0.0002310276031494141; SubmitCycleTimeAvg = 0.02267263917361989; SleepCycleTimeCount = 16.0; SubmitCycleTimeCount = 17.0; SubmitCycleTimeMax = 0.112652063369751; SleepCycleTimeMin = 4.234585046768188; SubmitCycleTimeSum = 0.3854348659515381; LogProcessCycleTimeStd = 0.01549412176468266; SubmitCycleTimeStd = 0.03496444607082629; LogProcessCycleTimeAvg = 0.01550736794104943; EventCycleTimeMin = 0.003425836563110352; LogProcessCycleTimeMax = 0.05127286911010742; LogProcessCycleTimeMin = 0.002665042877197266; LogProcessCycleTimeSum = 0.2015957832336426; LogProcessCycleTimeCount = 13.0; EventCycleTimeSum = 0.6445572376251221; SleepCycleTimeSum = 80.31478667259216; SleepCycleTimeAvg = 5.01967416703701; SleepCycleTimeStd = 0.2279233866259253; SleepCycleTimeMax = 5.233162879943848; EventCycleTimeCount = 16.0; EventCycleTimeAvg = 0.04028482735157013; ]
08/10/20 13:56:47 Initializing user log writer for /home/scitech/shared-data/sample-text-analysis-wf/scitech/pegasus/harry-potter-text-analysis/run0004/./harry-potter-text-analysis-0.dag.nodes.log, (64.0.0)
08/10/20 13:56:52 Currently monitoring 1 HTCondor log file(s)
08/10/20 13:56:52 Event: ULOG_POST_SCRIPT_TERMINATED for HTCondor Node register_local_0_0 (64.0.0) {08/10/20 13:56:47}
08/10/20 13:56:52 POST Script of node register_local_0_0 completed successfully.
08/10/20 13:56:52 DAG status: 2 (DAG_STATUS_NODE_FAILED)
08/10/20 13:56:52 Of 19 nodes total:
08/10/20 13:56:52  Done     Pre   Queued    Post   Ready   Un-Ready   Failed
08/10/20 13:56:52   ===     ===      ===     ===     ===        ===      ===
08/10/20 13:56:52     9       0        0       0       0          9        1
08/10/20 13:56:52 0 job proc(s) currently held
08/10/20 13:56:52 DAGMan Runtime Statistics: [ EventCycleTimeStd = 0.03151616381225327; EventCycleTimeMax = 0.1170179843902588; SubmitCycleTimeMin = 0.0002310276031494141; SubmitCycleTimeAvg = 0.02148732874128554; SleepCycleTimeCount = 17.0; SubmitCycleTimeCount = 18.0; SubmitCycleTimeMax = 0.112652063369751; SleepCycleTimeMin = 4.234585046768188; SubmitCycleTimeSum = 0.3867719173431396; LogProcessCycleTimeStd = 0.01495836184334206; SubmitCycleTimeStd = 0.03429124209564963; LogProcessCycleTimeAvg = 0.0151153462273734; EventCycleTimeMin = 0.003425836563110352; LogProcessCycleTimeMax = 0.05127286911010742; LogProcessCycleTimeMin = 0.002665042877197266; LogProcessCycleTimeSum = 0.2116148471832275; LogProcessCycleTimeCount = 14.0; EventCycleTimeSum = 0.6656763553619385; SleepCycleTimeSum = 85.53085255622864; SleepCycleTimeAvg = 5.031226620954626; SleepCycleTimeStd = 0.2257677114672475; SleepCycleTimeMax = 5.233162879943848; EventCycleTimeCount = 17.0; EventCycleTimeAvg = 0.03915743266834932; ]
08/10/20 13:56:52 ERROR: the following job(s) failed:
08/10/20 13:56:52 ---------------------- Job ----------------------
08/10/20 13:56:52       Node Name: sort_ID0000002
08/10/20 13:56:52            Noop: false
08/10/20 13:56:52          NodeID: 6
08/10/20 13:56:52     Node Status: STATUS_ERROR    
08/10/20 13:56:52 Node return val: 1
08/10/20 13:56:52           Error: Job exited with status 1 and POST Script failed with status 1 (after 1 node retries)
08/10/20 13:56:52 Job Submit File: 00/00/sort_ID0000002.sub
08/10/20 13:56:52     POST Script: /home/scitech/pegasus/dist/pegasus-5.0.0dev/bin/pegasus-exitcode  -s PegasusLite:+exitcode+0 -l harry-potter-text-analysis-0.exitcode.log -M harry-potter-text-analysis-0.cache.meta  .//00/00/sort_ID0000002.out
08/10/20 13:56:52           Retry: 1
08/10/20 13:56:52  HTCondor Job ID: (63.0.0)
08/10/20 13:56:52       Q_PARENTS: stage_in_remote_local_1_0, word_count_ID0000001, <END>
08/10/20 13:56:52       Q_WAITING: <END>
08/10/20 13:56:52      Q_CHILDREN: plot_ID0000003, stage_out_local_local_1_0, clean_up_local_level_4_0, <END>
08/10/20 13:56:52 ---------------------------------------	<END>
08/10/20 13:56:52 Aborting DAG...
08/10/20 13:56:52 Writing Rescue DAG to harry-potter-text-analysis-0.dag.rescue001...
08/10/20 13:56:52 Removing submitted jobs...
08/10/20 13:56:52 Removing any/all submitted HTCondor jobs...
08/10/20 13:56:52 Running: /usr/bin/condor_rm -const DAGManJobId' '=?=' '53
08/10/20 13:56:52 Note: 0 total job deferrals because of -MaxJobs limit (0)
08/10/20 13:56:52 Note: 0 total job deferrals because of -MaxIdle limit (1000)
08/10/20 13:56:52 Note: 0 total job deferrals because of node category throttles
08/10/20 13:56:52 Note: 0 total PRE script deferrals because of -MaxPre limit (20) or DEFER
08/10/20 13:56:52 Note: 0 total POST script deferrals because of -MaxPost limit (20) or DEFER
08/10/20 13:56:52 DAG status: 2 (DAG_STATUS_NODE_FAILED)
08/10/20 13:56:52 Of 19 nodes total:
08/10/20 13:56:52  Done     Pre   Queued    Post   Ready   Un-Ready   Failed
08/10/20 13:56:52   ===     ===      ===     ===     ===        ===      ===
08/10/20 13:56:52     9       0        0       0       0          9        1
08/10/20 13:56:52 0 job proc(s) currently held
08/10/20 13:56:52 DAGMan Runtime Statistics: [ EventCycleTimeStd = 0.03151616381225327; EventCycleTimeMax = 0.1170179843902588; SubmitCycleTimeMin = 0.0002310276031494141; SubmitCycleTimeAvg = 0.02148732874128554; SleepCycleTimeCount = 17.0; SubmitCycleTimeCount = 18.0; SubmitCycleTimeMax = 0.112652063369751; SleepCycleTimeMin = 4.234585046768188; SubmitCycleTimeSum = 0.3867719173431396; LogProcessCycleTimeStd = 0.01495836184334206; SubmitCycleTimeStd = 0.03429124209564963; LogProcessCycleTimeAvg = 0.0151153462273734; EventCycleTimeMin = 0.003425836563110352; LogProcessCycleTimeMax = 0.05127286911010742; LogProcessCycleTimeMin = 0.002665042877197266; LogProcessCycleTimeSum = 0.2116148471832275; LogProcessCycleTimeCount = 14.0; EventCycleTimeSum = 0.6656763553619385; SleepCycleTimeSum = 85.53085255622864; SleepCycleTimeAvg = 5.031226620954626; SleepCycleTimeStd = 0.2257677114672475; SleepCycleTimeMax = 5.233162879943848; EventCycleTimeCount = 17.0; EventCycleTimeAvg = 0.03915743266834932; ]
08/10/20 13:56:52 Wrote metrics file harry-potter-text-analysis-0.dag.metrics.
08/10/20 13:56:52 Reporting metrics to Pegasus metrics server(s); output is in harry-potter-text-analysis-0.dag.metrics.out.
08/10/20 13:56:52 Running command </usr/libexec/condor/condor_dagman_metrics_reporter -f harry-potter-text-analysis-0.dag.metrics -t 100>
08/10/20 13:56:52 Warning: mysin has length 0 (ignore if produced by DAGMan; see gittrac #4987, #5031)
08/10/20 13:56:52 DAGMan Runtime Statistics: [ EventCycleTimeStd = 0.03151616381225327; EventCycleTimeMax = 0.1170179843902588; SubmitCycleTimeMin = 0.0002310276031494141; SubmitCycleTimeAvg = 0.02148732874128554; SleepCycleTimeCount = 17.0; SubmitCycleTimeCount = 18.0; SubmitCycleTimeMax = 0.112652063369751; SleepCycleTimeMin = 4.234585046768188; SubmitCycleTimeSum = 0.3867719173431396; LogProcessCycleTimeStd = 0.01495836184334206; SubmitCycleTimeStd = 0.03429124209564963; LogProcessCycleTimeAvg = 0.0151153462273734; EventCycleTimeMin = 0.003425836563110352; LogProcessCycleTimeMax = 0.05127286911010742; LogProcessCycleTimeMin = 0.002665042877197266; LogProcessCycleTimeSum = 0.2116148471832275; LogProcessCycleTimeCount = 14.0; EventCycleTimeSum = 0.6656763553619385; SleepCycleTimeSum = 85.53085255622864; SleepCycleTimeAvg = 5.031226620954626; SleepCycleTimeStd = 0.2257677114672475; SleepCycleTimeMax = 5.233162879943848; EventCycleTimeCount = 17.0; EventCycleTimeAvg = 0.03915743266834932; ]
08/10/20 13:56:52 **** condor_scheduniv_exec.53.0 (condor_DAGMAN) pid 7965 EXITING WITH STATUS 1
