2020-08-10 13:55:22,946:INFO:pegasus-monitord(58): pegasus-monitord starting - pid 7966 
2020-08-10 13:55:22,961:INFO:pegasus-monitord(455): Final Command line options are: ['-N', 'harry-potter-text-analysis-0.dag.dagman.out']
2020-08-10 13:55:22,978:INFO:Pegasus.monitoring.event_output(629): Connecting workflow event sink to sqlite:////home/scitech/shared-data/sample-text-analysis-wf/scitech/pegasus/harry-potter-text-analysis/run0004/harry-potter-text-analysis-0.stampede.db
Created Pegasus database in: sqlite:////home/scitech/shared-data/sample-text-analysis-wf/scitech/pegasus/harry-potter-text-analysis/run0004/harry-potter-text-analysis-0.stampede.db
Your database is compatible with Pegasus version: 5.0.0dev
2020-08-10 13:55:23,520:INFO:Pegasus.monitoring.event_output(703): output type=DB namespace=stampede. name=sqlite:////home/scitech/shared-data/sample-text-analysis-wf/scitech/pegasus/harry-potter-text-analysis/run0004/harry-potter-text-analysis-0.stampede.db
2020-08-10 13:55:23,520:INFO:Pegasus.monitoring.event_output(629): Connecting workflow event sink to sqlite:////home/scitech/.pegasus/workflow.db
Your database is compatible with Pegasus version: 5.0.0dev
2020-08-10 13:55:23,775:INFO:Pegasus.monitoring.event_output(703): output type=DB namespace=dashboard. name=sqlite:////home/scitech/.pegasus/workflow.db
2020-08-10 13:55:23,775:INFO:pegasus-monitord(1247): monitord started in fast start mode
2020-08-10 13:55:23,792:INFO:Pegasus.monitoring.workflow(461): cannot open state file /home/scitech/shared-data/sample-text-analysis-wf/scitech/pegasus/harry-potter-text-analysis/run0004/monitord.info, continuing without state...
2020-08-10 13:55:23,792:INFO:Pegasus.monitoring.workflow(1148): creating new file /home/scitech/shared-data/sample-text-analysis-wf/scitech/pegasus/harry-potter-text-analysis/run0004/jobstate.log
2020-08-10 13:55:23,792:INFO:Pegasus.monitoring.workflow(1158): Appending to existing jobstate.log replay_mode 0 previous_processed_line 0
2020-08-10 13:55:23,794:INFO:Pegasus.monitoring.notifications(474): loading notifications from /home/scitech/shared-data/sample-text-analysis-wf/scitech/pegasus/harry-potter-text-analysis/run0004/harry-potter-text-analysis-0.notify
2020-08-10 13:55:23,997:INFO:Pegasus.monitoring.workflow(205): Parsing DAG file /home/scitech/shared-data/sample-text-analysis-wf/scitech/pegasus/harry-potter-text-analysis/run0004/harry-potter-text-analysis-0.dag
2020-08-10 13:55:24,002:INFO:pegasus-monitord(974): Using DAGMan version 8.8.9 80809
2020-08-10 13:55:24,002:INFO:pegasus-monitord(949): DAGMan runs at pid 7965
2020-08-10 13:55:24,005:INFO:pegasus-monitord(955): using dag harry-potter-text-analysis-0.dag
2020-08-10 13:55:24,005:INFO:Pegasus.monitoring.workflow(811): DAGMan starting with condor id 53.0
2020-08-10 13:56:53,590:INFO:Pegasus.monitoring.workflow(2468): Populating locations corresponding to succeeded registration job  /home/scitech/shared-data/sample-text-analysis-wf/scitech/pegasus/harry-potter-text-analysis/run0004/00/00/register_local_0_0.in 
2020-08-10 13:56:53,595:INFO:pegasus-monitord(927): DAGMan harry-potter-text-analysis-0.dag finished with exit code 1
2020-08-10 13:56:54,614:INFO:pegasus-monitord(1427): workflow /home/scitech/shared-data/sample-text-analysis-wf/scitech/pegasus/harry-potter-text-analysis/run0004/harry-potter-text-analysis-0.dag.dagman.out ended
2020-08-10 13:56:54,625:INFO:Pegasus.monitoring.workflow(1378): recovery file deleted: /home/scitech/shared-data/sample-text-analysis-wf/scitech/pegasus/harry-potter-text-analysis/run0004/monitord.recover
2020-08-10 13:56:54,627:INFO:pegasus-monitord(1665): finishing workflow: /home/scitech/shared-data/sample-text-analysis-wf/scitech/pegasus/harry-potter-text-analysis/run0004/harry-potter-text-analysis-0.dag.dagman.out
2020-08-10 13:56:54,628:INFO:pegasus-monitord(1719): finishing notifications...
2020-08-10 13:56:54,629:INFO:pegasus-monitord(1727): monitord process 7966 exiting with 0
2020-08-10 13:56:54,630:INFO:pegasus-monitord(197): DB flushing beginning
2020-08-10 13:56:54,630:INFO:Pegasus.db.workflow_loader.WorkflowLoader(1244): Executing final flush
2020-08-10 13:56:54,735:INFO:Pegasus.db.dashboard_loader.DashboardLoader(397): Executing final flush
2020-08-10 13:56:54,735:INFO:pegasus-monitord(213): DB flushing ended
