07/15/20 18:13:13 ******************************************************
07/15/20 18:13:13 ** condor_scheduniv_exec.16.0 (CONDOR_DAGMAN) STARTING UP
07/15/20 18:13:13 ** /usr/bin/condor_dagman
07/15/20 18:13:13 ** SubsystemInfo: name=DAGMAN type=DAGMAN(10) class=DAEMON(1)
07/15/20 18:13:13 ** Configuration: subsystem:DAGMAN local:<NONE> class:DAEMON
07/15/20 18:13:13 ** $CondorVersion: 8.8.9 May 06 2020 BuildID: 503068 PackageID: 8.8.9-1 $
07/15/20 18:13:13 ** $CondorPlatform: x86_64_CentOS7 $
07/15/20 18:13:13 ** PID = 28713
07/15/20 18:13:13 ** Log last touched time unavailable (No such file or directory)
07/15/20 18:13:13 ******************************************************
07/15/20 18:13:13 Using config source: /etc/condor/condor_config
07/15/20 18:13:13 Using local config sources: 
07/15/20 18:13:13    /etc/condor/config.d/00-minicondor
07/15/20 18:13:13    /etc/condor/condor_config.local
07/15/20 18:13:13 config Macros = 81, Sorted = 81, StringBytes = 2255, TablesBytes = 2964
07/15/20 18:13:13 CLASSAD_CACHING is ENABLED
07/15/20 18:13:13 Daemon Log is logging: D_ALWAYS D_ERROR
07/15/20 18:13:13 DaemonCore: No command port requested.
07/15/20 18:13:13 DAGMAN_USE_STRICT setting: 1
07/15/20 18:13:13 DAGMAN_VERBOSITY setting: 3
07/15/20 18:13:13 DAGMAN_DEBUG_CACHE_SIZE setting: 5242880
07/15/20 18:13:13 DAGMAN_DEBUG_CACHE_ENABLE setting: False
07/15/20 18:13:13 DAGMAN_SUBMIT_DELAY setting: 0
07/15/20 18:13:13 DAGMAN_MAX_SUBMIT_ATTEMPTS setting: 6
07/15/20 18:13:13 DAGMAN_STARTUP_CYCLE_DETECT setting: False
07/15/20 18:13:13 DAGMAN_MAX_SUBMITS_PER_INTERVAL setting: 100
07/15/20 18:13:13 DAGMAN_AGGRESSIVE_SUBMIT setting: False
07/15/20 18:13:13 DAGMAN_USER_LOG_SCAN_INTERVAL setting: 5
07/15/20 18:13:13 DAGMAN_QUEUE_UPDATE_INTERVAL setting: 300
07/15/20 18:13:13 DAGMAN_DEFAULT_PRIORITY setting: 0
07/15/20 18:13:13 DAGMAN_SUPPRESS_NOTIFICATION setting: True
07/15/20 18:13:13 allow_events (DAGMAN_ALLOW_EVENTS) setting: 114
07/15/20 18:13:13 DAGMAN_RETRY_SUBMIT_FIRST setting: True
07/15/20 18:13:13 DAGMAN_RETRY_NODE_FIRST setting: False
07/15/20 18:13:13 DAGMAN_MAX_JOBS_IDLE setting: 1000
07/15/20 18:13:13 DAGMAN_MAX_JOBS_SUBMITTED setting: 0
07/15/20 18:13:13 DAGMAN_MAX_PRE_SCRIPTS setting: 20
07/15/20 18:13:13 DAGMAN_MAX_POST_SCRIPTS setting: 20
07/15/20 18:13:13 DAGMAN_MUNGE_NODE_NAMES setting: True
07/15/20 18:13:13 DAGMAN_PROHIBIT_MULTI_JOBS setting: False
07/15/20 18:13:13 DAGMAN_SUBMIT_DEPTH_FIRST setting: False
07/15/20 18:13:13 DAGMAN_ALWAYS_RUN_POST setting: False
07/15/20 18:13:13 DAGMAN_CONDOR_SUBMIT_EXE setting: /usr/bin/condor_submit
07/15/20 18:13:13 DAGMAN_USE_CONDOR_SUBMIT setting: True
07/15/20 18:13:13 DAGMAN_ABORT_DUPLICATES setting: True
07/15/20 18:13:13 DAGMAN_ABORT_ON_SCARY_SUBMIT setting: True
07/15/20 18:13:13 DAGMAN_PENDING_REPORT_INTERVAL setting: 600
07/15/20 18:13:13 DAGMAN_AUTO_RESCUE setting: True
07/15/20 18:13:13 DAGMAN_MAX_RESCUE_NUM setting: 100
07/15/20 18:13:13 DAGMAN_WRITE_PARTIAL_RESCUE setting: True
07/15/20 18:13:13 DAGMAN_DEFAULT_NODE_LOG setting: @(DAG_DIR)/@(DAG_FILE).nodes.log
07/15/20 18:13:13 DAGMAN_GENERATE_SUBDAG_SUBMITS setting: True
07/15/20 18:13:13 DAGMAN_MAX_JOB_HOLDS setting: 100
07/15/20 18:13:13 DAGMAN_HOLD_CLAIM_TIME setting: 20
07/15/20 18:13:13 ALL_DEBUG setting: 
07/15/20 18:13:13 DAGMAN_DEBUG setting: 
07/15/20 18:13:13 DAGMAN_SUPPRESS_JOB_LOGS setting: False
07/15/20 18:13:13 DAGMAN_REMOVE_NODE_JOBS setting: True
07/15/20 18:13:13 argv[0] == "condor_scheduniv_exec.16.0"
07/15/20 18:13:13 argv[1] == "-Lockfile"
07/15/20 18:13:13 argv[2] == "add_thumbs-0.dag.lock"
07/15/20 18:13:13 argv[3] == "-AutoRescue"
07/15/20 18:13:13 argv[4] == "1"
07/15/20 18:13:13 argv[5] == "-DoRescueFrom"
07/15/20 18:13:13 argv[6] == "0"
07/15/20 18:13:13 argv[7] == "-Dag"
07/15/20 18:13:13 argv[8] == "add_thumbs-0.dag"
07/15/20 18:13:13 argv[9] == "-MaxPost"
07/15/20 18:13:13 argv[10] == "20"
07/15/20 18:13:13 argv[11] == "-Suppress_notification"
07/15/20 18:13:13 argv[12] == "-CsdVersion"
07/15/20 18:13:13 argv[13] == "$CondorVersion: 8.8.9 May 06 2020 BuildID: 503068 PackageID: 8.8.9-1 $"
07/15/20 18:13:13 argv[14] == "-Dagman"
07/15/20 18:13:13 argv[15] == "/bin/condor_dagman"
07/15/20 18:13:13 Workflow batch-name: <add_thumbs-0.dag+16>
07/15/20 18:13:13 Workflow accounting_group: <>
07/15/20 18:13:13 Workflow accounting_group_user: <>
07/15/20 18:13:13 Warning: failed to get attribute DAGNodeName
07/15/20 18:13:13 DAGMAN_LOG_ON_NFS_IS_ERROR setting: False
07/15/20 18:13:13 Default node log file is: </home/scitech/shared-data/Workflow/Workflow4/scitech/pegasus/add_thumbs/run0003/./add_thumbs-0.dag.nodes.log>
07/15/20 18:13:13 DAG Lockfile will be written to add_thumbs-0.dag.lock
07/15/20 18:13:13 DAG Input file is add_thumbs-0.dag
07/15/20 18:13:13 Parsing 1 dagfiles
07/15/20 18:13:13 Parsing add_thumbs-0.dag ...
07/15/20 18:13:13 Warning:  could not open Pegasus braindump file braindump.txt
07/15/20 18:13:13 Dag contains 8 total jobs
07/15/20 18:13:13 Sleeping for 3 seconds to ensure ProcessId uniqueness
07/15/20 18:13:16 Bootstrapping...
07/15/20 18:13:16 Number of pre-completed nodes: 0
07/15/20 18:13:16 MultiLogFiles: truncating log file /home/scitech/shared-data/Workflow/Workflow4/scitech/pegasus/add_thumbs/run0003/./add_thumbs-0.dag.nodes.log
07/15/20 18:13:16 DAG status: 0 (DAG_STATUS_OK)
07/15/20 18:13:16 Of 8 nodes total:
07/15/20 18:13:16  Done     Pre   Queued    Post   Ready   Un-Ready   Failed
07/15/20 18:13:16   ===     ===      ===     ===     ===        ===      ===
07/15/20 18:13:16     0       0        0       0       1          7        0
07/15/20 18:13:16 0 job proc(s) currently held
07/15/20 18:13:16 DAGMan Runtime Statistics: [ EventCycleTimeSum = 0.0; EventCycleTimeCount = 0.0; SleepCycleTimeCount = 0.0; SubmitCycleTimeSum = 0.0; SubmitCycleTimeCount = 0.0; LogProcessCycleTimeSum = 0.0; SleepCycleTimeSum = 0.0; LogProcessCycleTimeCount = 0.0; ]
07/15/20 18:13:16 Registering condor_event_timer...
07/15/20 18:13:17 Submitting HTCondor Node create_dir_add_thumbs_0_local job(s)...
07/15/20 18:13:17 Adding a DAGMan workflow log /home/scitech/shared-data/Workflow/Workflow4/scitech/pegasus/add_thumbs/run0003/./add_thumbs-0.dag.nodes.log
07/15/20 18:13:17 Masking the events recorded in the DAGMAN workflow log
07/15/20 18:13:17 Mask for workflow log is 0,1,2,4,5,7,9,10,11,12,13,16,17,24,27,35,36
07/15/20 18:13:17 submitting: /usr/bin/condor_submit -a dag_node_name' '=' 'create_dir_add_thumbs_0_local -a +DAGManJobId' '=' '16 -a DAGManJobId' '=' '16 -batch-name add_thumbs-0.dag+16 -a submit_event_notes' '=' 'DAG' 'Node:' 'create_dir_add_thumbs_0_local -a dagman_log' '=' '/home/scitech/shared-data/Workflow/Workflow4/scitech/pegasus/add_thumbs/run0003/./add_thumbs-0.dag.nodes.log -a +DAGManNodesMask' '=' '"0,1,2,4,5,7,9,10,11,12,13,16,17,24,27,35,36" -a priority=800 -a +DAGNodeRetry' '=' '0 -a DAG_STATUS' '=' '0 -a FAILED_COUNT' '=' '0 -a +KeepClaimIdle' '=' '20 -a notification' '=' 'never -a +DAGParentNodeNames' '=' '"" 00/00/create_dir_add_thumbs_0_local.sub
07/15/20 18:13:17 From submit: Submitting job(s).
07/15/20 18:13:17 From submit: 1 job(s) submitted to cluster 17.
07/15/20 18:13:17 	assigned HTCondor ID (17.0.0)
07/15/20 18:13:17 Just submitted 1 job this cycle...
07/15/20 18:13:17 DAG status: 0 (DAG_STATUS_OK)
07/15/20 18:13:17 Of 8 nodes total:
07/15/20 18:13:17  Done     Pre   Queued    Post   Ready   Un-Ready   Failed
07/15/20 18:13:17   ===     ===      ===     ===     ===        ===      ===
07/15/20 18:13:17     0       0        1       0       0          7        0
07/15/20 18:13:17 0 job proc(s) currently held
07/15/20 18:13:17 DAGMan Runtime Statistics: [ EventCycleTimeCount = 0.0; EventCycleTimeSum = 0.0; LogProcessCycleTimeCount = 0.0; SleepCycleTimeSum = 0.0; LogProcessCycleTimeSum = 0.0; SubmitCycleTimeCount = 1.0; SubmitCycleTimeMax = 0.03773307800292969; SubmitCycleTimeMin = 0.03773307800292969; SubmitCycleTimeAvg = 0.03773307800292969; SubmitCycleTimeStd = 0.03773307800292969; SubmitCycleTimeSum = 0.03773307800292969; SleepCycleTimeCount = 0.0; ]
07/15/20 18:13:22 Currently monitoring 1 HTCondor log file(s)
07/15/20 18:13:22 Reassigning the id of job create_dir_add_thumbs_0_local from (17.0.0) to (17.0.0)
07/15/20 18:13:22 Event: ULOG_SUBMIT for HTCondor Node create_dir_add_thumbs_0_local (17.0.0) {07/15/20 18:13:17}
07/15/20 18:13:22 Number of idle job procs: 1
07/15/20 18:13:22 Event: ULOG_EXECUTE for HTCondor Node create_dir_add_thumbs_0_local (17.0.0) {07/15/20 18:13:18}
07/15/20 18:13:22 Number of idle job procs: 0
07/15/20 18:13:22 Event: ULOG_JOB_TERMINATED for HTCondor Node create_dir_add_thumbs_0_local (17.0.0) {07/15/20 18:13:20}
07/15/20 18:13:22 Number of idle job procs: 0
07/15/20 18:13:22 Node create_dir_add_thumbs_0_local job proc (17.0.0) completed successfully.
07/15/20 18:13:22 Node create_dir_add_thumbs_0_local job completed
07/15/20 18:13:22 Running POST script of Node create_dir_add_thumbs_0_local...
07/15/20 18:13:22 Warning: mysin has length 0 (ignore if produced by DAGMan; see gittrac #4987, #5031)
07/15/20 18:13:22 DAG status: 0 (DAG_STATUS_OK)
07/15/20 18:13:22 Of 8 nodes total:
07/15/20 18:13:22  Done     Pre   Queued    Post   Ready   Un-Ready   Failed
07/15/20 18:13:22   ===     ===      ===     ===     ===        ===      ===
07/15/20 18:13:22     0       0        0       1       0          7        0
07/15/20 18:13:22 0 job proc(s) currently held
07/15/20 18:13:22 DAGMan Runtime Statistics: [ EventCycleTimeStd = 0.0430150032043457; EventCycleTimeMax = 0.0430150032043457; SubmitCycleTimeMin = 0.00074005126953125; SubmitCycleTimeAvg = 0.01923656463623047; SleepCycleTimeCount = 1.0; SubmitCycleTimeCount = 2.0; SubmitCycleTimeMax = 0.03773307800292969; SleepCycleTimeMin = 5.00416111946106; SubmitCycleTimeSum = 0.03847312927246094; LogProcessCycleTimeStd = 0.01829719543457031; SubmitCycleTimeStd = 0.02615802005980127; LogProcessCycleTimeAvg = 0.01829719543457031; EventCycleTimeMin = 0.0430150032043457; LogProcessCycleTimeMax = 0.01829719543457031; LogProcessCycleTimeMin = 0.01829719543457031; LogProcessCycleTimeSum = 0.01829719543457031; LogProcessCycleTimeCount = 1.0; EventCycleTimeSum = 0.0430150032043457; SleepCycleTimeSum = 5.00416111946106; SleepCycleTimeAvg = 5.00416111946106; SleepCycleTimeStd = 5.00416111946106; SleepCycleTimeMax = 5.00416111946106; EventCycleTimeCount = 1.0; EventCycleTimeAvg = 0.0430150032043457; ]
07/15/20 18:13:22 Initializing user log writer for /home/scitech/shared-data/Workflow/Workflow4/scitech/pegasus/add_thumbs/run0003/./add_thumbs-0.dag.nodes.log, (17.0.0)
07/15/20 18:13:27 Currently monitoring 1 HTCondor log file(s)
07/15/20 18:13:27 Event: ULOG_POST_SCRIPT_TERMINATED for HTCondor Node create_dir_add_thumbs_0_local (17.0.0) {07/15/20 18:13:22}
07/15/20 18:13:27 POST Script of node create_dir_add_thumbs_0_local completed successfully.
07/15/20 18:13:27 DAG status: 0 (DAG_STATUS_OK)
07/15/20 18:13:27 Of 8 nodes total:
07/15/20 18:13:27  Done     Pre   Queued    Post   Ready   Un-Ready   Failed
07/15/20 18:13:27   ===     ===      ===     ===     ===        ===      ===
07/15/20 18:13:27     1       0        0       0       1          6        0
07/15/20 18:13:27 0 job proc(s) currently held
07/15/20 18:13:27 DAGMan Runtime Statistics: [ EventCycleTimeStd = 0.01238645301516962; EventCycleTimeMax = 0.0430150032043457; SubmitCycleTimeMin = 0.0003449916839599609; SubmitCycleTimeAvg = 0.0129393736521403; SleepCycleTimeCount = 2.0; SubmitCycleTimeCount = 3.0; SubmitCycleTimeMax = 0.03773307800292969; SleepCycleTimeMin = 5.00416111946106; SubmitCycleTimeSum = 0.0388181209564209; LogProcessCycleTimeStd = 0.01046539966004308; SubmitCycleTimeStd = 0.02147288638247784; LogProcessCycleTimeAvg = 0.01089704036712646; EventCycleTimeMin = 0.0254979133605957; LogProcessCycleTimeMax = 0.01829719543457031; LogProcessCycleTimeMin = 0.003496885299682617; LogProcessCycleTimeSum = 0.02179408073425293; LogProcessCycleTimeCount = 2.0; EventCycleTimeSum = 0.06851291656494141; SleepCycleTimeSum = 10.22482514381409; SleepCycleTimeAvg = 5.112412571907043; SleepCycleTimeStd = 0.1530906721956966; SleepCycleTimeMax = 5.220664024353027; EventCycleTimeCount = 2.0; EventCycleTimeAvg = 0.0342564582824707; ]
07/15/20 18:13:32 Submitting HTCondor Node stage_in_local_local_0_0 job(s)...
07/15/20 18:13:32 Adding a DAGMan workflow log /home/scitech/shared-data/Workflow/Workflow4/scitech/pegasus/add_thumbs/run0003/./add_thumbs-0.dag.nodes.log
07/15/20 18:13:32 Masking the events recorded in the DAGMAN workflow log
07/15/20 18:13:32 Mask for workflow log is 0,1,2,4,5,7,9,10,11,12,13,16,17,24,27,35,36
07/15/20 18:13:32 submitting: /usr/bin/condor_submit -a dag_node_name' '=' 'stage_in_local_local_0_0 -a +DAGManJobId' '=' '16 -a DAGManJobId' '=' '16 -batch-name add_thumbs-0.dag+16 -a submit_event_notes' '=' 'DAG' 'Node:' 'stage_in_local_local_0_0 -a dagman_log' '=' '/home/scitech/shared-data/Workflow/Workflow4/scitech/pegasus/add_thumbs/run0003/./add_thumbs-0.dag.nodes.log -a +DAGManNodesMask' '=' '"0,1,2,4,5,7,9,10,11,12,13,16,17,24,27,35,36" -a priority=700 -a +DAGNodeRetry' '=' '0 -a DAG_STATUS' '=' '0 -a FAILED_COUNT' '=' '0 -a +KeepClaimIdle' '=' '20 -a notification' '=' 'never -a +DAGParentNodeNames' '=' '"create_dir_add_thumbs_0_local" 00/00/stage_in_local_local_0_0.sub
07/15/20 18:13:32 From submit: Submitting job(s).
07/15/20 18:13:32 From submit: 1 job(s) submitted to cluster 18.
07/15/20 18:13:32 	assigned HTCondor ID (18.0.0)
07/15/20 18:13:32 Just submitted 1 job this cycle...
07/15/20 18:13:32 DAG status: 0 (DAG_STATUS_OK)
07/15/20 18:13:32 Of 8 nodes total:
07/15/20 18:13:32  Done     Pre   Queued    Post   Ready   Un-Ready   Failed
07/15/20 18:13:32   ===     ===      ===     ===     ===        ===      ===
07/15/20 18:13:32     1       0        1       0       0          6        0
07/15/20 18:13:32 0 job proc(s) currently held
07/15/20 18:13:32 DAGMan Runtime Statistics: [ EventCycleTimeStd = 0.01679774540966517; EventCycleTimeMax = 0.0430150032043457; SubmitCycleTimeMin = 0.0003449916839599609; SubmitCycleTimeAvg = 0.02021080255508423; SleepCycleTimeCount = 3.0; SubmitCycleTimeCount = 4.0; SubmitCycleTimeMax = 0.04202508926391602; SleepCycleTimeMin = 5.00416111946106; SubmitCycleTimeSum = 0.08084321022033691; LogProcessCycleTimeStd = 0.01046539966004308; SubmitCycleTimeStd = 0.0227790388930732; LogProcessCycleTimeAvg = 0.01089704036712646; EventCycleTimeMin = 0.009429931640625; LogProcessCycleTimeMax = 0.01829719543457031; LogProcessCycleTimeMin = 0.003496885299682617; LogProcessCycleTimeSum = 0.02179408073425293; LogProcessCycleTimeCount = 2.0; EventCycleTimeSum = 0.07794284820556641; SleepCycleTimeSum = 15.23186135292053; SleepCycleTimeAvg = 5.077287117640178; SleepCycleTimeStd = 0.1241763647761581; SleepCycleTimeMax = 5.220664024353027; EventCycleTimeCount = 3.0; EventCycleTimeAvg = 0.02598094940185547; ]
07/15/20 18:13:37 Currently monitoring 1 HTCondor log file(s)
07/15/20 18:13:37 Reassigning the id of job stage_in_local_local_0_0 from (18.0.0) to (18.0.0)
07/15/20 18:13:37 Event: ULOG_SUBMIT for HTCondor Node stage_in_local_local_0_0 (18.0.0) {07/15/20 18:13:32}
07/15/20 18:13:37 Number of idle job procs: 1
07/15/20 18:13:37 Event: ULOG_EXECUTE for HTCondor Node stage_in_local_local_0_0 (18.0.0) {07/15/20 18:13:35}
07/15/20 18:13:37 Number of idle job procs: 0
07/15/20 18:18:19 Received SIGUSR1
07/15/20 18:18:19 Aborting DAG...
07/15/20 18:18:19 Writing Rescue DAG to add_thumbs-0.dag.rescue001...
07/15/20 18:18:19 Removing submitted jobs...
07/15/20 18:18:19 Removing any/all submitted HTCondor jobs...
07/15/20 18:18:19 Running: /usr/bin/condor_rm -const DAGManJobId' '=?=' '16
07/15/20 18:18:19 Note: 0 total job deferrals because of -MaxJobs limit (0)
07/15/20 18:18:19 Note: 0 total job deferrals because of -MaxIdle limit (1000)
07/15/20 18:18:19 Note: 0 total job deferrals because of node category throttles
07/15/20 18:18:19 Note: 0 total PRE script deferrals because of -MaxPre limit (20) or DEFER
07/15/20 18:18:19 Note: 0 total POST script deferrals because of -MaxPost limit (20) or DEFER
07/15/20 18:18:19 DAG status: 4 (DAG_STATUS_RM)
07/15/20 18:18:19 Of 8 nodes total:
07/15/20 18:18:19  Done     Pre   Queued    Post   Ready   Un-Ready   Failed
07/15/20 18:18:19   ===     ===      ===     ===     ===        ===      ===
07/15/20 18:18:19     1       0        1       0       0          6        0
07/15/20 18:18:19 0 job proc(s) currently held
07/15/20 18:18:19 DAGMan Runtime Statistics: [ EventCycleTimeStd = 0.008307334117040332; EventCycleTimeMax = 0.04642391204833984; SubmitCycleTimeMin = 0.0002171993255615234; SubmitCycleTimeAvg = 0.001954883825583536; SleepCycleTimeCount = 60.0; SubmitCycleTimeCount = 61.0; SubmitCycleTimeMax = 0.04202508926391602; SleepCycleTimeMin = 4.968937873840332; SubmitCycleTimeSum = 0.1192479133605957; LogProcessCycleTimeStd = 0.007602119015755631; SubmitCycleTimeStd = 0.007055352769973328; LogProcessCycleTimeAvg = 0.009892066319783529; EventCycleTimeMin = 0.0004739761352539062; LogProcessCycleTimeMax = 0.01829719543457031; LogProcessCycleTimeMin = 0.003496885299682617; LogProcessCycleTimeSum = 0.02967619895935059; LogProcessCycleTimeCount = 3.0; EventCycleTimeSum = 0.2338790893554688; SleepCycleTimeSum = 300.3160419464111; SleepCycleTimeAvg = 5.005267365773519; SleepCycleTimeStd = 0.03066852491647432; SleepCycleTimeMax = 5.220664024353027; EventCycleTimeCount = 61.0; EventCycleTimeAvg = 0.003834083432056865; ]
07/15/20 18:18:19 Wrote metrics file add_thumbs-0.dag.metrics.
07/15/20 18:18:19 Reporting metrics to Pegasus metrics server(s); output is in add_thumbs-0.dag.metrics.out.
07/15/20 18:18:19 Running command </usr/libexec/condor/condor_dagman_metrics_reporter -f add_thumbs-0.dag.metrics -s -t 100>
07/15/20 18:18:19 Warning: mysin has length 0 (ignore if produced by DAGMan; see gittrac #4987, #5031)
07/15/20 18:18:19 DAGMan Runtime Statistics: [ EventCycleTimeStd = 0.008307334117040332; EventCycleTimeMax = 0.04642391204833984; SubmitCycleTimeMin = 0.0002171993255615234; SubmitCycleTimeAvg = 0.001954883825583536; SleepCycleTimeCount = 60.0; SubmitCycleTimeCount = 61.0; SubmitCycleTimeMax = 0.04202508926391602; SleepCycleTimeMin = 4.968937873840332; SubmitCycleTimeSum = 0.1192479133605957; LogProcessCycleTimeStd = 0.007602119015755631; SubmitCycleTimeStd = 0.007055352769973328; LogProcessCycleTimeAvg = 0.009892066319783529; EventCycleTimeMin = 0.0004739761352539062; LogProcessCycleTimeMax = 0.01829719543457031; LogProcessCycleTimeMin = 0.003496885299682617; LogProcessCycleTimeSum = 0.02967619895935059; LogProcessCycleTimeCount = 3.0; EventCycleTimeSum = 0.2338790893554688; SleepCycleTimeSum = 300.3160419464111; SleepCycleTimeAvg = 5.005267365773519; SleepCycleTimeStd = 0.03066852491647432; SleepCycleTimeMax = 5.220664024353027; EventCycleTimeCount = 61.0; EventCycleTimeAvg = 0.003834083432056865; ]
07/15/20 18:18:19 **** condor_scheduniv_exec.16.0 (condor_DAGMAN) pid 28713 EXITING WITH STATUS 2
