07/22/20 12:00:09 ******************************************************
07/22/20 12:00:09 ** condor_scheduniv_exec.1.0 (CONDOR_DAGMAN) STARTING UP
07/22/20 12:00:09 ** /usr/bin/condor_dagman
07/22/20 12:00:09 ** SubsystemInfo: name=DAGMAN type=DAGMAN(10) class=DAEMON(1)
07/22/20 12:00:09 ** Configuration: subsystem:DAGMAN local:<NONE> class:DAEMON
07/22/20 12:00:09 ** $CondorVersion: 8.8.9 May 06 2020 BuildID: 503068 PackageID: 8.8.9-1 $
07/22/20 12:00:09 ** $CondorPlatform: x86_64_CentOS7 $
07/22/20 12:00:09 ** PID = 628
07/22/20 12:00:09 ** Log last touched time unavailable (No such file or directory)
07/22/20 12:00:09 ******************************************************
07/22/20 12:00:09 Using config source: /etc/condor/condor_config
07/22/20 12:00:09 Using local config sources: 
07/22/20 12:00:09    /etc/condor/config.d/00-minicondor
07/22/20 12:00:09    /etc/condor/condor_config.local
07/22/20 12:00:09 config Macros = 81, Sorted = 81, StringBytes = 2233, TablesBytes = 2964
07/22/20 12:00:09 CLASSAD_CACHING is ENABLED
07/22/20 12:00:09 Daemon Log is logging: D_ALWAYS D_ERROR
07/22/20 12:00:09 DaemonCore: No command port requested.
07/22/20 12:00:09 DAGMAN_USE_STRICT setting: 1
07/22/20 12:00:09 DAGMAN_VERBOSITY setting: 3
07/22/20 12:00:09 DAGMAN_DEBUG_CACHE_SIZE setting: 5242880
07/22/20 12:00:09 DAGMAN_DEBUG_CACHE_ENABLE setting: False
07/22/20 12:00:09 DAGMAN_SUBMIT_DELAY setting: 0
07/22/20 12:00:09 DAGMAN_MAX_SUBMIT_ATTEMPTS setting: 6
07/22/20 12:00:09 DAGMAN_STARTUP_CYCLE_DETECT setting: False
07/22/20 12:00:09 DAGMAN_MAX_SUBMITS_PER_INTERVAL setting: 100
07/22/20 12:00:09 DAGMAN_AGGRESSIVE_SUBMIT setting: False
07/22/20 12:00:09 DAGMAN_USER_LOG_SCAN_INTERVAL setting: 5
07/22/20 12:00:09 DAGMAN_QUEUE_UPDATE_INTERVAL setting: 300
07/22/20 12:00:09 DAGMAN_DEFAULT_PRIORITY setting: 0
07/22/20 12:00:09 DAGMAN_SUPPRESS_NOTIFICATION setting: True
07/22/20 12:00:09 allow_events (DAGMAN_ALLOW_EVENTS) setting: 114
07/22/20 12:00:09 DAGMAN_RETRY_SUBMIT_FIRST setting: True
07/22/20 12:00:09 DAGMAN_RETRY_NODE_FIRST setting: False
07/22/20 12:00:09 DAGMAN_MAX_JOBS_IDLE setting: 1000
07/22/20 12:00:09 DAGMAN_MAX_JOBS_SUBMITTED setting: 0
07/22/20 12:00:09 DAGMAN_MAX_PRE_SCRIPTS setting: 20
07/22/20 12:00:09 DAGMAN_MAX_POST_SCRIPTS setting: 20
07/22/20 12:00:09 DAGMAN_MUNGE_NODE_NAMES setting: True
07/22/20 12:00:09 DAGMAN_PROHIBIT_MULTI_JOBS setting: False
07/22/20 12:00:09 DAGMAN_SUBMIT_DEPTH_FIRST setting: False
07/22/20 12:00:09 DAGMAN_ALWAYS_RUN_POST setting: False
07/22/20 12:00:09 DAGMAN_CONDOR_SUBMIT_EXE setting: /usr/bin/condor_submit
07/22/20 12:00:09 DAGMAN_USE_CONDOR_SUBMIT setting: True
07/22/20 12:00:09 DAGMAN_ABORT_DUPLICATES setting: True
07/22/20 12:00:09 DAGMAN_ABORT_ON_SCARY_SUBMIT setting: True
07/22/20 12:00:09 DAGMAN_PENDING_REPORT_INTERVAL setting: 600
07/22/20 12:00:09 DAGMAN_AUTO_RESCUE setting: True
07/22/20 12:00:09 DAGMAN_MAX_RESCUE_NUM setting: 100
07/22/20 12:00:09 DAGMAN_WRITE_PARTIAL_RESCUE setting: True
07/22/20 12:00:09 DAGMAN_DEFAULT_NODE_LOG setting: @(DAG_DIR)/@(DAG_FILE).nodes.log
07/22/20 12:00:09 DAGMAN_GENERATE_SUBDAG_SUBMITS setting: True
07/22/20 12:00:09 DAGMAN_MAX_JOB_HOLDS setting: 100
07/22/20 12:00:09 DAGMAN_HOLD_CLAIM_TIME setting: 20
07/22/20 12:00:09 ALL_DEBUG setting: 
07/22/20 12:00:09 DAGMAN_DEBUG setting: 
07/22/20 12:00:09 DAGMAN_SUPPRESS_JOB_LOGS setting: False
07/22/20 12:00:09 DAGMAN_REMOVE_NODE_JOBS setting: True
07/22/20 12:00:09 argv[0] == "condor_scheduniv_exec.1.0"
07/22/20 12:00:09 argv[1] == "-Lockfile"
07/22/20 12:00:09 argv[2] == "helloworld-0.dag.lock"
07/22/20 12:00:09 argv[3] == "-AutoRescue"
07/22/20 12:00:09 argv[4] == "1"
07/22/20 12:00:09 argv[5] == "-DoRescueFrom"
07/22/20 12:00:09 argv[6] == "0"
07/22/20 12:00:09 argv[7] == "-Dag"
07/22/20 12:00:09 argv[8] == "helloworld-0.dag"
07/22/20 12:00:09 argv[9] == "-MaxPost"
07/22/20 12:00:09 argv[10] == "20"
07/22/20 12:00:09 argv[11] == "-Suppress_notification"
07/22/20 12:00:09 argv[12] == "-CsdVersion"
07/22/20 12:00:09 argv[13] == "$CondorVersion: 8.8.9 May 06 2020 BuildID: 503068 PackageID: 8.8.9-1 $"
07/22/20 12:00:09 argv[14] == "-Dagman"
07/22/20 12:00:09 argv[15] == "/bin/condor_dagman"
07/22/20 12:00:09 Workflow batch-name: <helloworld-0.dag+1>
07/22/20 12:00:09 Workflow accounting_group: <>
07/22/20 12:00:09 Workflow accounting_group_user: <>
07/22/20 12:00:09 Warning: failed to get attribute DAGNodeName
07/22/20 12:00:09 DAGMAN_LOG_ON_NFS_IS_ERROR setting: False
07/22/20 12:00:09 Default node log file is: </home/scitech/shared-data/Workflow1/scitech/pegasus/helloworld/run0003/./helloworld-0.dag.nodes.log>
07/22/20 12:00:09 DAG Lockfile will be written to helloworld-0.dag.lock
07/22/20 12:00:09 DAG Input file is helloworld-0.dag
07/22/20 12:00:09 Parsing 1 dagfiles
07/22/20 12:00:09 Parsing helloworld-0.dag ...
07/22/20 12:00:09 Warning:  could not open Pegasus braindump file braindump.txt
07/22/20 12:00:09 Warning: category stagein has no assigned nodes, so the throttle setting (10) will have no effect
07/22/20 12:00:09 Dag contains 6 total jobs
07/22/20 12:00:09 Sleeping for 3 seconds to ensure ProcessId uniqueness
07/22/20 12:00:12 Bootstrapping...
07/22/20 12:00:12 Number of pre-completed nodes: 0
07/22/20 12:00:12 MultiLogFiles: truncating log file /home/scitech/shared-data/Workflow1/scitech/pegasus/helloworld/run0003/./helloworld-0.dag.nodes.log
07/22/20 12:00:12 DAG status: 0 (DAG_STATUS_OK)
07/22/20 12:00:12 Of 6 nodes total:
07/22/20 12:00:12  Done     Pre   Queued    Post   Ready   Un-Ready   Failed
07/22/20 12:00:12   ===     ===      ===     ===     ===        ===      ===
07/22/20 12:00:12     0       0        0       0       1          5        0
07/22/20 12:00:12 0 job proc(s) currently held
07/22/20 12:00:12 DAGMan Runtime Statistics: [ EventCycleTimeSum = 0.0; EventCycleTimeCount = 0.0; SleepCycleTimeCount = 0.0; SubmitCycleTimeSum = 0.0; SubmitCycleTimeCount = 0.0; LogProcessCycleTimeSum = 0.0; SleepCycleTimeSum = 0.0; LogProcessCycleTimeCount = 0.0; ]
07/22/20 12:00:12 Registering condor_event_timer...
07/22/20 12:00:13 Submitting HTCondor Node create_dir_helloworld_0_local job(s)...
07/22/20 12:00:13 Adding a DAGMan workflow log /home/scitech/shared-data/Workflow1/scitech/pegasus/helloworld/run0003/./helloworld-0.dag.nodes.log
07/22/20 12:00:13 Masking the events recorded in the DAGMAN workflow log
07/22/20 12:00:13 Mask for workflow log is 0,1,2,4,5,7,9,10,11,12,13,16,17,24,27,35,36
07/22/20 12:00:13 submitting: /usr/bin/condor_submit -a dag_node_name' '=' 'create_dir_helloworld_0_local -a +DAGManJobId' '=' '1 -a DAGManJobId' '=' '1 -batch-name helloworld-0.dag+1 -a submit_event_notes' '=' 'DAG' 'Node:' 'create_dir_helloworld_0_local -a dagman_log' '=' '/home/scitech/shared-data/Workflow1/scitech/pegasus/helloworld/run0003/./helloworld-0.dag.nodes.log -a +DAGManNodesMask' '=' '"0,1,2,4,5,7,9,10,11,12,13,16,17,24,27,35,36" -a priority=800 -a +DAGNodeRetry' '=' '0 -a DAG_STATUS' '=' '0 -a FAILED_COUNT' '=' '0 -a +KeepClaimIdle' '=' '20 -a notification' '=' 'never -a +DAGParentNodeNames' '=' '"" 00/00/create_dir_helloworld_0_local.sub
07/22/20 12:00:13 From submit: Submitting job(s).
07/22/20 12:00:13 From submit: 1 job(s) submitted to cluster 2.
07/22/20 12:00:13 	assigned HTCondor ID (2.0.0)
07/22/20 12:00:13 Just submitted 1 job this cycle...
07/22/20 12:00:13 DAG status: 0 (DAG_STATUS_OK)
07/22/20 12:00:13 Of 6 nodes total:
07/22/20 12:00:13  Done     Pre   Queued    Post   Ready   Un-Ready   Failed
07/22/20 12:00:13   ===     ===      ===     ===     ===        ===      ===
07/22/20 12:00:13     0       0        1       0       0          5        0
07/22/20 12:00:13 0 job proc(s) currently held
07/22/20 12:00:13 DAGMan Runtime Statistics: [ EventCycleTimeCount = 0.0; EventCycleTimeSum = 0.0; LogProcessCycleTimeCount = 0.0; SleepCycleTimeSum = 0.0; LogProcessCycleTimeSum = 0.0; SubmitCycleTimeCount = 1.0; SubmitCycleTimeMax = 0.04902791976928711; SubmitCycleTimeMin = 0.04902791976928711; SubmitCycleTimeAvg = 0.04902791976928711; SubmitCycleTimeStd = 0.04902791976928711; SubmitCycleTimeSum = 0.04902791976928711; SleepCycleTimeCount = 0.0; ]
07/22/20 12:00:18 Currently monitoring 1 HTCondor log file(s)
07/22/20 12:00:18 Reassigning the id of job create_dir_helloworld_0_local from (2.0.0) to (2.0.0)
07/22/20 12:00:18 Event: ULOG_SUBMIT for HTCondor Node create_dir_helloworld_0_local (2.0.0) {07/22/20 12:00:13}
07/22/20 12:00:18 Number of idle job procs: 1
07/22/20 12:00:18 Event: ULOG_EXECUTE for HTCondor Node create_dir_helloworld_0_local (2.0.0) {07/22/20 12:00:14}
07/22/20 12:00:18 Number of idle job procs: 0
07/22/20 12:00:18 Event: ULOG_JOB_TERMINATED for HTCondor Node create_dir_helloworld_0_local (2.0.0) {07/22/20 12:00:16}
07/22/20 12:00:18 Number of idle job procs: 0
07/22/20 12:00:18 Node create_dir_helloworld_0_local job proc (2.0.0) completed successfully.
07/22/20 12:00:18 Node create_dir_helloworld_0_local job completed
07/22/20 12:00:18 Running POST script of Node create_dir_helloworld_0_local...
07/22/20 12:00:18 Warning: mysin has length 0 (ignore if produced by DAGMan; see gittrac #4987, #5031)
07/22/20 12:00:18 DAG status: 0 (DAG_STATUS_OK)
07/22/20 12:00:18 Of 6 nodes total:
07/22/20 12:00:18  Done     Pre   Queued    Post   Ready   Un-Ready   Failed
07/22/20 12:00:18   ===     ===      ===     ===     ===        ===      ===
07/22/20 12:00:18     0       0        0       1       0          5        0
07/22/20 12:00:18 0 job proc(s) currently held
07/22/20 12:00:18 DAGMan Runtime Statistics: [ EventCycleTimeStd = 0.05455589294433594; EventCycleTimeMax = 0.05455589294433594; SubmitCycleTimeMin = 0.0003080368041992188; SubmitCycleTimeAvg = 0.02466797828674316; SleepCycleTimeCount = 1.0; SubmitCycleTimeCount = 2.0; SubmitCycleTimeMax = 0.04902791976928711; SleepCycleTimeMin = 5.005459070205688; SubmitCycleTimeSum = 0.04933595657348633; LogProcessCycleTimeStd = 0.0153040885925293; SubmitCycleTimeStd = 0.03445015962322861; LogProcessCycleTimeAvg = 0.0153040885925293; EventCycleTimeMin = 0.05455589294433594; LogProcessCycleTimeMax = 0.0153040885925293; LogProcessCycleTimeMin = 0.0153040885925293; LogProcessCycleTimeSum = 0.0153040885925293; LogProcessCycleTimeCount = 1.0; EventCycleTimeSum = 0.05455589294433594; SleepCycleTimeSum = 5.005459070205688; SleepCycleTimeAvg = 5.005459070205688; SleepCycleTimeStd = 5.005459070205688; SleepCycleTimeMax = 5.005459070205688; EventCycleTimeCount = 1.0; EventCycleTimeAvg = 0.05455589294433594; ]
07/22/20 12:00:18 Initializing user log writer for /home/scitech/shared-data/Workflow1/scitech/pegasus/helloworld/run0003/./helloworld-0.dag.nodes.log, (2.0.0)
07/22/20 12:00:23 Currently monitoring 1 HTCondor log file(s)
07/22/20 12:00:23 Event: ULOG_POST_SCRIPT_TERMINATED for HTCondor Node create_dir_helloworld_0_local (2.0.0) {07/22/20 12:00:18}
07/22/20 12:00:23 POST Script of node create_dir_helloworld_0_local completed successfully.
07/22/20 12:00:23 DAG status: 0 (DAG_STATUS_OK)
07/22/20 12:00:23 Of 6 nodes total:
07/22/20 12:00:23  Done     Pre   Queued    Post   Ready   Un-Ready   Failed
07/22/20 12:00:23   ===     ===      ===     ===     ===        ===      ===
07/22/20 12:00:23     1       0        0       0       1          4        0
07/22/20 12:00:23 0 job proc(s) currently held
07/22/20 12:00:23 DAGMan Runtime Statistics: [ EventCycleTimeStd = 0.02461426529254425; EventCycleTimeMax = 0.05455589294433594; SubmitCycleTimeMin = 0.0003080368041992188; SubmitCycleTimeAvg = 0.01661332448323568; SleepCycleTimeCount = 2.0; SubmitCycleTimeCount = 3.0; SubmitCycleTimeMax = 0.04902791976928711; SleepCycleTimeMin = 5.005459070205688; SubmitCycleTimeSum = 0.04983997344970703; LogProcessCycleTimeStd = 0.007908266067190112; SubmitCycleTimeStd = 0.02807203399677405; LogProcessCycleTimeAvg = 0.009712100028991699; EventCycleTimeMin = 0.01974606513977051; LogProcessCycleTimeMax = 0.0153040885925293; LogProcessCycleTimeMin = 0.004120111465454102; LogProcessCycleTimeSum = 0.0194242000579834; LogProcessCycleTimeCount = 2.0; EventCycleTimeSum = 0.07430195808410645; SleepCycleTimeSum = 10.23651003837585; SleepCycleTimeAvg = 5.118255019187927; SleepCycleTimeStd = 0.1595175608314258; SleepCycleTimeMax = 5.231050968170166; EventCycleTimeCount = 2.0; EventCycleTimeAvg = 0.03715097904205322; ]
07/22/20 12:00:28 Submitting HTCondor Node echo_ID0000001 job(s)...
07/22/20 12:00:28 Adding a DAGMan workflow log /home/scitech/shared-data/Workflow1/scitech/pegasus/helloworld/run0003/./helloworld-0.dag.nodes.log
07/22/20 12:00:28 Masking the events recorded in the DAGMAN workflow log
07/22/20 12:00:28 Mask for workflow log is 0,1,2,4,5,7,9,10,11,12,13,16,17,24,27,35,36
07/22/20 12:00:28 submitting: /usr/bin/condor_submit -a dag_node_name' '=' 'echo_ID0000001 -a +DAGManJobId' '=' '1 -a DAGManJobId' '=' '1 -batch-name helloworld-0.dag+1 -a submit_event_notes' '=' 'DAG' 'Node:' 'echo_ID0000001 -a dagman_log' '=' '/home/scitech/shared-data/Workflow1/scitech/pegasus/helloworld/run0003/./helloworld-0.dag.nodes.log -a +DAGManNodesMask' '=' '"0,1,2,4,5,7,9,10,11,12,13,16,17,24,27,35,36" -a priority=10 -a +DAGNodeRetry' '=' '0 -a DAG_STATUS' '=' '0 -a FAILED_COUNT' '=' '0 -a +KeepClaimIdle' '=' '20 -a notification' '=' 'never -a +DAGParentNodeNames' '=' '"create_dir_helloworld_0_local" 00/00/echo_ID0000001.sub
07/22/20 12:00:29 From submit: Submitting job(s).
07/22/20 12:00:29 From submit: 1 job(s) submitted to cluster 3.
07/22/20 12:00:29 	assigned HTCondor ID (3.0.0)
07/22/20 12:00:29 Just submitted 1 job this cycle...
07/22/20 12:00:29 DAG status: 0 (DAG_STATUS_OK)
07/22/20 12:00:29 Of 6 nodes total:
07/22/20 12:00:29  Done     Pre   Queued    Post   Ready   Un-Ready   Failed
07/22/20 12:00:29   ===     ===      ===     ===     ===        ===      ===
07/22/20 12:00:29     1       0        1       0       0          4        0
07/22/20 12:00:29 0 job proc(s) currently held
07/22/20 12:00:29 DAGMan Runtime Statistics: [ EventCycleTimeStd = 0.02326947157795669; EventCycleTimeMax = 0.05455589294433594; SubmitCycleTimeMin = 0.0003080368041992188; SubmitCycleTimeAvg = 0.02624475955963135; SleepCycleTimeCount = 3.0; SubmitCycleTimeCount = 4.0; SubmitCycleTimeMax = 0.05513906478881836; SleepCycleTimeMin = 5.005459070205688; SubmitCycleTimeSum = 0.1049790382385254; LogProcessCycleTimeStd = 0.007908266067190112; SubmitCycleTimeStd = 0.0299402331598691; LogProcessCycleTimeAvg = 0.009712100028991699; EventCycleTimeMin = 0.01040005683898926; LogProcessCycleTimeMax = 0.0153040885925293; LogProcessCycleTimeMin = 0.004120111465454102; LogProcessCycleTimeSum = 0.0194242000579834; LogProcessCycleTimeCount = 2.0; EventCycleTimeSum = 0.0847020149230957; SleepCycleTimeSum = 15.24429798126221; SleepCycleTimeAvg = 5.081432660420735; SleepCycleTimeStd = 0.1295784874982938; SleepCycleTimeMax = 5.231050968170166; EventCycleTimeCount = 3.0; EventCycleTimeAvg = 0.02823400497436523; ]
07/22/20 12:00:34 Currently monitoring 1 HTCondor log file(s)
07/22/20 12:00:34 Reassigning the id of job echo_ID0000001 from (3.0.0) to (3.0.0)
07/22/20 12:00:34 Event: ULOG_SUBMIT for HTCondor Node echo_ID0000001 (3.0.0) {07/22/20 12:00:29}
07/22/20 12:00:34 Number of idle job procs: 1
07/22/20 12:00:39 Currently monitoring 1 HTCondor log file(s)
07/22/20 12:00:39 Event: ULOG_EXECUTE for HTCondor Node echo_ID0000001 (3.0.0) {07/22/20 12:00:35}
07/22/20 12:00:39 Number of idle job procs: 0
07/22/20 12:00:39 Event: ULOG_JOB_TERMINATED for HTCondor Node echo_ID0000001 (3.0.0) {07/22/20 12:00:36}
07/22/20 12:00:39 Number of idle job procs: 0
07/22/20 12:00:39 Node echo_ID0000001 job proc (3.0.0) completed successfully.
07/22/20 12:00:39 Node echo_ID0000001 job completed
07/22/20 12:00:39 Running POST script of Node echo_ID0000001...
07/22/20 12:00:39 Warning: mysin has length 0 (ignore if produced by DAGMan; see gittrac #4987, #5031)
07/22/20 12:00:39 DAG status: 0 (DAG_STATUS_OK)
07/22/20 12:00:39 Of 6 nodes total:
07/22/20 12:00:39  Done     Pre   Queued    Post   Ready   Un-Ready   Failed
07/22/20 12:00:39   ===     ===      ===     ===     ===        ===      ===
07/22/20 12:00:39     1       0        0       1       0          4        0
07/22/20 12:00:39 0 job proc(s) currently held
07/22/20 12:00:39 DAGMan Runtime Statistics: [ EventCycleTimeStd = 0.02507702219231411; EventCycleTimeMax = 0.0606539249420166; SubmitCycleTimeMin = 0.0003080368041992188; SubmitCycleTimeAvg = 0.01772467295328776; SleepCycleTimeCount = 5.0; SubmitCycleTimeCount = 6.0; SubmitCycleTimeMax = 0.05513906478881836; SleepCycleTimeMin = 5.000571966171265; SubmitCycleTimeSum = 0.1063480377197266; LogProcessCycleTimeStd = 0.006103093632421875; SubmitCycleTimeStd = 0.02668470314154746; LogProcessCycleTimeAvg = 0.01049107313156128; EventCycleTimeMin = 0.00796198844909668; LogProcessCycleTimeMax = 0.01610612869262695; LogProcessCycleTimeMin = 0.004120111465454102; LogProcessCycleTimeSum = 0.04196429252624512; LogProcessCycleTimeCount = 4.0; EventCycleTimeSum = 0.153317928314209; SleepCycleTimeSum = 25.2505419254303; SleepCycleTimeAvg = 5.05010838508606; SleepCycleTimeStd = 0.1011845474792388; SleepCycleTimeMax = 5.231050968170166; EventCycleTimeCount = 5.0; EventCycleTimeAvg = 0.0306635856628418; ]
07/22/20 12:00:39 Initializing user log writer for /home/scitech/shared-data/Workflow1/scitech/pegasus/helloworld/run0003/./helloworld-0.dag.nodes.log, (3.0.0)
07/22/20 12:00:44 Currently monitoring 1 HTCondor log file(s)
07/22/20 12:00:44 Event: ULOG_POST_SCRIPT_TERMINATED for HTCondor Node echo_ID0000001 (3.0.0) {07/22/20 12:00:39}
07/22/20 12:00:44 POST Script of node echo_ID0000001 completed successfully.
07/22/20 12:00:44 DAG status: 0 (DAG_STATUS_OK)
07/22/20 12:00:44 Of 6 nodes total:
07/22/20 12:00:44  Done     Pre   Queued    Post   Ready   Un-Ready   Failed
07/22/20 12:00:44   ===     ===      ===     ===     ===        ===      ===
07/22/20 12:00:44     2       0        0       0       1          3        0
07/22/20 12:00:44 0 job proc(s) currently held
07/22/20 12:00:44 DAGMan Runtime Statistics: [ EventCycleTimeStd = 0.02259878476786505; EventCycleTimeMax = 0.0606539249420166; SubmitCycleTimeMin = 0.0003080368041992188; SubmitCycleTimeAvg = 0.01529015813555036; SleepCycleTimeCount = 6.0; SubmitCycleTimeCount = 7.0; SubmitCycleTimeMax = 0.05513906478881836; SleepCycleTimeMin = 5.000571966171265; SubmitCycleTimeSum = 0.1070311069488525; LogProcessCycleTimeStd = 0.005811606714217375; SubmitCycleTimeStd = 0.02519687523440638; LogProcessCycleTimeAvg = 0.009410429000854491; EventCycleTimeMin = 0.00796198844909668; LogProcessCycleTimeMax = 0.01610612869262695; LogProcessCycleTimeMin = 0.004120111465454102; LogProcessCycleTimeSum = 0.04705214500427246; LogProcessCycleTimeCount = 5.0; EventCycleTimeSum = 0.1772201061248779; SleepCycleTimeSum = 30.45262885093689; SleepCycleTimeAvg = 5.075438141822815; SleepCycleTimeStd = 0.1097279799181706; SleepCycleTimeMax = 5.231050968170166; EventCycleTimeCount = 6.0; EventCycleTimeAvg = 0.02953668435414632; ]
07/22/20 12:00:49 Submitting HTCondor Node stage_out_local_local_0_0 job(s)...
07/22/20 12:00:49 Adding a DAGMan workflow log /home/scitech/shared-data/Workflow1/scitech/pegasus/helloworld/run0003/./helloworld-0.dag.nodes.log
07/22/20 12:00:49 Masking the events recorded in the DAGMAN workflow log
07/22/20 12:00:49 Mask for workflow log is 0,1,2,4,5,7,9,10,11,12,13,16,17,24,27,35,36
07/22/20 12:00:49 submitting: /usr/bin/condor_submit -a dag_node_name' '=' 'stage_out_local_local_0_0 -a +DAGManJobId' '=' '1 -a DAGManJobId' '=' '1 -batch-name helloworld-0.dag+1 -a submit_event_notes' '=' 'DAG' 'Node:' 'stage_out_local_local_0_0 -a dagman_log' '=' '/home/scitech/shared-data/Workflow1/scitech/pegasus/helloworld/run0003/./helloworld-0.dag.nodes.log -a +DAGManNodesMask' '=' '"0,1,2,4,5,7,9,10,11,12,13,16,17,24,27,35,36" -a priority=900 -a +DAGNodeRetry' '=' '0 -a DAG_STATUS' '=' '0 -a FAILED_COUNT' '=' '0 -a +KeepClaimIdle' '=' '20 -a notification' '=' 'never -a +DAGParentNodeNames' '=' '"echo_ID0000001" 00/00/stage_out_local_local_0_0.sub
07/22/20 12:00:49 From submit: Submitting job(s).
07/22/20 12:00:49 From submit: 1 job(s) submitted to cluster 4.
07/22/20 12:00:49 	assigned HTCondor ID (4.0.0)
07/22/20 12:00:49 Just submitted 1 job this cycle...
07/22/20 12:00:49 DAG status: 0 (DAG_STATUS_OK)
07/22/20 12:00:49 Of 6 nodes total:
07/22/20 12:00:49  Done     Pre   Queued    Post   Ready   Un-Ready   Failed
07/22/20 12:00:49   ===     ===      ===     ===     ===        ===      ===
07/22/20 12:00:49     2       0        1       0       0          3        0
07/22/20 12:00:49 0 job proc(s) currently held
07/22/20 12:00:49 DAGMan Runtime Statistics: [ EventCycleTimeStd = 0.02176487929218869; EventCycleTimeMax = 0.0606539249420166; SubmitCycleTimeMin = 0.0003080368041992188; SubmitCycleTimeAvg = 0.02046036720275879; SleepCycleTimeCount = 7.0; SubmitCycleTimeCount = 8.0; SubmitCycleTimeMax = 0.05665183067321777; SleepCycleTimeMin = 5.000571966171265; SubmitCycleTimeSum = 0.1636829376220703; LogProcessCycleTimeStd = 0.005811606714217375; SubmitCycleTimeStd = 0.02753240841054028; LogProcessCycleTimeAvg = 0.009410429000854491; EventCycleTimeMin = 0.00796198844909668; LogProcessCycleTimeMax = 0.01610612869262695; LogProcessCycleTimeMin = 0.004120111465454102; LogProcessCycleTimeSum = 0.04705214500427246; LogProcessCycleTimeCount = 5.0; EventCycleTimeSum = 0.1884031295776367; SleepCycleTimeSum = 35.46232080459595; SleepCycleTimeAvg = 5.066045829227993; SleepCycleTimeStd = 0.1032038439137969; SleepCycleTimeMax = 5.231050968170166; EventCycleTimeCount = 7.0; EventCycleTimeAvg = 0.02691473279680525; ]
07/22/20 12:00:54 Currently monitoring 1 HTCondor log file(s)
07/22/20 12:00:54 Reassigning the id of job stage_out_local_local_0_0 from (4.0.0) to (4.0.0)
07/22/20 12:00:54 Event: ULOG_SUBMIT for HTCondor Node stage_out_local_local_0_0 (4.0.0) {07/22/20 12:00:49}
07/22/20 12:00:54 Number of idle job procs: 1
07/22/20 12:00:54 Event: ULOG_EXECUTE for HTCondor Node stage_out_local_local_0_0 (4.0.0) {07/22/20 12:00:51}
07/22/20 12:00:54 Number of idle job procs: 0
07/22/20 12:00:54 Event: ULOG_JOB_TERMINATED for HTCondor Node stage_out_local_local_0_0 (4.0.0) {07/22/20 12:00:53}
07/22/20 12:00:54 Number of idle job procs: 0
07/22/20 12:00:54 Node stage_out_local_local_0_0 job proc (4.0.0) completed successfully.
07/22/20 12:00:54 Node stage_out_local_local_0_0 job completed
07/22/20 12:00:54 Running POST script of Node stage_out_local_local_0_0...
07/22/20 12:00:54 Warning: mysin has length 0 (ignore if produced by DAGMan; see gittrac #4987, #5031)
07/22/20 12:00:54 DAG status: 0 (DAG_STATUS_OK)
07/22/20 12:00:54 Of 6 nodes total:
07/22/20 12:00:54  Done     Pre   Queued    Post   Ready   Un-Ready   Failed
07/22/20 12:00:54   ===     ===      ===     ===     ===        ===      ===
07/22/20 12:00:54     2       0        0       1       0          3        0
07/22/20 12:00:54 0 job proc(s) currently held
07/22/20 12:00:54 DAGMan Runtime Statistics: [ EventCycleTimeStd = 0.0238681859993224; EventCycleTimeMax = 0.06309795379638672; SubmitCycleTimeMin = 0.0003080368041992188; SubmitCycleTimeAvg = 0.01824545860290527; SleepCycleTimeCount = 8.0; SubmitCycleTimeCount = 9.0; SubmitCycleTimeMax = 0.05665183067321777; SleepCycleTimeMin = 5.000571966171265; SubmitCycleTimeSum = 0.1642091274261475; LogProcessCycleTimeStd = 0.006876593839874743; SubmitCycleTimeStd = 0.02659758832536394; LogProcessCycleTimeAvg = 0.01124835014343262; EventCycleTimeMin = 0.00796198844909668; LogProcessCycleTimeMax = 0.02043795585632324; LogProcessCycleTimeMin = 0.004120111465454102; LogProcessCycleTimeSum = 0.0674901008605957; LogProcessCycleTimeCount = 6.0; EventCycleTimeSum = 0.2515010833740234; SleepCycleTimeSum = 40.46811890602112; SleepCycleTimeAvg = 5.05851486325264; SleepCycleTimeStd = 0.09789372189760476; SleepCycleTimeMax = 5.231050968170166; EventCycleTimeCount = 8.0; EventCycleTimeAvg = 0.03143763542175293; ]
07/22/20 12:00:54 Initializing user log writer for /home/scitech/shared-data/Workflow1/scitech/pegasus/helloworld/run0003/./helloworld-0.dag.nodes.log, (4.0.0)
07/22/20 12:00:59 Currently monitoring 1 HTCondor log file(s)
07/22/20 12:00:59 Event: ULOG_POST_SCRIPT_TERMINATED for HTCondor Node stage_out_local_local_0_0 (4.0.0) {07/22/20 12:00:54}
07/22/20 12:00:59 POST Script of node stage_out_local_local_0_0 completed successfully.
07/22/20 12:00:59 DAG status: 0 (DAG_STATUS_OK)
07/22/20 12:00:59 Of 6 nodes total:
07/22/20 12:00:59  Done     Pre   Queued    Post   Ready   Un-Ready   Failed
07/22/20 12:00:59   ===     ===      ===     ===     ===        ===      ===
07/22/20 12:00:59     3       0        0       0       2          1        0
07/22/20 12:00:59 0 job proc(s) currently held
07/22/20 12:00:59 DAGMan Runtime Statistics: [ EventCycleTimeStd = 0.02235788477579462; EventCycleTimeMax = 0.06309795379638672; SubmitCycleTimeMin = 0.0003080368041992188; SubmitCycleTimeAvg = 0.01647412776947021; SleepCycleTimeCount = 9.0; SubmitCycleTimeCount = 10.0; SubmitCycleTimeMax = 0.05665183067321777; SleepCycleTimeMin = 5.000571966171265; SubmitCycleTimeSum = 0.1647412776947021; LogProcessCycleTimeStd = 0.006786145609922345; SubmitCycleTimeStd = 0.02569444125084318; LogProcessCycleTimeAvg = 0.01027400153023856; EventCycleTimeMin = 0.00796198844909668; LogProcessCycleTimeMax = 0.02043795585632324; LogProcessCycleTimeMin = 0.004120111465454102; LogProcessCycleTimeSum = 0.07191801071166992; LogProcessCycleTimeCount = 7.0; EventCycleTimeSum = 0.2793941497802734; SleepCycleTimeSum = 45.76802587509155; SleepCycleTimeAvg = 5.085336208343506; SleepCycleTimeStd = 0.1219005502897503; SleepCycleTimeMax = 5.299906969070435; EventCycleTimeCount = 9.0; EventCycleTimeAvg = 0.03104379442003038; ]
07/22/20 12:01:04 Submitting HTCondor Node clean_up_local_level_3_0 job(s)...
07/22/20 12:01:04 Adding a DAGMan workflow log /home/scitech/shared-data/Workflow1/scitech/pegasus/helloworld/run0003/./helloworld-0.dag.nodes.log
07/22/20 12:01:04 Masking the events recorded in the DAGMAN workflow log
07/22/20 12:01:04 Mask for workflow log is 0,1,2,4,5,7,9,10,11,12,13,16,17,24,27,35,36
07/22/20 12:01:04 submitting: /usr/bin/condor_submit -a dag_node_name' '=' 'clean_up_local_level_3_0 -a +DAGManJobId' '=' '1 -a DAGManJobId' '=' '1 -batch-name helloworld-0.dag+1 -a submit_event_notes' '=' 'DAG' 'Node:' 'clean_up_local_level_3_0 -a dagman_log' '=' '/home/scitech/shared-data/Workflow1/scitech/pegasus/helloworld/run0003/./helloworld-0.dag.nodes.log -a +DAGManNodesMask' '=' '"0,1,2,4,5,7,9,10,11,12,13,16,17,24,27,35,36" -a priority=1000 -a +DAGNodeRetry' '=' '0 -a DAG_STATUS' '=' '0 -a FAILED_COUNT' '=' '0 -a +KeepClaimIdle' '=' '20 -a notification' '=' 'never -a +DAGParentNodeNames' '=' '"stage_out_local_local_0_0" 00/00/clean_up_local_level_3_0.sub
07/22/20 12:01:04 From submit: Submitting job(s).
07/22/20 12:01:04 From submit: 1 job(s) submitted to cluster 5.
07/22/20 12:01:04 	assigned HTCondor ID (5.0.0)
07/22/20 12:01:04 Submitting HTCondor Node register_local_0_0 job(s)...
07/22/20 12:01:04 Adding a DAGMan workflow log /home/scitech/shared-data/Workflow1/scitech/pegasus/helloworld/run0003/./helloworld-0.dag.nodes.log
07/22/20 12:01:04 Masking the events recorded in the DAGMAN workflow log
07/22/20 12:01:04 Mask for workflow log is 0,1,2,4,5,7,9,10,11,12,13,16,17,24,27,35,36
07/22/20 12:01:04 submitting: /usr/bin/condor_submit -a dag_node_name' '=' 'register_local_0_0 -a +DAGManJobId' '=' '1 -a DAGManJobId' '=' '1 -batch-name helloworld-0.dag+1 -a submit_event_notes' '=' 'DAG' 'Node:' 'register_local_0_0 -a dagman_log' '=' '/home/scitech/shared-data/Workflow1/scitech/pegasus/helloworld/run0003/./helloworld-0.dag.nodes.log -a +DAGManNodesMask' '=' '"0,1,2,4,5,7,9,10,11,12,13,16,17,24,27,35,36" -a priority=30 -a +DAGNodeRetry' '=' '0 -a DAG_STATUS' '=' '0 -a FAILED_COUNT' '=' '0 -a notification' '=' 'never -a +DAGParentNodeNames' '=' '"stage_out_local_local_0_0" 00/00/register_local_0_0.sub
07/22/20 12:01:04 From submit: Submitting job(s).
07/22/20 12:01:04 From submit: 1 job(s) submitted to cluster 6.
07/22/20 12:01:04 	assigned HTCondor ID (6.0.0)
07/22/20 12:01:04 Just submitted 2 jobs this cycle...
07/22/20 12:01:04 DAG status: 0 (DAG_STATUS_OK)
07/22/20 12:01:04 Of 6 nodes total:
07/22/20 12:01:04  Done     Pre   Queued    Post   Ready   Un-Ready   Failed
07/22/20 12:01:04   ===     ===      ===     ===     ===        ===      ===
07/22/20 12:01:04     3       0        2       0       0          1        0
07/22/20 12:01:04 0 job proc(s) currently held
07/22/20 12:01:04 DAGMan Runtime Statistics: [ EventCycleTimeStd = 0.02197877600207532; EventCycleTimeMax = 0.06309795379638672; SubmitCycleTimeMin = 0.0003080368041992188; SubmitCycleTimeAvg = 0.0241330320184881; SleepCycleTimeCount = 10.0; SubmitCycleTimeCount = 11.0; SubmitCycleTimeMax = 0.100722074508667; SleepCycleTimeMin = 5.000571966171265; SubmitCycleTimeSum = 0.2654633522033691; LogProcessCycleTimeStd = 0.006786145609922345; SubmitCycleTimeStd = 0.03520555122882747; LogProcessCycleTimeAvg = 0.01027400153023856; EventCycleTimeMin = 0.00796198844909668; LogProcessCycleTimeMax = 0.02043795585632324; LogProcessCycleTimeMin = 0.004120111465454102; LogProcessCycleTimeSum = 0.07191801071166992; LogProcessCycleTimeCount = 7.0; EventCycleTimeSum = 0.2907571792602539; SleepCycleTimeSum = 50.77731490135193; SleepCycleTimeAvg = 5.077731490135193; SleepCycleTimeStd = 0.117417966541225; SleepCycleTimeMax = 5.299906969070435; EventCycleTimeCount = 10.0; EventCycleTimeAvg = 0.02907571792602539; ]
07/22/20 12:01:09 Currently monitoring 1 HTCondor log file(s)
07/22/20 12:01:09 Reassigning the id of job clean_up_local_level_3_0 from (5.0.0) to (5.0.0)
07/22/20 12:01:09 Event: ULOG_SUBMIT for HTCondor Node clean_up_local_level_3_0 (5.0.0) {07/22/20 12:01:04}
07/22/20 12:01:09 Number of idle job procs: 1
07/22/20 12:01:09 Reassigning the id of job register_local_0_0 from (6.0.0) to (6.0.0)
07/22/20 12:01:09 Event: ULOG_SUBMIT for HTCondor Node register_local_0_0 (6.0.0) {07/22/20 12:01:04}
07/22/20 12:01:09 Number of idle job procs: 2
07/22/20 12:01:09 Event: ULOG_EXECUTE for HTCondor Node register_local_0_0 (6.0.0) {07/22/20 12:01:08}
07/22/20 12:01:09 Number of idle job procs: 1
07/22/20 12:01:09 Event: ULOG_EXECUTE for HTCondor Node clean_up_local_level_3_0 (5.0.0) {07/22/20 12:01:08}
07/22/20 12:01:09 Number of idle job procs: 0
07/22/20 12:01:14 Currently monitoring 1 HTCondor log file(s)
07/22/20 12:01:14 Event: ULOG_JOB_TERMINATED for HTCondor Node clean_up_local_level_3_0 (5.0.0) {07/22/20 12:01:10}
07/22/20 12:01:14 Number of idle job procs: 0
07/22/20 12:01:14 Node clean_up_local_level_3_0 job proc (5.0.0) completed successfully.
07/22/20 12:01:14 Node clean_up_local_level_3_0 job completed
07/22/20 12:01:14 Running POST script of Node clean_up_local_level_3_0...
07/22/20 12:01:14 Warning: mysin has length 0 (ignore if produced by DAGMan; see gittrac #4987, #5031)
07/22/20 12:01:14 Event: ULOG_JOB_TERMINATED for HTCondor Node register_local_0_0 (6.0.0) {07/22/20 12:01:10}
07/22/20 12:01:14 Number of idle job procs: 0
07/22/20 12:01:14 Node register_local_0_0 job proc (6.0.0) completed successfully.
07/22/20 12:01:14 Node register_local_0_0 job completed
07/22/20 12:01:14 Running POST script of Node register_local_0_0...
07/22/20 12:01:14 Warning: mysin has length 0 (ignore if produced by DAGMan; see gittrac #4987, #5031)
07/22/20 12:01:14 DAG status: 0 (DAG_STATUS_OK)
07/22/20 12:01:14 Of 6 nodes total:
07/22/20 12:01:14  Done     Pre   Queued    Post   Ready   Un-Ready   Failed
07/22/20 12:01:14   ===     ===      ===     ===     ===        ===      ===
07/22/20 12:01:14     3       0        0       2       0          1        0
07/22/20 12:01:14 0 job proc(s) currently held
07/22/20 12:01:14 DAGMan Runtime Statistics: [ EventCycleTimeStd = 0.03063103384603193; EventCycleTimeMax = 0.1075038909912109; SubmitCycleTimeMin = 0.0003080368041992188; SubmitCycleTimeAvg = 0.02056732544532189; SleepCycleTimeCount = 12.0; SubmitCycleTimeCount = 13.0; SubmitCycleTimeMax = 0.100722074508667; SleepCycleTimeMin = 4.972615003585815; SubmitCycleTimeSum = 0.2673752307891846; LogProcessCycleTimeStd = 0.006739653313693073; SubmitCycleTimeStd = 0.03329615422686839; LogProcessCycleTimeAvg = 0.01173090934753418; EventCycleTimeMin = 0.00796198844909668; LogProcessCycleTimeMax = 0.02043795585632324; LogProcessCycleTimeMin = 0.004120111465454102; LogProcessCycleTimeSum = 0.1055781841278076; LogProcessCycleTimeCount = 9.0; EventCycleTimeSum = 0.4140670299530029; SleepCycleTimeSum = 60.75502681732178; SleepCycleTimeAvg = 5.062918901443481; SleepCycleTimeStd = 0.1119151927393054; SleepCycleTimeMax = 5.299906969070435; EventCycleTimeCount = 12.0; EventCycleTimeAvg = 0.03450558582941691; ]
07/22/20 12:01:15 Initializing user log writer for /home/scitech/shared-data/Workflow1/scitech/pegasus/helloworld/run0003/./helloworld-0.dag.nodes.log, (5.0.0)
07/22/20 12:01:15 Initializing user log writer for /home/scitech/shared-data/Workflow1/scitech/pegasus/helloworld/run0003/./helloworld-0.dag.nodes.log, (6.0.0)
07/22/20 12:01:19 Currently monitoring 1 HTCondor log file(s)
07/22/20 12:01:19 Event: ULOG_POST_SCRIPT_TERMINATED for HTCondor Node clean_up_local_level_3_0 (5.0.0) {07/22/20 12:01:15}
07/22/20 12:01:19 POST Script of node clean_up_local_level_3_0 completed successfully.
07/22/20 12:01:19 Event: ULOG_POST_SCRIPT_TERMINATED for HTCondor Node register_local_0_0 (6.0.0) {07/22/20 12:01:15}
07/22/20 12:01:19 POST Script of node register_local_0_0 completed successfully.
07/22/20 12:01:19 DAG status: 0 (DAG_STATUS_OK)
07/22/20 12:01:19 Of 6 nodes total:
07/22/20 12:01:19  Done     Pre   Queued    Post   Ready   Un-Ready   Failed
07/22/20 12:01:19   ===     ===      ===     ===     ===        ===      ===
07/22/20 12:01:19     5       0        0       0       1          0        0
07/22/20 12:01:19 0 job proc(s) currently held
07/22/20 12:01:19 DAGMan Runtime Statistics: [ EventCycleTimeStd = 0.02943262855282627; EventCycleTimeMax = 0.1075038909912109; SubmitCycleTimeMin = 0.0003080368041992188; SubmitCycleTimeAvg = 0.01912951469421387; SleepCycleTimeCount = 13.0; SubmitCycleTimeCount = 14.0; SubmitCycleTimeMax = 0.100722074508667; SleepCycleTimeMin = 4.228756904602051; SubmitCycleTimeSum = 0.2678132057189941; LogProcessCycleTimeStd = 0.006627547557333523; SubmitCycleTimeStd = 0.03243912072125402; LogProcessCycleTimeAvg = 0.01113522052764893; EventCycleTimeMin = 0.00796198844909668; LogProcessCycleTimeMax = 0.02043795585632324; LogProcessCycleTimeMin = 0.004120111465454102; LogProcessCycleTimeSum = 0.1113522052764893; LogProcessCycleTimeCount = 10.0; EventCycleTimeSum = 0.439589262008667; SleepCycleTimeSum = 64.98378372192383; SleepCycleTimeAvg = 4.998752593994141; SleepCycleTimeStd = 0.2549634378767595; SleepCycleTimeMax = 5.299906969070435; EventCycleTimeCount = 13.0; EventCycleTimeAvg = 0.03381455861605131; ]
07/22/20 12:01:24 Submitting HTCondor Node cleanup_helloworld_0_local job(s)...
07/22/20 12:01:24 Adding a DAGMan workflow log /home/scitech/shared-data/Workflow1/scitech/pegasus/helloworld/run0003/./helloworld-0.dag.nodes.log
07/22/20 12:01:24 Masking the events recorded in the DAGMAN workflow log
07/22/20 12:01:24 Mask for workflow log is 0,1,2,4,5,7,9,10,11,12,13,16,17,24,27,35,36
07/22/20 12:01:24 submitting: /usr/bin/condor_submit -a dag_node_name' '=' 'cleanup_helloworld_0_local -a +DAGManJobId' '=' '1 -a DAGManJobId' '=' '1 -batch-name helloworld-0.dag+1 -a submit_event_notes' '=' 'DAG' 'Node:' 'cleanup_helloworld_0_local -a dagman_log' '=' '/home/scitech/shared-data/Workflow1/scitech/pegasus/helloworld/run0003/./helloworld-0.dag.nodes.log -a +DAGManNodesMask' '=' '"0,1,2,4,5,7,9,10,11,12,13,16,17,24,27,35,36" -a priority=1000 -a +DAGNodeRetry' '=' '0 -a DAG_STATUS' '=' '0 -a FAILED_COUNT' '=' '0 -a notification' '=' 'never -a +DAGParentNodeNames' '=' '"clean_up_local_level_3_0" 00/00/cleanup_helloworld_0_local.sub
07/22/20 12:01:24 From submit: Submitting job(s).
07/22/20 12:01:24 From submit: 1 job(s) submitted to cluster 7.
07/22/20 12:01:24 	assigned HTCondor ID (7.0.0)
07/22/20 12:01:24 Just submitted 1 job this cycle...
07/22/20 12:01:24 DAG status: 0 (DAG_STATUS_OK)
07/22/20 12:01:24 Of 6 nodes total:
07/22/20 12:01:24  Done     Pre   Queued    Post   Ready   Un-Ready   Failed
07/22/20 12:01:24   ===     ===      ===     ===     ===        ===      ===
07/22/20 12:01:24     5       0        1       0       0          0        0
07/22/20 12:01:24 0 job proc(s) currently held
07/22/20 12:01:24 DAGMan Runtime Statistics: [ EventCycleTimeStd = 0.02890033250284064; EventCycleTimeMax = 0.1075038909912109; SubmitCycleTimeMin = 0.0003080368041992188; SubmitCycleTimeAvg = 0.02017874717712402; SleepCycleTimeCount = 14.0; SubmitCycleTimeCount = 15.0; SubmitCycleTimeMax = 0.100722074508667; SleepCycleTimeMin = 4.228756904602051; SubmitCycleTimeSum = 0.3026812076568604; LogProcessCycleTimeStd = 0.006627547557333523; SubmitCycleTimeStd = 0.03152214849441568; LogProcessCycleTimeAvg = 0.01113522052764893; EventCycleTimeMin = 0.00796198844909668; LogProcessCycleTimeMax = 0.02043795585632324; LogProcessCycleTimeMin = 0.004120111465454102; LogProcessCycleTimeSum = 0.1113522052764893; LogProcessCycleTimeCount = 10.0; EventCycleTimeSum = 0.4510831832885742; SleepCycleTimeSum = 69.9889497756958; SleepCycleTimeAvg = 4.999210698263986; SleepCycleTimeStd = 0.2449669444388558; SleepCycleTimeMax = 5.299906969070435; EventCycleTimeCount = 14.0; EventCycleTimeAvg = 0.0322202273777553; ]
07/22/20 12:01:29 Currently monitoring 1 HTCondor log file(s)
07/22/20 12:01:29 Reassigning the id of job cleanup_helloworld_0_local from (7.0.0) to (7.0.0)
07/22/20 12:01:29 Event: ULOG_SUBMIT for HTCondor Node cleanup_helloworld_0_local (7.0.0) {07/22/20 12:01:24}
07/22/20 12:01:29 Number of idle job procs: 1
07/22/20 12:01:34 Currently monitoring 1 HTCondor log file(s)
07/22/20 12:01:34 Event: ULOG_EXECUTE for HTCondor Node cleanup_helloworld_0_local (7.0.0) {07/22/20 12:01:29}
07/22/20 12:01:34 Number of idle job procs: 0
07/22/20 12:01:34 Event: ULOG_JOB_TERMINATED for HTCondor Node cleanup_helloworld_0_local (7.0.0) {07/22/20 12:01:31}
07/22/20 12:01:34 Number of idle job procs: 0
07/22/20 12:01:34 Node cleanup_helloworld_0_local job proc (7.0.0) completed successfully.
07/22/20 12:01:34 Node cleanup_helloworld_0_local job completed
07/22/20 12:01:34 Running POST script of Node cleanup_helloworld_0_local...
07/22/20 12:01:34 Warning: mysin has length 0 (ignore if produced by DAGMan; see gittrac #4987, #5031)
07/22/20 12:01:34 DAG status: 0 (DAG_STATUS_OK)
07/22/20 12:01:34 Of 6 nodes total:
07/22/20 12:01:34  Done     Pre   Queued    Post   Ready   Un-Ready   Failed
07/22/20 12:01:34   ===     ===      ===     ===     ===        ===      ===
07/22/20 12:01:34     5       0        0       1       0          0        0
07/22/20 12:01:34 0 job proc(s) currently held
07/22/20 12:01:34 DAGMan Runtime Statistics: [ EventCycleTimeStd = 0.02746702192564557; EventCycleTimeMax = 0.1075038909912109; SubmitCycleTimeMin = 0.0003080368041992188; SubmitCycleTimeAvg = 0.01792618807624368; SleepCycleTimeCount = 16.0; SubmitCycleTimeCount = 17.0; SubmitCycleTimeMax = 0.100722074508667; SleepCycleTimeMin = 4.228756904602051; SubmitCycleTimeSum = 0.3047451972961426; LogProcessCycleTimeStd = 0.006098239991209964; SubmitCycleTimeStd = 0.03016432306214993; LogProcessCycleTimeAvg = 0.01128842433293661; EventCycleTimeMin = 0.00796198844909668; LogProcessCycleTimeMax = 0.02043795585632324; LogProcessCycleTimeMin = 0.004120111465454102; LogProcessCycleTimeSum = 0.1354610919952393; LogProcessCycleTimeCount = 12.0; EventCycleTimeSum = 0.5046632289886475; SleepCycleTimeSum = 80.00103068351746; SleepCycleTimeAvg = 5.000064417719841; SleepCycleTimeStd = 0.2280638580187177; SleepCycleTimeMax = 5.299906969070435; EventCycleTimeCount = 16.0; EventCycleTimeAvg = 0.03154145181179047; ]
07/22/20 12:01:34 Initializing user log writer for /home/scitech/shared-data/Workflow1/scitech/pegasus/helloworld/run0003/./helloworld-0.dag.nodes.log, (7.0.0)
07/22/20 12:01:39 Currently monitoring 1 HTCondor log file(s)
07/22/20 12:01:39 Event: ULOG_POST_SCRIPT_TERMINATED for HTCondor Node cleanup_helloworld_0_local (7.0.0) {07/22/20 12:01:34}
07/22/20 12:01:39 POST Script of node cleanup_helloworld_0_local completed successfully.
07/22/20 12:01:39 DAG status: 0 (DAG_STATUS_OK)
07/22/20 12:01:39 Of 6 nodes total:
07/22/20 12:01:39  Done     Pre   Queued    Post   Ready   Un-Ready   Failed
07/22/20 12:01:39   ===     ===      ===     ===     ===        ===      ===
07/22/20 12:01:39     6       0        0       0       0          0        0
07/22/20 12:01:39 0 job proc(s) currently held
07/22/20 12:01:39 DAGMan Runtime Statistics: [ EventCycleTimeStd = 0.02670714638453798; EventCycleTimeMax = 0.1075038909912109; SubmitCycleTimeMin = 0.0003080368041992188; SubmitCycleTimeAvg = 0.01696973376803928; SleepCycleTimeCount = 17.0; SubmitCycleTimeCount = 18.0; SubmitCycleTimeMax = 0.100722074508667; SleepCycleTimeMin = 4.228756904602051; SubmitCycleTimeSum = 0.305455207824707; LogProcessCycleTimeStd = 0.006081693179477387; SubmitCycleTimeStd = 0.02954369889515701; LogProcessCycleTimeAvg = 0.01081631733820989; EventCycleTimeMin = 0.00796198844909668; LogProcessCycleTimeMax = 0.02043795585632324; LogProcessCycleTimeMin = 0.004120111465454102; LogProcessCycleTimeSum = 0.1406121253967285; LogProcessCycleTimeCount = 13.0; EventCycleTimeSum = 0.5261163711547852; SleepCycleTimeSum = 85.22211360931396; SleepCycleTimeAvg = 5.013065506430233; SleepCycleTimeStd = 0.2272350861027616; SleepCycleTimeMax = 5.299906969070435; EventCycleTimeCount = 17.0; EventCycleTimeAvg = 0.03094802183263442; ]
07/22/20 12:01:39 All jobs Completed!
07/22/20 12:01:39 Note: 0 total job deferrals because of -MaxJobs limit (0)
07/22/20 12:01:39 Note: 0 total job deferrals because of -MaxIdle limit (1000)
07/22/20 12:01:39 Note: 0 total job deferrals because of node category throttles
07/22/20 12:01:39 Note: 0 total PRE script deferrals because of -MaxPre limit (20) or DEFER
07/22/20 12:01:39 Note: 0 total POST script deferrals because of -MaxPost limit (20) or DEFER
07/22/20 12:01:39 DAG status: 0 (DAG_STATUS_OK)
07/22/20 12:01:39 Of 6 nodes total:
07/22/20 12:01:39  Done     Pre   Queued    Post   Ready   Un-Ready   Failed
07/22/20 12:01:39   ===     ===      ===     ===     ===        ===      ===
07/22/20 12:01:39     6       0        0       0       0          0        0
07/22/20 12:01:39 0 job proc(s) currently held
07/22/20 12:01:39 DAGMan Runtime Statistics: [ EventCycleTimeStd = 0.02670714638453798; EventCycleTimeMax = 0.1075038909912109; SubmitCycleTimeMin = 0.0003080368041992188; SubmitCycleTimeAvg = 0.01696973376803928; SleepCycleTimeCount = 17.0; SubmitCycleTimeCount = 18.0; SubmitCycleTimeMax = 0.100722074508667; SleepCycleTimeMin = 4.228756904602051; SubmitCycleTimeSum = 0.305455207824707; LogProcessCycleTimeStd = 0.006081693179477387; SubmitCycleTimeStd = 0.02954369889515701; LogProcessCycleTimeAvg = 0.01081631733820989; EventCycleTimeMin = 0.00796198844909668; LogProcessCycleTimeMax = 0.02043795585632324; LogProcessCycleTimeMin = 0.004120111465454102; LogProcessCycleTimeSum = 0.1406121253967285; LogProcessCycleTimeCount = 13.0; EventCycleTimeSum = 0.5261163711547852; SleepCycleTimeSum = 85.22211360931396; SleepCycleTimeAvg = 5.013065506430233; SleepCycleTimeStd = 0.2272350861027616; SleepCycleTimeMax = 5.299906969070435; EventCycleTimeCount = 17.0; EventCycleTimeAvg = 0.03094802183263442; ]
07/22/20 12:01:39 Wrote metrics file helloworld-0.dag.metrics.
07/22/20 12:01:39 Reporting metrics to Pegasus metrics server(s); output is in helloworld-0.dag.metrics.out.
07/22/20 12:01:39 Running command </usr/libexec/condor/condor_dagman_metrics_reporter -f helloworld-0.dag.metrics -t 100>
07/22/20 12:01:39 Warning: mysin has length 0 (ignore if produced by DAGMan; see gittrac #4987, #5031)
07/22/20 12:01:39 DAGMan Runtime Statistics: [ EventCycleTimeStd = 0.02670714638453798; EventCycleTimeMax = 0.1075038909912109; SubmitCycleTimeMin = 0.0003080368041992188; SubmitCycleTimeAvg = 0.01696973376803928; SleepCycleTimeCount = 17.0; SubmitCycleTimeCount = 18.0; SubmitCycleTimeMax = 0.100722074508667; SleepCycleTimeMin = 4.228756904602051; SubmitCycleTimeSum = 0.305455207824707; LogProcessCycleTimeStd = 0.006081693179477387; SubmitCycleTimeStd = 0.02954369889515701; LogProcessCycleTimeAvg = 0.01081631733820989; EventCycleTimeMin = 0.00796198844909668; LogProcessCycleTimeMax = 0.02043795585632324; LogProcessCycleTimeMin = 0.004120111465454102; LogProcessCycleTimeSum = 0.1406121253967285; LogProcessCycleTimeCount = 13.0; EventCycleTimeSum = 0.5261163711547852; SleepCycleTimeSum = 85.22211360931396; SleepCycleTimeAvg = 5.013065506430233; SleepCycleTimeStd = 0.2272350861027616; SleepCycleTimeMax = 5.299906969070435; EventCycleTimeCount = 17.0; EventCycleTimeAvg = 0.03094802183263442; ]
07/22/20 12:01:39 **** condor_scheduniv_exec.1.0 (condor_DAGMAN) pid 628 EXITING WITH STATUS 0
