000 (149.000.000) 09/14 13:31:41 Job submitted from host: <127.0.0.1:9618?addrs=127.0.0.1-9618&noUDP&sock=268_b7e0_4>
    DAG Node: stage_out_local_local_1000_0
    pool:local
...
000 (150.000.000) 09/14 13:31:41 Job submitted from host: <127.0.0.1:9618?addrs=127.0.0.1-9618&noUDP&sock=268_b7e0_4>
    DAG Node: stage_out_local_local_1000_1
    pool:local
...
000 (151.000.000) 09/14 13:31:41 Job submitted from host: <127.0.0.1:9618?addrs=127.0.0.1-9618&noUDP&sock=268_b7e0_4>
    DAG Node: create_dir_Cats_and_Dogs_0_local
    pool:local
...
001 (149.000.000) 09/14 13:31:42 Job executing on host: <127.0.0.1:9618?addrs=127.0.0.1-9618&noUDP&sock=276_3784_134>
...
001 (150.000.000) 09/14 13:31:42 Job executing on host: <127.0.0.1:9618?addrs=127.0.0.1-9618&noUDP&sock=276_3784_135>
...
001 (151.000.000) 09/14 13:31:42 Job executing on host: <127.0.0.1:9618?addrs=127.0.0.1-9618&noUDP&sock=276_3784_136>
...
005 (151.000.000) 09/14 13:31:44 Job terminated.
	(1) Normal termination (return value 0)
		Usr 0 00:00:00, Sys 0 00:00:00  -  Run Remote Usage
		Usr 0 00:00:00, Sys 0 00:00:00  -  Run Local Usage
		Usr 0 00:00:00, Sys 0 00:00:00  -  Total Remote Usage
		Usr 0 00:00:00, Sys 0 00:00:00  -  Total Local Usage
	0  -  Run Bytes Sent By Job
	0  -  Run Bytes Received By Job
	0  -  Total Bytes Sent By Job
	0  -  Total Bytes Received By Job
...
005 (149.000.000) 09/14 13:31:44 Job terminated.
	(1) Normal termination (return value 0)
		Usr 0 00:00:00, Sys 0 00:00:00  -  Run Remote Usage
		Usr 0 00:00:00, Sys 0 00:00:00  -  Run Local Usage
		Usr 0 00:00:00, Sys 0 00:00:00  -  Total Remote Usage
		Usr 0 00:00:00, Sys 0 00:00:00  -  Total Local Usage
	0  -  Run Bytes Sent By Job
	0  -  Run Bytes Received By Job
	0  -  Total Bytes Sent By Job
	0  -  Total Bytes Received By Job
...
005 (150.000.000) 09/14 13:31:44 Job terminated.
	(1) Normal termination (return value 0)
		Usr 0 00:00:00, Sys 0 00:00:00  -  Run Remote Usage
		Usr 0 00:00:00, Sys 0 00:00:00  -  Run Local Usage
		Usr 0 00:00:00, Sys 0 00:00:00  -  Total Remote Usage
		Usr 0 00:00:00, Sys 0 00:00:00  -  Total Local Usage
	0  -  Run Bytes Sent By Job
	0  -  Run Bytes Received By Job
	0  -  Total Bytes Sent By Job
	0  -  Total Bytes Received By Job
...
016 (151.000.000) 09/14 13:31:46 POST Script terminated.
	(1) Normal termination (return value 0)
    DAG Node: create_dir_Cats_and_Dogs_0_local
...
016 (150.000.000) 09/14 13:31:46 POST Script terminated.
	(1) Normal termination (return value 0)
    DAG Node: stage_out_local_local_1000_1
...
016 (149.000.000) 09/14 13:31:46 POST Script terminated.
	(1) Normal termination (return value 0)
    DAG Node: stage_out_local_local_1000_0
...
000 (152.000.000) 09/14 13:31:56 Job submitted from host: <127.0.0.1:9618?addrs=127.0.0.1-9618&noUDP&sock=268_b7e0_4>
    DAG Node: stage_in_remote_local_2_0
    pool:local
...
000 (153.000.000) 09/14 13:31:56 Job submitted from host: <127.0.0.1:9618?addrs=127.0.0.1-9618&noUDP&sock=268_b7e0_4>
    DAG Node: stage_in_remote_local_1_0
    pool:local
...
000 (154.000.000) 09/14 13:31:56 Job submitted from host: <127.0.0.1:9618?addrs=127.0.0.1-9618&noUDP&sock=268_b7e0_4>
    DAG Node: stage_in_remote_local_0_0
    pool:local
...
000 (155.000.000) 09/14 13:31:56 Job submitted from host: <127.0.0.1:9618?addrs=127.0.0.1-9618&noUDP&sock=268_b7e0_4>
    DAG Node: stage_in_local_local_0_0
    pool:local
...
001 (152.000.000) 09/14 13:31:57 Job executing on host: <127.0.0.1:9618?addrs=127.0.0.1-9618&noUDP&sock=276_3784_137>
...
001 (153.000.000) 09/14 13:31:57 Job executing on host: <127.0.0.1:9618?addrs=127.0.0.1-9618&noUDP&sock=276_3784_138>
...
001 (154.000.000) 09/14 13:31:57 Job executing on host: <127.0.0.1:9618?addrs=127.0.0.1-9618&noUDP&sock=276_3784_139>
...
000 (156.000.000) 09/14 13:31:57 Job submitted from host: <127.0.0.1:9618?addrs=127.0.0.1-9618&noUDP&sock=268_b7e0_4>
    DAG Node: stage_in_remote_local_3_0
    pool:local
...
001 (155.000.000) 09/14 13:31:57 Job executing on host: <127.0.0.1:9618?addrs=127.0.0.1-9618&noUDP&sock=276_3784_140>
...
000 (157.000.000) 09/14 13:31:57 Job submitted from host: <127.0.0.1:9618?addrs=127.0.0.1-9618&noUDP&sock=268_b7e0_4>
    DAG Node: register_local_1000_1
    pool:local
...
005 (152.000.000) 09/14 13:31:59 Job terminated.
	(1) Normal termination (return value 0)
		Usr 0 00:00:00, Sys 0 00:00:00  -  Run Remote Usage
		Usr 0 00:00:00, Sys 0 00:00:00  -  Run Local Usage
		Usr 0 00:00:00, Sys 0 00:00:00  -  Total Remote Usage
		Usr 0 00:00:00, Sys 0 00:00:00  -  Total Local Usage
	0  -  Run Bytes Sent By Job
	0  -  Run Bytes Received By Job
	0  -  Total Bytes Sent By Job
	0  -  Total Bytes Received By Job
...
005 (153.000.000) 09/14 13:31:59 Job terminated.
	(1) Normal termination (return value 0)
		Usr 0 00:00:00, Sys 0 00:00:00  -  Run Remote Usage
		Usr 0 00:00:00, Sys 0 00:00:00  -  Run Local Usage
		Usr 0 00:00:00, Sys 0 00:00:00  -  Total Remote Usage
		Usr 0 00:00:00, Sys 0 00:00:00  -  Total Local Usage
	0  -  Run Bytes Sent By Job
	0  -  Run Bytes Received By Job
	0  -  Total Bytes Sent By Job
	0  -  Total Bytes Received By Job
...
005 (154.000.000) 09/14 13:31:59 Job terminated.
	(1) Normal termination (return value 0)
		Usr 0 00:00:00, Sys 0 00:00:00  -  Run Remote Usage
		Usr 0 00:00:00, Sys 0 00:00:00  -  Run Local Usage
		Usr 0 00:00:00, Sys 0 00:00:00  -  Total Remote Usage
		Usr 0 00:00:00, Sys 0 00:00:00  -  Total Local Usage
	0  -  Run Bytes Sent By Job
	0  -  Run Bytes Received By Job
	0  -  Total Bytes Sent By Job
	0  -  Total Bytes Received By Job
...
001 (156.000.000) 09/14 13:31:59 Job executing on host: <127.0.0.1:9618?addrs=127.0.0.1-9618&noUDP&sock=276_3784_141>
...
001 (157.000.000) 09/14 13:31:59 Job executing on host: <127.0.0.1:9618?addrs=127.0.0.1-9618&noUDP&sock=276_3784_142>
...
005 (157.000.000) 09/14 13:32:01 Job terminated.
	(1) Normal termination (return value 0)
		Usr 0 00:00:00, Sys 0 00:00:00  -  Run Remote Usage
		Usr 0 00:00:00, Sys 0 00:00:00  -  Run Local Usage
		Usr 0 00:00:00, Sys 0 00:00:00  -  Total Remote Usage
		Usr 0 00:00:00, Sys 0 00:00:00  -  Total Local Usage
	0  -  Run Bytes Sent By Job
	0  -  Run Bytes Received By Job
	0  -  Total Bytes Sent By Job
	0  -  Total Bytes Received By Job
...
005 (156.000.000) 09/14 13:32:01 Job terminated.
	(1) Normal termination (return value 0)
		Usr 0 00:00:00, Sys 0 00:00:00  -  Run Remote Usage
		Usr 0 00:00:00, Sys 0 00:00:00  -  Run Local Usage
		Usr 0 00:00:00, Sys 0 00:00:00  -  Total Remote Usage
		Usr 0 00:00:00, Sys 0 00:00:00  -  Total Local Usage
	0  -  Run Bytes Sent By Job
	0  -  Run Bytes Received By Job
	0  -  Total Bytes Sent By Job
	0  -  Total Bytes Received By Job
...
016 (152.000.000) 09/14 13:32:02 POST Script terminated.
	(1) Normal termination (return value 0)
    DAG Node: stage_in_remote_local_2_0
...
016 (153.000.000) 09/14 13:32:02 POST Script terminated.
	(1) Normal termination (return value 0)
    DAG Node: stage_in_remote_local_1_0
...
016 (157.000.000) 09/14 13:32:02 POST Script terminated.
	(1) Normal termination (return value 0)
    DAG Node: register_local_1000_1
...
016 (154.000.000) 09/14 13:32:02 POST Script terminated.
	(1) Normal termination (return value 0)
    DAG Node: stage_in_remote_local_0_0
...
016 (156.000.000) 09/14 13:32:02 POST Script terminated.
	(1) Normal termination (return value 0)
    DAG Node: stage_in_remote_local_3_0
...
000 (158.000.000) 09/14 13:32:07 Job submitted from host: <127.0.0.1:9618?addrs=127.0.0.1-9618&noUDP&sock=268_b7e0_4>
    DAG Node: register_local_1000_0
    pool:local
...
001 (158.000.000) 09/14 13:32:12 Job executing on host: <127.0.0.1:9618?addrs=127.0.0.1-9618&noUDP&sock=276_3784_143>
...
005 (158.000.000) 09/14 13:32:14 Job terminated.
	(1) Normal termination (return value 0)
		Usr 0 00:00:00, Sys 0 00:00:00  -  Run Remote Usage
		Usr 0 00:00:00, Sys 0 00:00:00  -  Run Local Usage
		Usr 0 00:00:00, Sys 0 00:00:00  -  Total Remote Usage
		Usr 0 00:00:00, Sys 0 00:00:00  -  Total Local Usage
	0  -  Run Bytes Sent By Job
	0  -  Run Bytes Received By Job
	0  -  Total Bytes Sent By Job
	0  -  Total Bytes Received By Job
...
016 (158.000.000) 09/14 13:32:18 POST Script terminated.
	(1) Normal termination (return value 0)
    DAG Node: register_local_1000_0
...
005 (155.000.000) 09/14 13:32:25 Job terminated.
	(1) Normal termination (return value 0)
		Usr 0 00:00:00, Sys 0 00:00:00  -  Run Remote Usage
		Usr 0 00:00:00, Sys 0 00:00:00  -  Run Local Usage
		Usr 0 00:00:00, Sys 0 00:00:00  -  Total Remote Usage
		Usr 0 00:00:00, Sys 0 00:00:00  -  Total Local Usage
	0  -  Run Bytes Sent By Job
	0  -  Run Bytes Received By Job
	0  -  Total Bytes Sent By Job
	0  -  Total Bytes Received By Job
...
016 (155.000.000) 09/14 13:32:28 POST Script terminated.
	(1) Normal termination (return value 0)
    DAG Node: stage_in_local_local_0_0
...
000 (159.000.000) 09/14 13:32:37 Job submitted from host: <127.0.0.1:9618?addrs=127.0.0.1-9618&noUDP&sock=268_b7e0_4>
    DAG Node: preprocess1_py_ID0000001
    pool:condorpool
...
001 (159.000.000) 09/14 13:32:45 Job executing on host: <127.0.0.1:9618?addrs=127.0.0.1-9618&noUDP&sock=268_b7e0_5>
...
005 (159.000.000) 09/14 13:32:51 Job terminated.
	(1) Normal termination (return value 0)
		Usr 0 00:00:00, Sys 0 00:00:00  -  Run Remote Usage
		Usr 0 00:00:00, Sys 0 00:00:00  -  Run Local Usage
		Usr 0 00:00:00, Sys 0 00:00:00  -  Total Remote Usage
		Usr 0 00:00:00, Sys 0 00:00:00  -  Total Local Usage
	3106532  -  Run Bytes Sent By Job
	13826042  -  Run Bytes Received By Job
	3106532  -  Total Bytes Sent By Job
	13826042  -  Total Bytes Received By Job
	Partitionable Resources :    Usage  Request Allocated 
	   Cpus                 :     0.22        1         1 
	   Disk (KB)            : 70574       15000   4291255 
	   Memory (MB)          :     0           1       991 
...
016 (159.000.000) 09/14 13:32:53 POST Script terminated.
	(1) Normal termination (return value 0)
    DAG Node: preprocess1_py_ID0000001
...
000 (160.000.000) 09/14 13:33:02 Job submitted from host: <127.0.0.1:9618?addrs=127.0.0.1-9618&noUDP&sock=268_b7e0_4>
    DAG Node: clean_up_local_level_3_0
    pool:local
...
000 (161.000.000) 09/14 13:33:02 Job submitted from host: <127.0.0.1:9618?addrs=127.0.0.1-9618&noUDP&sock=268_b7e0_4>
    DAG Node: stage_out_local_local_0_0
    pool:local
...
000 (162.000.000) 09/14 13:33:02 Job submitted from host: <127.0.0.1:9618?addrs=127.0.0.1-9618&noUDP&sock=268_b7e0_4>
    DAG Node: Augmentation_py_ID0000002
    pool:condorpool
...
001 (162.000.000) 09/14 13:33:05 Job executing on host: <127.0.0.1:9618?addrs=127.0.0.1-9618&noUDP&sock=268_b7e0_5>
...
001 (160.000.000) 09/14 13:33:07 Job executing on host: <127.0.0.1:9618?addrs=127.0.0.1-9618&noUDP&sock=276_3784_146>
...
001 (161.000.000) 09/14 13:33:07 Job executing on host: <127.0.0.1:9618?addrs=127.0.0.1-9618&noUDP&sock=276_3784_147>
...
005 (162.000.000) 09/14 13:33:21 Job terminated.
	(1) Normal termination (return value 0)
		Usr 0 00:00:00, Sys 0 00:00:00  -  Run Remote Usage
		Usr 0 00:00:00, Sys 0 00:00:00  -  Run Local Usage
		Usr 0 00:00:00, Sys 0 00:00:00  -  Total Remote Usage
		Usr 0 00:00:00, Sys 0 00:00:00  -  Total Local Usage
	7351399  -  Run Bytes Sent By Job
	13845904  -  Run Bytes Received By Job
	7351399  -  Total Bytes Sent By Job
	13845904  -  Total Bytes Received By Job
	Partitionable Resources :    Usage  Request Allocated 
	   Cpus                 :     0.13        1         1 
	   Disk (KB)            : 85737       15000   4291255 
	   Memory (MB)          :    21           1       991 
...
005 (160.000.000) 09/14 13:33:23 Job terminated.
	(1) Normal termination (return value 0)
		Usr 0 00:00:00, Sys 0 00:00:00  -  Run Remote Usage
		Usr 0 00:00:00, Sys 0 00:00:00  -  Run Local Usage
		Usr 0 00:00:00, Sys 0 00:00:00  -  Total Remote Usage
		Usr 0 00:00:00, Sys 0 00:00:00  -  Total Local Usage
	0  -  Run Bytes Sent By Job
	0  -  Run Bytes Received By Job
	0  -  Total Bytes Sent By Job
	0  -  Total Bytes Received By Job
...
016 (162.000.000) 09/14 13:33:26 POST Script terminated.
	(1) Normal termination (return value 0)
    DAG Node: Augmentation_py_ID0000002
...
016 (160.000.000) 09/14 13:33:27 POST Script terminated.
	(1) Normal termination (return value 0)
    DAG Node: clean_up_local_level_3_0
...
005 (161.000.000) 09/14 13:33:31 Job terminated.
	(1) Normal termination (return value 0)
		Usr 0 00:00:00, Sys 0 00:00:00  -  Run Remote Usage
		Usr 0 00:00:00, Sys 0 00:00:00  -  Run Local Usage
		Usr 0 00:00:00, Sys 0 00:00:00  -  Total Remote Usage
		Usr 0 00:00:00, Sys 0 00:00:00  -  Total Local Usage
	0  -  Run Bytes Sent By Job
	0  -  Run Bytes Received By Job
	0  -  Total Bytes Sent By Job
	0  -  Total Bytes Received By Job
...
000 (163.000.000) 09/14 13:33:32 Job submitted from host: <127.0.0.1:9618?addrs=127.0.0.1-9618&noUDP&sock=268_b7e0_4>
    DAG Node: stage_out_local_local_1_0
    pool:local
...
000 (164.000.000) 09/14 13:33:33 Job submitted from host: <127.0.0.1:9618?addrs=127.0.0.1-9618&noUDP&sock=268_b7e0_4>
    DAG Node: Data_Split_py_ID0000003
    pool:condorpool
...
016 (161.000.000) 09/14 13:33:33 POST Script terminated.
	(1) Normal termination (return value 0)
    DAG Node: stage_out_local_local_0_0
...
001 (164.000.000) 09/14 13:33:37 Job executing on host: <127.0.0.1:9618?addrs=127.0.0.1-9618&noUDP&sock=268_b7e0_5>
...
001 (163.000.000) 09/14 13:33:37 Job executing on host: <127.0.0.1:9618?addrs=127.0.0.1-9618&noUDP&sock=276_3784_149>
...
000 (165.000.000) 09/14 13:33:43 Job submitted from host: <127.0.0.1:9618?addrs=127.0.0.1-9618&noUDP&sock=268_b7e0_4>
    DAG Node: clean_up_local_level_4_0
    pool:local
...
000 (166.000.000) 09/14 13:33:44 Job submitted from host: <127.0.0.1:9618?addrs=127.0.0.1-9618&noUDP&sock=268_b7e0_4>
    DAG Node: register_local_0_0
    pool:local
...
005 (164.000.000) 09/14 13:33:46 Job terminated.
	(1) Normal termination (return value 0)
		Usr 0 00:00:00, Sys 0 00:00:00  -  Run Remote Usage
		Usr 0 00:00:00, Sys 0 00:00:00  -  Run Local Usage
		Usr 0 00:00:00, Sys 0 00:00:00  -  Total Remote Usage
		Usr 0 00:00:00, Sys 0 00:00:00  -  Total Local Usage
	123856  -  Run Bytes Sent By Job
	18035728  -  Run Bytes Received By Job
	123856  -  Total Bytes Sent By Job
	18035728  -  Total Bytes Received By Job
	Partitionable Resources :    Usage  Request Allocated 
	   Cpus                 :        0        1         1 
	   Disk (KB)            :    71851    20000   4291255 
	   Memory (MB)          :        7        1       991 
...
001 (165.000.000) 09/14 13:33:47 Job executing on host: <127.0.0.1:9618?addrs=127.0.0.1-9618&noUDP&sock=276_3784_150>
...
001 (166.000.000) 09/14 13:33:47 Job executing on host: <127.0.0.1:9618?addrs=127.0.0.1-9618&noUDP&sock=276_3784_151>
...
016 (164.000.000) 09/14 13:33:50 POST Script terminated.
	(1) Normal termination (return value 0)
    DAG Node: Data_Split_py_ID0000003
...
005 (166.000.000) 09/14 13:33:51 Job terminated.
	(1) Normal termination (return value 0)
		Usr 0 00:00:00, Sys 0 00:00:00  -  Run Remote Usage
		Usr 0 00:00:00, Sys 0 00:00:00  -  Run Local Usage
		Usr 0 00:00:00, Sys 0 00:00:00  -  Total Remote Usage
		Usr 0 00:00:00, Sys 0 00:00:00  -  Total Local Usage
	0  -  Run Bytes Sent By Job
	0  -  Run Bytes Received By Job
	0  -  Total Bytes Sent By Job
	0  -  Total Bytes Received By Job
...
016 (166.000.000) 09/14 13:33:54 POST Script terminated.
	(1) Normal termination (return value 0)
    DAG Node: register_local_0_0
...
000 (167.000.000) 09/14 13:33:59 Job submitted from host: <127.0.0.1:9618?addrs=127.0.0.1-9618&noUDP&sock=268_b7e0_4>
    DAG Node: stage_out_local_local_2_0
    pool:local
...
000 (168.000.000) 09/14 13:34:00 Job submitted from host: <127.0.0.1:9618?addrs=127.0.0.1-9618&noUDP&sock=268_b7e0_4>
    DAG Node: VGG_model_py_ID0000004
    pool:condorpool
...
001 (167.000.000) 09/14 13:34:02 Job executing on host: <127.0.0.1:9618?addrs=127.0.0.1-9618&noUDP&sock=276_3784_153>
...
005 (165.000.000) 09/14 13:34:03 Job terminated.
	(1) Normal termination (return value 0)
		Usr 0 00:00:00, Sys 0 00:00:00  -  Run Remote Usage
		Usr 0 00:00:00, Sys 0 00:00:00  -  Run Local Usage
		Usr 0 00:00:00, Sys 0 00:00:00  -  Total Remote Usage
		Usr 0 00:00:00, Sys 0 00:00:00  -  Total Local Usage
	0  -  Run Bytes Sent By Job
	0  -  Run Bytes Received By Job
	0  -  Total Bytes Sent By Job
	0  -  Total Bytes Received By Job
...
001 (168.000.000) 09/14 13:34:04 Job executing on host: <127.0.0.1:9618?addrs=127.0.0.1-9618&noUDP&sock=268_b7e0_5>
...
016 (165.000.000) 09/14 13:34:05 POST Script terminated.
	(1) Normal termination (return value 0)
    DAG Node: clean_up_local_level_4_0
...
005 (167.000.000) 09/14 13:34:06 Job terminated.
	(1) Normal termination (return value 0)
		Usr 0 00:00:00, Sys 0 00:00:00  -  Run Remote Usage
		Usr 0 00:00:00, Sys 0 00:00:00  -  Run Local Usage
		Usr 0 00:00:00, Sys 0 00:00:00  -  Total Remote Usage
		Usr 0 00:00:00, Sys 0 00:00:00  -  Total Local Usage
	0  -  Run Bytes Sent By Job
	0  -  Run Bytes Received By Job
	0  -  Total Bytes Sent By Job
	0  -  Total Bytes Received By Job
...
016 (167.000.000) 09/14 13:34:11 POST Script terminated.
	(1) Normal termination (return value 0)
    DAG Node: stage_out_local_local_2_0
...
000 (169.000.000) 09/14 13:34:20 Job submitted from host: <127.0.0.1:9618?addrs=127.0.0.1-9618&noUDP&sock=268_b7e0_4>
    DAG Node: register_local_2_0
    pool:local
...
001 (169.000.000) 09/14 13:34:22 Job executing on host: <127.0.0.1:9618?addrs=127.0.0.1-9618&noUDP&sock=276_3784_154>
...
005 (169.000.000) 09/14 13:34:26 Job terminated.
	(1) Normal termination (return value 0)
		Usr 0 00:00:00, Sys 0 00:00:00  -  Run Remote Usage
		Usr 0 00:00:00, Sys 0 00:00:00  -  Run Local Usage
		Usr 0 00:00:00, Sys 0 00:00:00  -  Total Remote Usage
		Usr 0 00:00:00, Sys 0 00:00:00  -  Total Local Usage
	0  -  Run Bytes Sent By Job
	0  -  Run Bytes Received By Job
	0  -  Total Bytes Sent By Job
	0  -  Total Bytes Received By Job
...
016 (169.000.000) 09/14 13:34:30 POST Script terminated.
	(1) Normal termination (return value 0)
    DAG Node: register_local_2_0
...
005 (163.000.000) 09/14 13:34:50 Job terminated.
	(1) Normal termination (return value 0)
		Usr 0 00:00:00, Sys 0 00:00:00  -  Run Remote Usage
		Usr 0 00:00:01, Sys 0 00:00:02  -  Run Local Usage
		Usr 0 00:00:00, Sys 0 00:00:00  -  Total Remote Usage
		Usr 0 00:00:00, Sys 0 00:00:00  -  Total Local Usage
	0  -  Run Bytes Sent By Job
	0  -  Run Bytes Received By Job
	0  -  Total Bytes Sent By Job
	0  -  Total Bytes Received By Job
...
016 (163.000.000) 09/14 13:34:51 POST Script terminated.
	(1) Normal termination (return value 0)
    DAG Node: stage_out_local_local_1_0
...
000 (170.000.000) 09/14 13:35:00 Job submitted from host: <127.0.0.1:9618?addrs=127.0.0.1-9618&noUDP&sock=268_b7e0_4>
    DAG Node: clean_up_local_level_5_0
    pool:local
...
000 (171.000.000) 09/14 13:35:00 Job submitted from host: <127.0.0.1:9618?addrs=127.0.0.1-9618&noUDP&sock=268_b7e0_4>
    DAG Node: register_local_1_0
    pool:local
...
001 (170.000.000) 09/14 13:35:02 Job executing on host: <127.0.0.1:9618?addrs=127.0.0.1-9618&noUDP&sock=276_3784_155>
...
001 (171.000.000) 09/14 13:35:02 Job executing on host: <127.0.0.1:9618?addrs=127.0.0.1-9618&noUDP&sock=276_3784_156>
...
005 (171.000.000) 09/14 13:35:07 Job terminated.
	(1) Normal termination (return value 0)
		Usr 0 00:00:00, Sys 0 00:00:00  -  Run Remote Usage
		Usr 0 00:00:01, Sys 0 00:00:00  -  Run Local Usage
		Usr 0 00:00:00, Sys 0 00:00:00  -  Total Remote Usage
		Usr 0 00:00:00, Sys 0 00:00:00  -  Total Local Usage
	0  -  Run Bytes Sent By Job
	0  -  Run Bytes Received By Job
	0  -  Total Bytes Sent By Job
	0  -  Total Bytes Received By Job
...
005 (170.000.000) 09/14 13:35:10 Job terminated.
	(1) Normal termination (return value 0)
		Usr 0 00:00:00, Sys 0 00:00:00  -  Run Remote Usage
		Usr 0 00:00:00, Sys 0 00:00:00  -  Run Local Usage
		Usr 0 00:00:00, Sys 0 00:00:00  -  Total Remote Usage
		Usr 0 00:00:00, Sys 0 00:00:00  -  Total Local Usage
	0  -  Run Bytes Sent By Job
	0  -  Run Bytes Received By Job
	0  -  Total Bytes Sent By Job
	0  -  Total Bytes Received By Job
...
016 (171.000.000) 09/14 13:35:10 POST Script terminated.
	(1) Normal termination (return value 0)
    DAG Node: register_local_1_0
...
016 (170.000.000) 09/14 13:35:16 POST Script terminated.
	(1) Normal termination (return value 0)
    DAG Node: clean_up_local_level_5_0
...
005 (168.000.000) 09/14 13:48:09 Job terminated.
	(1) Normal termination (return value 0)
		Usr 0 00:12:59, Sys 0 00:00:36  -  Run Remote Usage
		Usr 0 00:00:00, Sys 0 00:00:00  -  Run Local Usage
		Usr 0 00:12:59, Sys 0 00:00:36  -  Total Remote Usage
		Usr 0 00:00:00, Sys 0 00:00:00  -  Total Local Usage
	63327244  -  Run Bytes Sent By Job
	17988034  -  Run Bytes Received By Job
	63327244  -  Total Bytes Sent By Job
	17988034  -  Total Bytes Received By Job
	Partitionable Resources :     Usage  Request Allocated 
	   Cpus                 :      0.99        1         1 
	   Disk (KB)            : 133527       20000   4291255 
	   Memory (MB)          :    921           1       991 
...
016 (168.000.000) 09/14 13:48:10 POST Script terminated.
	(1) Normal termination (return value 0)
    DAG Node: VGG_model_py_ID0000004
...
000 (172.000.000) 09/14 13:48:20 Job submitted from host: <127.0.0.1:9618?addrs=127.0.0.1-9618&noUDP&sock=268_b7e0_4>
    DAG Node: clean_up_local_level_6_0
    pool:local
...
000 (173.000.000) 09/14 13:48:20 Job submitted from host: <127.0.0.1:9618?addrs=127.0.0.1-9618&noUDP&sock=268_b7e0_4>
    DAG Node: stage_out_local_local_3_0
    pool:local
...
001 (172.000.000) 09/14 13:48:22 Job executing on host: <127.0.0.1:9618?addrs=127.0.0.1-9618&noUDP&sock=276_3784_157>
...
001 (173.000.000) 09/14 13:48:22 Job executing on host: <127.0.0.1:9618?addrs=127.0.0.1-9618&noUDP&sock=276_3784_158>
...
005 (173.000.000) 09/14 13:48:25 Job terminated.
	(1) Normal termination (return value 0)
		Usr 0 00:00:00, Sys 0 00:00:00  -  Run Remote Usage
		Usr 0 00:00:00, Sys 0 00:00:00  -  Run Local Usage
		Usr 0 00:00:00, Sys 0 00:00:00  -  Total Remote Usage
		Usr 0 00:00:00, Sys 0 00:00:00  -  Total Local Usage
	0  -  Run Bytes Sent By Job
	0  -  Run Bytes Received By Job
	0  -  Total Bytes Sent By Job
	0  -  Total Bytes Received By Job
...
016 (173.000.000) 09/14 13:48:26 POST Script terminated.
	(1) Normal termination (return value 0)
    DAG Node: stage_out_local_local_3_0
...
000 (174.000.000) 09/14 13:48:36 Job submitted from host: <127.0.0.1:9618?addrs=127.0.0.1-9618&noUDP&sock=268_b7e0_4>
    DAG Node: clean_up_local_level_7_0
    pool:local
...
000 (175.000.000) 09/14 13:48:36 Job submitted from host: <127.0.0.1:9618?addrs=127.0.0.1-9618&noUDP&sock=268_b7e0_4>
    DAG Node: register_local_3_0
    pool:local
...
001 (174.000.000) 09/14 13:48:37 Job executing on host: <127.0.0.1:9618?addrs=127.0.0.1-9618&noUDP&sock=276_3784_159>
...
001 (175.000.000) 09/14 13:48:37 Job executing on host: <127.0.0.1:9618?addrs=127.0.0.1-9618&noUDP&sock=276_3784_160>
...
005 (172.000.000) 09/14 13:48:38 Job terminated.
	(1) Normal termination (return value 0)
		Usr 0 00:00:00, Sys 0 00:00:00  -  Run Remote Usage
		Usr 0 00:00:00, Sys 0 00:00:01  -  Run Local Usage
		Usr 0 00:00:00, Sys 0 00:00:00  -  Total Remote Usage
		Usr 0 00:00:00, Sys 0 00:00:00  -  Total Local Usage
	0  -  Run Bytes Sent By Job
	0  -  Run Bytes Received By Job
	0  -  Total Bytes Sent By Job
	0  -  Total Bytes Received By Job
...
005 (174.000.000) 09/14 13:48:39 Job terminated.
	(1) Normal termination (return value 0)
		Usr 0 00:00:00, Sys 0 00:00:00  -  Run Remote Usage
		Usr 0 00:00:00, Sys 0 00:00:00  -  Run Local Usage
		Usr 0 00:00:00, Sys 0 00:00:00  -  Total Remote Usage
		Usr 0 00:00:00, Sys 0 00:00:00  -  Total Local Usage
	0  -  Run Bytes Sent By Job
	0  -  Run Bytes Received By Job
	0  -  Total Bytes Sent By Job
	0  -  Total Bytes Received By Job
...
005 (175.000.000) 09/14 13:48:39 Job terminated.
	(1) Normal termination (return value 0)
		Usr 0 00:00:00, Sys 0 00:00:00  -  Run Remote Usage
		Usr 0 00:00:00, Sys 0 00:00:00  -  Run Local Usage
		Usr 0 00:00:00, Sys 0 00:00:00  -  Total Remote Usage
		Usr 0 00:00:00, Sys 0 00:00:00  -  Total Local Usage
	0  -  Run Bytes Sent By Job
	0  -  Run Bytes Received By Job
	0  -  Total Bytes Sent By Job
	0  -  Total Bytes Received By Job
...
016 (175.000.000) 09/14 13:48:41 POST Script terminated.
	(1) Normal termination (return value 0)
    DAG Node: register_local_3_0
...
016 (174.000.000) 09/14 13:48:41 POST Script terminated.
	(1) Normal termination (return value 0)
    DAG Node: clean_up_local_level_7_0
...
016 (172.000.000) 09/14 13:48:41 POST Script terminated.
	(1) Normal termination (return value 0)
    DAG Node: clean_up_local_level_6_0
...
000 (176.000.000) 09/14 13:48:51 Job submitted from host: <127.0.0.1:9618?addrs=127.0.0.1-9618&noUDP&sock=268_b7e0_4>
    DAG Node: cleanup_Cats_and_Dogs_0_local
    pool:local
...
001 (176.000.000) 09/14 13:48:52 Job executing on host: <127.0.0.1:9618?addrs=127.0.0.1-9618&noUDP&sock=276_3784_161>
...
005 (176.000.000) 09/14 13:48:54 Job terminated.
	(1) Normal termination (return value 0)
		Usr 0 00:00:00, Sys 0 00:00:00  -  Run Remote Usage
		Usr 0 00:00:00, Sys 0 00:00:00  -  Run Local Usage
		Usr 0 00:00:00, Sys 0 00:00:00  -  Total Remote Usage
		Usr 0 00:00:00, Sys 0 00:00:00  -  Total Local Usage
	0  -  Run Bytes Sent By Job
	0  -  Run Bytes Received By Job
	0  -  Total Bytes Sent By Job
	0  -  Total Bytes Received By Job
...
016 (176.000.000) 09/14 13:48:57 POST Script terminated.
	(1) Normal termination (return value 0)
    DAG Node: cleanup_Cats_and_Dogs_0_local
...
