2020-09-23 22:31:52,402:INFO:pegasus-monitord(58): pegasus-monitord starting - pid 22069 
2020-09-23 22:31:52,421:INFO:pegasus-monitord(455): Final Command line options are: ['-N', 'Cats_and_Dogs-0.dag.dagman.out']
2020-09-23 22:31:52,441:INFO:Pegasus.monitoring.event_output(629): Connecting workflow event sink to sqlite:////home/scitech/shared-data/CatsAndDogs/scitech/pegasus/Cats_and_Dogs/run0013/Cats_and_Dogs-0.stampede.db
Created Pegasus database in: sqlite:////home/scitech/shared-data/CatsAndDogs/scitech/pegasus/Cats_and_Dogs/run0013/Cats_and_Dogs-0.stampede.db
Your database is compatible with Pegasus version: 5.0.0dev
2020-09-23 22:31:53,265:INFO:Pegasus.monitoring.event_output(703): output type=DB namespace=stampede. name=sqlite:////home/scitech/shared-data/CatsAndDogs/scitech/pegasus/Cats_and_Dogs/run0013/Cats_and_Dogs-0.stampede.db
2020-09-23 22:31:53,266:INFO:Pegasus.monitoring.event_output(629): Connecting workflow event sink to sqlite:////home/scitech/.pegasus/workflow.db
Your database is compatible with Pegasus version: 5.0.0dev
2020-09-23 22:31:53,675:INFO:Pegasus.monitoring.event_output(703): output type=DB namespace=dashboard. name=sqlite:////home/scitech/.pegasus/workflow.db
2020-09-23 22:31:53,676:INFO:pegasus-monitord(1247): monitord started in fast start mode
2020-09-23 22:31:53,693:INFO:Pegasus.monitoring.workflow(461): cannot open state file /home/scitech/shared-data/CatsAndDogs/scitech/pegasus/Cats_and_Dogs/run0013/monitord.info, continuing without state...
2020-09-23 22:31:53,694:INFO:Pegasus.monitoring.workflow(1148): creating new file /home/scitech/shared-data/CatsAndDogs/scitech/pegasus/Cats_and_Dogs/run0013/jobstate.log
2020-09-23 22:31:53,694:INFO:Pegasus.monitoring.workflow(1158): Appending to existing jobstate.log replay_mode 0 previous_processed_line 0
2020-09-23 22:31:53,696:INFO:Pegasus.monitoring.notifications(474): loading notifications from /home/scitech/shared-data/CatsAndDogs/scitech/pegasus/Cats_and_Dogs/run0013/Cats_and_Dogs-0.notify
2020-09-23 22:31:53,944:INFO:Pegasus.monitoring.workflow(205): Parsing DAG file /home/scitech/shared-data/CatsAndDogs/scitech/pegasus/Cats_and_Dogs/run0013/Cats_and_Dogs-0.dag
2020-09-23 22:31:53,950:INFO:pegasus-monitord(974): Using DAGMan version 8.8.10 80810
2020-09-23 22:31:53,950:INFO:pegasus-monitord(949): DAGMan runs at pid 22068
2020-09-23 22:31:53,953:INFO:pegasus-monitord(955): using dag Cats_and_Dogs-0.dag
2020-09-23 22:31:53,953:INFO:Pegasus.monitoring.workflow(811): DAGMan starting with condor id 244.0
2020-09-23 22:32:27,558:INFO:Pegasus.monitoring.workflow(2468): Populating locations corresponding to succeeded registration job  /home/scitech/shared-data/CatsAndDogs/scitech/pegasus/Cats_and_Dogs/run0013/00/00/register_local_1000_0.in 
2020-09-23 22:33:27,510:INFO:Pegasus.monitoring.workflow(2468): Populating locations corresponding to succeeded registration job  /home/scitech/shared-data/CatsAndDogs/scitech/pegasus/Cats_and_Dogs/run0013/00/00/register_local_0_0.in 
2020-09-23 22:33:46,884:INFO:Pegasus.monitoring.workflow(2468): Populating locations corresponding to succeeded registration job  /home/scitech/shared-data/CatsAndDogs/scitech/pegasus/Cats_and_Dogs/run0013/00/00/register_local_1_0.in 
2020-09-23 22:33:57,105:INFO:Pegasus.monitoring.workflow(2468): Populating locations corresponding to succeeded registration job  /home/scitech/shared-data/CatsAndDogs/scitech/pegasus/Cats_and_Dogs/run0013/00/00/register_local_2_0.in 
2020-09-23 22:34:42,681:INFO:Pegasus.monitoring.workflow(2468): Populating locations corresponding to succeeded registration job  /home/scitech/shared-data/CatsAndDogs/scitech/pegasus/Cats_and_Dogs/run0013/00/00/register_local_3_0.in 
2020-09-23 22:35:02,077:INFO:pegasus-monitord(927): DAGMan Cats_and_Dogs-0.dag finished with exit code 0
2020-09-23 22:35:03,095:INFO:pegasus-monitord(1427): workflow /home/scitech/shared-data/CatsAndDogs/scitech/pegasus/Cats_and_Dogs/run0013/Cats_and_Dogs-0.dag.dagman.out ended
2020-09-23 22:35:03,098:INFO:Pegasus.monitoring.workflow(1378): recovery file deleted: /home/scitech/shared-data/CatsAndDogs/scitech/pegasus/Cats_and_Dogs/run0013/monitord.recover
2020-09-23 22:35:03,101:INFO:pegasus-monitord(1665): finishing workflow: /home/scitech/shared-data/CatsAndDogs/scitech/pegasus/Cats_and_Dogs/run0013/Cats_and_Dogs-0.dag.dagman.out
2020-09-23 22:35:03,101:INFO:pegasus-monitord(1719): finishing notifications...
2020-09-23 22:35:03,102:INFO:pegasus-monitord(1727): monitord process 22069 exiting with 0
2020-09-23 22:35:03,102:INFO:pegasus-monitord(197): DB flushing beginning
2020-09-23 22:35:03,103:INFO:Pegasus.db.workflow_loader.WorkflowLoader(1244): Executing final flush
2020-09-23 22:35:03,157:INFO:Pegasus.db.dashboard_loader.DashboardLoader(397): Executing final flush
2020-09-23 22:35:03,157:INFO:pegasus-monitord(213): DB flushing ended
