07/11/20 23:02:23 ******************************************************
07/11/20 23:02:23 ** condor_scheduniv_exec.1.0 (CONDOR_DAGMAN) STARTING UP
07/11/20 23:02:23 ** /usr/bin/condor_dagman
07/11/20 23:02:23 ** SubsystemInfo: name=DAGMAN type=DAGMAN(10) class=DAEMON(1)
07/11/20 23:02:23 ** Configuration: subsystem:DAGMAN local:<NONE> class:DAEMON
07/11/20 23:02:23 ** $CondorVersion: 8.8.9 May 06 2020 BuildID: 503068 PackageID: 8.8.9-1 $
07/11/20 23:02:23 ** $CondorPlatform: x86_64_CentOS7 $
07/11/20 23:02:23 ** PID = 2808
07/11/20 23:02:23 ** Log last touched time unavailable (No such file or directory)
07/11/20 23:02:23 ******************************************************
07/11/20 23:02:23 Using config source: /etc/condor/condor_config
07/11/20 23:02:23 Using local config sources: 
07/11/20 23:02:23    /etc/condor/config.d/00-minicondor
07/11/20 23:02:23    /etc/condor/condor_config.local
07/11/20 23:02:23 config Macros = 81, Sorted = 81, StringBytes = 2245, TablesBytes = 2964
07/11/20 23:02:23 CLASSAD_CACHING is ENABLED
07/11/20 23:02:23 Daemon Log is logging: D_ALWAYS D_ERROR
07/11/20 23:02:23 DaemonCore: No command port requested.
07/11/20 23:02:23 DAGMAN_USE_STRICT setting: 1
07/11/20 23:02:23 DAGMAN_VERBOSITY setting: 3
07/11/20 23:02:23 DAGMAN_DEBUG_CACHE_SIZE setting: 5242880
07/11/20 23:02:23 DAGMAN_DEBUG_CACHE_ENABLE setting: False
07/11/20 23:02:23 DAGMAN_SUBMIT_DELAY setting: 0
07/11/20 23:02:23 DAGMAN_MAX_SUBMIT_ATTEMPTS setting: 6
07/11/20 23:02:23 DAGMAN_STARTUP_CYCLE_DETECT setting: False
07/11/20 23:02:23 DAGMAN_MAX_SUBMITS_PER_INTERVAL setting: 100
07/11/20 23:02:23 DAGMAN_AGGRESSIVE_SUBMIT setting: False
07/11/20 23:02:23 DAGMAN_USER_LOG_SCAN_INTERVAL setting: 5
07/11/20 23:02:23 DAGMAN_QUEUE_UPDATE_INTERVAL setting: 300
07/11/20 23:02:23 DAGMAN_DEFAULT_PRIORITY setting: 0
07/11/20 23:02:23 DAGMAN_SUPPRESS_NOTIFICATION setting: True
07/11/20 23:02:23 allow_events (DAGMAN_ALLOW_EVENTS) setting: 114
07/11/20 23:02:23 DAGMAN_RETRY_SUBMIT_FIRST setting: True
07/11/20 23:02:23 DAGMAN_RETRY_NODE_FIRST setting: False
07/11/20 23:02:23 DAGMAN_MAX_JOBS_IDLE setting: 1000
07/11/20 23:02:23 DAGMAN_MAX_JOBS_SUBMITTED setting: 0
07/11/20 23:02:23 DAGMAN_MAX_PRE_SCRIPTS setting: 20
07/11/20 23:02:23 DAGMAN_MAX_POST_SCRIPTS setting: 20
07/11/20 23:02:23 DAGMAN_MUNGE_NODE_NAMES setting: True
07/11/20 23:02:23 DAGMAN_PROHIBIT_MULTI_JOBS setting: False
07/11/20 23:02:23 DAGMAN_SUBMIT_DEPTH_FIRST setting: False
07/11/20 23:02:23 DAGMAN_ALWAYS_RUN_POST setting: False
07/11/20 23:02:23 DAGMAN_CONDOR_SUBMIT_EXE setting: /usr/bin/condor_submit
07/11/20 23:02:23 DAGMAN_USE_CONDOR_SUBMIT setting: True
07/11/20 23:02:23 DAGMAN_ABORT_DUPLICATES setting: True
07/11/20 23:02:23 DAGMAN_ABORT_ON_SCARY_SUBMIT setting: True
07/11/20 23:02:23 DAGMAN_PENDING_REPORT_INTERVAL setting: 600
07/11/20 23:02:23 DAGMAN_AUTO_RESCUE setting: True
07/11/20 23:02:23 DAGMAN_MAX_RESCUE_NUM setting: 100
07/11/20 23:02:23 DAGMAN_WRITE_PARTIAL_RESCUE setting: True
07/11/20 23:02:23 DAGMAN_DEFAULT_NODE_LOG setting: @(DAG_DIR)/@(DAG_FILE).nodes.log
07/11/20 23:02:23 DAGMAN_GENERATE_SUBDAG_SUBMITS setting: True
07/11/20 23:02:23 DAGMAN_MAX_JOB_HOLDS setting: 100
07/11/20 23:02:23 DAGMAN_HOLD_CLAIM_TIME setting: 20
07/11/20 23:02:23 ALL_DEBUG setting: 
07/11/20 23:02:23 DAGMAN_DEBUG setting: 
07/11/20 23:02:23 DAGMAN_SUPPRESS_JOB_LOGS setting: False
07/11/20 23:02:23 DAGMAN_REMOVE_NODE_JOBS setting: True
07/11/20 23:02:23 argv[0] == "condor_scheduniv_exec.1.0"
07/11/20 23:02:23 argv[1] == "-Lockfile"
07/11/20 23:02:23 argv[2] == "Increment-0.dag.lock"
07/11/20 23:02:23 argv[3] == "-AutoRescue"
07/11/20 23:02:23 argv[4] == "1"
07/11/20 23:02:23 argv[5] == "-DoRescueFrom"
07/11/20 23:02:23 argv[6] == "0"
07/11/20 23:02:23 argv[7] == "-Dag"
07/11/20 23:02:23 argv[8] == "Increment-0.dag"
07/11/20 23:02:23 argv[9] == "-MaxPost"
07/11/20 23:02:23 argv[10] == "20"
07/11/20 23:02:23 argv[11] == "-Suppress_notification"
07/11/20 23:02:23 argv[12] == "-CsdVersion"
07/11/20 23:02:23 argv[13] == "$CondorVersion: 8.8.9 May 06 2020 BuildID: 503068 PackageID: 8.8.9-1 $"
07/11/20 23:02:23 argv[14] == "-Dagman"
07/11/20 23:02:23 argv[15] == "/bin/condor_dagman"
07/11/20 23:02:23 Workflow batch-name: <Increment-0.dag+1>
07/11/20 23:02:23 Workflow accounting_group: <>
07/11/20 23:02:23 Workflow accounting_group_user: <>
07/11/20 23:02:23 Warning: failed to get attribute DAGNodeName
07/11/20 23:02:23 DAGMAN_LOG_ON_NFS_IS_ERROR setting: False
07/11/20 23:02:23 Default node log file is: </home/scitech/shared-data/Workflow/Workflow2/scitech/pegasus/Increment/run0001/./Increment-0.dag.nodes.log>
07/11/20 23:02:23 DAG Lockfile will be written to Increment-0.dag.lock
07/11/20 23:02:23 DAG Input file is Increment-0.dag
07/11/20 23:02:23 Parsing 1 dagfiles
07/11/20 23:02:23 Parsing Increment-0.dag ...
07/11/20 23:02:23 Warning:  could not open Pegasus braindump file braindump.txt
07/11/20 23:02:23 Dag contains 9 total jobs
07/11/20 23:02:23 Sleeping for 3 seconds to ensure ProcessId uniqueness
07/11/20 23:02:26 Bootstrapping...
07/11/20 23:02:26 Number of pre-completed nodes: 0
07/11/20 23:02:26 MultiLogFiles: truncating log file /home/scitech/shared-data/Workflow/Workflow2/scitech/pegasus/Increment/run0001/./Increment-0.dag.nodes.log
07/11/20 23:02:26 DAG status: 0 (DAG_STATUS_OK)
07/11/20 23:02:26 Of 9 nodes total:
07/11/20 23:02:26  Done     Pre   Queued    Post   Ready   Un-Ready   Failed
07/11/20 23:02:26   ===     ===      ===     ===     ===        ===      ===
07/11/20 23:02:26     0       0        0       0       1          8        0
07/11/20 23:02:26 0 job proc(s) currently held
07/11/20 23:02:26 DAGMan Runtime Statistics: [ EventCycleTimeSum = 0.0; EventCycleTimeCount = 0.0; SleepCycleTimeCount = 0.0; SubmitCycleTimeSum = 0.0; SubmitCycleTimeCount = 0.0; LogProcessCycleTimeSum = 0.0; SleepCycleTimeSum = 0.0; LogProcessCycleTimeCount = 0.0; ]
07/11/20 23:02:26 Registering condor_event_timer...
07/11/20 23:02:27 Submitting HTCondor Node create_dir_Increment_0_local job(s)...
07/11/20 23:02:27 Adding a DAGMan workflow log /home/scitech/shared-data/Workflow/Workflow2/scitech/pegasus/Increment/run0001/./Increment-0.dag.nodes.log
07/11/20 23:02:27 Masking the events recorded in the DAGMAN workflow log
07/11/20 23:02:27 Mask for workflow log is 0,1,2,4,5,7,9,10,11,12,13,16,17,24,27,35,36
07/11/20 23:02:27 submitting: /usr/bin/condor_submit -a dag_node_name' '=' 'create_dir_Increment_0_local -a +DAGManJobId' '=' '1 -a DAGManJobId' '=' '1 -batch-name Increment-0.dag+1 -a submit_event_notes' '=' 'DAG' 'Node:' 'create_dir_Increment_0_local -a dagman_log' '=' '/home/scitech/shared-data/Workflow/Workflow2/scitech/pegasus/Increment/run0001/./Increment-0.dag.nodes.log -a +DAGManNodesMask' '=' '"0,1,2,4,5,7,9,10,11,12,13,16,17,24,27,35,36" -a priority=800 -a +DAGNodeRetry' '=' '0 -a DAG_STATUS' '=' '0 -a FAILED_COUNT' '=' '0 -a +KeepClaimIdle' '=' '20 -a notification' '=' 'never -a +DAGParentNodeNames' '=' '"" 00/00/create_dir_Increment_0_local.sub
07/11/20 23:02:27 From submit: Submitting job(s).
07/11/20 23:02:27 From submit: 1 job(s) submitted to cluster 2.
07/11/20 23:02:27 	assigned HTCondor ID (2.0.0)
07/11/20 23:02:27 Just submitted 1 job this cycle...
07/11/20 23:02:27 DAG status: 0 (DAG_STATUS_OK)
07/11/20 23:02:27 Of 9 nodes total:
07/11/20 23:02:27  Done     Pre   Queued    Post   Ready   Un-Ready   Failed
07/11/20 23:02:27   ===     ===      ===     ===     ===        ===      ===
07/11/20 23:02:27     0       0        1       0       0          8        0
07/11/20 23:02:27 0 job proc(s) currently held
07/11/20 23:02:27 DAGMan Runtime Statistics: [ EventCycleTimeCount = 0.0; EventCycleTimeSum = 0.0; LogProcessCycleTimeCount = 0.0; SleepCycleTimeSum = 0.0; LogProcessCycleTimeSum = 0.0; SubmitCycleTimeCount = 1.0; SubmitCycleTimeMax = 0.05132293701171875; SubmitCycleTimeMin = 0.05132293701171875; SubmitCycleTimeAvg = 0.05132293701171875; SubmitCycleTimeStd = 0.05132293701171875; SubmitCycleTimeSum = 0.05132293701171875; SleepCycleTimeCount = 0.0; ]
07/11/20 23:02:32 Currently monitoring 1 HTCondor log file(s)
07/11/20 23:02:32 Reassigning the id of job create_dir_Increment_0_local from (2.0.0) to (2.0.0)
07/11/20 23:02:32 Event: ULOG_SUBMIT for HTCondor Node create_dir_Increment_0_local (2.0.0) {07/11/20 23:02:27}
07/11/20 23:02:32 Number of idle job procs: 1
07/11/20 23:02:32 Event: ULOG_EXECUTE for HTCondor Node create_dir_Increment_0_local (2.0.0) {07/11/20 23:02:28}
07/11/20 23:02:32 Number of idle job procs: 0
07/11/20 23:02:32 Event: ULOG_JOB_TERMINATED for HTCondor Node create_dir_Increment_0_local (2.0.0) {07/11/20 23:02:30}
07/11/20 23:02:32 Number of idle job procs: 0
07/11/20 23:02:32 Node create_dir_Increment_0_local job proc (2.0.0) completed successfully.
07/11/20 23:02:32 Node create_dir_Increment_0_local job completed
07/11/20 23:02:32 Running POST script of Node create_dir_Increment_0_local...
07/11/20 23:02:32 Warning: mysin has length 0 (ignore if produced by DAGMan; see gittrac #4987, #5031)
07/11/20 23:02:32 DAG status: 0 (DAG_STATUS_OK)
07/11/20 23:02:32 Of 9 nodes total:
07/11/20 23:02:32  Done     Pre   Queued    Post   Ready   Un-Ready   Failed
07/11/20 23:02:32   ===     ===      ===     ===     ===        ===      ===
07/11/20 23:02:32     0       0        0       1       0          8        0
07/11/20 23:02:32 0 job proc(s) currently held
07/11/20 23:02:32 DAGMan Runtime Statistics: [ EventCycleTimeStd = 0.0566401481628418; EventCycleTimeMax = 0.0566401481628418; SubmitCycleTimeMin = 0.0009679794311523438; SubmitCycleTimeAvg = 0.02614545822143555; SleepCycleTimeCount = 1.0; SubmitCycleTimeCount = 2.0; SubmitCycleTimeMax = 0.05132293701171875; SleepCycleTimeMin = 5.00727391242981; SubmitCycleTimeSum = 0.05229091644287109; LogProcessCycleTimeStd = 0.01703095436096191; SubmitCycleTimeStd = 0.03560633197157945; LogProcessCycleTimeAvg = 0.01703095436096191; EventCycleTimeMin = 0.0566401481628418; LogProcessCycleTimeMax = 0.01703095436096191; LogProcessCycleTimeMin = 0.01703095436096191; LogProcessCycleTimeSum = 0.01703095436096191; LogProcessCycleTimeCount = 1.0; EventCycleTimeSum = 0.0566401481628418; SleepCycleTimeSum = 5.00727391242981; SleepCycleTimeAvg = 5.00727391242981; SleepCycleTimeStd = 5.00727391242981; SleepCycleTimeMax = 5.00727391242981; EventCycleTimeCount = 1.0; EventCycleTimeAvg = 0.0566401481628418; ]
07/11/20 23:02:32 Initializing user log writer for /home/scitech/shared-data/Workflow/Workflow2/scitech/pegasus/Increment/run0001/./Increment-0.dag.nodes.log, (2.0.0)
07/11/20 23:02:37 Currently monitoring 1 HTCondor log file(s)
07/11/20 23:02:37 Event: ULOG_POST_SCRIPT_TERMINATED for HTCondor Node create_dir_Increment_0_local (2.0.0) {07/11/20 23:02:32}
07/11/20 23:02:37 POST Script of node create_dir_Increment_0_local completed successfully.
07/11/20 23:02:37 DAG status: 0 (DAG_STATUS_OK)
07/11/20 23:02:37 Of 9 nodes total:
07/11/20 23:02:37  Done     Pre   Queued    Post   Ready   Un-Ready   Failed
07/11/20 23:02:37   ===     ===      ===     ===     ===        ===      ===
07/11/20 23:02:37     1       0        0       0       2          6        0
07/11/20 23:02:37 0 job proc(s) currently held
07/11/20 23:02:37 DAGMan Runtime Statistics: [ EventCycleTimeStd = 0.02302280029277289; EventCycleTimeMax = 0.0566401481628418; SubmitCycleTimeMin = 0.0009679794311523438; SubmitCycleTimeAvg = 0.01779627799987793; SleepCycleTimeCount = 2.0; SubmitCycleTimeCount = 3.0; SubmitCycleTimeMax = 0.05132293701171875; SleepCycleTimeMin = 5.00727391242981; SubmitCycleTimeSum = 0.05338883399963379; LogProcessCycleTimeStd = 0.004756018973363326; SubmitCycleTimeStd = 0.02903501109611132; LogProcessCycleTimeAvg = 0.01366794109344482; EventCycleTimeMin = 0.02408099174499512; LogProcessCycleTimeMax = 0.01703095436096191; LogProcessCycleTimeMin = 0.01030492782592773; LogProcessCycleTimeSum = 0.02733588218688965; LogProcessCycleTimeCount = 2.0; EventCycleTimeSum = 0.08072113990783691; SleepCycleTimeSum = 10.22050094604492; SleepCycleTimeAvg = 5.110250473022461; SleepCycleTimeStd = 0.1456308485966624; SleepCycleTimeMax = 5.213227033615112; EventCycleTimeCount = 2.0; EventCycleTimeAvg = 0.04036056995391846; ]
07/11/20 23:02:42 Submitting HTCondor Node stage_in_remote_local_0_0 job(s)...
07/11/20 23:02:42 Adding a DAGMan workflow log /home/scitech/shared-data/Workflow/Workflow2/scitech/pegasus/Increment/run0001/./Increment-0.dag.nodes.log
07/11/20 23:02:42 Masking the events recorded in the DAGMAN workflow log
07/11/20 23:02:42 Mask for workflow log is 0,1,2,4,5,7,9,10,11,12,13,16,17,24,27,35,36
07/11/20 23:02:42 submitting: /usr/bin/condor_submit -a dag_node_name' '=' 'stage_in_remote_local_0_0 -a +DAGManJobId' '=' '1 -a DAGManJobId' '=' '1 -batch-name Increment-0.dag+1 -a submit_event_notes' '=' 'DAG' 'Node:' 'stage_in_remote_local_0_0 -a dagman_log' '=' '/home/scitech/shared-data/Workflow/Workflow2/scitech/pegasus/Increment/run0001/./Increment-0.dag.nodes.log -a +DAGManNodesMask' '=' '"0,1,2,4,5,7,9,10,11,12,13,16,17,24,27,35,36" -a priority=700 -a +DAGNodeRetry' '=' '0 -a DAG_STATUS' '=' '0 -a FAILED_COUNT' '=' '0 -a +KeepClaimIdle' '=' '20 -a notification' '=' 'never -a +DAGParentNodeNames' '=' '"create_dir_Increment_0_local" 00/00/stage_in_remote_local_0_0.sub
07/11/20 23:02:42 From submit: Submitting job(s).
07/11/20 23:02:42 From submit: 1 job(s) submitted to cluster 3.
07/11/20 23:02:42 	assigned HTCondor ID (3.0.0)
07/11/20 23:02:42 Submitting HTCondor Node stage_in_local_local_0_0 job(s)...
07/11/20 23:02:42 Adding a DAGMan workflow log /home/scitech/shared-data/Workflow/Workflow2/scitech/pegasus/Increment/run0001/./Increment-0.dag.nodes.log
07/11/20 23:02:42 Masking the events recorded in the DAGMAN workflow log
07/11/20 23:02:42 Mask for workflow log is 0,1,2,4,5,7,9,10,11,12,13,16,17,24,27,35,36
07/11/20 23:02:42 submitting: /usr/bin/condor_submit -a dag_node_name' '=' 'stage_in_local_local_0_0 -a +DAGManJobId' '=' '1 -a DAGManJobId' '=' '1 -batch-name Increment-0.dag+1 -a submit_event_notes' '=' 'DAG' 'Node:' 'stage_in_local_local_0_0 -a dagman_log' '=' '/home/scitech/shared-data/Workflow/Workflow2/scitech/pegasus/Increment/run0001/./Increment-0.dag.nodes.log -a +DAGManNodesMask' '=' '"0,1,2,4,5,7,9,10,11,12,13,16,17,24,27,35,36" -a priority=700 -a +DAGNodeRetry' '=' '0 -a DAG_STATUS' '=' '0 -a FAILED_COUNT' '=' '0 -a +KeepClaimIdle' '=' '20 -a notification' '=' 'never -a +DAGParentNodeNames' '=' '"create_dir_Increment_0_local" 00/00/stage_in_local_local_0_0.sub
07/11/20 23:02:42 From submit: Submitting job(s).
07/11/20 23:02:42 From submit: 1 job(s) submitted to cluster 4.
07/11/20 23:02:42 	assigned HTCondor ID (4.0.0)
07/11/20 23:02:42 Just submitted 2 jobs this cycle...
07/11/20 23:02:42 DAG status: 0 (DAG_STATUS_OK)
07/11/20 23:02:42 Of 9 nodes total:
07/11/20 23:02:42  Done     Pre   Queued    Post   Ready   Un-Ready   Failed
07/11/20 23:02:42   ===     ===      ===     ===     ===        ===      ===
07/11/20 23:02:42     1       0        2       0       0          6        0
07/11/20 23:02:42 0 job proc(s) currently held
07/11/20 23:02:42 DAGMan Runtime Statistics: [ EventCycleTimeStd = 0.01890954069578614; EventCycleTimeMax = 0.0566401481628418; SubmitCycleTimeMin = 0.0009679794311523438; SubmitCycleTimeAvg = 0.03384321928024292; SleepCycleTimeCount = 3.0; SubmitCycleTimeCount = 4.0; SubmitCycleTimeMax = 0.08198404312133789; SleepCycleTimeMin = 5.00727391242981; SubmitCycleTimeSum = 0.1353728771209717; LogProcessCycleTimeStd = 0.004756018973363326; SubmitCycleTimeStd = 0.03990035769333569; LogProcessCycleTimeAvg = 0.01366794109344482; EventCycleTimeMin = 0.02369809150695801; LogProcessCycleTimeMax = 0.01703095436096191; LogProcessCycleTimeMin = 0.01030492782592773; LogProcessCycleTimeSum = 0.02733588218688965; LogProcessCycleTimeCount = 2.0; EventCycleTimeSum = 0.1044192314147949; SleepCycleTimeSum = 15.22872400283813; SleepCycleTimeAvg = 5.076241334279378; SleepCycleTimeStd = 0.1186340448001041; SleepCycleTimeMax = 5.213227033615112; EventCycleTimeCount = 3.0; EventCycleTimeAvg = 0.0348064104715983; ]
07/11/20 23:02:47 Currently monitoring 1 HTCondor log file(s)
07/11/20 23:02:47 Reassigning the id of job stage_in_remote_local_0_0 from (3.0.0) to (3.0.0)
07/11/20 23:02:47 Event: ULOG_SUBMIT for HTCondor Node stage_in_remote_local_0_0 (3.0.0) {07/11/20 23:02:42}
07/11/20 23:02:47 Number of idle job procs: 1
07/11/20 23:02:47 Reassigning the id of job stage_in_local_local_0_0 from (4.0.0) to (4.0.0)
07/11/20 23:02:47 Event: ULOG_SUBMIT for HTCondor Node stage_in_local_local_0_0 (4.0.0) {07/11/20 23:02:42}
07/11/20 23:02:47 Number of idle job procs: 2
07/11/20 23:02:47 Event: ULOG_EXECUTE for HTCondor Node stage_in_local_local_0_0 (4.0.0) {07/11/20 23:02:44}
07/11/20 23:02:47 Number of idle job procs: 1
07/11/20 23:02:47 Event: ULOG_EXECUTE for HTCondor Node stage_in_remote_local_0_0 (3.0.0) {07/11/20 23:02:44}
07/11/20 23:02:47 Number of idle job procs: 0
07/11/20 23:02:47 Event: ULOG_JOB_TERMINATED for HTCondor Node stage_in_local_local_0_0 (4.0.0) {07/11/20 23:02:46}
07/11/20 23:02:47 Number of idle job procs: 0
07/11/20 23:02:47 Node stage_in_local_local_0_0 job proc (4.0.0) completed successfully.
07/11/20 23:02:47 Node stage_in_local_local_0_0 job completed
07/11/20 23:02:47 Running POST script of Node stage_in_local_local_0_0...
07/11/20 23:02:47 Warning: mysin has length 0 (ignore if produced by DAGMan; see gittrac #4987, #5031)
07/11/20 23:02:47 Event: ULOG_JOB_TERMINATED for HTCondor Node stage_in_remote_local_0_0 (3.0.0) {07/11/20 23:02:46}
07/11/20 23:02:47 Number of idle job procs: 0
07/11/20 23:02:47 Node stage_in_remote_local_0_0 job proc (3.0.0) completed successfully.
07/11/20 23:02:47 Node stage_in_remote_local_0_0 job completed
07/11/20 23:02:47 Running POST script of Node stage_in_remote_local_0_0...
07/11/20 23:02:47 Warning: mysin has length 0 (ignore if produced by DAGMan; see gittrac #4987, #5031)
07/11/20 23:02:47 DAG status: 0 (DAG_STATUS_OK)
07/11/20 23:02:47 Of 9 nodes total:
07/11/20 23:02:47  Done     Pre   Queued    Post   Ready   Un-Ready   Failed
07/11/20 23:02:47   ===     ===      ===     ===     ===        ===      ===
07/11/20 23:02:47     1       0        0       2       0          6        0
07/11/20 23:02:47 0 job proc(s) currently held
07/11/20 23:02:47 DAGMan Runtime Statistics: [ EventCycleTimeStd = 0.03096457794187167; EventCycleTimeMax = 0.08848786354064941; SubmitCycleTimeMin = 0.0009679794311523438; SubmitCycleTimeAvg = 0.02730698585510254; SleepCycleTimeCount = 4.0; SubmitCycleTimeCount = 5.0; SubmitCycleTimeMax = 0.08198404312133789; SleepCycleTimeMin = 4.974662065505981; SubmitCycleTimeSum = 0.1365349292755127; LogProcessCycleTimeStd = 0.015974719855886; SubmitCycleTimeStd = 0.0375185373513109; LogProcessCycleTimeAvg = 0.02268425623575846; EventCycleTimeMin = 0.02369809150695801; LogProcessCycleTimeMax = 0.04071688652038574; LogProcessCycleTimeMin = 0.01030492782592773; LogProcessCycleTimeSum = 0.06805276870727539; LogProcessCycleTimeCount = 3.0; EventCycleTimeSum = 0.1929070949554443; SleepCycleTimeSum = 20.20338606834412; SleepCycleTimeAvg = 5.050846517086029; SleepCycleTimeStd = 0.109372199476017; SleepCycleTimeMax = 5.213227033615112; EventCycleTimeCount = 4.0; EventCycleTimeAvg = 0.04822677373886108; ]
07/11/20 23:02:47 Initializing user log writer for /home/scitech/shared-data/Workflow/Workflow2/scitech/pegasus/Increment/run0001/./Increment-0.dag.nodes.log, (4.0.0)
07/11/20 23:02:47 Initializing user log writer for /home/scitech/shared-data/Workflow/Workflow2/scitech/pegasus/Increment/run0001/./Increment-0.dag.nodes.log, (3.0.0)
07/11/20 23:02:52 Currently monitoring 1 HTCondor log file(s)
07/11/20 23:02:52 Event: ULOG_POST_SCRIPT_TERMINATED for HTCondor Node stage_in_local_local_0_0 (4.0.0) {07/11/20 23:02:47}
07/11/20 23:02:52 POST Script of node stage_in_local_local_0_0 completed successfully.
07/11/20 23:02:52 Event: ULOG_POST_SCRIPT_TERMINATED for HTCondor Node stage_in_remote_local_0_0 (3.0.0) {07/11/20 23:02:47}
07/11/20 23:02:52 POST Script of node stage_in_remote_local_0_0 completed successfully.
07/11/20 23:02:52 DAG status: 0 (DAG_STATUS_OK)
07/11/20 23:02:52 Of 9 nodes total:
07/11/20 23:02:52  Done     Pre   Queued    Post   Ready   Un-Ready   Failed
07/11/20 23:02:52   ===     ===      ===     ===     ===        ===      ===
07/11/20 23:02:52     3       0        0       0       1          5        0
07/11/20 23:02:52 0 job proc(s) currently held
07/11/20 23:02:52 DAGMan Runtime Statistics: [ EventCycleTimeStd = 0.02682513663400614; EventCycleTimeMax = 0.08848786354064941; SubmitCycleTimeMin = 0.0002949237823486328; SubmitCycleTimeAvg = 0.02280497550964355; SleepCycleTimeCount = 5.0; SubmitCycleTimeCount = 6.0; SubmitCycleTimeMax = 0.08198404312133789; SleepCycleTimeMin = 4.974662065505981; SubmitCycleTimeSum = 0.1368298530578613; LogProcessCycleTimeStd = 0.01605894946753114; SubmitCycleTimeStd = 0.03532309582821256; LogProcessCycleTimeAvg = 0.01800018548965454; EventCycleTimeMin = 0.02369809150695801; LogProcessCycleTimeMax = 0.04071688652038574; LogProcessCycleTimeMin = 0.003947973251342773; LogProcessCycleTimeSum = 0.07200074195861816; LogProcessCycleTimeCount = 4.0; EventCycleTimeSum = 0.2395780086517334; SleepCycleTimeSum = 25.41416621208191; SleepCycleTimeAvg = 5.082833242416382; SleepCycleTimeStd = 0.1186906125203638; SleepCycleTimeMax = 5.213227033615112; EventCycleTimeCount = 5.0; EventCycleTimeAvg = 0.04791560173034668; ]
07/11/20 23:02:57 Submitting HTCondor Node increment_py_ID0000001 job(s)...
07/11/20 23:02:57 Adding a DAGMan workflow log /home/scitech/shared-data/Workflow/Workflow2/scitech/pegasus/Increment/run0001/./Increment-0.dag.nodes.log
07/11/20 23:02:57 Masking the events recorded in the DAGMAN workflow log
07/11/20 23:02:57 Mask for workflow log is 0,1,2,4,5,7,9,10,11,12,13,16,17,24,27,35,36
07/11/20 23:02:57 submitting: /usr/bin/condor_submit -a dag_node_name' '=' 'increment_py_ID0000001 -a +DAGManJobId' '=' '1 -a DAGManJobId' '=' '1 -batch-name Increment-0.dag+1 -a submit_event_notes' '=' 'DAG' 'Node:' 'increment_py_ID0000001 -a dagman_log' '=' '/home/scitech/shared-data/Workflow/Workflow2/scitech/pegasus/Increment/run0001/./Increment-0.dag.nodes.log -a +DAGManNodesMask' '=' '"0,1,2,4,5,7,9,10,11,12,13,16,17,24,27,35,36" -a priority=20 -a +DAGNodeRetry' '=' '0 -a DAG_STATUS' '=' '0 -a FAILED_COUNT' '=' '0 -a +KeepClaimIdle' '=' '20 -a notification' '=' 'never -a +DAGParentNodeNames' '=' '"stage_in_remote_local_0_0,stage_in_local_local_0_0" 00/00/increment_py_ID0000001.sub
07/11/20 23:02:57 From submit: Submitting job(s).
07/11/20 23:02:57 From submit: 1 job(s) submitted to cluster 5.
07/11/20 23:02:57 	assigned HTCondor ID (5.0.0)
07/11/20 23:02:57 Just submitted 1 job this cycle...
07/11/20 23:02:57 DAG status: 0 (DAG_STATUS_OK)
07/11/20 23:02:57 Of 9 nodes total:
07/11/20 23:02:57  Done     Pre   Queued    Post   Ready   Un-Ready   Failed
07/11/20 23:02:57   ===     ===      ===     ===     ===        ===      ===
07/11/20 23:02:57     3       0        1       0       0          5        0
07/11/20 23:02:57 0 job proc(s) currently held
07/11/20 23:02:57 DAGMan Runtime Statistics: [ EventCycleTimeStd = 0.0289042650762819; EventCycleTimeMax = 0.08848786354064941; SubmitCycleTimeMin = 0.0002949237823486328; SubmitCycleTimeAvg = 0.02992970602852957; SleepCycleTimeCount = 6.0; SubmitCycleTimeCount = 7.0; SubmitCycleTimeMax = 0.08198404312133789; SleepCycleTimeMin = 4.974662065505981; SubmitCycleTimeSum = 0.209507942199707; LogProcessCycleTimeStd = 0.01605894946753114; SubmitCycleTimeStd = 0.0373510385019586; LogProcessCycleTimeAvg = 0.01800018548965454; EventCycleTimeMin = 0.00843501091003418; LogProcessCycleTimeMax = 0.04071688652038574; LogProcessCycleTimeMin = 0.003947973251342773; LogProcessCycleTimeSum = 0.07200074195861816; LogProcessCycleTimeCount = 4.0; EventCycleTimeSum = 0.2480130195617676; SleepCycleTimeSum = 30.41998410224915; SleepCycleTimeAvg = 5.069997350374858; SleepCycleTimeStd = 0.1107182457744744; SleepCycleTimeMax = 5.213227033615112; EventCycleTimeCount = 6.0; EventCycleTimeAvg = 0.04133550326029459; ]
07/11/20 23:03:03 Currently monitoring 1 HTCondor log file(s)
07/11/20 23:03:03 Reassigning the id of job increment_py_ID0000001 from (5.0.0) to (5.0.0)
07/11/20 23:03:03 Event: ULOG_SUBMIT for HTCondor Node increment_py_ID0000001 (5.0.0) {07/11/20 23:02:57}
07/11/20 23:03:03 Number of idle job procs: 1
07/11/20 23:03:08 Currently monitoring 1 HTCondor log file(s)
07/11/20 23:03:08 Event: ULOG_EXECUTE for HTCondor Node increment_py_ID0000001 (5.0.0) {07/11/20 23:03:06}
07/11/20 23:03:08 Number of idle job procs: 0
07/11/20 23:03:08 Event: ULOG_JOB_TERMINATED for HTCondor Node increment_py_ID0000001 (5.0.0) {07/11/20 23:03:07}
07/11/20 23:03:08 Number of idle job procs: 0
07/11/20 23:03:08 Node increment_py_ID0000001 job proc (5.0.0) failed with status 1.
07/11/20 23:03:08 Node increment_py_ID0000001 job completed
07/11/20 23:03:08 Running POST script of Node increment_py_ID0000001...
07/11/20 23:03:08 Warning: mysin has length 0 (ignore if produced by DAGMan; see gittrac #4987, #5031)
07/11/20 23:03:08 DAG status: 0 (DAG_STATUS_OK)
07/11/20 23:03:08 Of 9 nodes total:
07/11/20 23:03:08  Done     Pre   Queued    Post   Ready   Un-Ready   Failed
07/11/20 23:03:08   ===     ===      ===     ===     ===        ===      ===
07/11/20 23:03:08     3       0        0       1       0          5        0
07/11/20 23:03:08 0 job proc(s) currently held
07/11/20 23:03:08 DAGMan Runtime Statistics: [ EventCycleTimeStd = 0.03055613093499266; EventCycleTimeMax = 0.08848786354064941; SubmitCycleTimeMin = 0.0002949237823486328; SubmitCycleTimeAvg = 0.02355088127983941; SleepCycleTimeCount = 8.0; SubmitCycleTimeCount = 9.0; SubmitCycleTimeMax = 0.08198404312133789; SleepCycleTimeMin = 4.974662065505981; SubmitCycleTimeSum = 0.2119579315185547; LogProcessCycleTimeStd = 0.01338064910078749; SubmitCycleTimeStd = 0.03473530063650208; LogProcessCycleTimeAvg = 0.01668659845987956; EventCycleTimeMin = 0.00843501091003418; LogProcessCycleTimeMax = 0.04071688652038574; LogProcessCycleTimeMin = 0.003947973251342773; LogProcessCycleTimeSum = 0.1001195907592773; LogProcessCycleTimeCount = 6.0; EventCycleTimeSum = 0.336353063583374; SleepCycleTimeSum = 40.43764615058899; SleepCycleTimeAvg = 5.054705768823624; SleepCycleTimeStd = 0.09776402962838777; SleepCycleTimeMax = 5.213227033615112; EventCycleTimeCount = 8.0; EventCycleTimeAvg = 0.04204413294792175; ]
07/11/20 23:03:08 Initializing user log writer for /home/scitech/shared-data/Workflow/Workflow2/scitech/pegasus/Increment/run0001/./Increment-0.dag.nodes.log, (5.0.0)
07/11/20 23:03:13 Currently monitoring 1 HTCondor log file(s)
07/11/20 23:03:13 Event: ULOG_POST_SCRIPT_TERMINATED for HTCondor Node increment_py_ID0000001 (5.0.0) {07/11/20 23:03:08}
07/11/20 23:03:13 POST Script of node increment_py_ID0000001 failed with status 1
07/11/20 23:03:13 POST for Node increment_py_ID0000001 returned 1
07/11/20 23:03:13 Retrying node increment_py_ID0000001 (retry #1 of 2)...
07/11/20 23:03:13 DAG status: 0 (DAG_STATUS_OK)
07/11/20 23:03:13 Of 9 nodes total:
07/11/20 23:03:13  Done     Pre   Queued    Post   Ready   Un-Ready   Failed
07/11/20 23:03:13   ===     ===      ===     ===     ===        ===      ===
07/11/20 23:03:13     3       0        0       0       1          5        0
07/11/20 23:03:13 0 job proc(s) currently held
07/11/20 23:03:13 DAGMan Runtime Statistics: [ EventCycleTimeStd = 0.02891312924505625; EventCycleTimeMax = 0.08848786354064941; SubmitCycleTimeMin = 0.0002179145812988281; SubmitCycleTimeAvg = 0.02121758460998535; SleepCycleTimeCount = 9.0; SubmitCycleTimeCount = 10.0; SubmitCycleTimeMax = 0.08198404312133789; SleepCycleTimeMin = 4.974662065505981; SubmitCycleTimeSum = 0.2121758460998535; LogProcessCycleTimeStd = 0.01313474205564284; SubmitCycleTimeStd = 0.03356968454478126; LogProcessCycleTimeAvg = 0.01486137935093471; EventCycleTimeMin = 0.00843501091003418; LogProcessCycleTimeMax = 0.04071688652038574; LogProcessCycleTimeMin = 0.003910064697265625; LogProcessCycleTimeSum = 0.104029655456543; LogProcessCycleTimeCount = 7.0; EventCycleTimeSum = 0.3653199672698975; SleepCycleTimeSum = 45.61236119270325; SleepCycleTimeAvg = 5.068040132522583; SleepCycleTimeStd = 0.09981646708002133; SleepCycleTimeMax = 5.213227033615112; EventCycleTimeCount = 9.0; EventCycleTimeAvg = 0.04059110747443305; ]
07/11/20 23:03:18 Reassigning the id of job increment_py_ID0000001 from (5.0.0) to (-1.-1.-1)
07/11/20 23:03:18 Submitting HTCondor Node increment_py_ID0000001 job(s)...
07/11/20 23:03:18 Adding a DAGMan workflow log /home/scitech/shared-data/Workflow/Workflow2/scitech/pegasus/Increment/run0001/./Increment-0.dag.nodes.log
07/11/20 23:03:18 Masking the events recorded in the DAGMAN workflow log
07/11/20 23:03:18 Mask for workflow log is 0,1,2,4,5,7,9,10,11,12,13,16,17,24,27,35,36
07/11/20 23:03:18 submitting: /usr/bin/condor_submit -a dag_node_name' '=' 'increment_py_ID0000001 -a +DAGManJobId' '=' '1 -a DAGManJobId' '=' '1 -batch-name Increment-0.dag+1 -a submit_event_notes' '=' 'DAG' 'Node:' 'increment_py_ID0000001 -a dagman_log' '=' '/home/scitech/shared-data/Workflow/Workflow2/scitech/pegasus/Increment/run0001/./Increment-0.dag.nodes.log -a +DAGManNodesMask' '=' '"0,1,2,4,5,7,9,10,11,12,13,16,17,24,27,35,36" -a priority=20 -a +DAGNodeRetry' '=' '1 -a DAG_STATUS' '=' '0 -a FAILED_COUNT' '=' '0 -a +KeepClaimIdle' '=' '20 -a notification' '=' 'never -a +DAGParentNodeNames' '=' '"stage_in_remote_local_0_0,stage_in_local_local_0_0" 00/00/increment_py_ID0000001.sub
07/11/20 23:03:18 From submit: Submitting job(s).
07/11/20 23:03:18 From submit: 1 job(s) submitted to cluster 6.
07/11/20 23:03:18 	assigned HTCondor ID (6.0.0)
07/11/20 23:03:18 Just submitted 1 job this cycle...
07/11/20 23:03:18 DAG status: 0 (DAG_STATUS_OK)
07/11/20 23:03:18 Of 9 nodes total:
07/11/20 23:03:18  Done     Pre   Queued    Post   Ready   Un-Ready   Failed
07/11/20 23:03:18   ===     ===      ===     ===     ===        ===      ===
07/11/20 23:03:18     3       0        1       0       0          5        0
07/11/20 23:03:18 0 job proc(s) currently held
07/11/20 23:03:18 DAGMan Runtime Statistics: [ EventCycleTimeStd = 0.02916610644026146; EventCycleTimeMax = 0.08848786354064941; SubmitCycleTimeMin = 0.0002179145812988281; SubmitCycleTimeAvg = 0.0243012471632524; SleepCycleTimeCount = 10.0; SubmitCycleTimeCount = 11.0; SubmitCycleTimeMax = 0.08198404312133789; SleepCycleTimeMin = 4.971117973327637; SubmitCycleTimeSum = 0.2673137187957764; LogProcessCycleTimeStd = 0.01313474205564284; SubmitCycleTimeStd = 0.03344891733014911; LogProcessCycleTimeAvg = 0.01486137935093471; EventCycleTimeMin = 0.007791996002197266; LogProcessCycleTimeMax = 0.04071688652038574; LogProcessCycleTimeMin = 0.003910064697265625; LogProcessCycleTimeSum = 0.104029655456543; LogProcessCycleTimeCount = 7.0; EventCycleTimeSum = 0.3731119632720947; SleepCycleTimeSum = 50.58347916603088; SleepCycleTimeAvg = 5.058347916603088; SleepCycleTimeStd = 0.09897313398168604; SleepCycleTimeMax = 5.213227033615112; EventCycleTimeCount = 10.0; EventCycleTimeAvg = 0.03731119632720947; ]
07/11/20 23:03:23 Currently monitoring 1 HTCondor log file(s)
07/11/20 23:03:23 Reassigning the id of job increment_py_ID0000001 from (6.0.0) to (6.0.0)
07/11/20 23:03:23 Event: ULOG_SUBMIT for HTCondor Node increment_py_ID0000001 (6.0.0) {07/11/20 23:03:18}
07/11/20 23:03:23 Number of idle job procs: 1
07/11/20 23:03:23 Event: ULOG_EXECUTE for HTCondor Node increment_py_ID0000001 (6.0.0) {07/11/20 23:03:19}
07/11/20 23:03:23 Number of idle job procs: 0
07/11/20 23:03:23 Event: ULOG_JOB_TERMINATED for HTCondor Node increment_py_ID0000001 (6.0.0) {07/11/20 23:03:20}
07/11/20 23:03:23 Number of idle job procs: 0
07/11/20 23:03:23 Node increment_py_ID0000001 job proc (6.0.0) failed with status 1.
07/11/20 23:03:23 Node increment_py_ID0000001 job completed
07/11/20 23:03:23 Running POST script of Node increment_py_ID0000001...
07/11/20 23:03:23 Warning: mysin has length 0 (ignore if produced by DAGMan; see gittrac #4987, #5031)
07/11/20 23:03:23 DAG status: 0 (DAG_STATUS_OK)
07/11/20 23:03:23 Of 9 nodes total:
07/11/20 23:03:23  Done     Pre   Queued    Post   Ready   Un-Ready   Failed
07/11/20 23:03:23   ===     ===      ===     ===     ===        ===      ===
07/11/20 23:03:23     3       0        0       1       0          5        0
07/11/20 23:03:23 0 job proc(s) currently held
07/11/20 23:03:23 DAGMan Runtime Statistics: [ EventCycleTimeStd = 0.02856647055757043; EventCycleTimeMax = 0.08848786354064941; SubmitCycleTimeMin = 0.0002179145812988281; SubmitCycleTimeAvg = 0.02238047122955322; SleepCycleTimeCount = 11.0; SubmitCycleTimeCount = 12.0; SubmitCycleTimeMax = 0.08198404312133789; SleepCycleTimeMin = 4.971117973327637; SubmitCycleTimeSum = 0.2685656547546387; LogProcessCycleTimeStd = 0.01238691992225192; SubmitCycleTimeStd = 0.03257899335787707; LogProcessCycleTimeAvg = 0.01569506525993347; EventCycleTimeMin = 0.007791996002197266; LogProcessCycleTimeMax = 0.04071688652038574; LogProcessCycleTimeMin = 0.003910064697265625; LogProcessCycleTimeSum = 0.1255605220794678; LogProcessCycleTimeCount = 8.0; EventCycleTimeSum = 0.4339799880981445; SleepCycleTimeSum = 55.59408807754517; SleepCycleTimeAvg = 5.054008007049561; SleepCycleTimeStd = 0.09499103162615594; SleepCycleTimeMax = 5.213227033615112; EventCycleTimeCount = 11.0; EventCycleTimeAvg = 0.03945272619074041; ]
07/11/20 23:03:23 Initializing user log writer for /home/scitech/shared-data/Workflow/Workflow2/scitech/pegasus/Increment/run0001/./Increment-0.dag.nodes.log, (6.0.0)
07/11/20 23:03:28 Currently monitoring 1 HTCondor log file(s)
07/11/20 23:03:28 Event: ULOG_POST_SCRIPT_TERMINATED for HTCondor Node increment_py_ID0000001 (6.0.0) {07/11/20 23:03:23}
07/11/20 23:03:28 POST Script of node increment_py_ID0000001 failed with status 1
07/11/20 23:03:28 POST for Node increment_py_ID0000001 returned 1
07/11/20 23:03:28 Retrying node increment_py_ID0000001 (retry #2 of 2)...
07/11/20 23:03:28 DAG status: 0 (DAG_STATUS_OK)
07/11/20 23:03:28 Of 9 nodes total:
07/11/20 23:03:28  Done     Pre   Queued    Post   Ready   Un-Ready   Failed
07/11/20 23:03:28   ===     ===      ===     ===     ===        ===      ===
07/11/20 23:03:28     3       0        0       0       1          5        0
07/11/20 23:03:28 0 job proc(s) currently held
07/11/20 23:03:28 DAGMan Runtime Statistics: [ EventCycleTimeStd = 0.02738866055574862; EventCycleTimeMax = 0.08848786354064941; SubmitCycleTimeMin = 0.0002179145812988281; SubmitCycleTimeAvg = 0.02069381567148062; SleepCycleTimeCount = 12.0; SubmitCycleTimeCount = 13.0; SubmitCycleTimeMax = 0.08198404312133789; SleepCycleTimeMin = 4.971117973327637; SubmitCycleTimeSum = 0.269019603729248; LogProcessCycleTimeStd = 0.0121352645777705; SubmitCycleTimeStd = 0.03177930245970458; LogProcessCycleTimeAvg = 0.01449282964070638; EventCycleTimeMin = 0.007791996002197266; LogProcessCycleTimeMax = 0.04071688652038574; LogProcessCycleTimeMin = 0.003910064697265625; LogProcessCycleTimeSum = 0.1304354667663574; LogProcessCycleTimeCount = 9.0; EventCycleTimeSum = 0.4634640216827393; SleepCycleTimeSum = 60.77947115898132; SleepCycleTimeAvg = 5.064955929915111; SleepCycleTimeStd = 0.09819002304588319; SleepCycleTimeMax = 5.213227033615112; EventCycleTimeCount = 12.0; EventCycleTimeAvg = 0.03862200180689494; ]
07/11/20 23:03:33 Reassigning the id of job increment_py_ID0000001 from (6.0.0) to (-1.-1.-1)
07/11/20 23:03:33 Submitting HTCondor Node increment_py_ID0000001 job(s)...
07/11/20 23:03:33 Adding a DAGMan workflow log /home/scitech/shared-data/Workflow/Workflow2/scitech/pegasus/Increment/run0001/./Increment-0.dag.nodes.log
07/11/20 23:03:33 Masking the events recorded in the DAGMAN workflow log
07/11/20 23:03:33 Mask for workflow log is 0,1,2,4,5,7,9,10,11,12,13,16,17,24,27,35,36
07/11/20 23:03:33 submitting: /usr/bin/condor_submit -a dag_node_name' '=' 'increment_py_ID0000001 -a +DAGManJobId' '=' '1 -a DAGManJobId' '=' '1 -batch-name Increment-0.dag+1 -a submit_event_notes' '=' 'DAG' 'Node:' 'increment_py_ID0000001 -a dagman_log' '=' '/home/scitech/shared-data/Workflow/Workflow2/scitech/pegasus/Increment/run0001/./Increment-0.dag.nodes.log -a +DAGManNodesMask' '=' '"0,1,2,4,5,7,9,10,11,12,13,16,17,24,27,35,36" -a priority=20 -a +DAGNodeRetry' '=' '2 -a DAG_STATUS' '=' '0 -a FAILED_COUNT' '=' '0 -a +KeepClaimIdle' '=' '20 -a notification' '=' 'never -a +DAGParentNodeNames' '=' '"stage_in_remote_local_0_0,stage_in_local_local_0_0" 00/00/increment_py_ID0000001.sub
07/11/20 23:03:33 From submit: Submitting job(s).
07/11/20 23:03:33 From submit: 1 job(s) submitted to cluster 7.
07/11/20 23:03:33 	assigned HTCondor ID (7.0.0)
07/11/20 23:03:33 Just submitted 1 job this cycle...
07/11/20 23:03:33 DAG status: 0 (DAG_STATUS_OK)
07/11/20 23:03:33 Of 9 nodes total:
07/11/20 23:03:33  Done     Pre   Queued    Post   Ready   Un-Ready   Failed
07/11/20 23:03:33   ===     ===      ===     ===     ===        ===      ===
07/11/20 23:03:33     3       0        1       0       0          5        0
07/11/20 23:03:33 0 job proc(s) currently held
07/11/20 23:03:33 DAGMan Runtime Statistics: [ EventCycleTimeStd = 0.02734132752555426; EventCycleTimeMax = 0.08848786354064941; SubmitCycleTimeMin = 0.0002179145812988281; SubmitCycleTimeAvg = 0.02277076244354248; SleepCycleTimeCount = 13.0; SubmitCycleTimeCount = 14.0; SubmitCycleTimeMax = 0.08198404312133789; SleepCycleTimeMin = 4.971117973327637; SubmitCycleTimeSum = 0.3187906742095947; LogProcessCycleTimeStd = 0.0121352645777705; SubmitCycleTimeStd = 0.03150602337357176; LogProcessCycleTimeAvg = 0.01449282964070638; EventCycleTimeMin = 0.007791996002197266; LogProcessCycleTimeMax = 0.04071688652038574; LogProcessCycleTimeMin = 0.003910064697265625; LogProcessCycleTimeSum = 0.1304354667663574; LogProcessCycleTimeCount = 9.0; EventCycleTimeSum = 0.4741759300231934; SleepCycleTimeSum = 65.78605508804321; SleepCycleTimeAvg = 5.060465776003324; SleepCycleTimeStd = 0.09539360482533067; SleepCycleTimeMax = 5.213227033615112; EventCycleTimeCount = 13.0; EventCycleTimeAvg = 0.03647507154024564; ]
07/11/20 23:03:38 Currently monitoring 1 HTCondor log file(s)
07/11/20 23:03:38 Reassigning the id of job increment_py_ID0000001 from (7.0.0) to (7.0.0)
07/11/20 23:03:38 Event: ULOG_SUBMIT for HTCondor Node increment_py_ID0000001 (7.0.0) {07/11/20 23:03:33}
07/11/20 23:03:38 Number of idle job procs: 1
07/11/20 23:03:38 Event: ULOG_EXECUTE for HTCondor Node increment_py_ID0000001 (7.0.0) {07/11/20 23:03:34}
07/11/20 23:03:38 Number of idle job procs: 0
07/11/20 23:03:38 Event: ULOG_JOB_TERMINATED for HTCondor Node increment_py_ID0000001 (7.0.0) {07/11/20 23:03:35}
07/11/20 23:03:38 Number of idle job procs: 0
07/11/20 23:03:38 Node increment_py_ID0000001 job proc (7.0.0) failed with status 1.
07/11/20 23:03:38 Node increment_py_ID0000001 job completed
07/11/20 23:03:38 Running POST script of Node increment_py_ID0000001...
07/11/20 23:03:38 Warning: mysin has length 0 (ignore if produced by DAGMan; see gittrac #4987, #5031)
07/11/20 23:03:38 DAG status: 0 (DAG_STATUS_OK)
07/11/20 23:03:38 Of 9 nodes total:
07/11/20 23:03:38  Done     Pre   Queued    Post   Ready   Un-Ready   Failed
07/11/20 23:03:38   ===     ===      ===     ===     ===        ===      ===
07/11/20 23:03:38     3       0        0       1       0          5        0
07/11/20 23:03:38 0 job proc(s) currently held
07/11/20 23:03:38 DAGMan Runtime Statistics: [ EventCycleTimeStd = 0.02669646590698781; EventCycleTimeMax = 0.08848786354064941; SubmitCycleTimeMin = 0.0002179145812988281; SubmitCycleTimeAvg = 0.02132757504781087; SleepCycleTimeCount = 14.0; SubmitCycleTimeCount = 15.0; SubmitCycleTimeMax = 0.08198404312133789; SleepCycleTimeMin = 4.971117973327637; SubmitCycleTimeSum = 0.3199136257171631; LogProcessCycleTimeStd = 0.01167243008120283; SubmitCycleTimeStd = 0.03087020001443875; LogProcessCycleTimeAvg = 0.01522383689880371; EventCycleTimeMin = 0.007791996002197266; LogProcessCycleTimeMax = 0.04071688652038574; LogProcessCycleTimeMin = 0.003910064697265625; LogProcessCycleTimeSum = 0.1522383689880371; LogProcessCycleTimeCount = 10.0; EventCycleTimeSum = 0.5284609794616699; SleepCycleTimeSum = 70.79252815246582; SleepCycleTimeAvg = 5.056609153747559; SleepCycleTimeStd = 0.09278024553900001; SleepCycleTimeMax = 5.213227033615112; EventCycleTimeCount = 14.0; EventCycleTimeAvg = 0.03774721281869071; ]
07/11/20 23:03:38 Initializing user log writer for /home/scitech/shared-data/Workflow/Workflow2/scitech/pegasus/Increment/run0001/./Increment-0.dag.nodes.log, (7.0.0)
07/11/20 23:03:43 Currently monitoring 1 HTCondor log file(s)
07/11/20 23:03:43 Event: ULOG_POST_SCRIPT_TERMINATED for HTCondor Node increment_py_ID0000001 (7.0.0) {07/11/20 23:03:38}
07/11/20 23:03:43 POST Script of node increment_py_ID0000001 failed with status 1
07/11/20 23:03:43 POST for Node increment_py_ID0000001 returned 1
07/11/20 23:03:43 DAG status: 2 (DAG_STATUS_NODE_FAILED)
07/11/20 23:03:43 Of 9 nodes total:
07/11/20 23:03:43  Done     Pre   Queued    Post   Ready   Un-Ready   Failed
07/11/20 23:03:43   ===     ===      ===     ===     ===        ===      ===
07/11/20 23:03:43     3       0        0       0       0          5        1
07/11/20 23:03:43 0 job proc(s) currently held
07/11/20 23:03:43 DAGMan Runtime Statistics: [ EventCycleTimeStd = 0.02582945588820266; EventCycleTimeMax = 0.08848786354064941; SubmitCycleTimeMin = 0.0002179145812988281; SubmitCycleTimeAvg = 0.02002179622650146; SleepCycleTimeCount = 15.0; SubmitCycleTimeCount = 16.0; SubmitCycleTimeMax = 0.08198404312133789; SleepCycleTimeMin = 4.971117973327637; SubmitCycleTimeSum = 0.3203487396240234; LogProcessCycleTimeStd = 0.01161390142626717; SubmitCycleTimeStd = 0.03027736611649435; LogProcessCycleTimeAvg = 0.01416804573752663; EventCycleTimeMin = 0.007791996002197266; LogProcessCycleTimeMax = 0.04071688652038574; LogProcessCycleTimeMin = 0.003610134124755859; LogProcessCycleTimeSum = 0.155848503112793; LogProcessCycleTimeCount = 11.0; EventCycleTimeSum = 0.5572359561920166; SleepCycleTimeSum = 75.96943521499634; SleepCycleTimeAvg = 5.064629014333089; SleepCycleTimeStd = 0.09464711749817598; SleepCycleTimeMax = 5.213227033615112; EventCycleTimeCount = 15.0; EventCycleTimeAvg = 0.03714906374613444; ]
07/11/20 23:03:43 ERROR: the following job(s) failed:
07/11/20 23:03:43 ---------------------- Job ----------------------
07/11/20 23:03:43       Node Name: increment_py_ID0000001
07/11/20 23:03:43            Noop: false
07/11/20 23:03:43          NodeID: 3
07/11/20 23:03:43     Node Status: STATUS_ERROR    
07/11/20 23:03:43 Node return val: 1
07/11/20 23:03:43           Error: Job exited with status 1 and POST Script failed with status 1 (after 2 node retries)
07/11/20 23:03:43 Job Submit File: 00/00/increment_py_ID0000001.sub
07/11/20 23:03:43     POST Script: /home/scitech/pegasus/dist/pegasus-5.0.0dev/bin/pegasus-exitcode  -s PegasusLite:+exitcode+0 -l Increment-0.exitcode.log -M Increment-0.cache.meta  .//00/00/increment_py_ID0000001.out
07/11/20 23:03:43           Retry: 2
07/11/20 23:03:43  HTCondor Job ID: (7.0.0)
07/11/20 23:03:43       Q_PARENTS: stage_in_remote_local_0_0, stage_in_local_local_0_0, <END>
07/11/20 23:03:43       Q_WAITING: <END>
07/11/20 23:03:43      Q_CHILDREN: clean_up_local_level_3_0, stage_out_local_local_0_0, <END>
07/11/20 23:03:43 ---------------------------------------	<END>
07/11/20 23:03:43 Aborting DAG...
07/11/20 23:03:43 Writing Rescue DAG to Increment-0.dag.rescue001...
07/11/20 23:03:43 Removing submitted jobs...
07/11/20 23:03:43 Removing any/all submitted HTCondor jobs...
07/11/20 23:03:43 Running: /usr/bin/condor_rm -const DAGManJobId' '=?=' '1
07/11/20 23:03:43 Note: 0 total job deferrals because of -MaxJobs limit (0)
07/11/20 23:03:43 Note: 0 total job deferrals because of -MaxIdle limit (1000)
07/11/20 23:03:43 Note: 0 total job deferrals because of node category throttles
07/11/20 23:03:43 Note: 0 total PRE script deferrals because of -MaxPre limit (20) or DEFER
07/11/20 23:03:43 Note: 0 total POST script deferrals because of -MaxPost limit (20) or DEFER
07/11/20 23:03:43 DAG status: 2 (DAG_STATUS_NODE_FAILED)
07/11/20 23:03:43 Of 9 nodes total:
07/11/20 23:03:43  Done     Pre   Queued    Post   Ready   Un-Ready   Failed
07/11/20 23:03:43   ===     ===      ===     ===     ===        ===      ===
07/11/20 23:03:43     3       0        0       0       0          5        1
07/11/20 23:03:43 0 job proc(s) currently held
07/11/20 23:03:43 DAGMan Runtime Statistics: [ EventCycleTimeStd = 0.02582945588820266; EventCycleTimeMax = 0.08848786354064941; SubmitCycleTimeMin = 0.0002179145812988281; SubmitCycleTimeAvg = 0.02002179622650146; SleepCycleTimeCount = 15.0; SubmitCycleTimeCount = 16.0; SubmitCycleTimeMax = 0.08198404312133789; SleepCycleTimeMin = 4.971117973327637; SubmitCycleTimeSum = 0.3203487396240234; LogProcessCycleTimeStd = 0.01161390142626717; SubmitCycleTimeStd = 0.03027736611649435; LogProcessCycleTimeAvg = 0.01416804573752663; EventCycleTimeMin = 0.007791996002197266; LogProcessCycleTimeMax = 0.04071688652038574; LogProcessCycleTimeMin = 0.003610134124755859; LogProcessCycleTimeSum = 0.155848503112793; LogProcessCycleTimeCount = 11.0; EventCycleTimeSum = 0.5572359561920166; SleepCycleTimeSum = 75.96943521499634; SleepCycleTimeAvg = 5.064629014333089; SleepCycleTimeStd = 0.09464711749817598; SleepCycleTimeMax = 5.213227033615112; EventCycleTimeCount = 15.0; EventCycleTimeAvg = 0.03714906374613444; ]
07/11/20 23:03:43 Wrote metrics file Increment-0.dag.metrics.
07/11/20 23:03:43 Reporting metrics to Pegasus metrics server(s); output is in Increment-0.dag.metrics.out.
07/11/20 23:03:43 Running command </usr/libexec/condor/condor_dagman_metrics_reporter -f Increment-0.dag.metrics -t 100>
07/11/20 23:03:43 Warning: mysin has length 0 (ignore if produced by DAGMan; see gittrac #4987, #5031)
07/11/20 23:03:43 DAGMan Runtime Statistics: [ EventCycleTimeStd = 0.02582945588820266; EventCycleTimeMax = 0.08848786354064941; SubmitCycleTimeMin = 0.0002179145812988281; SubmitCycleTimeAvg = 0.02002179622650146; SleepCycleTimeCount = 15.0; SubmitCycleTimeCount = 16.0; SubmitCycleTimeMax = 0.08198404312133789; SleepCycleTimeMin = 4.971117973327637; SubmitCycleTimeSum = 0.3203487396240234; LogProcessCycleTimeStd = 0.01161390142626717; SubmitCycleTimeStd = 0.03027736611649435; LogProcessCycleTimeAvg = 0.01416804573752663; EventCycleTimeMin = 0.007791996002197266; LogProcessCycleTimeMax = 0.04071688652038574; LogProcessCycleTimeMin = 0.003610134124755859; LogProcessCycleTimeSum = 0.155848503112793; LogProcessCycleTimeCount = 11.0; EventCycleTimeSum = 0.5572359561920166; SleepCycleTimeSum = 75.96943521499634; SleepCycleTimeAvg = 5.064629014333089; SleepCycleTimeStd = 0.09464711749817598; SleepCycleTimeMax = 5.213227033615112; EventCycleTimeCount = 15.0; EventCycleTimeAvg = 0.03714906374613444; ]
07/11/20 23:03:43 **** condor_scheduniv_exec.1.0 (condor_DAGMAN) pid 2808 EXITING WITH STATUS 1
