000 (093.000.000) 09/23 21:29:36 Job submitted from host: <127.0.0.1:9618?addrs=127.0.0.1-9618&noUDP&sock=271_7641_4>
    DAG Node: stage_out_local_local_1000_0
    pool:local
...
000 (094.000.000) 09/23 21:29:36 Job submitted from host: <127.0.0.1:9618?addrs=127.0.0.1-9618&noUDP&sock=271_7641_4>
    DAG Node: create_dir_Cats_and_Dogs_0_local
    pool:local
...
001 (093.000.000) 09/23 21:29:37 Job executing on host: <127.0.0.1:9618?addrs=127.0.0.1-9618&noUDP&sock=10359_9a3e_65>
...
001 (094.000.000) 09/23 21:29:37 Job executing on host: <127.0.0.1:9618?addrs=127.0.0.1-9618&noUDP&sock=10359_9a3e_66>
...
005 (094.000.000) 09/23 21:29:39 Job terminated.
	(1) Normal termination (return value 0)
		Usr 0 00:00:00, Sys 0 00:00:00  -  Run Remote Usage
		Usr 0 00:00:00, Sys 0 00:00:00  -  Run Local Usage
		Usr 0 00:00:00, Sys 0 00:00:00  -  Total Remote Usage
		Usr 0 00:00:00, Sys 0 00:00:00  -  Total Local Usage
	0  -  Run Bytes Sent By Job
	0  -  Run Bytes Received By Job
	0  -  Total Bytes Sent By Job
	0  -  Total Bytes Received By Job
...
005 (093.000.000) 09/23 21:29:39 Job terminated.
	(1) Normal termination (return value 0)
		Usr 0 00:00:00, Sys 0 00:00:00  -  Run Remote Usage
		Usr 0 00:00:00, Sys 0 00:00:00  -  Run Local Usage
		Usr 0 00:00:00, Sys 0 00:00:00  -  Total Remote Usage
		Usr 0 00:00:00, Sys 0 00:00:00  -  Total Local Usage
	0  -  Run Bytes Sent By Job
	0  -  Run Bytes Received By Job
	0  -  Total Bytes Sent By Job
	0  -  Total Bytes Received By Job
...
016 (094.000.000) 09/23 21:29:41 POST Script terminated.
	(1) Normal termination (return value 0)
    DAG Node: create_dir_Cats_and_Dogs_0_local
...
016 (093.000.000) 09/23 21:29:41 POST Script terminated.
	(1) Normal termination (return value 0)
    DAG Node: stage_out_local_local_1000_0
...
000 (095.000.000) 09/23 21:29:51 Job submitted from host: <127.0.0.1:9618?addrs=127.0.0.1-9618&noUDP&sock=271_7641_4>
    DAG Node: stage_in_remote_local_2_0
    pool:local
...
000 (096.000.000) 09/23 21:29:51 Job submitted from host: <127.0.0.1:9618?addrs=127.0.0.1-9618&noUDP&sock=271_7641_4>
    DAG Node: stage_in_remote_local_1_0
    pool:local
...
000 (097.000.000) 09/23 21:29:51 Job submitted from host: <127.0.0.1:9618?addrs=127.0.0.1-9618&noUDP&sock=271_7641_4>
    DAG Node: stage_in_remote_local_0_0
    pool:local
...
000 (098.000.000) 09/23 21:29:51 Job submitted from host: <127.0.0.1:9618?addrs=127.0.0.1-9618&noUDP&sock=271_7641_4>
    DAG Node: stage_in_local_local_0_0
    pool:local
...
000 (099.000.000) 09/23 21:29:51 Job submitted from host: <127.0.0.1:9618?addrs=127.0.0.1-9618&noUDP&sock=271_7641_4>
    DAG Node: stage_in_remote_local_3_0
    pool:local
...
000 (100.000.000) 09/23 21:29:51 Job submitted from host: <127.0.0.1:9618?addrs=127.0.0.1-9618&noUDP&sock=271_7641_4>
    DAG Node: register_local_1000_0
    pool:local
...
001 (096.000.000) 09/23 21:29:54 Job executing on host: <127.0.0.1:9618?addrs=127.0.0.1-9618&noUDP&sock=10359_9a3e_68>
...
001 (099.000.000) 09/23 21:29:54 Job executing on host: <127.0.0.1:9618?addrs=127.0.0.1-9618&noUDP&sock=10359_9a3e_69>
...
001 (095.000.000) 09/23 21:29:54 Job executing on host: <127.0.0.1:9618?addrs=127.0.0.1-9618&noUDP&sock=10359_9a3e_70>
...
001 (098.000.000) 09/23 21:29:54 Job executing on host: <127.0.0.1:9618?addrs=127.0.0.1-9618&noUDP&sock=10359_9a3e_71>
...
001 (097.000.000) 09/23 21:29:54 Job executing on host: <127.0.0.1:9618?addrs=127.0.0.1-9618&noUDP&sock=10359_9a3e_72>
...
001 (100.000.000) 09/23 21:29:54 Job executing on host: <127.0.0.1:9618?addrs=127.0.0.1-9618&noUDP&sock=10359_9a3e_73>
...
005 (100.000.000) 09/23 21:29:56 Job terminated.
	(1) Normal termination (return value 0)
		Usr 0 00:00:00, Sys 0 00:00:00  -  Run Remote Usage
		Usr 0 00:00:00, Sys 0 00:00:00  -  Run Local Usage
		Usr 0 00:00:00, Sys 0 00:00:00  -  Total Remote Usage
		Usr 0 00:00:00, Sys 0 00:00:00  -  Total Local Usage
	0  -  Run Bytes Sent By Job
	0  -  Run Bytes Received By Job
	0  -  Total Bytes Sent By Job
	0  -  Total Bytes Received By Job
...
005 (095.000.000) 09/23 21:29:56 Job terminated.
	(1) Normal termination (return value 0)
		Usr 0 00:00:00, Sys 0 00:00:00  -  Run Remote Usage
		Usr 0 00:00:00, Sys 0 00:00:00  -  Run Local Usage
		Usr 0 00:00:00, Sys 0 00:00:00  -  Total Remote Usage
		Usr 0 00:00:00, Sys 0 00:00:00  -  Total Local Usage
	0  -  Run Bytes Sent By Job
	0  -  Run Bytes Received By Job
	0  -  Total Bytes Sent By Job
	0  -  Total Bytes Received By Job
...
005 (096.000.000) 09/23 21:29:56 Job terminated.
	(1) Normal termination (return value 0)
		Usr 0 00:00:00, Sys 0 00:00:00  -  Run Remote Usage
		Usr 0 00:00:00, Sys 0 00:00:00  -  Run Local Usage
		Usr 0 00:00:00, Sys 0 00:00:00  -  Total Remote Usage
		Usr 0 00:00:00, Sys 0 00:00:00  -  Total Local Usage
	0  -  Run Bytes Sent By Job
	0  -  Run Bytes Received By Job
	0  -  Total Bytes Sent By Job
	0  -  Total Bytes Received By Job
...
005 (099.000.000) 09/23 21:29:56 Job terminated.
	(1) Normal termination (return value 0)
		Usr 0 00:00:00, Sys 0 00:00:00  -  Run Remote Usage
		Usr 0 00:00:00, Sys 0 00:00:00  -  Run Local Usage
		Usr 0 00:00:00, Sys 0 00:00:00  -  Total Remote Usage
		Usr 0 00:00:00, Sys 0 00:00:00  -  Total Local Usage
	0  -  Run Bytes Sent By Job
	0  -  Run Bytes Received By Job
	0  -  Total Bytes Sent By Job
	0  -  Total Bytes Received By Job
...
005 (097.000.000) 09/23 21:29:56 Job terminated.
	(1) Normal termination (return value 0)
		Usr 0 00:00:00, Sys 0 00:00:00  -  Run Remote Usage
		Usr 0 00:00:00, Sys 0 00:00:00  -  Run Local Usage
		Usr 0 00:00:00, Sys 0 00:00:00  -  Total Remote Usage
		Usr 0 00:00:00, Sys 0 00:00:00  -  Total Local Usage
	0  -  Run Bytes Sent By Job
	0  -  Run Bytes Received By Job
	0  -  Total Bytes Sent By Job
	0  -  Total Bytes Received By Job
...
016 (100.000.000) 09/23 21:29:57 POST Script terminated.
	(1) Normal termination (return value 0)
    DAG Node: register_local_1000_0
...
016 (099.000.000) 09/23 21:29:57 POST Script terminated.
	(1) Normal termination (return value 0)
    DAG Node: stage_in_remote_local_3_0
...
016 (096.000.000) 09/23 21:29:57 POST Script terminated.
	(1) Normal termination (return value 0)
    DAG Node: stage_in_remote_local_1_0
...
016 (095.000.000) 09/23 21:29:57 POST Script terminated.
	(1) Normal termination (return value 0)
    DAG Node: stage_in_remote_local_2_0
...
016 (097.000.000) 09/23 21:29:57 POST Script terminated.
	(1) Normal termination (return value 0)
    DAG Node: stage_in_remote_local_0_0
...
005 (098.000.000) 09/23 21:29:59 Job terminated.
	(1) Normal termination (return value 0)
		Usr 0 00:00:00, Sys 0 00:00:00  -  Run Remote Usage
		Usr 0 00:00:00, Sys 0 00:00:00  -  Run Local Usage
		Usr 0 00:00:00, Sys 0 00:00:00  -  Total Remote Usage
		Usr 0 00:00:00, Sys 0 00:00:00  -  Total Local Usage
	0  -  Run Bytes Sent By Job
	0  -  Run Bytes Received By Job
	0  -  Total Bytes Sent By Job
	0  -  Total Bytes Received By Job
...
016 (098.000.000) 09/23 21:30:02 POST Script terminated.
	(1) Normal termination (return value 0)
    DAG Node: stage_in_local_local_0_0
...
000 (104.000.000) 09/23 21:30:12 Job submitted from host: <127.0.0.1:9618?addrs=127.0.0.1-9618&noUDP&sock=271_7641_4>
    DAG Node: preprocess1_py_ID0000001
    pool:condorpool
...
001 (104.000.000) 09/23 21:30:14 Job executing on host: <127.0.0.1:9618?addrs=127.0.0.1-9618&noUDP&sock=271_7641_5>
...
005 (104.000.000) 09/23 21:30:17 Job terminated.
	(1) Normal termination (return value 0)
		Usr 0 00:00:00, Sys 0 00:00:00  -  Run Remote Usage
		Usr 0 00:00:00, Sys 0 00:00:00  -  Run Local Usage
		Usr 0 00:00:00, Sys 0 00:00:00  -  Total Remote Usage
		Usr 0 00:00:00, Sys 0 00:00:00  -  Total Local Usage
	345746  -  Run Bytes Sent By Job
	11128190  -  Run Bytes Received By Job
	345746  -  Total Bytes Sent By Job
	11128190  -  Total Bytes Received By Job
	Partitionable Resources :    Usage  Request Allocated 
	   Cpus                 :     0.29        1         1 
	   Disk (KB)            : 65214       12500   3204838 
	   Memory (MB)          :     0           1       991 
...
016 (104.000.000) 09/23 21:30:18 POST Script terminated.
	(1) Normal termination (return value 0)
    DAG Node: preprocess1_py_ID0000001
...
000 (109.000.000) 09/23 21:30:27 Job submitted from host: <127.0.0.1:9618?addrs=127.0.0.1-9618&noUDP&sock=271_7641_4>
    DAG Node: clean_up_local_level_3_0
    pool:local
...
000 (110.000.000) 09/23 21:30:27 Job submitted from host: <127.0.0.1:9618?addrs=127.0.0.1-9618&noUDP&sock=271_7641_4>
    DAG Node: stage_out_local_local_0_0
    pool:local
...
000 (111.000.000) 09/23 21:30:27 Job submitted from host: <127.0.0.1:9618?addrs=127.0.0.1-9618&noUDP&sock=271_7641_4>
    DAG Node: Augmentation_py_ID0000002
    pool:condorpool
...
001 (111.000.000) 09/23 21:30:28 Job executing on host: <127.0.0.1:9618?addrs=127.0.0.1-9618&noUDP&sock=271_7641_5>
...
001 (110.000.000) 09/23 21:30:30 Job executing on host: <127.0.0.1:9618?addrs=127.0.0.1-9618&noUDP&sock=10359_9a3e_82>
...
001 (109.000.000) 09/23 21:30:30 Job executing on host: <127.0.0.1:9618?addrs=127.0.0.1-9618&noUDP&sock=10359_9a3e_83>
...
005 (111.000.000) 09/23 21:30:32 Job terminated.
	(1) Normal termination (return value 0)
		Usr 0 00:00:01, Sys 0 00:00:00  -  Run Remote Usage
		Usr 0 00:00:00, Sys 0 00:00:00  -  Run Local Usage
		Usr 0 00:00:01, Sys 0 00:00:00  -  Total Remote Usage
		Usr 0 00:00:00, Sys 0 00:00:00  -  Total Local Usage
	809700  -  Run Bytes Sent By Job
	11132982  -  Run Bytes Received By Job
	809700  -  Total Bytes Sent By Job
	11132982  -  Total Bytes Received By Job
	Partitionable Resources :    Usage  Request Allocated 
	   Cpus                 :     0.29        1         1 
	   Disk (KB)            : 66200       12500   3204838 
	   Memory (MB)          :     0           1       991 
...
016 (111.000.000) 09/23 21:30:32 POST Script terminated.
	(1) Normal termination (return value 0)
    DAG Node: Augmentation_py_ID0000002
...
005 (110.000.000) 09/23 21:30:35 Job terminated.
	(1) Normal termination (return value 0)
		Usr 0 00:00:00, Sys 0 00:00:00  -  Run Remote Usage
		Usr 0 00:00:00, Sys 0 00:00:00  -  Run Local Usage
		Usr 0 00:00:00, Sys 0 00:00:00  -  Total Remote Usage
		Usr 0 00:00:00, Sys 0 00:00:00  -  Total Local Usage
	0  -  Run Bytes Sent By Job
	0  -  Run Bytes Received By Job
	0  -  Total Bytes Sent By Job
	0  -  Total Bytes Received By Job
...
016 (110.000.000) 09/23 21:30:37 POST Script terminated.
	(1) Normal termination (return value 0)
    DAG Node: stage_out_local_local_0_0
...
000 (116.000.000) 09/23 21:30:42 Job submitted from host: <127.0.0.1:9618?addrs=127.0.0.1-9618&noUDP&sock=271_7641_4>
    DAG Node: stage_out_local_local_1_0
    pool:local
...
001 (116.000.000) 09/23 21:30:42 Job executing on host: <127.0.0.1:9618?addrs=127.0.0.1-9618&noUDP&sock=10359_9a3e_88>
...
000 (117.000.000) 09/23 21:30:43 Job submitted from host: <127.0.0.1:9618?addrs=127.0.0.1-9618&noUDP&sock=271_7641_4>
    DAG Node: Data_Split_py_ID0000003
    pool:condorpool
...
005 (109.000.000) 09/23 21:30:45 Job terminated.
	(1) Normal termination (return value 0)
		Usr 0 00:00:00, Sys 0 00:00:00  -  Run Remote Usage
		Usr 0 00:00:00, Sys 0 00:00:00  -  Run Local Usage
		Usr 0 00:00:00, Sys 0 00:00:00  -  Total Remote Usage
		Usr 0 00:00:00, Sys 0 00:00:00  -  Total Local Usage
	0  -  Run Bytes Sent By Job
	0  -  Run Bytes Received By Job
	0  -  Total Bytes Sent By Job
	0  -  Total Bytes Received By Job
...
000 (118.000.000) 09/23 21:30:48 Job submitted from host: <127.0.0.1:9618?addrs=127.0.0.1-9618&noUDP&sock=271_7641_4>
    DAG Node: clean_up_local_level_4_0
    pool:local
...
000 (119.000.000) 09/23 21:30:48 Job submitted from host: <127.0.0.1:9618?addrs=127.0.0.1-9618&noUDP&sock=271_7641_4>
    DAG Node: register_local_0_0
    pool:local
...
001 (119.000.000) 09/23 21:30:48 Job executing on host: <127.0.0.1:9618?addrs=127.0.0.1-9618&noUDP&sock=10359_9a3e_89>
...
001 (118.000.000) 09/23 21:30:48 Job executing on host: <127.0.0.1:9618?addrs=127.0.0.1-9618&noUDP&sock=10359_9a3e_90>
...
016 (109.000.000) 09/23 21:30:48 POST Script terminated.
	(1) Normal termination (return value 0)
    DAG Node: clean_up_local_level_3_0
...
005 (119.000.000) 09/23 21:30:51 Job terminated.
	(1) Normal termination (return value 0)
		Usr 0 00:00:00, Sys 0 00:00:00  -  Run Remote Usage
		Usr 0 00:00:00, Sys 0 00:00:00  -  Run Local Usage
		Usr 0 00:00:00, Sys 0 00:00:00  -  Total Remote Usage
		Usr 0 00:00:00, Sys 0 00:00:00  -  Total Local Usage
	0  -  Run Bytes Sent By Job
	0  -  Run Bytes Received By Job
	0  -  Total Bytes Sent By Job
	0  -  Total Bytes Received By Job
...
005 (116.000.000) 09/23 21:30:51 Job terminated.
	(1) Normal termination (return value 0)
		Usr 0 00:00:00, Sys 0 00:00:00  -  Run Remote Usage
		Usr 0 00:00:00, Sys 0 00:00:00  -  Run Local Usage
		Usr 0 00:00:00, Sys 0 00:00:00  -  Total Remote Usage
		Usr 0 00:00:00, Sys 0 00:00:00  -  Total Local Usage
	0  -  Run Bytes Sent By Job
	0  -  Run Bytes Received By Job
	0  -  Total Bytes Sent By Job
	0  -  Total Bytes Received By Job
...
001 (117.000.000) 09/23 21:30:53 Job executing on host: <127.0.0.1:9618?addrs=127.0.0.1-9618&noUDP&sock=271_7641_5>
...
016 (119.000.000) 09/23 21:30:53 POST Script terminated.
	(1) Normal termination (return value 0)
    DAG Node: register_local_0_0
...
016 (116.000.000) 09/23 21:30:53 POST Script terminated.
	(1) Normal termination (return value 0)
    DAG Node: stage_out_local_local_1_0
...
005 (117.000.000) 09/23 21:30:55 Job terminated.
	(1) Normal termination (return value 0)
		Usr 0 00:00:00, Sys 0 00:00:00  -  Run Remote Usage
		Usr 0 00:00:00, Sys 0 00:00:00  -  Run Local Usage
		Usr 0 00:00:00, Sys 0 00:00:00  -  Total Remote Usage
		Usr 0 00:00:00, Sys 0 00:00:00  -  Total Local Usage
	18018  -  Run Bytes Sent By Job
	11590332  -  Run Bytes Received By Job
	18018  -  Total Bytes Sent By Job
	11590332  -  Total Bytes Received By Job
	Partitionable Resources :    Usage  Request Allocated 
	   Cpus                 :     0.42        1         1 
	   Disk (KB)            : 65353       12500   3204838 
	   Memory (MB)          :     0           1       991 
...
016 (117.000.000) 09/23 21:30:59 POST Script terminated.
	(1) Normal termination (return value 0)
    DAG Node: Data_Split_py_ID0000003
...
000 (121.000.000) 09/23 21:31:03 Job submitted from host: <127.0.0.1:9618?addrs=127.0.0.1-9618&noUDP&sock=271_7641_4>
    DAG Node: register_local_1_0
    pool:local
...
005 (118.000.000) 09/23 21:31:04 Job terminated.
	(1) Normal termination (return value 0)
		Usr 0 00:00:00, Sys 0 00:00:00  -  Run Remote Usage
		Usr 0 00:00:00, Sys 0 00:00:00  -  Run Local Usage
		Usr 0 00:00:00, Sys 0 00:00:00  -  Total Remote Usage
		Usr 0 00:00:00, Sys 0 00:00:00  -  Total Local Usage
	0  -  Run Bytes Sent By Job
	0  -  Run Bytes Received By Job
	0  -  Total Bytes Sent By Job
	0  -  Total Bytes Received By Job
...
001 (121.000.000) 09/23 21:31:04 Job executing on host: <127.0.0.1:9618?addrs=127.0.0.1-9618&noUDP&sock=10359_9a3e_93>
...
005 (121.000.000) 09/23 21:31:06 Job terminated.
	(1) Normal termination (return value 0)
		Usr 0 00:00:00, Sys 0 00:00:00  -  Run Remote Usage
		Usr 0 00:00:00, Sys 0 00:00:00  -  Run Local Usage
		Usr 0 00:00:00, Sys 0 00:00:00  -  Total Remote Usage
		Usr 0 00:00:00, Sys 0 00:00:00  -  Total Local Usage
	0  -  Run Bytes Sent By Job
	0  -  Run Bytes Received By Job
	0  -  Total Bytes Sent By Job
	0  -  Total Bytes Received By Job
...
000 (122.000.000) 09/23 21:31:08 Job submitted from host: <127.0.0.1:9618?addrs=127.0.0.1-9618&noUDP&sock=271_7641_4>
    DAG Node: clean_up_local_level_5_0
    pool:local
...
001 (122.000.000) 09/23 21:31:08 Job executing on host: <127.0.0.1:9618?addrs=127.0.0.1-9618&noUDP&sock=10359_9a3e_94>
...
000 (123.000.000) 09/23 21:31:08 Job submitted from host: <127.0.0.1:9618?addrs=127.0.0.1-9618&noUDP&sock=271_7641_4>
    DAG Node: stage_out_local_local_2_0
    pool:local
...
000 (124.000.000) 09/23 21:31:08 Job submitted from host: <127.0.0.1:9618?addrs=127.0.0.1-9618&noUDP&sock=271_7641_4>
    DAG Node: VGG_model_py_ID0000004
    pool:condorpool
...
016 (121.000.000) 09/23 21:31:08 POST Script terminated.
	(1) Normal termination (return value 0)
    DAG Node: register_local_1_0
...
016 (118.000.000) 09/23 21:31:08 POST Script terminated.
	(1) Normal termination (return value 0)
    DAG Node: clean_up_local_level_4_0
...
001 (124.000.000) 09/23 21:31:09 Job executing on host: <127.0.0.1:9618?addrs=127.0.0.1-9618&noUDP&sock=271_7641_5>
...
001 (123.000.000) 09/23 21:31:12 Job executing on host: <127.0.0.1:9618?addrs=127.0.0.1-9618&noUDP&sock=10359_9a3e_96>
...
005 (123.000.000) 09/23 21:31:16 Job terminated.
	(1) Normal termination (return value 0)
		Usr 0 00:00:00, Sys 0 00:00:00  -  Run Remote Usage
		Usr 0 00:00:00, Sys 0 00:00:00  -  Run Local Usage
		Usr 0 00:00:00, Sys 0 00:00:00  -  Total Remote Usage
		Usr 0 00:00:00, Sys 0 00:00:00  -  Total Local Usage
	0  -  Run Bytes Sent By Job
	0  -  Run Bytes Received By Job
	0  -  Total Bytes Sent By Job
	0  -  Total Bytes Received By Job
...
005 (122.000.000) 09/23 21:31:16 Job terminated.
	(1) Normal termination (return value 0)
		Usr 0 00:00:00, Sys 0 00:00:00  -  Run Remote Usage
		Usr 0 00:00:00, Sys 0 00:00:00  -  Run Local Usage
		Usr 0 00:00:00, Sys 0 00:00:00  -  Total Remote Usage
		Usr 0 00:00:00, Sys 0 00:00:00  -  Total Local Usage
	0  -  Run Bytes Sent By Job
	0  -  Run Bytes Received By Job
	0  -  Total Bytes Sent By Job
	0  -  Total Bytes Received By Job
...
016 (123.000.000) 09/23 21:31:18 POST Script terminated.
	(1) Normal termination (return value 0)
    DAG Node: stage_out_local_local_2_0
...
016 (122.000.000) 09/23 21:31:18 POST Script terminated.
	(1) Normal termination (return value 0)
    DAG Node: clean_up_local_level_5_0
...
000 (127.000.000) 09/23 21:31:28 Job submitted from host: <127.0.0.1:9618?addrs=127.0.0.1-9618&noUDP&sock=271_7641_4>
    DAG Node: register_local_2_0
    pool:local
...
001 (127.000.000) 09/23 21:31:30 Job executing on host: <127.0.0.1:9618?addrs=127.0.0.1-9618&noUDP&sock=10359_9a3e_99>
...
005 (127.000.000) 09/23 21:31:32 Job terminated.
	(1) Normal termination (return value 0)
		Usr 0 00:00:00, Sys 0 00:00:00  -  Run Remote Usage
		Usr 0 00:00:00, Sys 0 00:00:00  -  Run Local Usage
		Usr 0 00:00:00, Sys 0 00:00:00  -  Total Remote Usage
		Usr 0 00:00:00, Sys 0 00:00:00  -  Total Local Usage
	0  -  Run Bytes Sent By Job
	0  -  Run Bytes Received By Job
	0  -  Total Bytes Sent By Job
	0  -  Total Bytes Received By Job
...
016 (127.000.000) 09/23 21:31:34 POST Script terminated.
	(1) Normal termination (return value 0)
    DAG Node: register_local_2_0
...
005 (124.000.000) 09/23 21:31:43 Job terminated.
	(1) Normal termination (return value 0)
		Usr 0 00:00:27, Sys 0 00:00:00  -  Run Remote Usage
		Usr 0 00:00:00, Sys 0 00:00:00  -  Run Local Usage
		Usr 0 00:00:27, Sys 0 00:00:00  -  Total Remote Usage
		Usr 0 00:00:00, Sys 0 00:00:00  -  Total Local Usage
	63175136  -  Run Bytes Sent By Job
	11587274  -  Run Bytes Received By Job
	63175136  -  Total Bytes Sent By Job
	11587274  -  Total Bytes Received By Job
	Partitionable Resources :     Usage  Request Allocated 
	   Cpus                 :      1.01        1         1 
	   Disk (KB)            : 127028       12500   3204838 
	   Memory (MB)          :    614           1       991 
...
016 (124.000.000) 09/23 21:31:48 POST Script terminated.
	(1) Normal termination (return value 0)
    DAG Node: VGG_model_py_ID0000004
...
000 (130.000.000) 09/23 21:31:58 Job submitted from host: <127.0.0.1:9618?addrs=127.0.0.1-9618&noUDP&sock=271_7641_4>
    DAG Node: clean_up_local_level_6_0
    pool:local
...
000 (131.000.000) 09/23 21:31:58 Job submitted from host: <127.0.0.1:9618?addrs=127.0.0.1-9618&noUDP&sock=271_7641_4>
    DAG Node: stage_out_local_local_3_0
    pool:local
...
001 (130.000.000) 09/23 21:32:02 Job executing on host: <127.0.0.1:9618?addrs=127.0.0.1-9618&noUDP&sock=10359_9a3e_102>
...
001 (131.000.000) 09/23 21:32:02 Job executing on host: <127.0.0.1:9618?addrs=127.0.0.1-9618&noUDP&sock=10359_9a3e_104>
...
005 (131.000.000) 09/23 21:32:05 Job terminated.
	(1) Normal termination (return value 0)
		Usr 0 00:00:00, Sys 0 00:00:00  -  Run Remote Usage
		Usr 0 00:00:00, Sys 0 00:00:00  -  Run Local Usage
		Usr 0 00:00:00, Sys 0 00:00:00  -  Total Remote Usage
		Usr 0 00:00:00, Sys 0 00:00:00  -  Total Local Usage
	0  -  Run Bytes Sent By Job
	0  -  Run Bytes Received By Job
	0  -  Total Bytes Sent By Job
	0  -  Total Bytes Received By Job
...
016 (131.000.000) 09/23 21:32:08 POST Script terminated.
	(1) Normal termination (return value 0)
    DAG Node: stage_out_local_local_3_0
...
000 (133.000.000) 09/23 21:32:18 Job submitted from host: <127.0.0.1:9618?addrs=127.0.0.1-9618&noUDP&sock=271_7641_4>
    DAG Node: clean_up_local_level_7_0
    pool:local
...
000 (134.000.000) 09/23 21:32:18 Job submitted from host: <127.0.0.1:9618?addrs=127.0.0.1-9618&noUDP&sock=271_7641_4>
    DAG Node: register_local_3_0
    pool:local
...
005 (130.000.000) 09/23 21:32:18 Job terminated.
	(1) Normal termination (return value 0)
		Usr 0 00:00:00, Sys 0 00:00:00  -  Run Remote Usage
		Usr 0 00:00:00, Sys 0 00:00:00  -  Run Local Usage
		Usr 0 00:00:00, Sys 0 00:00:00  -  Total Remote Usage
		Usr 0 00:00:00, Sys 0 00:00:00  -  Total Local Usage
	0  -  Run Bytes Sent By Job
	0  -  Run Bytes Received By Job
	0  -  Total Bytes Sent By Job
	0  -  Total Bytes Received By Job
...
001 (133.000.000) 09/23 21:32:18 Job executing on host: <127.0.0.1:9618?addrs=127.0.0.1-9618&noUDP&sock=10359_9a3e_105>
...
001 (134.000.000) 09/23 21:32:18 Job executing on host: <127.0.0.1:9618?addrs=127.0.0.1-9618&noUDP&sock=10359_9a3e_106>
...
005 (134.000.000) 09/23 21:32:21 Job terminated.
	(1) Normal termination (return value 0)
		Usr 0 00:00:00, Sys 0 00:00:00  -  Run Remote Usage
		Usr 0 00:00:00, Sys 0 00:00:00  -  Run Local Usage
		Usr 0 00:00:00, Sys 0 00:00:00  -  Total Remote Usage
		Usr 0 00:00:00, Sys 0 00:00:00  -  Total Local Usage
	0  -  Run Bytes Sent By Job
	0  -  Run Bytes Received By Job
	0  -  Total Bytes Sent By Job
	0  -  Total Bytes Received By Job
...
005 (133.000.000) 09/23 21:32:21 Job terminated.
	(1) Normal termination (return value 0)
		Usr 0 00:00:00, Sys 0 00:00:00  -  Run Remote Usage
		Usr 0 00:00:00, Sys 0 00:00:00  -  Run Local Usage
		Usr 0 00:00:00, Sys 0 00:00:00  -  Total Remote Usage
		Usr 0 00:00:00, Sys 0 00:00:00  -  Total Local Usage
	0  -  Run Bytes Sent By Job
	0  -  Run Bytes Received By Job
	0  -  Total Bytes Sent By Job
	0  -  Total Bytes Received By Job
...
016 (130.000.000) 09/23 21:32:24 POST Script terminated.
	(1) Normal termination (return value 0)
    DAG Node: clean_up_local_level_6_0
...
016 (133.000.000) 09/23 21:32:24 POST Script terminated.
	(1) Normal termination (return value 0)
    DAG Node: clean_up_local_level_7_0
...
016 (134.000.000) 09/23 21:32:24 POST Script terminated.
	(1) Normal termination (return value 0)
    DAG Node: register_local_3_0
...
000 (135.000.000) 09/23 21:32:33 Job submitted from host: <127.0.0.1:9618?addrs=127.0.0.1-9618&noUDP&sock=271_7641_4>
    DAG Node: cleanup_Cats_and_Dogs_0_local
    pool:local
...
001 (135.000.000) 09/23 21:32:36 Job executing on host: <127.0.0.1:9618?addrs=127.0.0.1-9618&noUDP&sock=10359_9a3e_107>
...
005 (135.000.000) 09/23 21:32:38 Job terminated.
	(1) Normal termination (return value 0)
		Usr 0 00:00:00, Sys 0 00:00:00  -  Run Remote Usage
		Usr 0 00:00:00, Sys 0 00:00:00  -  Run Local Usage
		Usr 0 00:00:00, Sys 0 00:00:00  -  Total Remote Usage
		Usr 0 00:00:00, Sys 0 00:00:00  -  Total Local Usage
	0  -  Run Bytes Sent By Job
	0  -  Run Bytes Received By Job
	0  -  Total Bytes Sent By Job
	0  -  Total Bytes Received By Job
...
016 (135.000.000) 09/23 21:32:43 POST Script terminated.
	(1) Normal termination (return value 0)
    DAG Node: cleanup_Cats_and_Dogs_0_local
...
