2020-07-17 09:24:37,296:INFO:pegasus-monitord(58): pegasus-monitord starting - pid 660 
2020-07-17 09:24:37,323:INFO:pegasus-monitord(455): Final Command line options are: ['-N', 'add_thumbs-0.dag.dagman.out']
2020-07-17 09:24:37,350:INFO:Pegasus.monitoring.event_output(629): Connecting workflow event sink to sqlite:////home/scitech/shared-data/Workflow4/scitech/pegasus/add_thumbs/run0016/add_thumbs-0.stampede.db
Created Pegasus database in: sqlite:////home/scitech/shared-data/Workflow4/scitech/pegasus/add_thumbs/run0016/add_thumbs-0.stampede.db
Your database is compatible with Pegasus version: 5.0.0dev
2020-07-17 09:24:38,195:INFO:Pegasus.monitoring.event_output(703): output type=DB namespace=stampede. name=sqlite:////home/scitech/shared-data/Workflow4/scitech/pegasus/add_thumbs/run0016/add_thumbs-0.stampede.db
2020-07-17 09:24:38,196:INFO:Pegasus.monitoring.event_output(629): Connecting workflow event sink to sqlite:////home/scitech/.pegasus/workflow.db
Your database is compatible with Pegasus version: 5.0.0dev
2020-07-17 09:24:38,582:INFO:Pegasus.monitoring.event_output(703): output type=DB namespace=dashboard. name=sqlite:////home/scitech/.pegasus/workflow.db
2020-07-17 09:24:38,582:INFO:pegasus-monitord(1247): monitord started in fast start mode
2020-07-17 09:24:38,607:INFO:Pegasus.monitoring.workflow(461): cannot open state file /home/scitech/shared-data/Workflow4/scitech/pegasus/add_thumbs/run0016/monitord.info, continuing without state...
2020-07-17 09:24:38,608:INFO:Pegasus.monitoring.workflow(1148): creating new file /home/scitech/shared-data/Workflow4/scitech/pegasus/add_thumbs/run0016/jobstate.log
2020-07-17 09:24:38,608:INFO:Pegasus.monitoring.workflow(1158): Appending to existing jobstate.log replay_mode 0 previous_processed_line 0
2020-07-17 09:24:38,610:INFO:Pegasus.monitoring.notifications(474): loading notifications from /home/scitech/shared-data/Workflow4/scitech/pegasus/add_thumbs/run0016/add_thumbs-0.notify
2020-07-17 09:24:38,811:INFO:Pegasus.monitoring.workflow(205): Parsing DAG file /home/scitech/shared-data/Workflow4/scitech/pegasus/add_thumbs/run0016/add_thumbs-0.dag
2020-07-17 09:24:38,817:INFO:pegasus-monitord(974): Using DAGMan version 8.8.9 80809
2020-07-17 09:24:38,818:INFO:pegasus-monitord(949): DAGMan runs at pid 659
2020-07-17 09:24:38,821:INFO:pegasus-monitord(955): using dag add_thumbs-0.dag
2020-07-17 09:24:38,821:INFO:Pegasus.monitoring.workflow(811): DAGMan starting with condor id 1.0
2020-07-17 09:26:41,499:INFO:Pegasus.monitoring.workflow(2467): Populating locations corresponding to succeeded registration job  /home/scitech/shared-data/Workflow4/scitech/pegasus/add_thumbs/run0016/00/00/register_local_0_0.in 
2020-07-17 09:26:56,750:INFO:pegasus-monitord(927): DAGMan add_thumbs-0.dag finished with exit code 0
2020-07-17 09:26:57,763:INFO:pegasus-monitord(1427): workflow /home/scitech/shared-data/Workflow4/scitech/pegasus/add_thumbs/run0016/add_thumbs-0.dag.dagman.out ended
2020-07-17 09:26:57,769:INFO:Pegasus.monitoring.workflow(1377): recovery file deleted: /home/scitech/shared-data/Workflow4/scitech/pegasus/add_thumbs/run0016/monitord.recover
2020-07-17 09:26:57,774:INFO:pegasus-monitord(1665): finishing workflow: /home/scitech/shared-data/Workflow4/scitech/pegasus/add_thumbs/run0016/add_thumbs-0.dag.dagman.out
2020-07-17 09:26:57,775:INFO:pegasus-monitord(1719): finishing notifications...
2020-07-17 09:26:57,775:INFO:pegasus-monitord(1727): monitord process 660 exiting with 0
2020-07-17 09:26:57,777:INFO:pegasus-monitord(197): DB flushing beginning
2020-07-17 09:26:57,777:INFO:Pegasus.db.workflow_loader.WorkflowLoader(1244): Executing final flush
2020-07-17 09:26:57,875:INFO:Pegasus.db.dashboard_loader.DashboardLoader(397): Executing final flush
2020-07-17 09:26:57,876:INFO:pegasus-monitord(213): DB flushing ended
