2020-07-16 10:41:15,609:INFO:pegasus-monitord(58): pegasus-monitord starting - pid 12119 
2020-07-16 10:41:15,641:INFO:pegasus-monitord(455): Final Command line options are: ['-N', 'add_thumbs-0.dag.dagman.out']
2020-07-16 10:41:15,671:INFO:Pegasus.monitoring.event_output(629): Connecting workflow event sink to sqlite:////home/scitech/shared-data/Workflow/Workflow4/scitech/pegasus/add_thumbs/run0014/add_thumbs-0.stampede.db
Created Pegasus database in: sqlite:////home/scitech/shared-data/Workflow/Workflow4/scitech/pegasus/add_thumbs/run0014/add_thumbs-0.stampede.db
Your database is compatible with Pegasus version: 5.0.0dev
2020-07-16 10:41:16,876:INFO:Pegasus.monitoring.event_output(703): output type=DB namespace=stampede. name=sqlite:////home/scitech/shared-data/Workflow/Workflow4/scitech/pegasus/add_thumbs/run0014/add_thumbs-0.stampede.db
2020-07-16 10:41:16,877:INFO:Pegasus.monitoring.event_output(629): Connecting workflow event sink to sqlite:////home/scitech/.pegasus/workflow.db
Your database is compatible with Pegasus version: 5.0.0dev
2020-07-16 10:41:17,494:INFO:Pegasus.monitoring.event_output(703): output type=DB namespace=dashboard. name=sqlite:////home/scitech/.pegasus/workflow.db
2020-07-16 10:41:17,495:INFO:pegasus-monitord(1247): monitord started in fast start mode
2020-07-16 10:41:17,520:INFO:Pegasus.monitoring.workflow(461): cannot open state file /home/scitech/shared-data/Workflow/Workflow4/scitech/pegasus/add_thumbs/run0014/monitord.info, continuing without state...
2020-07-16 10:41:17,521:INFO:Pegasus.monitoring.workflow(1148): creating new file /home/scitech/shared-data/Workflow/Workflow4/scitech/pegasus/add_thumbs/run0014/jobstate.log
2020-07-16 10:41:17,522:INFO:Pegasus.monitoring.workflow(1158): Appending to existing jobstate.log replay_mode 0 previous_processed_line 0
2020-07-16 10:41:17,524:INFO:Pegasus.monitoring.notifications(474): loading notifications from /home/scitech/shared-data/Workflow/Workflow4/scitech/pegasus/add_thumbs/run0014/add_thumbs-0.notify
2020-07-16 10:41:17,793:INFO:Pegasus.monitoring.workflow(205): Parsing DAG file /home/scitech/shared-data/Workflow/Workflow4/scitech/pegasus/add_thumbs/run0014/add_thumbs-0.dag
2020-07-16 10:41:17,799:INFO:pegasus-monitord(974): Using DAGMan version 8.8.9 80809
2020-07-16 10:41:17,800:INFO:pegasus-monitord(949): DAGMan runs at pid 12118
2020-07-16 10:41:17,804:INFO:pegasus-monitord(955): using dag add_thumbs-0.dag
2020-07-16 10:41:17,804:INFO:Pegasus.monitoring.workflow(811): DAGMan starting with condor id 59.0
2020-07-16 10:53:04,055:WARNING:pegasus-monitord(1029): DAGMan was aborted for workflow running in directory /home/scitech/shared-data/Workflow/Workflow4/scitech/pegasus/add_thumbs/run0014
2020-07-16 10:53:04,057:INFO:pegasus-monitord(927): DAGMan add_thumbs-0.dag finished with exit code 2
2020-07-16 10:53:05,080:INFO:pegasus-monitord(1427): workflow /home/scitech/shared-data/Workflow/Workflow4/scitech/pegasus/add_thumbs/run0014/add_thumbs-0.dag.dagman.out ended
2020-07-16 10:53:05,083:INFO:Pegasus.monitoring.workflow(1377): recovery file deleted: /home/scitech/shared-data/Workflow/Workflow4/scitech/pegasus/add_thumbs/run0014/monitord.recover
2020-07-16 10:53:05,085:INFO:pegasus-monitord(1665): finishing workflow: /home/scitech/shared-data/Workflow/Workflow4/scitech/pegasus/add_thumbs/run0014/add_thumbs-0.dag.dagman.out
2020-07-16 10:53:05,086:INFO:pegasus-monitord(1719): finishing notifications...
2020-07-16 10:53:05,086:INFO:pegasus-monitord(1727): monitord process 12119 exiting with 0
2020-07-16 10:53:05,088:INFO:pegasus-monitord(197): DB flushing beginning
2020-07-16 10:53:05,088:INFO:Pegasus.db.workflow_loader.WorkflowLoader(1244): Executing final flush
2020-07-16 10:53:05,093:INFO:Pegasus.db.dashboard_loader.DashboardLoader(397): Executing final flush
2020-07-16 10:53:05,094:INFO:pegasus-monitord(213): DB flushing ended
