2020-09-23 22:58:02,030:INFO:pegasus-monitord(58): pegasus-monitord starting - pid 88048 
2020-09-23 22:58:02,045:INFO:pegasus-monitord(455): Final Command line options are: ['-N', 'Cats_and_Dogs-0.dag.dagman.out']
2020-09-23 22:58:02,063:INFO:Pegasus.monitoring.event_output(629): Connecting workflow event sink to sqlite:////home/scitech/shared-data/CatsAndDogs/scitech/pegasus/Cats_and_Dogs/run0018/Cats_and_Dogs-0.stampede.db
Created Pegasus database in: sqlite:////home/scitech/shared-data/CatsAndDogs/scitech/pegasus/Cats_and_Dogs/run0018/Cats_and_Dogs-0.stampede.db
Your database is compatible with Pegasus version: 5.0.0dev
2020-09-23 22:58:02,853:INFO:Pegasus.monitoring.event_output(703): output type=DB namespace=stampede. name=sqlite:////home/scitech/shared-data/CatsAndDogs/scitech/pegasus/Cats_and_Dogs/run0018/Cats_and_Dogs-0.stampede.db
2020-09-23 22:58:02,853:INFO:Pegasus.monitoring.event_output(629): Connecting workflow event sink to sqlite:////home/scitech/.pegasus/workflow.db
Your database is compatible with Pegasus version: 5.0.0dev
2020-09-23 22:58:03,274:INFO:Pegasus.monitoring.event_output(703): output type=DB namespace=dashboard. name=sqlite:////home/scitech/.pegasus/workflow.db
2020-09-23 22:58:03,275:INFO:pegasus-monitord(1247): monitord started in fast start mode
2020-09-23 22:58:03,289:INFO:Pegasus.monitoring.workflow(461): cannot open state file /home/scitech/shared-data/CatsAndDogs/scitech/pegasus/Cats_and_Dogs/run0018/monitord.info, continuing without state...
2020-09-23 22:58:03,290:INFO:Pegasus.monitoring.workflow(1148): creating new file /home/scitech/shared-data/CatsAndDogs/scitech/pegasus/Cats_and_Dogs/run0018/jobstate.log
2020-09-23 22:58:03,290:INFO:Pegasus.monitoring.workflow(1158): Appending to existing jobstate.log replay_mode 0 previous_processed_line 0
2020-09-23 22:58:03,292:INFO:Pegasus.monitoring.notifications(474): loading notifications from /home/scitech/shared-data/CatsAndDogs/scitech/pegasus/Cats_and_Dogs/run0018/Cats_and_Dogs-0.notify
2020-09-23 22:58:03,491:INFO:Pegasus.monitoring.workflow(205): Parsing DAG file /home/scitech/shared-data/CatsAndDogs/scitech/pegasus/Cats_and_Dogs/run0018/Cats_and_Dogs-0.dag
2020-09-23 22:58:03,494:INFO:pegasus-monitord(974): Using DAGMan version 8.8.10 80810
2020-09-23 22:58:03,495:INFO:pegasus-monitord(949): DAGMan runs at pid 88047
2020-09-23 22:58:03,497:INFO:pegasus-monitord(955): using dag Cats_and_Dogs-0.dag
2020-09-23 22:58:03,498:INFO:Pegasus.monitoring.workflow(811): DAGMan starting with condor id 379.0
2020-09-23 22:58:32,059:INFO:Pegasus.monitoring.workflow(2468): Populating locations corresponding to succeeded registration job  /home/scitech/shared-data/CatsAndDogs/scitech/pegasus/Cats_and_Dogs/run0018/00/00/register_local_1000_0.in 
2020-09-23 22:59:44,235:INFO:Pegasus.monitoring.workflow(2468): Populating locations corresponding to succeeded registration job  /home/scitech/shared-data/CatsAndDogs/scitech/pegasus/Cats_and_Dogs/run0018/00/00/register_local_0_0.in 
2020-09-23 22:59:59,595:INFO:Pegasus.monitoring.workflow(2468): Populating locations corresponding to succeeded registration job  /home/scitech/shared-data/CatsAndDogs/scitech/pegasus/Cats_and_Dogs/run0018/00/00/register_local_1_0.in 
2020-09-23 23:00:14,910:INFO:Pegasus.monitoring.workflow(2468): Populating locations corresponding to succeeded registration job  /home/scitech/shared-data/CatsAndDogs/scitech/pegasus/Cats_and_Dogs/run0018/00/00/register_local_2_0.in 
2020-09-23 23:01:00,770:INFO:Pegasus.monitoring.workflow(2468): Populating locations corresponding to succeeded registration job  /home/scitech/shared-data/CatsAndDogs/scitech/pegasus/Cats_and_Dogs/run0018/00/00/register_local_3_0.in 
2020-09-23 23:01:19,908:INFO:pegasus-monitord(927): DAGMan Cats_and_Dogs-0.dag finished with exit code 0
2020-09-23 23:01:20,917:INFO:pegasus-monitord(1427): workflow /home/scitech/shared-data/CatsAndDogs/scitech/pegasus/Cats_and_Dogs/run0018/Cats_and_Dogs-0.dag.dagman.out ended
2020-09-23 23:01:20,919:INFO:Pegasus.monitoring.workflow(1378): recovery file deleted: /home/scitech/shared-data/CatsAndDogs/scitech/pegasus/Cats_and_Dogs/run0018/monitord.recover
2020-09-23 23:01:20,921:INFO:pegasus-monitord(1665): finishing workflow: /home/scitech/shared-data/CatsAndDogs/scitech/pegasus/Cats_and_Dogs/run0018/Cats_and_Dogs-0.dag.dagman.out
2020-09-23 23:01:20,922:INFO:pegasus-monitord(1719): finishing notifications...
2020-09-23 23:01:20,922:INFO:pegasus-monitord(1727): monitord process 88048 exiting with 0
2020-09-23 23:01:20,923:INFO:pegasus-monitord(197): DB flushing beginning
2020-09-23 23:01:20,923:INFO:Pegasus.db.workflow_loader.WorkflowLoader(1244): Executing final flush
2020-09-23 23:01:20,963:INFO:Pegasus.db.dashboard_loader.DashboardLoader(397): Executing final flush
2020-09-23 23:01:20,964:INFO:pegasus-monitord(213): DB flushing ended
