2020-07-09 20:48:25,105:INFO:pegasus-monitord(58): pegasus-monitord starting - pid 636 
2020-07-09 20:48:25,120:INFO:pegasus-monitord(455): Final Command line options are: ['-N', 'hello-world-0.dag.dagman.out']
2020-07-09 20:48:25,136:INFO:Pegasus.monitoring.event_output(629): Connecting workflow event sink to sqlite:////home/scitech/shared-data/workflow/scitech/pegasus/hello-world/run0001/hello-world-0.stampede.db
Created Pegasus database in: sqlite:////home/scitech/shared-data/workflow/scitech/pegasus/hello-world/run0001/hello-world-0.stampede.db
Your database is compatible with Pegasus version: 5.0.0dev
2020-07-09 20:48:25,667:INFO:Pegasus.monitoring.event_output(703): output type=DB namespace=stampede. name=sqlite:////home/scitech/shared-data/workflow/scitech/pegasus/hello-world/run0001/hello-world-0.stampede.db
2020-07-09 20:48:25,668:INFO:Pegasus.monitoring.event_output(629): Connecting workflow event sink to sqlite:////home/scitech/.pegasus/workflow.db
Your database is compatible with Pegasus version: 5.0.0dev
2020-07-09 20:48:25,916:INFO:Pegasus.monitoring.event_output(703): output type=DB namespace=dashboard. name=sqlite:////home/scitech/.pegasus/workflow.db
2020-07-09 20:48:25,916:INFO:pegasus-monitord(1247): monitord started in fast start mode
2020-07-09 20:48:25,937:INFO:Pegasus.monitoring.workflow(461): cannot open state file /home/scitech/shared-data/workflow/scitech/pegasus/hello-world/run0001/monitord.info, continuing without state...
2020-07-09 20:48:25,938:INFO:Pegasus.monitoring.workflow(1148): creating new file /home/scitech/shared-data/workflow/scitech/pegasus/hello-world/run0001/jobstate.log
2020-07-09 20:48:25,939:INFO:Pegasus.monitoring.workflow(1158): Appending to existing jobstate.log replay_mode 0 previous_processed_line 0
2020-07-09 20:48:25,940:INFO:Pegasus.monitoring.notifications(474): loading notifications from /home/scitech/shared-data/workflow/scitech/pegasus/hello-world/run0001/hello-world-0.notify
2020-07-09 20:48:26,106:INFO:Pegasus.monitoring.workflow(205): Parsing DAG file /home/scitech/shared-data/workflow/scitech/pegasus/hello-world/run0001/hello-world-0.dag
2020-07-09 20:48:26,110:INFO:pegasus-monitord(974): Using DAGMan version 8.8.9 80809
2020-07-09 20:48:26,111:INFO:pegasus-monitord(949): DAGMan runs at pid 635
2020-07-09 20:48:26,113:INFO:pegasus-monitord(955): using dag hello-world-0.dag
2020-07-09 20:48:26,113:INFO:Pegasus.monitoring.workflow(811): DAGMan starting with condor id 1.0
2020-07-09 20:49:50,462:INFO:Pegasus.monitoring.workflow(2467): Populating locations corresponding to succeeded registration job  /home/scitech/shared-data/workflow/scitech/pegasus/hello-world/run0001/00/00/register_local_0_0.in 
2020-07-09 20:50:05,731:INFO:pegasus-monitord(927): DAGMan hello-world-0.dag finished with exit code 0
2020-07-09 20:50:06,747:INFO:pegasus-monitord(1427): workflow /home/scitech/shared-data/workflow/scitech/pegasus/hello-world/run0001/hello-world-0.dag.dagman.out ended
2020-07-09 20:50:06,762:INFO:Pegasus.monitoring.workflow(1377): recovery file deleted: /home/scitech/shared-data/workflow/scitech/pegasus/hello-world/run0001/monitord.recover
2020-07-09 20:50:06,768:INFO:pegasus-monitord(1665): finishing workflow: /home/scitech/shared-data/workflow/scitech/pegasus/hello-world/run0001/hello-world-0.dag.dagman.out
2020-07-09 20:50:06,770:INFO:pegasus-monitord(1719): finishing notifications...
2020-07-09 20:50:06,771:INFO:pegasus-monitord(1727): monitord process 636 exiting with 0
2020-07-09 20:50:06,772:INFO:pegasus-monitord(197): DB flushing beginning
2020-07-09 20:50:06,773:INFO:Pegasus.db.workflow_loader.WorkflowLoader(1244): Executing final flush
2020-07-09 20:50:06,821:INFO:Pegasus.db.dashboard_loader.DashboardLoader(397): Executing final flush
2020-07-09 20:50:06,822:INFO:pegasus-monitord(213): DB flushing ended
