2020-07-20 10:38:39,021:INFO:pegasus-monitord(58): pegasus-monitord starting - pid 7602 
2020-07-20 10:38:39,037:INFO:pegasus-monitord(455): Final Command line options are: ['-N', 'checkpoint-wf-0.dag.dagman.out']
2020-07-20 10:38:39,052:INFO:Pegasus.monitoring.event_output(629): Connecting workflow event sink to sqlite:////home/scitech/shared-data/Workflow5/scitech/pegasus/checkpoint-wf/run0001/checkpoint-wf-0.stampede.db
Created Pegasus database in: sqlite:////home/scitech/shared-data/Workflow5/scitech/pegasus/checkpoint-wf/run0001/checkpoint-wf-0.stampede.db
Your database is compatible with Pegasus version: 5.0.0dev
2020-07-20 10:38:39,736:INFO:Pegasus.monitoring.event_output(703): output type=DB namespace=stampede. name=sqlite:////home/scitech/shared-data/Workflow5/scitech/pegasus/checkpoint-wf/run0001/checkpoint-wf-0.stampede.db
2020-07-20 10:38:39,737:INFO:Pegasus.monitoring.event_output(629): Connecting workflow event sink to sqlite:////home/scitech/.pegasus/workflow.db
Your database is compatible with Pegasus version: 5.0.0dev
2020-07-20 10:38:40,128:INFO:Pegasus.monitoring.event_output(703): output type=DB namespace=dashboard. name=sqlite:////home/scitech/.pegasus/workflow.db
2020-07-20 10:38:40,129:INFO:pegasus-monitord(1247): monitord started in fast start mode
2020-07-20 10:38:40,145:INFO:Pegasus.monitoring.workflow(461): cannot open state file /home/scitech/shared-data/Workflow5/scitech/pegasus/checkpoint-wf/run0001/monitord.info, continuing without state...
2020-07-20 10:38:40,146:INFO:Pegasus.monitoring.workflow(1148): creating new file /home/scitech/shared-data/Workflow5/scitech/pegasus/checkpoint-wf/run0001/jobstate.log
2020-07-20 10:38:40,146:INFO:Pegasus.monitoring.workflow(1158): Appending to existing jobstate.log replay_mode 0 previous_processed_line 0
2020-07-20 10:38:40,148:INFO:Pegasus.monitoring.notifications(474): loading notifications from /home/scitech/shared-data/Workflow5/scitech/pegasus/checkpoint-wf/run0001/checkpoint-wf-0.notify
2020-07-20 10:38:40,329:INFO:Pegasus.monitoring.workflow(205): Parsing DAG file /home/scitech/shared-data/Workflow5/scitech/pegasus/checkpoint-wf/run0001/checkpoint-wf-0.dag
2020-07-20 10:38:40,333:INFO:pegasus-monitord(974): Using DAGMan version 8.8.9 80809
2020-07-20 10:38:40,333:INFO:pegasus-monitord(949): DAGMan runs at pid 7601
2020-07-20 10:38:40,336:INFO:pegasus-monitord(955): using dag checkpoint-wf-0.dag
2020-07-20 10:38:40,337:INFO:Pegasus.monitoring.workflow(811): DAGMan starting with condor id 25.0
2020-07-20 10:44:38,683:INFO:Pegasus.monitoring.workflow(2467): Populating locations corresponding to succeeded registration job  /home/scitech/shared-data/Workflow5/scitech/pegasus/checkpoint-wf/run0001/00/00/register_local_0_0.in 
2020-07-20 10:44:52,942:INFO:pegasus-monitord(927): DAGMan checkpoint-wf-0.dag finished with exit code 0
2020-07-20 10:44:53,940:INFO:pegasus-monitord(1427): workflow /home/scitech/shared-data/Workflow5/scitech/pegasus/checkpoint-wf/run0001/checkpoint-wf-0.dag.dagman.out ended
2020-07-20 10:44:53,946:INFO:Pegasus.monitoring.workflow(1377): recovery file deleted: /home/scitech/shared-data/Workflow5/scitech/pegasus/checkpoint-wf/run0001/monitord.recover
2020-07-20 10:44:53,950:INFO:pegasus-monitord(1665): finishing workflow: /home/scitech/shared-data/Workflow5/scitech/pegasus/checkpoint-wf/run0001/checkpoint-wf-0.dag.dagman.out
2020-07-20 10:44:53,951:INFO:pegasus-monitord(1719): finishing notifications...
2020-07-20 10:44:53,952:INFO:pegasus-monitord(1727): monitord process 7602 exiting with 0
2020-07-20 10:44:53,953:INFO:pegasus-monitord(197): DB flushing beginning
2020-07-20 10:44:53,954:INFO:Pegasus.db.workflow_loader.WorkflowLoader(1244): Executing final flush
2020-07-20 10:44:54,031:INFO:Pegasus.db.dashboard_loader.DashboardLoader(397): Executing final flush
2020-07-20 10:44:54,032:INFO:pegasus-monitord(213): DB flushing ended
