000 (038.000.000) 07/20 10:45:34 Job submitted from host: <127.0.0.1:9618?addrs=127.0.0.1-9618&noUDP&sock=269_6778_4>
    DAG Node: create_dir_checkpoint-wf_0_local
    pool:local
...
001 (038.000.000) 07/20 10:45:35 Job executing on host: <127.0.0.1:9618?addrs=127.0.0.1-9618&noUDP&sock=277_ebe4_38>
...
005 (038.000.000) 07/20 10:45:37 Job terminated.
	(1) Normal termination (return value 0)
		Usr 0 00:00:00, Sys 0 00:00:00  -  Run Remote Usage
		Usr 0 00:00:00, Sys 0 00:00:00  -  Run Local Usage
		Usr 0 00:00:00, Sys 0 00:00:00  -  Total Remote Usage
		Usr 0 00:00:00, Sys 0 00:00:00  -  Total Local Usage
	0  -  Run Bytes Sent By Job
	0  -  Run Bytes Received By Job
	0  -  Total Bytes Sent By Job
	0  -  Total Bytes Received By Job
...
016 (038.000.000) 07/20 10:45:39 POST Script terminated.
	(1) Normal termination (return value 0)
    DAG Node: create_dir_checkpoint-wf_0_local
...
000 (039.000.000) 07/20 10:45:49 Job submitted from host: <127.0.0.1:9618?addrs=127.0.0.1-9618&noUDP&sock=269_6778_4>
    DAG Node: stage_in_remote_local_0_0
    pool:local
...
000 (040.000.000) 07/20 10:45:49 Job submitted from host: <127.0.0.1:9618?addrs=127.0.0.1-9618&noUDP&sock=269_6778_4>
    DAG Node: stage_in_local_local_0_0
    pool:local
...
001 (040.000.000) 07/20 10:45:52 Job executing on host: <127.0.0.1:9618?addrs=127.0.0.1-9618&noUDP&sock=277_ebe4_39>
...
001 (039.000.000) 07/20 10:45:52 Job executing on host: <127.0.0.1:9618?addrs=127.0.0.1-9618&noUDP&sock=277_ebe4_40>
...
005 (040.000.000) 07/20 10:45:54 Job terminated.
	(1) Normal termination (return value 0)
		Usr 0 00:00:00, Sys 0 00:00:00  -  Run Remote Usage
		Usr 0 00:00:00, Sys 0 00:00:00  -  Run Local Usage
		Usr 0 00:00:00, Sys 0 00:00:00  -  Total Remote Usage
		Usr 0 00:00:00, Sys 0 00:00:00  -  Total Local Usage
	0  -  Run Bytes Sent By Job
	0  -  Run Bytes Received By Job
	0  -  Total Bytes Sent By Job
	0  -  Total Bytes Received By Job
...
005 (039.000.000) 07/20 10:45:54 Job terminated.
	(1) Normal termination (return value 0)
		Usr 0 00:00:00, Sys 0 00:00:00  -  Run Remote Usage
		Usr 0 00:00:00, Sys 0 00:00:00  -  Run Local Usage
		Usr 0 00:00:00, Sys 0 00:00:00  -  Total Remote Usage
		Usr 0 00:00:00, Sys 0 00:00:00  -  Total Local Usage
	0  -  Run Bytes Sent By Job
	0  -  Run Bytes Received By Job
	0  -  Total Bytes Sent By Job
	0  -  Total Bytes Received By Job
...
016 (039.000.000) 07/20 10:45:54 POST Script terminated.
	(1) Normal termination (return value 0)
    DAG Node: stage_in_remote_local_0_0
...
016 (040.000.000) 07/20 10:45:54 POST Script terminated.
	(1) Normal termination (return value 0)
    DAG Node: stage_in_local_local_0_0
...
000 (041.000.000) 07/20 10:46:04 Job submitted from host: <127.0.0.1:9618?addrs=127.0.0.1-9618&noUDP&sock=269_6778_4>
    DAG Node: print_nums_py_ID0000001
    pool:condorpool
...
001 (041.000.000) 07/20 10:46:09 Job executing on host: <127.0.0.1:9618?addrs=127.0.0.1-9618&noUDP&sock=269_6778_5>
...
005 (041.000.000) 07/20 10:47:40 Job terminated.
	(1) Normal termination (return value 14)
		Usr 0 00:00:00, Sys 0 00:00:00  -  Run Remote Usage
		Usr 0 00:00:00, Sys 0 00:00:00  -  Run Local Usage
		Usr 0 00:00:00, Sys 0 00:00:00  -  Total Remote Usage
		Usr 0 00:00:00, Sys 0 00:00:00  -  Total Local Usage
	9090  -  Run Bytes Sent By Job
	10734132  -  Run Bytes Received By Job
	9090  -  Total Bytes Sent By Job
	10734132  -  Total Bytes Received By Job
	Partitionable Resources :    Usage  Request Allocated 
	   Cpus                 :     0.01        1         1 
	   Disk (KB)            : 64260       12500   5630159 
	   Memory (MB)          :    16           1       331 
...
016 (041.000.000) 07/20 10:47:45 POST Script terminated.
	(1) Normal termination (return value 1)
    DAG Node: print_nums_py_ID0000001
...
000 (042.000.000) 07/20 10:47:54 Job submitted from host: <127.0.0.1:9618?addrs=127.0.0.1-9618&noUDP&sock=269_6778_4>
    DAG Node: print_nums_py_ID0000001
    pool:condorpool
...
001 (042.000.000) 07/20 10:47:55 Job executing on host: <127.0.0.1:9618?addrs=127.0.0.1-9618&noUDP&sock=269_6778_5>
...
005 (042.000.000) 07/20 10:49:26 Job terminated.
	(1) Normal termination (return value 14)
		Usr 0 00:00:00, Sys 0 00:00:00  -  Run Remote Usage
		Usr 0 00:00:00, Sys 0 00:00:00  -  Run Local Usage
		Usr 0 00:00:00, Sys 0 00:00:00  -  Total Remote Usage
		Usr 0 00:00:00, Sys 0 00:00:00  -  Total Local Usage
	9090  -  Run Bytes Sent By Job
	10734133  -  Run Bytes Received By Job
	9090  -  Total Bytes Sent By Job
	10734133  -  Total Bytes Received By Job
	Partitionable Resources :    Usage  Request Allocated 
	   Cpus                 :     0.01        1         1 
	   Disk (KB)            : 64260       12500   5630159 
	   Memory (MB)          :    16           1       331 
...
016 (042.000.000) 07/20 10:49:29 POST Script terminated.
	(1) Normal termination (return value 1)
    DAG Node: print_nums_py_ID0000001
...
000 (043.000.000) 07/20 10:49:39 Job submitted from host: <127.0.0.1:9618?addrs=127.0.0.1-9618&noUDP&sock=269_6778_4>
    DAG Node: print_nums_py_ID0000001
    pool:condorpool
...
001 (043.000.000) 07/20 10:49:40 Job executing on host: <127.0.0.1:9618?addrs=127.0.0.1-9618&noUDP&sock=269_6778_5>
...
005 (043.000.000) 07/20 10:50:40 Job terminated.
	(1) Normal termination (return value 0)
		Usr 0 00:00:00, Sys 0 00:00:00  -  Run Remote Usage
		Usr 0 00:00:00, Sys 0 00:00:00  -  Run Local Usage
		Usr 0 00:00:00, Sys 0 00:00:00  -  Total Remote Usage
		Usr 0 00:00:00, Sys 0 00:00:00  -  Total Local Usage
	6138  -  Run Bytes Sent By Job
	10734134  -  Run Bytes Received By Job
	6138  -  Total Bytes Sent By Job
	10734134  -  Total Bytes Received By Job
	Partitionable Resources :    Usage  Request Allocated 
	   Cpus                 :     0.01        1         1 
	   Disk (KB)            : 64257       12500   5630159 
	   Memory (MB)          :    17           1       331 
...
016 (043.000.000) 07/20 10:50:44 POST Script terminated.
	(1) Normal termination (return value 0)
    DAG Node: print_nums_py_ID0000001
...
000 (044.000.000) 07/20 10:50:54 Job submitted from host: <127.0.0.1:9618?addrs=127.0.0.1-9618&noUDP&sock=269_6778_4>
    DAG Node: clean_up_local_level_3_0
    pool:local
...
000 (045.000.000) 07/20 10:50:54 Job submitted from host: <127.0.0.1:9618?addrs=127.0.0.1-9618&noUDP&sock=269_6778_4>
    DAG Node: stage_out_local_local_0_0
    pool:local
...
001 (045.000.000) 07/20 10:50:59 Job executing on host: <127.0.0.1:9618?addrs=127.0.0.1-9618&noUDP&sock=277_ebe4_44>
...
001 (044.000.000) 07/20 10:50:59 Job executing on host: <127.0.0.1:9618?addrs=127.0.0.1-9618&noUDP&sock=277_ebe4_45>
...
005 (044.000.000) 07/20 10:51:01 Job terminated.
	(1) Normal termination (return value 0)
		Usr 0 00:00:00, Sys 0 00:00:00  -  Run Remote Usage
		Usr 0 00:00:00, Sys 0 00:00:00  -  Run Local Usage
		Usr 0 00:00:00, Sys 0 00:00:00  -  Total Remote Usage
		Usr 0 00:00:00, Sys 0 00:00:00  -  Total Local Usage
	0  -  Run Bytes Sent By Job
	0  -  Run Bytes Received By Job
	0  -  Total Bytes Sent By Job
	0  -  Total Bytes Received By Job
...
005 (045.000.000) 07/20 10:51:03 Job terminated.
	(1) Normal termination (return value 0)
		Usr 0 00:00:00, Sys 0 00:00:00  -  Run Remote Usage
		Usr 0 00:00:00, Sys 0 00:00:00  -  Run Local Usage
		Usr 0 00:00:00, Sys 0 00:00:00  -  Total Remote Usage
		Usr 0 00:00:00, Sys 0 00:00:00  -  Total Local Usage
	0  -  Run Bytes Sent By Job
	0  -  Run Bytes Received By Job
	0  -  Total Bytes Sent By Job
	0  -  Total Bytes Received By Job
...
016 (044.000.000) 07/20 10:51:05 POST Script terminated.
	(1) Normal termination (return value 0)
    DAG Node: clean_up_local_level_3_0
...
016 (045.000.000) 07/20 10:51:05 POST Script terminated.
	(1) Normal termination (return value 0)
    DAG Node: stage_out_local_local_0_0
...
000 (046.000.000) 07/20 10:51:14 Job submitted from host: <127.0.0.1:9618?addrs=127.0.0.1-9618&noUDP&sock=269_6778_4>
    DAG Node: clean_up_local_level_4_0
    pool:local
...
000 (047.000.000) 07/20 10:51:14 Job submitted from host: <127.0.0.1:9618?addrs=127.0.0.1-9618&noUDP&sock=269_6778_4>
    DAG Node: register_local_0_0
    pool:local
...
001 (047.000.000) 07/20 10:51:16 Job executing on host: <127.0.0.1:9618?addrs=127.0.0.1-9618&noUDP&sock=277_ebe4_46>
...
001 (046.000.000) 07/20 10:51:16 Job executing on host: <127.0.0.1:9618?addrs=127.0.0.1-9618&noUDP&sock=277_ebe4_47>
...
005 (047.000.000) 07/20 10:51:18 Job terminated.
	(1) Normal termination (return value 0)
		Usr 0 00:00:00, Sys 0 00:00:00  -  Run Remote Usage
		Usr 0 00:00:00, Sys 0 00:00:00  -  Run Local Usage
		Usr 0 00:00:00, Sys 0 00:00:00  -  Total Remote Usage
		Usr 0 00:00:00, Sys 0 00:00:00  -  Total Local Usage
	0  -  Run Bytes Sent By Job
	0  -  Run Bytes Received By Job
	0  -  Total Bytes Sent By Job
	0  -  Total Bytes Received By Job
...
016 (047.000.000) 07/20 10:51:19 POST Script terminated.
	(1) Normal termination (return value 0)
    DAG Node: register_local_0_0
...
005 (046.000.000) 07/20 10:51:20 Job terminated.
	(1) Normal termination (return value 0)
		Usr 0 00:00:00, Sys 0 00:00:00  -  Run Remote Usage
		Usr 0 00:00:00, Sys 0 00:00:00  -  Run Local Usage
		Usr 0 00:00:00, Sys 0 00:00:00  -  Total Remote Usage
		Usr 0 00:00:00, Sys 0 00:00:00  -  Total Local Usage
	0  -  Run Bytes Sent By Job
	0  -  Run Bytes Received By Job
	0  -  Total Bytes Sent By Job
	0  -  Total Bytes Received By Job
...
016 (046.000.000) 07/20 10:51:24 POST Script terminated.
	(1) Normal termination (return value 0)
    DAG Node: clean_up_local_level_4_0
...
000 (048.000.000) 07/20 10:51:34 Job submitted from host: <127.0.0.1:9618?addrs=127.0.0.1-9618&noUDP&sock=269_6778_4>
    DAG Node: cleanup_checkpoint-wf_0_local
    pool:local
...
001 (048.000.000) 07/20 10:51:37 Job executing on host: <127.0.0.1:9618?addrs=127.0.0.1-9618&noUDP&sock=277_ebe4_48>
...
005 (048.000.000) 07/20 10:51:39 Job terminated.
	(1) Normal termination (return value 0)
		Usr 0 00:00:00, Sys 0 00:00:00  -  Run Remote Usage
		Usr 0 00:00:00, Sys 0 00:00:00  -  Run Local Usage
		Usr 0 00:00:00, Sys 0 00:00:00  -  Total Remote Usage
		Usr 0 00:00:00, Sys 0 00:00:00  -  Total Local Usage
	0  -  Run Bytes Sent By Job
	0  -  Run Bytes Received By Job
	0  -  Total Bytes Sent By Job
	0  -  Total Bytes Received By Job
...
016 (048.000.000) 07/20 10:51:44 POST Script terminated.
	(1) Normal termination (return value 0)
    DAG Node: cleanup_checkpoint-wf_0_local
...
