07/16/20 09:16:17 ******************************************************
07/16/20 09:16:17 ** condor_scheduniv_exec.43.0 (CONDOR_DAGMAN) STARTING UP
07/16/20 09:16:17 ** /usr/bin/condor_dagman
07/16/20 09:16:17 ** SubsystemInfo: name=DAGMAN type=DAGMAN(10) class=DAEMON(1)
07/16/20 09:16:17 ** Configuration: subsystem:DAGMAN local:<NONE> class:DAEMON
07/16/20 09:16:17 ** $CondorVersion: 8.8.9 May 06 2020 BuildID: 503068 PackageID: 8.8.9-1 $
07/16/20 09:16:17 ** $CondorPlatform: x86_64_CentOS7 $
07/16/20 09:16:17 ** PID = 71561
07/16/20 09:16:17 ** Log last touched time unavailable (No such file or directory)
07/16/20 09:16:17 ******************************************************
07/16/20 09:16:17 Using config source: /etc/condor/condor_config
07/16/20 09:16:17 Using local config sources: 
07/16/20 09:16:17    /etc/condor/config.d/00-minicondor
07/16/20 09:16:17    /etc/condor/condor_config.local
07/16/20 09:16:17 config Macros = 81, Sorted = 81, StringBytes = 2254, TablesBytes = 2964
07/16/20 09:16:17 CLASSAD_CACHING is ENABLED
07/16/20 09:16:17 Daemon Log is logging: D_ALWAYS D_ERROR
07/16/20 09:16:17 DaemonCore: No command port requested.
07/16/20 09:16:17 DAGMAN_USE_STRICT setting: 1
07/16/20 09:16:17 DAGMAN_VERBOSITY setting: 3
07/16/20 09:16:17 DAGMAN_DEBUG_CACHE_SIZE setting: 5242880
07/16/20 09:16:17 DAGMAN_DEBUG_CACHE_ENABLE setting: False
07/16/20 09:16:17 DAGMAN_SUBMIT_DELAY setting: 0
07/16/20 09:16:17 DAGMAN_MAX_SUBMIT_ATTEMPTS setting: 6
07/16/20 09:16:17 DAGMAN_STARTUP_CYCLE_DETECT setting: False
07/16/20 09:16:17 DAGMAN_MAX_SUBMITS_PER_INTERVAL setting: 100
07/16/20 09:16:17 DAGMAN_AGGRESSIVE_SUBMIT setting: False
07/16/20 09:16:17 DAGMAN_USER_LOG_SCAN_INTERVAL setting: 5
07/16/20 09:16:17 DAGMAN_QUEUE_UPDATE_INTERVAL setting: 300
07/16/20 09:16:17 DAGMAN_DEFAULT_PRIORITY setting: 0
07/16/20 09:16:17 DAGMAN_SUPPRESS_NOTIFICATION setting: True
07/16/20 09:16:17 allow_events (DAGMAN_ALLOW_EVENTS) setting: 114
07/16/20 09:16:17 DAGMAN_RETRY_SUBMIT_FIRST setting: True
07/16/20 09:16:17 DAGMAN_RETRY_NODE_FIRST setting: False
07/16/20 09:16:17 DAGMAN_MAX_JOBS_IDLE setting: 1000
07/16/20 09:16:17 DAGMAN_MAX_JOBS_SUBMITTED setting: 0
07/16/20 09:16:17 DAGMAN_MAX_PRE_SCRIPTS setting: 20
07/16/20 09:16:17 DAGMAN_MAX_POST_SCRIPTS setting: 20
07/16/20 09:16:17 DAGMAN_MUNGE_NODE_NAMES setting: True
07/16/20 09:16:17 DAGMAN_PROHIBIT_MULTI_JOBS setting: False
07/16/20 09:16:17 DAGMAN_SUBMIT_DEPTH_FIRST setting: False
07/16/20 09:16:17 DAGMAN_ALWAYS_RUN_POST setting: False
07/16/20 09:16:17 DAGMAN_CONDOR_SUBMIT_EXE setting: /usr/bin/condor_submit
07/16/20 09:16:17 DAGMAN_USE_CONDOR_SUBMIT setting: True
07/16/20 09:16:17 DAGMAN_ABORT_DUPLICATES setting: True
07/16/20 09:16:17 DAGMAN_ABORT_ON_SCARY_SUBMIT setting: True
07/16/20 09:16:17 DAGMAN_PENDING_REPORT_INTERVAL setting: 600
07/16/20 09:16:17 DAGMAN_AUTO_RESCUE setting: True
07/16/20 09:16:17 DAGMAN_MAX_RESCUE_NUM setting: 100
07/16/20 09:16:17 DAGMAN_WRITE_PARTIAL_RESCUE setting: True
07/16/20 09:16:17 DAGMAN_DEFAULT_NODE_LOG setting: @(DAG_DIR)/@(DAG_FILE).nodes.log
07/16/20 09:16:17 DAGMAN_GENERATE_SUBDAG_SUBMITS setting: True
07/16/20 09:16:17 DAGMAN_MAX_JOB_HOLDS setting: 100
07/16/20 09:16:17 DAGMAN_HOLD_CLAIM_TIME setting: 20
07/16/20 09:16:17 ALL_DEBUG setting: 
07/16/20 09:16:17 DAGMAN_DEBUG setting: 
07/16/20 09:16:17 DAGMAN_SUPPRESS_JOB_LOGS setting: False
07/16/20 09:16:17 DAGMAN_REMOVE_NODE_JOBS setting: True
07/16/20 09:16:17 argv[0] == "condor_scheduniv_exec.43.0"
07/16/20 09:16:17 argv[1] == "-Lockfile"
07/16/20 09:16:17 argv[2] == "add_thumbs-0.dag.lock"
07/16/20 09:16:17 argv[3] == "-AutoRescue"
07/16/20 09:16:17 argv[4] == "1"
07/16/20 09:16:17 argv[5] == "-DoRescueFrom"
07/16/20 09:16:17 argv[6] == "0"
07/16/20 09:16:17 argv[7] == "-Dag"
07/16/20 09:16:17 argv[8] == "add_thumbs-0.dag"
07/16/20 09:16:17 argv[9] == "-MaxPost"
07/16/20 09:16:17 argv[10] == "20"
07/16/20 09:16:17 argv[11] == "-Suppress_notification"
07/16/20 09:16:17 argv[12] == "-CsdVersion"
07/16/20 09:16:17 argv[13] == "$CondorVersion: 8.8.9 May 06 2020 BuildID: 503068 PackageID: 8.8.9-1 $"
07/16/20 09:16:17 argv[14] == "-Dagman"
07/16/20 09:16:17 argv[15] == "/bin/condor_dagman"
07/16/20 09:16:17 Workflow batch-name: <add_thumbs-0.dag+43>
07/16/20 09:16:17 Workflow accounting_group: <>
07/16/20 09:16:17 Workflow accounting_group_user: <>
07/16/20 09:16:17 Warning: failed to get attribute DAGNodeName
07/16/20 09:16:17 DAGMAN_LOG_ON_NFS_IS_ERROR setting: False
07/16/20 09:16:17 Default node log file is: </home/scitech/shared-data/Workflow/Workflow4/scitech/pegasus/add_thumbs/run0010/./add_thumbs-0.dag.nodes.log>
07/16/20 09:16:17 DAG Lockfile will be written to add_thumbs-0.dag.lock
07/16/20 09:16:17 DAG Input file is add_thumbs-0.dag
07/16/20 09:16:17 Parsing 1 dagfiles
07/16/20 09:16:17 Parsing add_thumbs-0.dag ...
07/16/20 09:16:17 Warning:  could not open Pegasus braindump file braindump.txt
07/16/20 09:16:17 Dag contains 8 total jobs
07/16/20 09:16:17 Sleeping for 3 seconds to ensure ProcessId uniqueness
07/16/20 09:16:20 Bootstrapping...
07/16/20 09:16:20 Number of pre-completed nodes: 0
07/16/20 09:16:20 MultiLogFiles: truncating log file /home/scitech/shared-data/Workflow/Workflow4/scitech/pegasus/add_thumbs/run0010/./add_thumbs-0.dag.nodes.log
07/16/20 09:16:20 DAG status: 0 (DAG_STATUS_OK)
07/16/20 09:16:20 Of 8 nodes total:
07/16/20 09:16:20  Done     Pre   Queued    Post   Ready   Un-Ready   Failed
07/16/20 09:16:20   ===     ===      ===     ===     ===        ===      ===
07/16/20 09:16:20     0       0        0       0       1          7        0
07/16/20 09:16:20 0 job proc(s) currently held
07/16/20 09:16:20 DAGMan Runtime Statistics: [ EventCycleTimeSum = 0.0; EventCycleTimeCount = 0.0; SleepCycleTimeCount = 0.0; SubmitCycleTimeSum = 0.0; SubmitCycleTimeCount = 0.0; LogProcessCycleTimeSum = 0.0; SleepCycleTimeSum = 0.0; LogProcessCycleTimeCount = 0.0; ]
07/16/20 09:16:20 Registering condor_event_timer...
07/16/20 09:16:21 Submitting HTCondor Node create_dir_add_thumbs_0_local job(s)...
07/16/20 09:16:21 Adding a DAGMan workflow log /home/scitech/shared-data/Workflow/Workflow4/scitech/pegasus/add_thumbs/run0010/./add_thumbs-0.dag.nodes.log
07/16/20 09:16:21 Masking the events recorded in the DAGMAN workflow log
07/16/20 09:16:21 Mask for workflow log is 0,1,2,4,5,7,9,10,11,12,13,16,17,24,27,35,36
07/16/20 09:16:21 submitting: /usr/bin/condor_submit -a dag_node_name' '=' 'create_dir_add_thumbs_0_local -a +DAGManJobId' '=' '43 -a DAGManJobId' '=' '43 -batch-name add_thumbs-0.dag+43 -a submit_event_notes' '=' 'DAG' 'Node:' 'create_dir_add_thumbs_0_local -a dagman_log' '=' '/home/scitech/shared-data/Workflow/Workflow4/scitech/pegasus/add_thumbs/run0010/./add_thumbs-0.dag.nodes.log -a +DAGManNodesMask' '=' '"0,1,2,4,5,7,9,10,11,12,13,16,17,24,27,35,36" -a priority=800 -a +DAGNodeRetry' '=' '0 -a DAG_STATUS' '=' '0 -a FAILED_COUNT' '=' '0 -a +KeepClaimIdle' '=' '20 -a notification' '=' 'never -a +DAGParentNodeNames' '=' '"" 00/00/create_dir_add_thumbs_0_local.sub
07/16/20 09:16:21 From submit: Submitting job(s).
07/16/20 09:16:21 From submit: 1 job(s) submitted to cluster 44.
07/16/20 09:16:21 	assigned HTCondor ID (44.0.0)
07/16/20 09:16:21 Just submitted 1 job this cycle...
07/16/20 09:16:21 DAG status: 0 (DAG_STATUS_OK)
07/16/20 09:16:21 Of 8 nodes total:
07/16/20 09:16:21  Done     Pre   Queued    Post   Ready   Un-Ready   Failed
07/16/20 09:16:21   ===     ===      ===     ===     ===        ===      ===
07/16/20 09:16:21     0       0        1       0       0          7        0
07/16/20 09:16:21 0 job proc(s) currently held
07/16/20 09:16:21 DAGMan Runtime Statistics: [ EventCycleTimeCount = 0.0; EventCycleTimeSum = 0.0; LogProcessCycleTimeCount = 0.0; SleepCycleTimeSum = 0.0; LogProcessCycleTimeSum = 0.0; SubmitCycleTimeCount = 1.0; SubmitCycleTimeMax = 0.04487395286560059; SubmitCycleTimeMin = 0.04487395286560059; SubmitCycleTimeAvg = 0.04487395286560059; SubmitCycleTimeStd = 0.04487395286560059; SubmitCycleTimeSum = 0.04487395286560059; SleepCycleTimeCount = 0.0; ]
07/16/20 09:16:26 Currently monitoring 1 HTCondor log file(s)
07/16/20 09:16:26 Reassigning the id of job create_dir_add_thumbs_0_local from (44.0.0) to (44.0.0)
07/16/20 09:16:26 Event: ULOG_SUBMIT for HTCondor Node create_dir_add_thumbs_0_local (44.0.0) {07/16/20 09:16:21}
07/16/20 09:16:26 Number of idle job procs: 1
07/16/20 09:16:26 Event: ULOG_EXECUTE for HTCondor Node create_dir_add_thumbs_0_local (44.0.0) {07/16/20 09:16:22}
07/16/20 09:16:26 Number of idle job procs: 0
07/16/20 09:16:26 Event: ULOG_JOB_TERMINATED for HTCondor Node create_dir_add_thumbs_0_local (44.0.0) {07/16/20 09:16:25}
07/16/20 09:16:26 Number of idle job procs: 0
07/16/20 09:16:26 Node create_dir_add_thumbs_0_local job proc (44.0.0) completed successfully.
07/16/20 09:16:26 Node create_dir_add_thumbs_0_local job completed
07/16/20 09:16:26 Running POST script of Node create_dir_add_thumbs_0_local...
07/16/20 09:16:26 Warning: mysin has length 0 (ignore if produced by DAGMan; see gittrac #4987, #5031)
07/16/20 09:16:26 DAG status: 0 (DAG_STATUS_OK)
07/16/20 09:16:26 Of 8 nodes total:
07/16/20 09:16:26  Done     Pre   Queued    Post   Ready   Un-Ready   Failed
07/16/20 09:16:26   ===     ===      ===     ===     ===        ===      ===
07/16/20 09:16:26     0       0        0       1       0          7        0
07/16/20 09:16:26 0 job proc(s) currently held
07/16/20 09:16:26 DAGMan Runtime Statistics: [ EventCycleTimeStd = 0.04962706565856934; EventCycleTimeMax = 0.04962706565856934; SubmitCycleTimeMin = 0.001127958297729492; SubmitCycleTimeAvg = 0.02300095558166504; SleepCycleTimeCount = 1.0; SubmitCycleTimeCount = 2.0; SubmitCycleTimeMax = 0.04487395286560059; SleepCycleTimeMin = 5.006732940673828; SubmitCycleTimeSum = 0.04600191116333008; LogProcessCycleTimeStd = 0.02503085136413574; SubmitCycleTimeStd = 0.03093308940869152; LogProcessCycleTimeAvg = 0.02503085136413574; EventCycleTimeMin = 0.04962706565856934; LogProcessCycleTimeMax = 0.02503085136413574; LogProcessCycleTimeMin = 0.02503085136413574; LogProcessCycleTimeSum = 0.02503085136413574; LogProcessCycleTimeCount = 1.0; EventCycleTimeSum = 0.04962706565856934; SleepCycleTimeSum = 5.006732940673828; SleepCycleTimeAvg = 5.006732940673828; SleepCycleTimeStd = 5.006732940673828; SleepCycleTimeMax = 5.006732940673828; EventCycleTimeCount = 1.0; EventCycleTimeAvg = 0.04962706565856934; ]
07/16/20 09:16:27 Initializing user log writer for /home/scitech/shared-data/Workflow/Workflow4/scitech/pegasus/add_thumbs/run0010/./add_thumbs-0.dag.nodes.log, (44.0.0)
07/16/20 09:16:31 Currently monitoring 1 HTCondor log file(s)
07/16/20 09:16:31 Event: ULOG_POST_SCRIPT_TERMINATED for HTCondor Node create_dir_add_thumbs_0_local (44.0.0) {07/16/20 09:16:27}
07/16/20 09:16:31 POST Script of node create_dir_add_thumbs_0_local completed successfully.
07/16/20 09:16:31 DAG status: 0 (DAG_STATUS_OK)
07/16/20 09:16:31 Of 8 nodes total:
07/16/20 09:16:31  Done     Pre   Queued    Post   Ready   Un-Ready   Failed
07/16/20 09:16:31   ===     ===      ===     ===     ===        ===      ===
07/16/20 09:16:31     1       0        0       0       1          6        0
07/16/20 09:16:31 0 job proc(s) currently held
07/16/20 09:16:31 DAGMan Runtime Statistics: [ EventCycleTimeStd = 0.01171463224990597; EventCycleTimeMax = 0.04962706565856934; SubmitCycleTimeMin = 0.001127958297729492; SubmitCycleTimeAvg = 0.0157326062520345; SleepCycleTimeCount = 2.0; SubmitCycleTimeCount = 3.0; SubmitCycleTimeMax = 0.04487395286560059; SleepCycleTimeMin = 4.223559856414795; SubmitCycleTimeSum = 0.04719781875610352; LogProcessCycleTimeStd = 0.01418157158694562; SubmitCycleTimeStd = 0.02523716933643062; LogProcessCycleTimeAvg = 0.01500296592712402; EventCycleTimeMin = 0.03306007385253906; LogProcessCycleTimeMax = 0.02503085136413574; LogProcessCycleTimeMin = 0.004975080490112305; LogProcessCycleTimeSum = 0.03000593185424805; LogProcessCycleTimeCount = 2.0; EventCycleTimeSum = 0.0826871395111084; SleepCycleTimeSum = 9.230292797088623; SleepCycleTimeAvg = 4.615146398544312; SleepCycleTimeStd = 0.5537869987223457; SleepCycleTimeMax = 5.006732940673828; EventCycleTimeCount = 2.0; EventCycleTimeAvg = 0.0413435697555542; ]
07/16/20 09:16:36 Submitting HTCondor Node stage_in_local_local_0_0 job(s)...
07/16/20 09:16:36 Adding a DAGMan workflow log /home/scitech/shared-data/Workflow/Workflow4/scitech/pegasus/add_thumbs/run0010/./add_thumbs-0.dag.nodes.log
07/16/20 09:16:36 Masking the events recorded in the DAGMAN workflow log
07/16/20 09:16:36 Mask for workflow log is 0,1,2,4,5,7,9,10,11,12,13,16,17,24,27,35,36
07/16/20 09:16:36 submitting: /usr/bin/condor_submit -a dag_node_name' '=' 'stage_in_local_local_0_0 -a +DAGManJobId' '=' '43 -a DAGManJobId' '=' '43 -batch-name add_thumbs-0.dag+43 -a submit_event_notes' '=' 'DAG' 'Node:' 'stage_in_local_local_0_0 -a dagman_log' '=' '/home/scitech/shared-data/Workflow/Workflow4/scitech/pegasus/add_thumbs/run0010/./add_thumbs-0.dag.nodes.log -a +DAGManNodesMask' '=' '"0,1,2,4,5,7,9,10,11,12,13,16,17,24,27,35,36" -a priority=700 -a +DAGNodeRetry' '=' '0 -a DAG_STATUS' '=' '0 -a FAILED_COUNT' '=' '0 -a +KeepClaimIdle' '=' '20 -a notification' '=' 'never -a +DAGParentNodeNames' '=' '"create_dir_add_thumbs_0_local" 00/00/stage_in_local_local_0_0.sub
07/16/20 09:16:36 From submit: Submitting job(s).
07/16/20 09:16:36 From submit: 1 job(s) submitted to cluster 45.
07/16/20 09:16:36 	assigned HTCondor ID (45.0.0)
07/16/20 09:16:36 Just submitted 1 job this cycle...
07/16/20 09:16:36 DAG status: 0 (DAG_STATUS_OK)
07/16/20 09:16:36 Of 8 nodes total:
07/16/20 09:16:36  Done     Pre   Queued    Post   Ready   Un-Ready   Failed
07/16/20 09:16:36   ===     ===      ===     ===     ===        ===      ===
07/16/20 09:16:36     1       0        1       0       0          6        0
07/16/20 09:16:36 0 job proc(s) currently held
07/16/20 09:16:36 DAGMan Runtime Statistics: [ EventCycleTimeStd = 0.01848104027515626; EventCycleTimeMax = 0.04962706565856934; SubmitCycleTimeMin = 0.001127958297729492; SubmitCycleTimeAvg = 0.02376121282577515; SleepCycleTimeCount = 3.0; SubmitCycleTimeCount = 4.0; SubmitCycleTimeMax = 0.04784703254699707; SleepCycleTimeMin = 4.223559856414795; SubmitCycleTimeSum = 0.09504485130310059; LogProcessCycleTimeStd = 0.01418157158694562; SubmitCycleTimeStd = 0.02612362732867372; LogProcessCycleTimeAvg = 0.01500296592712402; EventCycleTimeMin = 0.01272892951965332; LogProcessCycleTimeMax = 0.02503085136413574; LogProcessCycleTimeMin = 0.004975080490112305; LogProcessCycleTimeSum = 0.03000593185424805; LogProcessCycleTimeCount = 2.0; EventCycleTimeSum = 0.09541606903076172; SleepCycleTimeSum = 14.23999786376953; SleepCycleTimeAvg = 4.746665954589844; SleepCycleTimeStd = 0.453025607272032; SleepCycleTimeMax = 5.009705066680908; EventCycleTimeCount = 3.0; EventCycleTimeAvg = 0.03180535634358724; ]
07/16/20 09:16:41 Currently monitoring 1 HTCondor log file(s)
07/16/20 09:16:41 Reassigning the id of job stage_in_local_local_0_0 from (45.0.0) to (45.0.0)
07/16/20 09:16:41 Event: ULOG_SUBMIT for HTCondor Node stage_in_local_local_0_0 (45.0.0) {07/16/20 09:16:36}
07/16/20 09:16:41 Number of idle job procs: 1
07/16/20 09:16:41 Event: ULOG_EXECUTE for HTCondor Node stage_in_local_local_0_0 (45.0.0) {07/16/20 09:16:39}
07/16/20 09:16:41 Number of idle job procs: 0
07/16/20 09:17:01 Currently monitoring 1 HTCondor log file(s)
07/16/20 09:17:01 Event: ULOG_JOB_TERMINATED for HTCondor Node stage_in_local_local_0_0 (45.0.0) {07/16/20 09:16:57}
07/16/20 09:17:01 Number of idle job procs: 0
07/16/20 09:17:01 Node stage_in_local_local_0_0 job proc (45.0.0) completed successfully.
07/16/20 09:17:01 Node stage_in_local_local_0_0 job completed
07/16/20 09:17:01 Running POST script of Node stage_in_local_local_0_0...
07/16/20 09:17:01 Warning: mysin has length 0 (ignore if produced by DAGMan; see gittrac #4987, #5031)
07/16/20 09:17:01 DAG status: 0 (DAG_STATUS_OK)
07/16/20 09:17:01 Of 8 nodes total:
07/16/20 09:17:01  Done     Pre   Queued    Post   Ready   Un-Ready   Failed
07/16/20 09:17:01   ===     ===      ===     ===     ===        ===      ===
07/16/20 09:17:01     1       0        0       1       0          6        0
07/16/20 09:17:01 0 job proc(s) currently held
07/16/20 09:17:01 DAGMan Runtime Statistics: [ EventCycleTimeStd = 0.02211704366868072; EventCycleTimeMax = 0.05377697944641113; SubmitCycleTimeMin = 0.0002419948577880859; SubmitCycleTimeAvg = 0.0108492374420166; SleepCycleTimeCount = 8.0; SubmitCycleTimeCount = 9.0; SubmitCycleTimeMax = 0.04784703254699707; SleepCycleTimeMin = 4.223559856414795; SubmitCycleTimeSum = 0.09764313697814941; LogProcessCycleTimeStd = 0.008819303462120402; SubmitCycleTimeStd = 0.02015158035966479; LogProcessCycleTimeAvg = 0.01216775178909302; EventCycleTimeMin = 0.0005009174346923828; LogProcessCycleTimeMax = 0.02503085136413574; LogProcessCycleTimeMin = 0.004975080490112305; LogProcessCycleTimeSum = 0.04867100715637207; LogProcessCycleTimeCount = 4.0; EventCycleTimeSum = 0.1634421348571777; SleepCycleTimeSum = 39.22668075561523; SleepCycleTimeAvg = 4.903335094451904; SleepCycleTimeStd = 0.2749653055722123; SleepCycleTimeMax = 5.009705066680908; EventCycleTimeCount = 8.0; EventCycleTimeAvg = 0.02043026685714722; ]
07/16/20 09:17:01 Initializing user log writer for /home/scitech/shared-data/Workflow/Workflow4/scitech/pegasus/add_thumbs/run0010/./add_thumbs-0.dag.nodes.log, (45.0.0)
07/16/20 09:17:06 Currently monitoring 1 HTCondor log file(s)
07/16/20 09:17:06 Event: ULOG_POST_SCRIPT_TERMINATED for HTCondor Node stage_in_local_local_0_0 (45.0.0) {07/16/20 09:17:01}
07/16/20 09:17:06 POST Script of node stage_in_local_local_0_0 completed successfully.
07/16/20 09:17:06 DAG status: 0 (DAG_STATUS_OK)
07/16/20 09:17:06 Of 8 nodes total:
07/16/20 09:17:06  Done     Pre   Queued    Post   Ready   Un-Ready   Failed
07/16/20 09:17:06   ===     ===      ===     ===     ===        ===      ===
07/16/20 09:17:06     2       0        0       0       1          5        0
07/16/20 09:17:06 0 job proc(s) currently held
07/16/20 09:17:06 DAGMan Runtime Statistics: [ EventCycleTimeStd = 0.02081631956367484; EventCycleTimeMax = 0.05377697944641113; SubmitCycleTimeMin = 0.0002419948577880859; SubmitCycleTimeAvg = 0.009847307205200195; SleepCycleTimeCount = 9.0; SubmitCycleTimeCount = 10.0; SubmitCycleTimeMax = 0.04784703254699707; SleepCycleTimeMin = 4.223559856414795; SubmitCycleTimeSum = 0.09847307205200195; LogProcessCycleTimeStd = 0.008132927875620602; SubmitCycleTimeStd = 0.01926146788535325; LogProcessCycleTimeAvg = 0.01091799736022949; EventCycleTimeMin = 0.0005009174346923828; LogProcessCycleTimeMax = 0.02503085136413574; LogProcessCycleTimeMin = 0.004975080490112305; LogProcessCycleTimeSum = 0.05458998680114746; LogProcessCycleTimeCount = 5.0; EventCycleTimeSum = 0.1769652366638184; SleepCycleTimeSum = 44.4718017578125; SleepCycleTimeAvg = 4.941311306423611; SleepCycleTimeStd = 0.2813092843141705; SleepCycleTimeMax = 5.245121002197266; EventCycleTimeCount = 9.0; EventCycleTimeAvg = 0.0196628040737576; ]
07/16/20 09:17:11 Submitting HTCondor Node Thumbs_up_ID0000001 job(s)...
07/16/20 09:17:11 Adding a DAGMan workflow log /home/scitech/shared-data/Workflow/Workflow4/scitech/pegasus/add_thumbs/run0010/./add_thumbs-0.dag.nodes.log
07/16/20 09:17:11 Masking the events recorded in the DAGMAN workflow log
07/16/20 09:17:11 Mask for workflow log is 0,1,2,4,5,7,9,10,11,12,13,16,17,24,27,35,36
07/16/20 09:17:11 submitting: /usr/bin/condor_submit -a dag_node_name' '=' 'Thumbs_up_ID0000001 -a +DAGManJobId' '=' '43 -a DAGManJobId' '=' '43 -batch-name add_thumbs-0.dag+43 -a submit_event_notes' '=' 'DAG' 'Node:' 'Thumbs_up_ID0000001 -a dagman_log' '=' '/home/scitech/shared-data/Workflow/Workflow4/scitech/pegasus/add_thumbs/run0010/./add_thumbs-0.dag.nodes.log -a +DAGManNodesMask' '=' '"0,1,2,4,5,7,9,10,11,12,13,16,17,24,27,35,36" -a priority=20 -a +DAGNodeRetry' '=' '0 -a DAG_STATUS' '=' '0 -a FAILED_COUNT' '=' '0 -a +KeepClaimIdle' '=' '20 -a notification' '=' 'never -a +DAGParentNodeNames' '=' '"stage_in_local_local_0_0" 00/00/Thumbs_up_ID0000001.sub
07/16/20 09:17:11 From submit: Submitting job(s).
07/16/20 09:17:11 From submit: 1 job(s) submitted to cluster 46.
07/16/20 09:17:11 	assigned HTCondor ID (46.0.0)
07/16/20 09:17:11 Just submitted 1 job this cycle...
07/16/20 09:17:11 DAG status: 0 (DAG_STATUS_OK)
07/16/20 09:17:11 Of 8 nodes total:
07/16/20 09:17:11  Done     Pre   Queued    Post   Ready   Un-Ready   Failed
07/16/20 09:17:11   ===     ===      ===     ===     ===        ===      ===
07/16/20 09:17:11     2       0        1       0       0          5        0
07/16/20 09:17:11 0 job proc(s) currently held
07/16/20 09:17:11 DAGMan Runtime Statistics: [ EventCycleTimeStd = 0.01974202616096041; EventCycleTimeMax = 0.05377697944641113; SubmitCycleTimeMin = 0.0002419948577880859; SubmitCycleTimeAvg = 0.01385727795687589; SleepCycleTimeCount = 10.0; SubmitCycleTimeCount = 11.0; SubmitCycleTimeMax = 0.05395698547363281; SleepCycleTimeMin = 4.223559856414795; SubmitCycleTimeSum = 0.1524300575256348; LogProcessCycleTimeStd = 0.008132927875620602; SubmitCycleTimeStd = 0.02260049225815413; LogProcessCycleTimeAvg = 0.01091799736022949; EventCycleTimeMin = 0.0005009174346923828; LogProcessCycleTimeMax = 0.02503085136413574; LogProcessCycleTimeMin = 0.004975080490112305; LogProcessCycleTimeSum = 0.05458998680114746; LogProcessCycleTimeCount = 5.0; EventCycleTimeSum = 0.1898641586303711; SleepCycleTimeSum = 49.47633171081543; SleepCycleTimeAvg = 4.947633171081543; SleepCycleTimeStd = 0.2659733163471995; SleepCycleTimeMax = 5.245121002197266; EventCycleTimeCount = 10.0; EventCycleTimeAvg = 0.01898641586303711; ]
07/16/20 09:17:16 Currently monitoring 1 HTCondor log file(s)
07/16/20 09:17:16 Reassigning the id of job Thumbs_up_ID0000001 from (46.0.0) to (46.0.0)
07/16/20 09:17:16 Event: ULOG_SUBMIT for HTCondor Node Thumbs_up_ID0000001 (46.0.0) {07/16/20 09:17:11}
07/16/20 09:17:16 Number of idle job procs: 1
07/16/20 09:17:16 Event: ULOG_EXECUTE for HTCondor Node Thumbs_up_ID0000001 (46.0.0) {07/16/20 09:17:15}
07/16/20 09:17:16 Number of idle job procs: 0
07/16/20 09:17:26 Currently monitoring 1 HTCondor log file(s)
07/16/20 09:17:26 Event: ULOG_SHADOW_EXCEPTION for HTCondor Node Thumbs_up_ID0000001 (46.0.0) {07/16/20 09:17:22}
07/16/20 09:17:26 Number of idle job procs: 1
07/16/20 09:17:26 Event: ULOG_JOB_HELD for HTCondor Node Thumbs_up_ID0000001 (46.0.0) {07/16/20 09:17:22}
07/16/20 09:17:26   Hold reason: Error from slot1@7bcbdb9d7e7e: STARTER at 127.0.0.1 failed to send file(s) to <127.0.0.1:9618>: error reading from /var/lib/condor/execute/dir_72156/output.txt: (errno 2) No such file or directory; SHADOW failed to receive file(s) from <127.0.0.1:42371>
07/16/20 09:17:26 Number of idle job procs: 1
07/16/20 09:17:26 DAG status: 0 (DAG_STATUS_OK)
07/16/20 09:17:26 Of 8 nodes total:
07/16/20 09:17:26  Done     Pre   Queued    Post   Ready   Un-Ready   Failed
07/16/20 09:17:26   ===     ===      ===     ===     ===        ===      ===
07/16/20 09:17:26     2       0        1       0       0          5        0
07/16/20 09:17:26 1 job proc(s) currently held
07/16/20 09:17:26 DAGMan Runtime Statistics: [ EventCycleTimeStd = 0.02139332329038674; EventCycleTimeMax = 0.05777716636657715; SubmitCycleTimeMin = 0.0002419948577880859; SubmitCycleTimeAvg = 0.01098443780626569; SleepCycleTimeCount = 13.0; SubmitCycleTimeCount = 14.0; SubmitCycleTimeMax = 0.05395698547363281; SleepCycleTimeMin = 4.223559856414795; SubmitCycleTimeSum = 0.1537821292877197; LogProcessCycleTimeStd = 0.007005755232508763; SubmitCycleTimeStd = 0.02062767042282098; LogProcessCycleTimeAvg = 0.009721687861851283; EventCycleTimeMin = 0.0005009174346923828; LogProcessCycleTimeMax = 0.02503085136413574; LogProcessCycleTimeMin = 0.004975080490112305; LogProcessCycleTimeSum = 0.06805181503295898; LogProcessCycleTimeCount = 7.0; EventCycleTimeSum = 0.2548782825469971; SleepCycleTimeSum = 64.46212267875671; SleepCycleTimeAvg = 4.958624821442824; SleepCycleTimeStd = 0.2314480782981439; SleepCycleTimeMax = 5.245121002197266; EventCycleTimeCount = 13.0; EventCycleTimeAvg = 0.01960602173438439; ]
07/16/20 09:27:26 600 seconds since last log event
07/16/20 09:27:26 Pending DAG nodes:
07/16/20 09:27:26   Node Thumbs_up_ID0000001, HTCondor ID 46, status STATUS_SUBMITTED
07/16/20 09:28:12 Received SIGUSR1
07/16/20 09:28:12 Aborting DAG...
07/16/20 09:28:12 Writing Rescue DAG to add_thumbs-0.dag.rescue001...
07/16/20 09:28:12 Removing submitted jobs...
07/16/20 09:28:12 Removing any/all submitted HTCondor jobs...
07/16/20 09:28:12 Running: /usr/bin/condor_rm -const DAGManJobId' '=?=' '43
07/16/20 09:28:12 Note: 0 total job deferrals because of -MaxJobs limit (0)
07/16/20 09:28:12 Note: 0 total job deferrals because of -MaxIdle limit (1000)
07/16/20 09:28:12 Note: 0 total job deferrals because of node category throttles
07/16/20 09:28:12 Note: 0 total PRE script deferrals because of -MaxPre limit (20) or DEFER
07/16/20 09:28:12 Note: 0 total POST script deferrals because of -MaxPost limit (20) or DEFER
07/16/20 09:28:12 DAG status: 4 (DAG_STATUS_RM)
07/16/20 09:28:12 Of 8 nodes total:
07/16/20 09:28:12  Done     Pre   Queued    Post   Ready   Un-Ready   Failed
07/16/20 09:28:12   ===     ===      ===     ===     ===        ===      ===
07/16/20 09:28:12     2       0        1       0       0          5        0
07/16/20 09:28:12 1 job proc(s) currently held
07/16/20 09:28:12 DAGMan Runtime Statistics: [ EventCycleTimeStd = 0.008153181013224682; EventCycleTimeMax = 0.05777716636657715; SubmitCycleTimeMin = 0.0001511573791503906; SubmitCycleTimeAvg = 0.001713946149065778; SleepCycleTimeCount = 142.0; SubmitCycleTimeCount = 143.0; SubmitCycleTimeMax = 0.05395698547363281; SleepCycleTimeMin = 4.223559856414795; SubmitCycleTimeSum = 0.2450942993164062; LogProcessCycleTimeStd = 0.007005755232508763; SubmitCycleTimeStd = 0.006961144793527265; LogProcessCycleTimeAvg = 0.009721687861851283; EventCycleTimeMin = 0.0003600120544433594; LogProcessCycleTimeMax = 0.02503085136413574; LogProcessCycleTimeMin = 0.004975080490112305; LogProcessCycleTimeSum = 0.06805181503295898; LogProcessCycleTimeCount = 7.0; EventCycleTimeSum = 0.4983067512512207; SleepCycleTimeSum = 709.6615233421326; SleepCycleTimeAvg = 4.997616361564313; SleepCycleTimeStd = 0.06985381736589194; SleepCycleTimeMax = 5.245121002197266; EventCycleTimeCount = 143.0; EventCycleTimeAvg = 0.003484662596162382; ]
07/16/20 09:28:12 Wrote metrics file add_thumbs-0.dag.metrics.
07/16/20 09:28:12 Reporting metrics to Pegasus metrics server(s); output is in add_thumbs-0.dag.metrics.out.
07/16/20 09:28:12 Running command </usr/libexec/condor/condor_dagman_metrics_reporter -f add_thumbs-0.dag.metrics -s -t 100>
07/16/20 09:28:12 Warning: mysin has length 0 (ignore if produced by DAGMan; see gittrac #4987, #5031)
07/16/20 09:28:12 DAGMan Runtime Statistics: [ EventCycleTimeStd = 0.008153181013224682; EventCycleTimeMax = 0.05777716636657715; SubmitCycleTimeMin = 0.0001511573791503906; SubmitCycleTimeAvg = 0.001713946149065778; SleepCycleTimeCount = 142.0; SubmitCycleTimeCount = 143.0; SubmitCycleTimeMax = 0.05395698547363281; SleepCycleTimeMin = 4.223559856414795; SubmitCycleTimeSum = 0.2450942993164062; LogProcessCycleTimeStd = 0.007005755232508763; SubmitCycleTimeStd = 0.006961144793527265; LogProcessCycleTimeAvg = 0.009721687861851283; EventCycleTimeMin = 0.0003600120544433594; LogProcessCycleTimeMax = 0.02503085136413574; LogProcessCycleTimeMin = 0.004975080490112305; LogProcessCycleTimeSum = 0.06805181503295898; LogProcessCycleTimeCount = 7.0; EventCycleTimeSum = 0.4983067512512207; SleepCycleTimeSum = 709.6615233421326; SleepCycleTimeAvg = 4.997616361564313; SleepCycleTimeStd = 0.06985381736589194; SleepCycleTimeMax = 5.245121002197266; EventCycleTimeCount = 143.0; EventCycleTimeAvg = 0.003484662596162382; ]
07/16/20 09:28:12 **** condor_scheduniv_exec.43.0 (condor_DAGMAN) pid 71561 EXITING WITH STATUS 2
