2020-07-16 09:16:18,211:INFO:pegasus-monitord(58): pegasus-monitord starting - pid 71562 
2020-07-16 09:16:18,226:INFO:pegasus-monitord(455): Final Command line options are: ['-N', 'add_thumbs-0.dag.dagman.out']
2020-07-16 09:16:18,243:INFO:Pegasus.monitoring.event_output(629): Connecting workflow event sink to sqlite:////home/scitech/shared-data/Workflow/Workflow4/scitech/pegasus/add_thumbs/run0010/add_thumbs-0.stampede.db
Created Pegasus database in: sqlite:////home/scitech/shared-data/Workflow/Workflow4/scitech/pegasus/add_thumbs/run0010/add_thumbs-0.stampede.db
Your database is compatible with Pegasus version: 5.0.0dev
2020-07-16 09:16:18,950:INFO:Pegasus.monitoring.event_output(703): output type=DB namespace=stampede. name=sqlite:////home/scitech/shared-data/Workflow/Workflow4/scitech/pegasus/add_thumbs/run0010/add_thumbs-0.stampede.db
2020-07-16 09:16:18,951:INFO:Pegasus.monitoring.event_output(629): Connecting workflow event sink to sqlite:////home/scitech/.pegasus/workflow.db
Your database is compatible with Pegasus version: 5.0.0dev
2020-07-16 09:16:19,347:INFO:Pegasus.monitoring.event_output(703): output type=DB namespace=dashboard. name=sqlite:////home/scitech/.pegasus/workflow.db
2020-07-16 09:16:19,347:INFO:pegasus-monitord(1247): monitord started in fast start mode
2020-07-16 09:16:19,365:INFO:Pegasus.monitoring.workflow(461): cannot open state file /home/scitech/shared-data/Workflow/Workflow4/scitech/pegasus/add_thumbs/run0010/monitord.info, continuing without state...
2020-07-16 09:16:19,365:INFO:Pegasus.monitoring.workflow(1148): creating new file /home/scitech/shared-data/Workflow/Workflow4/scitech/pegasus/add_thumbs/run0010/jobstate.log
2020-07-16 09:16:19,366:INFO:Pegasus.monitoring.workflow(1158): Appending to existing jobstate.log replay_mode 0 previous_processed_line 0
2020-07-16 09:16:19,367:INFO:Pegasus.monitoring.notifications(474): loading notifications from /home/scitech/shared-data/Workflow/Workflow4/scitech/pegasus/add_thumbs/run0010/add_thumbs-0.notify
2020-07-16 09:16:19,550:INFO:Pegasus.monitoring.workflow(205): Parsing DAG file /home/scitech/shared-data/Workflow/Workflow4/scitech/pegasus/add_thumbs/run0010/add_thumbs-0.dag
2020-07-16 09:16:19,554:INFO:pegasus-monitord(974): Using DAGMan version 8.8.9 80809
2020-07-16 09:16:19,555:INFO:pegasus-monitord(949): DAGMan runs at pid 71561
2020-07-16 09:16:19,557:INFO:pegasus-monitord(955): using dag add_thumbs-0.dag
2020-07-16 09:16:19,558:INFO:Pegasus.monitoring.workflow(811): DAGMan starting with condor id 43.0
2020-07-16 09:28:12,948:WARNING:pegasus-monitord(1029): DAGMan was aborted for workflow running in directory /home/scitech/shared-data/Workflow/Workflow4/scitech/pegasus/add_thumbs/run0010
2020-07-16 09:28:13,922:INFO:pegasus-monitord(927): DAGMan add_thumbs-0.dag finished with exit code 2
2020-07-16 09:28:14,943:INFO:pegasus-monitord(1427): workflow /home/scitech/shared-data/Workflow/Workflow4/scitech/pegasus/add_thumbs/run0010/add_thumbs-0.dag.dagman.out ended
2020-07-16 09:28:14,948:INFO:Pegasus.monitoring.workflow(1377): recovery file deleted: /home/scitech/shared-data/Workflow/Workflow4/scitech/pegasus/add_thumbs/run0010/monitord.recover
2020-07-16 09:28:14,950:INFO:pegasus-monitord(1665): finishing workflow: /home/scitech/shared-data/Workflow/Workflow4/scitech/pegasus/add_thumbs/run0010/add_thumbs-0.dag.dagman.out
2020-07-16 09:28:14,951:INFO:pegasus-monitord(1719): finishing notifications...
2020-07-16 09:28:14,951:INFO:pegasus-monitord(1727): monitord process 71562 exiting with 0
2020-07-16 09:28:14,954:INFO:pegasus-monitord(197): DB flushing beginning
2020-07-16 09:28:14,954:INFO:Pegasus.db.workflow_loader.WorkflowLoader(1244): Executing final flush
2020-07-16 09:28:14,972:INFO:Pegasus.db.dashboard_loader.DashboardLoader(397): Executing final flush
2020-07-16 09:28:14,973:INFO:pegasus-monitord(213): DB flushing ended
