07/15/20 16:22:04 ******************************************************
07/15/20 16:22:04 ** condor_scheduniv_exec.10.0 (CONDOR_DAGMAN) STARTING UP
07/15/20 16:22:04 ** /usr/bin/condor_dagman
07/15/20 16:22:04 ** SubsystemInfo: name=DAGMAN type=DAGMAN(10) class=DAEMON(1)
07/15/20 16:22:04 ** Configuration: subsystem:DAGMAN local:<NONE> class:DAEMON
07/15/20 16:22:04 ** $CondorVersion: 8.8.9 May 06 2020 BuildID: 503068 PackageID: 8.8.9-1 $
07/15/20 16:22:04 ** $CondorPlatform: x86_64_CentOS7 $
07/15/20 16:22:04 ** PID = 25461
07/15/20 16:22:04 ** Log last touched time unavailable (No such file or directory)
07/15/20 16:22:04 ******************************************************
07/15/20 16:22:04 Using config source: /etc/condor/condor_config
07/15/20 16:22:04 Using local config sources: 
07/15/20 16:22:04    /etc/condor/config.d/00-minicondor
07/15/20 16:22:04    /etc/condor/condor_config.local
07/15/20 16:22:04 config Macros = 81, Sorted = 81, StringBytes = 2255, TablesBytes = 2964
07/15/20 16:22:04 CLASSAD_CACHING is ENABLED
07/15/20 16:22:04 Daemon Log is logging: D_ALWAYS D_ERROR
07/15/20 16:22:04 DaemonCore: No command port requested.
07/15/20 16:22:04 DAGMAN_USE_STRICT setting: 1
07/15/20 16:22:04 DAGMAN_VERBOSITY setting: 3
07/15/20 16:22:04 DAGMAN_DEBUG_CACHE_SIZE setting: 5242880
07/15/20 16:22:04 DAGMAN_DEBUG_CACHE_ENABLE setting: False
07/15/20 16:22:04 DAGMAN_SUBMIT_DELAY setting: 0
07/15/20 16:22:04 DAGMAN_MAX_SUBMIT_ATTEMPTS setting: 6
07/15/20 16:22:04 DAGMAN_STARTUP_CYCLE_DETECT setting: False
07/15/20 16:22:04 DAGMAN_MAX_SUBMITS_PER_INTERVAL setting: 100
07/15/20 16:22:04 DAGMAN_AGGRESSIVE_SUBMIT setting: False
07/15/20 16:22:04 DAGMAN_USER_LOG_SCAN_INTERVAL setting: 5
07/15/20 16:22:04 DAGMAN_QUEUE_UPDATE_INTERVAL setting: 300
07/15/20 16:22:04 DAGMAN_DEFAULT_PRIORITY setting: 0
07/15/20 16:22:04 DAGMAN_SUPPRESS_NOTIFICATION setting: True
07/15/20 16:22:04 allow_events (DAGMAN_ALLOW_EVENTS) setting: 114
07/15/20 16:22:04 DAGMAN_RETRY_SUBMIT_FIRST setting: True
07/15/20 16:22:04 DAGMAN_RETRY_NODE_FIRST setting: False
07/15/20 16:22:04 DAGMAN_MAX_JOBS_IDLE setting: 1000
07/15/20 16:22:04 DAGMAN_MAX_JOBS_SUBMITTED setting: 0
07/15/20 16:22:04 DAGMAN_MAX_PRE_SCRIPTS setting: 20
07/15/20 16:22:04 DAGMAN_MAX_POST_SCRIPTS setting: 20
07/15/20 16:22:04 DAGMAN_MUNGE_NODE_NAMES setting: True
07/15/20 16:22:04 DAGMAN_PROHIBIT_MULTI_JOBS setting: False
07/15/20 16:22:04 DAGMAN_SUBMIT_DEPTH_FIRST setting: False
07/15/20 16:22:04 DAGMAN_ALWAYS_RUN_POST setting: False
07/15/20 16:22:04 DAGMAN_CONDOR_SUBMIT_EXE setting: /usr/bin/condor_submit
07/15/20 16:22:04 DAGMAN_USE_CONDOR_SUBMIT setting: True
07/15/20 16:22:04 DAGMAN_ABORT_DUPLICATES setting: True
07/15/20 16:22:04 DAGMAN_ABORT_ON_SCARY_SUBMIT setting: True
07/15/20 16:22:04 DAGMAN_PENDING_REPORT_INTERVAL setting: 600
07/15/20 16:22:04 DAGMAN_AUTO_RESCUE setting: True
07/15/20 16:22:04 DAGMAN_MAX_RESCUE_NUM setting: 100
07/15/20 16:22:04 DAGMAN_WRITE_PARTIAL_RESCUE setting: True
07/15/20 16:22:04 DAGMAN_DEFAULT_NODE_LOG setting: @(DAG_DIR)/@(DAG_FILE).nodes.log
07/15/20 16:22:04 DAGMAN_GENERATE_SUBDAG_SUBMITS setting: True
07/15/20 16:22:04 DAGMAN_MAX_JOB_HOLDS setting: 100
07/15/20 16:22:04 DAGMAN_HOLD_CLAIM_TIME setting: 20
07/15/20 16:22:04 ALL_DEBUG setting: 
07/15/20 16:22:04 DAGMAN_DEBUG setting: 
07/15/20 16:22:04 DAGMAN_SUPPRESS_JOB_LOGS setting: False
07/15/20 16:22:04 DAGMAN_REMOVE_NODE_JOBS setting: True
07/15/20 16:22:04 argv[0] == "condor_scheduniv_exec.10.0"
07/15/20 16:22:04 argv[1] == "-Lockfile"
07/15/20 16:22:04 argv[2] == "add_thumbs-0.dag.lock"
07/15/20 16:22:04 argv[3] == "-AutoRescue"
07/15/20 16:22:04 argv[4] == "1"
07/15/20 16:22:04 argv[5] == "-DoRescueFrom"
07/15/20 16:22:04 argv[6] == "0"
07/15/20 16:22:04 argv[7] == "-Dag"
07/15/20 16:22:04 argv[8] == "add_thumbs-0.dag"
07/15/20 16:22:04 argv[9] == "-MaxPost"
07/15/20 16:22:04 argv[10] == "20"
07/15/20 16:22:04 argv[11] == "-Suppress_notification"
07/15/20 16:22:04 argv[12] == "-CsdVersion"
07/15/20 16:22:04 argv[13] == "$CondorVersion: 8.8.9 May 06 2020 BuildID: 503068 PackageID: 8.8.9-1 $"
07/15/20 16:22:04 argv[14] == "-Dagman"
07/15/20 16:22:04 argv[15] == "/bin/condor_dagman"
07/15/20 16:22:04 Workflow batch-name: <add_thumbs-0.dag+10>
07/15/20 16:22:04 Workflow accounting_group: <>
07/15/20 16:22:04 Workflow accounting_group_user: <>
07/15/20 16:22:04 Warning: failed to get attribute DAGNodeName
07/15/20 16:22:04 DAGMAN_LOG_ON_NFS_IS_ERROR setting: False
07/15/20 16:22:04 Default node log file is: </home/scitech/shared-data/Workflow/Workflow4/scitech/pegasus/add_thumbs/run0001/./add_thumbs-0.dag.nodes.log>
07/15/20 16:22:04 DAG Lockfile will be written to add_thumbs-0.dag.lock
07/15/20 16:22:04 DAG Input file is add_thumbs-0.dag
07/15/20 16:22:04 Parsing 1 dagfiles
07/15/20 16:22:04 Parsing add_thumbs-0.dag ...
07/15/20 16:22:04 Warning:  could not open Pegasus braindump file braindump.txt
07/15/20 16:22:04 Dag contains 8 total jobs
07/15/20 16:22:04 Sleeping for 3 seconds to ensure ProcessId uniqueness
07/15/20 16:22:07 Bootstrapping...
07/15/20 16:22:07 Number of pre-completed nodes: 0
07/15/20 16:22:07 MultiLogFiles: truncating log file /home/scitech/shared-data/Workflow/Workflow4/scitech/pegasus/add_thumbs/run0001/./add_thumbs-0.dag.nodes.log
07/15/20 16:22:07 DAG status: 0 (DAG_STATUS_OK)
07/15/20 16:22:07 Of 8 nodes total:
07/15/20 16:22:07  Done     Pre   Queued    Post   Ready   Un-Ready   Failed
07/15/20 16:22:07   ===     ===      ===     ===     ===        ===      ===
07/15/20 16:22:07     0       0        0       0       1          7        0
07/15/20 16:22:07 0 job proc(s) currently held
07/15/20 16:22:07 DAGMan Runtime Statistics: [ EventCycleTimeSum = 0.0; EventCycleTimeCount = 0.0; SleepCycleTimeCount = 0.0; SubmitCycleTimeSum = 0.0; SubmitCycleTimeCount = 0.0; LogProcessCycleTimeSum = 0.0; SleepCycleTimeSum = 0.0; LogProcessCycleTimeCount = 0.0; ]
07/15/20 16:22:07 Registering condor_event_timer...
07/15/20 16:22:08 Submitting HTCondor Node create_dir_add_thumbs_0_local job(s)...
07/15/20 16:22:08 Adding a DAGMan workflow log /home/scitech/shared-data/Workflow/Workflow4/scitech/pegasus/add_thumbs/run0001/./add_thumbs-0.dag.nodes.log
07/15/20 16:22:08 Masking the events recorded in the DAGMAN workflow log
07/15/20 16:22:08 Mask for workflow log is 0,1,2,4,5,7,9,10,11,12,13,16,17,24,27,35,36
07/15/20 16:22:08 submitting: /usr/bin/condor_submit -a dag_node_name' '=' 'create_dir_add_thumbs_0_local -a +DAGManJobId' '=' '10 -a DAGManJobId' '=' '10 -batch-name add_thumbs-0.dag+10 -a submit_event_notes' '=' 'DAG' 'Node:' 'create_dir_add_thumbs_0_local -a dagman_log' '=' '/home/scitech/shared-data/Workflow/Workflow4/scitech/pegasus/add_thumbs/run0001/./add_thumbs-0.dag.nodes.log -a +DAGManNodesMask' '=' '"0,1,2,4,5,7,9,10,11,12,13,16,17,24,27,35,36" -a priority=800 -a +DAGNodeRetry' '=' '0 -a DAG_STATUS' '=' '0 -a FAILED_COUNT' '=' '0 -a +KeepClaimIdle' '=' '20 -a notification' '=' 'never -a +DAGParentNodeNames' '=' '"" 00/00/create_dir_add_thumbs_0_local.sub
07/15/20 16:22:08 From submit: Submitting job(s).
07/15/20 16:22:08 From submit: 1 job(s) submitted to cluster 11.
07/15/20 16:22:08 	assigned HTCondor ID (11.0.0)
07/15/20 16:22:08 Just submitted 1 job this cycle...
07/15/20 16:22:08 DAG status: 0 (DAG_STATUS_OK)
07/15/20 16:22:08 Of 8 nodes total:
07/15/20 16:22:08  Done     Pre   Queued    Post   Ready   Un-Ready   Failed
07/15/20 16:22:08   ===     ===      ===     ===     ===        ===      ===
07/15/20 16:22:08     0       0        1       0       0          7        0
07/15/20 16:22:08 0 job proc(s) currently held
07/15/20 16:22:08 DAGMan Runtime Statistics: [ EventCycleTimeCount = 0.0; EventCycleTimeSum = 0.0; LogProcessCycleTimeCount = 0.0; SleepCycleTimeSum = 0.0; LogProcessCycleTimeSum = 0.0; SubmitCycleTimeCount = 1.0; SubmitCycleTimeMax = 0.04716801643371582; SubmitCycleTimeMin = 0.04716801643371582; SubmitCycleTimeAvg = 0.04716801643371582; SubmitCycleTimeStd = 0.04716801643371582; SubmitCycleTimeSum = 0.04716801643371582; SleepCycleTimeCount = 0.0; ]
07/15/20 16:22:13 Currently monitoring 1 HTCondor log file(s)
07/15/20 16:22:13 Reassigning the id of job create_dir_add_thumbs_0_local from (11.0.0) to (11.0.0)
07/15/20 16:22:13 Event: ULOG_SUBMIT for HTCondor Node create_dir_add_thumbs_0_local (11.0.0) {07/15/20 16:22:08}
07/15/20 16:22:13 Number of idle job procs: 1
07/15/20 16:22:13 Event: ULOG_EXECUTE for HTCondor Node create_dir_add_thumbs_0_local (11.0.0) {07/15/20 16:22:09}
07/15/20 16:22:13 Number of idle job procs: 0
07/15/20 16:22:13 Event: ULOG_JOB_TERMINATED for HTCondor Node create_dir_add_thumbs_0_local (11.0.0) {07/15/20 16:22:12}
07/15/20 16:22:13 Number of idle job procs: 0
07/15/20 16:22:13 Node create_dir_add_thumbs_0_local job proc (11.0.0) completed successfully.
07/15/20 16:22:13 Node create_dir_add_thumbs_0_local job completed
07/15/20 16:22:13 Running POST script of Node create_dir_add_thumbs_0_local...
07/15/20 16:22:13 Warning: mysin has length 0 (ignore if produced by DAGMan; see gittrac #4987, #5031)
07/15/20 16:22:13 DAG status: 0 (DAG_STATUS_OK)
07/15/20 16:22:13 Of 8 nodes total:
07/15/20 16:22:13  Done     Pre   Queued    Post   Ready   Un-Ready   Failed
07/15/20 16:22:13   ===     ===      ===     ===     ===        ===      ===
07/15/20 16:22:13     0       0        0       1       0          7        0
07/15/20 16:22:13 0 job proc(s) currently held
07/15/20 16:22:13 DAGMan Runtime Statistics: [ EventCycleTimeStd = 0.05223703384399414; EventCycleTimeMax = 0.05223703384399414; SubmitCycleTimeMin = 0.0009698867797851562; SubmitCycleTimeAvg = 0.02406895160675049; SleepCycleTimeCount = 1.0; SubmitCycleTimeCount = 2.0; SubmitCycleTimeMax = 0.04716801643371582; SleepCycleTimeMin = 5.005754947662354; SubmitCycleTimeSum = 0.04813790321350098; LogProcessCycleTimeStd = 0.02197003364562988; SubmitCycleTimeStd = 0.0326670107564297; LogProcessCycleTimeAvg = 0.02197003364562988; EventCycleTimeMin = 0.05223703384399414; LogProcessCycleTimeMax = 0.02197003364562988; LogProcessCycleTimeMin = 0.02197003364562988; LogProcessCycleTimeSum = 0.02197003364562988; LogProcessCycleTimeCount = 1.0; EventCycleTimeSum = 0.05223703384399414; SleepCycleTimeSum = 5.005754947662354; SleepCycleTimeAvg = 5.005754947662354; SleepCycleTimeStd = 5.005754947662354; SleepCycleTimeMax = 5.005754947662354; EventCycleTimeCount = 1.0; EventCycleTimeAvg = 0.05223703384399414; ]
07/15/20 16:22:14 Initializing user log writer for /home/scitech/shared-data/Workflow/Workflow4/scitech/pegasus/add_thumbs/run0001/./add_thumbs-0.dag.nodes.log, (11.0.0)
07/15/20 16:22:18 Currently monitoring 1 HTCondor log file(s)
07/15/20 16:22:18 Event: ULOG_POST_SCRIPT_TERMINATED for HTCondor Node create_dir_add_thumbs_0_local (11.0.0) {07/15/20 16:22:14}
07/15/20 16:22:18 POST Script of node create_dir_add_thumbs_0_local completed successfully.
07/15/20 16:22:18 DAG status: 0 (DAG_STATUS_OK)
07/15/20 16:22:18 Of 8 nodes total:
07/15/20 16:22:18  Done     Pre   Queued    Post   Ready   Un-Ready   Failed
07/15/20 16:22:18   ===     ===      ===     ===     ===        ===      ===
07/15/20 16:22:18     1       0        0       0       1          6        0
07/15/20 16:22:18 0 job proc(s) currently held
07/15/20 16:22:18 DAGMan Runtime Statistics: [ EventCycleTimeStd = 0.01505569722506157; EventCycleTimeMax = 0.05223703384399414; SubmitCycleTimeMin = 0.0007359981536865234; SubmitCycleTimeAvg = 0.01629130045572917; SleepCycleTimeCount = 2.0; SubmitCycleTimeCount = 3.0; SubmitCycleTimeMax = 0.04716801643371582; SleepCycleTimeMin = 4.226139068603516; SubmitCycleTimeSum = 0.0488739013671875; LogProcessCycleTimeStd = 0.01142483051954507; SubmitCycleTimeStd = 0.02674027614220348; LogProcessCycleTimeAvg = 0.01389145851135254; EventCycleTimeMin = 0.0309450626373291; LogProcessCycleTimeMax = 0.02197003364562988; LogProcessCycleTimeMin = 0.005812883377075195; LogProcessCycleTimeSum = 0.02778291702270508; LogProcessCycleTimeCount = 2.0; EventCycleTimeSum = 0.08318209648132324; SleepCycleTimeSum = 9.231894016265869; SleepCycleTimeAvg = 4.615947008132935; SleepCycleTimeStd = 0.5512716748032156; SleepCycleTimeMax = 5.005754947662354; EventCycleTimeCount = 2.0; EventCycleTimeAvg = 0.04159104824066162; ]
07/15/20 16:22:23 Submitting HTCondor Node stage_in_local_local_0_0 job(s)...
07/15/20 16:22:23 Adding a DAGMan workflow log /home/scitech/shared-data/Workflow/Workflow4/scitech/pegasus/add_thumbs/run0001/./add_thumbs-0.dag.nodes.log
07/15/20 16:22:23 Masking the events recorded in the DAGMAN workflow log
07/15/20 16:22:23 Mask for workflow log is 0,1,2,4,5,7,9,10,11,12,13,16,17,24,27,35,36
07/15/20 16:22:23 submitting: /usr/bin/condor_submit -a dag_node_name' '=' 'stage_in_local_local_0_0 -a +DAGManJobId' '=' '10 -a DAGManJobId' '=' '10 -batch-name add_thumbs-0.dag+10 -a submit_event_notes' '=' 'DAG' 'Node:' 'stage_in_local_local_0_0 -a dagman_log' '=' '/home/scitech/shared-data/Workflow/Workflow4/scitech/pegasus/add_thumbs/run0001/./add_thumbs-0.dag.nodes.log -a +DAGManNodesMask' '=' '"0,1,2,4,5,7,9,10,11,12,13,16,17,24,27,35,36" -a priority=700 -a +DAGNodeRetry' '=' '0 -a DAG_STATUS' '=' '0 -a FAILED_COUNT' '=' '0 -a +KeepClaimIdle' '=' '20 -a notification' '=' 'never -a +DAGParentNodeNames' '=' '"create_dir_add_thumbs_0_local" 00/00/stage_in_local_local_0_0.sub
07/15/20 16:22:23 From submit: Submitting job(s).
07/15/20 16:22:23 From submit: 1 job(s) submitted to cluster 12.
07/15/20 16:22:23 	assigned HTCondor ID (12.0.0)
07/15/20 16:22:23 Just submitted 1 job this cycle...
07/15/20 16:22:23 DAG status: 0 (DAG_STATUS_OK)
07/15/20 16:22:23 Of 8 nodes total:
07/15/20 16:22:23  Done     Pre   Queued    Post   Ready   Un-Ready   Failed
07/15/20 16:22:23   ===     ===      ===     ===     ===        ===      ===
07/15/20 16:22:23     1       0        1       0       0          6        0
07/15/20 16:22:23 0 job proc(s) currently held
07/15/20 16:22:23 DAGMan Runtime Statistics: [ EventCycleTimeStd = 0.01962193261791575; EventCycleTimeMax = 0.05223703384399414; SubmitCycleTimeMin = 0.0007359981536865234; SubmitCycleTimeAvg = 0.02467119693756104; SleepCycleTimeCount = 3.0; SubmitCycleTimeCount = 4.0; SubmitCycleTimeMax = 0.04981088638305664; SleepCycleTimeMin = 4.226139068603516; SubmitCycleTimeSum = 0.09868478775024414; LogProcessCycleTimeStd = 0.01142483051954507; SubmitCycleTimeStd = 0.02752427242076353; LogProcessCycleTimeAvg = 0.01389145851135254; EventCycleTimeMin = 0.01304197311401367; LogProcessCycleTimeMax = 0.02197003364562988; LogProcessCycleTimeMin = 0.005812883377075195; LogProcessCycleTimeSum = 0.02778291702270508; LogProcessCycleTimeCount = 2.0; EventCycleTimeSum = 0.09622406959533691; SleepCycleTimeSum = 14.24344086647034; SleepCycleTimeAvg = 4.747813622156779; SleepCycleTimeStd = 0.4517926973762492; SleepCycleTimeMax = 5.011546850204468; EventCycleTimeCount = 3.0; EventCycleTimeAvg = 0.0320746898651123; ]
07/15/20 16:22:28 Currently monitoring 1 HTCondor log file(s)
07/15/20 16:22:28 Reassigning the id of job stage_in_local_local_0_0 from (12.0.0) to (12.0.0)
07/15/20 16:22:28 Event: ULOG_SUBMIT for HTCondor Node stage_in_local_local_0_0 (12.0.0) {07/15/20 16:22:23}
07/15/20 16:22:28 Number of idle job procs: 1
07/15/20 16:22:28 Event: ULOG_EXECUTE for HTCondor Node stage_in_local_local_0_0 (12.0.0) {07/15/20 16:22:26}
07/15/20 16:22:28 Number of idle job procs: 0
07/15/20 18:00:42 ******************************************************
07/15/20 18:00:42 ** condor_scheduniv_exec.10.0 (CONDOR_DAGMAN) STARTING UP
07/15/20 18:00:42 ** /usr/bin/condor_dagman
07/15/20 18:00:42 ** SubsystemInfo: name=DAGMAN type=DAGMAN(10) class=DAEMON(1)
07/15/20 18:00:42 ** Configuration: subsystem:DAGMAN local:<NONE> class:DAEMON
07/15/20 18:00:42 ** $CondorVersion: 8.8.9 May 06 2020 BuildID: 503068 PackageID: 8.8.9-1 $
07/15/20 18:00:42 ** $CondorPlatform: x86_64_CentOS7 $
07/15/20 18:00:42 ** PID = 27034
07/15/20 18:00:42 ** Log last touched 7/15 16:25:07
07/15/20 18:00:42 ******************************************************
07/15/20 18:00:42 Using config source: /etc/condor/condor_config
07/15/20 18:00:42 Using local config sources: 
07/15/20 18:00:42    /etc/condor/config.d/00-minicondor
07/15/20 18:00:42    /etc/condor/condor_config.local
07/15/20 18:00:42 config Macros = 81, Sorted = 81, StringBytes = 2255, TablesBytes = 2964
07/15/20 18:00:42 CLASSAD_CACHING is ENABLED
07/15/20 18:00:42 Daemon Log is logging: D_ALWAYS D_ERROR
07/15/20 18:00:42 DaemonCore: No command port requested.
07/15/20 18:00:42 DAGMAN_USE_STRICT setting: 1
07/15/20 18:00:42 DAGMAN_VERBOSITY setting: 3
07/15/20 18:00:42 DAGMAN_DEBUG_CACHE_SIZE setting: 5242880
07/15/20 18:00:42 DAGMAN_DEBUG_CACHE_ENABLE setting: False
07/15/20 18:00:42 DAGMAN_SUBMIT_DELAY setting: 0
07/15/20 18:00:42 DAGMAN_MAX_SUBMIT_ATTEMPTS setting: 6
07/15/20 18:00:42 DAGMAN_STARTUP_CYCLE_DETECT setting: False
07/15/20 18:00:42 DAGMAN_MAX_SUBMITS_PER_INTERVAL setting: 100
07/15/20 18:00:42 DAGMAN_AGGRESSIVE_SUBMIT setting: False
07/15/20 18:00:42 DAGMAN_USER_LOG_SCAN_INTERVAL setting: 5
07/15/20 18:00:42 DAGMAN_QUEUE_UPDATE_INTERVAL setting: 300
07/15/20 18:00:42 DAGMAN_DEFAULT_PRIORITY setting: 0
07/15/20 18:00:42 DAGMAN_SUPPRESS_NOTIFICATION setting: True
07/15/20 18:00:42 allow_events (DAGMAN_ALLOW_EVENTS) setting: 114
07/15/20 18:00:42 DAGMAN_RETRY_SUBMIT_FIRST setting: True
07/15/20 18:00:42 DAGMAN_RETRY_NODE_FIRST setting: False
07/15/20 18:00:42 DAGMAN_MAX_JOBS_IDLE setting: 1000
07/15/20 18:00:42 DAGMAN_MAX_JOBS_SUBMITTED setting: 0
07/15/20 18:00:42 DAGMAN_MAX_PRE_SCRIPTS setting: 20
07/15/20 18:00:42 DAGMAN_MAX_POST_SCRIPTS setting: 20
07/15/20 18:00:42 DAGMAN_MUNGE_NODE_NAMES setting: True
07/15/20 18:00:42 DAGMAN_PROHIBIT_MULTI_JOBS setting: False
07/15/20 18:00:42 DAGMAN_SUBMIT_DEPTH_FIRST setting: False
07/15/20 18:00:42 DAGMAN_ALWAYS_RUN_POST setting: False
07/15/20 18:00:42 DAGMAN_CONDOR_SUBMIT_EXE setting: /usr/bin/condor_submit
07/15/20 18:00:42 DAGMAN_USE_CONDOR_SUBMIT setting: True
07/15/20 18:00:42 DAGMAN_ABORT_DUPLICATES setting: True
07/15/20 18:00:42 DAGMAN_ABORT_ON_SCARY_SUBMIT setting: True
07/15/20 18:00:42 DAGMAN_PENDING_REPORT_INTERVAL setting: 600
07/15/20 18:00:42 DAGMAN_AUTO_RESCUE setting: True
07/15/20 18:00:42 DAGMAN_MAX_RESCUE_NUM setting: 100
07/15/20 18:00:42 DAGMAN_WRITE_PARTIAL_RESCUE setting: True
07/15/20 18:00:42 DAGMAN_DEFAULT_NODE_LOG setting: @(DAG_DIR)/@(DAG_FILE).nodes.log
07/15/20 18:00:42 DAGMAN_GENERATE_SUBDAG_SUBMITS setting: True
07/15/20 18:00:42 DAGMAN_MAX_JOB_HOLDS setting: 100
07/15/20 18:00:42 DAGMAN_HOLD_CLAIM_TIME setting: 20
07/15/20 18:00:42 ALL_DEBUG setting: 
07/15/20 18:00:42 DAGMAN_DEBUG setting: 
07/15/20 18:00:42 DAGMAN_SUPPRESS_JOB_LOGS setting: False
07/15/20 18:00:42 DAGMAN_REMOVE_NODE_JOBS setting: True
07/15/20 18:00:42 argv[0] == "condor_scheduniv_exec.10.0"
07/15/20 18:00:42 argv[1] == "-Lockfile"
07/15/20 18:00:42 argv[2] == "add_thumbs-0.dag.lock"
07/15/20 18:00:42 argv[3] == "-AutoRescue"
07/15/20 18:00:42 argv[4] == "1"
07/15/20 18:00:42 argv[5] == "-DoRescueFrom"
07/15/20 18:00:42 argv[6] == "0"
07/15/20 18:00:42 argv[7] == "-Dag"
07/15/20 18:00:42 argv[8] == "add_thumbs-0.dag"
07/15/20 18:00:42 argv[9] == "-MaxPost"
07/15/20 18:00:42 argv[10] == "20"
07/15/20 18:00:42 argv[11] == "-Suppress_notification"
07/15/20 18:00:42 argv[12] == "-CsdVersion"
07/15/20 18:00:42 argv[13] == "$CondorVersion: 8.8.9 May 06 2020 BuildID: 503068 PackageID: 8.8.9-1 $"
07/15/20 18:00:42 argv[14] == "-Dagman"
07/15/20 18:00:42 argv[15] == "/bin/condor_dagman"
07/15/20 18:00:42 Workflow batch-name: <add_thumbs-0.dag+10>
07/15/20 18:00:42 Workflow accounting_group: <>
07/15/20 18:00:42 Workflow accounting_group_user: <>
07/15/20 18:00:42 Warning: failed to get attribute DAGNodeName
07/15/20 18:00:42 DAGMAN_LOG_ON_NFS_IS_ERROR setting: False
07/15/20 18:00:42 Default node log file is: </home/scitech/shared-data/Workflow/Workflow4/scitech/pegasus/add_thumbs/run0001/./add_thumbs-0.dag.nodes.log>
07/15/20 18:00:42 DAG Lockfile will be written to add_thumbs-0.dag.lock
07/15/20 18:00:42 DAG Input file is add_thumbs-0.dag
07/15/20 18:00:42 Parsing 1 dagfiles
07/15/20 18:00:42 Parsing add_thumbs-0.dag ...
07/15/20 18:00:42 Warning:  could not open Pegasus braindump file braindump.txt
07/15/20 18:00:42 Dag contains 8 total jobs
07/15/20 18:00:42 Lock file add_thumbs-0.dag.lock detected, 
07/15/20 18:00:42 Duplicate DAGMan PID 25461 is alive; this DAGMan should abort.
07/15/20 18:00:42 Aborting because it looks like another instance of DAGMan is currently running on this DAG; if that is not the case, delete the lock file (add_thumbs-0.dag.lock) and re-submit the DAG.
07/15/20 18:00:42 **** condor_scheduniv_exec.10.0 (condor_DAGMAN) pid 27034 EXITING WITH STATUS 1
