07/30/20 08:42:22 ******************************************************
07/30/20 08:42:22 ** condor_scheduniv_exec.23.0 (CONDOR_DAGMAN) STARTING UP
07/30/20 08:42:22 ** /usr/bin/condor_dagman
07/30/20 08:42:22 ** SubsystemInfo: name=DAGMAN type=DAGMAN(10) class=DAEMON(1)
07/30/20 08:42:22 ** Configuration: subsystem:DAGMAN local:<NONE> class:DAEMON
07/30/20 08:42:22 ** $CondorVersion: 8.8.9 May 06 2020 BuildID: 503068 PackageID: 8.8.9-1 $
07/30/20 08:42:22 ** $CondorPlatform: x86_64_CentOS7 $
07/30/20 08:42:22 ** PID = 26292
07/30/20 08:42:22 ** Log last touched time unavailable (No such file or directory)
07/30/20 08:42:22 ******************************************************
07/30/20 08:42:22 Using config source: /etc/condor/condor_config
07/30/20 08:42:22 Using local config sources: 
07/30/20 08:42:22    /etc/condor/config.d/00-minicondor
07/30/20 08:42:22    /etc/condor/condor_config.local
07/30/20 08:42:22 config Macros = 81, Sorted = 81, StringBytes = 2250, TablesBytes = 2964
07/30/20 08:42:22 CLASSAD_CACHING is ENABLED
07/30/20 08:42:22 Daemon Log is logging: D_ALWAYS D_ERROR
07/30/20 08:42:22 DaemonCore: No command port requested.
07/30/20 08:42:22 DAGMAN_USE_STRICT setting: 1
07/30/20 08:42:22 DAGMAN_VERBOSITY setting: 3
07/30/20 08:42:22 DAGMAN_DEBUG_CACHE_SIZE setting: 5242880
07/30/20 08:42:22 DAGMAN_DEBUG_CACHE_ENABLE setting: False
07/30/20 08:42:22 DAGMAN_SUBMIT_DELAY setting: 0
07/30/20 08:42:22 DAGMAN_MAX_SUBMIT_ATTEMPTS setting: 6
07/30/20 08:42:22 DAGMAN_STARTUP_CYCLE_DETECT setting: False
07/30/20 08:42:22 DAGMAN_MAX_SUBMITS_PER_INTERVAL setting: 100
07/30/20 08:42:22 DAGMAN_AGGRESSIVE_SUBMIT setting: False
07/30/20 08:42:22 DAGMAN_USER_LOG_SCAN_INTERVAL setting: 5
07/30/20 08:42:22 DAGMAN_QUEUE_UPDATE_INTERVAL setting: 300
07/30/20 08:42:22 DAGMAN_DEFAULT_PRIORITY setting: 0
07/30/20 08:42:22 DAGMAN_SUPPRESS_NOTIFICATION setting: True
07/30/20 08:42:22 allow_events (DAGMAN_ALLOW_EVENTS) setting: 114
07/30/20 08:42:22 DAGMAN_RETRY_SUBMIT_FIRST setting: True
07/30/20 08:42:22 DAGMAN_RETRY_NODE_FIRST setting: False
07/30/20 08:42:22 DAGMAN_MAX_JOBS_IDLE setting: 1000
07/30/20 08:42:22 DAGMAN_MAX_JOBS_SUBMITTED setting: 0
07/30/20 08:42:22 DAGMAN_MAX_PRE_SCRIPTS setting: 20
07/30/20 08:42:22 DAGMAN_MAX_POST_SCRIPTS setting: 20
07/30/20 08:42:22 DAGMAN_MUNGE_NODE_NAMES setting: True
07/30/20 08:42:22 DAGMAN_PROHIBIT_MULTI_JOBS setting: False
07/30/20 08:42:22 DAGMAN_SUBMIT_DEPTH_FIRST setting: False
07/30/20 08:42:22 DAGMAN_ALWAYS_RUN_POST setting: False
07/30/20 08:42:22 DAGMAN_CONDOR_SUBMIT_EXE setting: /usr/bin/condor_submit
07/30/20 08:42:22 DAGMAN_USE_CONDOR_SUBMIT setting: True
07/30/20 08:42:22 DAGMAN_ABORT_DUPLICATES setting: True
07/30/20 08:42:22 DAGMAN_ABORT_ON_SCARY_SUBMIT setting: True
07/30/20 08:42:22 DAGMAN_PENDING_REPORT_INTERVAL setting: 600
07/30/20 08:42:22 DAGMAN_AUTO_RESCUE setting: True
07/30/20 08:42:22 DAGMAN_MAX_RESCUE_NUM setting: 100
07/30/20 08:42:22 DAGMAN_WRITE_PARTIAL_RESCUE setting: True
07/30/20 08:42:22 DAGMAN_DEFAULT_NODE_LOG setting: @(DAG_DIR)/@(DAG_FILE).nodes.log
07/30/20 08:42:22 DAGMAN_GENERATE_SUBDAG_SUBMITS setting: True
07/30/20 08:42:22 DAGMAN_MAX_JOB_HOLDS setting: 100
07/30/20 08:42:22 DAGMAN_HOLD_CLAIM_TIME setting: 20
07/30/20 08:42:22 ALL_DEBUG setting: 
07/30/20 08:42:22 DAGMAN_DEBUG setting: 
07/30/20 08:42:22 DAGMAN_SUPPRESS_JOB_LOGS setting: False
07/30/20 08:42:22 DAGMAN_REMOVE_NODE_JOBS setting: True
07/30/20 08:42:22 argv[0] == "condor_scheduniv_exec.23.0"
07/30/20 08:42:22 argv[1] == "-Lockfile"
07/30/20 08:42:22 argv[2] == "Cats_and_Dogs-0.dag.lock"
07/30/20 08:42:22 argv[3] == "-AutoRescue"
07/30/20 08:42:22 argv[4] == "1"
07/30/20 08:42:22 argv[5] == "-DoRescueFrom"
07/30/20 08:42:22 argv[6] == "0"
07/30/20 08:42:22 argv[7] == "-Dag"
07/30/20 08:42:22 argv[8] == "Cats_and_Dogs-0.dag"
07/30/20 08:42:22 argv[9] == "-MaxPost"
07/30/20 08:42:22 argv[10] == "20"
07/30/20 08:42:22 argv[11] == "-Suppress_notification"
07/30/20 08:42:22 argv[12] == "-CsdVersion"
07/30/20 08:42:22 argv[13] == "$CondorVersion: 8.8.9 May 06 2020 BuildID: 503068 PackageID: 8.8.9-1 $"
07/30/20 08:42:22 argv[14] == "-Dagman"
07/30/20 08:42:22 argv[15] == "/bin/condor_dagman"
07/30/20 08:42:22 Workflow batch-name: <Cats_and_Dogs-0.dag+23>
07/30/20 08:42:22 Workflow accounting_group: <>
07/30/20 08:42:22 Workflow accounting_group_user: <>
07/30/20 08:42:22 Warning: failed to get attribute DAGNodeName
07/30/20 08:42:22 DAGMAN_LOG_ON_NFS_IS_ERROR setting: False
07/30/20 08:42:22 Default node log file is: </home/scitech/shared-data/CatsAndDogs/scitech/pegasus/Cats_and_Dogs/run0005/./Cats_and_Dogs-0.dag.nodes.log>
07/30/20 08:42:22 DAG Lockfile will be written to Cats_and_Dogs-0.dag.lock
07/30/20 08:42:22 DAG Input file is Cats_and_Dogs-0.dag
07/30/20 08:42:22 Parsing 1 dagfiles
07/30/20 08:42:22 Parsing Cats_and_Dogs-0.dag ...
07/30/20 08:42:22 Warning:  could not open Pegasus braindump file braindump.txt
07/30/20 08:42:22 Dag contains 9 total jobs
07/30/20 08:42:22 Sleeping for 3 seconds to ensure ProcessId uniqueness
07/30/20 08:42:25 Bootstrapping...
07/30/20 08:42:25 Number of pre-completed nodes: 0
07/30/20 08:42:25 MultiLogFiles: truncating log file /home/scitech/shared-data/CatsAndDogs/scitech/pegasus/Cats_and_Dogs/run0005/./Cats_and_Dogs-0.dag.nodes.log
07/30/20 08:42:25 DAG status: 0 (DAG_STATUS_OK)
07/30/20 08:42:25 Of 9 nodes total:
07/30/20 08:42:25  Done     Pre   Queued    Post   Ready   Un-Ready   Failed
07/30/20 08:42:25   ===     ===      ===     ===     ===        ===      ===
07/30/20 08:42:25     0       0        0       0       1          8        0
07/30/20 08:42:25 0 job proc(s) currently held
07/30/20 08:42:25 DAGMan Runtime Statistics: [ EventCycleTimeSum = 0.0; EventCycleTimeCount = 0.0; SleepCycleTimeCount = 0.0; SubmitCycleTimeSum = 0.0; SubmitCycleTimeCount = 0.0; LogProcessCycleTimeSum = 0.0; SleepCycleTimeSum = 0.0; LogProcessCycleTimeCount = 0.0; ]
07/30/20 08:42:25 Registering condor_event_timer...
07/30/20 08:42:26 Submitting HTCondor Node create_dir_Cats_and_Dogs_0_local job(s)...
07/30/20 08:42:26 Adding a DAGMan workflow log /home/scitech/shared-data/CatsAndDogs/scitech/pegasus/Cats_and_Dogs/run0005/./Cats_and_Dogs-0.dag.nodes.log
07/30/20 08:42:26 Masking the events recorded in the DAGMAN workflow log
07/30/20 08:42:26 Mask for workflow log is 0,1,2,4,5,7,9,10,11,12,13,16,17,24,27,35,36
07/30/20 08:42:26 submitting: /usr/bin/condor_submit -a dag_node_name' '=' 'create_dir_Cats_and_Dogs_0_local -a +DAGManJobId' '=' '23 -a DAGManJobId' '=' '23 -batch-name Cats_and_Dogs-0.dag+23 -a submit_event_notes' '=' 'DAG' 'Node:' 'create_dir_Cats_and_Dogs_0_local -a dagman_log' '=' '/home/scitech/shared-data/CatsAndDogs/scitech/pegasus/Cats_and_Dogs/run0005/./Cats_and_Dogs-0.dag.nodes.log -a +DAGManNodesMask' '=' '"0,1,2,4,5,7,9,10,11,12,13,16,17,24,27,35,36" -a priority=800 -a +DAGNodeRetry' '=' '0 -a DAG_STATUS' '=' '0 -a FAILED_COUNT' '=' '0 -a +KeepClaimIdle' '=' '20 -a notification' '=' 'never -a +DAGParentNodeNames' '=' '"" 00/00/create_dir_Cats_and_Dogs_0_local.sub
07/30/20 08:42:26 From submit: Submitting job(s).
07/30/20 08:42:26 From submit: 1 job(s) submitted to cluster 24.
07/30/20 08:42:26 	assigned HTCondor ID (24.0.0)
07/30/20 08:42:26 Just submitted 1 job this cycle...
07/30/20 08:42:26 DAG status: 0 (DAG_STATUS_OK)
07/30/20 08:42:26 Of 9 nodes total:
07/30/20 08:42:26  Done     Pre   Queued    Post   Ready   Un-Ready   Failed
07/30/20 08:42:26   ===     ===      ===     ===     ===        ===      ===
07/30/20 08:42:26     0       0        1       0       0          8        0
07/30/20 08:42:26 0 job proc(s) currently held
07/30/20 08:42:26 DAGMan Runtime Statistics: [ EventCycleTimeCount = 0.0; EventCycleTimeSum = 0.0; LogProcessCycleTimeCount = 0.0; SleepCycleTimeSum = 0.0; LogProcessCycleTimeSum = 0.0; SubmitCycleTimeCount = 1.0; SubmitCycleTimeMax = 0.0534660816192627; SubmitCycleTimeMin = 0.0534660816192627; SubmitCycleTimeAvg = 0.0534660816192627; SubmitCycleTimeStd = 0.0534660816192627; SubmitCycleTimeSum = 0.0534660816192627; SleepCycleTimeCount = 0.0; ]
07/30/20 08:42:31 Currently monitoring 1 HTCondor log file(s)
07/30/20 08:42:31 Reassigning the id of job create_dir_Cats_and_Dogs_0_local from (24.0.0) to (24.0.0)
07/30/20 08:42:31 Event: ULOG_SUBMIT for HTCondor Node create_dir_Cats_and_Dogs_0_local (24.0.0) {07/30/20 08:42:26}
07/30/20 08:42:31 Number of idle job procs: 1
07/30/20 08:42:31 Event: ULOG_EXECUTE for HTCondor Node create_dir_Cats_and_Dogs_0_local (24.0.0) {07/30/20 08:42:27}
07/30/20 08:42:31 Number of idle job procs: 0
07/30/20 08:42:31 Event: ULOG_JOB_TERMINATED for HTCondor Node create_dir_Cats_and_Dogs_0_local (24.0.0) {07/30/20 08:42:29}
07/30/20 08:42:31 Number of idle job procs: 0
07/30/20 08:42:31 Node create_dir_Cats_and_Dogs_0_local job proc (24.0.0) completed successfully.
07/30/20 08:42:31 Node create_dir_Cats_and_Dogs_0_local job completed
07/30/20 08:42:31 Running POST script of Node create_dir_Cats_and_Dogs_0_local...
07/30/20 08:42:31 Warning: mysin has length 0 (ignore if produced by DAGMan; see gittrac #4987, #5031)
07/30/20 08:42:31 DAG status: 0 (DAG_STATUS_OK)
07/30/20 08:42:31 Of 9 nodes total:
07/30/20 08:42:31  Done     Pre   Queued    Post   Ready   Un-Ready   Failed
07/30/20 08:42:31   ===     ===      ===     ===     ===        ===      ===
07/30/20 08:42:31     0       0        0       1       0          8        0
07/30/20 08:42:31 0 job proc(s) currently held
07/30/20 08:42:31 DAGMan Runtime Statistics: [ EventCycleTimeStd = 0.05946993827819824; EventCycleTimeMax = 0.05946993827819824; SubmitCycleTimeMin = 0.00117802619934082; SubmitCycleTimeAvg = 0.02732205390930176; SleepCycleTimeCount = 1.0; SubmitCycleTimeCount = 2.0; SubmitCycleTimeMax = 0.0534660816192627; SleepCycleTimeMin = 5.007791042327881; SubmitCycleTimeSum = 0.05464410781860352; LogProcessCycleTimeStd = 0.0200951099395752; SubmitCycleTimeStd = 0.03697323856248477; LogProcessCycleTimeAvg = 0.0200951099395752; EventCycleTimeMin = 0.05946993827819824; LogProcessCycleTimeMax = 0.0200951099395752; LogProcessCycleTimeMin = 0.0200951099395752; LogProcessCycleTimeSum = 0.0200951099395752; LogProcessCycleTimeCount = 1.0; EventCycleTimeSum = 0.05946993827819824; SleepCycleTimeSum = 5.007791042327881; SleepCycleTimeAvg = 5.007791042327881; SleepCycleTimeStd = 5.007791042327881; SleepCycleTimeMax = 5.007791042327881; EventCycleTimeCount = 1.0; EventCycleTimeAvg = 0.05946993827819824; ]
07/30/20 08:42:31 Initializing user log writer for /home/scitech/shared-data/CatsAndDogs/scitech/pegasus/Cats_and_Dogs/run0005/./Cats_and_Dogs-0.dag.nodes.log, (24.0.0)
07/30/20 08:42:36 Currently monitoring 1 HTCondor log file(s)
07/30/20 08:42:36 Event: ULOG_POST_SCRIPT_TERMINATED for HTCondor Node create_dir_Cats_and_Dogs_0_local (24.0.0) {07/30/20 08:42:31}
07/30/20 08:42:36 POST Script of node create_dir_Cats_and_Dogs_0_local completed successfully.
07/30/20 08:42:36 DAG status: 0 (DAG_STATUS_OK)
07/30/20 08:42:36 Of 9 nodes total:
07/30/20 08:42:36  Done     Pre   Queued    Post   Ready   Un-Ready   Failed
07/30/20 08:42:36   ===     ===      ===     ===     ===        ===      ===
07/30/20 08:42:36     1       0        0       0       2          6        0
07/30/20 08:42:36 0 job proc(s) currently held
07/30/20 08:42:36 DAGMan Runtime Statistics: [ EventCycleTimeStd = 0.02194367238349995; EventCycleTimeMax = 0.05946993827819824; SubmitCycleTimeMin = 0.00113987922668457; SubmitCycleTimeAvg = 0.01859466234842936; SleepCycleTimeCount = 2.0; SubmitCycleTimeCount = 3.0; SubmitCycleTimeMax = 0.0534660816192627; SleepCycleTimeMin = 5.007791042327881; SubmitCycleTimeSum = 0.05578398704528809; LogProcessCycleTimeStd = 0.006487748684978941; SubmitCycleTimeStd = 0.03019954097779576; LogProcessCycleTimeAvg = 0.01550757884979248; EventCycleTimeMin = 0.02843689918518066; LogProcessCycleTimeMax = 0.0200951099395752; LogProcessCycleTimeMin = 0.01092004776000977; LogProcessCycleTimeSum = 0.03101515769958496; LogProcessCycleTimeCount = 2.0; EventCycleTimeSum = 0.08790683746337891; SleepCycleTimeSum = 10.18850612640381; SleepCycleTimeAvg = 5.094253063201904; SleepCycleTimeStd = 0.1222757625502296; SleepCycleTimeMax = 5.180715084075928; EventCycleTimeCount = 2.0; EventCycleTimeAvg = 0.04395341873168945; ]
07/30/20 08:42:41 Submitting HTCondor Node stage_in_remote_local_0_0 job(s)...
07/30/20 08:42:41 Adding a DAGMan workflow log /home/scitech/shared-data/CatsAndDogs/scitech/pegasus/Cats_and_Dogs/run0005/./Cats_and_Dogs-0.dag.nodes.log
07/30/20 08:42:41 Masking the events recorded in the DAGMAN workflow log
07/30/20 08:42:41 Mask for workflow log is 0,1,2,4,5,7,9,10,11,12,13,16,17,24,27,35,36
07/30/20 08:42:41 submitting: /usr/bin/condor_submit -a dag_node_name' '=' 'stage_in_remote_local_0_0 -a +DAGManJobId' '=' '23 -a DAGManJobId' '=' '23 -batch-name Cats_and_Dogs-0.dag+23 -a submit_event_notes' '=' 'DAG' 'Node:' 'stage_in_remote_local_0_0 -a dagman_log' '=' '/home/scitech/shared-data/CatsAndDogs/scitech/pegasus/Cats_and_Dogs/run0005/./Cats_and_Dogs-0.dag.nodes.log -a +DAGManNodesMask' '=' '"0,1,2,4,5,7,9,10,11,12,13,16,17,24,27,35,36" -a priority=700 -a +DAGNodeRetry' '=' '0 -a DAG_STATUS' '=' '0 -a FAILED_COUNT' '=' '0 -a +KeepClaimIdle' '=' '20 -a notification' '=' 'never -a +DAGParentNodeNames' '=' '"create_dir_Cats_and_Dogs_0_local" 00/00/stage_in_remote_local_0_0.sub
07/30/20 08:42:41 From submit: Submitting job(s).
07/30/20 08:42:41 From submit: 1 job(s) submitted to cluster 25.
07/30/20 08:42:41 	assigned HTCondor ID (25.0.0)
07/30/20 08:42:41 Submitting HTCondor Node stage_in_local_local_0_0 job(s)...
07/30/20 08:42:41 Adding a DAGMan workflow log /home/scitech/shared-data/CatsAndDogs/scitech/pegasus/Cats_and_Dogs/run0005/./Cats_and_Dogs-0.dag.nodes.log
07/30/20 08:42:41 Masking the events recorded in the DAGMAN workflow log
07/30/20 08:42:41 Mask for workflow log is 0,1,2,4,5,7,9,10,11,12,13,16,17,24,27,35,36
07/30/20 08:42:41 submitting: /usr/bin/condor_submit -a dag_node_name' '=' 'stage_in_local_local_0_0 -a +DAGManJobId' '=' '23 -a DAGManJobId' '=' '23 -batch-name Cats_and_Dogs-0.dag+23 -a submit_event_notes' '=' 'DAG' 'Node:' 'stage_in_local_local_0_0 -a dagman_log' '=' '/home/scitech/shared-data/CatsAndDogs/scitech/pegasus/Cats_and_Dogs/run0005/./Cats_and_Dogs-0.dag.nodes.log -a +DAGManNodesMask' '=' '"0,1,2,4,5,7,9,10,11,12,13,16,17,24,27,35,36" -a priority=700 -a +DAGNodeRetry' '=' '0 -a DAG_STATUS' '=' '0 -a FAILED_COUNT' '=' '0 -a +KeepClaimIdle' '=' '20 -a notification' '=' 'never -a +DAGParentNodeNames' '=' '"create_dir_Cats_and_Dogs_0_local" 00/00/stage_in_local_local_0_0.sub
07/30/20 08:42:41 From submit: Submitting job(s).
07/30/20 08:42:41 From submit: 1 job(s) submitted to cluster 26.
07/30/20 08:42:41 	assigned HTCondor ID (26.0.0)
07/30/20 08:42:41 Just submitted 2 jobs this cycle...
07/30/20 08:42:41 DAG status: 0 (DAG_STATUS_OK)
07/30/20 08:42:41 Of 9 nodes total:
07/30/20 08:42:41  Done     Pre   Queued    Post   Ready   Un-Ready   Failed
07/30/20 08:42:41   ===     ===      ===     ===     ===        ===      ===
07/30/20 08:42:41     1       0        2       0       0          6        0
07/30/20 08:42:41 0 job proc(s) currently held
07/30/20 08:42:41 DAGMan Runtime Statistics: [ EventCycleTimeStd = 0.01891907508642171; EventCycleTimeMax = 0.05946993827819824; SubmitCycleTimeMin = 0.00113987922668457; SubmitCycleTimeAvg = 0.03287547826766968; SleepCycleTimeCount = 3.0; SubmitCycleTimeCount = 4.0; SubmitCycleTimeMax = 0.07571792602539062; SleepCycleTimeMin = 5.006963014602661; SubmitCycleTimeSum = 0.1315019130706787; LogProcessCycleTimeStd = 0.006487748684978941; SubmitCycleTimeStd = 0.03773294312387988; LogProcessCycleTimeAvg = 0.01550757884979248; EventCycleTimeMin = 0.02520489692687988; LogProcessCycleTimeMax = 0.0200951099395752; LogProcessCycleTimeMin = 0.01092004776000977; LogProcessCycleTimeSum = 0.03101515769958496; LogProcessCycleTimeCount = 2.0; EventCycleTimeSum = 0.1131117343902588; SleepCycleTimeSum = 15.19546914100647; SleepCycleTimeAvg = 5.06515638033549; SleepCycleTimeStd = 0.1000776294438543; SleepCycleTimeMax = 5.180715084075928; EventCycleTimeCount = 3.0; EventCycleTimeAvg = 0.03770391146341959; ]
07/30/20 08:42:46 Currently monitoring 1 HTCondor log file(s)
07/30/20 08:42:46 Reassigning the id of job stage_in_remote_local_0_0 from (25.0.0) to (25.0.0)
07/30/20 08:42:46 Event: ULOG_SUBMIT for HTCondor Node stage_in_remote_local_0_0 (25.0.0) {07/30/20 08:42:41}
07/30/20 08:42:46 Number of idle job procs: 1
07/30/20 08:42:46 Reassigning the id of job stage_in_local_local_0_0 from (26.0.0) to (26.0.0)
07/30/20 08:42:46 Event: ULOG_SUBMIT for HTCondor Node stage_in_local_local_0_0 (26.0.0) {07/30/20 08:42:41}
07/30/20 08:42:46 Number of idle job procs: 2
07/30/20 08:42:46 Event: ULOG_EXECUTE for HTCondor Node stage_in_remote_local_0_0 (25.0.0) {07/30/20 08:42:43}
07/30/20 08:42:46 Number of idle job procs: 1
07/30/20 08:42:46 Event: ULOG_EXECUTE for HTCondor Node stage_in_local_local_0_0 (26.0.0) {07/30/20 08:42:43}
07/30/20 08:42:46 Number of idle job procs: 0
07/30/20 08:42:46 Event: ULOG_JOB_TERMINATED for HTCondor Node stage_in_remote_local_0_0 (25.0.0) {07/30/20 08:42:46}
07/30/20 08:42:46 Number of idle job procs: 0
07/30/20 08:42:46 Node stage_in_remote_local_0_0 job proc (25.0.0) completed successfully.
07/30/20 08:42:46 Node stage_in_remote_local_0_0 job completed
07/30/20 08:42:46 Running POST script of Node stage_in_remote_local_0_0...
07/30/20 08:42:46 Warning: mysin has length 0 (ignore if produced by DAGMan; see gittrac #4987, #5031)
07/30/20 08:42:46 DAG status: 0 (DAG_STATUS_OK)
07/30/20 08:42:46 Of 9 nodes total:
07/30/20 08:42:46  Done     Pre   Queued    Post   Ready   Un-Ready   Failed
07/30/20 08:42:46   ===     ===      ===     ===     ===        ===      ===
07/30/20 08:42:46     1       0        1       1       0          6        0
07/30/20 08:42:46 0 job proc(s) currently held
07/30/20 08:42:46 DAGMan Runtime Statistics: [ EventCycleTimeStd = 0.02647805868455557; EventCycleTimeMax = 0.08071398735046387; SubmitCycleTimeMin = 0.0002968311309814453; SubmitCycleTimeAvg = 0.02635974884033203; SleepCycleTimeCount = 4.0; SubmitCycleTimeCount = 5.0; SubmitCycleTimeMax = 0.07571792602539062; SleepCycleTimeMin = 5.005313158035278; SubmitCycleTimeSum = 0.1317987442016602; LogProcessCycleTimeStd = 0.00459432535323274; SubmitCycleTimeStd = 0.03577855359630731; LogProcessCycleTimeAvg = 0.01536337534586588; EventCycleTimeMin = 0.02520489692687988; LogProcessCycleTimeMax = 0.0200951099395752; LogProcessCycleTimeMin = 0.01092004776000977; LogProcessCycleTimeSum = 0.04609012603759766; LogProcessCycleTimeCount = 3.0; EventCycleTimeSum = 0.1938257217407227; SleepCycleTimeSum = 20.20078229904175; SleepCycleTimeAvg = 5.050195574760437; SleepCycleTimeStd = 0.08701910187169001; SleepCycleTimeMax = 5.180715084075928; EventCycleTimeCount = 4.0; EventCycleTimeAvg = 0.04845643043518066; ]
07/30/20 08:42:47 Initializing user log writer for /home/scitech/shared-data/CatsAndDogs/scitech/pegasus/Cats_and_Dogs/run0005/./Cats_and_Dogs-0.dag.nodes.log, (25.0.0)
07/30/20 08:42:51 Currently monitoring 1 HTCondor log file(s)
07/30/20 08:42:51 Event: ULOG_POST_SCRIPT_TERMINATED for HTCondor Node stage_in_remote_local_0_0 (25.0.0) {07/30/20 08:42:47}
07/30/20 08:42:51 POST Script of node stage_in_remote_local_0_0 completed successfully.
07/30/20 08:42:51 DAG status: 0 (DAG_STATUS_OK)
07/30/20 08:42:51 Of 9 nodes total:
07/30/20 08:42:51  Done     Pre   Queued    Post   Ready   Un-Ready   Failed
07/30/20 08:42:51   ===     ===      ===     ===     ===        ===      ===
07/30/20 08:42:51     2       0        1       0       0          6        0
07/30/20 08:42:51 0 job proc(s) currently held
07/30/20 08:42:51 DAGMan Runtime Statistics: [ EventCycleTimeStd = 0.02638665370752658; EventCycleTimeMax = 0.08071398735046387; SubmitCycleTimeMin = 0.0002968311309814453; SubmitCycleTimeAvg = 0.02203265825907389; SleepCycleTimeCount = 5.0; SubmitCycleTimeCount = 6.0; SubmitCycleTimeMax = 0.07571792602539062; SleepCycleTimeMin = 4.219091892242432; SubmitCycleTimeSum = 0.1321959495544434; LogProcessCycleTimeStd = 0.007463912092637149; SubmitCycleTimeStd = 0.03371092101004576; LogProcessCycleTimeAvg = 0.01213699579238892; EventCycleTimeMin = 0.01926398277282715; LogProcessCycleTimeMax = 0.0200951099395752; LogProcessCycleTimeMin = 0.002457857131958008; LogProcessCycleTimeSum = 0.04854798316955566; LogProcessCycleTimeCount = 4.0; EventCycleTimeSum = 0.2130897045135498; SleepCycleTimeSum = 24.41987419128418; SleepCycleTimeAvg = 4.883974838256836; SleepCycleTimeStd = 0.3792438651935156; SleepCycleTimeMax = 5.180715084075928; EventCycleTimeCount = 5.0; EventCycleTimeAvg = 0.04261794090270996; ]
07/30/20 08:43:11 Currently monitoring 1 HTCondor log file(s)
07/30/20 08:43:11 Event: ULOG_JOB_TERMINATED for HTCondor Node stage_in_local_local_0_0 (26.0.0) {07/30/20 08:43:09}
07/30/20 08:43:11 Number of idle job procs: 0
07/30/20 08:43:11 Node stage_in_local_local_0_0 job proc (26.0.0) completed successfully.
07/30/20 08:43:11 Node stage_in_local_local_0_0 job completed
07/30/20 08:43:11 Running POST script of Node stage_in_local_local_0_0...
07/30/20 08:43:11 Warning: mysin has length 0 (ignore if produced by DAGMan; see gittrac #4987, #5031)
07/30/20 08:43:11 DAG status: 0 (DAG_STATUS_OK)
07/30/20 08:43:11 Of 9 nodes total:
07/30/20 08:43:11  Done     Pre   Queued    Post   Ready   Un-Ready   Failed
07/30/20 08:43:11   ===     ===      ===     ===     ===        ===      ===
07/30/20 08:43:11     2       0        0       1       0          6        0
07/30/20 08:43:11 0 job proc(s) currently held
07/30/20 08:43:11 DAGMan Runtime Statistics: [ EventCycleTimeStd = 0.02820635631678111; EventCycleTimeMax = 0.08071398735046387; SubmitCycleTimeMin = 0.0002968311309814453; SubmitCycleTimeAvg = 0.01347570419311523; SleepCycleTimeCount = 9.0; SubmitCycleTimeCount = 10.0; SubmitCycleTimeMax = 0.07571792602539062; SleepCycleTimeMin = 4.219091892242432; SubmitCycleTimeSum = 0.1347570419311523; LogProcessCycleTimeStd = 0.006528245980860754; SubmitCycleTimeStd = 0.02744814357580024; LogProcessCycleTimeAvg = 0.0125457763671875; EventCycleTimeMin = 0.0009779930114746094; LogProcessCycleTimeMax = 0.0200951099395752; LogProcessCycleTimeMin = 0.002457857131958008; LogProcessCycleTimeSum = 0.0627288818359375; LogProcessCycleTimeCount = 5.0; EventCycleTimeSum = 0.2235116958618164; SleepCycleTimeSum = 44.40677237510681; SleepCycleTimeAvg = 4.934085819456312; SleepCycleTimeStd = 0.2748872948446356; SleepCycleTimeMax = 5.180715084075928; EventCycleTimeCount = 9.0; EventCycleTimeAvg = 0.02483463287353516; ]
07/30/20 08:43:12 Initializing user log writer for /home/scitech/shared-data/CatsAndDogs/scitech/pegasus/Cats_and_Dogs/run0005/./Cats_and_Dogs-0.dag.nodes.log, (26.0.0)
07/30/20 08:43:16 Currently monitoring 1 HTCondor log file(s)
07/30/20 08:43:16 Event: ULOG_POST_SCRIPT_TERMINATED for HTCondor Node stage_in_local_local_0_0 (26.0.0) {07/30/20 08:43:12}
07/30/20 08:43:16 POST Script of node stage_in_local_local_0_0 completed successfully.
07/30/20 08:43:16 DAG status: 0 (DAG_STATUS_OK)
07/30/20 08:43:16 Of 9 nodes total:
07/30/20 08:43:16  Done     Pre   Queued    Post   Ready   Un-Ready   Failed
07/30/20 08:43:16   ===     ===      ===     ===     ===        ===      ===
07/30/20 08:43:16     3       0        0       0       1          5        0
07/30/20 08:43:16 0 job proc(s) currently held
07/30/20 08:43:16 DAGMan Runtime Statistics: [ EventCycleTimeStd = 0.02660604978867234; EventCycleTimeMax = 0.08071398735046387; SubmitCycleTimeMin = 0.0002968311309814453; SubmitCycleTimeAvg = 0.01237990639426492; SleepCycleTimeCount = 10.0; SubmitCycleTimeCount = 11.0; SubmitCycleTimeMax = 0.07571792602539062; SleepCycleTimeMin = 4.219091892242432; SubmitCycleTimeSum = 0.1361789703369141; LogProcessCycleTimeStd = 0.005839573217888074; SubmitCycleTimeStd = 0.02629199551493927; LogProcessCycleTimeAvg = 0.01257797082265218; EventCycleTimeMin = 0.0009779930114746094; LogProcessCycleTimeMax = 0.0200951099395752; LogProcessCycleTimeMin = 0.002457857131958008; LogProcessCycleTimeSum = 0.07546782493591309; LogProcessCycleTimeCount = 6.0; EventCycleTimeSum = 0.2457325458526611; SleepCycleTimeSum = 49.25424242019653; SleepCycleTimeAvg = 4.925424242019654; SleepCycleTimeStd = 0.2606095977741835; SleepCycleTimeMax = 5.180715084075928; EventCycleTimeCount = 10.0; EventCycleTimeAvg = 0.02457325458526611; ]
07/30/20 08:43:21 Submitting HTCondor Node preprocess1_py_ID0000001 job(s)...
07/30/20 08:43:21 Adding a DAGMan workflow log /home/scitech/shared-data/CatsAndDogs/scitech/pegasus/Cats_and_Dogs/run0005/./Cats_and_Dogs-0.dag.nodes.log
07/30/20 08:43:21 Masking the events recorded in the DAGMAN workflow log
07/30/20 08:43:21 Mask for workflow log is 0,1,2,4,5,7,9,10,11,12,13,16,17,24,27,35,36
07/30/20 08:43:21 submitting: /usr/bin/condor_submit -a dag_node_name' '=' 'preprocess1_py_ID0000001 -a +DAGManJobId' '=' '23 -a DAGManJobId' '=' '23 -batch-name Cats_and_Dogs-0.dag+23 -a submit_event_notes' '=' 'DAG' 'Node:' 'preprocess1_py_ID0000001 -a dagman_log' '=' '/home/scitech/shared-data/CatsAndDogs/scitech/pegasus/Cats_and_Dogs/run0005/./Cats_and_Dogs-0.dag.nodes.log -a +DAGManNodesMask' '=' '"0,1,2,4,5,7,9,10,11,12,13,16,17,24,27,35,36" -a priority=20 -a +DAGNodeRetry' '=' '0 -a DAG_STATUS' '=' '0 -a FAILED_COUNT' '=' '0 -a +KeepClaimIdle' '=' '20 -a notification' '=' 'never -a +DAGParentNodeNames' '=' '"stage_in_remote_local_0_0,stage_in_local_local_0_0" 00/00/preprocess1_py_ID0000001.sub
07/30/20 08:43:21 From submit: Submitting job(s).
07/30/20 08:43:21 From submit: 1 job(s) submitted to cluster 27.
07/30/20 08:43:21 	assigned HTCondor ID (27.0.0)
07/30/20 08:43:21 Just submitted 1 job this cycle...
07/30/20 08:43:21 DAG status: 0 (DAG_STATUS_OK)
07/30/20 08:43:21 Of 9 nodes total:
07/30/20 08:43:21  Done     Pre   Queued    Post   Ready   Un-Ready   Failed
07/30/20 08:43:21   ===     ===      ===     ===     ===        ===      ===
07/30/20 08:43:21     3       0        1       0       0          5        0
07/30/20 08:43:21 0 job proc(s) currently held
07/30/20 08:43:21 DAGMan Runtime Statistics: [ EventCycleTimeStd = 0.02527080282337816; EventCycleTimeMax = 0.08071398735046387; SubmitCycleTimeMin = 0.0002968311309814453; SubmitCycleTimeAvg = 0.03307274977366129; SleepCycleTimeCount = 11.0; SubmitCycleTimeCount = 12.0; SubmitCycleTimeMax = 0.2606940269470215; SleepCycleTimeMin = 4.219091892242432; SubmitCycleTimeSum = 0.3968729972839355; LogProcessCycleTimeStd = 0.005839573217888074; SubmitCycleTimeStd = 0.07593913085310441; LogProcessCycleTimeAvg = 0.01257797082265218; EventCycleTimeMin = 0.0009779930114746094; LogProcessCycleTimeMax = 0.0200951099395752; LogProcessCycleTimeMin = 0.002457857131958008; LogProcessCycleTimeSum = 0.07546782493591309; LogProcessCycleTimeCount = 6.0; EventCycleTimeSum = 0.2743945121765137; SleepCycleTimeSum = 54.2593994140625; SleepCycleTimeAvg = 4.932672674005682; SleepCycleTimeStd = 0.248402020192344; SleepCycleTimeMax = 5.180715084075928; EventCycleTimeCount = 11.0; EventCycleTimeAvg = 0.02494495565241034; ]
07/30/20 08:43:26 Currently monitoring 1 HTCondor log file(s)
07/30/20 08:43:26 Reassigning the id of job preprocess1_py_ID0000001 from (27.0.0) to (27.0.0)
07/30/20 08:43:26 Event: ULOG_SUBMIT for HTCondor Node preprocess1_py_ID0000001 (27.0.0) {07/30/20 08:43:21}
07/30/20 08:43:26 Number of idle job procs: 1
07/30/20 08:43:31 Currently monitoring 1 HTCondor log file(s)
07/30/20 08:43:31 Event: ULOG_EXECUTE for HTCondor Node preprocess1_py_ID0000001 (27.0.0) {07/30/20 08:43:29}
07/30/20 08:43:31 Number of idle job procs: 0
07/30/20 08:43:36 Currently monitoring 1 HTCondor log file(s)
07/30/20 08:43:36 Event: ULOG_SHADOW_EXCEPTION for HTCondor Node preprocess1_py_ID0000001 (27.0.0) {07/30/20 08:43:34}
07/30/20 08:43:36 Number of idle job procs: 1
07/30/20 08:43:36 Event: ULOG_JOB_HELD for HTCondor Node preprocess1_py_ID0000001 (27.0.0) {07/30/20 08:43:34}
07/30/20 08:43:36   Hold reason: Error from slot1@aaaaab5e7244: STARTER at 127.0.0.1 failed to send file(s) to <127.0.0.1:9618>: error reading from /var/lib/condor/execute/dir_30446/resized_Dog23.jpg: (errno 2) No such file or directory; SHADOW failed to receive file(s) from <127.0.0.1:33005>
07/30/20 08:43:36 Number of idle job procs: 1
07/30/20 08:43:36 DAG status: 0 (DAG_STATUS_OK)
07/30/20 08:43:36 Of 9 nodes total:
07/30/20 08:43:36  Done     Pre   Queued    Post   Ready   Un-Ready   Failed
07/30/20 08:43:36   ===     ===      ===     ===     ===        ===      ===
07/30/20 08:43:36     3       0        1       0       0          5        0
07/30/20 08:43:36 1 job proc(s) currently held
07/30/20 08:43:36 DAGMan Runtime Statistics: [ EventCycleTimeStd = 0.06958381505138445; EventCycleTimeMax = 0.2669651508331299; SubmitCycleTimeMin = 0.0002272129058837891; SubmitCycleTimeAvg = 0.02651274998982748; SleepCycleTimeCount = 14.0; SubmitCycleTimeCount = 15.0; SubmitCycleTimeMax = 0.2606940269470215; SleepCycleTimeMin = 4.219091892242432; SubmitCycleTimeSum = 0.3976912498474121; LogProcessCycleTimeStd = 0.006273752944964642; SubmitCycleTimeStd = 0.06866912734653946; LogProcessCycleTimeAvg = 0.009776671727498373; EventCycleTimeMin = 0.0009779930114746094; LogProcessCycleTimeMax = 0.0200951099395752; LogProcessCycleTimeMin = 0.002457857131958008; LogProcessCycleTimeSum = 0.08799004554748535; LogProcessCycleTimeCount = 9.0; EventCycleTimeSum = 0.5498297214508057; SleepCycleTimeSum = 69.23925828933716; SleepCycleTimeAvg = 4.945661306381226; SleepCycleTimeStd = 0.219569019365889; SleepCycleTimeMax = 5.180715084075928; EventCycleTimeCount = 14.0; EventCycleTimeAvg = 0.03927355153220041; ]
07/30/20 08:53:36 600 seconds since last log event
07/30/20 08:53:36 Pending DAG nodes:
07/30/20 08:53:36   Node preprocess1_py_ID0000001, HTCondor ID 27, status STATUS_SUBMITTED
07/30/20 09:03:39 1203 seconds since last log event
07/30/20 09:03:39 Pending DAG nodes:
07/30/20 09:03:39   Node preprocess1_py_ID0000001, HTCondor ID 27, status STATUS_SUBMITTED
07/30/20 09:13:39 1803 seconds since last log event
07/30/20 09:13:39 Pending DAG nodes:
07/30/20 09:13:39   Node preprocess1_py_ID0000001, HTCondor ID 27, status STATUS_SUBMITTED
