2020-07-30 08:42:22,973:INFO:pegasus-monitord(58): pegasus-monitord starting - pid 26293 
2020-07-30 08:42:22,989:INFO:pegasus-monitord(455): Final Command line options are: ['-N', 'Cats_and_Dogs-0.dag.dagman.out']
2020-07-30 08:42:23,003:INFO:Pegasus.monitoring.event_output(629): Connecting workflow event sink to sqlite:////home/scitech/shared-data/CatsAndDogs/scitech/pegasus/Cats_and_Dogs/run0005/Cats_and_Dogs-0.stampede.db
Created Pegasus database in: sqlite:////home/scitech/shared-data/CatsAndDogs/scitech/pegasus/Cats_and_Dogs/run0005/Cats_and_Dogs-0.stampede.db
Your database is compatible with Pegasus version: 5.0.0dev
2020-07-30 08:42:23,664:INFO:Pegasus.monitoring.event_output(703): output type=DB namespace=stampede. name=sqlite:////home/scitech/shared-data/CatsAndDogs/scitech/pegasus/Cats_and_Dogs/run0005/Cats_and_Dogs-0.stampede.db
2020-07-30 08:42:23,664:INFO:Pegasus.monitoring.event_output(629): Connecting workflow event sink to sqlite:////home/scitech/.pegasus/workflow.db
Your database is compatible with Pegasus version: 5.0.0dev
2020-07-30 08:42:24,060:INFO:Pegasus.monitoring.event_output(703): output type=DB namespace=dashboard. name=sqlite:////home/scitech/.pegasus/workflow.db
2020-07-30 08:42:24,061:INFO:pegasus-monitord(1247): monitord started in fast start mode
2020-07-30 08:42:24,079:INFO:Pegasus.monitoring.workflow(461): cannot open state file /home/scitech/shared-data/CatsAndDogs/scitech/pegasus/Cats_and_Dogs/run0005/monitord.info, continuing without state...
2020-07-30 08:42:24,080:INFO:Pegasus.monitoring.workflow(1148): creating new file /home/scitech/shared-data/CatsAndDogs/scitech/pegasus/Cats_and_Dogs/run0005/jobstate.log
2020-07-30 08:42:24,080:INFO:Pegasus.monitoring.workflow(1158): Appending to existing jobstate.log replay_mode 0 previous_processed_line 0
2020-07-30 08:42:24,082:INFO:Pegasus.monitoring.notifications(474): loading notifications from /home/scitech/shared-data/CatsAndDogs/scitech/pegasus/Cats_and_Dogs/run0005/Cats_and_Dogs-0.notify
2020-07-30 08:42:24,267:INFO:Pegasus.monitoring.workflow(205): Parsing DAG file /home/scitech/shared-data/CatsAndDogs/scitech/pegasus/Cats_and_Dogs/run0005/Cats_and_Dogs-0.dag
2020-07-30 08:42:24,271:INFO:pegasus-monitord(974): Using DAGMan version 8.8.9 80809
2020-07-30 08:42:24,272:INFO:pegasus-monitord(949): DAGMan runs at pid 26292
2020-07-30 08:42:24,274:INFO:pegasus-monitord(955): using dag Cats_and_Dogs-0.dag
2020-07-30 08:42:24,275:INFO:Pegasus.monitoring.workflow(811): DAGMan starting with condor id 23.0
2020-07-30 08:43:43,033:WARNING:Pegasus.monitoring.workflow(1706): truncating stdout for job stage_in_local_local_0_0
2020-07-30 09:14:55,784:WARNING:Pegasus.monitoring.workflow(1706): truncating stdout for job stage_out_local_local_0_0
2020-07-30 09:15:30,359:WARNING:Pegasus.monitoring.workflow(1706): truncating stdout for job stage_out_local_local_0_0
2020-07-30 09:15:30,363:INFO:pegasus-monitord(927): DAGMan Cats_and_Dogs-0.dag finished with exit code 1
2020-07-30 09:15:31,345:INFO:pegasus-monitord(1427): workflow /home/scitech/shared-data/CatsAndDogs/scitech/pegasus/Cats_and_Dogs/run0005/Cats_and_Dogs-0.dag.dagman.out ended
2020-07-30 09:15:31,350:INFO:Pegasus.monitoring.workflow(1377): recovery file deleted: /home/scitech/shared-data/CatsAndDogs/scitech/pegasus/Cats_and_Dogs/run0005/monitord.recover
2020-07-30 09:15:31,354:INFO:pegasus-monitord(1665): finishing workflow: /home/scitech/shared-data/CatsAndDogs/scitech/pegasus/Cats_and_Dogs/run0005/Cats_and_Dogs-0.dag.dagman.out
2020-07-30 09:15:31,355:INFO:pegasus-monitord(1719): finishing notifications...
2020-07-30 09:15:31,355:INFO:pegasus-monitord(1727): monitord process 26293 exiting with 0
2020-07-30 09:15:31,357:INFO:pegasus-monitord(197): DB flushing beginning
2020-07-30 09:15:31,357:INFO:Pegasus.db.workflow_loader.WorkflowLoader(1244): Executing final flush
2020-07-30 09:15:31,523:INFO:Pegasus.db.dashboard_loader.DashboardLoader(397): Executing final flush
2020-07-30 09:15:31,524:INFO:pegasus-monitord(213): DB flushing ended
