2020-09-10 11:08:11,254:INFO:pegasus-monitord(58): pegasus-monitord starting - pid 6215 
2020-09-10 11:08:11,281:INFO:pegasus-monitord(455): Final Command line options are: ['-N', 'checkpoint-wf-0.dag.dagman.out']
2020-09-10 11:08:11,308:INFO:Pegasus.monitoring.event_output(629): Connecting workflow event sink to sqlite:////home/scitech/shared-data/Workflow5/scitech/pegasus/checkpoint-wf/run0011/checkpoint-wf-0.stampede.db
Created Pegasus database in: sqlite:////home/scitech/shared-data/Workflow5/scitech/pegasus/checkpoint-wf/run0011/checkpoint-wf-0.stampede.db
Your database is compatible with Pegasus version: 5.0.0dev
2020-09-10 11:08:12,294:INFO:Pegasus.monitoring.event_output(703): output type=DB namespace=stampede. name=sqlite:////home/scitech/shared-data/Workflow5/scitech/pegasus/checkpoint-wf/run0011/checkpoint-wf-0.stampede.db
2020-09-10 11:08:12,295:INFO:Pegasus.monitoring.event_output(629): Connecting workflow event sink to sqlite:////home/scitech/.pegasus/workflow.db
Your database is compatible with Pegasus version: 5.0.0dev
2020-09-10 11:08:12,797:INFO:Pegasus.monitoring.event_output(703): output type=DB namespace=dashboard. name=sqlite:////home/scitech/.pegasus/workflow.db
2020-09-10 11:08:12,798:INFO:pegasus-monitord(1247): monitord started in fast start mode
2020-09-10 11:08:12,827:INFO:Pegasus.monitoring.workflow(461): cannot open state file /home/scitech/shared-data/Workflow5/scitech/pegasus/checkpoint-wf/run0011/monitord.info, continuing without state...
2020-09-10 11:08:12,828:INFO:Pegasus.monitoring.workflow(1148): creating new file /home/scitech/shared-data/Workflow5/scitech/pegasus/checkpoint-wf/run0011/jobstate.log
2020-09-10 11:08:12,828:INFO:Pegasus.monitoring.workflow(1158): Appending to existing jobstate.log replay_mode 0 previous_processed_line 0
2020-09-10 11:08:12,830:INFO:Pegasus.monitoring.notifications(474): loading notifications from /home/scitech/shared-data/Workflow5/scitech/pegasus/checkpoint-wf/run0011/checkpoint-wf-0.notify
2020-09-10 11:08:13,116:INFO:Pegasus.monitoring.workflow(205): Parsing DAG file /home/scitech/shared-data/Workflow5/scitech/pegasus/checkpoint-wf/run0011/checkpoint-wf-0.dag
2020-09-10 11:08:13,128:INFO:pegasus-monitord(974): Using DAGMan version 8.8.10 80810
2020-09-10 11:08:13,129:INFO:pegasus-monitord(949): DAGMan runs at pid 6214
2020-09-10 11:08:13,133:INFO:pegasus-monitord(955): using dag checkpoint-wf-0.dag
2020-09-10 11:08:13,134:INFO:Pegasus.monitoring.workflow(811): DAGMan starting with condor id 1.0
2020-09-10 11:39:12,922:ERROR:Pegasus.monitoring.workflow(2255): unable to read output file /home/scitech/shared-data/Workflow5/scitech/pegasus/checkpoint-wf/run0011/00/00/print_nums_py_ID0000001.out.000 for job print_nums_py_ID0000001
2020-09-10 11:39:12,925:WARNING:Pegasus.monitoring.job(768): unable to read error file: /home/scitech/shared-data/Workflow5/scitech/pegasus/checkpoint-wf/run0011/00/00/print_nums_py_ID0000001.err.000, continuing...
2020-09-10 11:39:12,926:WARNING:Pegasus.monitoring.job(810): unable to read output file: /home/scitech/shared-data/Workflow5/scitech/pegasus/checkpoint-wf/run0011/00/00/print_nums_py_ID0000001.out.000, continuing...
2020-09-10 12:10:29,625:ERROR:Pegasus.monitoring.workflow(2255): unable to read output file /home/scitech/shared-data/Workflow5/scitech/pegasus/checkpoint-wf/run0011/00/00/print_nums_py_ID0000001.out.001 for job print_nums_py_ID0000001
2020-09-10 12:10:29,626:WARNING:Pegasus.monitoring.job(768): unable to read error file: /home/scitech/shared-data/Workflow5/scitech/pegasus/checkpoint-wf/run0011/00/00/print_nums_py_ID0000001.err.001, continuing...
2020-09-10 12:10:29,627:WARNING:Pegasus.monitoring.job(810): unable to read output file: /home/scitech/shared-data/Workflow5/scitech/pegasus/checkpoint-wf/run0011/00/00/print_nums_py_ID0000001.out.001, continuing...
2020-09-10 12:41:47,552:ERROR:Pegasus.monitoring.workflow(2255): unable to read output file /home/scitech/shared-data/Workflow5/scitech/pegasus/checkpoint-wf/run0011/00/00/print_nums_py_ID0000001.out.002 for job print_nums_py_ID0000001
2020-09-10 12:41:47,554:WARNING:Pegasus.monitoring.job(768): unable to read error file: /home/scitech/shared-data/Workflow5/scitech/pegasus/checkpoint-wf/run0011/00/00/print_nums_py_ID0000001.err.002, continuing...
2020-09-10 12:41:47,555:WARNING:Pegasus.monitoring.job(810): unable to read output file: /home/scitech/shared-data/Workflow5/scitech/pegasus/checkpoint-wf/run0011/00/00/print_nums_py_ID0000001.out.002, continuing...
2020-09-10 13:12:09,617:ERROR:Pegasus.monitoring.workflow(2255): unable to read output file /home/scitech/shared-data/Workflow5/scitech/pegasus/checkpoint-wf/run0011/00/00/print_nums_py_ID0000001.out.003 for job print_nums_py_ID0000001
2020-09-10 13:12:09,619:WARNING:Pegasus.monitoring.job(768): unable to read error file: /home/scitech/shared-data/Workflow5/scitech/pegasus/checkpoint-wf/run0011/00/00/print_nums_py_ID0000001.err.003, continuing...
2020-09-10 13:12:09,619:WARNING:Pegasus.monitoring.job(810): unable to read output file: /home/scitech/shared-data/Workflow5/scitech/pegasus/checkpoint-wf/run0011/00/00/print_nums_py_ID0000001.out.003, continuing...
2020-09-10 13:43:14,275:ERROR:Pegasus.monitoring.workflow(2255): unable to read output file /home/scitech/shared-data/Workflow5/scitech/pegasus/checkpoint-wf/run0011/00/00/print_nums_py_ID0000001.out.004 for job print_nums_py_ID0000001
2020-09-10 13:43:14,276:WARNING:Pegasus.monitoring.job(768): unable to read error file: /home/scitech/shared-data/Workflow5/scitech/pegasus/checkpoint-wf/run0011/00/00/print_nums_py_ID0000001.err.004, continuing...
2020-09-10 13:43:14,277:WARNING:Pegasus.monitoring.job(810): unable to read output file: /home/scitech/shared-data/Workflow5/scitech/pegasus/checkpoint-wf/run0011/00/00/print_nums_py_ID0000001.out.004, continuing...
2020-09-10 14:14:24,079:ERROR:Pegasus.monitoring.workflow(2255): unable to read output file /home/scitech/shared-data/Workflow5/scitech/pegasus/checkpoint-wf/run0011/00/00/print_nums_py_ID0000001.out.005 for job print_nums_py_ID0000001
2020-09-10 14:14:24,084:WARNING:Pegasus.monitoring.job(768): unable to read error file: /home/scitech/shared-data/Workflow5/scitech/pegasus/checkpoint-wf/run0011/00/00/print_nums_py_ID0000001.err.005, continuing...
2020-09-10 14:14:24,085:WARNING:Pegasus.monitoring.job(810): unable to read output file: /home/scitech/shared-data/Workflow5/scitech/pegasus/checkpoint-wf/run0011/00/00/print_nums_py_ID0000001.out.005, continuing...
2020-09-10 14:14:24,090:INFO:pegasus-monitord(927): DAGMan checkpoint-wf-0.dag finished with exit code 1
2020-09-10 14:14:25,117:INFO:pegasus-monitord(1427): workflow /home/scitech/shared-data/Workflow5/scitech/pegasus/checkpoint-wf/run0011/checkpoint-wf-0.dag.dagman.out ended
2020-09-10 14:14:25,121:INFO:Pegasus.monitoring.workflow(1378): recovery file deleted: /home/scitech/shared-data/Workflow5/scitech/pegasus/checkpoint-wf/run0011/monitord.recover
2020-09-10 14:14:25,123:INFO:pegasus-monitord(1665): finishing workflow: /home/scitech/shared-data/Workflow5/scitech/pegasus/checkpoint-wf/run0011/checkpoint-wf-0.dag.dagman.out
2020-09-10 14:14:25,123:INFO:pegasus-monitord(1719): finishing notifications...
2020-09-10 14:14:25,124:INFO:pegasus-monitord(1727): monitord process 6215 exiting with 0
2020-09-10 14:14:25,127:INFO:pegasus-monitord(197): DB flushing beginning
2020-09-10 14:14:25,128:INFO:Pegasus.db.workflow_loader.WorkflowLoader(1244): Executing final flush
2020-09-10 14:14:25,171:INFO:Pegasus.db.dashboard_loader.DashboardLoader(397): Executing final flush
2020-09-10 14:14:25,172:INFO:pegasus-monitord(213): DB flushing ended
