07/13/20 12:51:33 ******************************************************
07/13/20 12:51:33 ** condor_scheduniv_exec.25.0 (CONDOR_DAGMAN) STARTING UP
07/13/20 12:51:33 ** /usr/bin/condor_dagman
07/13/20 12:51:33 ** SubsystemInfo: name=DAGMAN type=DAGMAN(10) class=DAEMON(1)
07/13/20 12:51:33 ** Configuration: subsystem:DAGMAN local:<NONE> class:DAEMON
07/13/20 12:51:33 ** $CondorVersion: 8.8.9 May 06 2020 BuildID: 503068 PackageID: 8.8.9-1 $
07/13/20 12:51:33 ** $CondorPlatform: x86_64_CentOS7 $
07/13/20 12:51:33 ** PID = 31921
07/13/20 12:51:33 ** Log last touched time unavailable (No such file or directory)
07/13/20 12:51:33 ******************************************************
07/13/20 12:51:33 Using config source: /etc/condor/condor_config
07/13/20 12:51:33 Using local config sources: 
07/13/20 12:51:33    /etc/condor/config.d/00-minicondor
07/13/20 12:51:33    /etc/condor/condor_config.local
07/13/20 12:51:33 config Macros = 81, Sorted = 81, StringBytes = 2251, TablesBytes = 2964
07/13/20 12:51:33 CLASSAD_CACHING is ENABLED
07/13/20 12:51:33 Daemon Log is logging: D_ALWAYS D_ERROR
07/13/20 12:51:33 DaemonCore: No command port requested.
07/13/20 12:51:33 DAGMAN_USE_STRICT setting: 1
07/13/20 12:51:33 DAGMAN_VERBOSITY setting: 3
07/13/20 12:51:33 DAGMAN_DEBUG_CACHE_SIZE setting: 5242880
07/13/20 12:51:33 DAGMAN_DEBUG_CACHE_ENABLE setting: False
07/13/20 12:51:33 DAGMAN_SUBMIT_DELAY setting: 0
07/13/20 12:51:33 DAGMAN_MAX_SUBMIT_ATTEMPTS setting: 6
07/13/20 12:51:33 DAGMAN_STARTUP_CYCLE_DETECT setting: False
07/13/20 12:51:33 DAGMAN_MAX_SUBMITS_PER_INTERVAL setting: 100
07/13/20 12:51:33 DAGMAN_AGGRESSIVE_SUBMIT setting: False
07/13/20 12:51:33 DAGMAN_USER_LOG_SCAN_INTERVAL setting: 5
07/13/20 12:51:33 DAGMAN_QUEUE_UPDATE_INTERVAL setting: 300
07/13/20 12:51:33 DAGMAN_DEFAULT_PRIORITY setting: 0
07/13/20 12:51:33 DAGMAN_SUPPRESS_NOTIFICATION setting: True
07/13/20 12:51:33 allow_events (DAGMAN_ALLOW_EVENTS) setting: 114
07/13/20 12:51:33 DAGMAN_RETRY_SUBMIT_FIRST setting: True
07/13/20 12:51:33 DAGMAN_RETRY_NODE_FIRST setting: False
07/13/20 12:51:33 DAGMAN_MAX_JOBS_IDLE setting: 1000
07/13/20 12:51:33 DAGMAN_MAX_JOBS_SUBMITTED setting: 0
07/13/20 12:51:33 DAGMAN_MAX_PRE_SCRIPTS setting: 20
07/13/20 12:51:33 DAGMAN_MAX_POST_SCRIPTS setting: 20
07/13/20 12:51:33 DAGMAN_MUNGE_NODE_NAMES setting: True
07/13/20 12:51:33 DAGMAN_PROHIBIT_MULTI_JOBS setting: False
07/13/20 12:51:33 DAGMAN_SUBMIT_DEPTH_FIRST setting: False
07/13/20 12:51:33 DAGMAN_ALWAYS_RUN_POST setting: False
07/13/20 12:51:33 DAGMAN_CONDOR_SUBMIT_EXE setting: /usr/bin/condor_submit
07/13/20 12:51:33 DAGMAN_USE_CONDOR_SUBMIT setting: True
07/13/20 12:51:33 DAGMAN_ABORT_DUPLICATES setting: True
07/13/20 12:51:33 DAGMAN_ABORT_ON_SCARY_SUBMIT setting: True
07/13/20 12:51:33 DAGMAN_PENDING_REPORT_INTERVAL setting: 600
07/13/20 12:51:33 DAGMAN_AUTO_RESCUE setting: True
07/13/20 12:51:33 DAGMAN_MAX_RESCUE_NUM setting: 100
07/13/20 12:51:33 DAGMAN_WRITE_PARTIAL_RESCUE setting: True
07/13/20 12:51:33 DAGMAN_DEFAULT_NODE_LOG setting: @(DAG_DIR)/@(DAG_FILE).nodes.log
07/13/20 12:51:33 DAGMAN_GENERATE_SUBDAG_SUBMITS setting: True
07/13/20 12:51:33 DAGMAN_MAX_JOB_HOLDS setting: 100
07/13/20 12:51:33 DAGMAN_HOLD_CLAIM_TIME setting: 20
07/13/20 12:51:33 ALL_DEBUG setting: 
07/13/20 12:51:33 DAGMAN_DEBUG setting: 
07/13/20 12:51:33 DAGMAN_SUPPRESS_JOB_LOGS setting: False
07/13/20 12:51:33 DAGMAN_REMOVE_NODE_JOBS setting: True
07/13/20 12:51:33 argv[0] == "condor_scheduniv_exec.25.0"
07/13/20 12:51:33 argv[1] == "-Lockfile"
07/13/20 12:51:33 argv[2] == "Even_Odd-0.dag.lock"
07/13/20 12:51:33 argv[3] == "-AutoRescue"
07/13/20 12:51:33 argv[4] == "1"
07/13/20 12:51:33 argv[5] == "-DoRescueFrom"
07/13/20 12:51:33 argv[6] == "0"
07/13/20 12:51:33 argv[7] == "-Dag"
07/13/20 12:51:33 argv[8] == "Even_Odd-0.dag"
07/13/20 12:51:33 argv[9] == "-MaxPost"
07/13/20 12:51:33 argv[10] == "20"
07/13/20 12:51:33 argv[11] == "-Suppress_notification"
07/13/20 12:51:33 argv[12] == "-CsdVersion"
07/13/20 12:51:33 argv[13] == "$CondorVersion: 8.8.9 May 06 2020 BuildID: 503068 PackageID: 8.8.9-1 $"
07/13/20 12:51:33 argv[14] == "-Dagman"
07/13/20 12:51:33 argv[15] == "/bin/condor_dagman"
07/13/20 12:51:33 Workflow batch-name: <Even_Odd-0.dag+25>
07/13/20 12:51:33 Workflow accounting_group: <>
07/13/20 12:51:33 Workflow accounting_group_user: <>
07/13/20 12:51:33 Warning: failed to get attribute DAGNodeName
07/13/20 12:51:33 DAGMAN_LOG_ON_NFS_IS_ERROR setting: False
07/13/20 12:51:33 Default node log file is: </home/scitech/shared-data/Workflow/Workflow3/scitech/pegasus/Even_Odd/run0003/./Even_Odd-0.dag.nodes.log>
07/13/20 12:51:33 DAG Lockfile will be written to Even_Odd-0.dag.lock
07/13/20 12:51:33 DAG Input file is Even_Odd-0.dag
07/13/20 12:51:33 Parsing 1 dagfiles
07/13/20 12:51:33 Parsing Even_Odd-0.dag ...
07/13/20 12:51:33 Warning:  could not open Pegasus braindump file braindump.txt
07/13/20 12:51:33 Dag contains 19 total jobs
07/13/20 12:51:33 Sleeping for 3 seconds to ensure ProcessId uniqueness
07/13/20 12:51:36 Bootstrapping...
07/13/20 12:51:36 Number of pre-completed nodes: 0
07/13/20 12:51:36 MultiLogFiles: truncating log file /home/scitech/shared-data/Workflow/Workflow3/scitech/pegasus/Even_Odd/run0003/./Even_Odd-0.dag.nodes.log
07/13/20 12:51:36 DAG status: 0 (DAG_STATUS_OK)
07/13/20 12:51:36 Of 19 nodes total:
07/13/20 12:51:36  Done     Pre   Queued    Post   Ready   Un-Ready   Failed
07/13/20 12:51:36   ===     ===      ===     ===     ===        ===      ===
07/13/20 12:51:36     0       0        0       0       1         18        0
07/13/20 12:51:36 0 job proc(s) currently held
07/13/20 12:51:36 DAGMan Runtime Statistics: [ EventCycleTimeSum = 0.0; EventCycleTimeCount = 0.0; SleepCycleTimeCount = 0.0; SubmitCycleTimeSum = 0.0; SubmitCycleTimeCount = 0.0; LogProcessCycleTimeSum = 0.0; SleepCycleTimeSum = 0.0; LogProcessCycleTimeCount = 0.0; ]
07/13/20 12:51:36 Registering condor_event_timer...
07/13/20 12:51:37 Submitting HTCondor Node create_dir_Even_Odd_0_local job(s)...
07/13/20 12:51:37 Adding a DAGMan workflow log /home/scitech/shared-data/Workflow/Workflow3/scitech/pegasus/Even_Odd/run0003/./Even_Odd-0.dag.nodes.log
07/13/20 12:51:37 Masking the events recorded in the DAGMAN workflow log
07/13/20 12:51:37 Mask for workflow log is 0,1,2,4,5,7,9,10,11,12,13,16,17,24,27,35,36
07/13/20 12:51:37 submitting: /usr/bin/condor_submit -a dag_node_name' '=' 'create_dir_Even_Odd_0_local -a +DAGManJobId' '=' '25 -a DAGManJobId' '=' '25 -batch-name Even_Odd-0.dag+25 -a submit_event_notes' '=' 'DAG' 'Node:' 'create_dir_Even_Odd_0_local -a dagman_log' '=' '/home/scitech/shared-data/Workflow/Workflow3/scitech/pegasus/Even_Odd/run0003/./Even_Odd-0.dag.nodes.log -a +DAGManNodesMask' '=' '"0,1,2,4,5,7,9,10,11,12,13,16,17,24,27,35,36" -a priority=800 -a +DAGNodeRetry' '=' '0 -a DAG_STATUS' '=' '0 -a FAILED_COUNT' '=' '0 -a +KeepClaimIdle' '=' '20 -a notification' '=' 'never -a +DAGParentNodeNames' '=' '"" 00/00/create_dir_Even_Odd_0_local.sub
07/13/20 12:51:37 From submit: Submitting job(s).
07/13/20 12:51:37 From submit: 1 job(s) submitted to cluster 26.
07/13/20 12:51:37 	assigned HTCondor ID (26.0.0)
07/13/20 12:51:37 Just submitted 1 job this cycle...
07/13/20 12:51:37 DAG status: 0 (DAG_STATUS_OK)
07/13/20 12:51:37 Of 19 nodes total:
07/13/20 12:51:37  Done     Pre   Queued    Post   Ready   Un-Ready   Failed
07/13/20 12:51:37   ===     ===      ===     ===     ===        ===      ===
07/13/20 12:51:37     0       0        1       0       0         18        0
07/13/20 12:51:37 0 job proc(s) currently held
07/13/20 12:51:37 DAGMan Runtime Statistics: [ EventCycleTimeCount = 0.0; EventCycleTimeSum = 0.0; LogProcessCycleTimeCount = 0.0; SleepCycleTimeSum = 0.0; LogProcessCycleTimeSum = 0.0; SubmitCycleTimeCount = 1.0; SubmitCycleTimeMax = 0.05750894546508789; SubmitCycleTimeMin = 0.05750894546508789; SubmitCycleTimeAvg = 0.05750894546508789; SubmitCycleTimeStd = 0.05750894546508789; SubmitCycleTimeSum = 0.05750894546508789; SleepCycleTimeCount = 0.0; ]
07/13/20 12:51:42 Currently monitoring 1 HTCondor log file(s)
07/13/20 12:51:42 Reassigning the id of job create_dir_Even_Odd_0_local from (26.0.0) to (26.0.0)
07/13/20 12:51:42 Event: ULOG_SUBMIT for HTCondor Node create_dir_Even_Odd_0_local (26.0.0) {07/13/20 12:51:37}
07/13/20 12:51:42 Number of idle job procs: 1
07/13/20 12:51:42 Event: ULOG_EXECUTE for HTCondor Node create_dir_Even_Odd_0_local (26.0.0) {07/13/20 12:51:38}
07/13/20 12:51:42 Number of idle job procs: 0
07/13/20 12:51:42 Event: ULOG_JOB_TERMINATED for HTCondor Node create_dir_Even_Odd_0_local (26.0.0) {07/13/20 12:51:40}
07/13/20 12:51:42 Number of idle job procs: 0
07/13/20 12:51:42 Node create_dir_Even_Odd_0_local job proc (26.0.0) completed successfully.
07/13/20 12:51:42 Node create_dir_Even_Odd_0_local job completed
07/13/20 12:51:42 Running POST script of Node create_dir_Even_Odd_0_local...
07/13/20 12:51:42 Warning: mysin has length 0 (ignore if produced by DAGMan; see gittrac #4987, #5031)
07/13/20 12:51:42 DAG status: 0 (DAG_STATUS_OK)
07/13/20 12:51:42 Of 19 nodes total:
07/13/20 12:51:42  Done     Pre   Queued    Post   Ready   Un-Ready   Failed
07/13/20 12:51:42   ===     ===      ===     ===     ===        ===      ===
07/13/20 12:51:42     0       0        0       1       0         18        0
07/13/20 12:51:42 0 job proc(s) currently held
07/13/20 12:51:42 DAGMan Runtime Statistics: [ EventCycleTimeStd = 0.06482386589050293; EventCycleTimeMax = 0.06482386589050293; SubmitCycleTimeMin = 0.0005309581756591797; SubmitCycleTimeAvg = 0.02901995182037354; SleepCycleTimeCount = 1.0; SubmitCycleTimeCount = 2.0; SubmitCycleTimeMax = 0.05750894546508789; SleepCycleTimeMin = 5.005557060241699; SubmitCycleTimeSum = 0.05803990364074707; LogProcessCycleTimeStd = 0.01947617530822754; SubmitCycleTimeStd = 0.04028952119071595; LogProcessCycleTimeAvg = 0.01947617530822754; EventCycleTimeMin = 0.06482386589050293; LogProcessCycleTimeMax = 0.01947617530822754; LogProcessCycleTimeMin = 0.01947617530822754; LogProcessCycleTimeSum = 0.01947617530822754; LogProcessCycleTimeCount = 1.0; EventCycleTimeSum = 0.06482386589050293; SleepCycleTimeSum = 5.005557060241699; SleepCycleTimeAvg = 5.005557060241699; SleepCycleTimeStd = 5.005557060241699; SleepCycleTimeMax = 5.005557060241699; EventCycleTimeCount = 1.0; EventCycleTimeAvg = 0.06482386589050293; ]
07/13/20 12:51:42 Initializing user log writer for /home/scitech/shared-data/Workflow/Workflow3/scitech/pegasus/Even_Odd/run0003/./Even_Odd-0.dag.nodes.log, (26.0.0)
07/13/20 12:51:47 Currently monitoring 1 HTCondor log file(s)
07/13/20 12:51:47 Event: ULOG_POST_SCRIPT_TERMINATED for HTCondor Node create_dir_Even_Odd_0_local (26.0.0) {07/13/20 12:51:42}
07/13/20 12:51:47 POST Script of node create_dir_Even_Odd_0_local completed successfully.
07/13/20 12:51:47 DAG status: 0 (DAG_STATUS_OK)
07/13/20 12:51:47 Of 19 nodes total:
07/13/20 12:51:47  Done     Pre   Queued    Post   Ready   Un-Ready   Failed
07/13/20 12:51:47   ===     ===      ===     ===     ===        ===      ===
07/13/20 12:51:47     1       0        0       0       3         15        0
07/13/20 12:51:47 0 job proc(s) currently held
07/13/20 12:51:47 DAGMan Runtime Statistics: [ EventCycleTimeStd = 0.02697314011000196; EventCycleTimeMax = 0.06482386589050293; SubmitCycleTimeMin = 0.0003578662872314453; SubmitCycleTimeAvg = 0.01946592330932617; SleepCycleTimeCount = 2.0; SubmitCycleTimeCount = 3.0; SubmitCycleTimeMax = 0.05750894546508789; SleepCycleTimeMin = 5.005557060241699; SubmitCycleTimeSum = 0.05839776992797852; LogProcessCycleTimeStd = 0.01155497998774671; SubmitCycleTimeStd = 0.03294633729655381; LogProcessCycleTimeAvg = 0.01130557060241699; EventCycleTimeMin = 0.02667808532714844; LogProcessCycleTimeMax = 0.01947617530822754; LogProcessCycleTimeMin = 0.003134965896606445; LogProcessCycleTimeSum = 0.02261114120483398; LogProcessCycleTimeCount = 2.0; EventCycleTimeSum = 0.09150195121765137; SleepCycleTimeSum = 10.31637001037598; SleepCycleTimeAvg = 5.158185005187988; SleepCycleTimeStd = 0.2158485097401761; SleepCycleTimeMax = 5.310812950134277; EventCycleTimeCount = 2.0; EventCycleTimeAvg = 0.04575097560882568; ]
07/13/20 12:51:52 Submitting HTCondor Node stage_in_remote_local_1_0 job(s)...
07/13/20 12:51:52 Adding a DAGMan workflow log /home/scitech/shared-data/Workflow/Workflow3/scitech/pegasus/Even_Odd/run0003/./Even_Odd-0.dag.nodes.log
07/13/20 12:51:52 Masking the events recorded in the DAGMAN workflow log
07/13/20 12:51:52 Mask for workflow log is 0,1,2,4,5,7,9,10,11,12,13,16,17,24,27,35,36
07/13/20 12:51:52 submitting: /usr/bin/condor_submit -a dag_node_name' '=' 'stage_in_remote_local_1_0 -a +DAGManJobId' '=' '25 -a DAGManJobId' '=' '25 -batch-name Even_Odd-0.dag+25 -a submit_event_notes' '=' 'DAG' 'Node:' 'stage_in_remote_local_1_0 -a dagman_log' '=' '/home/scitech/shared-data/Workflow/Workflow3/scitech/pegasus/Even_Odd/run0003/./Even_Odd-0.dag.nodes.log -a +DAGManNodesMask' '=' '"0,1,2,4,5,7,9,10,11,12,13,16,17,24,27,35,36" -a priority=700 -a +DAGNodeRetry' '=' '0 -a DAG_STATUS' '=' '0 -a FAILED_COUNT' '=' '0 -a +KeepClaimIdle' '=' '20 -a notification' '=' 'never -a +DAGParentNodeNames' '=' '"create_dir_Even_Odd_0_local" 00/00/stage_in_remote_local_1_0.sub
07/13/20 12:51:53 From submit: Submitting job(s).
07/13/20 12:51:53 From submit: 1 job(s) submitted to cluster 27.
07/13/20 12:51:53 	assigned HTCondor ID (27.0.0)
07/13/20 12:51:53 Submitting HTCondor Node stage_in_remote_local_0_0 job(s)...
07/13/20 12:51:53 Adding a DAGMan workflow log /home/scitech/shared-data/Workflow/Workflow3/scitech/pegasus/Even_Odd/run0003/./Even_Odd-0.dag.nodes.log
07/13/20 12:51:53 Masking the events recorded in the DAGMAN workflow log
07/13/20 12:51:53 Mask for workflow log is 0,1,2,4,5,7,9,10,11,12,13,16,17,24,27,35,36
07/13/20 12:51:53 submitting: /usr/bin/condor_submit -a dag_node_name' '=' 'stage_in_remote_local_0_0 -a +DAGManJobId' '=' '25 -a DAGManJobId' '=' '25 -batch-name Even_Odd-0.dag+25 -a submit_event_notes' '=' 'DAG' 'Node:' 'stage_in_remote_local_0_0 -a dagman_log' '=' '/home/scitech/shared-data/Workflow/Workflow3/scitech/pegasus/Even_Odd/run0003/./Even_Odd-0.dag.nodes.log -a +DAGManNodesMask' '=' '"0,1,2,4,5,7,9,10,11,12,13,16,17,24,27,35,36" -a priority=700 -a +DAGNodeRetry' '=' '0 -a DAG_STATUS' '=' '0 -a FAILED_COUNT' '=' '0 -a +KeepClaimIdle' '=' '20 -a notification' '=' 'never -a +DAGParentNodeNames' '=' '"create_dir_Even_Odd_0_local" 00/00/stage_in_remote_local_0_0.sub
07/13/20 12:51:53 From submit: Submitting job(s).
07/13/20 12:51:53 From submit: 1 job(s) submitted to cluster 28.
07/13/20 12:51:53 	assigned HTCondor ID (28.0.0)
07/13/20 12:51:53 Submitting HTCondor Node stage_in_local_local_0_0 job(s)...
07/13/20 12:51:53 Adding a DAGMan workflow log /home/scitech/shared-data/Workflow/Workflow3/scitech/pegasus/Even_Odd/run0003/./Even_Odd-0.dag.nodes.log
07/13/20 12:51:53 Masking the events recorded in the DAGMAN workflow log
07/13/20 12:51:53 Mask for workflow log is 0,1,2,4,5,7,9,10,11,12,13,16,17,24,27,35,36
07/13/20 12:51:53 submitting: /usr/bin/condor_submit -a dag_node_name' '=' 'stage_in_local_local_0_0 -a +DAGManJobId' '=' '25 -a DAGManJobId' '=' '25 -batch-name Even_Odd-0.dag+25 -a submit_event_notes' '=' 'DAG' 'Node:' 'stage_in_local_local_0_0 -a dagman_log' '=' '/home/scitech/shared-data/Workflow/Workflow3/scitech/pegasus/Even_Odd/run0003/./Even_Odd-0.dag.nodes.log -a +DAGManNodesMask' '=' '"0,1,2,4,5,7,9,10,11,12,13,16,17,24,27,35,36" -a priority=700 -a +DAGNodeRetry' '=' '0 -a DAG_STATUS' '=' '0 -a FAILED_COUNT' '=' '0 -a +KeepClaimIdle' '=' '20 -a notification' '=' 'never -a +DAGParentNodeNames' '=' '"create_dir_Even_Odd_0_local" 00/00/stage_in_local_local_0_0.sub
07/13/20 12:51:53 From submit: Submitting job(s).
07/13/20 12:51:53 From submit: 1 job(s) submitted to cluster 29.
07/13/20 12:51:53 	assigned HTCondor ID (29.0.0)
07/13/20 12:51:53 Just submitted 3 jobs this cycle...
07/13/20 12:51:53 DAG status: 0 (DAG_STATUS_OK)
07/13/20 12:51:53 Of 19 nodes total:
07/13/20 12:51:53  Done     Pre   Queued    Post   Ready   Un-Ready   Failed
07/13/20 12:51:53   ===     ===      ===     ===     ===        ===      ===
07/13/20 12:51:53     1       0        3       0       0         15        0
07/13/20 12:51:53 0 job proc(s) currently held
07/13/20 12:51:53 DAGMan Runtime Statistics: [ EventCycleTimeStd = 0.02859753923937025; EventCycleTimeMax = 0.06482386589050293; SubmitCycleTimeMin = 0.0003578662872314453; SubmitCycleTimeAvg = 0.0836944580078125; SleepCycleTimeCount = 3.0; SubmitCycleTimeCount = 4.0; SubmitCycleTimeMax = 0.2763800621032715; SleepCycleTimeMin = 5.005124092102051; SubmitCycleTimeSum = 0.33477783203125; LogProcessCycleTimeStd = 0.01155497998774671; SubmitCycleTimeStd = 0.1312435119878217; LogProcessCycleTimeAvg = 0.01130557060241699; EventCycleTimeMin = 0.008843898773193359; LogProcessCycleTimeMax = 0.01947617530822754; LogProcessCycleTimeMin = 0.003134965896606445; LogProcessCycleTimeSum = 0.02261114120483398; LogProcessCycleTimeCount = 2.0; EventCycleTimeSum = 0.1003458499908447; SleepCycleTimeSum = 15.32149410247803; SleepCycleTimeAvg = 5.107164700826009; SleepCycleTimeStd = 0.1763646902021399; SleepCycleTimeMax = 5.310812950134277; EventCycleTimeCount = 3.0; EventCycleTimeAvg = 0.03344861666361491; ]
07/13/20 12:51:58 Currently monitoring 1 HTCondor log file(s)
07/13/20 12:51:58 Reassigning the id of job stage_in_remote_local_1_0 from (27.0.0) to (27.0.0)
07/13/20 12:51:58 Event: ULOG_SUBMIT for HTCondor Node stage_in_remote_local_1_0 (27.0.0) {07/13/20 12:51:53}
07/13/20 12:51:58 Number of idle job procs: 1
07/13/20 12:51:58 Reassigning the id of job stage_in_remote_local_0_0 from (28.0.0) to (28.0.0)
07/13/20 12:51:58 Event: ULOG_SUBMIT for HTCondor Node stage_in_remote_local_0_0 (28.0.0) {07/13/20 12:51:53}
07/13/20 12:51:58 Number of idle job procs: 2
07/13/20 12:51:58 Reassigning the id of job stage_in_local_local_0_0 from (29.0.0) to (29.0.0)
07/13/20 12:51:58 Event: ULOG_SUBMIT for HTCondor Node stage_in_local_local_0_0 (29.0.0) {07/13/20 12:51:53}
07/13/20 12:51:58 Number of idle job procs: 3
07/13/20 12:51:58 Event: ULOG_EXECUTE for HTCondor Node stage_in_remote_local_1_0 (27.0.0) {07/13/20 12:51:58}
07/13/20 12:51:58 Number of idle job procs: 2
07/13/20 12:51:58 Event: ULOG_EXECUTE for HTCondor Node stage_in_local_local_0_0 (29.0.0) {07/13/20 12:51:58}
07/13/20 12:51:58 Number of idle job procs: 1
07/13/20 12:51:58 Event: ULOG_EXECUTE for HTCondor Node stage_in_remote_local_0_0 (28.0.0) {07/13/20 12:51:58}
07/13/20 12:51:58 Number of idle job procs: 0
07/13/20 12:52:03 Currently monitoring 1 HTCondor log file(s)
07/13/20 12:52:03 Event: ULOG_JOB_TERMINATED for HTCondor Node stage_in_remote_local_1_0 (27.0.0) {07/13/20 12:52:00}
07/13/20 12:52:03 Number of idle job procs: 0
07/13/20 12:52:03 Node stage_in_remote_local_1_0 job proc (27.0.0) completed successfully.
07/13/20 12:52:03 Node stage_in_remote_local_1_0 job completed
07/13/20 12:52:03 Running POST script of Node stage_in_remote_local_1_0...
07/13/20 12:52:03 Warning: mysin has length 0 (ignore if produced by DAGMan; see gittrac #4987, #5031)
07/13/20 12:52:03 Event: ULOG_JOB_TERMINATED for HTCondor Node stage_in_local_local_0_0 (29.0.0) {07/13/20 12:52:02}
07/13/20 12:52:03 Number of idle job procs: 0
07/13/20 12:52:03 Node stage_in_local_local_0_0 job proc (29.0.0) completed successfully.
07/13/20 12:52:03 Node stage_in_local_local_0_0 job completed
07/13/20 12:52:03 Running POST script of Node stage_in_local_local_0_0...
07/13/20 12:52:03 Warning: mysin has length 0 (ignore if produced by DAGMan; see gittrac #4987, #5031)
07/13/20 12:52:03 DAG status: 0 (DAG_STATUS_OK)
07/13/20 12:52:03 Of 19 nodes total:
07/13/20 12:52:03  Done     Pre   Queued    Post   Ready   Un-Ready   Failed
07/13/20 12:52:03   ===     ===      ===     ===     ===        ===      ===
07/13/20 12:52:03     1       0        1       2       0         15        0
07/13/20 12:52:03 0 job proc(s) currently held
07/13/20 12:52:03 DAGMan Runtime Statistics: [ EventCycleTimeStd = 0.1169768872654258; EventCycleTimeMax = 0.2874090671539307; SubmitCycleTimeMin = 0.0003159046173095703; SubmitCycleTimeAvg = 0.05592513084411621; SleepCycleTimeCount = 5.0; SubmitCycleTimeCount = 6.0; SubmitCycleTimeMax = 0.2763800621032715; SleepCycleTimeMin = 4.970729827880859; SubmitCycleTimeSum = 0.3355507850646973; LogProcessCycleTimeStd = 0.008200774526485464; SubmitCycleTimeStd = 0.1103885996387048; LogProcessCycleTimeAvg = 0.0154229998588562; EventCycleTimeMin = 0.008843898773193359; LogProcessCycleTimeMax = 0.02000284194946289; LogProcessCycleTimeMin = 0.003134965896606445; LogProcessCycleTimeSum = 0.0616919994354248; LogProcessCycleTimeCount = 4.0; EventCycleTimeSum = 0.4078269004821777; SleepCycleTimeSum = 25.29778695106506; SleepCycleTimeAvg = 5.059557390213013; SleepCycleTimeStd = 0.1412569500413221; SleepCycleTimeMax = 5.310812950134277; EventCycleTimeCount = 5.0; EventCycleTimeAvg = 0.08156538009643555; ]
07/13/20 12:52:03 Initializing user log writer for /home/scitech/shared-data/Workflow/Workflow3/scitech/pegasus/Even_Odd/run0003/./Even_Odd-0.dag.nodes.log, (27.0.0)
07/13/20 12:52:03 Initializing user log writer for /home/scitech/shared-data/Workflow/Workflow3/scitech/pegasus/Even_Odd/run0003/./Even_Odd-0.dag.nodes.log, (29.0.0)
07/13/20 12:52:08 Currently monitoring 1 HTCondor log file(s)
07/13/20 12:52:08 Event: ULOG_POST_SCRIPT_TERMINATED for HTCondor Node stage_in_remote_local_1_0 (27.0.0) {07/13/20 12:52:03}
07/13/20 12:52:08 POST Script of node stage_in_remote_local_1_0 completed successfully.
07/13/20 12:52:08 Event: ULOG_POST_SCRIPT_TERMINATED for HTCondor Node stage_in_local_local_0_0 (29.0.0) {07/13/20 12:52:03}
07/13/20 12:52:08 POST Script of node stage_in_local_local_0_0 completed successfully.
07/13/20 12:52:08 DAG status: 0 (DAG_STATUS_OK)
07/13/20 12:52:08 Of 19 nodes total:
07/13/20 12:52:08  Done     Pre   Queued    Post   Ready   Un-Ready   Failed
07/13/20 12:52:08   ===     ===      ===     ===     ===        ===      ===
07/13/20 12:52:08     3       0        1       0       0         15        0
07/13/20 12:52:08 0 job proc(s) currently held
07/13/20 12:52:08 DAGMan Runtime Statistics: [ EventCycleTimeStd = 0.1070796134828135; EventCycleTimeMax = 0.2874090671539307; SubmitCycleTimeMin = 0.0003159046173095703; SubmitCycleTimeAvg = 0.0480004038129534; SleepCycleTimeCount = 6.0; SubmitCycleTimeCount = 7.0; SubmitCycleTimeMax = 0.2763800621032715; SleepCycleTimeMin = 4.970729827880859; SubmitCycleTimeSum = 0.3360028266906738; LogProcessCycleTimeStd = 0.008298414508558701; SubmitCycleTimeStd = 0.1029286720571953; LogProcessCycleTimeAvg = 0.01350340843200684; EventCycleTimeMin = 0.008843898773193359; LogProcessCycleTimeMax = 0.02000284194946289; LogProcessCycleTimeMin = 0.003134965896606445; LogProcessCycleTimeSum = 0.06751704216003418; LogProcessCycleTimeCount = 5.0; EventCycleTimeSum = 0.4335799217224121; SleepCycleTimeSum = 30.63063311576843; SleepCycleTimeAvg = 5.105105519294739; SleepCycleTimeStd = 0.168554481177616; SleepCycleTimeMax = 5.332846164703369; EventCycleTimeCount = 6.0; EventCycleTimeAvg = 0.07226332028706868; ]
07/13/20 12:59:23 Currently monitoring 1 HTCondor log file(s)
07/13/20 12:59:23 Event: ULOG_JOB_TERMINATED for HTCondor Node stage_in_remote_local_0_0 (28.0.0) {07/13/20 12:59:23}
07/13/20 12:59:23 Number of idle job procs: 0
07/13/20 12:59:23 Node stage_in_remote_local_0_0 job proc (28.0.0) failed with status 1.
07/13/20 12:59:23 Node stage_in_remote_local_0_0 job completed
07/13/20 12:59:23 Running POST script of Node stage_in_remote_local_0_0...
07/13/20 12:59:23 Warning: mysin has length 0 (ignore if produced by DAGMan; see gittrac #4987, #5031)
07/13/20 12:59:23 DAG status: 0 (DAG_STATUS_OK)
07/13/20 12:59:23 Of 19 nodes total:
07/13/20 12:59:23  Done     Pre   Queued    Post   Ready   Un-Ready   Failed
07/13/20 12:59:23   ===     ===      ===     ===     ===        ===      ===
07/13/20 12:59:23     3       0        0       1       0         15        0
07/13/20 12:59:23 0 job proc(s) currently held
07/13/20 12:59:23 DAGMan Runtime Statistics: [ EventCycleTimeStd = 0.03051700142775714; EventCycleTimeMax = 0.2874090671539307; SubmitCycleTimeMin = 0.0002119541168212891; SubmitCycleTimeAvg = 0.004047140162041846; SleepCycleTimeCount = 93.0; SubmitCycleTimeCount = 94.0; SubmitCycleTimeMax = 0.2763800621032715; SleepCycleTimeMin = 4.967971086502075; SubmitCycleTimeSum = 0.3804311752319336; LogProcessCycleTimeStd = 0.007575647213736763; SubmitCycleTimeStd = 0.0289939692765165; LogProcessCycleTimeAvg = 0.01288433869679769; EventCycleTimeMin = 0.0004889965057373047; LogProcessCycleTimeMax = 0.02000284194946289; LogProcessCycleTimeMin = 0.003134965896606445; LogProcessCycleTimeSum = 0.07730603218078613; LogProcessCycleTimeCount = 6.0; EventCycleTimeSum = 0.5524582862854004; SleepCycleTimeSum = 465.7160725593567; SleepCycleTimeAvg = 5.007699704939319; SleepCycleTimeStd = 0.04864201649527603; SleepCycleTimeMax = 5.332846164703369; EventCycleTimeCount = 93.0; EventCycleTimeAvg = 0.005940411680488176; ]
07/13/20 12:59:24 Initializing user log writer for /home/scitech/shared-data/Workflow/Workflow3/scitech/pegasus/Even_Odd/run0003/./Even_Odd-0.dag.nodes.log, (28.0.0)
07/13/20 12:59:28 Currently monitoring 1 HTCondor log file(s)
07/13/20 12:59:28 Event: ULOG_POST_SCRIPT_TERMINATED for HTCondor Node stage_in_remote_local_0_0 (28.0.0) {07/13/20 12:59:24}
07/13/20 12:59:28 POST Script of node stage_in_remote_local_0_0 failed with status 1
07/13/20 12:59:28 POST for Node stage_in_remote_local_0_0 returned 1
07/13/20 12:59:28 Retrying node stage_in_remote_local_0_0 (retry #1 of 1)...
07/13/20 12:59:28 DAG status: 0 (DAG_STATUS_OK)
07/13/20 12:59:28 Of 19 nodes total:
07/13/20 12:59:28  Done     Pre   Queued    Post   Ready   Un-Ready   Failed
07/13/20 12:59:28   ===     ===      ===     ===     ===        ===      ===
07/13/20 12:59:28     3       0        0       0       1         15        0
07/13/20 12:59:28 0 job proc(s) currently held
07/13/20 12:59:28 DAGMan Runtime Statistics: [ EventCycleTimeStd = 0.03039885175121122; EventCycleTimeMax = 0.2874090671539307; SubmitCycleTimeMin = 0.0002119541168212891; SubmitCycleTimeAvg = 0.004008288132516961; SleepCycleTimeCount = 94.0; SubmitCycleTimeCount = 95.0; SubmitCycleTimeMax = 0.2763800621032715; SleepCycleTimeMin = 4.255207061767578; SubmitCycleTimeSum = 0.3807873725891113; LogProcessCycleTimeStd = 0.00746835062694697; SubmitCycleTimeStd = 0.02884181976251786; LogProcessCycleTimeAvg = 0.01181857926504952; EventCycleTimeMin = 0.0004889965057373047; LogProcessCycleTimeMax = 0.02000284194946289; LogProcessCycleTimeMin = 0.003134965896606445; LogProcessCycleTimeSum = 0.08273005485534668; LogProcessCycleTimeCount = 7.0; EventCycleTimeSum = 0.5746703147888184; SleepCycleTimeSum = 469.9712796211243; SleepCycleTimeAvg = 4.999694464054514; SleepCycleTimeStd = 0.09145758191100367; SleepCycleTimeMax = 5.332846164703369; EventCycleTimeCount = 94.0; EventCycleTimeAvg = 0.006113513987115089; ]
07/13/20 12:59:33 Reassigning the id of job stage_in_remote_local_0_0 from (28.0.0) to (-1.-1.-1)
07/13/20 12:59:33 Submitting HTCondor Node stage_in_remote_local_0_0 job(s)...
07/13/20 12:59:33 Adding a DAGMan workflow log /home/scitech/shared-data/Workflow/Workflow3/scitech/pegasus/Even_Odd/run0003/./Even_Odd-0.dag.nodes.log
07/13/20 12:59:33 Masking the events recorded in the DAGMAN workflow log
07/13/20 12:59:33 Mask for workflow log is 0,1,2,4,5,7,9,10,11,12,13,16,17,24,27,35,36
07/13/20 12:59:33 submitting: /usr/bin/condor_submit -a dag_node_name' '=' 'stage_in_remote_local_0_0 -a +DAGManJobId' '=' '25 -a DAGManJobId' '=' '25 -batch-name Even_Odd-0.dag+25 -a submit_event_notes' '=' 'DAG' 'Node:' 'stage_in_remote_local_0_0 -a dagman_log' '=' '/home/scitech/shared-data/Workflow/Workflow3/scitech/pegasus/Even_Odd/run0003/./Even_Odd-0.dag.nodes.log -a +DAGManNodesMask' '=' '"0,1,2,4,5,7,9,10,11,12,13,16,17,24,27,35,36" -a priority=700 -a +DAGNodeRetry' '=' '1 -a DAG_STATUS' '=' '0 -a FAILED_COUNT' '=' '0 -a +KeepClaimIdle' '=' '20 -a notification' '=' 'never -a +DAGParentNodeNames' '=' '"create_dir_Even_Odd_0_local" 00/00/stage_in_remote_local_0_0.sub
07/13/20 12:59:33 From submit: Submitting job(s).
07/13/20 12:59:33 From submit: 1 job(s) submitted to cluster 31.
07/13/20 12:59:33 	assigned HTCondor ID (31.0.0)
07/13/20 12:59:33 Just submitted 1 job this cycle...
07/13/20 12:59:33 DAG status: 0 (DAG_STATUS_OK)
07/13/20 12:59:33 Of 19 nodes total:
07/13/20 12:59:33  Done     Pre   Queued    Post   Ready   Un-Ready   Failed
07/13/20 12:59:33   ===     ===      ===     ===     ===        ===      ===
07/13/20 12:59:33     3       0        1       0       0         15        0
07/13/20 12:59:33 0 job proc(s) currently held
07/13/20 12:59:33 DAGMan Runtime Statistics: [ EventCycleTimeStd = 0.03024359049625173; EventCycleTimeMax = 0.2874090671539307; SubmitCycleTimeMin = 0.0002119541168212891; SubmitCycleTimeAvg = 0.00449508676926295; SleepCycleTimeCount = 95.0; SubmitCycleTimeCount = 96.0; SubmitCycleTimeMax = 0.2763800621032715; SleepCycleTimeMin = 4.255207061767578; SubmitCycleTimeSum = 0.4315283298492432; LogProcessCycleTimeStd = 0.00746835062694697; SubmitCycleTimeStd = 0.02908339122379381; LogProcessCycleTimeAvg = 0.01181857926504952; EventCycleTimeMin = 0.0004889965057373047; LogProcessCycleTimeMax = 0.02000284194946289; LogProcessCycleTimeMin = 0.003134965896606445; LogProcessCycleTimeSum = 0.08273005485534668; LogProcessCycleTimeCount = 7.0; EventCycleTimeSum = 0.5870652198791504; SleepCycleTimeSum = 474.9416646957397; SleepCycleTimeAvg = 4.999385944165682; SleepCycleTimeStd = 0.09101949181339804; SleepCycleTimeMax = 5.332846164703369; EventCycleTimeCount = 95.0; EventCycleTimeAvg = 0.006179633893464741; ]
07/13/20 12:59:38 Currently monitoring 1 HTCondor log file(s)
07/13/20 12:59:38 Reassigning the id of job stage_in_remote_local_0_0 from (31.0.0) to (31.0.0)
07/13/20 12:59:38 Event: ULOG_SUBMIT for HTCondor Node stage_in_remote_local_0_0 (31.0.0) {07/13/20 12:59:33}
07/13/20 12:59:38 Number of idle job procs: 1
07/13/20 12:59:43 Currently monitoring 1 HTCondor log file(s)
07/13/20 12:59:43 Event: ULOG_EXECUTE for HTCondor Node stage_in_remote_local_0_0 (31.0.0) {07/13/20 12:59:38}
07/13/20 12:59:43 Number of idle job procs: 0
07/13/20 13:07:03 Currently monitoring 1 HTCondor log file(s)
07/13/20 13:07:03 Event: ULOG_JOB_TERMINATED for HTCondor Node stage_in_remote_local_0_0 (31.0.0) {07/13/20 13:06:59}
07/13/20 13:07:03 Number of idle job procs: 0
07/13/20 13:07:03 Node stage_in_remote_local_0_0 job proc (31.0.0) failed with status 1.
07/13/20 13:07:03 Node stage_in_remote_local_0_0 job completed
07/13/20 13:07:03 Running POST script of Node stage_in_remote_local_0_0...
07/13/20 13:07:03 Warning: mysin has length 0 (ignore if produced by DAGMan; see gittrac #4987, #5031)
07/13/20 13:07:03 DAG status: 0 (DAG_STATUS_OK)
07/13/20 13:07:03 Of 19 nodes total:
07/13/20 13:07:03  Done     Pre   Queued    Post   Ready   Un-Ready   Failed
07/13/20 13:07:03   ===     ===      ===     ===     ===        ===      ===
07/13/20 13:07:03     3       0        0       1       0         15        0
07/13/20 13:07:03 0 job proc(s) currently held
07/13/20 13:07:03 DAGMan Runtime Statistics: [ EventCycleTimeStd = 0.02210161455259171; EventCycleTimeMax = 0.2874090671539307; SubmitCycleTimeMin = 0.0002119541168212891; SubmitCycleTimeAvg = 0.002559036336919313; SleepCycleTimeCount = 185.0; SubmitCycleTimeCount = 186.0; SubmitCycleTimeMax = 0.2763800621032715; SleepCycleTimeMin = 4.255207061767578; SubmitCycleTimeSum = 0.4759807586669922; LogProcessCycleTimeStd = 0.006874938860347619; SubmitCycleTimeStd = 0.02093773385149822; LogProcessCycleTimeAvg = 0.01011879444122315; EventCycleTimeMin = 0.0004889965057373047; LogProcessCycleTimeMax = 0.02000284194946289; LogProcessCycleTimeMin = 0.003134965896606445; LogProcessCycleTimeSum = 0.1011879444122314; LogProcessCycleTimeCount = 10.0; EventCycleTimeSum = 0.7609825134277344; SleepCycleTimeSum = 924.9330363273621; SleepCycleTimeAvg = 4.999638034201957; SleepCycleTimeStd = 0.06573273054423681; SleepCycleTimeMax = 5.332846164703369; EventCycleTimeCount = 185.0; EventCycleTimeAvg = 0.004113418991501267; ]
07/13/20 13:07:03 Initializing user log writer for /home/scitech/shared-data/Workflow/Workflow3/scitech/pegasus/Even_Odd/run0003/./Even_Odd-0.dag.nodes.log, (31.0.0)
07/13/20 13:07:08 Currently monitoring 1 HTCondor log file(s)
07/13/20 13:07:08 Event: ULOG_POST_SCRIPT_TERMINATED for HTCondor Node stage_in_remote_local_0_0 (31.0.0) {07/13/20 13:07:03}
07/13/20 13:07:08 POST Script of node stage_in_remote_local_0_0 failed with status 1
07/13/20 13:07:08 POST for Node stage_in_remote_local_0_0 returned 1
07/13/20 13:07:08 DAG status: 2 (DAG_STATUS_NODE_FAILED)
07/13/20 13:07:08 Of 19 nodes total:
07/13/20 13:07:08  Done     Pre   Queued    Post   Ready   Un-Ready   Failed
07/13/20 13:07:08   ===     ===      ===     ===     ===        ===      ===
07/13/20 13:07:08     3       0        0       0       0         15        1
07/13/20 13:07:08 0 job proc(s) currently held
07/13/20 13:07:08 DAGMan Runtime Statistics: [ EventCycleTimeStd = 0.0220859660132532; EventCycleTimeMax = 0.2874090671539307; SubmitCycleTimeMin = 0.0002119541168212891; SubmitCycleTimeAvg = 0.002547409445206749; SleepCycleTimeCount = 186.0; SubmitCycleTimeCount = 187.0; SubmitCycleTimeMax = 0.2763800621032715; SleepCycleTimeMin = 4.255207061767578; SubmitCycleTimeSum = 0.4763655662536621; LogProcessCycleTimeStd = 0.006729421868997654; SubmitCycleTimeStd = 0.02088197906976361; LogProcessCycleTimeAvg = 0.009619084271517668; EventCycleTimeMin = 0.0004889965057373047; LogProcessCycleTimeMax = 0.02000284194946289; LogProcessCycleTimeMin = 0.003134965896606445; LogProcessCycleTimeSum = 0.1058099269866943; LogProcessCycleTimeCount = 11.0; EventCycleTimeSum = 0.7841355800628662; SleepCycleTimeSum = 930.2189214229584; SleepCycleTimeAvg = 5.001176996897626; SleepCycleTimeStd = 0.06883283941785158; SleepCycleTimeMax = 5.332846164703369; EventCycleTimeCount = 186.0; EventCycleTimeAvg = 0.004215782688510033; ]
07/13/20 13:07:08 ERROR: the following job(s) failed:
07/13/20 13:07:08 ---------------------- Job ----------------------
07/13/20 13:07:08       Node Name: stage_in_remote_local_0_0
07/13/20 13:07:08            Noop: false
07/13/20 13:07:08          NodeID: 2
07/13/20 13:07:08     Node Status: STATUS_ERROR    
07/13/20 13:07:08 Node return val: 1
07/13/20 13:07:08           Error: Job exited with status 1 and POST Script failed with status 1 (after 1 node retries)
07/13/20 13:07:08 Job Submit File: 00/00/stage_in_remote_local_0_0.sub
07/13/20 13:07:08     POST Script: /home/scitech/pegasus/dist/pegasus-5.0.0dev/bin/pegasus-exitcode  -l Even_Odd-0.exitcode.log -M Even_Odd-0.cache.meta  .//00/00/stage_in_remote_local_0_0.out
07/13/20 13:07:08           Retry: 1
07/13/20 13:07:08  HTCondor Job ID: (31.0.0)
07/13/20 13:07:08       Q_PARENTS: create_dir_Even_Odd_0_local, <END>
07/13/20 13:07:08       Q_WAITING: <END>
07/13/20 13:07:08      Q_CHILDREN: separate_py_ID0000001, <END>
07/13/20 13:07:08 ---------------------------------------	<END>
07/13/20 13:07:08 Aborting DAG...
07/13/20 13:07:08 Writing Rescue DAG to Even_Odd-0.dag.rescue001...
07/13/20 13:07:08 Removing submitted jobs...
07/13/20 13:07:08 Removing any/all submitted HTCondor jobs...
07/13/20 13:07:08 Running: /usr/bin/condor_rm -const DAGManJobId' '=?=' '25
07/13/20 13:07:08 Note: 0 total job deferrals because of -MaxJobs limit (0)
07/13/20 13:07:08 Note: 0 total job deferrals because of -MaxIdle limit (1000)
07/13/20 13:07:08 Note: 0 total job deferrals because of node category throttles
07/13/20 13:07:08 Note: 0 total PRE script deferrals because of -MaxPre limit (20) or DEFER
07/13/20 13:07:08 Note: 0 total POST script deferrals because of -MaxPost limit (20) or DEFER
07/13/20 13:07:08 DAG status: 2 (DAG_STATUS_NODE_FAILED)
07/13/20 13:07:08 Of 19 nodes total:
07/13/20 13:07:08  Done     Pre   Queued    Post   Ready   Un-Ready   Failed
07/13/20 13:07:08   ===     ===      ===     ===     ===        ===      ===
07/13/20 13:07:08     3       0        0       0       0         15        1
07/13/20 13:07:08 0 job proc(s) currently held
07/13/20 13:07:08 DAGMan Runtime Statistics: [ EventCycleTimeStd = 0.0220859660132532; EventCycleTimeMax = 0.2874090671539307; SubmitCycleTimeMin = 0.0002119541168212891; SubmitCycleTimeAvg = 0.002547409445206749; SleepCycleTimeCount = 186.0; SubmitCycleTimeCount = 187.0; SubmitCycleTimeMax = 0.2763800621032715; SleepCycleTimeMin = 4.255207061767578; SubmitCycleTimeSum = 0.4763655662536621; LogProcessCycleTimeStd = 0.006729421868997654; SubmitCycleTimeStd = 0.02088197906976361; LogProcessCycleTimeAvg = 0.009619084271517668; EventCycleTimeMin = 0.0004889965057373047; LogProcessCycleTimeMax = 0.02000284194946289; LogProcessCycleTimeMin = 0.003134965896606445; LogProcessCycleTimeSum = 0.1058099269866943; LogProcessCycleTimeCount = 11.0; EventCycleTimeSum = 0.7841355800628662; SleepCycleTimeSum = 930.2189214229584; SleepCycleTimeAvg = 5.001176996897626; SleepCycleTimeStd = 0.06883283941785158; SleepCycleTimeMax = 5.332846164703369; EventCycleTimeCount = 186.0; EventCycleTimeAvg = 0.004215782688510033; ]
07/13/20 13:07:08 Wrote metrics file Even_Odd-0.dag.metrics.
07/13/20 13:07:08 Reporting metrics to Pegasus metrics server(s); output is in Even_Odd-0.dag.metrics.out.
07/13/20 13:07:08 Running command </usr/libexec/condor/condor_dagman_metrics_reporter -f Even_Odd-0.dag.metrics -t 100>
07/13/20 13:07:08 Warning: mysin has length 0 (ignore if produced by DAGMan; see gittrac #4987, #5031)
07/13/20 13:07:08 DAGMan Runtime Statistics: [ EventCycleTimeStd = 0.0220859660132532; EventCycleTimeMax = 0.2874090671539307; SubmitCycleTimeMin = 0.0002119541168212891; SubmitCycleTimeAvg = 0.002547409445206749; SleepCycleTimeCount = 186.0; SubmitCycleTimeCount = 187.0; SubmitCycleTimeMax = 0.2763800621032715; SleepCycleTimeMin = 4.255207061767578; SubmitCycleTimeSum = 0.4763655662536621; LogProcessCycleTimeStd = 0.006729421868997654; SubmitCycleTimeStd = 0.02088197906976361; LogProcessCycleTimeAvg = 0.009619084271517668; EventCycleTimeMin = 0.0004889965057373047; LogProcessCycleTimeMax = 0.02000284194946289; LogProcessCycleTimeMin = 0.003134965896606445; LogProcessCycleTimeSum = 0.1058099269866943; LogProcessCycleTimeCount = 11.0; EventCycleTimeSum = 0.7841355800628662; SleepCycleTimeSum = 930.2189214229584; SleepCycleTimeAvg = 5.001176996897626; SleepCycleTimeStd = 0.06883283941785158; SleepCycleTimeMax = 5.332846164703369; EventCycleTimeCount = 186.0; EventCycleTimeAvg = 0.004215782688510033; ]
07/13/20 13:07:08 **** condor_scheduniv_exec.25.0 (condor_DAGMAN) pid 31921 EXITING WITH STATUS 1
