2020-07-13 12:51:34,207:INFO:pegasus-monitord(58): pegasus-monitord starting - pid 31922 
2020-07-13 12:51:34,231:INFO:pegasus-monitord(455): Final Command line options are: ['-N', 'Even_Odd-0.dag.dagman.out']
2020-07-13 12:51:34,253:INFO:Pegasus.monitoring.event_output(629): Connecting workflow event sink to sqlite:////home/scitech/shared-data/Workflow/Workflow3/scitech/pegasus/Even_Odd/run0003/Even_Odd-0.stampede.db
Created Pegasus database in: sqlite:////home/scitech/shared-data/Workflow/Workflow3/scitech/pegasus/Even_Odd/run0003/Even_Odd-0.stampede.db
Your database is compatible with Pegasus version: 5.0.0dev
2020-07-13 12:51:35,192:INFO:Pegasus.monitoring.event_output(703): output type=DB namespace=stampede. name=sqlite:////home/scitech/shared-data/Workflow/Workflow3/scitech/pegasus/Even_Odd/run0003/Even_Odd-0.stampede.db
2020-07-13 12:51:35,192:INFO:Pegasus.monitoring.event_output(629): Connecting workflow event sink to sqlite:////home/scitech/.pegasus/workflow.db
Your database is compatible with Pegasus version: 5.0.0dev
2020-07-13 12:51:35,719:INFO:Pegasus.monitoring.event_output(703): output type=DB namespace=dashboard. name=sqlite:////home/scitech/.pegasus/workflow.db
2020-07-13 12:51:35,720:INFO:pegasus-monitord(1247): monitord started in fast start mode
2020-07-13 12:51:35,746:INFO:Pegasus.monitoring.workflow(461): cannot open state file /home/scitech/shared-data/Workflow/Workflow3/scitech/pegasus/Even_Odd/run0003/monitord.info, continuing without state...
2020-07-13 12:51:35,747:INFO:Pegasus.monitoring.workflow(1148): creating new file /home/scitech/shared-data/Workflow/Workflow3/scitech/pegasus/Even_Odd/run0003/jobstate.log
2020-07-13 12:51:35,748:INFO:Pegasus.monitoring.workflow(1158): Appending to existing jobstate.log replay_mode 0 previous_processed_line 0
2020-07-13 12:51:35,750:INFO:Pegasus.monitoring.notifications(474): loading notifications from /home/scitech/shared-data/Workflow/Workflow3/scitech/pegasus/Even_Odd/run0003/Even_Odd-0.notify
2020-07-13 12:51:36,081:INFO:Pegasus.monitoring.workflow(205): Parsing DAG file /home/scitech/shared-data/Workflow/Workflow3/scitech/pegasus/Even_Odd/run0003/Even_Odd-0.dag
2020-07-13 12:51:36,089:INFO:pegasus-monitord(974): Using DAGMan version 8.8.9 80809
2020-07-13 12:51:36,090:INFO:pegasus-monitord(949): DAGMan runs at pid 31921
2020-07-13 12:51:36,094:INFO:pegasus-monitord(955): using dag Even_Odd-0.dag
2020-07-13 12:51:36,094:INFO:Pegasus.monitoring.workflow(811): DAGMan starting with condor id 25.0
2020-07-13 13:07:09,769:INFO:pegasus-monitord(927): DAGMan Even_Odd-0.dag finished with exit code 1
2020-07-13 13:07:10,789:INFO:pegasus-monitord(1427): workflow /home/scitech/shared-data/Workflow/Workflow3/scitech/pegasus/Even_Odd/run0003/Even_Odd-0.dag.dagman.out ended
2020-07-13 13:07:10,805:INFO:Pegasus.monitoring.workflow(1377): recovery file deleted: /home/scitech/shared-data/Workflow/Workflow3/scitech/pegasus/Even_Odd/run0003/monitord.recover
2020-07-13 13:07:10,812:INFO:pegasus-monitord(1665): finishing workflow: /home/scitech/shared-data/Workflow/Workflow3/scitech/pegasus/Even_Odd/run0003/Even_Odd-0.dag.dagman.out
2020-07-13 13:07:10,813:INFO:pegasus-monitord(1719): finishing notifications...
2020-07-13 13:07:10,814:INFO:pegasus-monitord(1727): monitord process 31922 exiting with 0
2020-07-13 13:07:10,816:INFO:pegasus-monitord(197): DB flushing beginning
2020-07-13 13:07:10,817:INFO:Pegasus.db.workflow_loader.WorkflowLoader(1244): Executing final flush
2020-07-13 13:07:10,939:INFO:Pegasus.db.dashboard_loader.DashboardLoader(397): Executing final flush
2020-07-13 13:07:10,940:INFO:pegasus-monitord(213): DB flushing ended
