2020-09-24 11:36:21,770:INFO:pegasus-monitord(58): pegasus-monitord starting - pid 73180 
2020-09-24 11:36:21,787:INFO:pegasus-monitord(455): Final Command line options are: ['-N', 'Cats_and_Dogs-0.dag.dagman.out']
2020-09-24 11:36:21,807:INFO:Pegasus.monitoring.event_output(629): Connecting workflow event sink to sqlite:////home/scitech/shared-data/CatsAndDogs/scitech/pegasus/Cats_and_Dogs/run0026/Cats_and_Dogs-0.stampede.db
Created Pegasus database in: sqlite:////home/scitech/shared-data/CatsAndDogs/scitech/pegasus/Cats_and_Dogs/run0026/Cats_and_Dogs-0.stampede.db
Your database is compatible with Pegasus version: 5.0.0dev
2020-09-24 11:36:22,913:INFO:Pegasus.monitoring.event_output(703): output type=DB namespace=stampede. name=sqlite:////home/scitech/shared-data/CatsAndDogs/scitech/pegasus/Cats_and_Dogs/run0026/Cats_and_Dogs-0.stampede.db
2020-09-24 11:36:22,914:INFO:Pegasus.monitoring.event_output(629): Connecting workflow event sink to sqlite:////home/scitech/.pegasus/workflow.db
Your database is compatible with Pegasus version: 5.0.0dev
2020-09-24 11:36:23,388:INFO:Pegasus.monitoring.event_output(703): output type=DB namespace=dashboard. name=sqlite:////home/scitech/.pegasus/workflow.db
2020-09-24 11:36:23,389:INFO:pegasus-monitord(1247): monitord started in fast start mode
2020-09-24 11:36:23,413:INFO:Pegasus.monitoring.workflow(461): cannot open state file /home/scitech/shared-data/CatsAndDogs/scitech/pegasus/Cats_and_Dogs/run0026/monitord.info, continuing without state...
2020-09-24 11:36:23,414:INFO:Pegasus.monitoring.workflow(1148): creating new file /home/scitech/shared-data/CatsAndDogs/scitech/pegasus/Cats_and_Dogs/run0026/jobstate.log
2020-09-24 11:36:23,414:INFO:Pegasus.monitoring.workflow(1158): Appending to existing jobstate.log replay_mode 0 previous_processed_line 0
2020-09-24 11:36:23,416:INFO:Pegasus.monitoring.notifications(474): loading notifications from /home/scitech/shared-data/CatsAndDogs/scitech/pegasus/Cats_and_Dogs/run0026/Cats_and_Dogs-0.notify
2020-09-24 11:36:23,738:INFO:Pegasus.monitoring.workflow(205): Parsing DAG file /home/scitech/shared-data/CatsAndDogs/scitech/pegasus/Cats_and_Dogs/run0026/Cats_and_Dogs-0.dag
2020-09-24 11:36:23,742:INFO:pegasus-monitord(974): Using DAGMan version 8.8.10 80810
2020-09-24 11:36:23,743:INFO:pegasus-monitord(949): DAGMan runs at pid 73179
2020-09-24 11:36:23,745:INFO:pegasus-monitord(955): using dag Cats_and_Dogs-0.dag
2020-09-24 11:36:23,746:INFO:Pegasus.monitoring.workflow(811): DAGMan starting with condor id 595.0
2020-09-24 11:36:56,510:INFO:Pegasus.monitoring.workflow(2468): Populating locations corresponding to succeeded registration job  /home/scitech/shared-data/CatsAndDogs/scitech/pegasus/Cats_and_Dogs/run0026/00/00/register_local_1000_0.in 
2020-09-24 11:38:03,990:INFO:Pegasus.monitoring.workflow(2468): Populating locations corresponding to succeeded registration job  /home/scitech/shared-data/CatsAndDogs/scitech/pegasus/Cats_and_Dogs/run0026/00/00/register_local_0_0.in 
2020-09-24 11:38:19,558:INFO:Pegasus.monitoring.workflow(2468): Populating locations corresponding to succeeded registration job  /home/scitech/shared-data/CatsAndDogs/scitech/pegasus/Cats_and_Dogs/run0026/00/00/register_local_1_0.in 
2020-09-24 11:38:38,846:INFO:Pegasus.monitoring.workflow(2468): Populating locations corresponding to succeeded registration job  /home/scitech/shared-data/CatsAndDogs/scitech/pegasus/Cats_and_Dogs/run0026/00/00/register_local_2_0.in 
2020-09-24 11:39:38,892:INFO:Pegasus.monitoring.workflow(2468): Populating locations corresponding to succeeded registration job  /home/scitech/shared-data/CatsAndDogs/scitech/pegasus/Cats_and_Dogs/run0026/00/00/register_local_3_0.in 
2020-09-24 11:39:54,074:INFO:pegasus-monitord(927): DAGMan Cats_and_Dogs-0.dag finished with exit code 0
2020-09-24 11:39:55,102:INFO:pegasus-monitord(1427): workflow /home/scitech/shared-data/CatsAndDogs/scitech/pegasus/Cats_and_Dogs/run0026/Cats_and_Dogs-0.dag.dagman.out ended
2020-09-24 11:39:55,107:INFO:Pegasus.monitoring.workflow(1378): recovery file deleted: /home/scitech/shared-data/CatsAndDogs/scitech/pegasus/Cats_and_Dogs/run0026/monitord.recover
2020-09-24 11:39:55,110:INFO:pegasus-monitord(1665): finishing workflow: /home/scitech/shared-data/CatsAndDogs/scitech/pegasus/Cats_and_Dogs/run0026/Cats_and_Dogs-0.dag.dagman.out
2020-09-24 11:39:55,110:INFO:pegasus-monitord(1719): finishing notifications...
2020-09-24 11:39:55,111:INFO:pegasus-monitord(1727): monitord process 73180 exiting with 0
2020-09-24 11:39:55,112:INFO:pegasus-monitord(197): DB flushing beginning
2020-09-24 11:39:55,112:INFO:Pegasus.db.workflow_loader.WorkflowLoader(1244): Executing final flush
2020-09-24 11:39:55,236:INFO:Pegasus.db.dashboard_loader.DashboardLoader(397): Executing final flush
2020-09-24 11:39:55,237:INFO:pegasus-monitord(213): DB flushing ended
