2020-07-23 09:56:21,463:INFO:pegasus-monitord(58): pegasus-monitord starting - pid 17314 
2020-07-23 09:56:21,483:INFO:pegasus-monitord(455): Final Command line options are: ['-N', 'nested-dir-tutorial-0.dag.dagman.out']
2020-07-23 09:56:21,506:INFO:Pegasus.monitoring.event_output(629): Connecting workflow event sink to sqlite:////home/scitech/shared-data/sample-deep-lfn-nonsharedfs-wf/scitech/pegasus/nested-dir-tutorial/run0001/nested-dir-tutorial-0.stampede.db
Created Pegasus database in: sqlite:////home/scitech/shared-data/sample-deep-lfn-nonsharedfs-wf/scitech/pegasus/nested-dir-tutorial/run0001/nested-dir-tutorial-0.stampede.db
Your database is compatible with Pegasus version: 5.0.0dev
2020-07-23 09:56:22,279:INFO:Pegasus.monitoring.event_output(703): output type=DB namespace=stampede. name=sqlite:////home/scitech/shared-data/sample-deep-lfn-nonsharedfs-wf/scitech/pegasus/nested-dir-tutorial/run0001/nested-dir-tutorial-0.stampede.db
2020-07-23 09:56:22,279:INFO:Pegasus.monitoring.event_output(629): Connecting workflow event sink to sqlite:////home/scitech/.pegasus/workflow.db
Your database is compatible with Pegasus version: 5.0.0dev
2020-07-23 09:56:22,711:INFO:Pegasus.monitoring.event_output(703): output type=DB namespace=dashboard. name=sqlite:////home/scitech/.pegasus/workflow.db
2020-07-23 09:56:22,712:INFO:pegasus-monitord(1247): monitord started in fast start mode
2020-07-23 09:56:22,734:INFO:Pegasus.monitoring.workflow(461): cannot open state file /home/scitech/shared-data/sample-deep-lfn-nonsharedfs-wf/scitech/pegasus/nested-dir-tutorial/run0001/monitord.info, continuing without state...
2020-07-23 09:56:22,735:INFO:Pegasus.monitoring.workflow(1148): creating new file /home/scitech/shared-data/sample-deep-lfn-nonsharedfs-wf/scitech/pegasus/nested-dir-tutorial/run0001/jobstate.log
2020-07-23 09:56:22,735:INFO:Pegasus.monitoring.workflow(1158): Appending to existing jobstate.log replay_mode 0 previous_processed_line 0
2020-07-23 09:56:22,737:INFO:Pegasus.monitoring.notifications(474): loading notifications from /home/scitech/shared-data/sample-deep-lfn-nonsharedfs-wf/scitech/pegasus/nested-dir-tutorial/run0001/nested-dir-tutorial-0.notify
2020-07-23 09:56:22,972:INFO:Pegasus.monitoring.workflow(205): Parsing DAG file /home/scitech/shared-data/sample-deep-lfn-nonsharedfs-wf/scitech/pegasus/nested-dir-tutorial/run0001/nested-dir-tutorial-0.dag
2020-07-23 09:56:22,977:INFO:pegasus-monitord(974): Using DAGMan version 8.8.9 80809
2020-07-23 09:56:22,977:INFO:pegasus-monitord(949): DAGMan runs at pid 17313
2020-07-23 09:56:22,980:INFO:pegasus-monitord(955): using dag nested-dir-tutorial-0.dag
2020-07-23 09:56:22,981:INFO:Pegasus.monitoring.workflow(811): DAGMan starting with condor id 8.0
2020-07-23 10:04:17,125:INFO:pegasus-monitord(927): DAGMan nested-dir-tutorial-0.dag finished with exit code 1
2020-07-23 10:04:18,150:INFO:pegasus-monitord(1427): workflow /home/scitech/shared-data/sample-deep-lfn-nonsharedfs-wf/scitech/pegasus/nested-dir-tutorial/run0001/nested-dir-tutorial-0.dag.dagman.out ended
2020-07-23 10:04:18,157:INFO:Pegasus.monitoring.workflow(1377): recovery file deleted: /home/scitech/shared-data/sample-deep-lfn-nonsharedfs-wf/scitech/pegasus/nested-dir-tutorial/run0001/monitord.recover
2020-07-23 10:04:18,161:INFO:pegasus-monitord(1665): finishing workflow: /home/scitech/shared-data/sample-deep-lfn-nonsharedfs-wf/scitech/pegasus/nested-dir-tutorial/run0001/nested-dir-tutorial-0.dag.dagman.out
2020-07-23 10:04:18,162:INFO:pegasus-monitord(1719): finishing notifications...
2020-07-23 10:04:18,163:INFO:pegasus-monitord(1727): monitord process 17314 exiting with 0
2020-07-23 10:04:18,164:INFO:pegasus-monitord(197): DB flushing beginning
2020-07-23 10:04:18,165:INFO:Pegasus.db.workflow_loader.WorkflowLoader(1244): Executing final flush
2020-07-23 10:04:18,243:INFO:Pegasus.db.dashboard_loader.DashboardLoader(397): Executing final flush
2020-07-23 10:04:18,243:INFO:pegasus-monitord(213): DB flushing ended
