07/23/20 09:56:20 ******************************************************
07/23/20 09:56:20 ** condor_scheduniv_exec.8.0 (CONDOR_DAGMAN) STARTING UP
07/23/20 09:56:20 ** /usr/bin/condor_dagman
07/23/20 09:56:20 ** SubsystemInfo: name=DAGMAN type=DAGMAN(10) class=DAEMON(1)
07/23/20 09:56:20 ** Configuration: subsystem:DAGMAN local:<NONE> class:DAEMON
07/23/20 09:56:20 ** $CondorVersion: 8.8.9 May 06 2020 BuildID: 503068 PackageID: 8.8.9-1 $
07/23/20 09:56:20 ** $CondorPlatform: x86_64_CentOS7 $
07/23/20 09:56:20 ** PID = 17313
07/23/20 09:56:20 ** Log last touched time unavailable (No such file or directory)
07/23/20 09:56:20 ******************************************************
07/23/20 09:56:20 Using config source: /etc/condor/condor_config
07/23/20 09:56:20 Using local config sources: 
07/23/20 09:56:20    /etc/condor/config.d/00-minicondor
07/23/20 09:56:20    /etc/condor/condor_config.local
07/23/20 09:56:20 config Macros = 81, Sorted = 81, StringBytes = 2284, TablesBytes = 2964
07/23/20 09:56:20 CLASSAD_CACHING is ENABLED
07/23/20 09:56:20 Daemon Log is logging: D_ALWAYS D_ERROR
07/23/20 09:56:20 DaemonCore: No command port requested.
07/23/20 09:56:20 DAGMAN_USE_STRICT setting: 1
07/23/20 09:56:20 DAGMAN_VERBOSITY setting: 3
07/23/20 09:56:20 DAGMAN_DEBUG_CACHE_SIZE setting: 5242880
07/23/20 09:56:20 DAGMAN_DEBUG_CACHE_ENABLE setting: False
07/23/20 09:56:20 DAGMAN_SUBMIT_DELAY setting: 0
07/23/20 09:56:20 DAGMAN_MAX_SUBMIT_ATTEMPTS setting: 6
07/23/20 09:56:20 DAGMAN_STARTUP_CYCLE_DETECT setting: False
07/23/20 09:56:20 DAGMAN_MAX_SUBMITS_PER_INTERVAL setting: 100
07/23/20 09:56:20 DAGMAN_AGGRESSIVE_SUBMIT setting: False
07/23/20 09:56:20 DAGMAN_USER_LOG_SCAN_INTERVAL setting: 5
07/23/20 09:56:20 DAGMAN_QUEUE_UPDATE_INTERVAL setting: 300
07/23/20 09:56:20 DAGMAN_DEFAULT_PRIORITY setting: 0
07/23/20 09:56:20 DAGMAN_SUPPRESS_NOTIFICATION setting: True
07/23/20 09:56:20 allow_events (DAGMAN_ALLOW_EVENTS) setting: 114
07/23/20 09:56:20 DAGMAN_RETRY_SUBMIT_FIRST setting: True
07/23/20 09:56:20 DAGMAN_RETRY_NODE_FIRST setting: False
07/23/20 09:56:20 DAGMAN_MAX_JOBS_IDLE setting: 1000
07/23/20 09:56:20 DAGMAN_MAX_JOBS_SUBMITTED setting: 0
07/23/20 09:56:20 DAGMAN_MAX_PRE_SCRIPTS setting: 20
07/23/20 09:56:20 DAGMAN_MAX_POST_SCRIPTS setting: 20
07/23/20 09:56:20 DAGMAN_MUNGE_NODE_NAMES setting: True
07/23/20 09:56:20 DAGMAN_PROHIBIT_MULTI_JOBS setting: False
07/23/20 09:56:20 DAGMAN_SUBMIT_DEPTH_FIRST setting: False
07/23/20 09:56:20 DAGMAN_ALWAYS_RUN_POST setting: False
07/23/20 09:56:20 DAGMAN_CONDOR_SUBMIT_EXE setting: /usr/bin/condor_submit
07/23/20 09:56:20 DAGMAN_USE_CONDOR_SUBMIT setting: True
07/23/20 09:56:20 DAGMAN_ABORT_DUPLICATES setting: True
07/23/20 09:56:20 DAGMAN_ABORT_ON_SCARY_SUBMIT setting: True
07/23/20 09:56:20 DAGMAN_PENDING_REPORT_INTERVAL setting: 600
07/23/20 09:56:20 DAGMAN_AUTO_RESCUE setting: True
07/23/20 09:56:20 DAGMAN_MAX_RESCUE_NUM setting: 100
07/23/20 09:56:20 DAGMAN_WRITE_PARTIAL_RESCUE setting: True
07/23/20 09:56:20 DAGMAN_DEFAULT_NODE_LOG setting: @(DAG_DIR)/@(DAG_FILE).nodes.log
07/23/20 09:56:20 DAGMAN_GENERATE_SUBDAG_SUBMITS setting: True
07/23/20 09:56:20 DAGMAN_MAX_JOB_HOLDS setting: 100
07/23/20 09:56:20 DAGMAN_HOLD_CLAIM_TIME setting: 20
07/23/20 09:56:20 ALL_DEBUG setting: 
07/23/20 09:56:20 DAGMAN_DEBUG setting: 
07/23/20 09:56:20 DAGMAN_SUPPRESS_JOB_LOGS setting: False
07/23/20 09:56:20 DAGMAN_REMOVE_NODE_JOBS setting: True
07/23/20 09:56:20 argv[0] == "condor_scheduniv_exec.8.0"
07/23/20 09:56:20 argv[1] == "-Lockfile"
07/23/20 09:56:20 argv[2] == "nested-dir-tutorial-0.dag.lock"
07/23/20 09:56:20 argv[3] == "-AutoRescue"
07/23/20 09:56:20 argv[4] == "1"
07/23/20 09:56:20 argv[5] == "-DoRescueFrom"
07/23/20 09:56:20 argv[6] == "0"
07/23/20 09:56:20 argv[7] == "-Dag"
07/23/20 09:56:20 argv[8] == "nested-dir-tutorial-0.dag"
07/23/20 09:56:20 argv[9] == "-MaxPost"
07/23/20 09:56:20 argv[10] == "20"
07/23/20 09:56:20 argv[11] == "-Suppress_notification"
07/23/20 09:56:20 argv[12] == "-CsdVersion"
07/23/20 09:56:20 argv[13] == "$CondorVersion: 8.8.9 May 06 2020 BuildID: 503068 PackageID: 8.8.9-1 $"
07/23/20 09:56:20 argv[14] == "-Dagman"
07/23/20 09:56:20 argv[15] == "/bin/condor_dagman"
07/23/20 09:56:20 Workflow batch-name: <nested-dir-tutorial-0.dag+8>
07/23/20 09:56:20 Workflow accounting_group: <>
07/23/20 09:56:20 Workflow accounting_group_user: <>
07/23/20 09:56:20 Warning: failed to get attribute DAGNodeName
07/23/20 09:56:20 DAGMAN_LOG_ON_NFS_IS_ERROR setting: False
07/23/20 09:56:20 Default node log file is: </home/scitech/shared-data/sample-deep-lfn-nonsharedfs-wf/scitech/pegasus/nested-dir-tutorial/run0001/./nested-dir-tutorial-0.dag.nodes.log>
07/23/20 09:56:20 DAG Lockfile will be written to nested-dir-tutorial-0.dag.lock
07/23/20 09:56:20 DAG Input file is nested-dir-tutorial-0.dag
07/23/20 09:56:20 Parsing 1 dagfiles
07/23/20 09:56:20 Parsing nested-dir-tutorial-0.dag ...
07/23/20 09:56:20 Warning:  could not open Pegasus braindump file braindump.txt
07/23/20 09:56:20 Dag contains 8 total jobs
07/23/20 09:56:20 Sleeping for 3 seconds to ensure ProcessId uniqueness
07/23/20 09:56:23 Bootstrapping...
07/23/20 09:56:23 Number of pre-completed nodes: 0
07/23/20 09:56:23 MultiLogFiles: truncating log file /home/scitech/shared-data/sample-deep-lfn-nonsharedfs-wf/scitech/pegasus/nested-dir-tutorial/run0001/./nested-dir-tutorial-0.dag.nodes.log
07/23/20 09:56:23 DAG status: 0 (DAG_STATUS_OK)
07/23/20 09:56:23 Of 8 nodes total:
07/23/20 09:56:23  Done     Pre   Queued    Post   Ready   Un-Ready   Failed
07/23/20 09:56:23   ===     ===      ===     ===     ===        ===      ===
07/23/20 09:56:23     0       0        0       0       1          7        0
07/23/20 09:56:23 0 job proc(s) currently held
07/23/20 09:56:23 DAGMan Runtime Statistics: [ EventCycleTimeSum = 0.0; EventCycleTimeCount = 0.0; SleepCycleTimeCount = 0.0; SubmitCycleTimeSum = 0.0; SubmitCycleTimeCount = 0.0; LogProcessCycleTimeSum = 0.0; SleepCycleTimeSum = 0.0; LogProcessCycleTimeCount = 0.0; ]
07/23/20 09:56:23 Registering condor_event_timer...
07/23/20 09:56:24 Submitting HTCondor Node create_dir_nested-dir-tutorial_0_stage job(s)...
07/23/20 09:56:24 Adding a DAGMan workflow log /home/scitech/shared-data/sample-deep-lfn-nonsharedfs-wf/scitech/pegasus/nested-dir-tutorial/run0001/./nested-dir-tutorial-0.dag.nodes.log
07/23/20 09:56:24 Masking the events recorded in the DAGMAN workflow log
07/23/20 09:56:24 Mask for workflow log is 0,1,2,4,5,7,9,10,11,12,13,16,17,24,27,35,36
07/23/20 09:56:24 submitting: /usr/bin/condor_submit -a dag_node_name' '=' 'create_dir_nested-dir-tutorial_0_stage -a +DAGManJobId' '=' '8 -a DAGManJobId' '=' '8 -batch-name nested-dir-tutorial-0.dag+8 -a submit_event_notes' '=' 'DAG' 'Node:' 'create_dir_nested-dir-tutorial_0_stage -a dagman_log' '=' '/home/scitech/shared-data/sample-deep-lfn-nonsharedfs-wf/scitech/pegasus/nested-dir-tutorial/run0001/./nested-dir-tutorial-0.dag.nodes.log -a +DAGManNodesMask' '=' '"0,1,2,4,5,7,9,10,11,12,13,16,17,24,27,35,36" -a priority=800 -a +DAGNodeRetry' '=' '0 -a DAG_STATUS' '=' '0 -a FAILED_COUNT' '=' '0 -a +KeepClaimIdle' '=' '20 -a notification' '=' 'never -a +DAGParentNodeNames' '=' '"" 00/00/create_dir_nested-dir-tutorial_0_stage.sub
07/23/20 09:56:25 From submit: Submitting job(s).
07/23/20 09:56:25 From submit: 1 job(s) submitted to cluster 9.
07/23/20 09:56:25 	assigned HTCondor ID (9.0.0)
07/23/20 09:56:25 Just submitted 1 job this cycle...
07/23/20 09:56:25 DAG status: 0 (DAG_STATUS_OK)
07/23/20 09:56:25 Of 8 nodes total:
07/23/20 09:56:25  Done     Pre   Queued    Post   Ready   Un-Ready   Failed
07/23/20 09:56:25   ===     ===      ===     ===     ===        ===      ===
07/23/20 09:56:25     0       0        1       0       0          7        0
07/23/20 09:56:25 0 job proc(s) currently held
07/23/20 09:56:25 DAGMan Runtime Statistics: [ EventCycleTimeCount = 0.0; EventCycleTimeSum = 0.0; LogProcessCycleTimeCount = 0.0; SleepCycleTimeSum = 0.0; LogProcessCycleTimeSum = 0.0; SubmitCycleTimeCount = 1.0; SubmitCycleTimeMax = 0.05386900901794434; SubmitCycleTimeMin = 0.05386900901794434; SubmitCycleTimeAvg = 0.05386900901794434; SubmitCycleTimeStd = 0.05386900901794434; SubmitCycleTimeSum = 0.05386900901794434; SleepCycleTimeCount = 0.0; ]
07/23/20 09:56:30 Currently monitoring 1 HTCondor log file(s)
07/23/20 09:56:30 Reassigning the id of job create_dir_nested-dir-tutorial_0_stage from (9.0.0) to (9.0.0)
07/23/20 09:56:30 Event: ULOG_SUBMIT for HTCondor Node create_dir_nested-dir-tutorial_0_stage (9.0.0) {07/23/20 09:56:24}
07/23/20 09:56:30 Number of idle job procs: 1
07/23/20 09:56:30 Event: ULOG_EXECUTE for HTCondor Node create_dir_nested-dir-tutorial_0_stage (9.0.0) {07/23/20 09:56:26}
07/23/20 09:56:30 Number of idle job procs: 0
07/23/20 09:56:30 Event: ULOG_JOB_TERMINATED for HTCondor Node create_dir_nested-dir-tutorial_0_stage (9.0.0) {07/23/20 09:56:28}
07/23/20 09:56:30 Number of idle job procs: 0
07/23/20 09:56:30 Node create_dir_nested-dir-tutorial_0_stage job proc (9.0.0) completed successfully.
07/23/20 09:56:30 Node create_dir_nested-dir-tutorial_0_stage job completed
07/23/20 09:56:30 Running POST script of Node create_dir_nested-dir-tutorial_0_stage...
07/23/20 09:56:30 Warning: mysin has length 0 (ignore if produced by DAGMan; see gittrac #4987, #5031)
07/23/20 09:56:30 DAG status: 0 (DAG_STATUS_OK)
07/23/20 09:56:30 Of 8 nodes total:
07/23/20 09:56:30  Done     Pre   Queued    Post   Ready   Un-Ready   Failed
07/23/20 09:56:30   ===     ===      ===     ===     ===        ===      ===
07/23/20 09:56:30     0       0        0       1       0          7        0
07/23/20 09:56:30 0 job proc(s) currently held
07/23/20 09:56:30 DAGMan Runtime Statistics: [ EventCycleTimeStd = 0.06002688407897949; EventCycleTimeMax = 0.06002688407897949; SubmitCycleTimeMin = 0.0004448890686035156; SubmitCycleTimeAvg = 0.02715694904327393; SleepCycleTimeCount = 1.0; SubmitCycleTimeCount = 2.0; SubmitCycleTimeMax = 0.05386900901794434; SleepCycleTimeMin = 5.006757974624634; SubmitCycleTimeSum = 0.05431389808654785; LogProcessCycleTimeStd = 0.01735520362854004; SubmitCycleTimeStd = 0.03777655749510241; LogProcessCycleTimeAvg = 0.01735520362854004; EventCycleTimeMin = 0.06002688407897949; LogProcessCycleTimeMax = 0.01735520362854004; LogProcessCycleTimeMin = 0.01735520362854004; LogProcessCycleTimeSum = 0.01735520362854004; LogProcessCycleTimeCount = 1.0; EventCycleTimeSum = 0.06002688407897949; SleepCycleTimeSum = 5.006757974624634; SleepCycleTimeAvg = 5.006757974624634; SleepCycleTimeStd = 5.006757974624634; SleepCycleTimeMax = 5.006757974624634; EventCycleTimeCount = 1.0; EventCycleTimeAvg = 0.06002688407897949; ]
07/23/20 09:56:30 Initializing user log writer for /home/scitech/shared-data/sample-deep-lfn-nonsharedfs-wf/scitech/pegasus/nested-dir-tutorial/run0001/./nested-dir-tutorial-0.dag.nodes.log, (9.0.0)
07/23/20 09:56:35 Currently monitoring 1 HTCondor log file(s)
07/23/20 09:56:35 Event: ULOG_POST_SCRIPT_TERMINATED for HTCondor Node create_dir_nested-dir-tutorial_0_stage (9.0.0) {07/23/20 09:56:30}
07/23/20 09:56:35 POST Script of node create_dir_nested-dir-tutorial_0_stage completed successfully.
07/23/20 09:56:35 DAG status: 0 (DAG_STATUS_OK)
07/23/20 09:56:35 Of 8 nodes total:
07/23/20 09:56:35  Done     Pre   Queued    Post   Ready   Un-Ready   Failed
07/23/20 09:56:35   ===     ===      ===     ===     ===        ===      ===
07/23/20 09:56:35     1       0        0       0       1          6        0
07/23/20 09:56:35 0 job proc(s) currently held
07/23/20 09:56:35 DAGMan Runtime Statistics: [ EventCycleTimeStd = 0.02577246068962361; EventCycleTimeMax = 0.06002688407897949; SubmitCycleTimeMin = 0.0004448890686035156; SubmitCycleTimeAvg = 0.01829401652018229; SleepCycleTimeCount = 2.0; SubmitCycleTimeCount = 3.0; SubmitCycleTimeMax = 0.05386900901794434; SleepCycleTimeMin = 5.006757974624634; SubmitCycleTimeSum = 0.05488204956054688; LogProcessCycleTimeStd = 0.00931630798224206; SubmitCycleTimeStd = 0.03080890888715495; LogProcessCycleTimeAvg = 0.01076757907867432; EventCycleTimeMin = 0.02357912063598633; LogProcessCycleTimeMax = 0.01735520362854004; LogProcessCycleTimeMin = 0.004179954528808594; LogProcessCycleTimeSum = 0.02153515815734863; LogProcessCycleTimeCount = 2.0; EventCycleTimeSum = 0.08360600471496582; SleepCycleTimeSum = 10.24801588058472; SleepCycleTimeAvg = 5.124007940292358; SleepCycleTimeStd = 0.1658164916350759; SleepCycleTimeMax = 5.241257905960083; EventCycleTimeCount = 2.0; EventCycleTimeAvg = 0.04180300235748291; ]
07/23/20 09:56:40 Submitting HTCondor Node stage_in_local_stage_0_0 job(s)...
07/23/20 09:56:40 Adding a DAGMan workflow log /home/scitech/shared-data/sample-deep-lfn-nonsharedfs-wf/scitech/pegasus/nested-dir-tutorial/run0001/./nested-dir-tutorial-0.dag.nodes.log
07/23/20 09:56:40 Masking the events recorded in the DAGMAN workflow log
07/23/20 09:56:40 Mask for workflow log is 0,1,2,4,5,7,9,10,11,12,13,16,17,24,27,35,36
07/23/20 09:56:40 submitting: /usr/bin/condor_submit -a dag_node_name' '=' 'stage_in_local_stage_0_0 -a +DAGManJobId' '=' '8 -a DAGManJobId' '=' '8 -batch-name nested-dir-tutorial-0.dag+8 -a submit_event_notes' '=' 'DAG' 'Node:' 'stage_in_local_stage_0_0 -a dagman_log' '=' '/home/scitech/shared-data/sample-deep-lfn-nonsharedfs-wf/scitech/pegasus/nested-dir-tutorial/run0001/./nested-dir-tutorial-0.dag.nodes.log -a +DAGManNodesMask' '=' '"0,1,2,4,5,7,9,10,11,12,13,16,17,24,27,35,36" -a priority=700 -a +DAGNodeRetry' '=' '0 -a DAG_STATUS' '=' '0 -a FAILED_COUNT' '=' '0 -a +KeepClaimIdle' '=' '20 -a notification' '=' 'never -a +DAGParentNodeNames' '=' '"create_dir_nested-dir-tutorial_0_stage" 00/00/stage_in_local_stage_0_0.sub
07/23/20 09:56:40 From submit: Submitting job(s).
07/23/20 09:56:40 From submit: 1 job(s) submitted to cluster 10.
07/23/20 09:56:40 	assigned HTCondor ID (10.0.0)
07/23/20 09:56:40 Just submitted 1 job this cycle...
07/23/20 09:56:40 DAG status: 0 (DAG_STATUS_OK)
07/23/20 09:56:40 Of 8 nodes total:
07/23/20 09:56:40  Done     Pre   Queued    Post   Ready   Un-Ready   Failed
07/23/20 09:56:40   ===     ===      ===     ===     ===        ===      ===
07/23/20 09:56:40     1       0        1       0       0          6        0
07/23/20 09:56:40 0 job proc(s) currently held
07/23/20 09:56:40 DAGMan Runtime Statistics: [ EventCycleTimeStd = 0.02575257315857366; EventCycleTimeMax = 0.06002688407897949; SubmitCycleTimeMin = 0.0004448890686035156; SubmitCycleTimeAvg = 0.02551102638244629; SleepCycleTimeCount = 3.0; SubmitCycleTimeCount = 4.0; SubmitCycleTimeMax = 0.05386900901794434; SleepCycleTimeMin = 5.006634950637817; SubmitCycleTimeSum = 0.1020441055297852; LogProcessCycleTimeStd = 0.00931630798224206; SubmitCycleTimeStd = 0.02900230168945343; LogProcessCycleTimeAvg = 0.01076757907867432; EventCycleTimeMin = 0.01028704643249512; LogProcessCycleTimeMax = 0.01735520362854004; LogProcessCycleTimeMin = 0.004179954528808594; LogProcessCycleTimeSum = 0.02153515815734863; LogProcessCycleTimeCount = 2.0; EventCycleTimeSum = 0.09389305114746094; SleepCycleTimeSum = 15.25465083122253; SleepCycleTimeAvg = 5.084883610407512; SleepCycleTimeStd = 0.1354241264173148; SleepCycleTimeMax = 5.241257905960083; EventCycleTimeCount = 3.0; EventCycleTimeAvg = 0.03129768371582031; ]
07/23/20 09:56:45 Currently monitoring 1 HTCondor log file(s)
07/23/20 09:56:45 Reassigning the id of job stage_in_local_stage_0_0 from (10.0.0) to (10.0.0)
07/23/20 09:56:45 Event: ULOG_SUBMIT for HTCondor Node stage_in_local_stage_0_0 (10.0.0) {07/23/20 09:56:40}
07/23/20 09:56:45 Number of idle job procs: 1
07/23/20 09:56:45 Event: ULOG_EXECUTE for HTCondor Node stage_in_local_stage_0_0 (10.0.0) {07/23/20 09:56:41}
07/23/20 09:56:45 Number of idle job procs: 0
07/23/20 10:04:10 Currently monitoring 1 HTCondor log file(s)
07/23/20 10:04:10 Event: ULOG_JOB_TERMINATED for HTCondor Node stage_in_local_stage_0_0 (10.0.0) {07/23/20 10:04:10}
07/23/20 10:04:10 Number of idle job procs: 0
07/23/20 10:04:10 Node stage_in_local_stage_0_0 job proc (10.0.0) failed with status 1.
07/23/20 10:04:10 Node stage_in_local_stage_0_0 job completed
07/23/20 10:04:10 Running POST script of Node stage_in_local_stage_0_0...
07/23/20 10:04:10 Warning: mysin has length 0 (ignore if produced by DAGMan; see gittrac #4987, #5031)
07/23/20 10:04:10 DAG status: 0 (DAG_STATUS_OK)
07/23/20 10:04:10 Of 8 nodes total:
07/23/20 10:04:10  Done     Pre   Queued    Post   Ready   Un-Ready   Failed
07/23/20 10:04:10   ===     ===      ===     ===     ===        ===      ===
07/23/20 10:04:10     1       0        0       1       0          6        0
07/23/20 10:04:10 0 job proc(s) currently held
07/23/20 10:04:10 DAGMan Runtime Statistics: [ EventCycleTimeStd = 0.008350176764496642; EventCycleTimeMax = 0.06002688407897949; SubmitCycleTimeMin = 0.0002858638763427734; SubmitCycleTimeAvg = 0.001817274600901502; SleepCycleTimeCount = 93.0; SubmitCycleTimeCount = 94.0; SubmitCycleTimeMax = 0.05386900901794434; SleepCycleTimeMin = 4.966110944747925; SubmitCycleTimeSum = 0.1708238124847412; LogProcessCycleTimeStd = 0.006098617508633197; SubmitCycleTimeStd = 0.007240864166507462; LogProcessCycleTimeAvg = 0.01106029748916626; EventCycleTimeMin = 0.0007641315460205078; LogProcessCycleTimeMax = 0.01735520362854004; LogProcessCycleTimeMin = 0.004179954528808594; LogProcessCycleTimeSum = 0.04424118995666504; LogProcessCycleTimeCount = 4.0; EventCycleTimeSum = 0.323566198348999; SleepCycleTimeSum = 465.3670656681061; SleepCycleTimeAvg = 5.003946942667807; SleepCycleTimeStd = 0.02828352297244591; SleepCycleTimeMax = 5.241257905960083; EventCycleTimeCount = 93.0; EventCycleTimeAvg = 0.003479206433860205; ]
07/23/20 10:04:10 Initializing user log writer for /home/scitech/shared-data/sample-deep-lfn-nonsharedfs-wf/scitech/pegasus/nested-dir-tutorial/run0001/./nested-dir-tutorial-0.dag.nodes.log, (10.0.0)
07/23/20 10:04:15 Currently monitoring 1 HTCondor log file(s)
07/23/20 10:04:15 Event: ULOG_POST_SCRIPT_TERMINATED for HTCondor Node stage_in_local_stage_0_0 (10.0.0) {07/23/20 10:04:10}
07/23/20 10:04:15 POST Script of node stage_in_local_stage_0_0 failed with status 1
07/23/20 10:04:15 POST for Node stage_in_local_stage_0_0 returned 1
07/23/20 10:04:15 DAG status: 2 (DAG_STATUS_NODE_FAILED)
07/23/20 10:04:15 Of 8 nodes total:
07/23/20 10:04:15  Done     Pre   Queued    Post   Ready   Un-Ready   Failed
07/23/20 10:04:15   ===     ===      ===     ===     ===        ===      ===
07/23/20 10:04:15     1       0        0       0       0          6        1
07/23/20 10:04:15 0 job proc(s) currently held
07/23/20 10:04:15 DAGMan Runtime Statistics: [ EventCycleTimeStd = 0.008652609817185247; EventCycleTimeMax = 0.06002688407897949; SubmitCycleTimeMin = 0.0002858638763427734; SubmitCycleTimeAvg = 0.001812714024593956; SleepCycleTimeCount = 94.0; SubmitCycleTimeCount = 95.0; SubmitCycleTimeMax = 0.05386900901794434; SleepCycleTimeMin = 4.966110944747925; SubmitCycleTimeSum = 0.1722078323364258; LogProcessCycleTimeStd = 0.005665831216176233; SubmitCycleTimeStd = 0.007202383119512827; LogProcessCycleTimeAvg = 0.01014304161071777; EventCycleTimeMin = 0.0007641315460205078; LogProcessCycleTimeMax = 0.01735520362854004; LogProcessCycleTimeMin = 0.004179954528808594; LogProcessCycleTimeSum = 0.05071520805358887; LogProcessCycleTimeCount = 5.0; EventCycleTimeSum = 0.3505792617797852; SleepCycleTimeSum = 470.5870366096497; SleepCycleTimeAvg = 5.006245070315422; SleepCycleTimeStd = 0.03588602375159209; SleepCycleTimeMax = 5.241257905960083; EventCycleTimeCount = 94.0; EventCycleTimeAvg = 0.003729566614678566; ]
07/23/20 10:04:15 ERROR: the following job(s) failed:
07/23/20 10:04:15 ---------------------- Job ----------------------
07/23/20 10:04:15       Node Name: stage_in_local_stage_0_0
07/23/20 10:04:15            Noop: false
07/23/20 10:04:15          NodeID: 1
07/23/20 10:04:15     Node Status: STATUS_ERROR    
07/23/20 10:04:15 Node return val: 1
07/23/20 10:04:15           Error: Job exited with status 1 and POST Script failed with status 1
07/23/20 10:04:15 Job Submit File: 00/00/stage_in_local_stage_0_0.sub
07/23/20 10:04:15     POST Script: /home/scitech/pegasus/dist/pegasus-5.0.0dev/bin/pegasus-exitcode  -l nested-dir-tutorial-0.exitcode.log -M nested-dir-tutorial-0.cache.meta  .//00/00/stage_in_local_stage_0_0.out
07/23/20 10:04:15  HTCondor Job ID: (10.0.0)
07/23/20 10:04:15       Q_PARENTS: create_dir_nested-dir-tutorial_0_stage, <END>
07/23/20 10:04:15       Q_WAITING: <END>
07/23/20 10:04:15      Q_CHILDREN: print_file_contents_ID0000001, <END>
07/23/20 10:04:15 ---------------------------------------	<END>
07/23/20 10:04:15 Aborting DAG...
07/23/20 10:04:15 Writing Rescue DAG to nested-dir-tutorial-0.dag.rescue001...
07/23/20 10:04:15 Removing submitted jobs...
07/23/20 10:04:15 Removing any/all submitted HTCondor jobs...
07/23/20 10:04:15 Running: /usr/bin/condor_rm -const DAGManJobId' '=?=' '8
07/23/20 10:04:15 Note: 0 total job deferrals because of -MaxJobs limit (0)
07/23/20 10:04:15 Note: 0 total job deferrals because of -MaxIdle limit (1000)
07/23/20 10:04:15 Note: 0 total job deferrals because of node category throttles
07/23/20 10:04:15 Note: 0 total PRE script deferrals because of -MaxPre limit (20) or DEFER
07/23/20 10:04:15 Note: 0 total POST script deferrals because of -MaxPost limit (20) or DEFER
07/23/20 10:04:15 DAG status: 2 (DAG_STATUS_NODE_FAILED)
07/23/20 10:04:15 Of 8 nodes total:
07/23/20 10:04:15  Done     Pre   Queued    Post   Ready   Un-Ready   Failed
07/23/20 10:04:15   ===     ===      ===     ===     ===        ===      ===
07/23/20 10:04:15     1       0        0       0       0          6        1
07/23/20 10:04:15 0 job proc(s) currently held
07/23/20 10:04:15 DAGMan Runtime Statistics: [ EventCycleTimeStd = 0.008652609817185247; EventCycleTimeMax = 0.06002688407897949; SubmitCycleTimeMin = 0.0002858638763427734; SubmitCycleTimeAvg = 0.001812714024593956; SleepCycleTimeCount = 94.0; SubmitCycleTimeCount = 95.0; SubmitCycleTimeMax = 0.05386900901794434; SleepCycleTimeMin = 4.966110944747925; SubmitCycleTimeSum = 0.1722078323364258; LogProcessCycleTimeStd = 0.005665831216176233; SubmitCycleTimeStd = 0.007202383119512827; LogProcessCycleTimeAvg = 0.01014304161071777; EventCycleTimeMin = 0.0007641315460205078; LogProcessCycleTimeMax = 0.01735520362854004; LogProcessCycleTimeMin = 0.004179954528808594; LogProcessCycleTimeSum = 0.05071520805358887; LogProcessCycleTimeCount = 5.0; EventCycleTimeSum = 0.3505792617797852; SleepCycleTimeSum = 470.5870366096497; SleepCycleTimeAvg = 5.006245070315422; SleepCycleTimeStd = 0.03588602375159209; SleepCycleTimeMax = 5.241257905960083; EventCycleTimeCount = 94.0; EventCycleTimeAvg = 0.003729566614678566; ]
07/23/20 10:04:15 Wrote metrics file nested-dir-tutorial-0.dag.metrics.
07/23/20 10:04:15 Reporting metrics to Pegasus metrics server(s); output is in nested-dir-tutorial-0.dag.metrics.out.
07/23/20 10:04:15 Running command </usr/libexec/condor/condor_dagman_metrics_reporter -f nested-dir-tutorial-0.dag.metrics -t 100>
07/23/20 10:04:15 Warning: mysin has length 0 (ignore if produced by DAGMan; see gittrac #4987, #5031)
07/23/20 10:04:16 DAGMan Runtime Statistics: [ EventCycleTimeStd = 0.008652609817185247; EventCycleTimeMax = 0.06002688407897949; SubmitCycleTimeMin = 0.0002858638763427734; SubmitCycleTimeAvg = 0.001812714024593956; SleepCycleTimeCount = 94.0; SubmitCycleTimeCount = 95.0; SubmitCycleTimeMax = 0.05386900901794434; SleepCycleTimeMin = 4.966110944747925; SubmitCycleTimeSum = 0.1722078323364258; LogProcessCycleTimeStd = 0.005665831216176233; SubmitCycleTimeStd = 0.007202383119512827; LogProcessCycleTimeAvg = 0.01014304161071777; EventCycleTimeMin = 0.0007641315460205078; LogProcessCycleTimeMax = 0.01735520362854004; LogProcessCycleTimeMin = 0.004179954528808594; LogProcessCycleTimeSum = 0.05071520805358887; LogProcessCycleTimeCount = 5.0; EventCycleTimeSum = 0.3505792617797852; SleepCycleTimeSum = 470.5870366096497; SleepCycleTimeAvg = 5.006245070315422; SleepCycleTimeStd = 0.03588602375159209; SleepCycleTimeMax = 5.241257905960083; EventCycleTimeCount = 94.0; EventCycleTimeAvg = 0.003729566614678566; ]
07/23/20 10:04:16 **** condor_scheduniv_exec.8.0 (condor_DAGMAN) pid 17313 EXITING WITH STATUS 1
