07/15/20 18:45:55 ******************************************************
07/15/20 18:45:55 ** condor_scheduniv_exec.23.0 (CONDOR_DAGMAN) STARTING UP
07/15/20 18:45:55 ** /usr/bin/condor_dagman
07/15/20 18:45:55 ** SubsystemInfo: name=DAGMAN type=DAGMAN(10) class=DAEMON(1)
07/15/20 18:45:55 ** Configuration: subsystem:DAGMAN local:<NONE> class:DAEMON
07/15/20 18:45:55 ** $CondorVersion: 8.8.9 May 06 2020 BuildID: 503068 PackageID: 8.8.9-1 $
07/15/20 18:45:55 ** $CondorPlatform: x86_64_CentOS7 $
07/15/20 18:45:55 ** PID = 36173
07/15/20 18:45:55 ** Log last touched time unavailable (No such file or directory)
07/15/20 18:45:55 ******************************************************
07/15/20 18:45:55 Using config source: /etc/condor/condor_config
07/15/20 18:45:55 Using local config sources: 
07/15/20 18:45:55    /etc/condor/config.d/00-minicondor
07/15/20 18:45:55    /etc/condor/condor_config.local
07/15/20 18:45:55 config Macros = 81, Sorted = 81, StringBytes = 2255, TablesBytes = 2964
07/15/20 18:45:55 CLASSAD_CACHING is ENABLED
07/15/20 18:45:55 Daemon Log is logging: D_ALWAYS D_ERROR
07/15/20 18:45:55 DaemonCore: No command port requested.
07/15/20 18:45:55 DAGMAN_USE_STRICT setting: 1
07/15/20 18:45:55 DAGMAN_VERBOSITY setting: 3
07/15/20 18:45:55 DAGMAN_DEBUG_CACHE_SIZE setting: 5242880
07/15/20 18:45:55 DAGMAN_DEBUG_CACHE_ENABLE setting: False
07/15/20 18:45:55 DAGMAN_SUBMIT_DELAY setting: 0
07/15/20 18:45:55 DAGMAN_MAX_SUBMIT_ATTEMPTS setting: 6
07/15/20 18:45:55 DAGMAN_STARTUP_CYCLE_DETECT setting: False
07/15/20 18:45:55 DAGMAN_MAX_SUBMITS_PER_INTERVAL setting: 100
07/15/20 18:45:55 DAGMAN_AGGRESSIVE_SUBMIT setting: False
07/15/20 18:45:55 DAGMAN_USER_LOG_SCAN_INTERVAL setting: 5
07/15/20 18:45:55 DAGMAN_QUEUE_UPDATE_INTERVAL setting: 300
07/15/20 18:45:55 DAGMAN_DEFAULT_PRIORITY setting: 0
07/15/20 18:45:55 DAGMAN_SUPPRESS_NOTIFICATION setting: True
07/15/20 18:45:55 allow_events (DAGMAN_ALLOW_EVENTS) setting: 114
07/15/20 18:45:55 DAGMAN_RETRY_SUBMIT_FIRST setting: True
07/15/20 18:45:55 DAGMAN_RETRY_NODE_FIRST setting: False
07/15/20 18:45:55 DAGMAN_MAX_JOBS_IDLE setting: 1000
07/15/20 18:45:55 DAGMAN_MAX_JOBS_SUBMITTED setting: 0
07/15/20 18:45:55 DAGMAN_MAX_PRE_SCRIPTS setting: 20
07/15/20 18:45:55 DAGMAN_MAX_POST_SCRIPTS setting: 20
07/15/20 18:45:55 DAGMAN_MUNGE_NODE_NAMES setting: True
07/15/20 18:45:55 DAGMAN_PROHIBIT_MULTI_JOBS setting: False
07/15/20 18:45:55 DAGMAN_SUBMIT_DEPTH_FIRST setting: False
07/15/20 18:45:55 DAGMAN_ALWAYS_RUN_POST setting: False
07/15/20 18:45:55 DAGMAN_CONDOR_SUBMIT_EXE setting: /usr/bin/condor_submit
07/15/20 18:45:55 DAGMAN_USE_CONDOR_SUBMIT setting: True
07/15/20 18:45:55 DAGMAN_ABORT_DUPLICATES setting: True
07/15/20 18:45:55 DAGMAN_ABORT_ON_SCARY_SUBMIT setting: True
07/15/20 18:45:55 DAGMAN_PENDING_REPORT_INTERVAL setting: 600
07/15/20 18:45:55 DAGMAN_AUTO_RESCUE setting: True
07/15/20 18:45:55 DAGMAN_MAX_RESCUE_NUM setting: 100
07/15/20 18:45:55 DAGMAN_WRITE_PARTIAL_RESCUE setting: True
07/15/20 18:45:55 DAGMAN_DEFAULT_NODE_LOG setting: @(DAG_DIR)/@(DAG_FILE).nodes.log
07/15/20 18:45:55 DAGMAN_GENERATE_SUBDAG_SUBMITS setting: True
07/15/20 18:45:55 DAGMAN_MAX_JOB_HOLDS setting: 100
07/15/20 18:45:55 DAGMAN_HOLD_CLAIM_TIME setting: 20
07/15/20 18:45:55 ALL_DEBUG setting: 
07/15/20 18:45:55 DAGMAN_DEBUG setting: 
07/15/20 18:45:55 DAGMAN_SUPPRESS_JOB_LOGS setting: False
07/15/20 18:45:55 DAGMAN_REMOVE_NODE_JOBS setting: True
07/15/20 18:45:55 argv[0] == "condor_scheduniv_exec.23.0"
07/15/20 18:45:55 argv[1] == "-Lockfile"
07/15/20 18:45:55 argv[2] == "add_thumbs-0.dag.lock"
07/15/20 18:45:55 argv[3] == "-AutoRescue"
07/15/20 18:45:55 argv[4] == "1"
07/15/20 18:45:55 argv[5] == "-DoRescueFrom"
07/15/20 18:45:55 argv[6] == "0"
07/15/20 18:45:55 argv[7] == "-Dag"
07/15/20 18:45:55 argv[8] == "add_thumbs-0.dag"
07/15/20 18:45:55 argv[9] == "-MaxPost"
07/15/20 18:45:55 argv[10] == "20"
07/15/20 18:45:55 argv[11] == "-Suppress_notification"
07/15/20 18:45:55 argv[12] == "-CsdVersion"
07/15/20 18:45:55 argv[13] == "$CondorVersion: 8.8.9 May 06 2020 BuildID: 503068 PackageID: 8.8.9-1 $"
07/15/20 18:45:55 argv[14] == "-Dagman"
07/15/20 18:45:55 argv[15] == "/bin/condor_dagman"
07/15/20 18:45:55 Workflow batch-name: <add_thumbs-0.dag+23>
07/15/20 18:45:55 Workflow accounting_group: <>
07/15/20 18:45:55 Workflow accounting_group_user: <>
07/15/20 18:45:55 Warning: failed to get attribute DAGNodeName
07/15/20 18:45:55 DAGMAN_LOG_ON_NFS_IS_ERROR setting: False
07/15/20 18:45:55 Default node log file is: </home/scitech/shared-data/Workflow/Workflow4/scitech/pegasus/add_thumbs/run0005/./add_thumbs-0.dag.nodes.log>
07/15/20 18:45:55 DAG Lockfile will be written to add_thumbs-0.dag.lock
07/15/20 18:45:55 DAG Input file is add_thumbs-0.dag
07/15/20 18:45:55 Parsing 1 dagfiles
07/15/20 18:45:55 Parsing add_thumbs-0.dag ...
07/15/20 18:45:55 Warning:  could not open Pegasus braindump file braindump.txt
07/15/20 18:45:55 Dag contains 8 total jobs
07/15/20 18:45:55 Sleeping for 3 seconds to ensure ProcessId uniqueness
07/15/20 18:45:58 Bootstrapping...
07/15/20 18:45:58 Number of pre-completed nodes: 0
07/15/20 18:45:58 MultiLogFiles: truncating log file /home/scitech/shared-data/Workflow/Workflow4/scitech/pegasus/add_thumbs/run0005/./add_thumbs-0.dag.nodes.log
07/15/20 18:45:58 DAG status: 0 (DAG_STATUS_OK)
07/15/20 18:45:58 Of 8 nodes total:
07/15/20 18:45:58  Done     Pre   Queued    Post   Ready   Un-Ready   Failed
07/15/20 18:45:58   ===     ===      ===     ===     ===        ===      ===
07/15/20 18:45:58     0       0        0       0       1          7        0
07/15/20 18:45:58 0 job proc(s) currently held
07/15/20 18:45:58 DAGMan Runtime Statistics: [ EventCycleTimeSum = 0.0; EventCycleTimeCount = 0.0; SleepCycleTimeCount = 0.0; SubmitCycleTimeSum = 0.0; SubmitCycleTimeCount = 0.0; LogProcessCycleTimeSum = 0.0; SleepCycleTimeSum = 0.0; LogProcessCycleTimeCount = 0.0; ]
07/15/20 18:45:58 Registering condor_event_timer...
07/15/20 18:45:59 Submitting HTCondor Node create_dir_add_thumbs_0_local job(s)...
07/15/20 18:45:59 Adding a DAGMan workflow log /home/scitech/shared-data/Workflow/Workflow4/scitech/pegasus/add_thumbs/run0005/./add_thumbs-0.dag.nodes.log
07/15/20 18:45:59 Masking the events recorded in the DAGMAN workflow log
07/15/20 18:45:59 Mask for workflow log is 0,1,2,4,5,7,9,10,11,12,13,16,17,24,27,35,36
07/15/20 18:45:59 submitting: /usr/bin/condor_submit -a dag_node_name' '=' 'create_dir_add_thumbs_0_local -a +DAGManJobId' '=' '23 -a DAGManJobId' '=' '23 -batch-name add_thumbs-0.dag+23 -a submit_event_notes' '=' 'DAG' 'Node:' 'create_dir_add_thumbs_0_local -a dagman_log' '=' '/home/scitech/shared-data/Workflow/Workflow4/scitech/pegasus/add_thumbs/run0005/./add_thumbs-0.dag.nodes.log -a +DAGManNodesMask' '=' '"0,1,2,4,5,7,9,10,11,12,13,16,17,24,27,35,36" -a priority=800 -a +DAGNodeRetry' '=' '0 -a DAG_STATUS' '=' '0 -a FAILED_COUNT' '=' '0 -a +KeepClaimIdle' '=' '20 -a notification' '=' 'never -a +DAGParentNodeNames' '=' '"" 00/00/create_dir_add_thumbs_0_local.sub
07/15/20 18:45:59 From submit: Submitting job(s).
07/15/20 18:45:59 From submit: 1 job(s) submitted to cluster 24.
07/15/20 18:45:59 	assigned HTCondor ID (24.0.0)
07/15/20 18:45:59 Just submitted 1 job this cycle...
07/15/20 18:45:59 DAG status: 0 (DAG_STATUS_OK)
07/15/20 18:45:59 Of 8 nodes total:
07/15/20 18:45:59  Done     Pre   Queued    Post   Ready   Un-Ready   Failed
07/15/20 18:45:59   ===     ===      ===     ===     ===        ===      ===
07/15/20 18:45:59     0       0        1       0       0          7        0
07/15/20 18:45:59 0 job proc(s) currently held
07/15/20 18:45:59 DAGMan Runtime Statistics: [ EventCycleTimeCount = 0.0; EventCycleTimeSum = 0.0; LogProcessCycleTimeCount = 0.0; SleepCycleTimeSum = 0.0; LogProcessCycleTimeSum = 0.0; SubmitCycleTimeCount = 1.0; SubmitCycleTimeMax = 0.05238699913024902; SubmitCycleTimeMin = 0.05238699913024902; SubmitCycleTimeAvg = 0.05238699913024902; SubmitCycleTimeStd = 0.05238699913024902; SubmitCycleTimeSum = 0.05238699913024902; SleepCycleTimeCount = 0.0; ]
07/15/20 18:46:04 Currently monitoring 1 HTCondor log file(s)
07/15/20 18:46:04 Reassigning the id of job create_dir_add_thumbs_0_local from (24.0.0) to (24.0.0)
07/15/20 18:46:04 Event: ULOG_SUBMIT for HTCondor Node create_dir_add_thumbs_0_local (24.0.0) {07/15/20 18:45:59}
07/15/20 18:46:04 Number of idle job procs: 1
07/15/20 18:46:04 Event: ULOG_EXECUTE for HTCondor Node create_dir_add_thumbs_0_local (24.0.0) {07/15/20 18:46:00}
07/15/20 18:46:04 Number of idle job procs: 0
07/15/20 18:46:04 Event: ULOG_JOB_TERMINATED for HTCondor Node create_dir_add_thumbs_0_local (24.0.0) {07/15/20 18:46:02}
07/15/20 18:46:04 Number of idle job procs: 0
07/15/20 18:46:04 Node create_dir_add_thumbs_0_local job proc (24.0.0) completed successfully.
07/15/20 18:46:04 Node create_dir_add_thumbs_0_local job completed
07/15/20 18:46:04 Running POST script of Node create_dir_add_thumbs_0_local...
07/15/20 18:46:04 Warning: mysin has length 0 (ignore if produced by DAGMan; see gittrac #4987, #5031)
07/15/20 18:46:04 DAG status: 0 (DAG_STATUS_OK)
07/15/20 18:46:04 Of 8 nodes total:
07/15/20 18:46:04  Done     Pre   Queued    Post   Ready   Un-Ready   Failed
07/15/20 18:46:04   ===     ===      ===     ===     ===        ===      ===
07/15/20 18:46:04     0       0        0       1       0          7        0
07/15/20 18:46:04 0 job proc(s) currently held
07/15/20 18:46:04 DAGMan Runtime Statistics: [ EventCycleTimeStd = 0.05757498741149902; EventCycleTimeMax = 0.05757498741149902; SubmitCycleTimeMin = 0.001398086547851562; SubmitCycleTimeAvg = 0.02689254283905029; SleepCycleTimeCount = 1.0; SubmitCycleTimeCount = 2.0; SubmitCycleTimeMax = 0.05238699913024902; SleepCycleTimeMin = 5.006103992462158; SubmitCycleTimeSum = 0.05378508567810059; LogProcessCycleTimeStd = 0.02074790000915527; SubmitCycleTimeStd = 0.03605460585234132; LogProcessCycleTimeAvg = 0.02074790000915527; EventCycleTimeMin = 0.05757498741149902; LogProcessCycleTimeMax = 0.02074790000915527; LogProcessCycleTimeMin = 0.02074790000915527; LogProcessCycleTimeSum = 0.02074790000915527; LogProcessCycleTimeCount = 1.0; EventCycleTimeSum = 0.05757498741149902; SleepCycleTimeSum = 5.006103992462158; SleepCycleTimeAvg = 5.006103992462158; SleepCycleTimeStd = 5.006103992462158; SleepCycleTimeMax = 5.006103992462158; EventCycleTimeCount = 1.0; EventCycleTimeAvg = 0.05757498741149902; ]
07/15/20 18:46:04 Initializing user log writer for /home/scitech/shared-data/Workflow/Workflow4/scitech/pegasus/add_thumbs/run0005/./add_thumbs-0.dag.nodes.log, (24.0.0)
07/15/20 18:46:09 Currently monitoring 1 HTCondor log file(s)
07/15/20 18:46:09 Event: ULOG_POST_SCRIPT_TERMINATED for HTCondor Node create_dir_add_thumbs_0_local (24.0.0) {07/15/20 18:46:04}
07/15/20 18:46:09 POST Script of node create_dir_add_thumbs_0_local completed successfully.
07/15/20 18:46:09 DAG status: 0 (DAG_STATUS_OK)
07/15/20 18:46:09 Of 8 nodes total:
07/15/20 18:46:09  Done     Pre   Queued    Post   Ready   Un-Ready   Failed
07/15/20 18:46:09   ===     ===      ===     ===     ===        ===      ===
07/15/20 18:46:09     1       0        0       0       1          6        0
07/15/20 18:46:09 0 job proc(s) currently held
07/15/20 18:46:09 DAGMan Runtime Statistics: [ EventCycleTimeStd = 0.01998148370422677; EventCycleTimeMax = 0.05757498741149902; SubmitCycleTimeMin = 0.0006070137023925781; SubmitCycleTimeAvg = 0.01813069979349772; SleepCycleTimeCount = 2.0; SubmitCycleTimeCount = 3.0; SubmitCycleTimeMax = 0.05238699913024902; SleepCycleTimeMin = 5.006103992462158; SubmitCycleTimeSum = 0.05439209938049316; LogProcessCycleTimeStd = 0.01153997570967683; SubmitCycleTimeStd = 0.02966946211592884; LogProcessCycleTimeAvg = 0.01258790493011475; EventCycleTimeMin = 0.02931690216064453; LogProcessCycleTimeMax = 0.02074790000915527; LogProcessCycleTimeMin = 0.004427909851074219; LogProcessCycleTimeSum = 0.02517580986022949; LogProcessCycleTimeCount = 2.0; EventCycleTimeSum = 0.08689188957214355; SleepCycleTimeSum = 10.21950817108154; SleepCycleTimeAvg = 5.109754085540771; SleepCycleTimeStd = 0.1465833673730086; SleepCycleTimeMax = 5.213404178619385; EventCycleTimeCount = 2.0; EventCycleTimeAvg = 0.04344594478607178; ]
07/15/20 18:46:14 Submitting HTCondor Node stage_in_local_local_0_0 job(s)...
07/15/20 18:46:14 Adding a DAGMan workflow log /home/scitech/shared-data/Workflow/Workflow4/scitech/pegasus/add_thumbs/run0005/./add_thumbs-0.dag.nodes.log
07/15/20 18:46:14 Masking the events recorded in the DAGMAN workflow log
07/15/20 18:46:14 Mask for workflow log is 0,1,2,4,5,7,9,10,11,12,13,16,17,24,27,35,36
07/15/20 18:46:14 submitting: /usr/bin/condor_submit -a dag_node_name' '=' 'stage_in_local_local_0_0 -a +DAGManJobId' '=' '23 -a DAGManJobId' '=' '23 -batch-name add_thumbs-0.dag+23 -a submit_event_notes' '=' 'DAG' 'Node:' 'stage_in_local_local_0_0 -a dagman_log' '=' '/home/scitech/shared-data/Workflow/Workflow4/scitech/pegasus/add_thumbs/run0005/./add_thumbs-0.dag.nodes.log -a +DAGManNodesMask' '=' '"0,1,2,4,5,7,9,10,11,12,13,16,17,24,27,35,36" -a priority=700 -a +DAGNodeRetry' '=' '0 -a DAG_STATUS' '=' '0 -a FAILED_COUNT' '=' '0 -a +KeepClaimIdle' '=' '20 -a notification' '=' 'never -a +DAGParentNodeNames' '=' '"create_dir_add_thumbs_0_local" 00/00/stage_in_local_local_0_0.sub
07/15/20 18:46:14 From submit: Submitting job(s).
07/15/20 18:46:14 From submit: 1 job(s) submitted to cluster 25.
07/15/20 18:46:14 	assigned HTCondor ID (25.0.0)
07/15/20 18:46:14 Just submitted 1 job this cycle...
07/15/20 18:46:14 DAG status: 0 (DAG_STATUS_OK)
07/15/20 18:46:14 Of 8 nodes total:
07/15/20 18:46:14  Done     Pre   Queued    Post   Ready   Un-Ready   Failed
07/15/20 18:46:14   ===     ===      ===     ===     ===        ===      ===
07/15/20 18:46:14     1       0        1       0       0          6        0
07/15/20 18:46:14 0 job proc(s) currently held
07/15/20 18:46:14 DAGMan Runtime Statistics: [ EventCycleTimeStd = 0.02360404431205152; EventCycleTimeMax = 0.05757498741149902; SubmitCycleTimeMin = 0.0006070137023925781; SubmitCycleTimeAvg = 0.02469551563262939; SleepCycleTimeCount = 3.0; SubmitCycleTimeCount = 4.0; SubmitCycleTimeMax = 0.05238699913024902; SleepCycleTimeMin = 4.977179050445557; SubmitCycleTimeSum = 0.09878206253051758; LogProcessCycleTimeStd = 0.01153997570967683; SubmitCycleTimeStd = 0.02755428368704003; LogProcessCycleTimeAvg = 0.01258790493011475; EventCycleTimeMin = 0.0106959342956543; LogProcessCycleTimeMax = 0.02074790000915527; LogProcessCycleTimeMin = 0.004427909851074219; LogProcessCycleTimeSum = 0.02517580986022949; LogProcessCycleTimeCount = 2.0; EventCycleTimeSum = 0.09758782386779785; SleepCycleTimeSum = 15.1966872215271; SleepCycleTimeAvg = 5.0655624071757; SleepCycleTimeStd = 0.1288489623759783; SleepCycleTimeMax = 5.213404178619385; EventCycleTimeCount = 3.0; EventCycleTimeAvg = 0.03252927462259928; ]
07/15/20 18:46:19 Currently monitoring 1 HTCondor log file(s)
07/15/20 18:46:19 Reassigning the id of job stage_in_local_local_0_0 from (25.0.0) to (25.0.0)
07/15/20 18:46:19 Event: ULOG_SUBMIT for HTCondor Node stage_in_local_local_0_0 (25.0.0) {07/15/20 18:46:14}
07/15/20 18:46:19 Number of idle job procs: 1
07/15/20 18:46:19 Event: ULOG_EXECUTE for HTCondor Node stage_in_local_local_0_0 (25.0.0) {07/15/20 18:46:16}
07/15/20 18:46:19 Number of idle job procs: 0
07/15/20 18:46:44 Currently monitoring 1 HTCondor log file(s)
07/15/20 18:46:44 Event: ULOG_JOB_TERMINATED for HTCondor Node stage_in_local_local_0_0 (25.0.0) {07/15/20 18:46:44}
07/15/20 18:46:44 Number of idle job procs: 0
07/15/20 18:46:44 Node stage_in_local_local_0_0 job proc (25.0.0) completed successfully.
07/15/20 18:46:44 Node stage_in_local_local_0_0 job completed
07/15/20 18:46:44 Running POST script of Node stage_in_local_local_0_0...
07/15/20 18:46:44 Warning: mysin has length 0 (ignore if produced by DAGMan; see gittrac #4987, #5031)
07/15/20 18:46:44 DAG status: 0 (DAG_STATUS_OK)
07/15/20 18:46:44 Of 8 nodes total:
07/15/20 18:46:44  Done     Pre   Queued    Post   Ready   Un-Ready   Failed
07/15/20 18:46:44   ===     ===      ===     ===     ===        ===      ===
07/15/20 18:46:44     1       0        0       1       0          6        0
07/15/20 18:46:44 0 job proc(s) currently held
07/15/20 18:46:44 DAGMan Runtime Statistics: [ EventCycleTimeStd = 0.02258254242259781; EventCycleTimeMax = 0.05757498741149902; SubmitCycleTimeMin = 0.0002410411834716797; SubmitCycleTimeAvg = 0.01018550395965576; SleepCycleTimeCount = 9.0; SubmitCycleTimeCount = 10.0; SubmitCycleTimeMax = 0.05238699913024902; SleepCycleTimeMin = 4.974920988082886; SubmitCycleTimeSum = 0.1018550395965576; LogProcessCycleTimeStd = 0.01219439170421599; SubmitCycleTimeStd = 0.02022920560468771; LogProcessCycleTimeAvg = 0.01461440324783325; EventCycleTimeMin = 0.0005190372467041016; LogProcessCycleTimeMax = 0.02881693840026855; LogProcessCycleTimeMin = 0.004427909851074219; LogProcessCycleTimeSum = 0.05845761299133301; LogProcessCycleTimeCount = 4.0; EventCycleTimeSum = 0.154538631439209; SleepCycleTimeSum = 45.1928653717041; SleepCycleTimeAvg = 5.0214294857449; SleepCycleTimeStd = 0.07305437057391931; SleepCycleTimeMax = 5.213404178619385; EventCycleTimeCount = 9.0; EventCycleTimeAvg = 0.017170959048801; ]
07/15/20 18:46:44 Initializing user log writer for /home/scitech/shared-data/Workflow/Workflow4/scitech/pegasus/add_thumbs/run0005/./add_thumbs-0.dag.nodes.log, (25.0.0)
07/15/20 18:46:49 Currently monitoring 1 HTCondor log file(s)
07/15/20 18:46:49 Event: ULOG_POST_SCRIPT_TERMINATED for HTCondor Node stage_in_local_local_0_0 (25.0.0) {07/15/20 18:46:44}
07/15/20 18:46:49 POST Script of node stage_in_local_local_0_0 completed successfully.
07/15/20 18:46:49 DAG status: 0 (DAG_STATUS_OK)
07/15/20 18:46:49 Of 8 nodes total:
07/15/20 18:46:49  Done     Pre   Queued    Post   Ready   Un-Ready   Failed
07/15/20 18:46:49   ===     ===      ===     ===     ===        ===      ===
07/15/20 18:46:49     2       0        0       0       1          5        0
07/15/20 18:46:49 0 job proc(s) currently held
07/15/20 18:46:49 DAGMan Runtime Statistics: [ EventCycleTimeStd = 0.02229737969289419; EventCycleTimeMax = 0.05757498741149902; SubmitCycleTimeMin = 0.0002410411834716797; SubmitCycleTimeAvg = 0.009296633980490944; SleepCycleTimeCount = 10.0; SubmitCycleTimeCount = 11.0; SubmitCycleTimeMax = 0.05238699913024902; SleepCycleTimeMin = 4.974920988082886; SubmitCycleTimeSum = 0.1022629737854004; LogProcessCycleTimeStd = 0.01156490398952746; SubmitCycleTimeStd = 0.01941622186975419; LogProcessCycleTimeAvg = 0.0125063419342041; EventCycleTimeMin = 0.0005190372467041016; LogProcessCycleTimeMax = 0.02881693840026855; LogProcessCycleTimeMin = 0.0040740966796875; LogProcessCycleTimeSum = 0.06253170967102051; LogProcessCycleTimeCount = 5.0; EventCycleTimeSum = 0.1926536560058594; SleepCycleTimeSum = 50.45208621025085; SleepCycleTimeAvg = 5.045208621025085; SleepCycleTimeStd = 0.1019726451337762; SleepCycleTimeMax = 5.259220838546753; EventCycleTimeCount = 10.0; EventCycleTimeAvg = 0.01926536560058594; ]
07/15/20 18:46:54 Submitting HTCondor Node Thumbs_up_ID0000001 job(s)...
07/15/20 18:46:54 Adding a DAGMan workflow log /home/scitech/shared-data/Workflow/Workflow4/scitech/pegasus/add_thumbs/run0005/./add_thumbs-0.dag.nodes.log
07/15/20 18:46:54 Masking the events recorded in the DAGMAN workflow log
07/15/20 18:46:54 Mask for workflow log is 0,1,2,4,5,7,9,10,11,12,13,16,17,24,27,35,36
07/15/20 18:46:54 submitting: /usr/bin/condor_submit -a dag_node_name' '=' 'Thumbs_up_ID0000001 -a +DAGManJobId' '=' '23 -a DAGManJobId' '=' '23 -batch-name add_thumbs-0.dag+23 -a submit_event_notes' '=' 'DAG' 'Node:' 'Thumbs_up_ID0000001 -a dagman_log' '=' '/home/scitech/shared-data/Workflow/Workflow4/scitech/pegasus/add_thumbs/run0005/./add_thumbs-0.dag.nodes.log -a +DAGManNodesMask' '=' '"0,1,2,4,5,7,9,10,11,12,13,16,17,24,27,35,36" -a priority=20 -a +DAGNodeRetry' '=' '0 -a DAG_STATUS' '=' '0 -a FAILED_COUNT' '=' '0 -a +KeepClaimIdle' '=' '20 -a notification' '=' 'never -a +DAGParentNodeNames' '=' '"stage_in_local_local_0_0" 00/00/Thumbs_up_ID0000001.sub
07/15/20 18:46:54 From submit: Submitting job(s).
07/15/20 18:46:54 From submit: 1 job(s) submitted to cluster 26.
07/15/20 18:46:54 	assigned HTCondor ID (26.0.0)
07/15/20 18:46:54 Just submitted 1 job this cycle...
07/15/20 18:46:54 DAG status: 0 (DAG_STATUS_OK)
07/15/20 18:46:54 Of 8 nodes total:
07/15/20 18:46:54  Done     Pre   Queued    Post   Ready   Un-Ready   Failed
07/15/20 18:46:54   ===     ===      ===     ===     ===        ===      ===
07/15/20 18:46:54     2       0        1       0       0          5        0
07/15/20 18:46:54 0 job proc(s) currently held
07/15/20 18:46:54 DAGMan Runtime Statistics: [ EventCycleTimeStd = 0.02132769761192966; EventCycleTimeMax = 0.05757498741149902; SubmitCycleTimeMin = 0.0002410411834716797; SubmitCycleTimeAvg = 0.01401257514953613; SleepCycleTimeCount = 11.0; SubmitCycleTimeCount = 12.0; SubmitCycleTimeMax = 0.0658879280090332; SleepCycleTimeMin = 4.974920988082886; SubmitCycleTimeSum = 0.1681509017944336; LogProcessCycleTimeStd = 0.01156490398952746; SubmitCycleTimeStd = 0.02469006068599889; LogProcessCycleTimeAvg = 0.0125063419342041; EventCycleTimeMin = 0.0005190372467041016; LogProcessCycleTimeMax = 0.02881693840026855; LogProcessCycleTimeMin = 0.0040740966796875; LogProcessCycleTimeSum = 0.06253170967102051; LogProcessCycleTimeCount = 5.0; EventCycleTimeSum = 0.2028877735137939; SleepCycleTimeSum = 55.45773816108704; SleepCycleTimeAvg = 5.041612560098821; SleepCycleTimeStd = 0.09747218329378521; SleepCycleTimeMax = 5.259220838546753; EventCycleTimeCount = 11.0; EventCycleTimeAvg = 0.01844434304670854; ]
07/15/20 18:46:59 Currently monitoring 1 HTCondor log file(s)
07/15/20 18:46:59 Reassigning the id of job Thumbs_up_ID0000001 from (26.0.0) to (26.0.0)
07/15/20 18:46:59 Event: ULOG_SUBMIT for HTCondor Node Thumbs_up_ID0000001 (26.0.0) {07/15/20 18:46:54}
07/15/20 18:46:59 Number of idle job procs: 1
07/15/20 18:47:04 Currently monitoring 1 HTCondor log file(s)
07/15/20 18:47:04 Event: ULOG_EXECUTE for HTCondor Node Thumbs_up_ID0000001 (26.0.0) {07/15/20 18:47:02}
07/15/20 18:47:04 Number of idle job procs: 0
07/15/20 18:47:09 Currently monitoring 1 HTCondor log file(s)
07/15/20 18:47:09 Event: ULOG_SHADOW_EXCEPTION for HTCondor Node Thumbs_up_ID0000001 (26.0.0) {07/15/20 18:47:09}
07/15/20 18:47:09 Number of idle job procs: 1
07/15/20 18:47:09 Event: ULOG_JOB_HELD for HTCondor Node Thumbs_up_ID0000001 (26.0.0) {07/15/20 18:47:09}
07/15/20 18:47:09   Hold reason: Error from slot1@7bcbdb9d7e7e: STARTER at 127.0.0.1 failed to send file(s) to <127.0.0.1:9618>: error reading from /var/lib/condor/execute/dir_36862/output.txt: (errno 2) No such file or directory; SHADOW failed to receive file(s) from <127.0.0.1:39615>
07/15/20 18:47:09 Number of idle job procs: 1
07/15/20 18:47:09 DAG status: 0 (DAG_STATUS_OK)
07/15/20 18:47:09 Of 8 nodes total:
07/15/20 18:47:09  Done     Pre   Queued    Post   Ready   Un-Ready   Failed
07/15/20 18:47:09   ===     ===      ===     ===     ===        ===      ===
07/15/20 18:47:09     2       0        1       0       0          5        0
07/15/20 18:47:09 1 job proc(s) currently held
07/15/20 18:47:09 DAGMan Runtime Statistics: [ EventCycleTimeStd = 0.02445483931713609; EventCycleTimeMax = 0.07329893112182617; SubmitCycleTimeMin = 0.0002410411834716797; SubmitCycleTimeAvg = 0.01132953961690267; SleepCycleTimeCount = 14.0; SubmitCycleTimeCount = 15.0; SubmitCycleTimeMax = 0.0658879280090332; SleepCycleTimeMin = 4.974920988082886; SubmitCycleTimeSum = 0.16994309425354; LogProcessCycleTimeStd = 0.009581157876281911; SubmitCycleTimeStd = 0.02257929302466234; LogProcessCycleTimeAvg = 0.01002675294876099; EventCycleTimeMin = 0.0005190372467041016; LogProcessCycleTimeMax = 0.02881693840026855; LogProcessCycleTimeMin = 0.002372026443481445; LogProcessCycleTimeSum = 0.08021402359008789; LogProcessCycleTimeCount = 8.0; EventCycleTimeSum = 0.2901597023010254; SleepCycleTimeSum = 70.48587918281555; SleepCycleTimeAvg = 5.034705655915396; SleepCycleTimeStd = 0.08659555694640604; SleepCycleTimeMax = 5.259220838546753; EventCycleTimeCount = 14.0; EventCycleTimeAvg = 0.02072569302150181; ]
07/15/20 18:50:48 Received SIGUSR1
07/15/20 18:50:48 Aborting DAG...
07/15/20 18:50:48 Writing Rescue DAG to add_thumbs-0.dag.rescue001...
07/15/20 18:50:48 Removing submitted jobs...
07/15/20 18:50:48 Removing any/all submitted HTCondor jobs...
07/15/20 18:50:48 Running: /usr/bin/condor_rm -const DAGManJobId' '=?=' '23
07/15/20 18:50:48 Note: 0 total job deferrals because of -MaxJobs limit (0)
07/15/20 18:50:48 Note: 0 total job deferrals because of -MaxIdle limit (1000)
07/15/20 18:50:48 Note: 0 total job deferrals because of node category throttles
07/15/20 18:50:48 Note: 0 total PRE script deferrals because of -MaxPre limit (20) or DEFER
07/15/20 18:50:48 Note: 0 total POST script deferrals because of -MaxPost limit (20) or DEFER
07/15/20 18:50:48 DAG status: 4 (DAG_STATUS_RM)
07/15/20 18:50:48 Of 8 nodes total:
07/15/20 18:50:48  Done     Pre   Queued    Post   Ready   Un-Ready   Failed
07/15/20 18:50:48   ===     ===      ===     ===     ===        ===      ===
07/15/20 18:50:48     2       0        1       0       0          5        0
07/15/20 18:50:48 1 job proc(s) currently held
07/15/20 18:50:48 DAGMan Runtime Statistics: [ EventCycleTimeStd = 0.01420113649837909; EventCycleTimeMax = 0.07329893112182617; SubmitCycleTimeMin = 0.0001609325408935547; SubmitCycleTimeAvg = 0.003532590537235655; SleepCycleTimeCount = 57.0; SubmitCycleTimeCount = 58.0; SubmitCycleTimeMax = 0.0658879280090332; SleepCycleTimeMin = 4.966937065124512; SubmitCycleTimeSum = 0.204890251159668; LogProcessCycleTimeStd = 0.009581157876281911; SubmitCycleTimeStd = 0.01211901796113698; LogProcessCycleTimeAvg = 0.01002675294876099; EventCycleTimeMin = 0.0004289150238037109; LogProcessCycleTimeMax = 0.02881693840026855; LogProcessCycleTimeMin = 0.002372026443481445; LogProcessCycleTimeSum = 0.08021402359008789; LogProcessCycleTimeCount = 8.0; EventCycleTimeSum = 0.3894953727722168; SleepCycleTimeSum = 286.5360636711121; SleepCycleTimeAvg = 5.026948485458107; SleepCycleTimeStd = 0.1359766275766984; SleepCycleTimeMax = 5.976746082305908; EventCycleTimeCount = 58.0; EventCycleTimeAvg = 0.006715437461589945; ]
07/15/20 18:50:48 Wrote metrics file add_thumbs-0.dag.metrics.
07/15/20 18:50:48 Reporting metrics to Pegasus metrics server(s); output is in add_thumbs-0.dag.metrics.out.
07/15/20 18:50:48 Running command </usr/libexec/condor/condor_dagman_metrics_reporter -f add_thumbs-0.dag.metrics -s -t 100>
07/15/20 18:50:48 Warning: mysin has length 0 (ignore if produced by DAGMan; see gittrac #4987, #5031)
07/15/20 18:50:48 DAGMan Runtime Statistics: [ EventCycleTimeStd = 0.01420113649837909; EventCycleTimeMax = 0.07329893112182617; SubmitCycleTimeMin = 0.0001609325408935547; SubmitCycleTimeAvg = 0.003532590537235655; SleepCycleTimeCount = 57.0; SubmitCycleTimeCount = 58.0; SubmitCycleTimeMax = 0.0658879280090332; SleepCycleTimeMin = 4.966937065124512; SubmitCycleTimeSum = 0.204890251159668; LogProcessCycleTimeStd = 0.009581157876281911; SubmitCycleTimeStd = 0.01211901796113698; LogProcessCycleTimeAvg = 0.01002675294876099; EventCycleTimeMin = 0.0004289150238037109; LogProcessCycleTimeMax = 0.02881693840026855; LogProcessCycleTimeMin = 0.002372026443481445; LogProcessCycleTimeSum = 0.08021402359008789; LogProcessCycleTimeCount = 8.0; EventCycleTimeSum = 0.3894953727722168; SleepCycleTimeSum = 286.5360636711121; SleepCycleTimeAvg = 5.026948485458107; SleepCycleTimeStd = 0.1359766275766984; SleepCycleTimeMax = 5.976746082305908; EventCycleTimeCount = 58.0; EventCycleTimeAvg = 0.006715437461589945; ]
07/15/20 18:50:48 **** condor_scheduniv_exec.23.0 (condor_DAGMAN) pid 36173 EXITING WITH STATUS 2
