2020-07-16 10:20:33: PegasusLite: version 5.0.0dev
2020-07-16 10:20:33: Executing on host 7bcbdb9d7e7e IP=172.18.0.1

########################[Pegasus Lite] Setting up workdir ########################
2020-07-16 10:20:33: Not creating a new work directory as it is already set to /var/lib/condor/execute/dir_85509

##############[Pegasus Lite] Figuring out the worker package to use ##############
2020-07-16 10:20:33: The job contained a Pegasus worker package

######[Pegasus Lite] Checking file integrity for transferred container files ######

########[Pegasus Lite] Writing out script to launch user task in container ########
2020-07-16 10:20:35: container file is tools-container
2020-07-16 10:20:37: Loaded docker image ssrujanaa/workflow4:latest
2020-07-16 17:20:38: PegasusLite: version 5.0.0dev
2020-07-16 17:20:38: Executing on host ae372bf67338 IP=172.18.0.2

##############[Container] Figuring out Pegasus worker package to use ##############
2020-07-16 17:20:38: The job contained a Pegasus worker package
2020-07-16 17:20:38: Skipping sanity check of included worker package because pegasus.transfer.worker.package.strict=false
PATH in container is set to is set to /scratch/pegasus-5.0.0dev-x86_64_ubuntu_16/bin:/usr/local/sbin:/usr/local/bin:/usr/sbin:/usr/bin:/sbin:/bin

###############[Container] Checking file integrity for input files ###############

#########################[Container] Launching user task #########################
Thumbs_up_ID0000001-fc711b3f-a746-4d58-b53b-d6335b2da8f1
2020-07-16 10:20:40: User task failed with exitcode 127
PegasusLite: exitcode 127
