07/15/20 18:09:16 ******************************************************
07/15/20 18:09:16 ** condor_scheduniv_exec.13.0 (CONDOR_DAGMAN) STARTING UP
07/15/20 18:09:16 ** /usr/bin/condor_dagman
07/15/20 18:09:16 ** SubsystemInfo: name=DAGMAN type=DAGMAN(10) class=DAEMON(1)
07/15/20 18:09:16 ** Configuration: subsystem:DAGMAN local:<NONE> class:DAEMON
07/15/20 18:09:16 ** $CondorVersion: 8.8.9 May 06 2020 BuildID: 503068 PackageID: 8.8.9-1 $
07/15/20 18:09:16 ** $CondorPlatform: x86_64_CentOS7 $
07/15/20 18:09:16 ** PID = 27690
07/15/20 18:09:16 ** Log last touched time unavailable (No such file or directory)
07/15/20 18:09:16 ******************************************************
07/15/20 18:09:16 Using config source: /etc/condor/condor_config
07/15/20 18:09:16 Using local config sources: 
07/15/20 18:09:16    /etc/condor/config.d/00-minicondor
07/15/20 18:09:16    /etc/condor/condor_config.local
07/15/20 18:09:16 config Macros = 81, Sorted = 81, StringBytes = 2255, TablesBytes = 2964
07/15/20 18:09:16 CLASSAD_CACHING is ENABLED
07/15/20 18:09:16 Daemon Log is logging: D_ALWAYS D_ERROR
07/15/20 18:09:16 DaemonCore: No command port requested.
07/15/20 18:09:16 DAGMAN_USE_STRICT setting: 1
07/15/20 18:09:16 DAGMAN_VERBOSITY setting: 3
07/15/20 18:09:16 DAGMAN_DEBUG_CACHE_SIZE setting: 5242880
07/15/20 18:09:16 DAGMAN_DEBUG_CACHE_ENABLE setting: False
07/15/20 18:09:16 DAGMAN_SUBMIT_DELAY setting: 0
07/15/20 18:09:16 DAGMAN_MAX_SUBMIT_ATTEMPTS setting: 6
07/15/20 18:09:16 DAGMAN_STARTUP_CYCLE_DETECT setting: False
07/15/20 18:09:16 DAGMAN_MAX_SUBMITS_PER_INTERVAL setting: 100
07/15/20 18:09:16 DAGMAN_AGGRESSIVE_SUBMIT setting: False
07/15/20 18:09:16 DAGMAN_USER_LOG_SCAN_INTERVAL setting: 5
07/15/20 18:09:16 DAGMAN_QUEUE_UPDATE_INTERVAL setting: 300
07/15/20 18:09:16 DAGMAN_DEFAULT_PRIORITY setting: 0
07/15/20 18:09:16 DAGMAN_SUPPRESS_NOTIFICATION setting: True
07/15/20 18:09:16 allow_events (DAGMAN_ALLOW_EVENTS) setting: 114
07/15/20 18:09:16 DAGMAN_RETRY_SUBMIT_FIRST setting: True
07/15/20 18:09:16 DAGMAN_RETRY_NODE_FIRST setting: False
07/15/20 18:09:16 DAGMAN_MAX_JOBS_IDLE setting: 1000
07/15/20 18:09:16 DAGMAN_MAX_JOBS_SUBMITTED setting: 0
07/15/20 18:09:16 DAGMAN_MAX_PRE_SCRIPTS setting: 20
07/15/20 18:09:16 DAGMAN_MAX_POST_SCRIPTS setting: 20
07/15/20 18:09:16 DAGMAN_MUNGE_NODE_NAMES setting: True
07/15/20 18:09:16 DAGMAN_PROHIBIT_MULTI_JOBS setting: False
07/15/20 18:09:16 DAGMAN_SUBMIT_DEPTH_FIRST setting: False
07/15/20 18:09:16 DAGMAN_ALWAYS_RUN_POST setting: False
07/15/20 18:09:16 DAGMAN_CONDOR_SUBMIT_EXE setting: /usr/bin/condor_submit
07/15/20 18:09:16 DAGMAN_USE_CONDOR_SUBMIT setting: True
07/15/20 18:09:16 DAGMAN_ABORT_DUPLICATES setting: True
07/15/20 18:09:16 DAGMAN_ABORT_ON_SCARY_SUBMIT setting: True
07/15/20 18:09:16 DAGMAN_PENDING_REPORT_INTERVAL setting: 600
07/15/20 18:09:16 DAGMAN_AUTO_RESCUE setting: True
07/15/20 18:09:16 DAGMAN_MAX_RESCUE_NUM setting: 100
07/15/20 18:09:16 DAGMAN_WRITE_PARTIAL_RESCUE setting: True
07/15/20 18:09:16 DAGMAN_DEFAULT_NODE_LOG setting: @(DAG_DIR)/@(DAG_FILE).nodes.log
07/15/20 18:09:16 DAGMAN_GENERATE_SUBDAG_SUBMITS setting: True
07/15/20 18:09:16 DAGMAN_MAX_JOB_HOLDS setting: 100
07/15/20 18:09:16 DAGMAN_HOLD_CLAIM_TIME setting: 20
07/15/20 18:09:16 ALL_DEBUG setting: 
07/15/20 18:09:16 DAGMAN_DEBUG setting: 
07/15/20 18:09:16 DAGMAN_SUPPRESS_JOB_LOGS setting: False
07/15/20 18:09:16 DAGMAN_REMOVE_NODE_JOBS setting: True
07/15/20 18:09:16 argv[0] == "condor_scheduniv_exec.13.0"
07/15/20 18:09:16 argv[1] == "-Lockfile"
07/15/20 18:09:16 argv[2] == "add_thumbs-0.dag.lock"
07/15/20 18:09:16 argv[3] == "-AutoRescue"
07/15/20 18:09:16 argv[4] == "1"
07/15/20 18:09:16 argv[5] == "-DoRescueFrom"
07/15/20 18:09:16 argv[6] == "0"
07/15/20 18:09:16 argv[7] == "-Dag"
07/15/20 18:09:16 argv[8] == "add_thumbs-0.dag"
07/15/20 18:09:16 argv[9] == "-MaxPost"
07/15/20 18:09:16 argv[10] == "20"
07/15/20 18:09:16 argv[11] == "-Suppress_notification"
07/15/20 18:09:16 argv[12] == "-CsdVersion"
07/15/20 18:09:16 argv[13] == "$CondorVersion: 8.8.9 May 06 2020 BuildID: 503068 PackageID: 8.8.9-1 $"
07/15/20 18:09:16 argv[14] == "-Dagman"
07/15/20 18:09:16 argv[15] == "/bin/condor_dagman"
07/15/20 18:09:16 Workflow batch-name: <add_thumbs-0.dag+13>
07/15/20 18:09:16 Workflow accounting_group: <>
07/15/20 18:09:16 Workflow accounting_group_user: <>
07/15/20 18:09:16 Warning: failed to get attribute DAGNodeName
07/15/20 18:09:16 DAGMAN_LOG_ON_NFS_IS_ERROR setting: False
07/15/20 18:09:16 Default node log file is: </home/scitech/shared-data/Workflow/Workflow4/scitech/pegasus/add_thumbs/run0002/./add_thumbs-0.dag.nodes.log>
07/15/20 18:09:16 DAG Lockfile will be written to add_thumbs-0.dag.lock
07/15/20 18:09:16 DAG Input file is add_thumbs-0.dag
07/15/20 18:09:16 Parsing 1 dagfiles
07/15/20 18:09:16 Parsing add_thumbs-0.dag ...
07/15/20 18:09:16 Warning:  could not open Pegasus braindump file braindump.txt
07/15/20 18:09:16 Dag contains 8 total jobs
07/15/20 18:09:16 Sleeping for 3 seconds to ensure ProcessId uniqueness
07/15/20 18:09:19 Bootstrapping...
07/15/20 18:09:19 Number of pre-completed nodes: 0
07/15/20 18:09:19 MultiLogFiles: truncating log file /home/scitech/shared-data/Workflow/Workflow4/scitech/pegasus/add_thumbs/run0002/./add_thumbs-0.dag.nodes.log
07/15/20 18:09:19 DAG status: 0 (DAG_STATUS_OK)
07/15/20 18:09:19 Of 8 nodes total:
07/15/20 18:09:19  Done     Pre   Queued    Post   Ready   Un-Ready   Failed
07/15/20 18:09:19   ===     ===      ===     ===     ===        ===      ===
07/15/20 18:09:19     0       0        0       0       1          7        0
07/15/20 18:09:19 0 job proc(s) currently held
07/15/20 18:09:19 DAGMan Runtime Statistics: [ EventCycleTimeSum = 0.0; EventCycleTimeCount = 0.0; SleepCycleTimeCount = 0.0; SubmitCycleTimeSum = 0.0; SubmitCycleTimeCount = 0.0; LogProcessCycleTimeSum = 0.0; SleepCycleTimeSum = 0.0; LogProcessCycleTimeCount = 0.0; ]
07/15/20 18:09:19 Registering condor_event_timer...
07/15/20 18:09:20 Submitting HTCondor Node create_dir_add_thumbs_0_local job(s)...
07/15/20 18:09:20 Adding a DAGMan workflow log /home/scitech/shared-data/Workflow/Workflow4/scitech/pegasus/add_thumbs/run0002/./add_thumbs-0.dag.nodes.log
07/15/20 18:09:20 Masking the events recorded in the DAGMAN workflow log
07/15/20 18:09:20 Mask for workflow log is 0,1,2,4,5,7,9,10,11,12,13,16,17,24,27,35,36
07/15/20 18:09:20 submitting: /usr/bin/condor_submit -a dag_node_name' '=' 'create_dir_add_thumbs_0_local -a +DAGManJobId' '=' '13 -a DAGManJobId' '=' '13 -batch-name add_thumbs-0.dag+13 -a submit_event_notes' '=' 'DAG' 'Node:' 'create_dir_add_thumbs_0_local -a dagman_log' '=' '/home/scitech/shared-data/Workflow/Workflow4/scitech/pegasus/add_thumbs/run0002/./add_thumbs-0.dag.nodes.log -a +DAGManNodesMask' '=' '"0,1,2,4,5,7,9,10,11,12,13,16,17,24,27,35,36" -a priority=800 -a +DAGNodeRetry' '=' '0 -a DAG_STATUS' '=' '0 -a FAILED_COUNT' '=' '0 -a +KeepClaimIdle' '=' '20 -a notification' '=' 'never -a +DAGParentNodeNames' '=' '"" 00/00/create_dir_add_thumbs_0_local.sub
07/15/20 18:09:20 From submit: Submitting job(s).
07/15/20 18:09:20 From submit: 1 job(s) submitted to cluster 14.
07/15/20 18:09:20 	assigned HTCondor ID (14.0.0)
07/15/20 18:09:20 Just submitted 1 job this cycle...
07/15/20 18:09:20 DAG status: 0 (DAG_STATUS_OK)
07/15/20 18:09:20 Of 8 nodes total:
07/15/20 18:09:20  Done     Pre   Queued    Post   Ready   Un-Ready   Failed
07/15/20 18:09:20   ===     ===      ===     ===     ===        ===      ===
07/15/20 18:09:20     0       0        1       0       0          7        0
07/15/20 18:09:20 0 job proc(s) currently held
07/15/20 18:09:20 DAGMan Runtime Statistics: [ EventCycleTimeCount = 0.0; EventCycleTimeSum = 0.0; LogProcessCycleTimeCount = 0.0; SleepCycleTimeSum = 0.0; LogProcessCycleTimeSum = 0.0; SubmitCycleTimeCount = 1.0; SubmitCycleTimeMax = 0.04481697082519531; SubmitCycleTimeMin = 0.04481697082519531; SubmitCycleTimeAvg = 0.04481697082519531; SubmitCycleTimeStd = 0.04481697082519531; SubmitCycleTimeSum = 0.04481697082519531; SleepCycleTimeCount = 0.0; ]
07/15/20 18:09:25 Currently monitoring 1 HTCondor log file(s)
07/15/20 18:09:25 Reassigning the id of job create_dir_add_thumbs_0_local from (14.0.0) to (14.0.0)
07/15/20 18:09:26 Event: ULOG_SUBMIT for HTCondor Node create_dir_add_thumbs_0_local (14.0.0) {07/15/20 18:09:20}
07/15/20 18:09:26 Number of idle job procs: 1
07/15/20 18:09:26 Event: ULOG_EXECUTE for HTCondor Node create_dir_add_thumbs_0_local (14.0.0) {07/15/20 18:09:22}
07/15/20 18:09:26 Number of idle job procs: 0
07/15/20 18:09:26 Event: ULOG_JOB_TERMINATED for HTCondor Node create_dir_add_thumbs_0_local (14.0.0) {07/15/20 18:09:24}
07/15/20 18:09:26 Number of idle job procs: 0
07/15/20 18:09:26 Node create_dir_add_thumbs_0_local job proc (14.0.0) completed successfully.
07/15/20 18:09:26 Node create_dir_add_thumbs_0_local job completed
07/15/20 18:09:26 Running POST script of Node create_dir_add_thumbs_0_local...
07/15/20 18:09:26 Warning: mysin has length 0 (ignore if produced by DAGMan; see gittrac #4987, #5031)
07/15/20 18:09:26 DAG status: 0 (DAG_STATUS_OK)
07/15/20 18:09:26 Of 8 nodes total:
07/15/20 18:09:26  Done     Pre   Queued    Post   Ready   Un-Ready   Failed
07/15/20 18:09:26   ===     ===      ===     ===     ===        ===      ===
07/15/20 18:09:26     0       0        0       1       0          7        0
07/15/20 18:09:26 0 job proc(s) currently held
07/15/20 18:09:26 DAGMan Runtime Statistics: [ EventCycleTimeStd = 0.04961013793945312; EventCycleTimeMax = 0.04961013793945312; SubmitCycleTimeMin = 0.0008230209350585938; SubmitCycleTimeAvg = 0.02281999588012695; SleepCycleTimeCount = 1.0; SubmitCycleTimeCount = 2.0; SubmitCycleTimeMax = 0.04481697082519531; SleepCycleTimeMin = 5.010847806930542; SubmitCycleTimeSum = 0.04563999176025391; LogProcessCycleTimeStd = 0.024993896484375; SubmitCycleTimeStd = 0.03110842029849684; LogProcessCycleTimeAvg = 0.024993896484375; EventCycleTimeMin = 0.04961013793945312; LogProcessCycleTimeMax = 0.024993896484375; LogProcessCycleTimeMin = 0.024993896484375; LogProcessCycleTimeSum = 0.024993896484375; LogProcessCycleTimeCount = 1.0; EventCycleTimeSum = 0.04961013793945312; SleepCycleTimeSum = 5.010847806930542; SleepCycleTimeAvg = 5.010847806930542; SleepCycleTimeStd = 5.010847806930542; SleepCycleTimeMax = 5.010847806930542; EventCycleTimeCount = 1.0; EventCycleTimeAvg = 0.04961013793945312; ]
07/15/20 18:09:26 Initializing user log writer for /home/scitech/shared-data/Workflow/Workflow4/scitech/pegasus/add_thumbs/run0002/./add_thumbs-0.dag.nodes.log, (14.0.0)
07/15/20 18:09:31 Currently monitoring 1 HTCondor log file(s)
07/15/20 18:09:31 Event: ULOG_POST_SCRIPT_TERMINATED for HTCondor Node create_dir_add_thumbs_0_local (14.0.0) {07/15/20 18:09:26}
07/15/20 18:09:31 POST Script of node create_dir_add_thumbs_0_local completed successfully.
07/15/20 18:09:31 DAG status: 0 (DAG_STATUS_OK)
07/15/20 18:09:31 Of 8 nodes total:
07/15/20 18:09:31  Done     Pre   Queued    Post   Ready   Un-Ready   Failed
07/15/20 18:09:31   ===     ===      ===     ===     ===        ===      ===
07/15/20 18:09:31     1       0        0       0       1          6        0
07/15/20 18:09:31 0 job proc(s) currently held
07/15/20 18:09:31 DAGMan Runtime Statistics: [ EventCycleTimeStd = 0.01206967730176174; EventCycleTimeMax = 0.04961013793945312; SubmitCycleTimeMin = 0.0006399154663085938; SubmitCycleTimeAvg = 0.0154266357421875; SleepCycleTimeCount = 2.0; SubmitCycleTimeCount = 3.0; SubmitCycleTimeMax = 0.04481697082519531; SleepCycleTimeMin = 5.010847806930542; SubmitCycleTimeSum = 0.0462799072265625; LogProcessCycleTimeStd = 0.01418308887349202; SubmitCycleTimeStd = 0.02545294146305651; LogProcessCycleTimeAvg = 0.01496493816375732; EventCycleTimeMin = 0.03254103660583496; LogProcessCycleTimeMax = 0.024993896484375; LogProcessCycleTimeMin = 0.004935979843139648; LogProcessCycleTimeSum = 0.02992987632751465; LogProcessCycleTimeCount = 2.0; EventCycleTimeSum = 0.08215117454528809; SleepCycleTimeSum = 10.28888297080994; SleepCycleTimeAvg = 5.144441485404968; SleepCycleTimeStd = 0.1889299919458442; SleepCycleTimeMax = 5.278035163879395; EventCycleTimeCount = 2.0; EventCycleTimeAvg = 0.04107558727264404; ]
07/15/20 18:09:36 Submitting HTCondor Node stage_in_local_local_0_0 job(s)...
07/15/20 18:09:36 Adding a DAGMan workflow log /home/scitech/shared-data/Workflow/Workflow4/scitech/pegasus/add_thumbs/run0002/./add_thumbs-0.dag.nodes.log
07/15/20 18:09:36 Masking the events recorded in the DAGMAN workflow log
07/15/20 18:09:36 Mask for workflow log is 0,1,2,4,5,7,9,10,11,12,13,16,17,24,27,35,36
07/15/20 18:09:36 submitting: /usr/bin/condor_submit -a dag_node_name' '=' 'stage_in_local_local_0_0 -a +DAGManJobId' '=' '13 -a DAGManJobId' '=' '13 -batch-name add_thumbs-0.dag+13 -a submit_event_notes' '=' 'DAG' 'Node:' 'stage_in_local_local_0_0 -a dagman_log' '=' '/home/scitech/shared-data/Workflow/Workflow4/scitech/pegasus/add_thumbs/run0002/./add_thumbs-0.dag.nodes.log -a +DAGManNodesMask' '=' '"0,1,2,4,5,7,9,10,11,12,13,16,17,24,27,35,36" -a priority=700 -a +DAGNodeRetry' '=' '0 -a DAG_STATUS' '=' '0 -a FAILED_COUNT' '=' '0 -a +KeepClaimIdle' '=' '20 -a notification' '=' 'never -a +DAGParentNodeNames' '=' '"create_dir_add_thumbs_0_local" 00/00/stage_in_local_local_0_0.sub
07/15/20 18:09:36 From submit: Submitting job(s).
07/15/20 18:09:36 From submit: 1 job(s) submitted to cluster 15.
07/15/20 18:09:36 	assigned HTCondor ID (15.0.0)
07/15/20 18:09:36 Just submitted 1 job this cycle...
07/15/20 18:09:36 DAG status: 0 (DAG_STATUS_OK)
07/15/20 18:09:36 Of 8 nodes total:
07/15/20 18:09:36  Done     Pre   Queued    Post   Ready   Un-Ready   Failed
07/15/20 18:09:36   ===     ===      ===     ===     ===        ===      ===
07/15/20 18:09:36     1       0        1       0       0          6        0
07/15/20 18:09:36 0 job proc(s) currently held
07/15/20 18:09:36 DAGMan Runtime Statistics: [ EventCycleTimeStd = 0.01792844487309319; EventCycleTimeMax = 0.04961013793945312; SubmitCycleTimeMin = 0.0006399154663085938; SubmitCycleTimeAvg = 0.02559322118759155; SleepCycleTimeCount = 3.0; SubmitCycleTimeCount = 4.0; SubmitCycleTimeMax = 0.05609297752380371; SleepCycleTimeMin = 5.007447004318237; SubmitCycleTimeSum = 0.1023728847503662; LogProcessCycleTimeStd = 0.01418308887349202; SubmitCycleTimeStd = 0.02907471968146888; LogProcessCycleTimeAvg = 0.01496493816375732; EventCycleTimeMin = 0.01376676559448242; LogProcessCycleTimeMax = 0.024993896484375; LogProcessCycleTimeMin = 0.004935979843139648; LogProcessCycleTimeSum = 0.02992987632751465; LogProcessCycleTimeCount = 2.0; EventCycleTimeSum = 0.09591794013977051; SleepCycleTimeSum = 15.29632997512817; SleepCycleTimeAvg = 5.098776658376058; SleepCycleTimeStd = 0.1552517317490264; SleepCycleTimeMax = 5.278035163879395; EventCycleTimeCount = 3.0; EventCycleTimeAvg = 0.03197264671325684; ]
07/15/20 18:09:41 Currently monitoring 1 HTCondor log file(s)
07/15/20 18:09:41 Reassigning the id of job stage_in_local_local_0_0 from (15.0.0) to (15.0.0)
07/15/20 18:09:41 Event: ULOG_SUBMIT for HTCondor Node stage_in_local_local_0_0 (15.0.0) {07/15/20 18:09:36}
07/15/20 18:09:41 Number of idle job procs: 1
07/15/20 18:09:41 Event: ULOG_EXECUTE for HTCondor Node stage_in_local_local_0_0 (15.0.0) {07/15/20 18:09:38}
07/15/20 18:09:41 Number of idle job procs: 0
07/15/20 18:10:16 Received SIGUSR1
07/15/20 18:10:16 Aborting DAG...
07/15/20 18:10:16 Writing Rescue DAG to add_thumbs-0.dag.rescue001...
07/15/20 18:10:16 Removing submitted jobs...
07/15/20 18:10:16 Removing any/all submitted HTCondor jobs...
07/15/20 18:10:16 Running: /usr/bin/condor_rm -const DAGManJobId' '=?=' '13
07/15/20 18:10:16 Note: 0 total job deferrals because of -MaxJobs limit (0)
07/15/20 18:10:16 Note: 0 total job deferrals because of -MaxIdle limit (1000)
07/15/20 18:10:16 Note: 0 total job deferrals because of node category throttles
07/15/20 18:10:16 Note: 0 total PRE script deferrals because of -MaxPre limit (20) or DEFER
07/15/20 18:10:16 Note: 0 total POST script deferrals because of -MaxPost limit (20) or DEFER
07/15/20 18:10:16 DAG status: 4 (DAG_STATUS_RM)
07/15/20 18:10:16 Of 8 nodes total:
07/15/20 18:10:16  Done     Pre   Queued    Post   Ready   Un-Ready   Failed
07/15/20 18:10:16   ===     ===      ===     ===     ===        ===      ===
07/15/20 18:10:16     1       0        1       0       0          6        0
07/15/20 18:10:16 0 job proc(s) currently held
07/15/20 18:10:16 DAGMan Runtime Statistics: [ EventCycleTimeStd = 0.02212424763472335; EventCycleTimeMax = 0.06251621246337891; SubmitCycleTimeMin = 0.0001959800720214844; SubmitCycleTimeAvg = 0.009766275232488459; SleepCycleTimeCount = 10.0; SubmitCycleTimeCount = 11.0; SubmitCycleTimeMax = 0.05609297752380371; SleepCycleTimeMin = 4.972263097763062; SubmitCycleTimeSum = 0.107429027557373; LogProcessCycleTimeStd = 0.01202760764414616; SubmitCycleTimeStd = 0.0202764418223461; LogProcessCycleTimeAvg = 0.01113160451253255; EventCycleTimeMin = 0.001549959182739258; LogProcessCycleTimeMax = 0.024993896484375; LogProcessCycleTimeMin = 0.003464937210083008; LogProcessCycleTimeSum = 0.03339481353759766; LogProcessCycleTimeCount = 3.0; EventCycleTimeSum = 0.1743443012237549; SleepCycleTimeSum = 50.30254483222961; SleepCycleTimeAvg = 5.030254483222961; SleepCycleTimeStd = 0.08777069432705473; SleepCycleTimeMax = 5.278035163879395; EventCycleTimeCount = 11.0; EventCycleTimeAvg = 0.01584948192943226; ]
07/15/20 18:10:16 Wrote metrics file add_thumbs-0.dag.metrics.
07/15/20 18:10:16 Reporting metrics to Pegasus metrics server(s); output is in add_thumbs-0.dag.metrics.out.
07/15/20 18:10:16 Running command </usr/libexec/condor/condor_dagman_metrics_reporter -f add_thumbs-0.dag.metrics -s -t 100>
07/15/20 18:10:16 Warning: mysin has length 0 (ignore if produced by DAGMan; see gittrac #4987, #5031)
07/15/20 18:10:16 DAGMan Runtime Statistics: [ EventCycleTimeStd = 0.02212424763472335; EventCycleTimeMax = 0.06251621246337891; SubmitCycleTimeMin = 0.0001959800720214844; SubmitCycleTimeAvg = 0.009766275232488459; SleepCycleTimeCount = 10.0; SubmitCycleTimeCount = 11.0; SubmitCycleTimeMax = 0.05609297752380371; SleepCycleTimeMin = 4.972263097763062; SubmitCycleTimeSum = 0.107429027557373; LogProcessCycleTimeStd = 0.01202760764414616; SubmitCycleTimeStd = 0.0202764418223461; LogProcessCycleTimeAvg = 0.01113160451253255; EventCycleTimeMin = 0.001549959182739258; LogProcessCycleTimeMax = 0.024993896484375; LogProcessCycleTimeMin = 0.003464937210083008; LogProcessCycleTimeSum = 0.03339481353759766; LogProcessCycleTimeCount = 3.0; EventCycleTimeSum = 0.1743443012237549; SleepCycleTimeSum = 50.30254483222961; SleepCycleTimeAvg = 5.030254483222961; SleepCycleTimeStd = 0.08777069432705473; SleepCycleTimeMax = 5.278035163879395; EventCycleTimeCount = 11.0; EventCycleTimeAvg = 0.01584948192943226; ]
07/15/20 18:10:16 **** condor_scheduniv_exec.13.0 (condor_DAGMAN) pid 27690 EXITING WITH STATUS 2
