2020-09-10 14:59:29,240:INFO:pegasus-monitord(58): pegasus-monitord starting - pid 14439 
2020-09-10 14:59:29,260:INFO:pegasus-monitord(455): Final Command line options are: ['-N', 'Cats_and_Dogs-0.dag.dagman.out']
2020-09-10 14:59:29,276:INFO:Pegasus.monitoring.event_output(629): Connecting workflow event sink to sqlite:////home/scitech/shared-data/CatsAndDogs/scitech/pegasus/Cats_and_Dogs/run0005/Cats_and_Dogs-0.stampede.db
Created Pegasus database in: sqlite:////home/scitech/shared-data/CatsAndDogs/scitech/pegasus/Cats_and_Dogs/run0005/Cats_and_Dogs-0.stampede.db
Your database is compatible with Pegasus version: 5.0.0dev
2020-09-10 14:59:30,060:INFO:Pegasus.monitoring.event_output(703): output type=DB namespace=stampede. name=sqlite:////home/scitech/shared-data/CatsAndDogs/scitech/pegasus/Cats_and_Dogs/run0005/Cats_and_Dogs-0.stampede.db
2020-09-10 14:59:30,061:INFO:Pegasus.monitoring.event_output(629): Connecting workflow event sink to sqlite:////home/scitech/.pegasus/workflow.db
Your database is compatible with Pegasus version: 5.0.0dev
2020-09-10 14:59:30,626:INFO:Pegasus.monitoring.event_output(703): output type=DB namespace=dashboard. name=sqlite:////home/scitech/.pegasus/workflow.db
2020-09-10 14:59:30,627:INFO:pegasus-monitord(1247): monitord started in fast start mode
2020-09-10 14:59:30,663:INFO:Pegasus.monitoring.workflow(461): cannot open state file /home/scitech/shared-data/CatsAndDogs/scitech/pegasus/Cats_and_Dogs/run0005/monitord.info, continuing without state...
2020-09-10 14:59:30,664:INFO:Pegasus.monitoring.workflow(1148): creating new file /home/scitech/shared-data/CatsAndDogs/scitech/pegasus/Cats_and_Dogs/run0005/jobstate.log
2020-09-10 14:59:30,665:INFO:Pegasus.monitoring.workflow(1158): Appending to existing jobstate.log replay_mode 0 previous_processed_line 0
2020-09-10 14:59:30,666:INFO:Pegasus.monitoring.notifications(474): loading notifications from /home/scitech/shared-data/CatsAndDogs/scitech/pegasus/Cats_and_Dogs/run0005/Cats_and_Dogs-0.notify
2020-09-10 14:59:31,013:INFO:Pegasus.monitoring.workflow(205): Parsing DAG file /home/scitech/shared-data/CatsAndDogs/scitech/pegasus/Cats_and_Dogs/run0005/Cats_and_Dogs-0.dag
2020-09-10 14:59:31,019:INFO:pegasus-monitord(974): Using DAGMan version 8.8.10 80810
2020-09-10 14:59:31,020:INFO:pegasus-monitord(949): DAGMan runs at pid 14438
2020-09-10 14:59:31,025:INFO:pegasus-monitord(955): using dag Cats_and_Dogs-0.dag
2020-09-10 14:59:31,025:INFO:Pegasus.monitoring.workflow(811): DAGMan starting with condor id 151.0
2020-09-10 15:01:22,561:WARNING:Pegasus.monitoring.workflow(1707): truncating stdout for job stage_in_local_local_0_0
2020-09-10 15:04:39,265:WARNING:Pegasus.monitoring.workflow(1707): truncating stdout for job stage_out_local_local_0_0
2020-09-10 15:04:39,503:INFO:Pegasus.monitoring.workflow(2468): Populating locations corresponding to succeeded registration job  /home/scitech/shared-data/CatsAndDogs/scitech/pegasus/Cats_and_Dogs/run0005/00/00/register_local_0_0.in 
2020-09-10 15:04:41,921:INFO:Pegasus.monitoring.workflow(2468): Populating locations corresponding to succeeded registration job  /home/scitech/shared-data/CatsAndDogs/scitech/pegasus/Cats_and_Dogs/run0005/00/00/register_local_2_0.in 
2020-09-10 15:04:42,300:WARNING:Pegasus.monitoring.workflow(1707): truncating stdout for job stage_out_local_local_1_0
2020-09-10 15:04:56,516:INFO:Pegasus.monitoring.workflow(2468): Populating locations corresponding to succeeded registration job  /home/scitech/shared-data/CatsAndDogs/scitech/pegasus/Cats_and_Dogs/run0005/00/00/register_local_1_0.in 
2020-09-10 15:20:31,499:INFO:Pegasus.monitoring.workflow(2468): Populating locations corresponding to succeeded registration job  /home/scitech/shared-data/CatsAndDogs/scitech/pegasus/Cats_and_Dogs/run0005/00/00/register_local_3_0.in 
2020-09-10 15:38:16,720:WARNING:pegasus-monitord(1029): DAGMan was aborted for workflow running in directory /home/scitech/shared-data/CatsAndDogs/scitech/pegasus/Cats_and_Dogs/run0005
2020-09-10 15:38:16,724:INFO:pegasus-monitord(927): DAGMan Cats_and_Dogs-0.dag finished with exit code 2
2020-09-10 15:38:17,740:INFO:pegasus-monitord(1427): workflow /home/scitech/shared-data/CatsAndDogs/scitech/pegasus/Cats_and_Dogs/run0005/Cats_and_Dogs-0.dag.dagman.out ended
2020-09-10 15:38:17,747:INFO:Pegasus.monitoring.workflow(1378): recovery file deleted: /home/scitech/shared-data/CatsAndDogs/scitech/pegasus/Cats_and_Dogs/run0005/monitord.recover
2020-09-10 15:38:17,751:INFO:pegasus-monitord(1665): finishing workflow: /home/scitech/shared-data/CatsAndDogs/scitech/pegasus/Cats_and_Dogs/run0005/Cats_and_Dogs-0.dag.dagman.out
2020-09-10 15:38:17,752:INFO:pegasus-monitord(1719): finishing notifications...
2020-09-10 15:38:17,753:INFO:pegasus-monitord(1727): monitord process 14439 exiting with 0
2020-09-10 15:38:17,757:INFO:pegasus-monitord(197): DB flushing beginning
2020-09-10 15:38:17,758:INFO:Pegasus.db.workflow_loader.WorkflowLoader(1244): Executing final flush
2020-09-10 15:38:17,793:INFO:Pegasus.db.dashboard_loader.DashboardLoader(397): Executing final flush
2020-09-10 15:38:17,794:INFO:pegasus-monitord(213): DB flushing ended
