2020-09-14 13:31:37,838:INFO:pegasus-monitord(58): pegasus-monitord starting - pid 26099 
2020-09-14 13:31:37,854:INFO:pegasus-monitord(455): Final Command line options are: ['-N', 'Cats_and_Dogs-0.dag.dagman.out']
2020-09-14 13:31:37,872:INFO:Pegasus.monitoring.event_output(629): Connecting workflow event sink to sqlite:////home/scitech/shared-data/CatsAndDogs/scitech/pegasus/Cats_and_Dogs/run0013/Cats_and_Dogs-0.stampede.db
Created Pegasus database in: sqlite:////home/scitech/shared-data/CatsAndDogs/scitech/pegasus/Cats_and_Dogs/run0013/Cats_and_Dogs-0.stampede.db
Your database is compatible with Pegasus version: 5.0.0dev
2020-09-14 13:31:38,710:INFO:Pegasus.monitoring.event_output(703): output type=DB namespace=stampede. name=sqlite:////home/scitech/shared-data/CatsAndDogs/scitech/pegasus/Cats_and_Dogs/run0013/Cats_and_Dogs-0.stampede.db
2020-09-14 13:31:38,712:INFO:Pegasus.monitoring.event_output(629): Connecting workflow event sink to sqlite:////home/scitech/.pegasus/workflow.db
Your database is compatible with Pegasus version: 5.0.0dev
2020-09-14 13:31:39,123:INFO:Pegasus.monitoring.event_output(703): output type=DB namespace=dashboard. name=sqlite:////home/scitech/.pegasus/workflow.db
2020-09-14 13:31:39,123:INFO:pegasus-monitord(1247): monitord started in fast start mode
2020-09-14 13:31:39,141:INFO:Pegasus.monitoring.workflow(461): cannot open state file /home/scitech/shared-data/CatsAndDogs/scitech/pegasus/Cats_and_Dogs/run0013/monitord.info, continuing without state...
2020-09-14 13:31:39,142:INFO:Pegasus.monitoring.workflow(1148): creating new file /home/scitech/shared-data/CatsAndDogs/scitech/pegasus/Cats_and_Dogs/run0013/jobstate.log
2020-09-14 13:31:39,142:INFO:Pegasus.monitoring.workflow(1158): Appending to existing jobstate.log replay_mode 0 previous_processed_line 0
2020-09-14 13:31:39,144:INFO:Pegasus.monitoring.notifications(474): loading notifications from /home/scitech/shared-data/CatsAndDogs/scitech/pegasus/Cats_and_Dogs/run0013/Cats_and_Dogs-0.notify
2020-09-14 13:31:39,393:INFO:Pegasus.monitoring.workflow(205): Parsing DAG file /home/scitech/shared-data/CatsAndDogs/scitech/pegasus/Cats_and_Dogs/run0013/Cats_and_Dogs-0.dag
2020-09-14 13:31:39,399:INFO:pegasus-monitord(974): Using DAGMan version 8.8.10 80810
2020-09-14 13:31:39,399:INFO:pegasus-monitord(949): DAGMan runs at pid 26097
2020-09-14 13:31:39,402:INFO:pegasus-monitord(955): using dag Cats_and_Dogs-0.dag
2020-09-14 13:31:39,402:INFO:Pegasus.monitoring.workflow(811): DAGMan starting with condor id 148.0
2020-09-14 13:32:08,399:INFO:Pegasus.monitoring.workflow(2468): Populating locations corresponding to succeeded registration job  /home/scitech/shared-data/CatsAndDogs/scitech/pegasus/Cats_and_Dogs/run0013/00/00/register_local_1000_1.in 
2020-09-14 13:32:22,972:INFO:Pegasus.monitoring.workflow(2468): Populating locations corresponding to succeeded registration job  /home/scitech/shared-data/CatsAndDogs/scitech/pegasus/Cats_and_Dogs/run0013/00/00/register_local_1000_0.in 
2020-09-14 13:32:58,793:WARNING:Pegasus.monitoring.workflow(1707): truncating stdout for job stage_in_local_local_0_0
2020-09-14 13:35:19,323:WARNING:Pegasus.monitoring.workflow(1707): truncating stdout for job stage_out_local_local_0_0
2020-09-14 13:35:20,578:INFO:Pegasus.monitoring.workflow(2468): Populating locations corresponding to succeeded registration job  /home/scitech/shared-data/CatsAndDogs/scitech/pegasus/Cats_and_Dogs/run0013/00/00/register_local_0_0.in 
2020-09-14 13:35:22,290:INFO:Pegasus.monitoring.workflow(2468): Populating locations corresponding to succeeded registration job  /home/scitech/shared-data/CatsAndDogs/scitech/pegasus/Cats_and_Dogs/run0013/00/00/register_local_2_0.in 
2020-09-14 13:35:22,674:WARNING:Pegasus.monitoring.workflow(1707): truncating stdout for job stage_out_local_local_1_0
2020-09-14 13:35:22,778:INFO:Pegasus.monitoring.workflow(2468): Populating locations corresponding to succeeded registration job  /home/scitech/shared-data/CatsAndDogs/scitech/pegasus/Cats_and_Dogs/run0013/00/00/register_local_1_0.in 
2020-09-14 13:48:46,953:INFO:Pegasus.monitoring.workflow(2468): Populating locations corresponding to succeeded registration job  /home/scitech/shared-data/CatsAndDogs/scitech/pegasus/Cats_and_Dogs/run0013/00/00/register_local_3_0.in 
2020-09-14 13:48:47,211:WARNING:Pegasus.monitoring.workflow(1707): truncating stdout for job clean_up_local_level_6_0
2020-09-14 13:49:01,334:INFO:pegasus-monitord(927): DAGMan Cats_and_Dogs-0.dag finished with exit code 0
2020-09-14 13:49:02,349:INFO:pegasus-monitord(1427): workflow /home/scitech/shared-data/CatsAndDogs/scitech/pegasus/Cats_and_Dogs/run0013/Cats_and_Dogs-0.dag.dagman.out ended
2020-09-14 13:49:02,353:INFO:Pegasus.monitoring.workflow(1378): recovery file deleted: /home/scitech/shared-data/CatsAndDogs/scitech/pegasus/Cats_and_Dogs/run0013/monitord.recover
2020-09-14 13:49:02,355:INFO:pegasus-monitord(1665): finishing workflow: /home/scitech/shared-data/CatsAndDogs/scitech/pegasus/Cats_and_Dogs/run0013/Cats_and_Dogs-0.dag.dagman.out
2020-09-14 13:49:02,356:INFO:pegasus-monitord(1719): finishing notifications...
2020-09-14 13:49:02,356:INFO:pegasus-monitord(1727): monitord process 26099 exiting with 0
2020-09-14 13:49:02,357:INFO:pegasus-monitord(197): DB flushing beginning
2020-09-14 13:49:02,357:INFO:Pegasus.db.workflow_loader.WorkflowLoader(1244): Executing final flush
2020-09-14 13:49:02,547:INFO:Pegasus.db.dashboard_loader.DashboardLoader(397): Executing final flush
2020-09-14 13:49:02,548:INFO:pegasus-monitord(213): DB flushing ended
