2020-08-10 14:03:11,252:INFO:pegasus-monitord(58): pegasus-monitord starting - pid 10012 
2020-08-10 14:03:11,270:INFO:pegasus-monitord(455): Final Command line options are: ['-N', 'harry-potter-text-analysis-0.dag.dagman.out']
2020-08-10 14:03:11,289:INFO:Pegasus.monitoring.event_output(629): Connecting workflow event sink to sqlite:////home/scitech/shared-data/sample-text-analysis-wf/scitech/pegasus/harry-potter-text-analysis/run0005/harry-potter-text-analysis-0.stampede.db
Created Pegasus database in: sqlite:////home/scitech/shared-data/sample-text-analysis-wf/scitech/pegasus/harry-potter-text-analysis/run0005/harry-potter-text-analysis-0.stampede.db
Your database is compatible with Pegasus version: 5.0.0dev
2020-08-10 14:03:11,971:INFO:Pegasus.monitoring.event_output(703): output type=DB namespace=stampede. name=sqlite:////home/scitech/shared-data/sample-text-analysis-wf/scitech/pegasus/harry-potter-text-analysis/run0005/harry-potter-text-analysis-0.stampede.db
2020-08-10 14:03:11,971:INFO:Pegasus.monitoring.event_output(629): Connecting workflow event sink to sqlite:////home/scitech/.pegasus/workflow.db
Your database is compatible with Pegasus version: 5.0.0dev
2020-08-10 14:03:12,280:INFO:Pegasus.monitoring.event_output(703): output type=DB namespace=dashboard. name=sqlite:////home/scitech/.pegasus/workflow.db
2020-08-10 14:03:12,280:INFO:pegasus-monitord(1247): monitord started in fast start mode
2020-08-10 14:03:12,298:INFO:Pegasus.monitoring.workflow(461): cannot open state file /home/scitech/shared-data/sample-text-analysis-wf/scitech/pegasus/harry-potter-text-analysis/run0005/monitord.info, continuing without state...
2020-08-10 14:03:12,298:INFO:Pegasus.monitoring.workflow(1148): creating new file /home/scitech/shared-data/sample-text-analysis-wf/scitech/pegasus/harry-potter-text-analysis/run0005/jobstate.log
2020-08-10 14:03:12,299:INFO:Pegasus.monitoring.workflow(1158): Appending to existing jobstate.log replay_mode 0 previous_processed_line 0
2020-08-10 14:03:12,300:INFO:Pegasus.monitoring.notifications(474): loading notifications from /home/scitech/shared-data/sample-text-analysis-wf/scitech/pegasus/harry-potter-text-analysis/run0005/harry-potter-text-analysis-0.notify
2020-08-10 14:03:12,531:INFO:Pegasus.monitoring.workflow(205): Parsing DAG file /home/scitech/shared-data/sample-text-analysis-wf/scitech/pegasus/harry-potter-text-analysis/run0005/harry-potter-text-analysis-0.dag
2020-08-10 14:03:12,536:INFO:pegasus-monitord(974): Using DAGMan version 8.8.9 80809
2020-08-10 14:03:12,537:INFO:pegasus-monitord(949): DAGMan runs at pid 10011
2020-08-10 14:03:12,540:INFO:pegasus-monitord(955): using dag harry-potter-text-analysis-0.dag
2020-08-10 14:03:12,540:INFO:Pegasus.monitoring.workflow(811): DAGMan starting with condor id 65.0
2020-08-10 14:04:42,044:INFO:Pegasus.monitoring.workflow(2468): Populating locations corresponding to succeeded registration job  /home/scitech/shared-data/sample-text-analysis-wf/scitech/pegasus/harry-potter-text-analysis/run0005/00/00/register_local_0_0.in 
2020-08-10 14:04:57,403:INFO:Pegasus.monitoring.workflow(2468): Populating locations corresponding to succeeded registration job  /home/scitech/shared-data/sample-text-analysis-wf/scitech/pegasus/harry-potter-text-analysis/run0005/00/00/register_local_1_0.in 
2020-08-10 14:05:07,634:INFO:Pegasus.monitoring.workflow(2468): Populating locations corresponding to succeeded registration job  /home/scitech/shared-data/sample-text-analysis-wf/scitech/pegasus/harry-potter-text-analysis/run0005/00/00/register_local_2_0.in 
2020-08-10 14:05:22,921:INFO:pegasus-monitord(927): DAGMan harry-potter-text-analysis-0.dag finished with exit code 0
2020-08-10 14:05:23,937:INFO:pegasus-monitord(1427): workflow /home/scitech/shared-data/sample-text-analysis-wf/scitech/pegasus/harry-potter-text-analysis/run0005/harry-potter-text-analysis-0.dag.dagman.out ended
2020-08-10 14:05:23,944:INFO:Pegasus.monitoring.workflow(1378): recovery file deleted: /home/scitech/shared-data/sample-text-analysis-wf/scitech/pegasus/harry-potter-text-analysis/run0005/monitord.recover
2020-08-10 14:05:23,947:INFO:pegasus-monitord(1665): finishing workflow: /home/scitech/shared-data/sample-text-analysis-wf/scitech/pegasus/harry-potter-text-analysis/run0005/harry-potter-text-analysis-0.dag.dagman.out
2020-08-10 14:05:23,948:INFO:pegasus-monitord(1719): finishing notifications...
2020-08-10 14:05:23,948:INFO:pegasus-monitord(1727): monitord process 10012 exiting with 0
2020-08-10 14:05:23,949:INFO:pegasus-monitord(197): DB flushing beginning
2020-08-10 14:05:23,950:INFO:Pegasus.db.workflow_loader.WorkflowLoader(1244): Executing final flush
2020-08-10 14:05:24,014:INFO:Pegasus.db.dashboard_loader.DashboardLoader(397): Executing final flush
2020-08-10 14:05:24,015:INFO:pegasus-monitord(213): DB flushing ended
