000 (137.000.000) 09/23 21:38:22 Job submitted from host: <127.0.0.1:9618?addrs=127.0.0.1-9618&noUDP&sock=271_7641_4>
    DAG Node: stage_out_local_local_1000_0
    pool:local
...
000 (138.000.000) 09/23 21:38:22 Job submitted from host: <127.0.0.1:9618?addrs=127.0.0.1-9618&noUDP&sock=271_7641_4>
    DAG Node: create_dir_Cats_and_Dogs_0_local
    pool:local
...
001 (138.000.000) 09/23 21:38:23 Job executing on host: <127.0.0.1:9618?addrs=127.0.0.1-9618&noUDP&sock=10359_9a3e_109>
...
001 (137.000.000) 09/23 21:38:23 Job executing on host: <127.0.0.1:9618?addrs=127.0.0.1-9618&noUDP&sock=10359_9a3e_110>
...
005 (138.000.000) 09/23 21:38:25 Job terminated.
	(1) Normal termination (return value 0)
		Usr 0 00:00:00, Sys 0 00:00:00  -  Run Remote Usage
		Usr 0 00:00:00, Sys 0 00:00:00  -  Run Local Usage
		Usr 0 00:00:00, Sys 0 00:00:00  -  Total Remote Usage
		Usr 0 00:00:00, Sys 0 00:00:00  -  Total Local Usage
	0  -  Run Bytes Sent By Job
	0  -  Run Bytes Received By Job
	0  -  Total Bytes Sent By Job
	0  -  Total Bytes Received By Job
...
005 (137.000.000) 09/23 21:38:25 Job terminated.
	(1) Normal termination (return value 0)
		Usr 0 00:00:00, Sys 0 00:00:00  -  Run Remote Usage
		Usr 0 00:00:00, Sys 0 00:00:00  -  Run Local Usage
		Usr 0 00:00:00, Sys 0 00:00:00  -  Total Remote Usage
		Usr 0 00:00:00, Sys 0 00:00:00  -  Total Local Usage
	0  -  Run Bytes Sent By Job
	0  -  Run Bytes Received By Job
	0  -  Total Bytes Sent By Job
	0  -  Total Bytes Received By Job
...
016 (138.000.000) 09/23 21:38:28 POST Script terminated.
	(1) Normal termination (return value 0)
    DAG Node: create_dir_Cats_and_Dogs_0_local
...
016 (137.000.000) 09/23 21:38:28 POST Script terminated.
	(1) Normal termination (return value 0)
    DAG Node: stage_out_local_local_1000_0
...
000 (139.000.000) 09/23 21:38:37 Job submitted from host: <127.0.0.1:9618?addrs=127.0.0.1-9618&noUDP&sock=271_7641_4>
    DAG Node: stage_in_remote_local_2_0
    pool:local
...
000 (140.000.000) 09/23 21:38:37 Job submitted from host: <127.0.0.1:9618?addrs=127.0.0.1-9618&noUDP&sock=271_7641_4>
    DAG Node: stage_in_remote_local_1_0
    pool:local
...
000 (141.000.000) 09/23 21:38:37 Job submitted from host: <127.0.0.1:9618?addrs=127.0.0.1-9618&noUDP&sock=271_7641_4>
    DAG Node: stage_in_remote_local_0_0
    pool:local
...
000 (142.000.000) 09/23 21:38:37 Job submitted from host: <127.0.0.1:9618?addrs=127.0.0.1-9618&noUDP&sock=271_7641_4>
    DAG Node: stage_in_local_local_0_0
    pool:local
...
000 (143.000.000) 09/23 21:38:37 Job submitted from host: <127.0.0.1:9618?addrs=127.0.0.1-9618&noUDP&sock=271_7641_4>
    DAG Node: stage_in_remote_local_3_0
    pool:local
...
000 (144.000.000) 09/23 21:38:37 Job submitted from host: <127.0.0.1:9618?addrs=127.0.0.1-9618&noUDP&sock=271_7641_4>
    DAG Node: register_local_1000_0
    pool:local
...
001 (139.000.000) 09/23 21:38:38 Job executing on host: <127.0.0.1:9618?addrs=127.0.0.1-9618&noUDP&sock=10359_9a3e_111>
...
001 (142.000.000) 09/23 21:38:38 Job executing on host: <127.0.0.1:9618?addrs=127.0.0.1-9618&noUDP&sock=10359_9a3e_112>
...
001 (141.000.000) 09/23 21:38:38 Job executing on host: <127.0.0.1:9618?addrs=127.0.0.1-9618&noUDP&sock=10359_9a3e_113>
...
001 (144.000.000) 09/23 21:38:38 Job executing on host: <127.0.0.1:9618?addrs=127.0.0.1-9618&noUDP&sock=10359_9a3e_114>
...
001 (140.000.000) 09/23 21:38:38 Job executing on host: <127.0.0.1:9618?addrs=127.0.0.1-9618&noUDP&sock=10359_9a3e_115>
...
001 (143.000.000) 09/23 21:38:38 Job executing on host: <127.0.0.1:9618?addrs=127.0.0.1-9618&noUDP&sock=10359_9a3e_116>
...
005 (144.000.000) 09/23 21:38:40 Job terminated.
	(1) Normal termination (return value 0)
		Usr 0 00:00:00, Sys 0 00:00:00  -  Run Remote Usage
		Usr 0 00:00:00, Sys 0 00:00:00  -  Run Local Usage
		Usr 0 00:00:00, Sys 0 00:00:00  -  Total Remote Usage
		Usr 0 00:00:00, Sys 0 00:00:00  -  Total Local Usage
	0  -  Run Bytes Sent By Job
	0  -  Run Bytes Received By Job
	0  -  Total Bytes Sent By Job
	0  -  Total Bytes Received By Job
...
005 (139.000.000) 09/23 21:38:41 Job terminated.
	(1) Normal termination (return value 0)
		Usr 0 00:00:00, Sys 0 00:00:00  -  Run Remote Usage
		Usr 0 00:00:00, Sys 0 00:00:00  -  Run Local Usage
		Usr 0 00:00:00, Sys 0 00:00:00  -  Total Remote Usage
		Usr 0 00:00:00, Sys 0 00:00:00  -  Total Local Usage
	0  -  Run Bytes Sent By Job
	0  -  Run Bytes Received By Job
	0  -  Total Bytes Sent By Job
	0  -  Total Bytes Received By Job
...
005 (141.000.000) 09/23 21:38:41 Job terminated.
	(1) Normal termination (return value 0)
		Usr 0 00:00:00, Sys 0 00:00:00  -  Run Remote Usage
		Usr 0 00:00:00, Sys 0 00:00:00  -  Run Local Usage
		Usr 0 00:00:00, Sys 0 00:00:00  -  Total Remote Usage
		Usr 0 00:00:00, Sys 0 00:00:00  -  Total Local Usage
	0  -  Run Bytes Sent By Job
	0  -  Run Bytes Received By Job
	0  -  Total Bytes Sent By Job
	0  -  Total Bytes Received By Job
...
005 (140.000.000) 09/23 21:38:41 Job terminated.
	(1) Normal termination (return value 0)
		Usr 0 00:00:00, Sys 0 00:00:00  -  Run Remote Usage
		Usr 0 00:00:00, Sys 0 00:00:00  -  Run Local Usage
		Usr 0 00:00:00, Sys 0 00:00:00  -  Total Remote Usage
		Usr 0 00:00:00, Sys 0 00:00:00  -  Total Local Usage
	0  -  Run Bytes Sent By Job
	0  -  Run Bytes Received By Job
	0  -  Total Bytes Sent By Job
	0  -  Total Bytes Received By Job
...
005 (143.000.000) 09/23 21:38:41 Job terminated.
	(1) Normal termination (return value 0)
		Usr 0 00:00:00, Sys 0 00:00:00  -  Run Remote Usage
		Usr 0 00:00:00, Sys 0 00:00:00  -  Run Local Usage
		Usr 0 00:00:00, Sys 0 00:00:00  -  Total Remote Usage
		Usr 0 00:00:00, Sys 0 00:00:00  -  Total Local Usage
	0  -  Run Bytes Sent By Job
	0  -  Run Bytes Received By Job
	0  -  Total Bytes Sent By Job
	0  -  Total Bytes Received By Job
...
016 (144.000.000) 09/23 21:38:42 POST Script terminated.
	(1) Normal termination (return value 0)
    DAG Node: register_local_1000_0
...
016 (141.000.000) 09/23 21:38:42 POST Script terminated.
	(1) Normal termination (return value 0)
    DAG Node: stage_in_remote_local_0_0
...
016 (139.000.000) 09/23 21:38:42 POST Script terminated.
	(1) Normal termination (return value 0)
    DAG Node: stage_in_remote_local_2_0
...
016 (143.000.000) 09/23 21:38:42 POST Script terminated.
	(1) Normal termination (return value 0)
    DAG Node: stage_in_remote_local_3_0
...
016 (140.000.000) 09/23 21:38:42 POST Script terminated.
	(1) Normal termination (return value 0)
    DAG Node: stage_in_remote_local_1_0
...
005 (142.000.000) 09/23 21:38:43 Job terminated.
	(1) Normal termination (return value 0)
		Usr 0 00:00:00, Sys 0 00:00:00  -  Run Remote Usage
		Usr 0 00:00:00, Sys 0 00:00:00  -  Run Local Usage
		Usr 0 00:00:00, Sys 0 00:00:00  -  Total Remote Usage
		Usr 0 00:00:00, Sys 0 00:00:00  -  Total Local Usage
	0  -  Run Bytes Sent By Job
	0  -  Run Bytes Received By Job
	0  -  Total Bytes Sent By Job
	0  -  Total Bytes Received By Job
...
016 (142.000.000) 09/23 21:38:48 POST Script terminated.
	(1) Normal termination (return value 0)
    DAG Node: stage_in_local_local_0_0
...
000 (145.000.000) 09/23 21:38:57 Job submitted from host: <127.0.0.1:9618?addrs=127.0.0.1-9618&noUDP&sock=271_7641_4>
    DAG Node: preprocess1_py_ID0000001
    pool:condorpool
...
001 (145.000.000) 09/23 21:39:03 Job executing on host: <127.0.0.1:9618?addrs=127.0.0.1-9618&noUDP&sock=271_7641_5>
...
005 (145.000.000) 09/23 21:39:06 Job terminated.
	(1) Normal termination (return value 0)
		Usr 0 00:00:00, Sys 0 00:00:00  -  Run Remote Usage
		Usr 0 00:00:00, Sys 0 00:00:00  -  Run Local Usage
		Usr 0 00:00:00, Sys 0 00:00:00  -  Total Remote Usage
		Usr 0 00:00:00, Sys 0 00:00:00  -  Total Local Usage
	345743  -  Run Bytes Sent By Job
	11128189  -  Run Bytes Received By Job
	345743  -  Total Bytes Sent By Job
	11128189  -  Total Bytes Received By Job
	Partitionable Resources :    Usage  Request Allocated 
	   Cpus                 :     0.42        1         1 
	   Disk (KB)            : 65214       12500   3204838 
	   Memory (MB)          :     0           1       991 
...
016 (145.000.000) 09/23 21:39:07 POST Script terminated.
	(1) Normal termination (return value 0)
    DAG Node: preprocess1_py_ID0000001
...
000 (146.000.000) 09/23 21:39:17 Job submitted from host: <127.0.0.1:9618?addrs=127.0.0.1-9618&noUDP&sock=271_7641_4>
    DAG Node: clean_up_local_level_3_0
    pool:local
...
000 (147.000.000) 09/23 21:39:17 Job submitted from host: <127.0.0.1:9618?addrs=127.0.0.1-9618&noUDP&sock=271_7641_4>
    DAG Node: stage_out_local_local_0_0
    pool:local
...
000 (148.000.000) 09/23 21:39:17 Job submitted from host: <127.0.0.1:9618?addrs=127.0.0.1-9618&noUDP&sock=271_7641_4>
    DAG Node: Augmentation_py_ID0000002
    pool:condorpool
...
001 (148.000.000) 09/23 21:39:19 Job executing on host: <127.0.0.1:9618?addrs=127.0.0.1-9618&noUDP&sock=271_7641_5>
...
001 (147.000.000) 09/23 21:39:19 Job executing on host: <127.0.0.1:9618?addrs=127.0.0.1-9618&noUDP&sock=10359_9a3e_119>
...
001 (146.000.000) 09/23 21:39:19 Job executing on host: <127.0.0.1:9618?addrs=127.0.0.1-9618&noUDP&sock=10359_9a3e_120>
...
005 (148.000.000) 09/23 21:39:22 Job terminated.
	(1) Normal termination (return value 0)
		Usr 0 00:00:00, Sys 0 00:00:00  -  Run Remote Usage
		Usr 0 00:00:00, Sys 0 00:00:00  -  Run Local Usage
		Usr 0 00:00:00, Sys 0 00:00:00  -  Total Remote Usage
		Usr 0 00:00:00, Sys 0 00:00:00  -  Total Local Usage
	813338  -  Run Bytes Sent By Job
	11132982  -  Run Bytes Received By Job
	813338  -  Total Bytes Sent By Job
	11132982  -  Total Bytes Received By Job
	Partitionable Resources :    Usage  Request Allocated 
	   Cpus                 :     0.41        1         1 
	   Disk (KB)            : 66206       12500   3204838 
	   Memory (MB)          :     0           1       991 
...
016 (148.000.000) 09/23 21:39:23 POST Script terminated.
	(1) Normal termination (return value 0)
    DAG Node: Augmentation_py_ID0000002
...
005 (147.000.000) 09/23 21:39:23 Job terminated.
	(1) Normal termination (return value 0)
		Usr 0 00:00:00, Sys 0 00:00:00  -  Run Remote Usage
		Usr 0 00:00:00, Sys 0 00:00:00  -  Run Local Usage
		Usr 0 00:00:00, Sys 0 00:00:00  -  Total Remote Usage
		Usr 0 00:00:00, Sys 0 00:00:00  -  Total Local Usage
	0  -  Run Bytes Sent By Job
	0  -  Run Bytes Received By Job
	0  -  Total Bytes Sent By Job
	0  -  Total Bytes Received By Job
...
016 (147.000.000) 09/23 21:39:27 POST Script terminated.
	(1) Normal termination (return value 0)
    DAG Node: stage_out_local_local_0_0
...
000 (149.000.000) 09/23 21:39:32 Job submitted from host: <127.0.0.1:9618?addrs=127.0.0.1-9618&noUDP&sock=271_7641_4>
    DAG Node: stage_out_local_local_1_0
    pool:local
...
000 (150.000.000) 09/23 21:39:32 Job submitted from host: <127.0.0.1:9618?addrs=127.0.0.1-9618&noUDP&sock=271_7641_4>
    DAG Node: Data_Split_py_ID0000003
    pool:condorpool
...
005 (146.000.000) 09/23 21:39:33 Job terminated.
	(1) Normal termination (return value 0)
		Usr 0 00:00:00, Sys 0 00:00:00  -  Run Remote Usage
		Usr 0 00:00:00, Sys 0 00:00:00  -  Run Local Usage
		Usr 0 00:00:00, Sys 0 00:00:00  -  Total Remote Usage
		Usr 0 00:00:00, Sys 0 00:00:00  -  Total Local Usage
	0  -  Run Bytes Sent By Job
	0  -  Run Bytes Received By Job
	0  -  Total Bytes Sent By Job
	0  -  Total Bytes Received By Job
...
001 (149.000.000) 09/23 21:39:33 Job executing on host: <127.0.0.1:9618?addrs=127.0.0.1-9618&noUDP&sock=10359_9a3e_122>
...
001 (150.000.000) 09/23 21:39:34 Job executing on host: <127.0.0.1:9618?addrs=127.0.0.1-9618&noUDP&sock=271_7641_5>
...
005 (150.000.000) 09/23 21:39:36 Job terminated.
	(1) Normal termination (return value 0)
		Usr 0 00:00:00, Sys 0 00:00:00  -  Run Remote Usage
		Usr 0 00:00:00, Sys 0 00:00:00  -  Run Local Usage
		Usr 0 00:00:00, Sys 0 00:00:00  -  Total Remote Usage
		Usr 0 00:00:00, Sys 0 00:00:00  -  Total Local Usage
	18020  -  Run Bytes Sent By Job
	11593970  -  Run Bytes Received By Job
	18020  -  Total Bytes Sent By Job
	11593970  -  Total Bytes Received By Job
	Partitionable Resources :    Usage  Request Allocated 
	   Cpus                 :     0.29        1         1 
	   Disk (KB)            : 65357       12500   3204838 
	   Memory (MB)          :     0           1       991 
...
000 (151.000.000) 09/23 21:39:37 Job submitted from host: <127.0.0.1:9618?addrs=127.0.0.1-9618&noUDP&sock=271_7641_4>
    DAG Node: clean_up_local_level_4_0
    pool:local
...
000 (152.000.000) 09/23 21:39:37 Job submitted from host: <127.0.0.1:9618?addrs=127.0.0.1-9618&noUDP&sock=271_7641_4>
    DAG Node: register_local_0_0
    pool:local
...
016 (146.000.000) 09/23 21:39:37 POST Script terminated.
	(1) Normal termination (return value 0)
    DAG Node: clean_up_local_level_3_0
...
016 (150.000.000) 09/23 21:39:37 POST Script terminated.
	(1) Normal termination (return value 0)
    DAG Node: Data_Split_py_ID0000003
...
001 (151.000.000) 09/23 21:39:41 Job executing on host: <127.0.0.1:9618?addrs=127.0.0.1-9618&noUDP&sock=10359_9a3e_123>
...
001 (152.000.000) 09/23 21:39:41 Job executing on host: <127.0.0.1:9618?addrs=127.0.0.1-9618&noUDP&sock=10359_9a3e_124>
...
005 (149.000.000) 09/23 21:39:41 Job terminated.
	(1) Normal termination (return value 0)
		Usr 0 00:00:00, Sys 0 00:00:00  -  Run Remote Usage
		Usr 0 00:00:00, Sys 0 00:00:00  -  Run Local Usage
		Usr 0 00:00:00, Sys 0 00:00:00  -  Total Remote Usage
		Usr 0 00:00:00, Sys 0 00:00:00  -  Total Local Usage
	0  -  Run Bytes Sent By Job
	0  -  Run Bytes Received By Job
	0  -  Total Bytes Sent By Job
	0  -  Total Bytes Received By Job
...
016 (149.000.000) 09/23 21:39:43 POST Script terminated.
	(1) Normal termination (return value 0)
    DAG Node: stage_out_local_local_1_0
...
005 (152.000.000) 09/23 21:39:43 Job terminated.
	(1) Normal termination (return value 0)
		Usr 0 00:00:00, Sys 0 00:00:00  -  Run Remote Usage
		Usr 0 00:00:00, Sys 0 00:00:00  -  Run Local Usage
		Usr 0 00:00:00, Sys 0 00:00:00  -  Total Remote Usage
		Usr 0 00:00:00, Sys 0 00:00:00  -  Total Local Usage
	0  -  Run Bytes Sent By Job
	0  -  Run Bytes Received By Job
	0  -  Total Bytes Sent By Job
	0  -  Total Bytes Received By Job
...
000 (153.000.000) 09/23 21:39:47 Job submitted from host: <127.0.0.1:9618?addrs=127.0.0.1-9618&noUDP&sock=271_7641_4>
    DAG Node: stage_out_local_local_2_0
    pool:local
...
000 (154.000.000) 09/23 21:39:47 Job submitted from host: <127.0.0.1:9618?addrs=127.0.0.1-9618&noUDP&sock=271_7641_4>
    DAG Node: VGG_model_py_ID0000004
    pool:condorpool
...
016 (152.000.000) 09/23 21:39:47 POST Script terminated.
	(1) Normal termination (return value 0)
    DAG Node: register_local_0_0
...
001 (154.000.000) 09/23 21:39:48 Job executing on host: <127.0.0.1:9618?addrs=127.0.0.1-9618&noUDP&sock=271_7641_5>
...
001 (153.000.000) 09/23 21:39:51 Job executing on host: <127.0.0.1:9618?addrs=127.0.0.1-9618&noUDP&sock=10359_9a3e_126>
...
000 (155.000.000) 09/23 21:39:52 Job submitted from host: <127.0.0.1:9618?addrs=127.0.0.1-9618&noUDP&sock=271_7641_4>
    DAG Node: clean_up_local_level_5_0
    pool:local
...
000 (156.000.000) 09/23 21:39:52 Job submitted from host: <127.0.0.1:9618?addrs=127.0.0.1-9618&noUDP&sock=271_7641_4>
    DAG Node: register_local_1_0
    pool:local
...
005 (153.000.000) 09/23 21:39:55 Job terminated.
	(1) Normal termination (return value 0)
		Usr 0 00:00:00, Sys 0 00:00:00  -  Run Remote Usage
		Usr 0 00:00:00, Sys 0 00:00:00  -  Run Local Usage
		Usr 0 00:00:00, Sys 0 00:00:00  -  Total Remote Usage
		Usr 0 00:00:00, Sys 0 00:00:00  -  Total Local Usage
	0  -  Run Bytes Sent By Job
	0  -  Run Bytes Received By Job
	0  -  Total Bytes Sent By Job
	0  -  Total Bytes Received By Job
...
001 (155.000.000) 09/23 21:39:55 Job executing on host: <127.0.0.1:9618?addrs=127.0.0.1-9618&noUDP&sock=10359_9a3e_127>
...
001 (156.000.000) 09/23 21:39:55 Job executing on host: <127.0.0.1:9618?addrs=127.0.0.1-9618&noUDP&sock=10359_9a3e_128>
...
005 (151.000.000) 09/23 21:39:57 Job terminated.
	(1) Normal termination (return value 0)
		Usr 0 00:00:00, Sys 0 00:00:00  -  Run Remote Usage
		Usr 0 00:00:00, Sys 0 00:00:00  -  Run Local Usage
		Usr 0 00:00:00, Sys 0 00:00:00  -  Total Remote Usage
		Usr 0 00:00:00, Sys 0 00:00:00  -  Total Local Usage
	0  -  Run Bytes Sent By Job
	0  -  Run Bytes Received By Job
	0  -  Total Bytes Sent By Job
	0  -  Total Bytes Received By Job
...
005 (156.000.000) 09/23 21:39:57 Job terminated.
	(1) Normal termination (return value 0)
		Usr 0 00:00:00, Sys 0 00:00:00  -  Run Remote Usage
		Usr 0 00:00:00, Sys 0 00:00:00  -  Run Local Usage
		Usr 0 00:00:00, Sys 0 00:00:00  -  Total Remote Usage
		Usr 0 00:00:00, Sys 0 00:00:00  -  Total Local Usage
	0  -  Run Bytes Sent By Job
	0  -  Run Bytes Received By Job
	0  -  Total Bytes Sent By Job
	0  -  Total Bytes Received By Job
...
016 (151.000.000) 09/23 21:39:57 POST Script terminated.
	(1) Normal termination (return value 0)
    DAG Node: clean_up_local_level_4_0
...
016 (153.000.000) 09/23 21:39:57 POST Script terminated.
	(1) Normal termination (return value 0)
    DAG Node: stage_out_local_local_2_0
...
016 (156.000.000) 09/23 21:40:03 POST Script terminated.
	(1) Normal termination (return value 0)
    DAG Node: register_local_1_0
...
005 (155.000.000) 09/23 21:40:03 Job terminated.
	(1) Normal termination (return value 0)
		Usr 0 00:00:00, Sys 0 00:00:00  -  Run Remote Usage
		Usr 0 00:00:00, Sys 0 00:00:00  -  Run Local Usage
		Usr 0 00:00:00, Sys 0 00:00:00  -  Total Remote Usage
		Usr 0 00:00:00, Sys 0 00:00:00  -  Total Local Usage
	0  -  Run Bytes Sent By Job
	0  -  Run Bytes Received By Job
	0  -  Total Bytes Sent By Job
	0  -  Total Bytes Received By Job
...
000 (157.000.000) 09/23 21:40:08 Job submitted from host: <127.0.0.1:9618?addrs=127.0.0.1-9618&noUDP&sock=271_7641_4>
    DAG Node: register_local_2_0
    pool:local
...
016 (155.000.000) 09/23 21:40:08 POST Script terminated.
	(1) Normal termination (return value 0)
    DAG Node: clean_up_local_level_5_0
...
001 (157.000.000) 09/23 21:40:13 Job executing on host: <127.0.0.1:9618?addrs=127.0.0.1-9618&noUDP&sock=10359_9a3e_129>
...
005 (157.000.000) 09/23 21:40:15 Job terminated.
	(1) Normal termination (return value 0)
		Usr 0 00:00:00, Sys 0 00:00:00  -  Run Remote Usage
		Usr 0 00:00:00, Sys 0 00:00:00  -  Run Local Usage
		Usr 0 00:00:00, Sys 0 00:00:00  -  Total Remote Usage
		Usr 0 00:00:00, Sys 0 00:00:00  -  Total Local Usage
	0  -  Run Bytes Sent By Job
	0  -  Run Bytes Received By Job
	0  -  Total Bytes Sent By Job
	0  -  Total Bytes Received By Job
...
016 (157.000.000) 09/23 21:40:18 POST Script terminated.
	(1) Normal termination (return value 0)
    DAG Node: register_local_2_0
...
005 (154.000.000) 09/23 21:40:23 Job terminated.
	(1) Normal termination (return value 0)
		Usr 0 00:00:26, Sys 0 00:00:01  -  Run Remote Usage
		Usr 0 00:00:00, Sys 0 00:00:00  -  Run Local Usage
		Usr 0 00:00:26, Sys 0 00:00:01  -  Total Remote Usage
		Usr 0 00:00:00, Sys 0 00:00:00  -  Total Local Usage
	63175148  -  Run Bytes Sent By Job
	11590912  -  Run Bytes Received By Job
	63175148  -  Total Bytes Sent By Job
	11590912  -  Total Bytes Received By Job
	Partitionable Resources :     Usage  Request Allocated 
	   Cpus                 :      1.02        1         1 
	   Disk (KB)            : 127031       12500   3204838 
	   Memory (MB)          :    633           1       991 
...
016 (154.000.000) 09/23 21:40:24 POST Script terminated.
	(1) Normal termination (return value 0)
    DAG Node: VGG_model_py_ID0000004
...
000 (158.000.000) 09/23 21:40:33 Job submitted from host: <127.0.0.1:9618?addrs=127.0.0.1-9618&noUDP&sock=271_7641_4>
    DAG Node: clean_up_local_level_6_0
    pool:local
...
000 (159.000.000) 09/23 21:40:33 Job submitted from host: <127.0.0.1:9618?addrs=127.0.0.1-9618&noUDP&sock=271_7641_4>
    DAG Node: stage_out_local_local_3_0
    pool:local
...
001 (158.000.000) 09/23 21:40:35 Job executing on host: <127.0.0.1:9618?addrs=127.0.0.1-9618&noUDP&sock=10359_9a3e_130>
...
001 (159.000.000) 09/23 21:40:35 Job executing on host: <127.0.0.1:9618?addrs=127.0.0.1-9618&noUDP&sock=10359_9a3e_131>
...
005 (159.000.000) 09/23 21:40:38 Job terminated.
	(1) Normal termination (return value 0)
		Usr 0 00:00:00, Sys 0 00:00:00  -  Run Remote Usage
		Usr 0 00:00:00, Sys 0 00:00:00  -  Run Local Usage
		Usr 0 00:00:00, Sys 0 00:00:00  -  Total Remote Usage
		Usr 0 00:00:00, Sys 0 00:00:00  -  Total Local Usage
	0  -  Run Bytes Sent By Job
	0  -  Run Bytes Received By Job
	0  -  Total Bytes Sent By Job
	0  -  Total Bytes Received By Job
...
016 (159.000.000) 09/23 21:40:38 POST Script terminated.
	(1) Normal termination (return value 0)
    DAG Node: stage_out_local_local_3_0
...
000 (160.000.000) 09/23 21:40:48 Job submitted from host: <127.0.0.1:9618?addrs=127.0.0.1-9618&noUDP&sock=271_7641_4>
    DAG Node: clean_up_local_level_7_0
    pool:local
...
000 (161.000.000) 09/23 21:40:48 Job submitted from host: <127.0.0.1:9618?addrs=127.0.0.1-9618&noUDP&sock=271_7641_4>
    DAG Node: register_local_3_0
    pool:local
...
001 (161.000.000) 09/23 21:40:50 Job executing on host: <127.0.0.1:9618?addrs=127.0.0.1-9618&noUDP&sock=10359_9a3e_132>
...
001 (160.000.000) 09/23 21:40:50 Job executing on host: <127.0.0.1:9618?addrs=127.0.0.1-9618&noUDP&sock=10359_9a3e_133>
...
005 (158.000.000) 09/23 21:40:51 Job terminated.
	(1) Normal termination (return value 0)
		Usr 0 00:00:00, Sys 0 00:00:00  -  Run Remote Usage
		Usr 0 00:00:00, Sys 0 00:00:00  -  Run Local Usage
		Usr 0 00:00:00, Sys 0 00:00:00  -  Total Remote Usage
		Usr 0 00:00:00, Sys 0 00:00:00  -  Total Local Usage
	0  -  Run Bytes Sent By Job
	0  -  Run Bytes Received By Job
	0  -  Total Bytes Sent By Job
	0  -  Total Bytes Received By Job
...
005 (160.000.000) 09/23 21:40:52 Job terminated.
	(1) Normal termination (return value 0)
		Usr 0 00:00:00, Sys 0 00:00:00  -  Run Remote Usage
		Usr 0 00:00:00, Sys 0 00:00:00  -  Run Local Usage
		Usr 0 00:00:00, Sys 0 00:00:00  -  Total Remote Usage
		Usr 0 00:00:00, Sys 0 00:00:00  -  Total Local Usage
	0  -  Run Bytes Sent By Job
	0  -  Run Bytes Received By Job
	0  -  Total Bytes Sent By Job
	0  -  Total Bytes Received By Job
...
005 (161.000.000) 09/23 21:40:52 Job terminated.
	(1) Normal termination (return value 0)
		Usr 0 00:00:00, Sys 0 00:00:00  -  Run Remote Usage
		Usr 0 00:00:00, Sys 0 00:00:00  -  Run Local Usage
		Usr 0 00:00:00, Sys 0 00:00:00  -  Total Remote Usage
		Usr 0 00:00:00, Sys 0 00:00:00  -  Total Local Usage
	0  -  Run Bytes Sent By Job
	0  -  Run Bytes Received By Job
	0  -  Total Bytes Sent By Job
	0  -  Total Bytes Received By Job
...
016 (160.000.000) 09/23 21:40:53 POST Script terminated.
	(1) Normal termination (return value 0)
    DAG Node: clean_up_local_level_7_0
...
016 (158.000.000) 09/23 21:40:53 POST Script terminated.
	(1) Normal termination (return value 0)
    DAG Node: clean_up_local_level_6_0
...
016 (161.000.000) 09/23 21:40:53 POST Script terminated.
	(1) Normal termination (return value 0)
    DAG Node: register_local_3_0
...
000 (162.000.000) 09/23 21:41:03 Job submitted from host: <127.0.0.1:9618?addrs=127.0.0.1-9618&noUDP&sock=271_7641_4>
    DAG Node: cleanup_Cats_and_Dogs_0_local
    pool:local
...
001 (162.000.000) 09/23 21:41:07 Job executing on host: <127.0.0.1:9618?addrs=127.0.0.1-9618&noUDP&sock=10359_9a3e_134>
...
005 (162.000.000) 09/23 21:41:09 Job terminated.
	(1) Normal termination (return value 0)
		Usr 0 00:00:00, Sys 0 00:00:00  -  Run Remote Usage
		Usr 0 00:00:00, Sys 0 00:00:00  -  Run Local Usage
		Usr 0 00:00:00, Sys 0 00:00:00  -  Total Remote Usage
		Usr 0 00:00:00, Sys 0 00:00:00  -  Total Local Usage
	0  -  Run Bytes Sent By Job
	0  -  Run Bytes Received By Job
	0  -  Total Bytes Sent By Job
	0  -  Total Bytes Received By Job
...
016 (162.000.000) 09/23 21:41:14 POST Script terminated.
	(1) Normal termination (return value 0)
    DAG Node: cleanup_Cats_and_Dogs_0_local
...
