2020-09-23 21:38:19,241:INFO:pegasus-monitord(58): pegasus-monitord starting - pid 52082 
2020-09-23 21:38:19,255:INFO:pegasus-monitord(455): Final Command line options are: ['-N', 'Cats_and_Dogs-0.dag.dagman.out']
2020-09-23 21:38:19,269:INFO:Pegasus.monitoring.event_output(629): Connecting workflow event sink to sqlite:////home/scitech/shared-data/CatsAndDogs/scitech/pegasus/Cats_and_Dogs/run0009/Cats_and_Dogs-0.stampede.db
Created Pegasus database in: sqlite:////home/scitech/shared-data/CatsAndDogs/scitech/pegasus/Cats_and_Dogs/run0009/Cats_and_Dogs-0.stampede.db
Your database is compatible with Pegasus version: 5.0.0dev
2020-09-23 21:38:19,954:INFO:Pegasus.monitoring.event_output(703): output type=DB namespace=stampede. name=sqlite:////home/scitech/shared-data/CatsAndDogs/scitech/pegasus/Cats_and_Dogs/run0009/Cats_and_Dogs-0.stampede.db
2020-09-23 21:38:19,955:INFO:Pegasus.monitoring.event_output(629): Connecting workflow event sink to sqlite:////home/scitech/.pegasus/workflow.db
Your database is compatible with Pegasus version: 5.0.0dev
2020-09-23 21:38:20,349:INFO:Pegasus.monitoring.event_output(703): output type=DB namespace=dashboard. name=sqlite:////home/scitech/.pegasus/workflow.db
2020-09-23 21:38:20,350:INFO:pegasus-monitord(1247): monitord started in fast start mode
2020-09-23 21:38:20,366:INFO:Pegasus.monitoring.workflow(461): cannot open state file /home/scitech/shared-data/CatsAndDogs/scitech/pegasus/Cats_and_Dogs/run0009/monitord.info, continuing without state...
2020-09-23 21:38:20,367:INFO:Pegasus.monitoring.workflow(1148): creating new file /home/scitech/shared-data/CatsAndDogs/scitech/pegasus/Cats_and_Dogs/run0009/jobstate.log
2020-09-23 21:38:20,367:INFO:Pegasus.monitoring.workflow(1158): Appending to existing jobstate.log replay_mode 0 previous_processed_line 0
2020-09-23 21:38:20,368:INFO:Pegasus.monitoring.notifications(474): loading notifications from /home/scitech/shared-data/CatsAndDogs/scitech/pegasus/Cats_and_Dogs/run0009/Cats_and_Dogs-0.notify
2020-09-23 21:38:20,581:INFO:Pegasus.monitoring.workflow(205): Parsing DAG file /home/scitech/shared-data/CatsAndDogs/scitech/pegasus/Cats_and_Dogs/run0009/Cats_and_Dogs-0.dag
2020-09-23 21:38:20,586:INFO:pegasus-monitord(974): Using DAGMan version 8.8.10 80810
2020-09-23 21:38:20,586:INFO:pegasus-monitord(949): DAGMan runs at pid 52081
2020-09-23 21:38:20,589:INFO:pegasus-monitord(955): using dag Cats_and_Dogs-0.dag
2020-09-23 21:38:20,589:INFO:Pegasus.monitoring.workflow(811): DAGMan starting with condor id 136.0
2020-09-23 21:38:48,164:INFO:Pegasus.monitoring.workflow(2468): Populating locations corresponding to succeeded registration job  /home/scitech/shared-data/CatsAndDogs/scitech/pegasus/Cats_and_Dogs/run0009/00/00/register_local_1000_0.in 
2020-09-23 21:39:53,065:INFO:Pegasus.monitoring.workflow(2468): Populating locations corresponding to succeeded registration job  /home/scitech/shared-data/CatsAndDogs/scitech/pegasus/Cats_and_Dogs/run0009/00/00/register_local_0_0.in 
2020-09-23 21:40:08,379:INFO:Pegasus.monitoring.workflow(2468): Populating locations corresponding to succeeded registration job  /home/scitech/shared-data/CatsAndDogs/scitech/pegasus/Cats_and_Dogs/run0009/00/00/register_local_1_0.in 
2020-09-23 21:40:24,607:INFO:Pegasus.monitoring.workflow(2468): Populating locations corresponding to succeeded registration job  /home/scitech/shared-data/CatsAndDogs/scitech/pegasus/Cats_and_Dogs/run0009/00/00/register_local_2_0.in 
2020-09-23 21:40:59,347:INFO:Pegasus.monitoring.workflow(2468): Populating locations corresponding to succeeded registration job  /home/scitech/shared-data/CatsAndDogs/scitech/pegasus/Cats_and_Dogs/run0009/00/00/register_local_3_0.in 
2020-09-23 21:41:18,570:INFO:pegasus-monitord(927): DAGMan Cats_and_Dogs-0.dag finished with exit code 0
2020-09-23 21:41:19,584:INFO:pegasus-monitord(1427): workflow /home/scitech/shared-data/CatsAndDogs/scitech/pegasus/Cats_and_Dogs/run0009/Cats_and_Dogs-0.dag.dagman.out ended
2020-09-23 21:41:19,589:INFO:Pegasus.monitoring.workflow(1378): recovery file deleted: /home/scitech/shared-data/CatsAndDogs/scitech/pegasus/Cats_and_Dogs/run0009/monitord.recover
2020-09-23 21:41:19,592:INFO:pegasus-monitord(1665): finishing workflow: /home/scitech/shared-data/CatsAndDogs/scitech/pegasus/Cats_and_Dogs/run0009/Cats_and_Dogs-0.dag.dagman.out
2020-09-23 21:41:19,593:INFO:pegasus-monitord(1719): finishing notifications...
2020-09-23 21:41:19,594:INFO:pegasus-monitord(1727): monitord process 52082 exiting with 0
2020-09-23 21:41:19,595:INFO:pegasus-monitord(197): DB flushing beginning
2020-09-23 21:41:19,595:INFO:Pegasus.db.workflow_loader.WorkflowLoader(1244): Executing final flush
2020-09-23 21:41:19,701:INFO:Pegasus.db.dashboard_loader.DashboardLoader(397): Executing final flush
2020-09-23 21:41:19,702:INFO:pegasus-monitord(213): DB flushing ended
