2020-09-10 13:31:50,392:INFO:pegasus-monitord(58): pegasus-monitord starting - pid 78684 
2020-09-10 13:31:50,408:INFO:pegasus-monitord(455): Final Command line options are: ['-N', 'Cats_and_Dogs-0.dag.dagman.out']
2020-09-10 13:31:50,423:INFO:Pegasus.monitoring.event_output(629): Connecting workflow event sink to sqlite:////home/scitech/shared-data/CatsAndDogs/scitech/pegasus/Cats_and_Dogs/run0002/Cats_and_Dogs-0.stampede.db
Created Pegasus database in: sqlite:////home/scitech/shared-data/CatsAndDogs/scitech/pegasus/Cats_and_Dogs/run0002/Cats_and_Dogs-0.stampede.db
Your database is compatible with Pegasus version: 5.0.0dev
2020-09-10 13:31:51,200:INFO:Pegasus.monitoring.event_output(703): output type=DB namespace=stampede. name=sqlite:////home/scitech/shared-data/CatsAndDogs/scitech/pegasus/Cats_and_Dogs/run0002/Cats_and_Dogs-0.stampede.db
2020-09-10 13:31:51,201:INFO:Pegasus.monitoring.event_output(629): Connecting workflow event sink to sqlite:////home/scitech/.pegasus/workflow.db
Your database is compatible with Pegasus version: 5.0.0dev
2020-09-10 13:31:51,770:INFO:Pegasus.monitoring.event_output(703): output type=DB namespace=dashboard. name=sqlite:////home/scitech/.pegasus/workflow.db
2020-09-10 13:31:51,771:INFO:pegasus-monitord(1247): monitord started in fast start mode
2020-09-10 13:31:51,811:INFO:Pegasus.monitoring.workflow(461): cannot open state file /home/scitech/shared-data/CatsAndDogs/scitech/pegasus/Cats_and_Dogs/run0002/monitord.info, continuing without state...
2020-09-10 13:31:51,812:INFO:Pegasus.monitoring.workflow(1148): creating new file /home/scitech/shared-data/CatsAndDogs/scitech/pegasus/Cats_and_Dogs/run0002/jobstate.log
2020-09-10 13:31:51,813:INFO:Pegasus.monitoring.workflow(1158): Appending to existing jobstate.log replay_mode 0 previous_processed_line 0
2020-09-10 13:31:51,815:INFO:Pegasus.monitoring.notifications(474): loading notifications from /home/scitech/shared-data/CatsAndDogs/scitech/pegasus/Cats_and_Dogs/run0002/Cats_and_Dogs-0.notify
2020-09-10 13:31:52,152:INFO:Pegasus.monitoring.workflow(205): Parsing DAG file /home/scitech/shared-data/CatsAndDogs/scitech/pegasus/Cats_and_Dogs/run0002/Cats_and_Dogs-0.dag
2020-09-10 13:31:52,166:INFO:pegasus-monitord(974): Using DAGMan version 8.8.10 80810
2020-09-10 13:31:52,166:INFO:pegasus-monitord(949): DAGMan runs at pid 78682
2020-09-10 13:31:52,171:INFO:pegasus-monitord(955): using dag Cats_and_Dogs-0.dag
2020-09-10 13:31:52,171:INFO:Pegasus.monitoring.workflow(811): DAGMan starting with condor id 61.0
2020-09-10 13:33:26,661:WARNING:Pegasus.monitoring.workflow(1707): truncating stdout for job stage_in_local_local_0_0
2020-09-10 13:36:52,312:WARNING:Pegasus.monitoring.workflow(1707): truncating stdout for job stage_out_local_local_0_0
2020-09-10 13:36:52,742:INFO:Pegasus.monitoring.workflow(2468): Populating locations corresponding to succeeded registration job  /home/scitech/shared-data/CatsAndDogs/scitech/pegasus/Cats_and_Dogs/run0002/00/00/register_local_0_0.in 
2020-09-10 13:36:57,580:INFO:Pegasus.monitoring.workflow(2468): Populating locations corresponding to succeeded registration job  /home/scitech/shared-data/CatsAndDogs/scitech/pegasus/Cats_and_Dogs/run0002/00/00/register_local_2_0.in 
2020-09-10 13:38:00,688:WARNING:Pegasus.monitoring.workflow(1707): truncating stdout for job stage_out_local_local_1_0
2020-09-10 13:38:56,796:INFO:Pegasus.monitoring.workflow(2468): Populating locations corresponding to succeeded registration job  /home/scitech/shared-data/CatsAndDogs/scitech/pegasus/Cats_and_Dogs/run0002/00/00/register_local_1_0.in 
2020-09-10 13:57:09,384:INFO:Pegasus.monitoring.workflow(2468): Populating locations corresponding to succeeded registration job  /home/scitech/shared-data/CatsAndDogs/scitech/pegasus/Cats_and_Dogs/run0002/00/00/register_local_3_0.in 
