2020-09-24 09:19:23,020:INFO:pegasus-monitord(58): pegasus-monitord starting - pid 16422 
2020-09-24 09:19:23,037:INFO:pegasus-monitord(455): Final Command line options are: ['-N', 'Cats_and_Dogs-0.dag.dagman.out']
2020-09-24 09:19:23,054:INFO:Pegasus.monitoring.event_output(629): Connecting workflow event sink to sqlite:////home/scitech/shared-data/CatsAndDogs/scitech/pegasus/Cats_and_Dogs/run0019/Cats_and_Dogs-0.stampede.db
Created Pegasus database in: sqlite:////home/scitech/shared-data/CatsAndDogs/scitech/pegasus/Cats_and_Dogs/run0019/Cats_and_Dogs-0.stampede.db
Your database is compatible with Pegasus version: 5.0.0dev
2020-09-24 09:19:23,831:INFO:Pegasus.monitoring.event_output(703): output type=DB namespace=stampede. name=sqlite:////home/scitech/shared-data/CatsAndDogs/scitech/pegasus/Cats_and_Dogs/run0019/Cats_and_Dogs-0.stampede.db
2020-09-24 09:19:23,832:INFO:Pegasus.monitoring.event_output(629): Connecting workflow event sink to sqlite:////home/scitech/.pegasus/workflow.db
Your database is compatible with Pegasus version: 5.0.0dev
2020-09-24 09:19:24,267:INFO:Pegasus.monitoring.event_output(703): output type=DB namespace=dashboard. name=sqlite:////home/scitech/.pegasus/workflow.db
2020-09-24 09:19:24,268:INFO:pegasus-monitord(1247): monitord started in fast start mode
2020-09-24 09:19:24,289:INFO:Pegasus.monitoring.workflow(461): cannot open state file /home/scitech/shared-data/CatsAndDogs/scitech/pegasus/Cats_and_Dogs/run0019/monitord.info, continuing without state...
2020-09-24 09:19:24,290:INFO:Pegasus.monitoring.workflow(1148): creating new file /home/scitech/shared-data/CatsAndDogs/scitech/pegasus/Cats_and_Dogs/run0019/jobstate.log
2020-09-24 09:19:24,290:INFO:Pegasus.monitoring.workflow(1158): Appending to existing jobstate.log replay_mode 0 previous_processed_line 0
2020-09-24 09:19:24,292:INFO:Pegasus.monitoring.notifications(474): loading notifications from /home/scitech/shared-data/CatsAndDogs/scitech/pegasus/Cats_and_Dogs/run0019/Cats_and_Dogs-0.notify
2020-09-24 09:19:24,535:INFO:Pegasus.monitoring.workflow(205): Parsing DAG file /home/scitech/shared-data/CatsAndDogs/scitech/pegasus/Cats_and_Dogs/run0019/Cats_and_Dogs-0.dag
2020-09-24 09:19:24,540:INFO:pegasus-monitord(974): Using DAGMan version 8.8.10 80810
2020-09-24 09:19:24,541:INFO:pegasus-monitord(949): DAGMan runs at pid 16421
2020-09-24 09:19:24,544:INFO:pegasus-monitord(955): using dag Cats_and_Dogs-0.dag
2020-09-24 09:19:24,545:INFO:Pegasus.monitoring.workflow(811): DAGMan starting with condor id 406.0
2020-09-24 09:19:53,512:INFO:Pegasus.monitoring.workflow(2468): Populating locations corresponding to succeeded registration job  /home/scitech/shared-data/CatsAndDogs/scitech/pegasus/Cats_and_Dogs/run0019/00/00/register_local_1000_0.in 
2020-09-24 09:20:57,520:INFO:Pegasus.monitoring.workflow(2468): Populating locations corresponding to succeeded registration job  /home/scitech/shared-data/CatsAndDogs/scitech/pegasus/Cats_and_Dogs/run0019/00/00/register_local_0_0.in 
2020-09-24 09:21:12,957:INFO:Pegasus.monitoring.workflow(2468): Populating locations corresponding to succeeded registration job  /home/scitech/shared-data/CatsAndDogs/scitech/pegasus/Cats_and_Dogs/run0019/00/00/register_local_1_0.in 
2020-09-24 09:21:28,121:INFO:Pegasus.monitoring.workflow(2468): Populating locations corresponding to succeeded registration job  /home/scitech/shared-data/CatsAndDogs/scitech/pegasus/Cats_and_Dogs/run0019/00/00/register_local_2_0.in 
2020-09-24 09:22:12,784:INFO:Pegasus.monitoring.workflow(2468): Populating locations corresponding to succeeded registration job  /home/scitech/shared-data/CatsAndDogs/scitech/pegasus/Cats_and_Dogs/run0019/00/00/register_local_3_0.in 
2020-09-24 09:22:27,988:INFO:pegasus-monitord(927): DAGMan Cats_and_Dogs-0.dag finished with exit code 0
2020-09-24 09:22:29,003:INFO:pegasus-monitord(1427): workflow /home/scitech/shared-data/CatsAndDogs/scitech/pegasus/Cats_and_Dogs/run0019/Cats_and_Dogs-0.dag.dagman.out ended
2020-09-24 09:22:29,007:INFO:Pegasus.monitoring.workflow(1378): recovery file deleted: /home/scitech/shared-data/CatsAndDogs/scitech/pegasus/Cats_and_Dogs/run0019/monitord.recover
2020-09-24 09:22:29,010:INFO:pegasus-monitord(1665): finishing workflow: /home/scitech/shared-data/CatsAndDogs/scitech/pegasus/Cats_and_Dogs/run0019/Cats_and_Dogs-0.dag.dagman.out
2020-09-24 09:22:29,010:INFO:pegasus-monitord(1719): finishing notifications...
2020-09-24 09:22:29,011:INFO:pegasus-monitord(1727): monitord process 16422 exiting with 0
2020-09-24 09:22:29,012:INFO:pegasus-monitord(197): DB flushing beginning
2020-09-24 09:22:29,012:INFO:Pegasus.db.workflow_loader.WorkflowLoader(1244): Executing final flush
2020-09-24 09:22:29,073:INFO:Pegasus.db.dashboard_loader.DashboardLoader(397): Executing final flush
2020-09-24 09:22:29,073:INFO:pegasus-monitord(213): DB flushing ended
