07/15/20 20:23:32 ******************************************************
07/15/20 20:23:32 ** condor_scheduniv_exec.36.0 (CONDOR_DAGMAN) STARTING UP
07/15/20 20:23:32 ** /usr/bin/condor_dagman
07/15/20 20:23:32 ** SubsystemInfo: name=DAGMAN type=DAGMAN(10) class=DAEMON(1)
07/15/20 20:23:32 ** Configuration: subsystem:DAGMAN local:<NONE> class:DAEMON
07/15/20 20:23:32 ** $CondorVersion: 8.8.9 May 06 2020 BuildID: 503068 PackageID: 8.8.9-1 $
07/15/20 20:23:32 ** $CondorPlatform: x86_64_CentOS7 $
07/15/20 20:23:32 ** PID = 63756
07/15/20 20:23:32 ** Log last touched time unavailable (No such file or directory)
07/15/20 20:23:32 ******************************************************
07/15/20 20:23:32 Using config source: /etc/condor/condor_config
07/15/20 20:23:32 Using local config sources: 
07/15/20 20:23:32    /etc/condor/config.d/00-minicondor
07/15/20 20:23:32    /etc/condor/condor_config.local
07/15/20 20:23:32 config Macros = 81, Sorted = 81, StringBytes = 2255, TablesBytes = 2964
07/15/20 20:23:32 CLASSAD_CACHING is ENABLED
07/15/20 20:23:32 Daemon Log is logging: D_ALWAYS D_ERROR
07/15/20 20:23:32 DaemonCore: No command port requested.
07/15/20 20:23:32 DAGMAN_USE_STRICT setting: 1
07/15/20 20:23:32 DAGMAN_VERBOSITY setting: 3
07/15/20 20:23:32 DAGMAN_DEBUG_CACHE_SIZE setting: 5242880
07/15/20 20:23:32 DAGMAN_DEBUG_CACHE_ENABLE setting: False
07/15/20 20:23:32 DAGMAN_SUBMIT_DELAY setting: 0
07/15/20 20:23:32 DAGMAN_MAX_SUBMIT_ATTEMPTS setting: 6
07/15/20 20:23:32 DAGMAN_STARTUP_CYCLE_DETECT setting: False
07/15/20 20:23:32 DAGMAN_MAX_SUBMITS_PER_INTERVAL setting: 100
07/15/20 20:23:32 DAGMAN_AGGRESSIVE_SUBMIT setting: False
07/15/20 20:23:32 DAGMAN_USER_LOG_SCAN_INTERVAL setting: 5
07/15/20 20:23:32 DAGMAN_QUEUE_UPDATE_INTERVAL setting: 300
07/15/20 20:23:32 DAGMAN_DEFAULT_PRIORITY setting: 0
07/15/20 20:23:32 DAGMAN_SUPPRESS_NOTIFICATION setting: True
07/15/20 20:23:32 allow_events (DAGMAN_ALLOW_EVENTS) setting: 114
07/15/20 20:23:32 DAGMAN_RETRY_SUBMIT_FIRST setting: True
07/15/20 20:23:32 DAGMAN_RETRY_NODE_FIRST setting: False
07/15/20 20:23:32 DAGMAN_MAX_JOBS_IDLE setting: 1000
07/15/20 20:23:32 DAGMAN_MAX_JOBS_SUBMITTED setting: 0
07/15/20 20:23:32 DAGMAN_MAX_PRE_SCRIPTS setting: 20
07/15/20 20:23:32 DAGMAN_MAX_POST_SCRIPTS setting: 20
07/15/20 20:23:32 DAGMAN_MUNGE_NODE_NAMES setting: True
07/15/20 20:23:32 DAGMAN_PROHIBIT_MULTI_JOBS setting: False
07/15/20 20:23:32 DAGMAN_SUBMIT_DEPTH_FIRST setting: False
07/15/20 20:23:32 DAGMAN_ALWAYS_RUN_POST setting: False
07/15/20 20:23:32 DAGMAN_CONDOR_SUBMIT_EXE setting: /usr/bin/condor_submit
07/15/20 20:23:32 DAGMAN_USE_CONDOR_SUBMIT setting: True
07/15/20 20:23:32 DAGMAN_ABORT_DUPLICATES setting: True
07/15/20 20:23:32 DAGMAN_ABORT_ON_SCARY_SUBMIT setting: True
07/15/20 20:23:32 DAGMAN_PENDING_REPORT_INTERVAL setting: 600
07/15/20 20:23:32 DAGMAN_AUTO_RESCUE setting: True
07/15/20 20:23:32 DAGMAN_MAX_RESCUE_NUM setting: 100
07/15/20 20:23:32 DAGMAN_WRITE_PARTIAL_RESCUE setting: True
07/15/20 20:23:32 DAGMAN_DEFAULT_NODE_LOG setting: @(DAG_DIR)/@(DAG_FILE).nodes.log
07/15/20 20:23:32 DAGMAN_GENERATE_SUBDAG_SUBMITS setting: True
07/15/20 20:23:32 DAGMAN_MAX_JOB_HOLDS setting: 100
07/15/20 20:23:32 DAGMAN_HOLD_CLAIM_TIME setting: 20
07/15/20 20:23:32 ALL_DEBUG setting: 
07/15/20 20:23:32 DAGMAN_DEBUG setting: 
07/15/20 20:23:32 DAGMAN_SUPPRESS_JOB_LOGS setting: False
07/15/20 20:23:32 DAGMAN_REMOVE_NODE_JOBS setting: True
07/15/20 20:23:32 argv[0] == "condor_scheduniv_exec.36.0"
07/15/20 20:23:32 argv[1] == "-Lockfile"
07/15/20 20:23:32 argv[2] == "add_thumbs-0.dag.lock"
07/15/20 20:23:32 argv[3] == "-AutoRescue"
07/15/20 20:23:32 argv[4] == "1"
07/15/20 20:23:32 argv[5] == "-DoRescueFrom"
07/15/20 20:23:32 argv[6] == "0"
07/15/20 20:23:32 argv[7] == "-Dag"
07/15/20 20:23:32 argv[8] == "add_thumbs-0.dag"
07/15/20 20:23:32 argv[9] == "-MaxPost"
07/15/20 20:23:32 argv[10] == "20"
07/15/20 20:23:32 argv[11] == "-Suppress_notification"
07/15/20 20:23:32 argv[12] == "-CsdVersion"
07/15/20 20:23:32 argv[13] == "$CondorVersion: 8.8.9 May 06 2020 BuildID: 503068 PackageID: 8.8.9-1 $"
07/15/20 20:23:32 argv[14] == "-Dagman"
07/15/20 20:23:32 argv[15] == "/bin/condor_dagman"
07/15/20 20:23:32 Workflow batch-name: <add_thumbs-0.dag+36>
07/15/20 20:23:32 Workflow accounting_group: <>
07/15/20 20:23:32 Workflow accounting_group_user: <>
07/15/20 20:23:32 Warning: failed to get attribute DAGNodeName
07/15/20 20:23:32 DAGMAN_LOG_ON_NFS_IS_ERROR setting: False
07/15/20 20:23:32 Default node log file is: </home/scitech/shared-data/Workflow/Workflow4/scitech/pegasus/add_thumbs/run0008/./add_thumbs-0.dag.nodes.log>
07/15/20 20:23:32 DAG Lockfile will be written to add_thumbs-0.dag.lock
07/15/20 20:23:32 DAG Input file is add_thumbs-0.dag
07/15/20 20:23:32 Parsing 1 dagfiles
07/15/20 20:23:32 Parsing add_thumbs-0.dag ...
07/15/20 20:23:32 Warning:  could not open Pegasus braindump file braindump.txt
07/15/20 20:23:32 Dag contains 8 total jobs
07/15/20 20:23:32 Sleeping for 3 seconds to ensure ProcessId uniqueness
07/15/20 20:23:35 Bootstrapping...
07/15/20 20:23:35 Number of pre-completed nodes: 0
07/15/20 20:23:35 MultiLogFiles: truncating log file /home/scitech/shared-data/Workflow/Workflow4/scitech/pegasus/add_thumbs/run0008/./add_thumbs-0.dag.nodes.log
07/15/20 20:23:35 DAG status: 0 (DAG_STATUS_OK)
07/15/20 20:23:35 Of 8 nodes total:
07/15/20 20:23:35  Done     Pre   Queued    Post   Ready   Un-Ready   Failed
07/15/20 20:23:35   ===     ===      ===     ===     ===        ===      ===
07/15/20 20:23:35     0       0        0       0       1          7        0
07/15/20 20:23:35 0 job proc(s) currently held
07/15/20 20:23:35 DAGMan Runtime Statistics: [ EventCycleTimeSum = 0.0; EventCycleTimeCount = 0.0; SleepCycleTimeCount = 0.0; SubmitCycleTimeSum = 0.0; SubmitCycleTimeCount = 0.0; LogProcessCycleTimeSum = 0.0; SleepCycleTimeSum = 0.0; LogProcessCycleTimeCount = 0.0; ]
07/15/20 20:23:35 Registering condor_event_timer...
07/15/20 20:23:36 Submitting HTCondor Node create_dir_add_thumbs_0_local job(s)...
07/15/20 20:23:36 Adding a DAGMan workflow log /home/scitech/shared-data/Workflow/Workflow4/scitech/pegasus/add_thumbs/run0008/./add_thumbs-0.dag.nodes.log
07/15/20 20:23:36 Masking the events recorded in the DAGMAN workflow log
07/15/20 20:23:36 Mask for workflow log is 0,1,2,4,5,7,9,10,11,12,13,16,17,24,27,35,36
07/15/20 20:23:36 submitting: /usr/bin/condor_submit -a dag_node_name' '=' 'create_dir_add_thumbs_0_local -a +DAGManJobId' '=' '36 -a DAGManJobId' '=' '36 -batch-name add_thumbs-0.dag+36 -a submit_event_notes' '=' 'DAG' 'Node:' 'create_dir_add_thumbs_0_local -a dagman_log' '=' '/home/scitech/shared-data/Workflow/Workflow4/scitech/pegasus/add_thumbs/run0008/./add_thumbs-0.dag.nodes.log -a +DAGManNodesMask' '=' '"0,1,2,4,5,7,9,10,11,12,13,16,17,24,27,35,36" -a priority=800 -a +DAGNodeRetry' '=' '0 -a DAG_STATUS' '=' '0 -a FAILED_COUNT' '=' '0 -a +KeepClaimIdle' '=' '20 -a notification' '=' 'never -a +DAGParentNodeNames' '=' '"" 00/00/create_dir_add_thumbs_0_local.sub
07/15/20 20:23:36 From submit: Submitting job(s).
07/15/20 20:23:36 From submit: 1 job(s) submitted to cluster 37.
07/15/20 20:23:36 	assigned HTCondor ID (37.0.0)
07/15/20 20:23:36 Just submitted 1 job this cycle...
07/15/20 20:23:36 DAG status: 0 (DAG_STATUS_OK)
07/15/20 20:23:36 Of 8 nodes total:
07/15/20 20:23:36  Done     Pre   Queued    Post   Ready   Un-Ready   Failed
07/15/20 20:23:36   ===     ===      ===     ===     ===        ===      ===
07/15/20 20:23:36     0       0        1       0       0          7        0
07/15/20 20:23:36 0 job proc(s) currently held
07/15/20 20:23:36 DAGMan Runtime Statistics: [ EventCycleTimeCount = 0.0; EventCycleTimeSum = 0.0; LogProcessCycleTimeCount = 0.0; SleepCycleTimeSum = 0.0; LogProcessCycleTimeSum = 0.0; SubmitCycleTimeCount = 1.0; SubmitCycleTimeMax = 0.0492708683013916; SubmitCycleTimeMin = 0.0492708683013916; SubmitCycleTimeAvg = 0.0492708683013916; SubmitCycleTimeStd = 0.0492708683013916; SubmitCycleTimeSum = 0.0492708683013916; SleepCycleTimeCount = 0.0; ]
07/15/20 20:23:41 Currently monitoring 1 HTCondor log file(s)
07/15/20 20:23:41 Reassigning the id of job create_dir_add_thumbs_0_local from (37.0.0) to (37.0.0)
07/15/20 20:23:41 Event: ULOG_SUBMIT for HTCondor Node create_dir_add_thumbs_0_local (37.0.0) {07/15/20 20:23:36}
07/15/20 20:23:41 Number of idle job procs: 1
07/15/20 20:23:41 Event: ULOG_EXECUTE for HTCondor Node create_dir_add_thumbs_0_local (37.0.0) {07/15/20 20:23:37}
07/15/20 20:23:41 Number of idle job procs: 0
07/15/20 20:23:41 Event: ULOG_JOB_TERMINATED for HTCondor Node create_dir_add_thumbs_0_local (37.0.0) {07/15/20 20:23:39}
07/15/20 20:23:41 Number of idle job procs: 0
07/15/20 20:23:41 Node create_dir_add_thumbs_0_local job proc (37.0.0) completed successfully.
07/15/20 20:23:41 Node create_dir_add_thumbs_0_local job completed
07/15/20 20:23:41 Running POST script of Node create_dir_add_thumbs_0_local...
07/15/20 20:23:41 Warning: mysin has length 0 (ignore if produced by DAGMan; see gittrac #4987, #5031)
07/15/20 20:23:41 DAG status: 0 (DAG_STATUS_OK)
07/15/20 20:23:41 Of 8 nodes total:
07/15/20 20:23:41  Done     Pre   Queued    Post   Ready   Un-Ready   Failed
07/15/20 20:23:41   ===     ===      ===     ===     ===        ===      ===
07/15/20 20:23:41     0       0        0       1       0          7        0
07/15/20 20:23:41 0 job proc(s) currently held
07/15/20 20:23:41 DAGMan Runtime Statistics: [ EventCycleTimeStd = 0.05481696128845215; EventCycleTimeMax = 0.05481696128845215; SubmitCycleTimeMin = 0.0007431507110595703; SubmitCycleTimeAvg = 0.02500700950622559; SleepCycleTimeCount = 1.0; SubmitCycleTimeCount = 2.0; SubmitCycleTimeMax = 0.0492708683013916; SleepCycleTimeMin = 5.010637998580933; SubmitCycleTimeSum = 0.05001401901245117; LogProcessCycleTimeStd = 0.02057194709777832; SubmitCycleTimeStd = 0.03431427818362948; LogProcessCycleTimeAvg = 0.02057194709777832; EventCycleTimeMin = 0.05481696128845215; LogProcessCycleTimeMax = 0.02057194709777832; LogProcessCycleTimeMin = 0.02057194709777832; LogProcessCycleTimeSum = 0.02057194709777832; LogProcessCycleTimeCount = 1.0; EventCycleTimeSum = 0.05481696128845215; SleepCycleTimeSum = 5.010637998580933; SleepCycleTimeAvg = 5.010637998580933; SleepCycleTimeStd = 5.010637998580933; SleepCycleTimeMax = 5.010637998580933; EventCycleTimeCount = 1.0; EventCycleTimeAvg = 0.05481696128845215; ]
07/15/20 20:23:41 Initializing user log writer for /home/scitech/shared-data/Workflow/Workflow4/scitech/pegasus/add_thumbs/run0008/./add_thumbs-0.dag.nodes.log, (37.0.0)
07/15/20 20:23:46 Currently monitoring 1 HTCondor log file(s)
07/15/20 20:23:46 Event: ULOG_POST_SCRIPT_TERMINATED for HTCondor Node create_dir_add_thumbs_0_local (37.0.0) {07/15/20 20:23:41}
07/15/20 20:23:46 POST Script of node create_dir_add_thumbs_0_local completed successfully.
07/15/20 20:23:46 DAG status: 0 (DAG_STATUS_OK)
07/15/20 20:23:46 Of 8 nodes total:
07/15/20 20:23:46  Done     Pre   Queued    Post   Ready   Un-Ready   Failed
07/15/20 20:23:46   ===     ===      ===     ===     ===        ===      ===
07/15/20 20:23:46     1       0        0       0       1          6        0
07/15/20 20:23:46 0 job proc(s) currently held
07/15/20 20:23:46 DAGMan Runtime Statistics: [ EventCycleTimeStd = 0.0183288214804176; EventCycleTimeMax = 0.05481696128845215; SubmitCycleTimeMin = 0.0006759166717529297; SubmitCycleTimeAvg = 0.01689664522806804; SleepCycleTimeCount = 2.0; SubmitCycleTimeCount = 3.0; SubmitCycleTimeMax = 0.0492708683013916; SleepCycleTimeMin = 5.010637998580933; SubmitCycleTimeSum = 0.0506899356842041; LogProcessCycleTimeStd = 0.01142955096657829; SubmitCycleTimeStd = 0.02803691976314441; LogProcessCycleTimeAvg = 0.01249003410339355; EventCycleTimeMin = 0.02889609336853027; LogProcessCycleTimeMax = 0.02057194709777832; LogProcessCycleTimeMin = 0.004408121109008789; LogProcessCycleTimeSum = 0.02498006820678711; LogProcessCycleTimeCount = 2.0; EventCycleTimeSum = 0.08371305465698242; SleepCycleTimeSum = 10.20223093032837; SleepCycleTimeAvg = 5.101115465164185; SleepCycleTimeStd = 0.1279544603311934; SleepCycleTimeMax = 5.191592931747437; EventCycleTimeCount = 2.0; EventCycleTimeAvg = 0.04185652732849121; ]
07/15/20 20:23:51 Submitting HTCondor Node stage_in_local_local_0_0 job(s)...
07/15/20 20:23:51 Adding a DAGMan workflow log /home/scitech/shared-data/Workflow/Workflow4/scitech/pegasus/add_thumbs/run0008/./add_thumbs-0.dag.nodes.log
07/15/20 20:23:51 Masking the events recorded in the DAGMAN workflow log
07/15/20 20:23:51 Mask for workflow log is 0,1,2,4,5,7,9,10,11,12,13,16,17,24,27,35,36
07/15/20 20:23:51 submitting: /usr/bin/condor_submit -a dag_node_name' '=' 'stage_in_local_local_0_0 -a +DAGManJobId' '=' '36 -a DAGManJobId' '=' '36 -batch-name add_thumbs-0.dag+36 -a submit_event_notes' '=' 'DAG' 'Node:' 'stage_in_local_local_0_0 -a dagman_log' '=' '/home/scitech/shared-data/Workflow/Workflow4/scitech/pegasus/add_thumbs/run0008/./add_thumbs-0.dag.nodes.log -a +DAGManNodesMask' '=' '"0,1,2,4,5,7,9,10,11,12,13,16,17,24,27,35,36" -a priority=700 -a +DAGNodeRetry' '=' '0 -a DAG_STATUS' '=' '0 -a FAILED_COUNT' '=' '0 -a +KeepClaimIdle' '=' '20 -a notification' '=' 'never -a +DAGParentNodeNames' '=' '"create_dir_add_thumbs_0_local" 00/00/stage_in_local_local_0_0.sub
07/15/20 20:23:51 From submit: Submitting job(s).
07/15/20 20:23:51 From submit: 1 job(s) submitted to cluster 38.
07/15/20 20:23:51 	assigned HTCondor ID (38.0.0)
07/15/20 20:23:51 Just submitted 1 job this cycle...
07/15/20 20:23:51 DAG status: 0 (DAG_STATUS_OK)
07/15/20 20:23:51 Of 8 nodes total:
07/15/20 20:23:51  Done     Pre   Queued    Post   Ready   Un-Ready   Failed
07/15/20 20:23:51   ===     ===      ===     ===     ===        ===      ===
07/15/20 20:23:51     1       0        1       0       0          6        0
07/15/20 20:23:51 0 job proc(s) currently held
07/15/20 20:23:51 DAGMan Runtime Statistics: [ EventCycleTimeStd = 0.02231780478802756; EventCycleTimeMax = 0.05481696128845215; SubmitCycleTimeMin = 0.0006759166717529297; SubmitCycleTimeAvg = 0.02524775266647339; SleepCycleTimeCount = 3.0; SubmitCycleTimeCount = 4.0; SubmitCycleTimeMax = 0.05030107498168945; SleepCycleTimeMin = 5.010637998580933; SubmitCycleTimeSum = 0.1009910106658936; LogProcessCycleTimeStd = 0.01142955096657829; SubmitCycleTimeStd = 0.02833742922345795; LogProcessCycleTimeAvg = 0.01249003410339355; EventCycleTimeMin = 0.01038694381713867; LogProcessCycleTimeMax = 0.02057194709777832; LogProcessCycleTimeMin = 0.004408121109008789; LogProcessCycleTimeSum = 0.02498006820678711; LogProcessCycleTimeCount = 2.0; EventCycleTimeSum = 0.09409999847412109; SleepCycleTimeSum = 15.21832990646362; SleepCycleTimeAvg = 5.072776635487874; SleepCycleTimeStd = 0.1029341525519815; SleepCycleTimeMax = 5.191592931747437; EventCycleTimeCount = 3.0; EventCycleTimeAvg = 0.03136666615804037; ]
07/15/20 20:23:56 Currently monitoring 1 HTCondor log file(s)
07/15/20 20:23:56 Reassigning the id of job stage_in_local_local_0_0 from (38.0.0) to (38.0.0)
07/15/20 20:23:56 Event: ULOG_SUBMIT for HTCondor Node stage_in_local_local_0_0 (38.0.0) {07/15/20 20:23:51}
07/15/20 20:23:56 Number of idle job procs: 1
07/15/20 20:23:56 Event: ULOG_EXECUTE for HTCondor Node stage_in_local_local_0_0 (38.0.0) {07/15/20 20:23:54}
07/15/20 20:23:56 Number of idle job procs: 0
07/15/20 20:24:11 Currently monitoring 1 HTCondor log file(s)
07/15/20 20:24:11 Event: ULOG_JOB_TERMINATED for HTCondor Node stage_in_local_local_0_0 (38.0.0) {07/15/20 20:24:11}
07/15/20 20:24:11 Number of idle job procs: 0
07/15/20 20:24:11 Node stage_in_local_local_0_0 job proc (38.0.0) completed successfully.
07/15/20 20:24:11 Node stage_in_local_local_0_0 job completed
07/15/20 20:24:11 Running POST script of Node stage_in_local_local_0_0...
07/15/20 20:24:11 Warning: mysin has length 0 (ignore if produced by DAGMan; see gittrac #4987, #5031)
07/15/20 20:24:11 DAG status: 0 (DAG_STATUS_OK)
07/15/20 20:24:11 Of 8 nodes total:
07/15/20 20:24:11  Done     Pre   Queued    Post   Ready   Un-Ready   Failed
07/15/20 20:24:11   ===     ===      ===     ===     ===        ===      ===
07/15/20 20:24:11     1       0        0       1       0          6        0
07/15/20 20:24:11 0 job proc(s) currently held
07/15/20 20:24:11 DAGMan Runtime Statistics: [ EventCycleTimeStd = 0.02392098520682543; EventCycleTimeMax = 0.0552210807800293; SubmitCycleTimeMin = 0.0002729892730712891; SubmitCycleTimeAvg = 0.0128801167011261; SleepCycleTimeCount = 7.0; SubmitCycleTimeCount = 8.0; SubmitCycleTimeMax = 0.05030107498168945; SleepCycleTimeMin = 5.001883029937744; SubmitCycleTimeSum = 0.1030409336090088; LogProcessCycleTimeStd = 0.00713739870352849; SubmitCycleTimeStd = 0.02278118532647176; LogProcessCycleTimeAvg = 0.01149976253509521; EventCycleTimeMin = 0.0006492137908935547; LogProcessCycleTimeMax = 0.02057194709777832; LogProcessCycleTimeMin = 0.004408121109008789; LogProcessCycleTimeSum = 0.04599905014038086; LogProcessCycleTimeCount = 4.0; EventCycleTimeSum = 0.1597750186920166; SleepCycleTimeSum = 35.23717498779297; SleepCycleTimeAvg = 5.033882141113281; SleepCycleTimeStd = 0.06970030711668325; SleepCycleTimeMax = 5.191592931747437; EventCycleTimeCount = 7.0; EventCycleTimeAvg = 0.02282500267028809; ]
07/15/20 20:24:12 Initializing user log writer for /home/scitech/shared-data/Workflow/Workflow4/scitech/pegasus/add_thumbs/run0008/./add_thumbs-0.dag.nodes.log, (38.0.0)
07/15/20 20:24:16 Currently monitoring 1 HTCondor log file(s)
07/15/20 20:24:16 Event: ULOG_POST_SCRIPT_TERMINATED for HTCondor Node stage_in_local_local_0_0 (38.0.0) {07/15/20 20:24:12}
07/15/20 20:24:16 POST Script of node stage_in_local_local_0_0 completed successfully.
07/15/20 20:24:16 DAG status: 0 (DAG_STATUS_OK)
07/15/20 20:24:16 Of 8 nodes total:
07/15/20 20:24:16  Done     Pre   Queued    Post   Ready   Un-Ready   Failed
07/15/20 20:24:16   ===     ===      ===     ===     ===        ===      ===
07/15/20 20:24:16     2       0        0       0       1          5        0
07/15/20 20:24:16 0 job proc(s) currently held
07/15/20 20:24:16 DAGMan Runtime Statistics: [ EventCycleTimeStd = 0.02214868475976815; EventCycleTimeMax = 0.0552210807800293; SubmitCycleTimeMin = 0.0002729892730712891; SubmitCycleTimeAvg = 0.01159432199266222; SleepCycleTimeCount = 8.0; SubmitCycleTimeCount = 9.0; SubmitCycleTimeMax = 0.05030107498168945; SleepCycleTimeMin = 4.202486038208008; SubmitCycleTimeSum = 0.10434889793396; LogProcessCycleTimeStd = 0.006540192789273699; SubmitCycleTimeStd = 0.02165615424215468; LogProcessCycleTimeAvg = 0.01054401397705078; EventCycleTimeMin = 0.0006492137908935547; LogProcessCycleTimeMax = 0.02057194709777832; LogProcessCycleTimeMin = 0.004408121109008789; LogProcessCycleTimeSum = 0.05272006988525391; LogProcessCycleTimeCount = 5.0; EventCycleTimeSum = 0.1817259788513184; SleepCycleTimeSum = 39.43966102600098; SleepCycleTimeAvg = 4.929957628250122; SleepCycleTimeStd = 0.3009427667011682; SleepCycleTimeMax = 5.191592931747437; EventCycleTimeCount = 8.0; EventCycleTimeAvg = 0.02271574735641479; ]
07/15/20 20:24:21 Submitting HTCondor Node Thumbs_up_ID0000001 job(s)...
07/15/20 20:24:21 Adding a DAGMan workflow log /home/scitech/shared-data/Workflow/Workflow4/scitech/pegasus/add_thumbs/run0008/./add_thumbs-0.dag.nodes.log
07/15/20 20:24:21 Masking the events recorded in the DAGMAN workflow log
07/15/20 20:24:21 Mask for workflow log is 0,1,2,4,5,7,9,10,11,12,13,16,17,24,27,35,36
07/15/20 20:24:21 submitting: /usr/bin/condor_submit -a dag_node_name' '=' 'Thumbs_up_ID0000001 -a +DAGManJobId' '=' '36 -a DAGManJobId' '=' '36 -batch-name add_thumbs-0.dag+36 -a submit_event_notes' '=' 'DAG' 'Node:' 'Thumbs_up_ID0000001 -a dagman_log' '=' '/home/scitech/shared-data/Workflow/Workflow4/scitech/pegasus/add_thumbs/run0008/./add_thumbs-0.dag.nodes.log -a +DAGManNodesMask' '=' '"0,1,2,4,5,7,9,10,11,12,13,16,17,24,27,35,36" -a priority=20 -a +DAGNodeRetry' '=' '0 -a DAG_STATUS' '=' '0 -a FAILED_COUNT' '=' '0 -a +KeepClaimIdle' '=' '20 -a notification' '=' 'never -a +DAGParentNodeNames' '=' '"stage_in_local_local_0_0" 00/00/Thumbs_up_ID0000001.sub
07/15/20 20:24:21 From submit: Submitting job(s).
07/15/20 20:24:21 From submit: 1 job(s) submitted to cluster 39.
07/15/20 20:24:21 	assigned HTCondor ID (39.0.0)
07/15/20 20:24:21 Just submitted 1 job this cycle...
07/15/20 20:24:21 DAG status: 0 (DAG_STATUS_OK)
07/15/20 20:24:21 Of 8 nodes total:
07/15/20 20:24:21  Done     Pre   Queued    Post   Ready   Un-Ready   Failed
07/15/20 20:24:21   ===     ===      ===     ===     ===        ===      ===
07/15/20 20:24:21     2       0        1       0       0          5        0
07/15/20 20:24:21 0 job proc(s) currently held
07/15/20 20:24:21 DAGMan Runtime Statistics: [ EventCycleTimeStd = 0.02088859383771208; EventCycleTimeMax = 0.0552210807800293; SubmitCycleTimeMin = 0.0002729892730712891; SubmitCycleTimeAvg = 0.0165477991104126; SleepCycleTimeCount = 9.0; SubmitCycleTimeCount = 10.0; SubmitCycleTimeMax = 0.06112909317016602; SleepCycleTimeMin = 4.202486038208008; SubmitCycleTimeSum = 0.165477991104126; LogProcessCycleTimeStd = 0.006540192789273699; SubmitCycleTimeStd = 0.0257341889592789; LogProcessCycleTimeAvg = 0.01054401397705078; EventCycleTimeMin = 0.0006492137908935547; LogProcessCycleTimeMax = 0.02057194709777832; LogProcessCycleTimeMin = 0.004408121109008789; LogProcessCycleTimeSum = 0.05272006988525391; LogProcessCycleTimeCount = 5.0; EventCycleTimeSum = 0.1964538097381592; SleepCycleTimeSum = 44.44783711433411; SleepCycleTimeAvg = 4.938648568259345; SleepCycleTimeStd = 0.2827110223713107; SleepCycleTimeMax = 5.191592931747437; EventCycleTimeCount = 9.0; EventCycleTimeAvg = 0.02182820108201769; ]
07/15/20 20:24:26 Currently monitoring 1 HTCondor log file(s)
07/15/20 20:24:26 Reassigning the id of job Thumbs_up_ID0000001 from (39.0.0) to (39.0.0)
07/15/20 20:24:26 Event: ULOG_SUBMIT for HTCondor Node Thumbs_up_ID0000001 (39.0.0) {07/15/20 20:24:21}
07/15/20 20:24:26 Number of idle job procs: 1
07/15/20 20:24:26 Event: ULOG_EXECUTE for HTCondor Node Thumbs_up_ID0000001 (39.0.0) {07/15/20 20:24:25}
07/15/20 20:24:26 Number of idle job procs: 0
07/15/20 20:24:36 Currently monitoring 1 HTCondor log file(s)
07/15/20 20:24:36 Event: ULOG_SHADOW_EXCEPTION for HTCondor Node Thumbs_up_ID0000001 (39.0.0) {07/15/20 20:24:32}
07/15/20 20:24:36 Number of idle job procs: 1
07/15/20 20:24:36 Event: ULOG_JOB_HELD for HTCondor Node Thumbs_up_ID0000001 (39.0.0) {07/15/20 20:24:32}
07/15/20 20:24:36   Hold reason: Error from slot1@7bcbdb9d7e7e: STARTER at 127.0.0.1 failed to send file(s) to <127.0.0.1:9618>: error reading from /var/lib/condor/execute/dir_64323/output.txt: (errno 2) No such file or directory; SHADOW failed to receive file(s) from <127.0.0.1:35531>
07/15/20 20:24:36 Number of idle job procs: 1
07/15/20 20:24:36 DAG status: 0 (DAG_STATUS_OK)
07/15/20 20:24:36 Of 8 nodes total:
07/15/20 20:24:36  Done     Pre   Queued    Post   Ready   Un-Ready   Failed
07/15/20 20:24:36   ===     ===      ===     ===     ===        ===      ===
07/15/20 20:24:36     2       0        1       0       0          5        0
07/15/20 20:24:36 1 job proc(s) currently held
07/15/20 20:24:36 DAGMan Runtime Statistics: [ EventCycleTimeStd = 0.0236595558061154; EventCycleTimeMax = 0.06609392166137695; SubmitCycleTimeMin = 0.0002529621124267578; SubmitCycleTimeAvg = 0.01285037627586952; SleepCycleTimeCount = 12.0; SubmitCycleTimeCount = 13.0; SubmitCycleTimeMax = 0.06112909317016602; SleepCycleTimeMin = 4.202486038208008; SubmitCycleTimeSum = 0.1670548915863037; LogProcessCycleTimeStd = 0.005929547634636618; SubmitCycleTimeStd = 0.02336830372204146; LogProcessCycleTimeAvg = 0.009097439902169364; EventCycleTimeMin = 0.0006492137908935547; LogProcessCycleTimeMax = 0.02057194709777832; LogProcessCycleTimeMin = 0.004208087921142578; LogProcessCycleTimeSum = 0.06368207931518555; LogProcessCycleTimeCount = 7.0; EventCycleTimeSum = 0.2687668800354004; SleepCycleTimeSum = 59.48131012916565; SleepCycleTimeAvg = 4.956775844097137; SleepCycleTimeStd = 0.243356363525761; SleepCycleTimeMax = 5.191592931747437; EventCycleTimeCount = 12.0; EventCycleTimeAvg = 0.02239724000295003; ]
07/15/20 20:32:06 Received SIGUSR1
07/15/20 20:32:06 Aborting DAG...
07/15/20 20:32:07 Writing Rescue DAG to add_thumbs-0.dag.rescue001...
07/15/20 20:32:07 Removing submitted jobs...
07/15/20 20:32:07 Removing any/all submitted HTCondor jobs...
07/15/20 20:32:07 Running: /usr/bin/condor_rm -const DAGManJobId' '=?=' '36
07/15/20 20:32:07 Note: 0 total job deferrals because of -MaxJobs limit (0)
07/15/20 20:32:07 Note: 0 total job deferrals because of -MaxIdle limit (1000)
07/15/20 20:32:07 Note: 0 total job deferrals because of node category throttles
07/15/20 20:32:07 Note: 0 total PRE script deferrals because of -MaxPre limit (20) or DEFER
07/15/20 20:32:07 Note: 0 total POST script deferrals because of -MaxPost limit (20) or DEFER
07/15/20 20:32:07 DAG status: 4 (DAG_STATUS_RM)
07/15/20 20:32:07 Of 8 nodes total:
07/15/20 20:32:07  Done     Pre   Queued    Post   Ready   Un-Ready   Failed
07/15/20 20:32:07   ===     ===      ===     ===     ===        ===      ===
07/15/20 20:32:07     2       0        1       0       0          5        0
07/15/20 20:32:07 1 job proc(s) currently held
07/15/20 20:32:07 DAGMan Runtime Statistics: [ EventCycleTimeStd = 0.01022824645025296; EventCycleTimeMax = 0.06609392166137695; SubmitCycleTimeMin = 0.0002200603485107422; SubmitCycleTimeAvg = 0.002342633830690847; SleepCycleTimeCount = 102.0; SubmitCycleTimeCount = 103.0; SubmitCycleTimeMax = 0.06112909317016602; SleepCycleTimeMin = 4.202486038208008; SubmitCycleTimeSum = 0.2412912845611572; LogProcessCycleTimeStd = 0.005929547634636618; SubmitCycleTimeStd = 0.008968859943593822; LogProcessCycleTimeAvg = 0.009097439902169364; EventCycleTimeMin = 0.0004541873931884766; LogProcessCycleTimeMax = 0.02057194709777832; LogProcessCycleTimeMin = 0.004208087921142578; LogProcessCycleTimeSum = 0.06368207931518555; LogProcessCycleTimeCount = 7.0; EventCycleTimeSum = 0.4636704921722412; SleepCycleTimeSum = 509.6139645576477; SleepCycleTimeAvg = 4.996215338800468; SleepCycleTimeStd = 0.08263706840793678; SleepCycleTimeMax = 5.191592931747437; EventCycleTimeCount = 103.0; EventCycleTimeAvg = 0.004501655263808167; ]
07/15/20 20:32:07 Wrote metrics file add_thumbs-0.dag.metrics.
07/15/20 20:32:07 Reporting metrics to Pegasus metrics server(s); output is in add_thumbs-0.dag.metrics.out.
07/15/20 20:32:07 Running command </usr/libexec/condor/condor_dagman_metrics_reporter -f add_thumbs-0.dag.metrics -s -t 100>
07/15/20 20:32:07 Warning: mysin has length 0 (ignore if produced by DAGMan; see gittrac #4987, #5031)
07/15/20 20:32:07 DAGMan Runtime Statistics: [ EventCycleTimeStd = 0.01022824645025296; EventCycleTimeMax = 0.06609392166137695; SubmitCycleTimeMin = 0.0002200603485107422; SubmitCycleTimeAvg = 0.002342633830690847; SleepCycleTimeCount = 102.0; SubmitCycleTimeCount = 103.0; SubmitCycleTimeMax = 0.06112909317016602; SleepCycleTimeMin = 4.202486038208008; SubmitCycleTimeSum = 0.2412912845611572; LogProcessCycleTimeStd = 0.005929547634636618; SubmitCycleTimeStd = 0.008968859943593822; LogProcessCycleTimeAvg = 0.009097439902169364; EventCycleTimeMin = 0.0004541873931884766; LogProcessCycleTimeMax = 0.02057194709777832; LogProcessCycleTimeMin = 0.004208087921142578; LogProcessCycleTimeSum = 0.06368207931518555; LogProcessCycleTimeCount = 7.0; EventCycleTimeSum = 0.4636704921722412; SleepCycleTimeSum = 509.6139645576477; SleepCycleTimeAvg = 4.996215338800468; SleepCycleTimeStd = 0.08263706840793678; SleepCycleTimeMax = 5.191592931747437; EventCycleTimeCount = 103.0; EventCycleTimeAvg = 0.004501655263808167; ]
07/15/20 20:32:07 **** condor_scheduniv_exec.36.0 (condor_DAGMAN) pid 63756 EXITING WITH STATUS 2
