1594869814 INTERNAL *** MONITORD_STARTED ***
1594869812 INTERNAL *** DAGMAN_STARTED 36.0 ***
1594869816 create_dir_add_thumbs_0_local SUBMIT 37.0 local - 1
1594869817 create_dir_add_thumbs_0_local EXECUTE 37.0 local - 1
1594869819 create_dir_add_thumbs_0_local JOB_TERMINATED 37.0 local - 1
1594869821 create_dir_add_thumbs_0_local JOB_SUCCESS 0 local - 1
1594869821 create_dir_add_thumbs_0_local POST_SCRIPT_STARTED 37.0 local - 1
1594869821 create_dir_add_thumbs_0_local POST_SCRIPT_TERMINATED 37.0 local - 1
1594869826 create_dir_add_thumbs_0_local POST_SCRIPT_SUCCESS 0 local - 1
1594869831 stage_in_local_local_0_0 SUBMIT 38.0 local - 2
1594869834 stage_in_local_local_0_0 EXECUTE 38.0 local - 2
1594869851 stage_in_local_local_0_0 JOB_TERMINATED 38.0 local - 2
1594869851 stage_in_local_local_0_0 JOB_SUCCESS 0 local - 2
1594869851 stage_in_local_local_0_0 POST_SCRIPT_STARTED 38.0 local - 2
1594869852 stage_in_local_local_0_0 POST_SCRIPT_TERMINATED 38.0 local - 2
1594869856 stage_in_local_local_0_0 POST_SCRIPT_SUCCESS 0 local - 2
1594869861 Thumbs_up_ID0000001 SUBMIT 39.0 condorpool - 3
1594869865 Thumbs_up_ID0000001 EXECUTE 39.0 condorpool - 3
1594869872 Thumbs_up_ID0000001 SHADOW_EXCEPTION 39.0 condorpool - 3
1594869872 Thumbs_up_ID0000001 JOB_HELD 39.0 condorpool - 3
1594869876 Thumbs_up_ID0000001 JOB_HELD_REASON 39.0 condorpool - 3
1594870327 INTERNAL *** DAGMAN_FINISHED 2 ***
1594870328 INTERNAL *** MONITORD_FINISHED 0 ***
