08/25/20 12:36:48 ******************************************************
08/25/20 12:36:48 ** condor_scheduniv_exec.1.0 (CONDOR_DAGMAN) STARTING UP
08/25/20 12:36:48 ** /usr/bin/condor_dagman
08/25/20 12:36:48 ** SubsystemInfo: name=DAGMAN type=DAGMAN(10) class=DAEMON(1)
08/25/20 12:36:48 ** Configuration: subsystem:DAGMAN local:<NONE> class:DAEMON
08/25/20 12:36:48 ** $CondorVersion: 8.8.10 Aug 05 2020 BuildID: 513586 PackageID: 8.8.10-1 $
08/25/20 12:36:48 ** $CondorPlatform: x86_64_CentOS7 $
08/25/20 12:36:48 ** PID = 2824
08/25/20 12:36:48 ** Log last touched time unavailable (No such file or directory)
08/25/20 12:36:48 ******************************************************
08/25/20 12:36:48 Using config source: /etc/condor/condor_config
08/25/20 12:36:48 Using local config sources: 
08/25/20 12:36:48    /etc/condor/config.d/00-minicondor
08/25/20 12:36:48    /etc/condor/condor_config.local
08/25/20 12:36:48 config Macros = 81, Sorted = 81, StringBytes = 2246, TablesBytes = 2964
08/25/20 12:36:48 CLASSAD_CACHING is ENABLED
08/25/20 12:36:48 Daemon Log is logging: D_ALWAYS D_ERROR
08/25/20 12:36:48 DaemonCore: No command port requested.
08/25/20 12:36:48 DAGMAN_USE_STRICT setting: 1
08/25/20 12:36:48 DAGMAN_VERBOSITY setting: 3
08/25/20 12:36:48 DAGMAN_DEBUG_CACHE_SIZE setting: 5242880
08/25/20 12:36:48 DAGMAN_DEBUG_CACHE_ENABLE setting: False
08/25/20 12:36:48 DAGMAN_SUBMIT_DELAY setting: 0
08/25/20 12:36:48 DAGMAN_MAX_SUBMIT_ATTEMPTS setting: 6
08/25/20 12:36:48 DAGMAN_STARTUP_CYCLE_DETECT setting: False
08/25/20 12:36:48 DAGMAN_MAX_SUBMITS_PER_INTERVAL setting: 100
08/25/20 12:36:48 DAGMAN_AGGRESSIVE_SUBMIT setting: False
08/25/20 12:36:48 DAGMAN_USER_LOG_SCAN_INTERVAL setting: 5
08/25/20 12:36:48 DAGMAN_QUEUE_UPDATE_INTERVAL setting: 300
08/25/20 12:36:48 DAGMAN_DEFAULT_PRIORITY setting: 0
08/25/20 12:36:48 DAGMAN_SUPPRESS_NOTIFICATION setting: True
08/25/20 12:36:48 allow_events (DAGMAN_ALLOW_EVENTS) setting: 114
08/25/20 12:36:48 DAGMAN_RETRY_SUBMIT_FIRST setting: True
08/25/20 12:36:48 DAGMAN_RETRY_NODE_FIRST setting: False
08/25/20 12:36:48 DAGMAN_MAX_JOBS_IDLE setting: 1000
08/25/20 12:36:48 DAGMAN_MAX_JOBS_SUBMITTED setting: 0
08/25/20 12:36:48 DAGMAN_MAX_PRE_SCRIPTS setting: 20
08/25/20 12:36:48 DAGMAN_MAX_POST_SCRIPTS setting: 20
08/25/20 12:36:48 DAGMAN_MUNGE_NODE_NAMES setting: True
08/25/20 12:36:48 DAGMAN_PROHIBIT_MULTI_JOBS setting: False
08/25/20 12:36:48 DAGMAN_SUBMIT_DEPTH_FIRST setting: False
08/25/20 12:36:48 DAGMAN_ALWAYS_RUN_POST setting: False
08/25/20 12:36:48 DAGMAN_CONDOR_SUBMIT_EXE setting: /usr/bin/condor_submit
08/25/20 12:36:48 DAGMAN_USE_CONDOR_SUBMIT setting: True
08/25/20 12:36:48 DAGMAN_ABORT_DUPLICATES setting: True
08/25/20 12:36:48 DAGMAN_ABORT_ON_SCARY_SUBMIT setting: True
08/25/20 12:36:48 DAGMAN_PENDING_REPORT_INTERVAL setting: 600
08/25/20 12:36:48 DAGMAN_AUTO_RESCUE setting: True
08/25/20 12:36:48 DAGMAN_MAX_RESCUE_NUM setting: 100
08/25/20 12:36:48 DAGMAN_WRITE_PARTIAL_RESCUE setting: True
08/25/20 12:36:48 DAGMAN_DEFAULT_NODE_LOG setting: @(DAG_DIR)/@(DAG_FILE).nodes.log
08/25/20 12:36:48 DAGMAN_GENERATE_SUBDAG_SUBMITS setting: True
08/25/20 12:36:48 DAGMAN_MAX_JOB_HOLDS setting: 100
08/25/20 12:36:48 DAGMAN_HOLD_CLAIM_TIME setting: 20
08/25/20 12:36:48 ALL_DEBUG setting: 
08/25/20 12:36:48 DAGMAN_DEBUG setting: 
08/25/20 12:36:48 DAGMAN_SUPPRESS_JOB_LOGS setting: False
08/25/20 12:36:48 DAGMAN_REMOVE_NODE_JOBS setting: True
08/25/20 12:36:48 argv[0] == "condor_scheduniv_exec.1.0"
08/25/20 12:36:48 argv[1] == "-Lockfile"
08/25/20 12:36:48 argv[2] == "Cats_and_Dogs-0.dag.lock"
08/25/20 12:36:48 argv[3] == "-AutoRescue"
08/25/20 12:36:48 argv[4] == "1"
08/25/20 12:36:48 argv[5] == "-DoRescueFrom"
08/25/20 12:36:48 argv[6] == "0"
08/25/20 12:36:48 argv[7] == "-Dag"
08/25/20 12:36:48 argv[8] == "Cats_and_Dogs-0.dag"
08/25/20 12:36:48 argv[9] == "-MaxPost"
08/25/20 12:36:48 argv[10] == "20"
08/25/20 12:36:48 argv[11] == "-Suppress_notification"
08/25/20 12:36:48 argv[12] == "-CsdVersion"
08/25/20 12:36:48 argv[13] == "$CondorVersion: 8.8.10 Aug 05 2020 BuildID: 513586 PackageID: 8.8.10-1 $"
08/25/20 12:36:48 argv[14] == "-Dagman"
08/25/20 12:36:48 argv[15] == "/bin/condor_dagman"
08/25/20 12:36:48 Workflow batch-name: <Cats_and_Dogs-0.dag+1>
08/25/20 12:36:48 Workflow accounting_group: <>
08/25/20 12:36:48 Workflow accounting_group_user: <>
08/25/20 12:36:48 Warning: failed to get attribute DAGNodeName
08/25/20 12:36:48 DAGMAN_LOG_ON_NFS_IS_ERROR setting: False
08/25/20 12:36:48 Default node log file is: </home/scitech/shared-data/CatsAndDogs/scitech/pegasus/Cats_and_Dogs/run0019/./Cats_and_Dogs-0.dag.nodes.log>
08/25/20 12:36:48 DAG Lockfile will be written to Cats_and_Dogs-0.dag.lock
08/25/20 12:36:48 DAG Input file is Cats_and_Dogs-0.dag
08/25/20 12:36:48 Parsing 1 dagfiles
08/25/20 12:36:48 Parsing Cats_and_Dogs-0.dag ...
08/25/20 12:36:48 Warning:  could not open Pegasus braindump file braindump.txt
08/25/20 12:36:48 Dag contains 29 total jobs
08/25/20 12:36:48 Sleeping for 3 seconds to ensure ProcessId uniqueness
08/25/20 12:36:51 Bootstrapping...
08/25/20 12:36:51 Number of pre-completed nodes: 0
08/25/20 12:36:52 MultiLogFiles: truncating log file /home/scitech/shared-data/CatsAndDogs/scitech/pegasus/Cats_and_Dogs/run0019/./Cats_and_Dogs-0.dag.nodes.log
08/25/20 12:36:52 DAG status: 0 (DAG_STATUS_OK)
08/25/20 12:36:52 Of 29 nodes total:
08/25/20 12:36:52  Done     Pre   Queued    Post   Ready   Un-Ready   Failed
08/25/20 12:36:52   ===     ===      ===     ===     ===        ===      ===
08/25/20 12:36:52     0       0        0       0       1         28        0
08/25/20 12:36:52 0 job proc(s) currently held
08/25/20 12:36:52 DAGMan Runtime Statistics: [ EventCycleTimeSum = 0.0; EventCycleTimeCount = 0.0; SleepCycleTimeCount = 0.0; SubmitCycleTimeSum = 0.0; SubmitCycleTimeCount = 0.0; LogProcessCycleTimeSum = 0.0; SleepCycleTimeSum = 0.0; LogProcessCycleTimeCount = 0.0; ]
08/25/20 12:36:52 Registering condor_event_timer...
08/25/20 12:36:53 Submitting HTCondor Node create_dir_Cats_and_Dogs_0_local job(s)...
08/25/20 12:36:53 Adding a DAGMan workflow log /home/scitech/shared-data/CatsAndDogs/scitech/pegasus/Cats_and_Dogs/run0019/./Cats_and_Dogs-0.dag.nodes.log
08/25/20 12:36:53 Masking the events recorded in the DAGMAN workflow log
08/25/20 12:36:53 Mask for workflow log is 0,1,2,4,5,7,9,10,11,12,13,16,17,24,27,35,36
08/25/20 12:36:53 submitting: /usr/bin/condor_submit -a dag_node_name' '=' 'create_dir_Cats_and_Dogs_0_local -a +DAGManJobId' '=' '1 -a DAGManJobId' '=' '1 -batch-name Cats_and_Dogs-0.dag+1 -a submit_event_notes' '=' 'DAG' 'Node:' 'create_dir_Cats_and_Dogs_0_local -a dagman_log' '=' '/home/scitech/shared-data/CatsAndDogs/scitech/pegasus/Cats_and_Dogs/run0019/./Cats_and_Dogs-0.dag.nodes.log -a +DAGManNodesMask' '=' '"0,1,2,4,5,7,9,10,11,12,13,16,17,24,27,35,36" -a priority=800 -a +DAGNodeRetry' '=' '0 -a DAG_STATUS' '=' '0 -a FAILED_COUNT' '=' '0 -a +KeepClaimIdle' '=' '20 -a notification' '=' 'never -a +DAGParentNodeNames' '=' '"" 00/00/create_dir_Cats_and_Dogs_0_local.sub
08/25/20 12:36:53 From submit: Submitting job(s).
08/25/20 12:36:53 From submit: 1 job(s) submitted to cluster 2.
08/25/20 12:36:53 	assigned HTCondor ID (2.0.0)
08/25/20 12:36:53 Just submitted 1 job this cycle...
08/25/20 12:36:53 DAG status: 0 (DAG_STATUS_OK)
08/25/20 12:36:53 Of 29 nodes total:
08/25/20 12:36:53  Done     Pre   Queued    Post   Ready   Un-Ready   Failed
08/25/20 12:36:53   ===     ===      ===     ===     ===        ===      ===
08/25/20 12:36:53     0       0        1       0       0         28        0
08/25/20 12:36:53 0 job proc(s) currently held
08/25/20 12:36:53 DAGMan Runtime Statistics: [ EventCycleTimeCount = 0.0; EventCycleTimeSum = 0.0; LogProcessCycleTimeCount = 0.0; SleepCycleTimeSum = 0.0; LogProcessCycleTimeSum = 0.0; SubmitCycleTimeCount = 1.0; SubmitCycleTimeMax = 0.04290008544921875; SubmitCycleTimeMin = 0.04290008544921875; SubmitCycleTimeAvg = 0.04290008544921875; SubmitCycleTimeStd = 0.04290008544921875; SubmitCycleTimeSum = 0.04290008544921875; SleepCycleTimeCount = 0.0; ]
08/25/20 12:36:58 Currently monitoring 1 HTCondor log file(s)
08/25/20 12:36:58 Reassigning the id of job create_dir_Cats_and_Dogs_0_local from (2.0.0) to (2.0.0)
08/25/20 12:36:58 Event: ULOG_SUBMIT for HTCondor Node create_dir_Cats_and_Dogs_0_local (2.0.0) {08/25/20 12:36:53}
08/25/20 12:36:58 Number of idle job procs: 1
08/25/20 12:36:58 Event: ULOG_EXECUTE for HTCondor Node create_dir_Cats_and_Dogs_0_local (2.0.0) {08/25/20 12:36:54}
08/25/20 12:36:58 Number of idle job procs: 0
08/25/20 12:36:58 Event: ULOG_JOB_TERMINATED for HTCondor Node create_dir_Cats_and_Dogs_0_local (2.0.0) {08/25/20 12:36:56}
08/25/20 12:36:58 Number of idle job procs: 0
08/25/20 12:36:58 Node create_dir_Cats_and_Dogs_0_local job proc (2.0.0) completed successfully.
08/25/20 12:36:58 Node create_dir_Cats_and_Dogs_0_local job completed
08/25/20 12:36:58 Running POST script of Node create_dir_Cats_and_Dogs_0_local...
08/25/20 12:36:58 Warning: mysin has length 0 (ignore if produced by DAGMan; see gittrac #4987, #5031)
08/25/20 12:36:58 DAG status: 0 (DAG_STATUS_OK)
08/25/20 12:36:58 Of 29 nodes total:
08/25/20 12:36:58  Done     Pre   Queued    Post   Ready   Un-Ready   Failed
08/25/20 12:36:58   ===     ===      ===     ===     ===        ===      ===
08/25/20 12:36:58     0       0        0       1       0         28        0
08/25/20 12:36:58 0 job proc(s) currently held
08/25/20 12:36:58 DAGMan Runtime Statistics: [ EventCycleTimeStd = 0.04715204238891602; EventCycleTimeMax = 0.04715204238891602; SubmitCycleTimeMin = 0.0004100799560546875; SubmitCycleTimeAvg = 0.02165508270263672; SleepCycleTimeCount = 1.0; SubmitCycleTimeCount = 2.0; SubmitCycleTimeMax = 0.04290008544921875; SleepCycleTimeMin = 4.971134901046753; SubmitCycleTimeSum = 0.04331016540527344; LogProcessCycleTimeStd = 0.01665019989013672; SubmitCycleTimeStd = 0.03004497101686996; LogProcessCycleTimeAvg = 0.01665019989013672; EventCycleTimeMin = 0.04715204238891602; LogProcessCycleTimeMax = 0.01665019989013672; LogProcessCycleTimeMin = 0.01665019989013672; LogProcessCycleTimeSum = 0.01665019989013672; LogProcessCycleTimeCount = 1.0; EventCycleTimeSum = 0.04715204238891602; SleepCycleTimeSum = 4.971134901046753; SleepCycleTimeAvg = 4.971134901046753; SleepCycleTimeStd = 4.971134901046753; SleepCycleTimeMax = 4.971134901046753; EventCycleTimeCount = 1.0; EventCycleTimeAvg = 0.04715204238891602; ]
08/25/20 12:36:58 Initializing user log writer for /home/scitech/shared-data/CatsAndDogs/scitech/pegasus/Cats_and_Dogs/run0019/./Cats_and_Dogs-0.dag.nodes.log, (2.0.0)
08/25/20 12:37:03 Currently monitoring 1 HTCondor log file(s)
08/25/20 12:37:03 Event: ULOG_POST_SCRIPT_TERMINATED for HTCondor Node create_dir_Cats_and_Dogs_0_local (2.0.0) {08/25/20 12:36:58}
08/25/20 12:37:03 POST Script of node create_dir_Cats_and_Dogs_0_local completed successfully.
08/25/20 12:37:03 DAG status: 0 (DAG_STATUS_OK)
08/25/20 12:37:03 Of 29 nodes total:
08/25/20 12:37:03  Done     Pre   Queued    Post   Ready   Un-Ready   Failed
08/25/20 12:37:03   ===     ===      ===     ===     ===        ===      ===
08/25/20 12:37:03     1       0        0       0       6         22        0
08/25/20 12:37:03 0 job proc(s) currently held
08/25/20 12:37:03 DAGMan Runtime Statistics: [ EventCycleTimeStd = 0.01720181475123629; EventCycleTimeMax = 0.04715204238891602; SubmitCycleTimeMin = 0.0004100799560546875; SubmitCycleTimeAvg = 0.01465098063151042; SleepCycleTimeCount = 2.0; SubmitCycleTimeCount = 3.0; SubmitCycleTimeMax = 0.04290008544921875; SleepCycleTimeMin = 4.971134901046753; SubmitCycleTimeSum = 0.04395294189453125; LogProcessCycleTimeStd = 0.008670618263055164; SubmitCycleTimeStd = 0.02446471906992895; LogProcessCycleTimeAvg = 0.01051914691925049; EventCycleTimeMin = 0.02282500267028809; LogProcessCycleTimeMax = 0.01665019989013672; LogProcessCycleTimeMin = 0.004388093948364258; LogProcessCycleTimeSum = 0.02103829383850098; LogProcessCycleTimeCount = 2.0; EventCycleTimeSum = 0.0699770450592041; SleepCycleTimeSum = 10.18950080871582; SleepCycleTimeAvg = 5.09475040435791; SleepCycleTimeStd = 0.1748187213022148; SleepCycleTimeMax = 5.218365907669067; EventCycleTimeCount = 2.0; EventCycleTimeAvg = 0.03498852252960205; ]
08/25/20 12:37:08 Submitting HTCondor Node stage_in_remote_local_2_0 job(s)...
08/25/20 12:37:08 Adding a DAGMan workflow log /home/scitech/shared-data/CatsAndDogs/scitech/pegasus/Cats_and_Dogs/run0019/./Cats_and_Dogs-0.dag.nodes.log
08/25/20 12:37:08 Masking the events recorded in the DAGMAN workflow log
08/25/20 12:37:08 Mask for workflow log is 0,1,2,4,5,7,9,10,11,12,13,16,17,24,27,35,36
08/25/20 12:37:08 submitting: /usr/bin/condor_submit -a dag_node_name' '=' 'stage_in_remote_local_2_0 -a +DAGManJobId' '=' '1 -a DAGManJobId' '=' '1 -batch-name Cats_and_Dogs-0.dag+1 -a submit_event_notes' '=' 'DAG' 'Node:' 'stage_in_remote_local_2_0 -a dagman_log' '=' '/home/scitech/shared-data/CatsAndDogs/scitech/pegasus/Cats_and_Dogs/run0019/./Cats_and_Dogs-0.dag.nodes.log -a +DAGManNodesMask' '=' '"0,1,2,4,5,7,9,10,11,12,13,16,17,24,27,35,36" -a priority=700 -a +DAGNodeRetry' '=' '0 -a DAG_STATUS' '=' '0 -a FAILED_COUNT' '=' '0 -a +KeepClaimIdle' '=' '20 -a notification' '=' 'never -a +DAGParentNodeNames' '=' '"create_dir_Cats_and_Dogs_0_local" 00/00/stage_in_remote_local_2_0.sub
08/25/20 12:37:08 From submit: Submitting job(s).
08/25/20 12:37:08 From submit: 1 job(s) submitted to cluster 3.
08/25/20 12:37:08 	assigned HTCondor ID (3.0.0)
08/25/20 12:37:08 Submitting HTCondor Node stage_in_remote_local_1_0 job(s)...
08/25/20 12:37:08 Adding a DAGMan workflow log /home/scitech/shared-data/CatsAndDogs/scitech/pegasus/Cats_and_Dogs/run0019/./Cats_and_Dogs-0.dag.nodes.log
08/25/20 12:37:08 Masking the events recorded in the DAGMAN workflow log
08/25/20 12:37:08 Mask for workflow log is 0,1,2,4,5,7,9,10,11,12,13,16,17,24,27,35,36
08/25/20 12:37:08 submitting: /usr/bin/condor_submit -a dag_node_name' '=' 'stage_in_remote_local_1_0 -a +DAGManJobId' '=' '1 -a DAGManJobId' '=' '1 -batch-name Cats_and_Dogs-0.dag+1 -a submit_event_notes' '=' 'DAG' 'Node:' 'stage_in_remote_local_1_0 -a dagman_log' '=' '/home/scitech/shared-data/CatsAndDogs/scitech/pegasus/Cats_and_Dogs/run0019/./Cats_and_Dogs-0.dag.nodes.log -a +DAGManNodesMask' '=' '"0,1,2,4,5,7,9,10,11,12,13,16,17,24,27,35,36" -a priority=700 -a +DAGNodeRetry' '=' '0 -a DAG_STATUS' '=' '0 -a FAILED_COUNT' '=' '0 -a +KeepClaimIdle' '=' '20 -a notification' '=' 'never -a +DAGParentNodeNames' '=' '"create_dir_Cats_and_Dogs_0_local" 00/00/stage_in_remote_local_1_0.sub
08/25/20 12:37:08 From submit: Submitting job(s).
08/25/20 12:37:08 From submit: 1 job(s) submitted to cluster 4.
08/25/20 12:37:08 	assigned HTCondor ID (4.0.0)
08/25/20 12:37:08 Submitting HTCondor Node stage_in_remote_local_0_0 job(s)...
08/25/20 12:37:08 Adding a DAGMan workflow log /home/scitech/shared-data/CatsAndDogs/scitech/pegasus/Cats_and_Dogs/run0019/./Cats_and_Dogs-0.dag.nodes.log
08/25/20 12:37:08 Masking the events recorded in the DAGMAN workflow log
08/25/20 12:37:08 Mask for workflow log is 0,1,2,4,5,7,9,10,11,12,13,16,17,24,27,35,36
08/25/20 12:37:08 submitting: /usr/bin/condor_submit -a dag_node_name' '=' 'stage_in_remote_local_0_0 -a +DAGManJobId' '=' '1 -a DAGManJobId' '=' '1 -batch-name Cats_and_Dogs-0.dag+1 -a submit_event_notes' '=' 'DAG' 'Node:' 'stage_in_remote_local_0_0 -a dagman_log' '=' '/home/scitech/shared-data/CatsAndDogs/scitech/pegasus/Cats_and_Dogs/run0019/./Cats_and_Dogs-0.dag.nodes.log -a +DAGManNodesMask' '=' '"0,1,2,4,5,7,9,10,11,12,13,16,17,24,27,35,36" -a priority=700 -a +DAGNodeRetry' '=' '0 -a DAG_STATUS' '=' '0 -a FAILED_COUNT' '=' '0 -a +KeepClaimIdle' '=' '20 -a notification' '=' 'never -a +DAGParentNodeNames' '=' '"create_dir_Cats_and_Dogs_0_local" 00/00/stage_in_remote_local_0_0.sub
08/25/20 12:37:08 From submit: Submitting job(s).
08/25/20 12:37:08 From submit: 1 job(s) submitted to cluster 5.
08/25/20 12:37:08 	assigned HTCondor ID (5.0.0)
08/25/20 12:37:08 Submitting HTCondor Node stage_in_local_local_0_0 job(s)...
08/25/20 12:37:08 Adding a DAGMan workflow log /home/scitech/shared-data/CatsAndDogs/scitech/pegasus/Cats_and_Dogs/run0019/./Cats_and_Dogs-0.dag.nodes.log
08/25/20 12:37:08 Masking the events recorded in the DAGMAN workflow log
08/25/20 12:37:08 Mask for workflow log is 0,1,2,4,5,7,9,10,11,12,13,16,17,24,27,35,36
08/25/20 12:37:08 submitting: /usr/bin/condor_submit -a dag_node_name' '=' 'stage_in_local_local_0_0 -a +DAGManJobId' '=' '1 -a DAGManJobId' '=' '1 -batch-name Cats_and_Dogs-0.dag+1 -a submit_event_notes' '=' 'DAG' 'Node:' 'stage_in_local_local_0_0 -a dagman_log' '=' '/home/scitech/shared-data/CatsAndDogs/scitech/pegasus/Cats_and_Dogs/run0019/./Cats_and_Dogs-0.dag.nodes.log -a +DAGManNodesMask' '=' '"0,1,2,4,5,7,9,10,11,12,13,16,17,24,27,35,36" -a priority=700 -a +DAGNodeRetry' '=' '0 -a DAG_STATUS' '=' '0 -a FAILED_COUNT' '=' '0 -a +KeepClaimIdle' '=' '20 -a notification' '=' 'never -a +DAGParentNodeNames' '=' '"create_dir_Cats_and_Dogs_0_local" 00/00/stage_in_local_local_0_0.sub
08/25/20 12:37:08 From submit: Submitting job(s).
08/25/20 12:37:08 From submit: 1 job(s) submitted to cluster 6.
08/25/20 12:37:08 	assigned HTCondor ID (6.0.0)
08/25/20 12:37:08 Submitting HTCondor Node stage_in_remote_local_4_0 job(s)...
08/25/20 12:37:08 Adding a DAGMan workflow log /home/scitech/shared-data/CatsAndDogs/scitech/pegasus/Cats_and_Dogs/run0019/./Cats_and_Dogs-0.dag.nodes.log
08/25/20 12:37:08 Masking the events recorded in the DAGMAN workflow log
08/25/20 12:37:08 Mask for workflow log is 0,1,2,4,5,7,9,10,11,12,13,16,17,24,27,35,36
08/25/20 12:37:08 submitting: /usr/bin/condor_submit -a dag_node_name' '=' 'stage_in_remote_local_4_0 -a +DAGManJobId' '=' '1 -a DAGManJobId' '=' '1 -batch-name Cats_and_Dogs-0.dag+1 -a submit_event_notes' '=' 'DAG' 'Node:' 'stage_in_remote_local_4_0 -a dagman_log' '=' '/home/scitech/shared-data/CatsAndDogs/scitech/pegasus/Cats_and_Dogs/run0019/./Cats_and_Dogs-0.dag.nodes.log -a +DAGManNodesMask' '=' '"0,1,2,4,5,7,9,10,11,12,13,16,17,24,27,35,36" -a priority=700 -a +DAGNodeRetry' '=' '0 -a DAG_STATUS' '=' '0 -a FAILED_COUNT' '=' '0 -a +KeepClaimIdle' '=' '20 -a notification' '=' 'never -a +DAGParentNodeNames' '=' '"create_dir_Cats_and_Dogs_0_local" 00/00/stage_in_remote_local_4_0.sub
08/25/20 12:37:08 From submit: Submitting job(s).
08/25/20 12:37:08 From submit: 1 job(s) submitted to cluster 7.
08/25/20 12:37:08 	assigned HTCondor ID (7.0.0)
08/25/20 12:37:08 Submitting HTCondor Node stage_in_remote_local_3_0 job(s)...
08/25/20 12:37:08 Adding a DAGMan workflow log /home/scitech/shared-data/CatsAndDogs/scitech/pegasus/Cats_and_Dogs/run0019/./Cats_and_Dogs-0.dag.nodes.log
08/25/20 12:37:08 Masking the events recorded in the DAGMAN workflow log
08/25/20 12:37:08 Mask for workflow log is 0,1,2,4,5,7,9,10,11,12,13,16,17,24,27,35,36
08/25/20 12:37:08 submitting: /usr/bin/condor_submit -a dag_node_name' '=' 'stage_in_remote_local_3_0 -a +DAGManJobId' '=' '1 -a DAGManJobId' '=' '1 -batch-name Cats_and_Dogs-0.dag+1 -a submit_event_notes' '=' 'DAG' 'Node:' 'stage_in_remote_local_3_0 -a dagman_log' '=' '/home/scitech/shared-data/CatsAndDogs/scitech/pegasus/Cats_and_Dogs/run0019/./Cats_and_Dogs-0.dag.nodes.log -a +DAGManNodesMask' '=' '"0,1,2,4,5,7,9,10,11,12,13,16,17,24,27,35,36" -a priority=700 -a +DAGNodeRetry' '=' '0 -a DAG_STATUS' '=' '0 -a FAILED_COUNT' '=' '0 -a +KeepClaimIdle' '=' '20 -a notification' '=' 'never -a +DAGParentNodeNames' '=' '"create_dir_Cats_and_Dogs_0_local" 00/00/stage_in_remote_local_3_0.sub
08/25/20 12:37:08 From submit: Submitting job(s).
08/25/20 12:37:08 From submit: 1 job(s) submitted to cluster 8.
08/25/20 12:37:08 	assigned HTCondor ID (8.0.0)
08/25/20 12:37:08 Just submitted 6 jobs this cycle...
08/25/20 12:37:08 DAG status: 0 (DAG_STATUS_OK)
08/25/20 12:37:08 Of 29 nodes total:
08/25/20 12:37:08  Done     Pre   Queued    Post   Ready   Un-Ready   Failed
08/25/20 12:37:08   ===     ===      ===     ===     ===        ===      ===
08/25/20 12:37:08     1       0        6       0       0         22        0
08/25/20 12:37:08 0 job proc(s) currently held
08/25/20 12:37:08 DAGMan Runtime Statistics: [ EventCycleTimeStd = 0.01831078383038685; EventCycleTimeMax = 0.04715204238891602; SubmitCycleTimeMin = 0.0004100799560546875; SubmitCycleTimeAvg = 0.07115769386291504; SleepCycleTimeCount = 3.0; SubmitCycleTimeCount = 4.0; SubmitCycleTimeMax = 0.2406778335571289; SleepCycleTimeMin = 4.971134901046753; SubmitCycleTimeSum = 0.2846307754516602; LogProcessCycleTimeStd = 0.008670618263055164; SubmitCycleTimeStd = 0.1147651930986851; LogProcessCycleTimeAvg = 0.01051914691925049; EventCycleTimeMin = 0.01128196716308594; LogProcessCycleTimeMax = 0.01665019989013672; LogProcessCycleTimeMin = 0.004388093948364258; LogProcessCycleTimeSum = 0.02103829383850098; LogProcessCycleTimeCount = 2.0; EventCycleTimeSum = 0.08125901222229004; SleepCycleTimeSum = 15.19589281082153; SleepCycleTimeAvg = 5.065297603607178; SleepCycleTimeStd = 0.1337280639023005; SleepCycleTimeMax = 5.218365907669067; EventCycleTimeCount = 3.0; EventCycleTimeAvg = 0.02708633740743001; ]
08/25/20 12:37:13 Currently monitoring 1 HTCondor log file(s)
08/25/20 12:37:13 Reassigning the id of job stage_in_remote_local_2_0 from (3.0.0) to (3.0.0)
08/25/20 12:37:13 Event: ULOG_SUBMIT for HTCondor Node stage_in_remote_local_2_0 (3.0.0) {08/25/20 12:37:08}
08/25/20 12:37:13 Number of idle job procs: 1
08/25/20 12:37:13 Reassigning the id of job stage_in_remote_local_1_0 from (4.0.0) to (4.0.0)
08/25/20 12:37:13 Event: ULOG_SUBMIT for HTCondor Node stage_in_remote_local_1_0 (4.0.0) {08/25/20 12:37:08}
08/25/20 12:37:13 Number of idle job procs: 2
08/25/20 12:37:13 Reassigning the id of job stage_in_remote_local_0_0 from (5.0.0) to (5.0.0)
08/25/20 12:37:13 Event: ULOG_SUBMIT for HTCondor Node stage_in_remote_local_0_0 (5.0.0) {08/25/20 12:37:08}
08/25/20 12:37:13 Number of idle job procs: 3
08/25/20 12:37:13 Reassigning the id of job stage_in_local_local_0_0 from (6.0.0) to (6.0.0)
08/25/20 12:37:13 Event: ULOG_SUBMIT for HTCondor Node stage_in_local_local_0_0 (6.0.0) {08/25/20 12:37:08}
08/25/20 12:37:13 Number of idle job procs: 4
08/25/20 12:37:13 Reassigning the id of job stage_in_remote_local_4_0 from (7.0.0) to (7.0.0)
08/25/20 12:37:13 Event: ULOG_SUBMIT for HTCondor Node stage_in_remote_local_4_0 (7.0.0) {08/25/20 12:37:08}
08/25/20 12:37:13 Number of idle job procs: 5
08/25/20 12:37:13 Reassigning the id of job stage_in_remote_local_3_0 from (8.0.0) to (8.0.0)
08/25/20 12:37:13 Event: ULOG_SUBMIT for HTCondor Node stage_in_remote_local_3_0 (8.0.0) {08/25/20 12:37:08}
08/25/20 12:37:13 Number of idle job procs: 6
08/25/20 12:37:13 Event: ULOG_EXECUTE for HTCondor Node stage_in_remote_local_2_0 (3.0.0) {08/25/20 12:37:09}
08/25/20 12:37:13 Number of idle job procs: 5
08/25/20 12:37:13 Event: ULOG_EXECUTE for HTCondor Node stage_in_local_local_0_0 (6.0.0) {08/25/20 12:37:09}
08/25/20 12:37:13 Number of idle job procs: 4
08/25/20 12:37:13 Event: ULOG_EXECUTE for HTCondor Node stage_in_remote_local_0_0 (5.0.0) {08/25/20 12:37:09}
08/25/20 12:37:13 Number of idle job procs: 3
08/25/20 12:37:13 Event: ULOG_EXECUTE for HTCondor Node stage_in_remote_local_3_0 (8.0.0) {08/25/20 12:37:09}
08/25/20 12:37:13 Number of idle job procs: 2
08/25/20 12:37:13 Event: ULOG_EXECUTE for HTCondor Node stage_in_remote_local_1_0 (4.0.0) {08/25/20 12:37:09}
08/25/20 12:37:13 Number of idle job procs: 1
08/25/20 12:37:13 Event: ULOG_EXECUTE for HTCondor Node stage_in_remote_local_4_0 (7.0.0) {08/25/20 12:37:09}
08/25/20 12:37:13 Number of idle job procs: 0
08/25/20 12:37:13 Event: ULOG_JOB_TERMINATED for HTCondor Node stage_in_remote_local_2_0 (3.0.0) {08/25/20 12:37:12}
08/25/20 12:37:13 Number of idle job procs: 0
08/25/20 12:37:13 Node stage_in_remote_local_2_0 job proc (3.0.0) completed successfully.
08/25/20 12:37:13 Node stage_in_remote_local_2_0 job completed
08/25/20 12:37:13 Running POST script of Node stage_in_remote_local_2_0...
08/25/20 12:37:13 Warning: mysin has length 0 (ignore if produced by DAGMan; see gittrac #4987, #5031)
08/25/20 12:37:13 Event: ULOG_JOB_TERMINATED for HTCondor Node stage_in_remote_local_3_0 (8.0.0) {08/25/20 12:37:12}
08/25/20 12:37:13 Number of idle job procs: 0
08/25/20 12:37:13 Node stage_in_remote_local_3_0 job proc (8.0.0) completed successfully.
08/25/20 12:37:13 Node stage_in_remote_local_3_0 job completed
08/25/20 12:37:13 Running POST script of Node stage_in_remote_local_3_0...
08/25/20 12:37:13 Warning: mysin has length 0 (ignore if produced by DAGMan; see gittrac #4987, #5031)
08/25/20 12:37:13 Event: ULOG_JOB_TERMINATED for HTCondor Node stage_in_remote_local_1_0 (4.0.0) {08/25/20 12:37:12}
08/25/20 12:37:13 Number of idle job procs: 0
08/25/20 12:37:13 Node stage_in_remote_local_1_0 job proc (4.0.0) completed successfully.
08/25/20 12:37:13 Node stage_in_remote_local_1_0 job completed
08/25/20 12:37:13 Running POST script of Node stage_in_remote_local_1_0...
08/25/20 12:37:13 Warning: mysin has length 0 (ignore if produced by DAGMan; see gittrac #4987, #5031)
08/25/20 12:37:13 Event: ULOG_JOB_TERMINATED for HTCondor Node stage_in_remote_local_4_0 (7.0.0) {08/25/20 12:37:12}
08/25/20 12:37:13 Number of idle job procs: 0
08/25/20 12:37:13 Node stage_in_remote_local_4_0 job proc (7.0.0) completed successfully.
08/25/20 12:37:13 Node stage_in_remote_local_4_0 job completed
08/25/20 12:37:13 Running POST script of Node stage_in_remote_local_4_0...
08/25/20 12:37:13 Warning: mysin has length 0 (ignore if produced by DAGMan; see gittrac #4987, #5031)
08/25/20 12:37:13 Event: ULOG_JOB_TERMINATED for HTCondor Node stage_in_remote_local_0_0 (5.0.0) {08/25/20 12:37:12}
08/25/20 12:37:13 Number of idle job procs: 0
08/25/20 12:37:13 Node stage_in_remote_local_0_0 job proc (5.0.0) completed successfully.
08/25/20 12:37:13 Node stage_in_remote_local_0_0 job completed
08/25/20 12:37:13 Running POST script of Node stage_in_remote_local_0_0...
08/25/20 12:37:13 Warning: mysin has length 0 (ignore if produced by DAGMan; see gittrac #4987, #5031)
08/25/20 12:37:13 DAG status: 0 (DAG_STATUS_OK)
08/25/20 12:37:13 Of 29 nodes total:
08/25/20 12:37:13  Done     Pre   Queued    Post   Ready   Un-Ready   Failed
08/25/20 12:37:13   ===     ===      ===     ===     ===        ===      ===
08/25/20 12:37:13     1       0        1       5       0         22        0
08/25/20 12:37:13 0 job proc(s) currently held
08/25/20 12:37:13 DAGMan Runtime Statistics: [ EventCycleTimeStd = 0.1111360794291457; EventCycleTimeMax = 0.2473380565643311; SubmitCycleTimeMin = 0.00026702880859375; SubmitCycleTimeAvg = 0.05697956085205078; SleepCycleTimeCount = 4.0; SubmitCycleTimeCount = 5.0; SubmitCycleTimeMax = 0.2406778335571289; SleepCycleTimeMin = 4.971134901046753; SubmitCycleTimeSum = 0.2848978042602539; LogProcessCycleTimeStd = 0.0370552235015979; SubmitCycleTimeStd = 0.1043234606337552; LogProcessCycleTimeAvg = 0.03161811828613281; EventCycleTimeMin = 0.01128196716308594; LogProcessCycleTimeMax = 0.07381606101989746; LogProcessCycleTimeMin = 0.004388093948364258; LogProcessCycleTimeSum = 0.09485435485839844; LogProcessCycleTimeCount = 3.0; EventCycleTimeSum = 0.3285970687866211; SleepCycleTimeSum = 20.20055675506592; SleepCycleTimeAvg = 5.050139188766479; SleepCycleTimeStd = 0.1133191961318527; SleepCycleTimeMax = 5.218365907669067; EventCycleTimeCount = 4.0; EventCycleTimeAvg = 0.08214926719665527; ]
08/25/20 12:37:13 Initializing user log writer for /home/scitech/shared-data/CatsAndDogs/scitech/pegasus/Cats_and_Dogs/run0019/./Cats_and_Dogs-0.dag.nodes.log, (3.0.0)
08/25/20 12:37:13 Initializing user log writer for /home/scitech/shared-data/CatsAndDogs/scitech/pegasus/Cats_and_Dogs/run0019/./Cats_and_Dogs-0.dag.nodes.log, (4.0.0)
08/25/20 12:37:13 Initializing user log writer for /home/scitech/shared-data/CatsAndDogs/scitech/pegasus/Cats_and_Dogs/run0019/./Cats_and_Dogs-0.dag.nodes.log, (8.0.0)
08/25/20 12:37:13 Initializing user log writer for /home/scitech/shared-data/CatsAndDogs/scitech/pegasus/Cats_and_Dogs/run0019/./Cats_and_Dogs-0.dag.nodes.log, (5.0.0)
08/25/20 12:37:13 Initializing user log writer for /home/scitech/shared-data/CatsAndDogs/scitech/pegasus/Cats_and_Dogs/run0019/./Cats_and_Dogs-0.dag.nodes.log, (7.0.0)
08/25/20 12:37:18 Currently monitoring 1 HTCondor log file(s)
08/25/20 12:37:18 Event: ULOG_POST_SCRIPT_TERMINATED for HTCondor Node stage_in_remote_local_2_0 (3.0.0) {08/25/20 12:37:13}
08/25/20 12:37:18 POST Script of node stage_in_remote_local_2_0 completed successfully.
08/25/20 12:37:18 Event: ULOG_POST_SCRIPT_TERMINATED for HTCondor Node stage_in_remote_local_1_0 (4.0.0) {08/25/20 12:37:13}
08/25/20 12:37:18 POST Script of node stage_in_remote_local_1_0 completed successfully.
08/25/20 12:37:18 Event: ULOG_POST_SCRIPT_TERMINATED for HTCondor Node stage_in_remote_local_3_0 (8.0.0) {08/25/20 12:37:13}
08/25/20 12:37:18 POST Script of node stage_in_remote_local_3_0 completed successfully.
08/25/20 12:37:18 Event: ULOG_POST_SCRIPT_TERMINATED for HTCondor Node stage_in_remote_local_0_0 (5.0.0) {08/25/20 12:37:13}
08/25/20 12:37:18 POST Script of node stage_in_remote_local_0_0 completed successfully.
08/25/20 12:37:18 Event: ULOG_POST_SCRIPT_TERMINATED for HTCondor Node stage_in_remote_local_4_0 (7.0.0) {08/25/20 12:37:13}
08/25/20 12:37:18 POST Script of node stage_in_remote_local_4_0 completed successfully.
08/25/20 12:37:18 DAG status: 0 (DAG_STATUS_OK)
08/25/20 12:37:18 Of 29 nodes total:
08/25/20 12:37:18  Done     Pre   Queued    Post   Ready   Un-Ready   Failed
08/25/20 12:37:18   ===     ===      ===     ===     ===        ===      ===
08/25/20 12:37:18     6       0        1       0       0         22        0
08/25/20 12:37:18 0 job proc(s) currently held
08/25/20 12:37:18 DAGMan Runtime Statistics: [ EventCycleTimeStd = 0.09626008887642427; EventCycleTimeMax = 0.2473380565643311; SubmitCycleTimeMin = 0.0002288818359375; SubmitCycleTimeAvg = 0.04752111434936523; SleepCycleTimeCount = 5.0; SubmitCycleTimeCount = 6.0; SubmitCycleTimeMax = 0.2406778335571289; SleepCycleTimeMin = 4.971134901046753; SubmitCycleTimeSum = 0.2851266860961914; LogProcessCycleTimeStd = 0.03226424562061582; SubmitCycleTimeStd = 0.09614302269196197; LogProcessCycleTimeAvg = 0.02601480484008789; EventCycleTimeMin = 0.01128196716308594; LogProcessCycleTimeMax = 0.07381606101989746; LogProcessCycleTimeMin = 0.004388093948364258; LogProcessCycleTimeSum = 0.1040592193603516; LogProcessCycleTimeCount = 4.0; EventCycleTimeSum = 0.4071521759033203; SleepCycleTimeSum = 25.53883075714111; SleepCycleTimeAvg = 5.107766151428223; SleepCycleTimeStd = 0.1619730356789879; SleepCycleTimeMax = 5.338274002075195; EventCycleTimeCount = 5.0; EventCycleTimeAvg = 0.08143043518066406; ]
08/25/20 12:37:38 Currently monitoring 1 HTCondor log file(s)
08/25/20 12:37:38 Event: ULOG_JOB_TERMINATED for HTCondor Node stage_in_local_local_0_0 (6.0.0) {08/25/20 12:37:36}
08/25/20 12:37:38 Number of idle job procs: 0
08/25/20 12:37:38 Node stage_in_local_local_0_0 job proc (6.0.0) completed successfully.
08/25/20 12:37:38 Node stage_in_local_local_0_0 job completed
08/25/20 12:37:38 Running POST script of Node stage_in_local_local_0_0...
08/25/20 12:37:38 Warning: mysin has length 0 (ignore if produced by DAGMan; see gittrac #4987, #5031)
08/25/20 12:37:38 DAG status: 0 (DAG_STATUS_OK)
08/25/20 12:37:38 Of 29 nodes total:
08/25/20 12:37:38  Done     Pre   Queued    Post   Ready   Un-Ready   Failed
08/25/20 12:37:38   ===     ===      ===     ===     ===        ===      ===
08/25/20 12:37:38     6       0        0       1       0         22        0
08/25/20 12:37:38 0 job proc(s) currently held
08/25/20 12:37:38 DAGMan Runtime Statistics: [ EventCycleTimeStd = 0.07948202900355084; EventCycleTimeMax = 0.2473380565643311; SubmitCycleTimeMin = 0.0002288818359375; SubmitCycleTimeAvg = 0.0286754846572876; SleepCycleTimeCount = 9.0; SubmitCycleTimeCount = 10.0; SubmitCycleTimeMax = 0.2406778335571289; SleepCycleTimeMin = 4.971015930175781; SubmitCycleTimeSum = 0.286754846572876; LogProcessCycleTimeStd = 0.02861518658718555; SubmitCycleTimeStd = 0.0756783568614882; LogProcessCycleTimeAvg = 0.0232546329498291; EventCycleTimeMin = 0.0004589557647705078; LogProcessCycleTimeMax = 0.07381606101989746; LogProcessCycleTimeMin = 0.004388093948364258; LogProcessCycleTimeSum = 0.1162731647491455; LogProcessCycleTimeCount = 5.0; EventCycleTimeSum = 0.422863245010376; SleepCycleTimeSum = 45.52617359161377; SleepCycleTimeAvg = 5.05846373240153; SleepCycleTimeStd = 0.1290230961466003; SleepCycleTimeMax = 5.338274002075195; EventCycleTimeCount = 9.0; EventCycleTimeAvg = 0.04698480500115289; ]
08/25/20 12:37:39 Initializing user log writer for /home/scitech/shared-data/CatsAndDogs/scitech/pegasus/Cats_and_Dogs/run0019/./Cats_and_Dogs-0.dag.nodes.log, (6.0.0)
08/25/20 12:37:43 Currently monitoring 1 HTCondor log file(s)
08/25/20 12:37:43 Event: ULOG_POST_SCRIPT_TERMINATED for HTCondor Node stage_in_local_local_0_0 (6.0.0) {08/25/20 12:37:39}
08/25/20 12:37:43 POST Script of node stage_in_local_local_0_0 completed successfully.
08/25/20 12:37:43 DAG status: 0 (DAG_STATUS_OK)
08/25/20 12:37:43 Of 29 nodes total:
08/25/20 12:37:43  Done     Pre   Queued    Post   Ready   Un-Ready   Failed
08/25/20 12:37:43   ===     ===      ===     ===     ===        ===      ===
08/25/20 12:37:43     7       0        0       0       1         21        0
08/25/20 12:37:43 0 job proc(s) currently held
08/25/20 12:37:43 DAGMan Runtime Statistics: [ EventCycleTimeStd = 0.07545454602319591; EventCycleTimeMax = 0.2473380565643311; SubmitCycleTimeMin = 0.0002288818359375; SubmitCycleTimeAvg = 0.02612579952586781; SleepCycleTimeCount = 10.0; SubmitCycleTimeCount = 11.0; SubmitCycleTimeMax = 0.2406778335571289; SleepCycleTimeMin = 4.857434988021851; SubmitCycleTimeSum = 0.2873837947845459; LogProcessCycleTimeStd = 0.02660490253999818; SubmitCycleTimeStd = 0.07229109325838487; LogProcessCycleTimeAvg = 0.02028934160868327; EventCycleTimeMin = 0.0004589557647705078; LogProcessCycleTimeMax = 0.07381606101989746; LogProcessCycleTimeMin = 0.004388093948364258; LogProcessCycleTimeSum = 0.1217360496520996; LogProcessCycleTimeCount = 6.0; EventCycleTimeSum = 0.4419324398040771; SleepCycleTimeSum = 50.38360857963562; SleepCycleTimeAvg = 5.038360857963562; SleepCycleTimeStd = 0.1372536075924174; SleepCycleTimeMax = 5.338274002075195; EventCycleTimeCount = 10.0; EventCycleTimeAvg = 0.04419324398040771; ]
08/25/20 12:37:48 Submitting HTCondor Node preprocess1_py_ID0000001 job(s)...
08/25/20 12:37:48 Adding a DAGMan workflow log /home/scitech/shared-data/CatsAndDogs/scitech/pegasus/Cats_and_Dogs/run0019/./Cats_and_Dogs-0.dag.nodes.log
08/25/20 12:37:48 Masking the events recorded in the DAGMAN workflow log
08/25/20 12:37:48 Mask for workflow log is 0,1,2,4,5,7,9,10,11,12,13,16,17,24,27,35,36
08/25/20 12:37:48 submitting: /usr/bin/condor_submit -a dag_node_name' '=' 'preprocess1_py_ID0000001 -a +DAGManJobId' '=' '1 -a DAGManJobId' '=' '1 -batch-name Cats_and_Dogs-0.dag+1 -a submit_event_notes' '=' 'DAG' 'Node:' 'preprocess1_py_ID0000001 -a dagman_log' '=' '/home/scitech/shared-data/CatsAndDogs/scitech/pegasus/Cats_and_Dogs/run0019/./Cats_and_Dogs-0.dag.nodes.log -a +DAGManNodesMask' '=' '"0,1,2,4,5,7,9,10,11,12,13,16,17,24,27,35,36" -a priority=20 -a +DAGNodeRetry' '=' '0 -a DAG_STATUS' '=' '0 -a FAILED_COUNT' '=' '0 -a +KeepClaimIdle' '=' '20 -a notification' '=' 'never -a +DAGParentNodeNames' '=' '"stage_in_remote_local_0_0,stage_in_local_local_0_0" 00/00/preprocess1_py_ID0000001.sub
08/25/20 12:37:49 From submit: Submitting job(s).
08/25/20 12:37:49 From submit: 1 job(s) submitted to cluster 9.
08/25/20 12:37:49 	assigned HTCondor ID (9.0.0)
08/25/20 12:37:49 Just submitted 1 job this cycle...
08/25/20 12:37:49 DAG status: 0 (DAG_STATUS_OK)
08/25/20 12:37:49 Of 29 nodes total:
08/25/20 12:37:49  Done     Pre   Queued    Post   Ready   Un-Ready   Failed
08/25/20 12:37:49   ===     ===      ===     ===     ===        ===      ===
08/25/20 12:37:49     7       0        1       0       0         21        0
08/25/20 12:37:49 0 job proc(s) currently held
08/25/20 12:37:49 DAGMan Runtime Statistics: [ EventCycleTimeStd = 0.07217519295530775; EventCycleTimeMax = 0.2473380565643311; SubmitCycleTimeMin = 0.0002288818359375; SubmitCycleTimeAvg = 0.04384064674377441; SleepCycleTimeCount = 11.0; SubmitCycleTimeCount = 12.0; SubmitCycleTimeMax = 0.2406778335571289; SleepCycleTimeMin = 4.857434988021851; SubmitCycleTimeSum = 0.526087760925293; LogProcessCycleTimeStd = 0.02660490253999818; SubmitCycleTimeStd = 0.09228597294320964; LogProcessCycleTimeAvg = 0.02028934160868327; EventCycleTimeMin = 0.0004589557647705078; LogProcessCycleTimeMax = 0.07381606101989746; LogProcessCycleTimeMin = 0.004388093948364258; LogProcessCycleTimeSum = 0.1217360496520996; LogProcessCycleTimeCount = 6.0; EventCycleTimeSum = 0.4555103778839111; SleepCycleTimeSum = 55.38422060012817; SleepCycleTimeAvg = 5.034929145466197; SleepCycleTimeStd = 0.1307066971303843; SleepCycleTimeMax = 5.338274002075195; EventCycleTimeCount = 11.0; EventCycleTimeAvg = 0.04141003435308283; ]
08/25/20 12:37:54 Currently monitoring 1 HTCondor log file(s)
08/25/20 12:37:54 Reassigning the id of job preprocess1_py_ID0000001 from (9.0.0) to (9.0.0)
08/25/20 12:37:54 Event: ULOG_SUBMIT for HTCondor Node preprocess1_py_ID0000001 (9.0.0) {08/25/20 12:37:49}
08/25/20 12:37:54 Number of idle job procs: 1
08/25/20 12:37:59 Currently monitoring 1 HTCondor log file(s)
08/25/20 12:37:59 Event: ULOG_EXECUTE for HTCondor Node preprocess1_py_ID0000001 (9.0.0) {08/25/20 12:37:57}
08/25/20 12:37:59 Number of idle job procs: 0
08/25/20 12:38:04 Currently monitoring 1 HTCondor log file(s)
08/25/20 12:38:04 Event: ULOG_SHADOW_EXCEPTION for HTCondor Node preprocess1_py_ID0000001 (9.0.0) {08/25/20 12:38:00}
08/25/20 12:38:04 Number of idle job procs: 1
08/25/20 12:38:04 Event: ULOG_JOB_HELD for HTCondor Node preprocess1_py_ID0000001 (9.0.0) {08/25/20 12:38:00}
08/25/20 12:38:04   Hold reason: Error from slot1@22fd9523b1ef: STARTER at 127.0.0.1 failed to send file(s) to <127.0.0.1:9618>: error reading from /var/lib/condor/execute/dir_7247/resized_Dog23.jpg: (errno 2) No such file or directory; SHADOW failed to receive file(s) from <127.0.0.1:37401>
08/25/20 12:38:04 Number of idle job procs: 1
08/25/20 12:38:04 DAG status: 0 (DAG_STATUS_OK)
08/25/20 12:38:04 Of 29 nodes total:
08/25/20 12:38:04  Done     Pre   Queued    Post   Ready   Un-Ready   Failed
08/25/20 12:38:04   ===     ===      ===     ===     ===        ===      ===
08/25/20 12:38:04     7       0        1       0       0         21        0
08/25/20 12:38:04 1 job proc(s) currently held
08/25/20 12:38:04 DAGMan Runtime Statistics: [ EventCycleTimeStd = 0.08553076647710992; EventCycleTimeMax = 0.2473380565643311; SubmitCycleTimeMin = 0.0002288818359375; SubmitCycleTimeAvg = 0.03514312108357747; SleepCycleTimeCount = 14.0; SubmitCycleTimeCount = 15.0; SubmitCycleTimeMax = 0.2406778335571289; SleepCycleTimeMin = 4.857434988021851; SubmitCycleTimeSum = 0.5271468162536621; LogProcessCycleTimeStd = 0.02251493676951254; SubmitCycleTimeStd = 0.0837609435162523; LogProcessCycleTimeAvg = 0.0149441295199924; EventCycleTimeMin = 0.0004589557647705078; LogProcessCycleTimeMax = 0.07381606101989746; LogProcessCycleTimeMin = 0.00363612174987793; LogProcessCycleTimeSum = 0.1344971656799316; LogProcessCycleTimeCount = 9.0; EventCycleTimeSum = 0.7093343734741211; SleepCycleTimeSum = 70.3619966506958; SleepCycleTimeAvg = 5.025856903621128; SleepCycleTimeStd = 0.1162676993264214; SleepCycleTimeMax = 5.338274002075195; EventCycleTimeCount = 14.0; EventCycleTimeAvg = 0.05066674096243722; ]
08/25/20 12:48:04 600 seconds since last log event
08/25/20 12:48:04 Pending DAG nodes:
08/25/20 12:48:04   Node preprocess1_py_ID0000001, HTCondor ID 9, status STATUS_SUBMITTED
08/25/20 12:58:04 1200 seconds since last log event
08/25/20 12:58:04 Pending DAG nodes:
08/25/20 12:58:04   Node preprocess1_py_ID0000001, HTCondor ID 9, status STATUS_SUBMITTED
08/25/20 13:08:06 1802 seconds since last log event
08/25/20 13:08:06 Pending DAG nodes:
08/25/20 13:08:06   Node preprocess1_py_ID0000001, HTCondor ID 9, status STATUS_SUBMITTED
08/25/20 13:08:46 Currently monitoring 1 HTCondor log file(s)
08/25/20 13:08:46 Event: ULOG_JOB_ABORTED for HTCondor Node preprocess1_py_ID0000001 (9.0.0) {08/25/20 13:08:45}
08/25/20 13:08:46 Number of idle job procs: 0
08/25/20 13:08:46 Node preprocess1_py_ID0000001 job completed
08/25/20 13:08:46 Running POST script of Node preprocess1_py_ID0000001...
08/25/20 13:08:46 Warning: mysin has length 0 (ignore if produced by DAGMan; see gittrac #4987, #5031)
08/25/20 13:08:46 DAG status: 0 (DAG_STATUS_OK)
08/25/20 13:08:46 Of 29 nodes total:
08/25/20 13:08:46  Done     Pre   Queued    Post   Ready   Un-Ready   Failed
08/25/20 13:08:46   ===     ===      ===     ===     ===        ===      ===
08/25/20 13:08:46     7       0        0       1       0         21        0
08/25/20 13:08:46 1 job proc(s) currently held
08/25/20 13:08:46 DAGMan Runtime Statistics: [ EventCycleTimeStd = 0.01828588571801408; EventCycleTimeMax = 0.2473380565643311; SubmitCycleTimeMin = 0.0001890659332275391; SubmitCycleTimeAvg = 0.002092128011638751; SleepCycleTimeCount = 382.0; SubmitCycleTimeCount = 383.0; SubmitCycleTimeMax = 0.2406778335571289; SleepCycleTimeMin = 4.857434988021851; SubmitCycleTimeSum = 0.8012850284576416; LogProcessCycleTimeStd = 0.02130483432368212; SubmitCycleTimeStd = 0.01737361278609289; LogProcessCycleTimeAvg = 0.01436982154846191; EventCycleTimeMin = 0.0003769397735595703; LogProcessCycleTimeMax = 0.07381606101989746; LogProcessCycleTimeMin = 0.00363612174987793; LogProcessCycleTimeSum = 0.1436982154846191; LogProcessCycleTimeCount = 10.0; EventCycleTimeSum = 1.420017719268799; SleepCycleTimeSum = 1911.880470275879; SleepCycleTimeAvg = 5.004922697057275; SleepCycleTimeStd = 0.05602265758263741; SleepCycleTimeMax = 5.983781099319458; EventCycleTimeCount = 382.0; EventCycleTimeAvg = 0.00371732387243141; ]
08/25/20 13:08:46 Initializing user log writer for /home/scitech/shared-data/CatsAndDogs/scitech/pegasus/Cats_and_Dogs/run0019/./Cats_and_Dogs-0.dag.nodes.log, (9.0.0)
08/25/20 13:08:51 Currently monitoring 1 HTCondor log file(s)
08/25/20 13:08:51 Event: ULOG_POST_SCRIPT_TERMINATED for HTCondor Node preprocess1_py_ID0000001 (9.0.0) {08/25/20 13:08:46}
08/25/20 13:08:51 POST Script of node preprocess1_py_ID0000001 failed with status 1
08/25/20 13:08:51 POST for Node preprocess1_py_ID0000001 returned 1
08/25/20 13:08:51 Retrying node preprocess1_py_ID0000001 (retry #1 of 1)...
08/25/20 13:08:51 DAG status: 0 (DAG_STATUS_OK)
08/25/20 13:08:51 Of 29 nodes total:
08/25/20 13:08:51  Done     Pre   Queued    Post   Ready   Un-Ready   Failed
08/25/20 13:08:51   ===     ===      ===     ===     ===        ===      ===
08/25/20 13:08:51     7       0        0       0       1         21        0
08/25/20 13:08:51 1 job proc(s) currently held
08/25/20 13:08:51 DAGMan Runtime Statistics: [ EventCycleTimeStd = 0.0182769980469511; EventCycleTimeMax = 0.2473380565643311; SubmitCycleTimeMin = 0.0001890659332275391; SubmitCycleTimeAvg = 0.002089190607269605; SleepCycleTimeCount = 383.0; SubmitCycleTimeCount = 384.0; SubmitCycleTimeMax = 0.2406778335571289; SleepCycleTimeMin = 4.857434988021851; SubmitCycleTimeSum = 0.8022491931915283; LogProcessCycleTimeStd = 0.02030017663295448; SubmitCycleTimeStd = 0.01735101248367928; LogProcessCycleTimeAvg = 0.01379847526550293; EventCycleTimeMin = 0.0003769397735595703; LogProcessCycleTimeMax = 0.07381606101989746; LogProcessCycleTimeMin = 0.00363612174987793; LogProcessCycleTimeSum = 0.1517832279205322; LogProcessCycleTimeCount = 11.0; EventCycleTimeSum = 1.43825364112854; SleepCycleTimeSum = 1917.060836315155; SleepCycleTimeAvg = 5.005380773668812; SleepCycleTimeStd = 0.05666293837994303; SleepCycleTimeMax = 5.983781099319458; EventCycleTimeCount = 383.0; EventCycleTimeAvg = 0.003755231438977911; ]
08/25/20 13:08:56 Reassigning the id of job preprocess1_py_ID0000001 from (9.0.0) to (-1.-1.-1)
08/25/20 13:08:56 Submitting HTCondor Node preprocess1_py_ID0000001 job(s)...
08/25/20 13:08:56 Adding a DAGMan workflow log /home/scitech/shared-data/CatsAndDogs/scitech/pegasus/Cats_and_Dogs/run0019/./Cats_and_Dogs-0.dag.nodes.log
08/25/20 13:08:56 Masking the events recorded in the DAGMAN workflow log
08/25/20 13:08:56 Mask for workflow log is 0,1,2,4,5,7,9,10,11,12,13,16,17,24,27,35,36
08/25/20 13:08:56 submitting: /usr/bin/condor_submit -a dag_node_name' '=' 'preprocess1_py_ID0000001 -a +DAGManJobId' '=' '1 -a DAGManJobId' '=' '1 -batch-name Cats_and_Dogs-0.dag+1 -a submit_event_notes' '=' 'DAG' 'Node:' 'preprocess1_py_ID0000001 -a dagman_log' '=' '/home/scitech/shared-data/CatsAndDogs/scitech/pegasus/Cats_and_Dogs/run0019/./Cats_and_Dogs-0.dag.nodes.log -a +DAGManNodesMask' '=' '"0,1,2,4,5,7,9,10,11,12,13,16,17,24,27,35,36" -a priority=20 -a +DAGNodeRetry' '=' '1 -a DAG_STATUS' '=' '0 -a FAILED_COUNT' '=' '0 -a +KeepClaimIdle' '=' '20 -a notification' '=' 'never -a +DAGParentNodeNames' '=' '"stage_in_remote_local_0_0,stage_in_local_local_0_0" 00/00/preprocess1_py_ID0000001.sub
08/25/20 13:08:56 From submit: Submitting job(s).
08/25/20 13:08:56 From submit: 1 job(s) submitted to cluster 10.
08/25/20 13:08:56 	assigned HTCondor ID (10.0.0)
08/25/20 13:08:56 Just submitted 1 job this cycle...
08/25/20 13:08:56 DAG status: 0 (DAG_STATUS_OK)
08/25/20 13:08:56 Of 29 nodes total:
08/25/20 13:08:56  Done     Pre   Queued    Post   Ready   Un-Ready   Failed
08/25/20 13:08:56   ===     ===      ===     ===     ===        ===      ===
08/25/20 13:08:56     7       0        1       0       0         21        0
08/25/20 13:08:56 1 job proc(s) currently held
08/25/20 13:08:56 DAGMan Runtime Statistics: [ EventCycleTimeStd = 0.0182643570442403; EventCycleTimeMax = 0.2473380565643311; SubmitCycleTimeMin = 0.0001890659332275391; SubmitCycleTimeAvg = 0.00280282652223265; SleepCycleTimeCount = 384.0; SubmitCycleTimeCount = 385.0; SubmitCycleTimeMax = 0.276839017868042; SleepCycleTimeMin = 4.857434988021851; SubmitCycleTimeSum = 1.07908821105957; LogProcessCycleTimeStd = 0.02030017663295448; SubmitCycleTimeStd = 0.02227880100715077; LogProcessCycleTimeAvg = 0.01379847526550293; EventCycleTimeMin = 0.0003769397735595703; LogProcessCycleTimeMax = 0.07381606101989746; LogProcessCycleTimeMin = 0.00363612174987793; LogProcessCycleTimeSum = 0.1517832279205322; LogProcessCycleTimeCount = 11.0; EventCycleTimeSum = 1.454560518264771; SleepCycleTimeSum = 1922.03333735466; SleepCycleTimeAvg = 5.005295149361094; SleepCycleTimeStd = 0.05661378711422115; SleepCycleTimeMax = 5.983781099319458; EventCycleTimeCount = 384.0; EventCycleTimeAvg = 0.003787918016314507; ]
08/25/20 13:09:01 Currently monitoring 1 HTCondor log file(s)
08/25/20 13:09:01 Reassigning the id of job preprocess1_py_ID0000001 from (10.0.0) to (10.0.0)
08/25/20 13:09:01 Event: ULOG_SUBMIT for HTCondor Node preprocess1_py_ID0000001 (10.0.0) {08/25/20 13:08:56}
08/25/20 13:09:01 Number of idle job procs: 1
08/25/20 13:09:06 Currently monitoring 1 HTCondor log file(s)
08/25/20 13:09:06 Event: ULOG_EXECUTE for HTCondor Node preprocess1_py_ID0000001 (10.0.0) {08/25/20 13:09:03}
08/25/20 13:09:06 Number of idle job procs: 0
08/25/20 13:09:06 Event: ULOG_SHADOW_EXCEPTION for HTCondor Node preprocess1_py_ID0000001 (10.0.0) {08/25/20 13:09:05}
08/25/20 13:09:06 Number of idle job procs: 1
08/25/20 13:09:06 Event: ULOG_JOB_HELD for HTCondor Node preprocess1_py_ID0000001 (10.0.0) {08/25/20 13:09:05}
08/25/20 13:09:06   Hold reason: Error from slot1@22fd9523b1ef: STARTER at 127.0.0.1 failed to send file(s) to <127.0.0.1:9618>: error reading from /var/lib/condor/execute/dir_13582/resized_Dog23.jpg: (errno 2) No such file or directory; SHADOW failed to receive file(s) from <127.0.0.1:34627>
08/25/20 13:09:06 Number of idle job procs: 1
08/25/20 13:09:06 DAG status: 0 (DAG_STATUS_OK)
08/25/20 13:09:06 Of 29 nodes total:
08/25/20 13:09:06  Done     Pre   Queued    Post   Ready   Un-Ready   Failed
08/25/20 13:09:06   ===     ===      ===     ===     ===        ===      ===
08/25/20 13:09:06     7       0        1       0       0         21        0
08/25/20 13:09:06 2 job proc(s) currently held
08/25/20 13:09:06 DAGMan Runtime Statistics: [ EventCycleTimeStd = 0.02311008990903672; EventCycleTimeMax = 0.2831771373748779; SubmitCycleTimeMin = 0.0001890659332275391; SubmitCycleTimeAvg = 0.002791333876222911; SleepCycleTimeCount = 386.0; SubmitCycleTimeCount = 387.0; SubmitCycleTimeMax = 0.276839017868042; SleepCycleTimeMin = 4.857434988021851; SubmitCycleTimeSum = 1.080246210098267; LogProcessCycleTimeStd = 0.01875423389030041; SubmitCycleTimeStd = 0.0222215866503493; LogProcessCycleTimeAvg = 0.01274450008685772; EventCycleTimeMin = 0.0003769397735595703; LogProcessCycleTimeMax = 0.07381606101989746; LogProcessCycleTimeMin = 0.00363612174987793; LogProcessCycleTimeSum = 0.1656785011291504; LogProcessCycleTimeCount = 13.0; EventCycleTimeSum = 1.74247670173645; SleepCycleTimeSum = 1932.045177221298; SleepCycleTimeAvg = 5.005298386583674; SleepCycleTimeStd = 0.0564665752625826; SleepCycleTimeMax = 5.983781099319458; EventCycleTimeCount = 386.0; EventCycleTimeAvg = 0.004514188346467487; ]
08/25/20 13:19:08 602 seconds since last log event
08/25/20 13:19:08 Pending DAG nodes:
08/25/20 13:19:08   Node preprocess1_py_ID0000001, HTCondor ID 10, status STATUS_SUBMITTED
08/25/20 13:29:08 1202 seconds since last log event
08/25/20 13:29:08 Pending DAG nodes:
08/25/20 13:29:08   Node preprocess1_py_ID0000001, HTCondor ID 10, status STATUS_SUBMITTED
08/25/20 13:39:08 1802 seconds since last log event
08/25/20 13:39:08 Pending DAG nodes:
08/25/20 13:39:08   Node preprocess1_py_ID0000001, HTCondor ID 10, status STATUS_SUBMITTED
08/25/20 13:40:03 Currently monitoring 1 HTCondor log file(s)
08/25/20 13:40:03 Event: ULOG_JOB_ABORTED for HTCondor Node preprocess1_py_ID0000001 (10.0.0) {08/25/20 13:40:00}
08/25/20 13:40:03 Number of idle job procs: 0
08/25/20 13:40:03 Node preprocess1_py_ID0000001 job completed
08/25/20 13:40:03 Running POST script of Node preprocess1_py_ID0000001...
08/25/20 13:40:03 Warning: mysin has length 0 (ignore if produced by DAGMan; see gittrac #4987, #5031)
08/25/20 13:40:03 DAG status: 0 (DAG_STATUS_OK)
08/25/20 13:40:03 Of 29 nodes total:
08/25/20 13:40:03  Done     Pre   Queued    Post   Ready   Un-Ready   Failed
08/25/20 13:40:03   ===     ===      ===     ===     ===        ===      ===
08/25/20 13:40:03     7       0        0       1       0         21        0
08/25/20 13:40:03 2 job proc(s) currently held
08/25/20 13:40:03 DAGMan Runtime Statistics: [ EventCycleTimeStd = 0.01656583346529818; EventCycleTimeMax = 0.2831771373748779; SubmitCycleTimeMin = 0.0001878738403320312; SubmitCycleTimeAvg = 0.001753527759562067; SleepCycleTimeCount = 757.0; SubmitCycleTimeCount = 758.0; SubmitCycleTimeMax = 0.276839017868042; SleepCycleTimeMin = 4.857434988021851; SubmitCycleTimeSum = 1.329174041748047; LogProcessCycleTimeStd = 0.01801931393540512; SubmitCycleTimeStd = 0.01590442746358091; LogProcessCycleTimeAvg = 0.01269830976213728; EventCycleTimeMin = 0.0003769397735595703; LogProcessCycleTimeMax = 0.07381606101989746; LogProcessCycleTimeMin = 0.00363612174987793; LogProcessCycleTimeSum = 0.1777763366699219; LogProcessCycleTimeCount = 14.0; EventCycleTimeSum = 2.407440662384033; SleepCycleTimeSum = 3788.44802737236; SleepCycleTimeAvg = 5.004554857823462; SleepCycleTimeStd = 0.05427679084703417; SleepCycleTimeMax = 5.983781099319458; EventCycleTimeCount = 757.0; EventCycleTimeAvg = 0.003180238655725275; ]
08/25/20 13:40:04 Initializing user log writer for /home/scitech/shared-data/CatsAndDogs/scitech/pegasus/Cats_and_Dogs/run0019/./Cats_and_Dogs-0.dag.nodes.log, (10.0.0)
08/25/20 13:40:08 Currently monitoring 1 HTCondor log file(s)
08/25/20 13:40:08 Event: ULOG_POST_SCRIPT_TERMINATED for HTCondor Node preprocess1_py_ID0000001 (10.0.0) {08/25/20 13:40:04}
08/25/20 13:40:08 POST Script of node preprocess1_py_ID0000001 failed with status 1
08/25/20 13:40:08 POST for Node preprocess1_py_ID0000001 returned 1
08/25/20 13:40:08 DAG status: 2 (DAG_STATUS_NODE_FAILED)
08/25/20 13:40:08 Of 29 nodes total:
08/25/20 13:40:08  Done     Pre   Queued    Post   Ready   Un-Ready   Failed
08/25/20 13:40:08   ===     ===      ===     ===     ===        ===      ===
08/25/20 13:40:08     7       0        0       0       0         21        1
08/25/20 13:40:08 2 job proc(s) currently held
08/25/20 13:40:08 DAGMan Runtime Statistics: [ EventCycleTimeStd = 0.01657563841055213; EventCycleTimeMax = 0.2831771373748779; SubmitCycleTimeMin = 0.0001878738403320312; SubmitCycleTimeAvg = 0.001752906480168479; SleepCycleTimeCount = 758.0; SubmitCycleTimeCount = 759.0; SubmitCycleTimeMax = 0.276839017868042; SleepCycleTimeMin = 4.182393074035645; SubmitCycleTimeSum = 1.330456018447876; LogProcessCycleTimeStd = 0.01746767580330844; SubmitCycleTimeStd = 0.01589394217029767; LogProcessCycleTimeAvg = 0.01220728556315104; EventCycleTimeMin = 0.0003769397735595703; LogProcessCycleTimeMax = 0.07381606101989746; LogProcessCycleTimeMin = 0.00363612174987793; LogProcessCycleTimeSum = 0.1831092834472656; LogProcessCycleTimeCount = 15.0; EventCycleTimeSum = 2.433448553085327; SleepCycleTimeSum = 3792.630420446396; SleepCycleTimeAvg = 5.003470211670707; SleepCycleTimeStd = 0.06191795379615164; SleepCycleTimeMax = 5.983781099319458; EventCycleTimeCount = 758.0; EventCycleTimeAvg = 0.003210354291669297; ]
08/25/20 13:40:08 ERROR: the following job(s) failed:
08/25/20 13:40:08 ---------------------- Job ----------------------
08/25/20 13:40:08       Node Name: preprocess1_py_ID0000001
08/25/20 13:40:08            Noop: false
08/25/20 13:40:08          NodeID: 7
08/25/20 13:40:08     Node Status: STATUS_ERROR    
08/25/20 13:40:08 Node return val: 1
08/25/20 13:40:08           Error: Job failed due to DAGMAN error -1002 and POST Script failed with status 1 (after 1 node retries)
08/25/20 13:40:08 Job Submit File: 00/00/preprocess1_py_ID0000001.sub
08/25/20 13:40:08     POST Script: /home/scitech/pegasus/dist/pegasus-5.0.0dev/bin/pegasus-exitcode  -s PegasusLite:+exitcode+0 -l Cats_and_Dogs-0.exitcode.log -M Cats_and_Dogs-0.cache.meta  .//00/00/preprocess1_py_ID0000001.out
08/25/20 13:40:08           Retry: 1
08/25/20 13:40:08  HTCondor Job ID: (10.0.0)
08/25/20 13:40:08       Q_PARENTS: stage_in_remote_local_0_0, stage_in_local_local_0_0, <END>
08/25/20 13:40:08       Q_WAITING: <END>
08/25/20 13:40:08      Q_CHILDREN: Augmentation_py_ID0000002, clean_up_local_level_3_0, stage_out_local_local_0_0, Data_Split_py_ID0000003, <END>
08/25/20 13:40:08 ---------------------------------------	<END>
08/25/20 13:40:08 Aborting DAG...
08/25/20 13:40:08 Writing Rescue DAG to Cats_and_Dogs-0.dag.rescue001...
08/25/20 13:40:08 Removing submitted jobs...
08/25/20 13:40:08 Removing any/all submitted HTCondor jobs...
08/25/20 13:40:08 Running: /usr/bin/condor_rm -const DAGManJobId' '=?=' '1
08/25/20 13:40:08 Note: 0 total job deferrals because of -MaxJobs limit (0)
08/25/20 13:40:08 Note: 0 total job deferrals because of -MaxIdle limit (1000)
08/25/20 13:40:08 Note: 0 total job deferrals because of node category throttles
08/25/20 13:40:08 Note: 0 total PRE script deferrals because of -MaxPre limit (20) or DEFER
08/25/20 13:40:08 Note: 0 total POST script deferrals because of -MaxPost limit (20) or DEFER
08/25/20 13:40:08 DAG status: 2 (DAG_STATUS_NODE_FAILED)
08/25/20 13:40:08 Of 29 nodes total:
08/25/20 13:40:08  Done     Pre   Queued    Post   Ready   Un-Ready   Failed
08/25/20 13:40:08   ===     ===      ===     ===     ===        ===      ===
08/25/20 13:40:08     7       0        0       0       0         21        1
08/25/20 13:40:08 2 job proc(s) currently held
08/25/20 13:40:08 DAGMan Runtime Statistics: [ EventCycleTimeStd = 0.01657563841055213; EventCycleTimeMax = 0.2831771373748779; SubmitCycleTimeMin = 0.0001878738403320312; SubmitCycleTimeAvg = 0.001752906480168479; SleepCycleTimeCount = 758.0; SubmitCycleTimeCount = 759.0; SubmitCycleTimeMax = 0.276839017868042; SleepCycleTimeMin = 4.182393074035645; SubmitCycleTimeSum = 1.330456018447876; LogProcessCycleTimeStd = 0.01746767580330844; SubmitCycleTimeStd = 0.01589394217029767; LogProcessCycleTimeAvg = 0.01220728556315104; EventCycleTimeMin = 0.0003769397735595703; LogProcessCycleTimeMax = 0.07381606101989746; LogProcessCycleTimeMin = 0.00363612174987793; LogProcessCycleTimeSum = 0.1831092834472656; LogProcessCycleTimeCount = 15.0; EventCycleTimeSum = 2.433448553085327; SleepCycleTimeSum = 3792.630420446396; SleepCycleTimeAvg = 5.003470211670707; SleepCycleTimeStd = 0.06191795379615164; SleepCycleTimeMax = 5.983781099319458; EventCycleTimeCount = 758.0; EventCycleTimeAvg = 0.003210354291669297; ]
08/25/20 13:40:08 Wrote metrics file Cats_and_Dogs-0.dag.metrics.
08/25/20 13:40:08 Reporting metrics to Pegasus metrics server(s); output is in Cats_and_Dogs-0.dag.metrics.out.
08/25/20 13:40:08 Running command </usr/libexec/condor/condor_dagman_metrics_reporter -f Cats_and_Dogs-0.dag.metrics -t 100>
08/25/20 13:40:08 Warning: mysin has length 0 (ignore if produced by DAGMan; see gittrac #4987, #5031)
08/25/20 13:40:08 DAGMan Runtime Statistics: [ EventCycleTimeStd = 0.01657563841055213; EventCycleTimeMax = 0.2831771373748779; SubmitCycleTimeMin = 0.0001878738403320312; SubmitCycleTimeAvg = 0.001752906480168479; SleepCycleTimeCount = 758.0; SubmitCycleTimeCount = 759.0; SubmitCycleTimeMax = 0.276839017868042; SleepCycleTimeMin = 4.182393074035645; SubmitCycleTimeSum = 1.330456018447876; LogProcessCycleTimeStd = 0.01746767580330844; SubmitCycleTimeStd = 0.01589394217029767; LogProcessCycleTimeAvg = 0.01220728556315104; EventCycleTimeMin = 0.0003769397735595703; LogProcessCycleTimeMax = 0.07381606101989746; LogProcessCycleTimeMin = 0.00363612174987793; LogProcessCycleTimeSum = 0.1831092834472656; LogProcessCycleTimeCount = 15.0; EventCycleTimeSum = 2.433448553085327; SleepCycleTimeSum = 3792.630420446396; SleepCycleTimeAvg = 5.003470211670707; SleepCycleTimeStd = 0.06191795379615164; SleepCycleTimeMax = 5.983781099319458; EventCycleTimeCount = 758.0; EventCycleTimeAvg = 0.003210354291669297; ]
08/25/20 13:40:08 **** condor_scheduniv_exec.1.0 (condor_DAGMAN) pid 2824 EXITING WITH STATUS 1
