07/20/20 10:16:54 ******************************************************
07/20/20 10:16:54 ** condor_scheduniv_exec.1.0 (CONDOR_DAGMAN) STARTING UP
07/20/20 10:16:54 ** /usr/bin/condor_dagman
07/20/20 10:16:54 ** SubsystemInfo: name=DAGMAN type=DAGMAN(10) class=DAEMON(1)
07/20/20 10:16:54 ** Configuration: subsystem:DAGMAN local:<NONE> class:DAEMON
07/20/20 10:16:54 ** $CondorVersion: 8.8.9 May 06 2020 BuildID: 503068 PackageID: 8.8.9-1 $
07/20/20 10:16:54 ** $CondorPlatform: x86_64_CentOS7 $
07/20/20 10:16:54 ** PID = 646
07/20/20 10:16:54 ** Log last touched time unavailable (No such file or directory)
07/20/20 10:16:54 ******************************************************
07/20/20 10:16:54 Using config source: /etc/condor/condor_config
07/20/20 10:16:54 Using local config sources: 
07/20/20 10:16:54    /etc/condor/config.d/00-minicondor
07/20/20 10:16:54    /etc/condor/condor_config.local
07/20/20 10:16:54 config Macros = 81, Sorted = 81, StringBytes = 2261, TablesBytes = 2964
07/20/20 10:16:54 CLASSAD_CACHING is ENABLED
07/20/20 10:16:54 Daemon Log is logging: D_ALWAYS D_ERROR
07/20/20 10:16:54 DaemonCore: No command port requested.
07/20/20 10:16:54 DAGMAN_USE_STRICT setting: 1
07/20/20 10:16:54 DAGMAN_VERBOSITY setting: 3
07/20/20 10:16:54 DAGMAN_DEBUG_CACHE_SIZE setting: 5242880
07/20/20 10:16:54 DAGMAN_DEBUG_CACHE_ENABLE setting: False
07/20/20 10:16:54 DAGMAN_SUBMIT_DELAY setting: 0
07/20/20 10:16:54 DAGMAN_MAX_SUBMIT_ATTEMPTS setting: 6
07/20/20 10:16:54 DAGMAN_STARTUP_CYCLE_DETECT setting: False
07/20/20 10:16:54 DAGMAN_MAX_SUBMITS_PER_INTERVAL setting: 100
07/20/20 10:16:54 DAGMAN_AGGRESSIVE_SUBMIT setting: False
07/20/20 10:16:54 DAGMAN_USER_LOG_SCAN_INTERVAL setting: 5
07/20/20 10:16:54 DAGMAN_QUEUE_UPDATE_INTERVAL setting: 300
07/20/20 10:16:54 DAGMAN_DEFAULT_PRIORITY setting: 0
07/20/20 10:16:54 DAGMAN_SUPPRESS_NOTIFICATION setting: True
07/20/20 10:16:54 allow_events (DAGMAN_ALLOW_EVENTS) setting: 114
07/20/20 10:16:54 DAGMAN_RETRY_SUBMIT_FIRST setting: True
07/20/20 10:16:54 DAGMAN_RETRY_NODE_FIRST setting: False
07/20/20 10:16:54 DAGMAN_MAX_JOBS_IDLE setting: 1000
07/20/20 10:16:54 DAGMAN_MAX_JOBS_SUBMITTED setting: 0
07/20/20 10:16:54 DAGMAN_MAX_PRE_SCRIPTS setting: 20
07/20/20 10:16:54 DAGMAN_MAX_POST_SCRIPTS setting: 20
07/20/20 10:16:54 DAGMAN_MUNGE_NODE_NAMES setting: True
07/20/20 10:16:54 DAGMAN_PROHIBIT_MULTI_JOBS setting: False
07/20/20 10:16:54 DAGMAN_SUBMIT_DEPTH_FIRST setting: False
07/20/20 10:16:54 DAGMAN_ALWAYS_RUN_POST setting: False
07/20/20 10:16:54 DAGMAN_CONDOR_SUBMIT_EXE setting: /usr/bin/condor_submit
07/20/20 10:16:54 DAGMAN_USE_CONDOR_SUBMIT setting: True
07/20/20 10:16:54 DAGMAN_ABORT_DUPLICATES setting: True
07/20/20 10:16:54 DAGMAN_ABORT_ON_SCARY_SUBMIT setting: True
07/20/20 10:16:54 DAGMAN_PENDING_REPORT_INTERVAL setting: 600
07/20/20 10:16:54 DAGMAN_AUTO_RESCUE setting: True
07/20/20 10:16:54 DAGMAN_MAX_RESCUE_NUM setting: 100
07/20/20 10:16:54 DAGMAN_WRITE_PARTIAL_RESCUE setting: True
07/20/20 10:16:54 DAGMAN_DEFAULT_NODE_LOG setting: @(DAG_DIR)/@(DAG_FILE).nodes.log
07/20/20 10:16:54 DAGMAN_GENERATE_SUBDAG_SUBMITS setting: True
07/20/20 10:16:54 DAGMAN_MAX_JOB_HOLDS setting: 100
07/20/20 10:16:54 DAGMAN_HOLD_CLAIM_TIME setting: 20
07/20/20 10:16:54 ALL_DEBUG setting: 
07/20/20 10:16:54 DAGMAN_DEBUG setting: 
07/20/20 10:16:54 DAGMAN_SUPPRESS_JOB_LOGS setting: False
07/20/20 10:16:54 DAGMAN_REMOVE_NODE_JOBS setting: True
07/20/20 10:16:54 argv[0] == "condor_scheduniv_exec.1.0"
07/20/20 10:16:54 argv[1] == "-Lockfile"
07/20/20 10:16:54 argv[2] == "checkpoint-wf-0.dag.lock"
07/20/20 10:16:54 argv[3] == "-AutoRescue"
07/20/20 10:16:54 argv[4] == "1"
07/20/20 10:16:54 argv[5] == "-DoRescueFrom"
07/20/20 10:16:54 argv[6] == "0"
07/20/20 10:16:54 argv[7] == "-Dag"
07/20/20 10:16:54 argv[8] == "checkpoint-wf-0.dag"
07/20/20 10:16:54 argv[9] == "-MaxPost"
07/20/20 10:16:54 argv[10] == "20"
07/20/20 10:16:54 argv[11] == "-Suppress_notification"
07/20/20 10:16:54 argv[12] == "-CsdVersion"
07/20/20 10:16:54 argv[13] == "$CondorVersion: 8.8.9 May 06 2020 BuildID: 503068 PackageID: 8.8.9-1 $"
07/20/20 10:16:54 argv[14] == "-Dagman"
07/20/20 10:16:54 argv[15] == "/bin/condor_dagman"
07/20/20 10:16:54 Workflow batch-name: <checkpoint-wf-0.dag+1>
07/20/20 10:16:54 Workflow accounting_group: <>
07/20/20 10:16:54 Workflow accounting_group_user: <>
07/20/20 10:16:54 Warning: failed to get attribute DAGNodeName
07/20/20 10:16:54 DAGMAN_LOG_ON_NFS_IS_ERROR setting: False
07/20/20 10:16:54 Default node log file is: </home/scitech/shared-data/sample-checkpoint-condorio-wf/scitech/pegasus/checkpoint-wf/run0002/./checkpoint-wf-0.dag.nodes.log>
07/20/20 10:16:54 DAG Lockfile will be written to checkpoint-wf-0.dag.lock
07/20/20 10:16:54 DAG Input file is checkpoint-wf-0.dag
07/20/20 10:16:54 Parsing 1 dagfiles
07/20/20 10:16:54 Parsing checkpoint-wf-0.dag ...
07/20/20 10:16:54 Warning:  could not open Pegasus braindump file braindump.txt
07/20/20 10:16:54 Dag contains 9 total jobs
07/20/20 10:16:54 Sleeping for 3 seconds to ensure ProcessId uniqueness
07/20/20 10:16:57 Bootstrapping...
07/20/20 10:16:57 Number of pre-completed nodes: 0
07/20/20 10:16:57 MultiLogFiles: truncating log file /home/scitech/shared-data/sample-checkpoint-condorio-wf/scitech/pegasus/checkpoint-wf/run0002/./checkpoint-wf-0.dag.nodes.log
07/20/20 10:16:57 DAG status: 0 (DAG_STATUS_OK)
07/20/20 10:16:57 Of 9 nodes total:
07/20/20 10:16:57  Done     Pre   Queued    Post   Ready   Un-Ready   Failed
07/20/20 10:16:57   ===     ===      ===     ===     ===        ===      ===
07/20/20 10:16:57     0       0        0       0       1          8        0
07/20/20 10:16:57 0 job proc(s) currently held
07/20/20 10:16:57 DAGMan Runtime Statistics: [ EventCycleTimeSum = 0.0; EventCycleTimeCount = 0.0; SleepCycleTimeCount = 0.0; SubmitCycleTimeSum = 0.0; SubmitCycleTimeCount = 0.0; LogProcessCycleTimeSum = 0.0; SleepCycleTimeSum = 0.0; LogProcessCycleTimeCount = 0.0; ]
07/20/20 10:16:57 Registering condor_event_timer...
07/20/20 10:16:58 Submitting HTCondor Node create_dir_checkpoint-wf_0_local job(s)...
07/20/20 10:16:58 Adding a DAGMan workflow log /home/scitech/shared-data/sample-checkpoint-condorio-wf/scitech/pegasus/checkpoint-wf/run0002/./checkpoint-wf-0.dag.nodes.log
07/20/20 10:16:58 Masking the events recorded in the DAGMAN workflow log
07/20/20 10:16:58 Mask for workflow log is 0,1,2,4,5,7,9,10,11,12,13,16,17,24,27,35,36
07/20/20 10:16:58 submitting: /usr/bin/condor_submit -a dag_node_name' '=' 'create_dir_checkpoint-wf_0_local -a +DAGManJobId' '=' '1 -a DAGManJobId' '=' '1 -batch-name checkpoint-wf-0.dag+1 -a submit_event_notes' '=' 'DAG' 'Node:' 'create_dir_checkpoint-wf_0_local -a dagman_log' '=' '/home/scitech/shared-data/sample-checkpoint-condorio-wf/scitech/pegasus/checkpoint-wf/run0002/./checkpoint-wf-0.dag.nodes.log -a +DAGManNodesMask' '=' '"0,1,2,4,5,7,9,10,11,12,13,16,17,24,27,35,36" -a priority=800 -a +DAGNodeRetry' '=' '0 -a DAG_STATUS' '=' '0 -a FAILED_COUNT' '=' '0 -a +KeepClaimIdle' '=' '20 -a notification' '=' 'never -a +DAGParentNodeNames' '=' '"" 00/00/create_dir_checkpoint-wf_0_local.sub
07/20/20 10:16:58 From submit: Submitting job(s).
07/20/20 10:16:58 From submit: 1 job(s) submitted to cluster 2.
07/20/20 10:16:58 	assigned HTCondor ID (2.0.0)
07/20/20 10:16:58 Just submitted 1 job this cycle...
07/20/20 10:16:58 DAG status: 0 (DAG_STATUS_OK)
07/20/20 10:16:58 Of 9 nodes total:
07/20/20 10:16:58  Done     Pre   Queued    Post   Ready   Un-Ready   Failed
07/20/20 10:16:58   ===     ===      ===     ===     ===        ===      ===
07/20/20 10:16:58     0       0        1       0       0          8        0
07/20/20 10:16:58 0 job proc(s) currently held
07/20/20 10:16:58 DAGMan Runtime Statistics: [ EventCycleTimeCount = 0.0; EventCycleTimeSum = 0.0; LogProcessCycleTimeCount = 0.0; SleepCycleTimeSum = 0.0; LogProcessCycleTimeSum = 0.0; SubmitCycleTimeCount = 1.0; SubmitCycleTimeMax = 0.05712294578552246; SubmitCycleTimeMin = 0.05712294578552246; SubmitCycleTimeAvg = 0.05712294578552246; SubmitCycleTimeStd = 0.05712294578552246; SubmitCycleTimeSum = 0.05712294578552246; SleepCycleTimeCount = 0.0; ]
07/20/20 10:17:03 Currently monitoring 1 HTCondor log file(s)
07/20/20 10:17:03 Reassigning the id of job create_dir_checkpoint-wf_0_local from (2.0.0) to (2.0.0)
07/20/20 10:17:03 Event: ULOG_SUBMIT for HTCondor Node create_dir_checkpoint-wf_0_local (2.0.0) {07/20/20 10:16:58}
07/20/20 10:17:03 Number of idle job procs: 1
07/20/20 10:17:03 Event: ULOG_EXECUTE for HTCondor Node create_dir_checkpoint-wf_0_local (2.0.0) {07/20/20 10:16:59}
07/20/20 10:17:03 Number of idle job procs: 0
07/20/20 10:17:03 Event: ULOG_JOB_TERMINATED for HTCondor Node create_dir_checkpoint-wf_0_local (2.0.0) {07/20/20 10:17:01}
07/20/20 10:17:03 Number of idle job procs: 0
07/20/20 10:17:03 Node create_dir_checkpoint-wf_0_local job proc (2.0.0) completed successfully.
07/20/20 10:17:03 Node create_dir_checkpoint-wf_0_local job completed
07/20/20 10:17:03 Running POST script of Node create_dir_checkpoint-wf_0_local...
07/20/20 10:17:03 Warning: mysin has length 0 (ignore if produced by DAGMan; see gittrac #4987, #5031)
07/20/20 10:17:03 DAG status: 0 (DAG_STATUS_OK)
07/20/20 10:17:03 Of 9 nodes total:
07/20/20 10:17:03  Done     Pre   Queued    Post   Ready   Un-Ready   Failed
07/20/20 10:17:03   ===     ===      ===     ===     ===        ===      ===
07/20/20 10:17:03     0       0        0       1       0          8        0
07/20/20 10:17:03 0 job proc(s) currently held
07/20/20 10:17:03 DAGMan Runtime Statistics: [ EventCycleTimeStd = 0.06453084945678711; EventCycleTimeMax = 0.06453084945678711; SubmitCycleTimeMin = 0.0009520053863525391; SubmitCycleTimeAvg = 0.0290374755859375; SleepCycleTimeCount = 1.0; SubmitCycleTimeCount = 2.0; SubmitCycleTimeMax = 0.05712294578552246; SleepCycleTimeMin = 5.007898092269897; SubmitCycleTimeSum = 0.058074951171875; LogProcessCycleTimeStd = 0.01670718193054199; SubmitCycleTimeStd = 0.03971885286187845; LogProcessCycleTimeAvg = 0.01670718193054199; EventCycleTimeMin = 0.06453084945678711; LogProcessCycleTimeMax = 0.01670718193054199; LogProcessCycleTimeMin = 0.01670718193054199; LogProcessCycleTimeSum = 0.01670718193054199; LogProcessCycleTimeCount = 1.0; EventCycleTimeSum = 0.06453084945678711; SleepCycleTimeSum = 5.007898092269897; SleepCycleTimeAvg = 5.007898092269897; SleepCycleTimeStd = 5.007898092269897; SleepCycleTimeMax = 5.007898092269897; EventCycleTimeCount = 1.0; EventCycleTimeAvg = 0.06453084945678711; ]
07/20/20 10:17:03 Initializing user log writer for /home/scitech/shared-data/sample-checkpoint-condorio-wf/scitech/pegasus/checkpoint-wf/run0002/./checkpoint-wf-0.dag.nodes.log, (2.0.0)
07/20/20 10:17:08 Currently monitoring 1 HTCondor log file(s)
07/20/20 10:17:08 Event: ULOG_POST_SCRIPT_TERMINATED for HTCondor Node create_dir_checkpoint-wf_0_local (2.0.0) {07/20/20 10:17:03}
07/20/20 10:17:08 POST Script of node create_dir_checkpoint-wf_0_local completed successfully.
07/20/20 10:17:08 DAG status: 0 (DAG_STATUS_OK)
07/20/20 10:17:08 Of 9 nodes total:
07/20/20 10:17:08  Done     Pre   Queued    Post   Ready   Un-Ready   Failed
07/20/20 10:17:08   ===     ===      ===     ===     ===        ===      ===
07/20/20 10:17:08     1       0        0       0       2          6        0
07/20/20 10:17:08 0 job proc(s) currently held
07/20/20 10:17:08 DAGMan Runtime Statistics: [ EventCycleTimeStd = 0.02896365147147447; EventCycleTimeMax = 0.06453084945678711; SubmitCycleTimeMin = 0.0005609989166259766; SubmitCycleTimeAvg = 0.01954531669616699; SleepCycleTimeCount = 2.0; SubmitCycleTimeCount = 3.0; SubmitCycleTimeMax = 0.05712294578552246; SleepCycleTimeMin = 5.007898092269897; SubmitCycleTimeSum = 0.05863595008850098; LogProcessCycleTimeStd = 0.00990889267230523; SubmitCycleTimeStd = 0.03254376864313233; LogProcessCycleTimeAvg = 0.009700536727905273; EventCycleTimeMin = 0.02357006072998047; LogProcessCycleTimeMax = 0.01670718193054199; LogProcessCycleTimeMin = 0.002693891525268555; LogProcessCycleTimeSum = 0.01940107345581055; LogProcessCycleTimeCount = 2.0; EventCycleTimeSum = 0.08810091018676758; SleepCycleTimeSum = 10.23122096061707; SleepCycleTimeAvg = 5.115610480308533; SleepCycleTimeStd = 0.1523283199998315; SleepCycleTimeMax = 5.223322868347168; EventCycleTimeCount = 2.0; EventCycleTimeAvg = 0.04405045509338379; ]
07/20/20 10:17:13 Submitting HTCondor Node stage_in_remote_local_0_0 job(s)...
07/20/20 10:17:13 Adding a DAGMan workflow log /home/scitech/shared-data/sample-checkpoint-condorio-wf/scitech/pegasus/checkpoint-wf/run0002/./checkpoint-wf-0.dag.nodes.log
07/20/20 10:17:13 Masking the events recorded in the DAGMAN workflow log
07/20/20 10:17:13 Mask for workflow log is 0,1,2,4,5,7,9,10,11,12,13,16,17,24,27,35,36
07/20/20 10:17:13 submitting: /usr/bin/condor_submit -a dag_node_name' '=' 'stage_in_remote_local_0_0 -a +DAGManJobId' '=' '1 -a DAGManJobId' '=' '1 -batch-name checkpoint-wf-0.dag+1 -a submit_event_notes' '=' 'DAG' 'Node:' 'stage_in_remote_local_0_0 -a dagman_log' '=' '/home/scitech/shared-data/sample-checkpoint-condorio-wf/scitech/pegasus/checkpoint-wf/run0002/./checkpoint-wf-0.dag.nodes.log -a +DAGManNodesMask' '=' '"0,1,2,4,5,7,9,10,11,12,13,16,17,24,27,35,36" -a priority=700 -a +DAGNodeRetry' '=' '0 -a DAG_STATUS' '=' '0 -a FAILED_COUNT' '=' '0 -a +KeepClaimIdle' '=' '20 -a notification' '=' 'never -a +DAGParentNodeNames' '=' '"create_dir_checkpoint-wf_0_local" 00/00/stage_in_remote_local_0_0.sub
07/20/20 10:17:13 From submit: Submitting job(s).
07/20/20 10:17:13 From submit: 1 job(s) submitted to cluster 3.
07/20/20 10:17:13 	assigned HTCondor ID (3.0.0)
07/20/20 10:17:13 Submitting HTCondor Node stage_in_local_local_0_0 job(s)...
07/20/20 10:17:13 Adding a DAGMan workflow log /home/scitech/shared-data/sample-checkpoint-condorio-wf/scitech/pegasus/checkpoint-wf/run0002/./checkpoint-wf-0.dag.nodes.log
07/20/20 10:17:13 Masking the events recorded in the DAGMAN workflow log
07/20/20 10:17:13 Mask for workflow log is 0,1,2,4,5,7,9,10,11,12,13,16,17,24,27,35,36
07/20/20 10:17:13 submitting: /usr/bin/condor_submit -a dag_node_name' '=' 'stage_in_local_local_0_0 -a +DAGManJobId' '=' '1 -a DAGManJobId' '=' '1 -batch-name checkpoint-wf-0.dag+1 -a submit_event_notes' '=' 'DAG' 'Node:' 'stage_in_local_local_0_0 -a dagman_log' '=' '/home/scitech/shared-data/sample-checkpoint-condorio-wf/scitech/pegasus/checkpoint-wf/run0002/./checkpoint-wf-0.dag.nodes.log -a +DAGManNodesMask' '=' '"0,1,2,4,5,7,9,10,11,12,13,16,17,24,27,35,36" -a priority=700 -a +DAGNodeRetry' '=' '0 -a DAG_STATUS' '=' '0 -a FAILED_COUNT' '=' '0 -a +KeepClaimIdle' '=' '20 -a notification' '=' 'never -a +DAGParentNodeNames' '=' '"create_dir_checkpoint-wf_0_local" 00/00/stage_in_local_local_0_0.sub
07/20/20 10:17:13 From submit: Submitting job(s).
07/20/20 10:17:13 From submit: 1 job(s) submitted to cluster 4.
07/20/20 10:17:13 	assigned HTCondor ID (4.0.0)
07/20/20 10:17:13 Just submitted 2 jobs this cycle...
07/20/20 10:17:13 DAG status: 0 (DAG_STATUS_OK)
07/20/20 10:17:13 Of 9 nodes total:
07/20/20 10:17:13  Done     Pre   Queued    Post   Ready   Un-Ready   Failed
07/20/20 10:17:13   ===     ===      ===     ===     ===        ===      ===
07/20/20 10:17:13     1       0        2       0       0          6        0
07/20/20 10:17:13 0 job proc(s) currently held
07/20/20 10:17:13 DAGMan Runtime Statistics: [ EventCycleTimeStd = 0.02953091723306189; EventCycleTimeMax = 0.06453084945678711; SubmitCycleTimeMin = 0.0005609989166259766; SubmitCycleTimeAvg = 0.03495949506759644; SleepCycleTimeCount = 3.0; SubmitCycleTimeCount = 4.0; SubmitCycleTimeMax = 0.08120203018188477; SleepCycleTimeMin = 5.004839181900024; SubmitCycleTimeSum = 0.1398379802703857; LogProcessCycleTimeStd = 0.00990889267230523; SubmitCycleTimeStd = 0.04069953518731455; LogProcessCycleTimeAvg = 0.009700536727905273; EventCycleTimeMin = 0.007200956344604492; LogProcessCycleTimeMax = 0.01670718193054199; LogProcessCycleTimeMin = 0.002693891525268555; LogProcessCycleTimeSum = 0.01940107345581055; LogProcessCycleTimeCount = 2.0; EventCycleTimeSum = 0.09530186653137207; SleepCycleTimeSum = 15.23606014251709; SleepCycleTimeAvg = 5.078686714172363; SleepCycleTimeStd = 0.1252679210892443; SleepCycleTimeMax = 5.223322868347168; EventCycleTimeCount = 3.0; EventCycleTimeAvg = 0.03176728884379069; ]
07/20/20 10:17:18 Currently monitoring 1 HTCondor log file(s)
07/20/20 10:17:18 Reassigning the id of job stage_in_remote_local_0_0 from (3.0.0) to (3.0.0)
07/20/20 10:17:18 Event: ULOG_SUBMIT for HTCondor Node stage_in_remote_local_0_0 (3.0.0) {07/20/20 10:17:13}
07/20/20 10:17:18 Number of idle job procs: 1
07/20/20 10:17:18 Reassigning the id of job stage_in_local_local_0_0 from (4.0.0) to (4.0.0)
07/20/20 10:17:18 Event: ULOG_SUBMIT for HTCondor Node stage_in_local_local_0_0 (4.0.0) {07/20/20 10:17:13}
07/20/20 10:17:18 Number of idle job procs: 2
07/20/20 10:17:18 Event: ULOG_EXECUTE for HTCondor Node stage_in_local_local_0_0 (4.0.0) {07/20/20 10:17:16}
07/20/20 10:17:18 Number of idle job procs: 1
07/20/20 10:17:18 Event: ULOG_EXECUTE for HTCondor Node stage_in_remote_local_0_0 (3.0.0) {07/20/20 10:17:16}
07/20/20 10:17:18 Number of idle job procs: 0
07/20/20 10:17:18 Event: ULOG_JOB_TERMINATED for HTCondor Node stage_in_remote_local_0_0 (3.0.0) {07/20/20 10:17:18}
07/20/20 10:17:18 Number of idle job procs: 0
07/20/20 10:17:18 Node stage_in_remote_local_0_0 job proc (3.0.0) completed successfully.
07/20/20 10:17:18 Node stage_in_remote_local_0_0 job completed
07/20/20 10:17:18 Running POST script of Node stage_in_remote_local_0_0...
07/20/20 10:17:18 Warning: mysin has length 0 (ignore if produced by DAGMan; see gittrac #4987, #5031)
07/20/20 10:17:18 Event: ULOG_JOB_TERMINATED for HTCondor Node stage_in_local_local_0_0 (4.0.0) {07/20/20 10:17:18}
07/20/20 10:17:18 Number of idle job procs: 0
07/20/20 10:17:18 Node stage_in_local_local_0_0 job proc (4.0.0) completed successfully.
07/20/20 10:17:18 Node stage_in_local_local_0_0 job completed
07/20/20 10:17:18 Running POST script of Node stage_in_local_local_0_0...
07/20/20 10:17:18 Warning: mysin has length 0 (ignore if produced by DAGMan; see gittrac #4987, #5031)
07/20/20 10:17:18 DAG status: 0 (DAG_STATUS_OK)
07/20/20 10:17:18 Of 9 nodes total:
07/20/20 10:17:18  Done     Pre   Queued    Post   Ready   Un-Ready   Failed
07/20/20 10:17:18   ===     ===      ===     ===     ===        ===      ===
07/20/20 10:17:18     1       0        0       2       0          6        0
07/20/20 10:17:18 0 job proc(s) currently held
07/20/20 10:17:18 DAGMan Runtime Statistics: [ EventCycleTimeStd = 0.03601482341131332; EventCycleTimeMax = 0.08527183532714844; SubmitCycleTimeMin = 0.0005609989166259766; SubmitCycleTimeAvg = 0.02809882164001465; SleepCycleTimeCount = 4.0; SubmitCycleTimeCount = 5.0; SubmitCycleTimeMax = 0.08120203018188477; SleepCycleTimeMin = 5.004839181900024; SubmitCycleTimeSum = 0.1404941082000732; LogProcessCycleTimeStd = 0.01238497363929104; SubmitCycleTimeStd = 0.03844064675245755; LogProcessCycleTimeAvg = 0.01559670766194662; EventCycleTimeMin = 0.007200956344604492; LogProcessCycleTimeMax = 0.0273890495300293; LogProcessCycleTimeMin = 0.002693891525268555; LogProcessCycleTimeSum = 0.04679012298583984; LogProcessCycleTimeCount = 3.0; EventCycleTimeSum = 0.1805737018585205; SleepCycleTimeSum = 20.24196124076843; SleepCycleTimeAvg = 5.060490310192108; SleepCycleTimeStd = 0.1085624451975206; SleepCycleTimeMax = 5.223322868347168; EventCycleTimeCount = 4.0; EventCycleTimeAvg = 0.04514342546463013; ]
07/20/20 10:17:19 Initializing user log writer for /home/scitech/shared-data/sample-checkpoint-condorio-wf/scitech/pegasus/checkpoint-wf/run0002/./checkpoint-wf-0.dag.nodes.log, (4.0.0)
07/20/20 10:17:19 Initializing user log writer for /home/scitech/shared-data/sample-checkpoint-condorio-wf/scitech/pegasus/checkpoint-wf/run0002/./checkpoint-wf-0.dag.nodes.log, (3.0.0)
07/20/20 10:17:23 Currently monitoring 1 HTCondor log file(s)
07/20/20 10:17:23 Event: ULOG_POST_SCRIPT_TERMINATED for HTCondor Node stage_in_local_local_0_0 (4.0.0) {07/20/20 10:17:19}
07/20/20 10:17:23 POST Script of node stage_in_local_local_0_0 completed successfully.
07/20/20 10:17:23 Event: ULOG_POST_SCRIPT_TERMINATED for HTCondor Node stage_in_remote_local_0_0 (3.0.0) {07/20/20 10:17:19}
07/20/20 10:17:23 POST Script of node stage_in_remote_local_0_0 completed successfully.
07/20/20 10:17:23 DAG status: 0 (DAG_STATUS_OK)
07/20/20 10:17:23 Of 9 nodes total:
07/20/20 10:17:23  Done     Pre   Queued    Post   Ready   Un-Ready   Failed
07/20/20 10:17:23   ===     ===      ===     ===     ===        ===      ===
07/20/20 10:17:23     3       0        0       0       1          5        0
07/20/20 10:17:23 0 job proc(s) currently held
07/20/20 10:17:23 DAGMan Runtime Statistics: [ EventCycleTimeStd = 0.03162837286558508; EventCycleTimeMax = 0.08527183532714844; SubmitCycleTimeMin = 0.0005609989166259766; SubmitCycleTimeAvg = 0.02351868152618408; SleepCycleTimeCount = 5.0; SubmitCycleTimeCount = 6.0; SubmitCycleTimeMax = 0.08120203018188477; SleepCycleTimeMin = 4.228990077972412; SubmitCycleTimeSum = 0.1411120891571045; LogProcessCycleTimeStd = 0.01092935613962058; SubmitCycleTimeStd = 0.03616645903280689; LogProcessCycleTimeAvg = 0.01352351903915405; EventCycleTimeMin = 0.007200956344604492; LogProcessCycleTimeMax = 0.0273890495300293; LogProcessCycleTimeMin = 0.002693891525268555; LogProcessCycleTimeSum = 0.05409407615661621; LogProcessCycleTimeCount = 4.0; EventCycleTimeSum = 0.2139797210693359; SleepCycleTimeSum = 24.47095131874084; SleepCycleTimeAvg = 4.894190263748169; SleepCycleTimeStd = 0.383559487715699; SleepCycleTimeMax = 5.223322868347168; EventCycleTimeCount = 5.0; EventCycleTimeAvg = 0.04279594421386719; ]
07/20/20 10:17:28 Submitting HTCondor Node checkpoint_program_py_ID0000001 job(s)...
07/20/20 10:17:28 Adding a DAGMan workflow log /home/scitech/shared-data/sample-checkpoint-condorio-wf/scitech/pegasus/checkpoint-wf/run0002/./checkpoint-wf-0.dag.nodes.log
07/20/20 10:17:28 Masking the events recorded in the DAGMAN workflow log
07/20/20 10:17:28 Mask for workflow log is 0,1,2,4,5,7,9,10,11,12,13,16,17,24,27,35,36
07/20/20 10:17:28 submitting: /usr/bin/condor_submit -a dag_node_name' '=' 'checkpoint_program_py_ID0000001 -a +DAGManJobId' '=' '1 -a DAGManJobId' '=' '1 -batch-name checkpoint-wf-0.dag+1 -a submit_event_notes' '=' 'DAG' 'Node:' 'checkpoint_program_py_ID0000001 -a dagman_log' '=' '/home/scitech/shared-data/sample-checkpoint-condorio-wf/scitech/pegasus/checkpoint-wf/run0002/./checkpoint-wf-0.dag.nodes.log -a +DAGManNodesMask' '=' '"0,1,2,4,5,7,9,10,11,12,13,16,17,24,27,35,36" -a priority=20 -a +DAGNodeRetry' '=' '0 -a DAG_STATUS' '=' '0 -a FAILED_COUNT' '=' '0 -a +KeepClaimIdle' '=' '20 -a notification' '=' 'never -a +DAGParentNodeNames' '=' '"stage_in_remote_local_0_0,stage_in_local_local_0_0" 00/00/checkpoint_program_py_ID0000001.sub
07/20/20 10:17:28 From submit: Submitting job(s).
07/20/20 10:17:28 From submit: 1 job(s) submitted to cluster 5.
07/20/20 10:17:28 	assigned HTCondor ID (5.0.0)
07/20/20 10:17:28 Just submitted 1 job this cycle...
07/20/20 10:17:28 DAG status: 0 (DAG_STATUS_OK)
07/20/20 10:17:28 Of 9 nodes total:
07/20/20 10:17:28  Done     Pre   Queued    Post   Ready   Un-Ready   Failed
07/20/20 10:17:28   ===     ===      ===     ===     ===        ===      ===
07/20/20 10:17:28     3       0        1       0       0          5        0
07/20/20 10:17:28 0 job proc(s) currently held
07/20/20 10:17:28 DAGMan Runtime Statistics: [ EventCycleTimeStd = 0.03039945397204183; EventCycleTimeMax = 0.08527183532714844; SubmitCycleTimeMin = 0.0005609989166259766; SubmitCycleTimeAvg = 0.02869701385498047; SleepCycleTimeCount = 6.0; SubmitCycleTimeCount = 7.0; SubmitCycleTimeMax = 0.08120203018188477; SleepCycleTimeMin = 4.228990077972412; SubmitCycleTimeSum = 0.2008790969848633; LogProcessCycleTimeStd = 0.01092935613962058; SubmitCycleTimeStd = 0.03574516068544973; LogProcessCycleTimeAvg = 0.01352351903915405; EventCycleTimeMin = 0.007200956344604492; LogProcessCycleTimeMax = 0.0273890495300293; LogProcessCycleTimeMin = 0.002693891525268555; LogProcessCycleTimeSum = 0.05409407615661621; LogProcessCycleTimeCount = 4.0; EventCycleTimeSum = 0.2295165061950684; SleepCycleTimeSum = 29.43848133087158; SleepCycleTimeAvg = 4.906413555145264; SleepCycleTimeStd = 0.344370088144795; SleepCycleTimeMax = 5.223322868347168; EventCycleTimeCount = 6.0; EventCycleTimeAvg = 0.03825275103251139; ]
07/20/20 10:17:33 Currently monitoring 1 HTCondor log file(s)
07/20/20 10:17:33 Reassigning the id of job checkpoint_program_py_ID0000001 from (5.0.0) to (5.0.0)
07/20/20 10:17:33 Event: ULOG_SUBMIT for HTCondor Node checkpoint_program_py_ID0000001 (5.0.0) {07/20/20 10:17:28}
07/20/20 10:17:33 Number of idle job procs: 1
07/20/20 10:17:38 Currently monitoring 1 HTCondor log file(s)
07/20/20 10:17:38 Event: ULOG_EXECUTE for HTCondor Node checkpoint_program_py_ID0000001 (5.0.0) {07/20/20 10:17:34}
07/20/20 10:17:38 Number of idle job procs: 0
07/20/20 10:19:08 Currently monitoring 1 HTCondor log file(s)
07/20/20 10:19:08 Event: ULOG_JOB_TERMINATED for HTCondor Node checkpoint_program_py_ID0000001 (5.0.0) {07/20/20 10:19:05}
07/20/20 10:19:08 Number of idle job procs: 0
07/20/20 10:19:08 Node checkpoint_program_py_ID0000001 job proc (5.0.0) failed with status 14.
07/20/20 10:19:08 Node checkpoint_program_py_ID0000001 job completed
07/20/20 10:19:08 Running POST script of Node checkpoint_program_py_ID0000001...
07/20/20 10:19:08 Warning: mysin has length 0 (ignore if produced by DAGMan; see gittrac #4987, #5031)
07/20/20 10:19:08 DAG status: 0 (DAG_STATUS_OK)
07/20/20 10:19:08 Of 9 nodes total:
07/20/20 10:19:08  Done     Pre   Queued    Post   Ready   Un-Ready   Failed
07/20/20 10:19:08   ===     ===      ===     ===     ===        ===      ===
07/20/20 10:19:08     3       0        0       1       0          5        0
07/20/20 10:19:08 0 job proc(s) currently held
07/20/20 10:19:08 DAGMan Runtime Statistics: [ EventCycleTimeStd = 0.02345050347409499; EventCycleTimeMax = 0.08527183532714844; SubmitCycleTimeMin = 0.0002338886260986328; SubmitCycleTimeAvg = 0.007842955765900788; SleepCycleTimeCount = 26.0; SubmitCycleTimeCount = 27.0; SubmitCycleTimeMax = 0.08120203018188477; SleepCycleTimeMin = 4.228990077972412; SubmitCycleTimeSum = 0.2117598056793213; LogProcessCycleTimeStd = 0.00925472589089146; SubmitCycleTimeStd = 0.02128323766576352; LogProcessCycleTimeAvg = 0.01060897963387626; EventCycleTimeMin = 0.0005269050598144531; LogProcessCycleTimeMax = 0.0273890495300293; LogProcessCycleTimeMin = 0.002693891525268555; LogProcessCycleTimeSum = 0.07426285743713379; LogProcessCycleTimeCount = 7.0; EventCycleTimeSum = 0.325223445892334; SleepCycleTimeSum = 129.4579584598541; SleepCycleTimeAvg = 4.979152248455928; SleepCycleTimeStd = 0.1596063668639176; SleepCycleTimeMax = 5.223322868347168; EventCycleTimeCount = 26.0; EventCycleTimeAvg = 0.01250859407278208; ]
07/20/20 10:19:08 Initializing user log writer for /home/scitech/shared-data/sample-checkpoint-condorio-wf/scitech/pegasus/checkpoint-wf/run0002/./checkpoint-wf-0.dag.nodes.log, (5.0.0)
07/20/20 10:19:13 Currently monitoring 1 HTCondor log file(s)
07/20/20 10:19:13 Event: ULOG_POST_SCRIPT_TERMINATED for HTCondor Node checkpoint_program_py_ID0000001 (5.0.0) {07/20/20 10:19:08}
07/20/20 10:19:13 POST Script of node checkpoint_program_py_ID0000001 failed with status 1
07/20/20 10:19:13 POST for Node checkpoint_program_py_ID0000001 returned 1
07/20/20 10:19:13 Retrying node checkpoint_program_py_ID0000001 (retry #1 of 2)...
07/20/20 10:19:13 DAG status: 0 (DAG_STATUS_OK)
07/20/20 10:19:13 Of 9 nodes total:
07/20/20 10:19:13  Done     Pre   Queued    Post   Ready   Un-Ready   Failed
07/20/20 10:19:13   ===     ===      ===     ===     ===        ===      ===
07/20/20 10:19:13     3       0        0       0       1          5        0
07/20/20 10:19:13 0 job proc(s) currently held
07/20/20 10:19:13 DAGMan Runtime Statistics: [ EventCycleTimeStd = 0.02309014837218547; EventCycleTimeMax = 0.08527183532714844; SubmitCycleTimeMin = 0.0002338886260986328; SubmitCycleTimeAvg = 0.007606915065220424; SleepCycleTimeCount = 27.0; SubmitCycleTimeCount = 28.0; SubmitCycleTimeMax = 0.08120203018188477; SleepCycleTimeMin = 4.228990077972412; SubmitCycleTimeSum = 0.2129936218261719; LogProcessCycleTimeStd = 0.008633439229957043; SubmitCycleTimeStd = 0.0209226990367535; LogProcessCycleTimeAvg = 0.01023447513580322; EventCycleTimeMin = 0.0005269050598144531; LogProcessCycleTimeMax = 0.0273890495300293; LogProcessCycleTimeMin = 0.002693891525268555; LogProcessCycleTimeSum = 0.08187580108642578; LogProcessCycleTimeCount = 8.0; EventCycleTimeSum = 0.3486065864562988; SleepCycleTimeSum = 134.6400473117828; SleepCycleTimeAvg = 4.98666841895492; SleepCycleTimeStd = 0.1613062981631281; SleepCycleTimeMax = 5.223322868347168; EventCycleTimeCount = 27.0; EventCycleTimeAvg = 0.01291135505393699; ]
07/20/20 10:19:18 Reassigning the id of job checkpoint_program_py_ID0000001 from (5.0.0) to (-1.-1.-1)
07/20/20 10:19:18 Submitting HTCondor Node checkpoint_program_py_ID0000001 job(s)...
07/20/20 10:19:18 Adding a DAGMan workflow log /home/scitech/shared-data/sample-checkpoint-condorio-wf/scitech/pegasus/checkpoint-wf/run0002/./checkpoint-wf-0.dag.nodes.log
07/20/20 10:19:18 Masking the events recorded in the DAGMAN workflow log
07/20/20 10:19:18 Mask for workflow log is 0,1,2,4,5,7,9,10,11,12,13,16,17,24,27,35,36
07/20/20 10:19:18 submitting: /usr/bin/condor_submit -a dag_node_name' '=' 'checkpoint_program_py_ID0000001 -a +DAGManJobId' '=' '1 -a DAGManJobId' '=' '1 -batch-name checkpoint-wf-0.dag+1 -a submit_event_notes' '=' 'DAG' 'Node:' 'checkpoint_program_py_ID0000001 -a dagman_log' '=' '/home/scitech/shared-data/sample-checkpoint-condorio-wf/scitech/pegasus/checkpoint-wf/run0002/./checkpoint-wf-0.dag.nodes.log -a +DAGManNodesMask' '=' '"0,1,2,4,5,7,9,10,11,12,13,16,17,24,27,35,36" -a priority=20 -a +DAGNodeRetry' '=' '1 -a DAG_STATUS' '=' '0 -a FAILED_COUNT' '=' '0 -a +KeepClaimIdle' '=' '20 -a notification' '=' 'never -a +DAGParentNodeNames' '=' '"stage_in_remote_local_0_0,stage_in_local_local_0_0" 00/00/checkpoint_program_py_ID0000001.sub
07/20/20 10:19:18 From submit: Submitting job(s).
07/20/20 10:19:18 From submit: 1 job(s) submitted to cluster 6.
07/20/20 10:19:18 	assigned HTCondor ID (6.0.0)
07/20/20 10:19:18 Just submitted 1 job this cycle...
07/20/20 10:19:18 DAG status: 0 (DAG_STATUS_OK)
07/20/20 10:19:18 Of 9 nodes total:
07/20/20 10:19:18  Done     Pre   Queued    Post   Ready   Un-Ready   Failed
07/20/20 10:19:18   ===     ===      ===     ===     ===        ===      ===
07/20/20 10:19:18     3       0        1       0       0          5        0
07/20/20 10:19:18 0 job proc(s) currently held
07/20/20 10:19:18 DAGMan Runtime Statistics: [ EventCycleTimeStd = 0.02266175888956015; EventCycleTimeMax = 0.08527183532714844; SubmitCycleTimeMin = 0.0002338886260986328; SubmitCycleTimeAvg = 0.008795294268377897; SleepCycleTimeCount = 28.0; SubmitCycleTimeCount = 29.0; SubmitCycleTimeMax = 0.08120203018188477; SleepCycleTimeMin = 4.228990077972412; SubmitCycleTimeSum = 0.255063533782959; LogProcessCycleTimeStd = 0.008633439229957043; SubmitCycleTimeStd = 0.02151929789289886; LogProcessCycleTimeAvg = 0.01023447513580322; EventCycleTimeMin = 0.0005269050598144531; LogProcessCycleTimeMax = 0.0273890495300293; LogProcessCycleTimeMin = 0.002693891525268555; LogProcessCycleTimeSum = 0.08187580108642578; LogProcessCycleTimeCount = 8.0; EventCycleTimeSum = 0.3635456562042236; SleepCycleTimeSum = 139.6410892009735; SleepCycleTimeAvg = 4.987181757177625; SleepCycleTimeStd = 0.1583142661851777; SleepCycleTimeMax = 5.223322868347168; EventCycleTimeCount = 28.0; EventCycleTimeAvg = 0.01298377343586513; ]
07/20/20 10:19:23 Currently monitoring 1 HTCondor log file(s)
07/20/20 10:19:23 Reassigning the id of job checkpoint_program_py_ID0000001 from (6.0.0) to (6.0.0)
07/20/20 10:19:23 Event: ULOG_SUBMIT for HTCondor Node checkpoint_program_py_ID0000001 (6.0.0) {07/20/20 10:19:18}
07/20/20 10:19:23 Number of idle job procs: 1
07/20/20 10:19:23 Event: ULOG_EXECUTE for HTCondor Node checkpoint_program_py_ID0000001 (6.0.0) {07/20/20 10:19:19}
07/20/20 10:19:23 Number of idle job procs: 0
07/20/20 10:20:53 Currently monitoring 1 HTCondor log file(s)
07/20/20 10:20:53 Event: ULOG_JOB_TERMINATED for HTCondor Node checkpoint_program_py_ID0000001 (6.0.0) {07/20/20 10:20:50}
07/20/20 10:20:53 Number of idle job procs: 0
07/20/20 10:20:53 Node checkpoint_program_py_ID0000001 job proc (6.0.0) failed with status 14.
07/20/20 10:20:53 Node checkpoint_program_py_ID0000001 job completed
07/20/20 10:20:53 Running POST script of Node checkpoint_program_py_ID0000001...
07/20/20 10:20:53 Warning: mysin has length 0 (ignore if produced by DAGMan; see gittrac #4987, #5031)
07/20/20 10:20:53 DAG status: 0 (DAG_STATUS_OK)
07/20/20 10:20:53 Of 9 nodes total:
07/20/20 10:20:53  Done     Pre   Queued    Post   Ready   Un-Ready   Failed
07/20/20 10:20:53   ===     ===      ===     ===     ===        ===      ===
07/20/20 10:20:53     3       0        0       1       0          5        0
07/20/20 10:20:53 0 job proc(s) currently held
07/20/20 10:20:53 DAGMan Runtime Statistics: [ EventCycleTimeStd = 0.01898732483802395; EventCycleTimeMax = 0.08527183532714844; SubmitCycleTimeMin = 0.0001699924468994141; SubmitCycleTimeAvg = 0.005559787154197693; SleepCycleTimeCount = 47.0; SubmitCycleTimeCount = 48.0; SubmitCycleTimeMax = 0.08120203018188477; SleepCycleTimeMin = 4.228990077972412; SubmitCycleTimeSum = 0.2668697834014893; LogProcessCycleTimeStd = 0.007728279152428095; SubmitCycleTimeStd = 0.01709479437961196; LogProcessCycleTimeAvg = 0.0100374698638916; EventCycleTimeMin = 0.0004689693450927734; LogProcessCycleTimeMax = 0.0273890495300293; LogProcessCycleTimeMin = 0.002693891525268555; LogProcessCycleTimeSum = 0.100374698638916; LogProcessCycleTimeCount = 10.0; EventCycleTimeSum = 0.4439723491668701; SleepCycleTimeSum = 234.6541664600372; SleepCycleTimeAvg = 4.99264183957526; SleepCycleTimeStd = 0.1216951825923446; SleepCycleTimeMax = 5.223322868347168; EventCycleTimeCount = 47.0; EventCycleTimeAvg = 0.00944622019503979; ]
07/20/20 10:20:53 Initializing user log writer for /home/scitech/shared-data/sample-checkpoint-condorio-wf/scitech/pegasus/checkpoint-wf/run0002/./checkpoint-wf-0.dag.nodes.log, (6.0.0)
07/20/20 10:20:58 Currently monitoring 1 HTCondor log file(s)
07/20/20 10:20:58 Event: ULOG_POST_SCRIPT_TERMINATED for HTCondor Node checkpoint_program_py_ID0000001 (6.0.0) {07/20/20 10:20:53}
07/20/20 10:20:58 POST Script of node checkpoint_program_py_ID0000001 failed with status 1
07/20/20 10:20:58 POST for Node checkpoint_program_py_ID0000001 returned 1
07/20/20 10:20:58 Retrying node checkpoint_program_py_ID0000001 (retry #2 of 2)...
07/20/20 10:20:58 DAG status: 0 (DAG_STATUS_OK)
07/20/20 10:20:58 Of 9 nodes total:
07/20/20 10:20:58  Done     Pre   Queued    Post   Ready   Un-Ready   Failed
07/20/20 10:20:58   ===     ===      ===     ===     ===        ===      ===
07/20/20 10:20:58     3       0        0       0       1          5        0
07/20/20 10:20:58 0 job proc(s) currently held
07/20/20 10:20:58 DAGMan Runtime Statistics: [ EventCycleTimeStd = 0.01883135745977077; EventCycleTimeMax = 0.08527183532714844; SubmitCycleTimeMin = 0.0001699924468994141; SubmitCycleTimeAvg = 0.005454588909538424; SleepCycleTimeCount = 48.0; SubmitCycleTimeCount = 49.0; SubmitCycleTimeMax = 0.08120203018188477; SleepCycleTimeMin = 4.228990077972412; SubmitCycleTimeSum = 0.2672748565673828; LogProcessCycleTimeStd = 0.007527037782255824; SubmitCycleTimeStd = 0.01693180720373574; LogProcessCycleTimeAvg = 0.009523781863125887; EventCycleTimeMin = 0.0004689693450927734; LogProcessCycleTimeMax = 0.0273890495300293; LogProcessCycleTimeMin = 0.002693891525268555; LogProcessCycleTimeSum = 0.1047616004943848; LogProcessCycleTimeCount = 11.0; EventCycleTimeSum = 0.4626414775848389; SleepCycleTimeSum = 239.8054854869843; SleepCycleTimeAvg = 4.995947614312172; SleepCycleTimeStd = 0.1225527157263198; SleepCycleTimeMax = 5.223322868347168; EventCycleTimeCount = 48.0; EventCycleTimeAvg = 0.009638364116350809; ]
07/20/20 10:21:03 Reassigning the id of job checkpoint_program_py_ID0000001 from (6.0.0) to (-1.-1.-1)
07/20/20 10:21:03 Submitting HTCondor Node checkpoint_program_py_ID0000001 job(s)...
07/20/20 10:21:03 Adding a DAGMan workflow log /home/scitech/shared-data/sample-checkpoint-condorio-wf/scitech/pegasus/checkpoint-wf/run0002/./checkpoint-wf-0.dag.nodes.log
07/20/20 10:21:03 Masking the events recorded in the DAGMAN workflow log
07/20/20 10:21:03 Mask for workflow log is 0,1,2,4,5,7,9,10,11,12,13,16,17,24,27,35,36
07/20/20 10:21:03 submitting: /usr/bin/condor_submit -a dag_node_name' '=' 'checkpoint_program_py_ID0000001 -a +DAGManJobId' '=' '1 -a DAGManJobId' '=' '1 -batch-name checkpoint-wf-0.dag+1 -a submit_event_notes' '=' 'DAG' 'Node:' 'checkpoint_program_py_ID0000001 -a dagman_log' '=' '/home/scitech/shared-data/sample-checkpoint-condorio-wf/scitech/pegasus/checkpoint-wf/run0002/./checkpoint-wf-0.dag.nodes.log -a +DAGManNodesMask' '=' '"0,1,2,4,5,7,9,10,11,12,13,16,17,24,27,35,36" -a priority=20 -a +DAGNodeRetry' '=' '2 -a DAG_STATUS' '=' '0 -a FAILED_COUNT' '=' '0 -a +KeepClaimIdle' '=' '20 -a notification' '=' 'never -a +DAGParentNodeNames' '=' '"stage_in_remote_local_0_0,stage_in_local_local_0_0" 00/00/checkpoint_program_py_ID0000001.sub
07/20/20 10:21:03 From submit: Submitting job(s).
07/20/20 10:21:03 From submit: 1 job(s) submitted to cluster 7.
07/20/20 10:21:03 	assigned HTCondor ID (7.0.0)
07/20/20 10:21:03 Just submitted 1 job this cycle...
07/20/20 10:21:03 DAG status: 0 (DAG_STATUS_OK)
07/20/20 10:21:03 Of 9 nodes total:
07/20/20 10:21:03  Done     Pre   Queued    Post   Ready   Un-Ready   Failed
07/20/20 10:21:03   ===     ===      ===     ===     ===        ===      ===
07/20/20 10:21:03     3       0        1       0       0          5        0
07/20/20 10:21:03 0 job proc(s) currently held
07/20/20 10:21:03 DAGMan Runtime Statistics: [ EventCycleTimeStd = 0.01863420022495646; EventCycleTimeMax = 0.08527183532714844; SubmitCycleTimeMin = 0.0001699924468994141; SubmitCycleTimeAvg = 0.006430020332336426; SleepCycleTimeCount = 49.0; SubmitCycleTimeCount = 50.0; SubmitCycleTimeMax = 0.08120203018188477; SleepCycleTimeMin = 4.228990077972412; SubmitCycleTimeSum = 0.3215010166168213; LogProcessCycleTimeStd = 0.007527037782255824; SubmitCycleTimeStd = 0.01812204959647628; LogProcessCycleTimeAvg = 0.009523781863125887; EventCycleTimeMin = 0.0004689693450927734; LogProcessCycleTimeMax = 0.0273890495300293; LogProcessCycleTimeMin = 0.002693891525268555; LogProcessCycleTimeSum = 0.1047616004943848; LogProcessCycleTimeCount = 11.0; EventCycleTimeSum = 0.4720263481140137; SleepCycleTimeSum = 244.8115255832672; SleepCycleTimeAvg = 4.996153583331984; SleepCycleTimeStd = 0.1212779762959351; SleepCycleTimeMax = 5.223322868347168; EventCycleTimeCount = 49.0; EventCycleTimeAvg = 0.009633190777837013; ]
07/20/20 10:21:08 Currently monitoring 1 HTCondor log file(s)
07/20/20 10:21:08 Reassigning the id of job checkpoint_program_py_ID0000001 from (7.0.0) to (7.0.0)
07/20/20 10:21:08 Event: ULOG_SUBMIT for HTCondor Node checkpoint_program_py_ID0000001 (7.0.0) {07/20/20 10:21:03}
07/20/20 10:21:08 Number of idle job procs: 1
07/20/20 10:21:08 Event: ULOG_EXECUTE for HTCondor Node checkpoint_program_py_ID0000001 (7.0.0) {07/20/20 10:21:05}
07/20/20 10:21:08 Number of idle job procs: 0
07/20/20 10:22:08 Currently monitoring 1 HTCondor log file(s)
07/20/20 10:22:08 Event: ULOG_JOB_TERMINATED for HTCondor Node checkpoint_program_py_ID0000001 (7.0.0) {07/20/20 10:22:05}
07/20/20 10:22:08 Number of idle job procs: 0
07/20/20 10:22:08 Node checkpoint_program_py_ID0000001 job proc (7.0.0) completed successfully.
07/20/20 10:22:08 Node checkpoint_program_py_ID0000001 job completed
07/20/20 10:22:08 Running POST script of Node checkpoint_program_py_ID0000001...
07/20/20 10:22:08 Warning: mysin has length 0 (ignore if produced by DAGMan; see gittrac #4987, #5031)
07/20/20 10:22:08 DAG status: 0 (DAG_STATUS_OK)
07/20/20 10:22:08 Of 9 nodes total:
07/20/20 10:22:08  Done     Pre   Queued    Post   Ready   Un-Ready   Failed
07/20/20 10:22:08   ===     ===      ===     ===     ===        ===      ===
07/20/20 10:22:08     3       0        0       1       0          5        0
07/20/20 10:22:08 0 job proc(s) currently held
07/20/20 10:22:08 DAGMan Runtime Statistics: [ EventCycleTimeStd = 0.01803558938875824; EventCycleTimeMax = 0.08527183532714844; SubmitCycleTimeMin = 0.0001699924468994141; SubmitCycleTimeAvg = 0.00530084352644663; SleepCycleTimeCount = 62.0; SubmitCycleTimeCount = 63.0; SubmitCycleTimeMax = 0.08120203018188477; SleepCycleTimeMin = 4.228990077972412; SubmitCycleTimeSum = 0.3339531421661377; LogProcessCycleTimeStd = 0.007202160715385002; SubmitCycleTimeStd = 0.01626506508765608; LogProcessCycleTimeAvg = 0.01007804503807655; EventCycleTimeMin = 0.0004689693450927734; LogProcessCycleTimeMax = 0.0273890495300293; LogProcessCycleTimeMin = 0.002693891525268555; LogProcessCycleTimeSum = 0.1310145854949951; LogProcessCycleTimeCount = 13.0; EventCycleTimeSum = 0.5710670948028564; SleepCycleTimeSum = 309.8366348743439; SleepCycleTimeAvg = 4.99736507861845; SleepCycleTimeStd = 0.1077099555111326; SleepCycleTimeMax = 5.223322868347168; EventCycleTimeCount = 62.0; EventCycleTimeAvg = 0.009210759593594459; ]
07/20/20 10:22:09 Initializing user log writer for /home/scitech/shared-data/sample-checkpoint-condorio-wf/scitech/pegasus/checkpoint-wf/run0002/./checkpoint-wf-0.dag.nodes.log, (7.0.0)
07/20/20 10:22:13 Currently monitoring 1 HTCondor log file(s)
07/20/20 10:22:13 Event: ULOG_POST_SCRIPT_TERMINATED for HTCondor Node checkpoint_program_py_ID0000001 (7.0.0) {07/20/20 10:22:09}
07/20/20 10:22:13 POST Script of node checkpoint_program_py_ID0000001 completed successfully.
07/20/20 10:22:13 DAG status: 0 (DAG_STATUS_OK)
07/20/20 10:22:13 Of 9 nodes total:
07/20/20 10:22:13  Done     Pre   Queued    Post   Ready   Un-Ready   Failed
07/20/20 10:22:13   ===     ===      ===     ===     ===        ===      ===
07/20/20 10:22:13     4       0        0       0       2          3        0
07/20/20 10:22:13 0 job proc(s) currently held
07/20/20 10:22:13 DAGMan Runtime Statistics: [ EventCycleTimeStd = 0.01811589833543837; EventCycleTimeMax = 0.08527183532714844; SubmitCycleTimeMin = 0.0001699924468994141; SubmitCycleTimeAvg = 0.005226548761129379; SleepCycleTimeCount = 63.0; SubmitCycleTimeCount = 64.0; SubmitCycleTimeMax = 0.08120203018188477; SleepCycleTimeMin = 4.228990077972412; SubmitCycleTimeSum = 0.3344991207122803; LogProcessCycleTimeStd = 0.007094225084381463; SubmitCycleTimeStd = 0.01614640394499202; LogProcessCycleTimeAvg = 0.009659971509660994; EventCycleTimeMin = 0.0004689693450927734; LogProcessCycleTimeMax = 0.0273890495300293; LogProcessCycleTimeMin = 0.002693891525268555; LogProcessCycleTimeSum = 0.1352396011352539; LogProcessCycleTimeCount = 14.0; EventCycleTimeSum = 0.6029369831085205; SleepCycleTimeSum = 314.067929983139; SleepCycleTimeAvg = 4.985205237827603; SleepCycleTimeStd = 0.1439777881214978; SleepCycleTimeMax = 5.223322868347168; EventCycleTimeCount = 63.0; EventCycleTimeAvg = 0.00957042830330985; ]
07/20/20 10:22:18 Submitting HTCondor Node clean_up_local_level_3_0 job(s)...
07/20/20 10:22:18 Adding a DAGMan workflow log /home/scitech/shared-data/sample-checkpoint-condorio-wf/scitech/pegasus/checkpoint-wf/run0002/./checkpoint-wf-0.dag.nodes.log
07/20/20 10:22:18 Masking the events recorded in the DAGMAN workflow log
07/20/20 10:22:18 Mask for workflow log is 0,1,2,4,5,7,9,10,11,12,13,16,17,24,27,35,36
07/20/20 10:22:18 submitting: /usr/bin/condor_submit -a dag_node_name' '=' 'clean_up_local_level_3_0 -a +DAGManJobId' '=' '1 -a DAGManJobId' '=' '1 -batch-name checkpoint-wf-0.dag+1 -a submit_event_notes' '=' 'DAG' 'Node:' 'clean_up_local_level_3_0 -a dagman_log' '=' '/home/scitech/shared-data/sample-checkpoint-condorio-wf/scitech/pegasus/checkpoint-wf/run0002/./checkpoint-wf-0.dag.nodes.log -a +DAGManNodesMask' '=' '"0,1,2,4,5,7,9,10,11,12,13,16,17,24,27,35,36" -a priority=1000 -a +DAGNodeRetry' '=' '0 -a DAG_STATUS' '=' '0 -a FAILED_COUNT' '=' '0 -a +KeepClaimIdle' '=' '20 -a notification' '=' 'never -a +DAGParentNodeNames' '=' '"checkpoint_program_py_ID0000001" 00/00/clean_up_local_level_3_0.sub
07/20/20 10:22:18 From submit: Submitting job(s).
07/20/20 10:22:18 From submit: 1 job(s) submitted to cluster 8.
07/20/20 10:22:18 	assigned HTCondor ID (8.0.0)
07/20/20 10:22:18 Submitting HTCondor Node stage_out_local_local_0_0 job(s)...
07/20/20 10:22:18 Adding a DAGMan workflow log /home/scitech/shared-data/sample-checkpoint-condorio-wf/scitech/pegasus/checkpoint-wf/run0002/./checkpoint-wf-0.dag.nodes.log
07/20/20 10:22:18 Masking the events recorded in the DAGMAN workflow log
07/20/20 10:22:18 Mask for workflow log is 0,1,2,4,5,7,9,10,11,12,13,16,17,24,27,35,36
07/20/20 10:22:18 submitting: /usr/bin/condor_submit -a dag_node_name' '=' 'stage_out_local_local_0_0 -a +DAGManJobId' '=' '1 -a DAGManJobId' '=' '1 -batch-name checkpoint-wf-0.dag+1 -a submit_event_notes' '=' 'DAG' 'Node:' 'stage_out_local_local_0_0 -a dagman_log' '=' '/home/scitech/shared-data/sample-checkpoint-condorio-wf/scitech/pegasus/checkpoint-wf/run0002/./checkpoint-wf-0.dag.nodes.log -a +DAGManNodesMask' '=' '"0,1,2,4,5,7,9,10,11,12,13,16,17,24,27,35,36" -a priority=900 -a +DAGNodeRetry' '=' '0 -a DAG_STATUS' '=' '0 -a FAILED_COUNT' '=' '0 -a +KeepClaimIdle' '=' '20 -a notification' '=' 'never -a +DAGParentNodeNames' '=' '"checkpoint_program_py_ID0000001" 00/00/stage_out_local_local_0_0.sub
07/20/20 10:22:18 From submit: Submitting job(s).
07/20/20 10:22:18 From submit: 1 job(s) submitted to cluster 9.
07/20/20 10:22:18 	assigned HTCondor ID (9.0.0)
07/20/20 10:22:18 Just submitted 2 jobs this cycle...
07/20/20 10:22:18 DAG status: 0 (DAG_STATUS_OK)
07/20/20 10:22:18 Of 9 nodes total:
07/20/20 10:22:18  Done     Pre   Queued    Post   Ready   Un-Ready   Failed
07/20/20 10:22:18   ===     ===      ===     ===     ===        ===      ===
07/20/20 10:22:18     4       0        2       0       0          3        0
07/20/20 10:22:18 0 job proc(s) currently held
07/20/20 10:22:18 DAGMan Runtime Statistics: [ EventCycleTimeStd = 0.01797249264629428; EventCycleTimeMax = 0.08527183532714844; SubmitCycleTimeMin = 0.0001699924468994141; SubmitCycleTimeAvg = 0.006547355651855468; SleepCycleTimeCount = 64.0; SubmitCycleTimeCount = 65.0; SubmitCycleTimeMax = 0.0910789966583252; SleepCycleTimeMin = 4.228990077972412; SubmitCycleTimeSum = 0.4255781173706055; LogProcessCycleTimeStd = 0.007094225084381463; SubmitCycleTimeStd = 0.0192360944123964; LogProcessCycleTimeAvg = 0.009659971509660994; EventCycleTimeMin = 0.0004689693450927734; LogProcessCycleTimeMax = 0.0273890495300293; LogProcessCycleTimeMin = 0.002693891525268555; LogProcessCycleTimeSum = 0.1352396011352539; LogProcessCycleTimeCount = 14.0; EventCycleTimeSum = 0.6139829158782959; SleepCycleTimeSum = 319.0751729011536; SleepCycleTimeAvg = 4.985549576580524; SleepCycleTimeStd = 0.1428570984400512; SleepCycleTimeMax = 5.223322868347168; EventCycleTimeCount = 64.0; EventCycleTimeAvg = 0.009593483060598373; ]
07/20/20 10:22:23 Currently monitoring 1 HTCondor log file(s)
07/20/20 10:22:23 Reassigning the id of job clean_up_local_level_3_0 from (8.0.0) to (8.0.0)
07/20/20 10:22:23 Event: ULOG_SUBMIT for HTCondor Node clean_up_local_level_3_0 (8.0.0) {07/20/20 10:22:18}
07/20/20 10:22:23 Number of idle job procs: 1
07/20/20 10:22:23 Reassigning the id of job stage_out_local_local_0_0 from (9.0.0) to (9.0.0)
07/20/20 10:22:23 Event: ULOG_SUBMIT for HTCondor Node stage_out_local_local_0_0 (9.0.0) {07/20/20 10:22:18}
07/20/20 10:22:23 Number of idle job procs: 2
07/20/20 10:22:23 Event: ULOG_EXECUTE for HTCondor Node clean_up_local_level_3_0 (8.0.0) {07/20/20 10:22:21}
07/20/20 10:22:23 Number of idle job procs: 1
07/20/20 10:22:23 Event: ULOG_EXECUTE for HTCondor Node stage_out_local_local_0_0 (9.0.0) {07/20/20 10:22:21}
07/20/20 10:22:23 Number of idle job procs: 0
07/20/20 10:22:28 Currently monitoring 1 HTCondor log file(s)
07/20/20 10:22:28 Event: ULOG_JOB_TERMINATED for HTCondor Node clean_up_local_level_3_0 (8.0.0) {07/20/20 10:22:23}
07/20/20 10:22:28 Number of idle job procs: 0
07/20/20 10:22:28 Node clean_up_local_level_3_0 job proc (8.0.0) completed successfully.
07/20/20 10:22:28 Node clean_up_local_level_3_0 job completed
07/20/20 10:22:28 Running POST script of Node clean_up_local_level_3_0...
07/20/20 10:22:28 Warning: mysin has length 0 (ignore if produced by DAGMan; see gittrac #4987, #5031)
07/20/20 10:22:28 Event: ULOG_JOB_TERMINATED for HTCondor Node stage_out_local_local_0_0 (9.0.0) {07/20/20 10:22:25}
07/20/20 10:22:28 Number of idle job procs: 0
07/20/20 10:22:28 Node stage_out_local_local_0_0 job proc (9.0.0) completed successfully.
07/20/20 10:22:28 Node stage_out_local_local_0_0 job completed
07/20/20 10:22:28 Running POST script of Node stage_out_local_local_0_0...
07/20/20 10:22:28 Warning: mysin has length 0 (ignore if produced by DAGMan; see gittrac #4987, #5031)
07/20/20 10:22:28 DAG status: 0 (DAG_STATUS_OK)
07/20/20 10:22:28 Of 9 nodes total:
07/20/20 10:22:28  Done     Pre   Queued    Post   Ready   Un-Ready   Failed
07/20/20 10:22:28   ===     ===      ===     ===     ===        ===      ===
07/20/20 10:22:28     4       0        0       2       0          3        0
07/20/20 10:22:28 0 job proc(s) currently held
07/20/20 10:22:28 DAGMan Runtime Statistics: [ EventCycleTimeStd = 0.02074984983344158; EventCycleTimeMax = 0.09765505790710449; SubmitCycleTimeMin = 0.0001699924468994141; SubmitCycleTimeAvg = 0.006376134815500744; SleepCycleTimeCount = 66.0; SubmitCycleTimeCount = 67.0; SubmitCycleTimeMax = 0.0910789966583252; SleepCycleTimeMin = 4.228990077972412; SubmitCycleTimeSum = 0.4272010326385498; LogProcessCycleTimeStd = 0.007703025678616164; SubmitCycleTimeStd = 0.01896797452066465; LogProcessCycleTimeAvg = 0.01070727407932281; EventCycleTimeMin = 0.0004689693450927734; LogProcessCycleTimeMax = 0.0273890495300293; LogProcessCycleTimeMin = 0.002693891525268555; LogProcessCycleTimeSum = 0.171316385269165; LogProcessCycleTimeCount = 16.0; EventCycleTimeSum = 0.7235739231109619; SleepCycleTimeSum = 329.0575759410858; SleepCycleTimeAvg = 4.985720847592209; SleepCycleTimeStd = 0.1406832690476516; SleepCycleTimeMax = 5.223322868347168; EventCycleTimeCount = 66.0; EventCycleTimeAvg = 0.010963241259257; ]
07/20/20 10:22:28 Initializing user log writer for /home/scitech/shared-data/sample-checkpoint-condorio-wf/scitech/pegasus/checkpoint-wf/run0002/./checkpoint-wf-0.dag.nodes.log, (8.0.0)
07/20/20 10:22:28 Initializing user log writer for /home/scitech/shared-data/sample-checkpoint-condorio-wf/scitech/pegasus/checkpoint-wf/run0002/./checkpoint-wf-0.dag.nodes.log, (9.0.0)
07/20/20 10:22:33 Currently monitoring 1 HTCondor log file(s)
07/20/20 10:22:33 Event: ULOG_POST_SCRIPT_TERMINATED for HTCondor Node clean_up_local_level_3_0 (8.0.0) {07/20/20 10:22:28}
07/20/20 10:22:33 POST Script of node clean_up_local_level_3_0 completed successfully.
07/20/20 10:22:33 Event: ULOG_POST_SCRIPT_TERMINATED for HTCondor Node stage_out_local_local_0_0 (9.0.0) {07/20/20 10:22:28}
07/20/20 10:22:33 POST Script of node stage_out_local_local_0_0 completed successfully.
07/20/20 10:22:33 DAG status: 0 (DAG_STATUS_OK)
07/20/20 10:22:33 Of 9 nodes total:
07/20/20 10:22:33  Done     Pre   Queued    Post   Ready   Un-Ready   Failed
07/20/20 10:22:33   ===     ===      ===     ===     ===        ===      ===
07/20/20 10:22:33     6       0        0       0       2          1        0
07/20/20 10:22:33 0 job proc(s) currently held
07/20/20 10:22:33 DAGMan Runtime Statistics: [ EventCycleTimeStd = 0.02076119416611797; EventCycleTimeMax = 0.09765505790710449; SubmitCycleTimeMin = 0.0001699924468994141; SubmitCycleTimeAvg = 0.006291894351734835; SleepCycleTimeCount = 67.0; SubmitCycleTimeCount = 68.0; SubmitCycleTimeMax = 0.0910789966583252; SleepCycleTimeMin = 4.228990077972412; SubmitCycleTimeSum = 0.4278488159179688; LogProcessCycleTimeStd = 0.007507523601531539; SubmitCycleTimeStd = 0.01883870232000792; LogProcessCycleTimeAvg = 0.01049936518949621; EventCycleTimeMin = 0.0004689693450927734; LogProcessCycleTimeMax = 0.0273890495300293; LogProcessCycleTimeMin = 0.002693891525268555; LogProcessCycleTimeSum = 0.1784892082214355; LogProcessCycleTimeCount = 17.0; EventCycleTimeSum = 0.7561850547790527; SleepCycleTimeSum = 334.2927768230438; SleepCycleTimeAvg = 4.989444430194684; SleepCycleTimeStd = 0.1429015962746258; SleepCycleTimeMax = 5.235200881958008; EventCycleTimeCount = 67.0; EventCycleTimeAvg = 0.01128634410117989; ]
07/20/20 10:22:38 Submitting HTCondor Node clean_up_local_level_4_0 job(s)...
07/20/20 10:22:38 Adding a DAGMan workflow log /home/scitech/shared-data/sample-checkpoint-condorio-wf/scitech/pegasus/checkpoint-wf/run0002/./checkpoint-wf-0.dag.nodes.log
07/20/20 10:22:38 Masking the events recorded in the DAGMAN workflow log
07/20/20 10:22:38 Mask for workflow log is 0,1,2,4,5,7,9,10,11,12,13,16,17,24,27,35,36
07/20/20 10:22:38 submitting: /usr/bin/condor_submit -a dag_node_name' '=' 'clean_up_local_level_4_0 -a +DAGManJobId' '=' '1 -a DAGManJobId' '=' '1 -batch-name checkpoint-wf-0.dag+1 -a submit_event_notes' '=' 'DAG' 'Node:' 'clean_up_local_level_4_0 -a dagman_log' '=' '/home/scitech/shared-data/sample-checkpoint-condorio-wf/scitech/pegasus/checkpoint-wf/run0002/./checkpoint-wf-0.dag.nodes.log -a +DAGManNodesMask' '=' '"0,1,2,4,5,7,9,10,11,12,13,16,17,24,27,35,36" -a priority=1000 -a +DAGNodeRetry' '=' '0 -a DAG_STATUS' '=' '0 -a FAILED_COUNT' '=' '0 -a +KeepClaimIdle' '=' '20 -a notification' '=' 'never -a +DAGParentNodeNames' '=' '"stage_out_local_local_0_0" 00/00/clean_up_local_level_4_0.sub
07/20/20 10:22:38 From submit: Submitting job(s).
07/20/20 10:22:38 From submit: 1 job(s) submitted to cluster 10.
07/20/20 10:22:38 	assigned HTCondor ID (10.0.0)
07/20/20 10:22:38 Submitting HTCondor Node register_local_0_0 job(s)...
07/20/20 10:22:38 Adding a DAGMan workflow log /home/scitech/shared-data/sample-checkpoint-condorio-wf/scitech/pegasus/checkpoint-wf/run0002/./checkpoint-wf-0.dag.nodes.log
07/20/20 10:22:38 Masking the events recorded in the DAGMAN workflow log
07/20/20 10:22:38 Mask for workflow log is 0,1,2,4,5,7,9,10,11,12,13,16,17,24,27,35,36
07/20/20 10:22:38 submitting: /usr/bin/condor_submit -a dag_node_name' '=' 'register_local_0_0 -a +DAGManJobId' '=' '1 -a DAGManJobId' '=' '1 -batch-name checkpoint-wf-0.dag+1 -a submit_event_notes' '=' 'DAG' 'Node:' 'register_local_0_0 -a dagman_log' '=' '/home/scitech/shared-data/sample-checkpoint-condorio-wf/scitech/pegasus/checkpoint-wf/run0002/./checkpoint-wf-0.dag.nodes.log -a +DAGManNodesMask' '=' '"0,1,2,4,5,7,9,10,11,12,13,16,17,24,27,35,36" -a priority=40 -a +DAGNodeRetry' '=' '0 -a DAG_STATUS' '=' '0 -a FAILED_COUNT' '=' '0 -a notification' '=' 'never -a +DAGParentNodeNames' '=' '"stage_out_local_local_0_0" 00/00/register_local_0_0.sub
07/20/20 10:22:38 From submit: Submitting job(s).
07/20/20 10:22:38 From submit: 1 job(s) submitted to cluster 11.
07/20/20 10:22:38 	assigned HTCondor ID (11.0.0)
07/20/20 10:22:38 Just submitted 2 jobs this cycle...
07/20/20 10:22:38 DAG status: 0 (DAG_STATUS_OK)
07/20/20 10:22:38 Of 9 nodes total:
07/20/20 10:22:38  Done     Pre   Queued    Post   Ready   Un-Ready   Failed
07/20/20 10:22:38   ===     ===      ===     ===     ===        ===      ===
07/20/20 10:22:38     6       0        2       0       0          1        0
07/20/20 10:22:38 0 job proc(s) currently held
07/20/20 10:22:38 DAGMan Runtime Statistics: [ EventCycleTimeStd = 0.02061076400615093; EventCycleTimeMax = 0.09765505790710449; SubmitCycleTimeMin = 0.0001699924468994141; SubmitCycleTimeAvg = 0.007470086000967717; SleepCycleTimeCount = 68.0; SubmitCycleTimeCount = 69.0; SubmitCycleTimeMax = 0.0910789966583252; SleepCycleTimeMin = 4.228990077972412; SubmitCycleTimeSum = 0.5154359340667725; LogProcessCycleTimeStd = 0.007507523601531539; SubmitCycleTimeStd = 0.02110589940536584; LogProcessCycleTimeAvg = 0.01049936518949621; EventCycleTimeMin = 0.0004689693450927734; LogProcessCycleTimeMax = 0.0273890495300293; LogProcessCycleTimeMin = 0.002693891525268555; LogProcessCycleTimeSum = 0.1784892082214355; LogProcessCycleTimeCount = 17.0; EventCycleTimeSum = 0.7712471485137939; SleepCycleTimeSum = 339.3021197319031; SleepCycleTimeAvg = 4.989737054880927; SleepCycleTimeStd = 0.1418516829504833; SleepCycleTimeMax = 5.235200881958008; EventCycleTimeCount = 68.0; EventCycleTimeAvg = 0.01134186983108521; ]
07/20/20 10:22:43 Currently monitoring 1 HTCondor log file(s)
07/20/20 10:22:43 Reassigning the id of job clean_up_local_level_4_0 from (10.0.0) to (10.0.0)
07/20/20 10:22:43 Event: ULOG_SUBMIT for HTCondor Node clean_up_local_level_4_0 (10.0.0) {07/20/20 10:22:38}
07/20/20 10:22:43 Number of idle job procs: 1
07/20/20 10:22:43 Reassigning the id of job register_local_0_0 from (11.0.0) to (11.0.0)
07/20/20 10:22:43 Event: ULOG_SUBMIT for HTCondor Node register_local_0_0 (11.0.0) {07/20/20 10:22:38}
07/20/20 10:22:43 Number of idle job procs: 2
07/20/20 10:22:43 Event: ULOG_EXECUTE for HTCondor Node clean_up_local_level_4_0 (10.0.0) {07/20/20 10:22:42}
07/20/20 10:22:43 Number of idle job procs: 1
07/20/20 10:22:43 Event: ULOG_EXECUTE for HTCondor Node register_local_0_0 (11.0.0) {07/20/20 10:22:42}
07/20/20 10:22:43 Number of idle job procs: 0
07/20/20 10:22:48 Currently monitoring 1 HTCondor log file(s)
07/20/20 10:22:48 Event: ULOG_JOB_TERMINATED for HTCondor Node register_local_0_0 (11.0.0) {07/20/20 10:22:45}
07/20/20 10:22:48 Number of idle job procs: 0
07/20/20 10:22:48 Node register_local_0_0 job proc (11.0.0) completed successfully.
07/20/20 10:22:48 Node register_local_0_0 job completed
07/20/20 10:22:48 Running POST script of Node register_local_0_0...
07/20/20 10:22:48 Warning: mysin has length 0 (ignore if produced by DAGMan; see gittrac #4987, #5031)
07/20/20 10:22:48 Event: ULOG_JOB_TERMINATED for HTCondor Node clean_up_local_level_4_0 (10.0.0) {07/20/20 10:22:47}
07/20/20 10:22:48 Number of idle job procs: 0
07/20/20 10:22:48 Node clean_up_local_level_4_0 job proc (10.0.0) completed successfully.
07/20/20 10:22:48 Node clean_up_local_level_4_0 job completed
07/20/20 10:22:48 Running POST script of Node clean_up_local_level_4_0...
07/20/20 10:22:48 Warning: mysin has length 0 (ignore if produced by DAGMan; see gittrac #4987, #5031)
07/20/20 10:22:48 DAG status: 0 (DAG_STATUS_OK)
07/20/20 10:22:48 Of 9 nodes total:
07/20/20 10:22:48  Done     Pre   Queued    Post   Ready   Un-Ready   Failed
07/20/20 10:22:48   ===     ===      ===     ===     ===        ===      ===
07/20/20 10:22:48     6       0        0       2       0          1        0
07/20/20 10:22:48 0 job proc(s) currently held
07/20/20 10:22:48 DAGMan Runtime Statistics: [ EventCycleTimeStd = 0.02261806227386401; EventCycleTimeMax = 0.09765505790710449; SubmitCycleTimeMin = 0.0001699924468994141; SubmitCycleTimeAvg = 0.007268015767487002; SleepCycleTimeCount = 70.0; SubmitCycleTimeCount = 71.0; SubmitCycleTimeMax = 0.0910789966583252; SleepCycleTimeMin = 4.228990077972412; SubmitCycleTimeSum = 0.5160291194915771; LogProcessCycleTimeStd = 0.007375711754126741; SubmitCycleTimeStd = 0.02083651738150539; LogProcessCycleTimeAvg = 0.0107975257070441; EventCycleTimeMin = 0.0004689693450927734; LogProcessCycleTimeMax = 0.0273890495300293; LogProcessCycleTimeMin = 0.002693891525268555; LogProcessCycleTimeSum = 0.2051529884338379; LogProcessCycleTimeCount = 19.0; EventCycleTimeSum = 0.8743240833282471; SleepCycleTimeSum = 349.31236577034; SleepCycleTimeAvg = 4.990176653861999; SleepCycleTimeStd = 0.1398045885043454; SleepCycleTimeMax = 5.235200881958008; EventCycleTimeCount = 70.0; EventCycleTimeAvg = 0.01249034404754639; ]
07/20/20 10:22:48 Initializing user log writer for /home/scitech/shared-data/sample-checkpoint-condorio-wf/scitech/pegasus/checkpoint-wf/run0002/./checkpoint-wf-0.dag.nodes.log, (11.0.0)
07/20/20 10:22:48 Initializing user log writer for /home/scitech/shared-data/sample-checkpoint-condorio-wf/scitech/pegasus/checkpoint-wf/run0002/./checkpoint-wf-0.dag.nodes.log, (10.0.0)
07/20/20 10:22:53 Currently monitoring 1 HTCondor log file(s)
07/20/20 10:22:53 Event: ULOG_POST_SCRIPT_TERMINATED for HTCondor Node register_local_0_0 (11.0.0) {07/20/20 10:22:48}
07/20/20 10:22:53 POST Script of node register_local_0_0 completed successfully.
07/20/20 10:22:53 Event: ULOG_POST_SCRIPT_TERMINATED for HTCondor Node clean_up_local_level_4_0 (10.0.0) {07/20/20 10:22:48}
07/20/20 10:22:53 POST Script of node clean_up_local_level_4_0 completed successfully.
07/20/20 10:22:53 DAG status: 0 (DAG_STATUS_OK)
07/20/20 10:22:53 Of 9 nodes total:
07/20/20 10:22:53  Done     Pre   Queued    Post   Ready   Un-Ready   Failed
07/20/20 10:22:53   ===     ===      ===     ===     ===        ===      ===
07/20/20 10:22:53     8       0        0       0       1          0        0
07/20/20 10:22:53 0 job proc(s) currently held
07/20/20 10:22:53 DAGMan Runtime Statistics: [ EventCycleTimeStd = 0.02251940597959167; EventCycleTimeMax = 0.09765505790710449; SubmitCycleTimeMin = 0.0001699924468994141; SubmitCycleTimeAvg = 0.007175985309812758; SleepCycleTimeCount = 71.0; SubmitCycleTimeCount = 72.0; SubmitCycleTimeMax = 0.0910789966583252; SleepCycleTimeMin = 4.228990077972412; SubmitCycleTimeSum = 0.5166709423065186; LogProcessCycleTimeStd = 0.007201889870337089; SubmitCycleTimeStd = 0.02070399314508025; LogProcessCycleTimeAvg = 0.01066920757293701; EventCycleTimeMin = 0.0004689693450927734; LogProcessCycleTimeMax = 0.0273890495300293; LogProcessCycleTimeMin = 0.002693891525268555; LogProcessCycleTimeSum = 0.2133841514587402; LogProcessCycleTimeCount = 20.0; EventCycleTimeSum = 0.9010522365570068; SleepCycleTimeSum = 354.5343606472015; SleepCycleTimeAvg = 4.993441699256359; SleepCycleTimeStd = 0.1415026539987028; SleepCycleTimeMax = 5.235200881958008; EventCycleTimeCount = 71.0; EventCycleTimeAvg = 0.01269087657122545; ]
07/20/20 10:22:58 Submitting HTCondor Node cleanup_checkpoint-wf_0_local job(s)...
07/20/20 10:22:58 Adding a DAGMan workflow log /home/scitech/shared-data/sample-checkpoint-condorio-wf/scitech/pegasus/checkpoint-wf/run0002/./checkpoint-wf-0.dag.nodes.log
07/20/20 10:22:58 Masking the events recorded in the DAGMAN workflow log
07/20/20 10:22:58 Mask for workflow log is 0,1,2,4,5,7,9,10,11,12,13,16,17,24,27,35,36
07/20/20 10:22:58 submitting: /usr/bin/condor_submit -a dag_node_name' '=' 'cleanup_checkpoint-wf_0_local -a +DAGManJobId' '=' '1 -a DAGManJobId' '=' '1 -batch-name checkpoint-wf-0.dag+1 -a submit_event_notes' '=' 'DAG' 'Node:' 'cleanup_checkpoint-wf_0_local -a dagman_log' '=' '/home/scitech/shared-data/sample-checkpoint-condorio-wf/scitech/pegasus/checkpoint-wf/run0002/./checkpoint-wf-0.dag.nodes.log -a +DAGManNodesMask' '=' '"0,1,2,4,5,7,9,10,11,12,13,16,17,24,27,35,36" -a priority=1000 -a +DAGNodeRetry' '=' '0 -a DAG_STATUS' '=' '0 -a FAILED_COUNT' '=' '0 -a notification' '=' 'never -a +DAGParentNodeNames' '=' '"clean_up_local_level_3_0,clean_up_local_level_4_0" 00/00/cleanup_checkpoint-wf_0_local.sub
07/20/20 10:22:58 From submit: Submitting job(s).
07/20/20 10:22:58 From submit: 1 job(s) submitted to cluster 12.
07/20/20 10:22:58 	assigned HTCondor ID (12.0.0)
07/20/20 10:22:58 Just submitted 1 job this cycle...
07/20/20 10:22:58 DAG status: 0 (DAG_STATUS_OK)
07/20/20 10:22:58 Of 9 nodes total:
07/20/20 10:22:58  Done     Pre   Queued    Post   Ready   Un-Ready   Failed
07/20/20 10:22:58   ===     ===      ===     ===     ===        ===      ===
07/20/20 10:22:58     8       0        1       0       0          0        0
07/20/20 10:22:58 0 job proc(s) currently held
07/20/20 10:22:58 DAGMan Runtime Statistics: [ EventCycleTimeStd = 0.02236383607548563; EventCycleTimeMax = 0.09765505790710449; SubmitCycleTimeMin = 0.0001699924468994141; SubmitCycleTimeAvg = 0.007788873698613415; SleepCycleTimeCount = 72.0; SubmitCycleTimeCount = 73.0; SubmitCycleTimeMax = 0.0910789966583252; SleepCycleTimeMin = 4.228990077972412; SubmitCycleTimeSum = 0.5685877799987793; LogProcessCycleTimeStd = 0.007201889870337089; SubmitCycleTimeStd = 0.02121610083879444; LogProcessCycleTimeAvg = 0.01066920757293701; EventCycleTimeMin = 0.0004689693450927734; LogProcessCycleTimeMax = 0.0273890495300293; LogProcessCycleTimeMin = 0.002693891525268555; LogProcessCycleTimeSum = 0.2133841514587402; LogProcessCycleTimeCount = 20.0; EventCycleTimeSum = 0.9171383380889893; SleepCycleTimeSum = 359.5114915370941; SleepCycleTimeAvg = 4.993215160237418; SleepCycleTimeStd = 0.1405157714407389; SleepCycleTimeMax = 5.235200881958008; EventCycleTimeCount = 72.0; EventCycleTimeAvg = 0.01273803247345818; ]
07/20/20 10:23:03 Currently monitoring 1 HTCondor log file(s)
07/20/20 10:23:03 Reassigning the id of job cleanup_checkpoint-wf_0_local from (12.0.0) to (12.0.0)
07/20/20 10:23:03 Event: ULOG_SUBMIT for HTCondor Node cleanup_checkpoint-wf_0_local (12.0.0) {07/20/20 10:22:58}
07/20/20 10:23:03 Number of idle job procs: 1
07/20/20 10:23:08 Currently monitoring 1 HTCondor log file(s)
07/20/20 10:23:08 Event: ULOG_EXECUTE for HTCondor Node cleanup_checkpoint-wf_0_local (12.0.0) {07/20/20 10:23:04}
07/20/20 10:23:08 Number of idle job procs: 0
07/20/20 10:23:08 Event: ULOG_JOB_TERMINATED for HTCondor Node cleanup_checkpoint-wf_0_local (12.0.0) {07/20/20 10:23:06}
07/20/20 10:23:08 Number of idle job procs: 0
07/20/20 10:23:08 Node cleanup_checkpoint-wf_0_local job proc (12.0.0) completed successfully.
07/20/20 10:23:08 Node cleanup_checkpoint-wf_0_local job completed
07/20/20 10:23:08 Running POST script of Node cleanup_checkpoint-wf_0_local...
07/20/20 10:23:08 Warning: mysin has length 0 (ignore if produced by DAGMan; see gittrac #4987, #5031)
07/20/20 10:23:08 DAG status: 0 (DAG_STATUS_OK)
07/20/20 10:23:08 Of 9 nodes total:
07/20/20 10:23:08  Done     Pre   Queued    Post   Ready   Un-Ready   Failed
07/20/20 10:23:08   ===     ===      ===     ===     ===        ===      ===
07/20/20 10:23:08     8       0        0       1       0          0        0
07/20/20 10:23:08 0 job proc(s) currently held
07/20/20 10:23:08 DAGMan Runtime Statistics: [ EventCycleTimeStd = 0.02268494501035898; EventCycleTimeMax = 0.09765505790710449; SubmitCycleTimeMin = 0.0001699924468994141; SubmitCycleTimeAvg = 0.007605994542439778; SleepCycleTimeCount = 74.0; SubmitCycleTimeCount = 75.0; SubmitCycleTimeMax = 0.0910789966583252; SleepCycleTimeMin = 4.228990077972412; SubmitCycleTimeSum = 0.5704495906829834; LogProcessCycleTimeStd = 0.007114084870156534; SubmitCycleTimeStd = 0.02095698304461305; LogProcessCycleTimeAvg = 0.01085845990614458; EventCycleTimeMin = 0.0004689693450927734; LogProcessCycleTimeMax = 0.0273890495300293; LogProcessCycleTimeMin = 0.002693891525268555; LogProcessCycleTimeSum = 0.2388861179351807; LogProcessCycleTimeCount = 22.0; EventCycleTimeSum = 0.984168529510498; SleepCycleTimeSum = 369.5220243930817; SleepCycleTimeAvg = 4.993540870176779; SleepCycleTimeStd = 0.138591503819468; SleepCycleTimeMax = 5.235200881958008; EventCycleTimeCount = 74.0; EventCycleTimeAvg = 0.01329957472311484; ]
07/20/20 10:23:09 Initializing user log writer for /home/scitech/shared-data/sample-checkpoint-condorio-wf/scitech/pegasus/checkpoint-wf/run0002/./checkpoint-wf-0.dag.nodes.log, (12.0.0)
07/20/20 10:23:13 Currently monitoring 1 HTCondor log file(s)
07/20/20 10:23:13 Event: ULOG_POST_SCRIPT_TERMINATED for HTCondor Node cleanup_checkpoint-wf_0_local (12.0.0) {07/20/20 10:23:09}
07/20/20 10:23:13 POST Script of node cleanup_checkpoint-wf_0_local completed successfully.
07/20/20 10:23:13 DAG status: 0 (DAG_STATUS_OK)
07/20/20 10:23:13 Of 9 nodes total:
07/20/20 10:23:13  Done     Pre   Queued    Post   Ready   Un-Ready   Failed
07/20/20 10:23:13   ===     ===      ===     ===     ===        ===      ===
07/20/20 10:23:13     9       0        0       0       0          0        0
07/20/20 10:23:13 0 job proc(s) currently held
07/20/20 10:23:13 DAGMan Runtime Statistics: [ EventCycleTimeStd = 0.02258967531352982; EventCycleTimeMax = 0.09765505790710449; SubmitCycleTimeMin = 0.0001699924468994141; SubmitCycleTimeAvg = 0.007510455031143992; SleepCycleTimeCount = 75.0; SubmitCycleTimeCount = 76.0; SubmitCycleTimeMax = 0.0910789966583252; SleepCycleTimeMin = 4.228990077972412; SubmitCycleTimeSum = 0.5707945823669434; LogProcessCycleTimeStd = 0.007154784232932296; SubmitCycleTimeStd = 0.02083345664595898; LogProcessCycleTimeAvg = 0.01050452564073646; EventCycleTimeMin = 0.0004689693450927734; LogProcessCycleTimeMax = 0.0273890495300293; LogProcessCycleTimeMin = 0.002693891525268555; LogProcessCycleTimeSum = 0.2416040897369385; LogProcessCycleTimeCount = 23.0; EventCycleTimeSum = 1.011541604995728; SleepCycleTimeSum = 373.752934217453; SleepCycleTimeAvg = 4.983372456232707; SleepCycleTimeStd = 0.1634098860610734; SleepCycleTimeMax = 5.235200881958008; EventCycleTimeCount = 75.0; EventCycleTimeAvg = 0.01348722139994303; ]
07/20/20 10:23:13 All jobs Completed!
07/20/20 10:23:13 Note: 0 total job deferrals because of -MaxJobs limit (0)
07/20/20 10:23:13 Note: 0 total job deferrals because of -MaxIdle limit (1000)
07/20/20 10:23:13 Note: 0 total job deferrals because of node category throttles
07/20/20 10:23:13 Note: 0 total PRE script deferrals because of -MaxPre limit (20) or DEFER
07/20/20 10:23:13 Note: 0 total POST script deferrals because of -MaxPost limit (20) or DEFER
07/20/20 10:23:13 DAG status: 0 (DAG_STATUS_OK)
07/20/20 10:23:13 Of 9 nodes total:
07/20/20 10:23:13  Done     Pre   Queued    Post   Ready   Un-Ready   Failed
07/20/20 10:23:13   ===     ===      ===     ===     ===        ===      ===
07/20/20 10:23:13     9       0        0       0       0          0        0
07/20/20 10:23:13 0 job proc(s) currently held
07/20/20 10:23:13 DAGMan Runtime Statistics: [ EventCycleTimeStd = 0.02258967531352982; EventCycleTimeMax = 0.09765505790710449; SubmitCycleTimeMin = 0.0001699924468994141; SubmitCycleTimeAvg = 0.007510455031143992; SleepCycleTimeCount = 75.0; SubmitCycleTimeCount = 76.0; SubmitCycleTimeMax = 0.0910789966583252; SleepCycleTimeMin = 4.228990077972412; SubmitCycleTimeSum = 0.5707945823669434; LogProcessCycleTimeStd = 0.007154784232932296; SubmitCycleTimeStd = 0.02083345664595898; LogProcessCycleTimeAvg = 0.01050452564073646; EventCycleTimeMin = 0.0004689693450927734; LogProcessCycleTimeMax = 0.0273890495300293; LogProcessCycleTimeMin = 0.002693891525268555; LogProcessCycleTimeSum = 0.2416040897369385; LogProcessCycleTimeCount = 23.0; EventCycleTimeSum = 1.011541604995728; SleepCycleTimeSum = 373.752934217453; SleepCycleTimeAvg = 4.983372456232707; SleepCycleTimeStd = 0.1634098860610734; SleepCycleTimeMax = 5.235200881958008; EventCycleTimeCount = 75.0; EventCycleTimeAvg = 0.01348722139994303; ]
07/20/20 10:23:13 Wrote metrics file checkpoint-wf-0.dag.metrics.
07/20/20 10:23:13 Reporting metrics to Pegasus metrics server(s); output is in checkpoint-wf-0.dag.metrics.out.
07/20/20 10:23:13 Running command </usr/libexec/condor/condor_dagman_metrics_reporter -f checkpoint-wf-0.dag.metrics -t 100>
07/20/20 10:23:13 Warning: mysin has length 0 (ignore if produced by DAGMan; see gittrac #4987, #5031)
07/20/20 10:23:13 DAGMan Runtime Statistics: [ EventCycleTimeStd = 0.02258967531352982; EventCycleTimeMax = 0.09765505790710449; SubmitCycleTimeMin = 0.0001699924468994141; SubmitCycleTimeAvg = 0.007510455031143992; SleepCycleTimeCount = 75.0; SubmitCycleTimeCount = 76.0; SubmitCycleTimeMax = 0.0910789966583252; SleepCycleTimeMin = 4.228990077972412; SubmitCycleTimeSum = 0.5707945823669434; LogProcessCycleTimeStd = 0.007154784232932296; SubmitCycleTimeStd = 0.02083345664595898; LogProcessCycleTimeAvg = 0.01050452564073646; EventCycleTimeMin = 0.0004689693450927734; LogProcessCycleTimeMax = 0.0273890495300293; LogProcessCycleTimeMin = 0.002693891525268555; LogProcessCycleTimeSum = 0.2416040897369385; LogProcessCycleTimeCount = 23.0; EventCycleTimeSum = 1.011541604995728; SleepCycleTimeSum = 373.752934217453; SleepCycleTimeAvg = 4.983372456232707; SleepCycleTimeStd = 0.1634098860610734; SleepCycleTimeMax = 5.235200881958008; EventCycleTimeCount = 75.0; EventCycleTimeAvg = 0.01348722139994303; ]
07/20/20 10:23:13 **** condor_scheduniv_exec.1.0 (condor_DAGMAN) pid 646 EXITING WITH STATUS 0
