000 (002.000.000) 07/20 10:16:58 Job submitted from host: <127.0.0.1:9618?addrs=127.0.0.1-9618&noUDP&sock=269_6778_4>
    DAG Node: create_dir_checkpoint-wf_0_local
    pool:local
...
001 (002.000.000) 07/20 10:16:59 Job executing on host: <127.0.0.1:9618?addrs=127.0.0.1-9618&noUDP&sock=277_ebe4_2>
...
005 (002.000.000) 07/20 10:17:01 Job terminated.
	(1) Normal termination (return value 0)
		Usr 0 00:00:00, Sys 0 00:00:00  -  Run Remote Usage
		Usr 0 00:00:00, Sys 0 00:00:00  -  Run Local Usage
		Usr 0 00:00:00, Sys 0 00:00:00  -  Total Remote Usage
		Usr 0 00:00:00, Sys 0 00:00:00  -  Total Local Usage
	0  -  Run Bytes Sent By Job
	0  -  Run Bytes Received By Job
	0  -  Total Bytes Sent By Job
	0  -  Total Bytes Received By Job
...
016 (002.000.000) 07/20 10:17:03 POST Script terminated.
	(1) Normal termination (return value 0)
    DAG Node: create_dir_checkpoint-wf_0_local
...
000 (003.000.000) 07/20 10:17:13 Job submitted from host: <127.0.0.1:9618?addrs=127.0.0.1-9618&noUDP&sock=269_6778_4>
    DAG Node: stage_in_remote_local_0_0
    pool:local
...
000 (004.000.000) 07/20 10:17:13 Job submitted from host: <127.0.0.1:9618?addrs=127.0.0.1-9618&noUDP&sock=269_6778_4>
    DAG Node: stage_in_local_local_0_0
    pool:local
...
001 (004.000.000) 07/20 10:17:16 Job executing on host: <127.0.0.1:9618?addrs=127.0.0.1-9618&noUDP&sock=277_ebe4_3>
...
001 (003.000.000) 07/20 10:17:16 Job executing on host: <127.0.0.1:9618?addrs=127.0.0.1-9618&noUDP&sock=277_ebe4_4>
...
005 (003.000.000) 07/20 10:17:18 Job terminated.
	(1) Normal termination (return value 0)
		Usr 0 00:00:00, Sys 0 00:00:00  -  Run Remote Usage
		Usr 0 00:00:00, Sys 0 00:00:00  -  Run Local Usage
		Usr 0 00:00:00, Sys 0 00:00:00  -  Total Remote Usage
		Usr 0 00:00:00, Sys 0 00:00:00  -  Total Local Usage
	0  -  Run Bytes Sent By Job
	0  -  Run Bytes Received By Job
	0  -  Total Bytes Sent By Job
	0  -  Total Bytes Received By Job
...
005 (004.000.000) 07/20 10:17:18 Job terminated.
	(1) Normal termination (return value 0)
		Usr 0 00:00:00, Sys 0 00:00:00  -  Run Remote Usage
		Usr 0 00:00:00, Sys 0 00:00:00  -  Run Local Usage
		Usr 0 00:00:00, Sys 0 00:00:00  -  Total Remote Usage
		Usr 0 00:00:00, Sys 0 00:00:00  -  Total Local Usage
	0  -  Run Bytes Sent By Job
	0  -  Run Bytes Received By Job
	0  -  Total Bytes Sent By Job
	0  -  Total Bytes Received By Job
...
016 (004.000.000) 07/20 10:17:19 POST Script terminated.
	(1) Normal termination (return value 0)
    DAG Node: stage_in_local_local_0_0
...
016 (003.000.000) 07/20 10:17:19 POST Script terminated.
	(1) Normal termination (return value 0)
    DAG Node: stage_in_remote_local_0_0
...
000 (005.000.000) 07/20 10:17:28 Job submitted from host: <127.0.0.1:9618?addrs=127.0.0.1-9618&noUDP&sock=269_6778_4>
    DAG Node: checkpoint_program_py_ID0000001
    pool:condorpool
...
001 (005.000.000) 07/20 10:17:34 Job executing on host: <127.0.0.1:9618?addrs=127.0.0.1-9618&noUDP&sock=269_6778_5>
...
005 (005.000.000) 07/20 10:19:05 Job terminated.
	(1) Normal termination (return value 14)
		Usr 0 00:00:00, Sys 0 00:00:00  -  Run Remote Usage
		Usr 0 00:00:00, Sys 0 00:00:00  -  Run Local Usage
		Usr 0 00:00:00, Sys 0 00:00:00  -  Total Remote Usage
		Usr 0 00:00:00, Sys 0 00:00:00  -  Total Local Usage
	9057  -  Run Bytes Sent By Job
	10735501  -  Run Bytes Received By Job
	9057  -  Total Bytes Sent By Job
	10735501  -  Total Bytes Received By Job
	Partitionable Resources :    Usage  Request Allocated 
	   Cpus                 :     0.01        1         1 
	   Disk (KB)            : 64261       12500   5630159 
	   Memory (MB)          :    17           1       331 
...
016 (005.000.000) 07/20 10:19:08 POST Script terminated.
	(1) Normal termination (return value 1)
    DAG Node: checkpoint_program_py_ID0000001
...
000 (006.000.000) 07/20 10:19:18 Job submitted from host: <127.0.0.1:9618?addrs=127.0.0.1-9618&noUDP&sock=269_6778_4>
    DAG Node: checkpoint_program_py_ID0000001
    pool:condorpool
...
001 (006.000.000) 07/20 10:19:19 Job executing on host: <127.0.0.1:9618?addrs=127.0.0.1-9618&noUDP&sock=269_6778_5>
...
005 (006.000.000) 07/20 10:20:50 Job terminated.
	(1) Normal termination (return value 14)
		Usr 0 00:00:00, Sys 0 00:00:00  -  Run Remote Usage
		Usr 0 00:00:00, Sys 0 00:00:00  -  Run Local Usage
		Usr 0 00:00:00, Sys 0 00:00:00  -  Total Remote Usage
		Usr 0 00:00:00, Sys 0 00:00:00  -  Total Local Usage
	9058  -  Run Bytes Sent By Job
	10735500  -  Run Bytes Received By Job
	9058  -  Total Bytes Sent By Job
	10735500  -  Total Bytes Received By Job
	Partitionable Resources :    Usage  Request Allocated 
	   Cpus                 :     0.01        1         1 
	   Disk (KB)            : 64261       12500   5630159 
	   Memory (MB)          :    16           1       331 
...
016 (006.000.000) 07/20 10:20:53 POST Script terminated.
	(1) Normal termination (return value 1)
    DAG Node: checkpoint_program_py_ID0000001
...
000 (007.000.000) 07/20 10:21:03 Job submitted from host: <127.0.0.1:9618?addrs=127.0.0.1-9618&noUDP&sock=269_6778_4>
    DAG Node: checkpoint_program_py_ID0000001
    pool:condorpool
...
001 (007.000.000) 07/20 10:21:05 Job executing on host: <127.0.0.1:9618?addrs=127.0.0.1-9618&noUDP&sock=269_6778_5>
...
005 (007.000.000) 07/20 10:22:05 Job terminated.
	(1) Normal termination (return value 0)
		Usr 0 00:00:00, Sys 0 00:00:00  -  Run Remote Usage
		Usr 0 00:00:00, Sys 0 00:00:00  -  Run Local Usage
		Usr 0 00:00:00, Sys 0 00:00:00  -  Total Remote Usage
		Usr 0 00:00:00, Sys 0 00:00:00  -  Total Local Usage
	6114  -  Run Bytes Sent By Job
	10735501  -  Run Bytes Received By Job
	6114  -  Total Bytes Sent By Job
	10735501  -  Total Bytes Received By Job
	Partitionable Resources :    Usage  Request Allocated 
	   Cpus                 :     0.01        1         1 
	   Disk (KB)            : 64258       12500   5630159 
	   Memory (MB)          :    16           1       331 
...
016 (007.000.000) 07/20 10:22:09 POST Script terminated.
	(1) Normal termination (return value 0)
    DAG Node: checkpoint_program_py_ID0000001
...
000 (008.000.000) 07/20 10:22:18 Job submitted from host: <127.0.0.1:9618?addrs=127.0.0.1-9618&noUDP&sock=269_6778_4>
    DAG Node: clean_up_local_level_3_0
    pool:local
...
000 (009.000.000) 07/20 10:22:18 Job submitted from host: <127.0.0.1:9618?addrs=127.0.0.1-9618&noUDP&sock=269_6778_4>
    DAG Node: stage_out_local_local_0_0
    pool:local
...
001 (008.000.000) 07/20 10:22:21 Job executing on host: <127.0.0.1:9618?addrs=127.0.0.1-9618&noUDP&sock=277_ebe4_8>
...
001 (009.000.000) 07/20 10:22:21 Job executing on host: <127.0.0.1:9618?addrs=127.0.0.1-9618&noUDP&sock=277_ebe4_9>
...
005 (008.000.000) 07/20 10:22:23 Job terminated.
	(1) Normal termination (return value 0)
		Usr 0 00:00:00, Sys 0 00:00:00  -  Run Remote Usage
		Usr 0 00:00:00, Sys 0 00:00:00  -  Run Local Usage
		Usr 0 00:00:00, Sys 0 00:00:00  -  Total Remote Usage
		Usr 0 00:00:00, Sys 0 00:00:00  -  Total Local Usage
	0  -  Run Bytes Sent By Job
	0  -  Run Bytes Received By Job
	0  -  Total Bytes Sent By Job
	0  -  Total Bytes Received By Job
...
005 (009.000.000) 07/20 10:22:25 Job terminated.
	(1) Normal termination (return value 0)
		Usr 0 00:00:00, Sys 0 00:00:00  -  Run Remote Usage
		Usr 0 00:00:00, Sys 0 00:00:00  -  Run Local Usage
		Usr 0 00:00:00, Sys 0 00:00:00  -  Total Remote Usage
		Usr 0 00:00:00, Sys 0 00:00:00  -  Total Local Usage
	0  -  Run Bytes Sent By Job
	0  -  Run Bytes Received By Job
	0  -  Total Bytes Sent By Job
	0  -  Total Bytes Received By Job
...
016 (008.000.000) 07/20 10:22:28 POST Script terminated.
	(1) Normal termination (return value 0)
    DAG Node: clean_up_local_level_3_0
...
016 (009.000.000) 07/20 10:22:28 POST Script terminated.
	(1) Normal termination (return value 0)
    DAG Node: stage_out_local_local_0_0
...
000 (010.000.000) 07/20 10:22:38 Job submitted from host: <127.0.0.1:9618?addrs=127.0.0.1-9618&noUDP&sock=269_6778_4>
    DAG Node: clean_up_local_level_4_0
    pool:local
...
000 (011.000.000) 07/20 10:22:38 Job submitted from host: <127.0.0.1:9618?addrs=127.0.0.1-9618&noUDP&sock=269_6778_4>
    DAG Node: register_local_0_0
    pool:local
...
001 (010.000.000) 07/20 10:22:42 Job executing on host: <127.0.0.1:9618?addrs=127.0.0.1-9618&noUDP&sock=277_ebe4_10>
...
001 (011.000.000) 07/20 10:22:42 Job executing on host: <127.0.0.1:9618?addrs=127.0.0.1-9618&noUDP&sock=277_ebe4_11>
...
005 (011.000.000) 07/20 10:22:45 Job terminated.
	(1) Normal termination (return value 0)
		Usr 0 00:00:00, Sys 0 00:00:00  -  Run Remote Usage
		Usr 0 00:00:00, Sys 0 00:00:00  -  Run Local Usage
		Usr 0 00:00:00, Sys 0 00:00:00  -  Total Remote Usage
		Usr 0 00:00:00, Sys 0 00:00:00  -  Total Local Usage
	0  -  Run Bytes Sent By Job
	0  -  Run Bytes Received By Job
	0  -  Total Bytes Sent By Job
	0  -  Total Bytes Received By Job
...
005 (010.000.000) 07/20 10:22:47 Job terminated.
	(1) Normal termination (return value 0)
		Usr 0 00:00:00, Sys 0 00:00:00  -  Run Remote Usage
		Usr 0 00:00:00, Sys 0 00:00:00  -  Run Local Usage
		Usr 0 00:00:00, Sys 0 00:00:00  -  Total Remote Usage
		Usr 0 00:00:00, Sys 0 00:00:00  -  Total Local Usage
	0  -  Run Bytes Sent By Job
	0  -  Run Bytes Received By Job
	0  -  Total Bytes Sent By Job
	0  -  Total Bytes Received By Job
...
016 (011.000.000) 07/20 10:22:48 POST Script terminated.
	(1) Normal termination (return value 0)
    DAG Node: register_local_0_0
...
016 (010.000.000) 07/20 10:22:48 POST Script terminated.
	(1) Normal termination (return value 0)
    DAG Node: clean_up_local_level_4_0
...
000 (012.000.000) 07/20 10:22:58 Job submitted from host: <127.0.0.1:9618?addrs=127.0.0.1-9618&noUDP&sock=269_6778_4>
    DAG Node: cleanup_checkpoint-wf_0_local
    pool:local
...
001 (012.000.000) 07/20 10:23:04 Job executing on host: <127.0.0.1:9618?addrs=127.0.0.1-9618&noUDP&sock=277_ebe4_12>
...
005 (012.000.000) 07/20 10:23:06 Job terminated.
	(1) Normal termination (return value 0)
		Usr 0 00:00:00, Sys 0 00:00:00  -  Run Remote Usage
		Usr 0 00:00:00, Sys 0 00:00:00  -  Run Local Usage
		Usr 0 00:00:00, Sys 0 00:00:00  -  Total Remote Usage
		Usr 0 00:00:00, Sys 0 00:00:00  -  Total Local Usage
	0  -  Run Bytes Sent By Job
	0  -  Run Bytes Received By Job
	0  -  Total Bytes Sent By Job
	0  -  Total Bytes Received By Job
...
016 (012.000.000) 07/20 10:23:09 POST Script terminated.
	(1) Normal termination (return value 0)
    DAG Node: cleanup_checkpoint-wf_0_local
...
