2020-07-20 10:16:54,945:INFO:pegasus-monitord(58): pegasus-monitord starting - pid 647 
2020-07-20 10:16:54,962:INFO:pegasus-monitord(455): Final Command line options are: ['-N', 'checkpoint-wf-0.dag.dagman.out']
2020-07-20 10:16:54,983:INFO:Pegasus.monitoring.event_output(629): Connecting workflow event sink to sqlite:////home/scitech/shared-data/sample-checkpoint-condorio-wf/scitech/pegasus/checkpoint-wf/run0002/checkpoint-wf-0.stampede.db
Created Pegasus database in: sqlite:////home/scitech/shared-data/sample-checkpoint-condorio-wf/scitech/pegasus/checkpoint-wf/run0002/checkpoint-wf-0.stampede.db
Your database is compatible with Pegasus version: 5.0.0dev
2020-07-20 10:16:55,938:INFO:Pegasus.monitoring.event_output(703): output type=DB namespace=stampede. name=sqlite:////home/scitech/shared-data/sample-checkpoint-condorio-wf/scitech/pegasus/checkpoint-wf/run0002/checkpoint-wf-0.stampede.db
2020-07-20 10:16:55,939:INFO:Pegasus.monitoring.event_output(629): Connecting workflow event sink to sqlite:////home/scitech/.pegasus/workflow.db
Your database is compatible with Pegasus version: 5.0.0dev
2020-07-20 10:16:56,327:INFO:Pegasus.monitoring.event_output(703): output type=DB namespace=dashboard. name=sqlite:////home/scitech/.pegasus/workflow.db
2020-07-20 10:16:56,328:INFO:pegasus-monitord(1247): monitord started in fast start mode
2020-07-20 10:16:56,346:INFO:Pegasus.monitoring.workflow(461): cannot open state file /home/scitech/shared-data/sample-checkpoint-condorio-wf/scitech/pegasus/checkpoint-wf/run0002/monitord.info, continuing without state...
2020-07-20 10:16:56,347:INFO:Pegasus.monitoring.workflow(1148): creating new file /home/scitech/shared-data/sample-checkpoint-condorio-wf/scitech/pegasus/checkpoint-wf/run0002/jobstate.log
2020-07-20 10:16:56,347:INFO:Pegasus.monitoring.workflow(1158): Appending to existing jobstate.log replay_mode 0 previous_processed_line 0
2020-07-20 10:16:56,349:INFO:Pegasus.monitoring.notifications(474): loading notifications from /home/scitech/shared-data/sample-checkpoint-condorio-wf/scitech/pegasus/checkpoint-wf/run0002/checkpoint-wf-0.notify
2020-07-20 10:16:56,559:INFO:Pegasus.monitoring.workflow(205): Parsing DAG file /home/scitech/shared-data/sample-checkpoint-condorio-wf/scitech/pegasus/checkpoint-wf/run0002/checkpoint-wf-0.dag
2020-07-20 10:16:56,565:INFO:pegasus-monitord(974): Using DAGMan version 8.8.9 80809
2020-07-20 10:16:56,566:INFO:pegasus-monitord(949): DAGMan runs at pid 646
2020-07-20 10:16:56,569:INFO:pegasus-monitord(955): using dag checkpoint-wf-0.dag
2020-07-20 10:16:56,569:INFO:Pegasus.monitoring.workflow(811): DAGMan starting with condor id 1.0
2020-07-20 10:22:54,408:INFO:Pegasus.monitoring.workflow(2467): Populating locations corresponding to succeeded registration job  /home/scitech/shared-data/sample-checkpoint-condorio-wf/scitech/pegasus/checkpoint-wf/run0002/00/00/register_local_0_0.in 
2020-07-20 10:23:13,745:INFO:pegasus-monitord(927): DAGMan checkpoint-wf-0.dag finished with exit code 0
2020-07-20 10:23:14,766:INFO:pegasus-monitord(1427): workflow /home/scitech/shared-data/sample-checkpoint-condorio-wf/scitech/pegasus/checkpoint-wf/run0002/checkpoint-wf-0.dag.dagman.out ended
2020-07-20 10:23:14,773:INFO:Pegasus.monitoring.workflow(1377): recovery file deleted: /home/scitech/shared-data/sample-checkpoint-condorio-wf/scitech/pegasus/checkpoint-wf/run0002/monitord.recover
2020-07-20 10:23:14,776:INFO:pegasus-monitord(1665): finishing workflow: /home/scitech/shared-data/sample-checkpoint-condorio-wf/scitech/pegasus/checkpoint-wf/run0002/checkpoint-wf-0.dag.dagman.out
2020-07-20 10:23:14,777:INFO:pegasus-monitord(1719): finishing notifications...
2020-07-20 10:23:14,777:INFO:pegasus-monitord(1727): monitord process 647 exiting with 0
2020-07-20 10:23:14,779:INFO:pegasus-monitord(197): DB flushing beginning
2020-07-20 10:23:14,779:INFO:Pegasus.db.workflow_loader.WorkflowLoader(1244): Executing final flush
2020-07-20 10:23:14,839:INFO:Pegasus.db.dashboard_loader.DashboardLoader(397): Executing final flush
2020-07-20 10:23:14,839:INFO:pegasus-monitord(213): DB flushing ended
