{"name": ".//00/00/create_dir_Cats_and_Dogs_0_local.out", "timestamp": "2020-08-19T12:22:15.504679", "exitcode": 0, "app_exitcode": 0, "retry": 0, "std_out": "", "std_err": ""}
{"name": ".//00/00/stage_in_remote_local_0_0.out", "timestamp": "2020-08-19T12:22:36.039356", "exitcode": 0, "app_exitcode": 0, "retry": 0, "std_out": "", "std_err": ""}
{"name": ".//00/00/stage_in_remote_local_2_0.out", "timestamp": "2020-08-19T12:22:36.040857", "exitcode": 0, "app_exitcode": 0, "retry": 0, "std_out": "", "std_err": ""}
{"name": ".//00/00/stage_in_remote_local_1_0.out", "timestamp": "2020-08-19T12:22:36.047971", "exitcode": 0, "app_exitcode": 0, "retry": 0, "std_out": "", "std_err": ""}
{"name": ".//00/00/stage_in_remote_local_3_0.out", "timestamp": "2020-08-19T12:22:36.068726", "exitcode": 0, "app_exitcode": 0, "retry": 0, "std_out": "", "std_err": ""}
{"name": ".//00/00/stage_in_local_local_0_0.out", "timestamp": "2020-08-19T12:22:55.326482", "exitcode": 0, "app_exitcode": 0, "retry": 0, "std_out": "", "std_err": ""}
{"name": ".//00/00/preprocess1_py_ID0000001.out", "timestamp": "2020-08-19T12:23:15.516093", "exitcode": 0, "app_exitcode": 0, "retry": 0, "std_out": "", "std_err": ""}
{"name": ".//00/00/clean_up_local_level_3_0.out", "timestamp": "2020-08-19T12:23:45.962641", "exitcode": 0, "app_exitcode": 0, "retry": 0, "std_out": "", "std_err": ""}
{"name": ".//00/00/Augmentation_py_ID0000002.out", "timestamp": "2020-08-19T12:23:46.061400", "exitcode": 0, "app_exitcode": 0, "retry": 0, "std_out": "", "std_err": ""}
{"name": ".//00/00/stage_out_local_local_0_0.out", "timestamp": "2020-08-19T12:23:50.882503", "exitcode": 0, "app_exitcode": 0, "retry": 0, "std_out": "", "std_err": ""}
{"name": ".//00/00/Data_Split_py_ID0000003.out", "timestamp": "2020-08-19T12:24:11.054601", "exitcode": 0, "app_exitcode": 0, "retry": 0, "std_out": "", "std_err": ""}
{"name": ".//00/00/register_local_0_0.out", "timestamp": "2020-08-19T12:24:15.937690", "exitcode": 0, "app_exitcode": 0, "retry": 0, "std_out": "", "std_err": ""}
{"name": ".//00/00/clean_up_local_level_4_0.out", "timestamp": "2020-08-19T12:24:26.969019", "exitcode": 0, "app_exitcode": 0, "retry": 0, "std_out": "", "std_err": ""}
{"name": ".//00/00/stage_out_local_local_2_0.out", "timestamp": "2020-08-19T12:24:31.352211", "exitcode": 0, "app_exitcode": 0, "retry": 0, "std_out": "", "std_err": ""}
{"name": ".//00/00/register_local_2_0.out", "timestamp": "2020-08-19T12:24:51.739660", "exitcode": 0, "app_exitcode": 0, "retry": 0, "std_out": "", "std_err": ""}
{"name": ".//00/00/stage_out_local_local_1_0.out", "timestamp": "2020-08-19T12:25:01.991198", "exitcode": 0, "app_exitcode": 0, "retry": 0, "std_out": "", "std_err": ""}
{"name": ".//00/00/register_local_1_0.out", "timestamp": "2020-08-19T12:25:21.580511", "exitcode": 0, "app_exitcode": 0, "retry": 0, "std_out": "", "std_err": ""}
{"name": ".//00/00/clean_up_local_level_5_0.out", "timestamp": "2020-08-19T12:25:26.821503", "exitcode": 0, "app_exitcode": 0, "retry": 0, "std_out": "", "std_err": ""}
{"name": ".//00/00/VGG_model_py_ID0000004.out", "timestamp": "2020-08-19T12:39:37.123512", "exitcode": 0, "app_exitcode": 0, "retry": 0, "std_out": "", "std_err": ""}
{"name": ".//00/00/Optuna_py_ID0000005.out", "timestamp": "2020-08-19T13:07:21.925562", "exitcode": 1, "app_exitcode": null, "retry": 0, "std_out": "", "std_err": "Success message missing from output\n"}
{"name": ".//00/00/Optuna_py_ID0000005.out", "timestamp": "2020-08-19T13:56:43.216712", "exitcode": 1, "app_exitcode": null, "retry": 1, "std_out": "", "std_err": "Success message missing from output\n"}
