2020-08-19 13:14:00,133:INFO:pegasus-monitord(58): pegasus-monitord starting - pid 12863 
2020-08-19 13:14:00,148:INFO:pegasus-monitord(455): Final Command line options are: ['-N', 'Cats_and_Dogs-0.dag.dagman.out']
2020-08-19 13:14:00,163:INFO:Pegasus.monitoring.event_output(629): Connecting workflow event sink to sqlite:////home/scitech/shared-data/CatsAndDogs/scitech/pegasus/Cats_and_Dogs/run0008/Cats_and_Dogs-0.stampede.db
Your database is compatible with Pegasus version: 5.0.0dev
2020-08-19 13:14:00,716:INFO:Pegasus.monitoring.event_output(703): output type=DB namespace=stampede. name=sqlite:////home/scitech/shared-data/CatsAndDogs/scitech/pegasus/Cats_and_Dogs/run0008/Cats_and_Dogs-0.stampede.db
2020-08-19 13:14:00,716:INFO:Pegasus.monitoring.event_output(629): Connecting workflow event sink to sqlite:////home/scitech/.pegasus/workflow.db
Your database is compatible with Pegasus version: 5.0.0dev
2020-08-19 13:14:01,182:INFO:Pegasus.monitoring.event_output(703): output type=DB namespace=dashboard. name=sqlite:////home/scitech/.pegasus/workflow.db
2020-08-19 13:14:01,183:INFO:pegasus-monitord(1247): monitord started in fast start mode
2020-08-19 13:14:01,213:INFO:Pegasus.monitoring.workflow(1158): Appending to existing jobstate.log replay_mode 0 previous_processed_line 0
2020-08-19 13:14:01,215:INFO:Pegasus.monitoring.notifications(474): loading notifications from /home/scitech/shared-data/CatsAndDogs/scitech/pegasus/Cats_and_Dogs/run0008/Cats_and_Dogs-0.notify
2020-08-19 13:14:01,226:INFO:Pegasus.monitoring.workflow(205): Parsing DAG file /home/scitech/shared-data/CatsAndDogs/scitech/pegasus/Cats_and_Dogs/run0008/Cats_and_Dogs-0.dag
2020-08-19 13:56:43,025:WARNING:pegasus-monitord(720): cannot find job_submit_seq for job: Optuna_py_ID0000005
2020-08-19 13:56:43,026:WARNING:pegasus-monitord(720): cannot find job_submit_seq for job: Optuna_py_ID0000005
2020-08-19 13:56:49,058:WARNING:pegasus-monitord(720): cannot find job_submit_seq for job: Optuna_py_ID0000005
2020-08-19 13:56:49,059:WARNING:pegasus-monitord(720): cannot find job_submit_seq for job: Optuna_py_ID0000005
2020-08-19 13:56:49,065:INFO:pegasus-monitord(927): DAGMan Cats_and_Dogs-0.dag finished with exit code 1
2020-08-19 13:56:50,151:INFO:pegasus-monitord(1427): workflow /home/scitech/shared-data/CatsAndDogs/scitech/pegasus/Cats_and_Dogs/run0008/Cats_and_Dogs-0.dag.dagman.out ended
2020-08-19 13:56:50,155:INFO:Pegasus.monitoring.workflow(1378): recovery file deleted: /home/scitech/shared-data/CatsAndDogs/scitech/pegasus/Cats_and_Dogs/run0008/monitord.recover
2020-08-19 13:56:50,157:INFO:pegasus-monitord(1665): finishing workflow: /home/scitech/shared-data/CatsAndDogs/scitech/pegasus/Cats_and_Dogs/run0008/Cats_and_Dogs-0.dag.dagman.out
2020-08-19 13:56:50,158:INFO:pegasus-monitord(1719): finishing notifications...
2020-08-19 13:56:50,158:INFO:pegasus-monitord(1727): monitord process 12863 exiting with 0
2020-08-19 13:56:50,159:INFO:pegasus-monitord(197): DB flushing beginning
2020-08-19 13:56:50,159:INFO:Pegasus.db.workflow_loader.WorkflowLoader(1244): Executing final flush
2020-08-19 13:56:50,172:INFO:Pegasus.db.dashboard_loader.DashboardLoader(397): Executing final flush
2020-08-19 13:56:50,172:INFO:pegasus-monitord(213): DB flushing ended
