2020-08-03 10:53:23,233:INFO:pegasus-monitord(58): pegasus-monitord starting - pid 50324 
2020-08-03 10:53:23,249:INFO:pegasus-monitord(455): Final Command line options are: ['-N', 'Cats_and_Dogs-0.dag.dagman.out']
2020-08-03 10:53:23,265:INFO:Pegasus.monitoring.event_output(629): Connecting workflow event sink to sqlite:////home/scitech/shared-data/CatsAndDogs/scitech/pegasus/Cats_and_Dogs/run0007/Cats_and_Dogs-0.stampede.db
Created Pegasus database in: sqlite:////home/scitech/shared-data/CatsAndDogs/scitech/pegasus/Cats_and_Dogs/run0007/Cats_and_Dogs-0.stampede.db
Your database is compatible with Pegasus version: 5.0.0dev
2020-08-03 10:53:23,911:INFO:Pegasus.monitoring.event_output(703): output type=DB namespace=stampede. name=sqlite:////home/scitech/shared-data/CatsAndDogs/scitech/pegasus/Cats_and_Dogs/run0007/Cats_and_Dogs-0.stampede.db
2020-08-03 10:53:23,912:INFO:Pegasus.monitoring.event_output(629): Connecting workflow event sink to sqlite:////home/scitech/.pegasus/workflow.db
Your database is compatible with Pegasus version: 5.0.0dev
2020-08-03 10:53:24,304:INFO:Pegasus.monitoring.event_output(703): output type=DB namespace=dashboard. name=sqlite:////home/scitech/.pegasus/workflow.db
2020-08-03 10:53:24,305:INFO:pegasus-monitord(1247): monitord started in fast start mode
2020-08-03 10:53:24,325:INFO:Pegasus.monitoring.workflow(461): cannot open state file /home/scitech/shared-data/CatsAndDogs/scitech/pegasus/Cats_and_Dogs/run0007/monitord.info, continuing without state...
2020-08-03 10:53:24,325:INFO:Pegasus.monitoring.workflow(1148): creating new file /home/scitech/shared-data/CatsAndDogs/scitech/pegasus/Cats_and_Dogs/run0007/jobstate.log
2020-08-03 10:53:24,326:INFO:Pegasus.monitoring.workflow(1158): Appending to existing jobstate.log replay_mode 0 previous_processed_line 0
2020-08-03 10:53:24,327:INFO:Pegasus.monitoring.notifications(474): loading notifications from /home/scitech/shared-data/CatsAndDogs/scitech/pegasus/Cats_and_Dogs/run0007/Cats_and_Dogs-0.notify
2020-08-03 10:53:24,530:INFO:Pegasus.monitoring.workflow(205): Parsing DAG file /home/scitech/shared-data/CatsAndDogs/scitech/pegasus/Cats_and_Dogs/run0007/Cats_and_Dogs-0.dag
2020-08-03 10:53:24,535:INFO:pegasus-monitord(974): Using DAGMan version 8.8.9 80809
2020-08-03 10:53:24,535:INFO:pegasus-monitord(949): DAGMan runs at pid 50323
2020-08-03 10:53:24,538:INFO:pegasus-monitord(955): using dag Cats_and_Dogs-0.dag
2020-08-03 10:53:24,538:INFO:Pegasus.monitoring.workflow(811): DAGMan starting with condor id 41.0
2020-08-03 10:54:39,268:WARNING:Pegasus.monitoring.workflow(1706): truncating stdout for job stage_in_local_local_0_0
2020-08-03 10:55:21,908:WARNING:Pegasus.monitoring.workflow(1706): truncating stdout for job stage_out_local_local_0_0
2020-08-03 10:55:42,271:INFO:Pegasus.monitoring.workflow(2467): Populating locations corresponding to succeeded registration job  /home/scitech/shared-data/CatsAndDogs/scitech/pegasus/Cats_and_Dogs/run0007/00/00/register_local_0_0.in 
2020-08-03 10:55:51,427:INFO:Pegasus.monitoring.workflow(2467): Populating locations corresponding to succeeded registration job  /home/scitech/shared-data/CatsAndDogs/scitech/pegasus/Cats_and_Dogs/run0007/00/00/register_local_1_0.in 
2020-08-03 10:56:16,991:INFO:pegasus-monitord(927): DAGMan Cats_and_Dogs-0.dag finished with exit code 0
2020-08-03 10:56:18,009:INFO:pegasus-monitord(1427): workflow /home/scitech/shared-data/CatsAndDogs/scitech/pegasus/Cats_and_Dogs/run0007/Cats_and_Dogs-0.dag.dagman.out ended
2020-08-03 10:56:18,016:INFO:Pegasus.monitoring.workflow(1377): recovery file deleted: /home/scitech/shared-data/CatsAndDogs/scitech/pegasus/Cats_and_Dogs/run0007/monitord.recover
2020-08-03 10:56:18,019:INFO:pegasus-monitord(1665): finishing workflow: /home/scitech/shared-data/CatsAndDogs/scitech/pegasus/Cats_and_Dogs/run0007/Cats_and_Dogs-0.dag.dagman.out
2020-08-03 10:56:18,020:INFO:pegasus-monitord(1719): finishing notifications...
2020-08-03 10:56:18,020:INFO:pegasus-monitord(1727): monitord process 50324 exiting with 0
2020-08-03 10:56:18,022:INFO:pegasus-monitord(197): DB flushing beginning
2020-08-03 10:56:18,022:INFO:Pegasus.db.workflow_loader.WorkflowLoader(1244): Executing final flush
2020-08-03 10:56:18,089:INFO:Pegasus.db.dashboard_loader.DashboardLoader(397): Executing final flush
2020-08-03 10:56:18,090:INFO:pegasus-monitord(213): DB flushing ended
