07/30/20 09:06:23 ******************************************************
07/30/20 09:06:23 ** condor_scheduniv_exec.35.0 (CONDOR_DAGMAN) STARTING UP
07/30/20 09:06:23 ** /usr/bin/condor_dagman
07/30/20 09:06:23 ** SubsystemInfo: name=DAGMAN type=DAGMAN(10) class=DAEMON(1)
07/30/20 09:06:23 ** Configuration: subsystem:DAGMAN local:<NONE> class:DAEMON
07/30/20 09:06:23 ** $CondorVersion: 8.8.9 May 06 2020 BuildID: 503068 PackageID: 8.8.9-1 $
07/30/20 09:06:23 ** $CondorPlatform: x86_64_CentOS7 $
07/30/20 09:06:23 ** PID = 38323
07/30/20 09:06:23 ** Log last touched time unavailable (No such file or directory)
07/30/20 09:06:23 ******************************************************
07/30/20 09:06:23 Using config source: /etc/condor/condor_config
07/30/20 09:06:23 Using local config sources: 
07/30/20 09:06:23    /etc/condor/config.d/00-minicondor
07/30/20 09:06:23    /etc/condor/condor_config.local
07/30/20 09:06:23 config Macros = 81, Sorted = 81, StringBytes = 2250, TablesBytes = 2964
07/30/20 09:06:23 CLASSAD_CACHING is ENABLED
07/30/20 09:06:23 Daemon Log is logging: D_ALWAYS D_ERROR
07/30/20 09:06:23 DaemonCore: No command port requested.
07/30/20 09:06:23 DAGMAN_USE_STRICT setting: 1
07/30/20 09:06:23 DAGMAN_VERBOSITY setting: 3
07/30/20 09:06:23 DAGMAN_DEBUG_CACHE_SIZE setting: 5242880
07/30/20 09:06:23 DAGMAN_DEBUG_CACHE_ENABLE setting: False
07/30/20 09:06:23 DAGMAN_SUBMIT_DELAY setting: 0
07/30/20 09:06:23 DAGMAN_MAX_SUBMIT_ATTEMPTS setting: 6
07/30/20 09:06:23 DAGMAN_STARTUP_CYCLE_DETECT setting: False
07/30/20 09:06:23 DAGMAN_MAX_SUBMITS_PER_INTERVAL setting: 100
07/30/20 09:06:23 DAGMAN_AGGRESSIVE_SUBMIT setting: False
07/30/20 09:06:23 DAGMAN_USER_LOG_SCAN_INTERVAL setting: 5
07/30/20 09:06:23 DAGMAN_QUEUE_UPDATE_INTERVAL setting: 300
07/30/20 09:06:23 DAGMAN_DEFAULT_PRIORITY setting: 0
07/30/20 09:06:23 DAGMAN_SUPPRESS_NOTIFICATION setting: True
07/30/20 09:06:23 allow_events (DAGMAN_ALLOW_EVENTS) setting: 114
07/30/20 09:06:23 DAGMAN_RETRY_SUBMIT_FIRST setting: True
07/30/20 09:06:23 DAGMAN_RETRY_NODE_FIRST setting: False
07/30/20 09:06:23 DAGMAN_MAX_JOBS_IDLE setting: 1000
07/30/20 09:06:23 DAGMAN_MAX_JOBS_SUBMITTED setting: 0
07/30/20 09:06:23 DAGMAN_MAX_PRE_SCRIPTS setting: 20
07/30/20 09:06:23 DAGMAN_MAX_POST_SCRIPTS setting: 20
07/30/20 09:06:23 DAGMAN_MUNGE_NODE_NAMES setting: True
07/30/20 09:06:23 DAGMAN_PROHIBIT_MULTI_JOBS setting: False
07/30/20 09:06:23 DAGMAN_SUBMIT_DEPTH_FIRST setting: False
07/30/20 09:06:23 DAGMAN_ALWAYS_RUN_POST setting: False
07/30/20 09:06:23 DAGMAN_CONDOR_SUBMIT_EXE setting: /usr/bin/condor_submit
07/30/20 09:06:23 DAGMAN_USE_CONDOR_SUBMIT setting: True
07/30/20 09:06:23 DAGMAN_ABORT_DUPLICATES setting: True
07/30/20 09:06:23 DAGMAN_ABORT_ON_SCARY_SUBMIT setting: True
07/30/20 09:06:23 DAGMAN_PENDING_REPORT_INTERVAL setting: 600
07/30/20 09:06:23 DAGMAN_AUTO_RESCUE setting: True
07/30/20 09:06:23 DAGMAN_MAX_RESCUE_NUM setting: 100
07/30/20 09:06:23 DAGMAN_WRITE_PARTIAL_RESCUE setting: True
07/30/20 09:06:23 DAGMAN_DEFAULT_NODE_LOG setting: @(DAG_DIR)/@(DAG_FILE).nodes.log
07/30/20 09:06:23 DAGMAN_GENERATE_SUBDAG_SUBMITS setting: True
07/30/20 09:06:23 DAGMAN_MAX_JOB_HOLDS setting: 100
07/30/20 09:06:23 DAGMAN_HOLD_CLAIM_TIME setting: 20
07/30/20 09:06:23 ALL_DEBUG setting: 
07/30/20 09:06:23 DAGMAN_DEBUG setting: 
07/30/20 09:06:23 DAGMAN_SUPPRESS_JOB_LOGS setting: False
07/30/20 09:06:23 DAGMAN_REMOVE_NODE_JOBS setting: True
07/30/20 09:06:23 argv[0] == "condor_scheduniv_exec.35.0"
07/30/20 09:06:23 argv[1] == "-Lockfile"
07/30/20 09:06:23 argv[2] == "Cats_and_Dogs-0.dag.lock"
07/30/20 09:06:23 argv[3] == "-AutoRescue"
07/30/20 09:06:23 argv[4] == "1"
07/30/20 09:06:23 argv[5] == "-DoRescueFrom"
07/30/20 09:06:23 argv[6] == "0"
07/30/20 09:06:23 argv[7] == "-Dag"
07/30/20 09:06:23 argv[8] == "Cats_and_Dogs-0.dag"
07/30/20 09:06:23 argv[9] == "-MaxPost"
07/30/20 09:06:23 argv[10] == "20"
07/30/20 09:06:23 argv[11] == "-Suppress_notification"
07/30/20 09:06:23 argv[12] == "-CsdVersion"
07/30/20 09:06:23 argv[13] == "$CondorVersion: 8.8.9 May 06 2020 BuildID: 503068 PackageID: 8.8.9-1 $"
07/30/20 09:06:23 argv[14] == "-Dagman"
07/30/20 09:06:23 argv[15] == "/bin/condor_dagman"
07/30/20 09:06:23 Workflow batch-name: <Cats_and_Dogs-0.dag+35>
07/30/20 09:06:23 Workflow accounting_group: <>
07/30/20 09:06:23 Workflow accounting_group_user: <>
07/30/20 09:06:23 Warning: failed to get attribute DAGNodeName
07/30/20 09:06:23 DAGMAN_LOG_ON_NFS_IS_ERROR setting: False
07/30/20 09:06:23 Default node log file is: </home/scitech/shared-data/CatsAndDogs/scitech/pegasus/Cats_and_Dogs/run0006/./Cats_and_Dogs-0.dag.nodes.log>
07/30/20 09:06:23 DAG Lockfile will be written to Cats_and_Dogs-0.dag.lock
07/30/20 09:06:23 DAG Input file is Cats_and_Dogs-0.dag
07/30/20 09:06:23 Parsing 1 dagfiles
07/30/20 09:06:23 Parsing Cats_and_Dogs-0.dag ...
07/30/20 09:06:23 Warning:  could not open Pegasus braindump file braindump.txt
07/30/20 09:06:23 Dag contains 9 total jobs
07/30/20 09:06:23 Sleeping for 3 seconds to ensure ProcessId uniqueness
07/30/20 09:06:26 Bootstrapping...
07/30/20 09:06:26 Number of pre-completed nodes: 0
07/30/20 09:06:26 MultiLogFiles: truncating log file /home/scitech/shared-data/CatsAndDogs/scitech/pegasus/Cats_and_Dogs/run0006/./Cats_and_Dogs-0.dag.nodes.log
07/30/20 09:06:26 DAG status: 0 (DAG_STATUS_OK)
07/30/20 09:06:26 Of 9 nodes total:
07/30/20 09:06:26  Done     Pre   Queued    Post   Ready   Un-Ready   Failed
07/30/20 09:06:26   ===     ===      ===     ===     ===        ===      ===
07/30/20 09:06:26     0       0        0       0       1          8        0
07/30/20 09:06:26 0 job proc(s) currently held
07/30/20 09:06:26 DAGMan Runtime Statistics: [ EventCycleTimeSum = 0.0; EventCycleTimeCount = 0.0; SleepCycleTimeCount = 0.0; SubmitCycleTimeSum = 0.0; SubmitCycleTimeCount = 0.0; LogProcessCycleTimeSum = 0.0; SleepCycleTimeSum = 0.0; LogProcessCycleTimeCount = 0.0; ]
07/30/20 09:06:26 Registering condor_event_timer...
07/30/20 09:06:27 Submitting HTCondor Node create_dir_Cats_and_Dogs_0_local job(s)...
07/30/20 09:06:27 Adding a DAGMan workflow log /home/scitech/shared-data/CatsAndDogs/scitech/pegasus/Cats_and_Dogs/run0006/./Cats_and_Dogs-0.dag.nodes.log
07/30/20 09:06:27 Masking the events recorded in the DAGMAN workflow log
07/30/20 09:06:27 Mask for workflow log is 0,1,2,4,5,7,9,10,11,12,13,16,17,24,27,35,36
07/30/20 09:06:27 submitting: /usr/bin/condor_submit -a dag_node_name' '=' 'create_dir_Cats_and_Dogs_0_local -a +DAGManJobId' '=' '35 -a DAGManJobId' '=' '35 -batch-name Cats_and_Dogs-0.dag+35 -a submit_event_notes' '=' 'DAG' 'Node:' 'create_dir_Cats_and_Dogs_0_local -a dagman_log' '=' '/home/scitech/shared-data/CatsAndDogs/scitech/pegasus/Cats_and_Dogs/run0006/./Cats_and_Dogs-0.dag.nodes.log -a +DAGManNodesMask' '=' '"0,1,2,4,5,7,9,10,11,12,13,16,17,24,27,35,36" -a priority=800 -a +DAGNodeRetry' '=' '0 -a DAG_STATUS' '=' '0 -a FAILED_COUNT' '=' '0 -a +KeepClaimIdle' '=' '20 -a notification' '=' 'never -a +DAGParentNodeNames' '=' '"" 00/00/create_dir_Cats_and_Dogs_0_local.sub
07/30/20 09:06:27 From submit: Submitting job(s).
07/30/20 09:06:27 From submit: 1 job(s) submitted to cluster 36.
07/30/20 09:06:27 	assigned HTCondor ID (36.0.0)
07/30/20 09:06:27 Just submitted 1 job this cycle...
07/30/20 09:06:27 DAG status: 0 (DAG_STATUS_OK)
07/30/20 09:06:27 Of 9 nodes total:
07/30/20 09:06:27  Done     Pre   Queued    Post   Ready   Un-Ready   Failed
07/30/20 09:06:27   ===     ===      ===     ===     ===        ===      ===
07/30/20 09:06:27     0       0        1       0       0          8        0
07/30/20 09:06:27 0 job proc(s) currently held
07/30/20 09:06:27 DAGMan Runtime Statistics: [ EventCycleTimeCount = 0.0; EventCycleTimeSum = 0.0; LogProcessCycleTimeCount = 0.0; SleepCycleTimeSum = 0.0; LogProcessCycleTimeSum = 0.0; SubmitCycleTimeCount = 1.0; SubmitCycleTimeMax = 0.04220008850097656; SubmitCycleTimeMin = 0.04220008850097656; SubmitCycleTimeAvg = 0.04220008850097656; SubmitCycleTimeStd = 0.04220008850097656; SubmitCycleTimeSum = 0.04220008850097656; SleepCycleTimeCount = 0.0; ]
07/30/20 09:06:32 Currently monitoring 1 HTCondor log file(s)
07/30/20 09:06:32 Reassigning the id of job create_dir_Cats_and_Dogs_0_local from (36.0.0) to (36.0.0)
07/30/20 09:06:32 Event: ULOG_SUBMIT for HTCondor Node create_dir_Cats_and_Dogs_0_local (36.0.0) {07/30/20 09:06:27}
07/30/20 09:06:32 Number of idle job procs: 1
07/30/20 09:06:32 Event: ULOG_EXECUTE for HTCondor Node create_dir_Cats_and_Dogs_0_local (36.0.0) {07/30/20 09:06:28}
07/30/20 09:06:32 Number of idle job procs: 0
07/30/20 09:06:32 Event: ULOG_JOB_TERMINATED for HTCondor Node create_dir_Cats_and_Dogs_0_local (36.0.0) {07/30/20 09:06:30}
07/30/20 09:06:32 Number of idle job procs: 0
07/30/20 09:06:32 Node create_dir_Cats_and_Dogs_0_local job proc (36.0.0) completed successfully.
07/30/20 09:06:32 Node create_dir_Cats_and_Dogs_0_local job completed
07/30/20 09:06:32 Running POST script of Node create_dir_Cats_and_Dogs_0_local...
07/30/20 09:06:32 Warning: mysin has length 0 (ignore if produced by DAGMan; see gittrac #4987, #5031)
07/30/20 09:06:32 DAG status: 0 (DAG_STATUS_OK)
07/30/20 09:06:32 Of 9 nodes total:
07/30/20 09:06:32  Done     Pre   Queued    Post   Ready   Un-Ready   Failed
07/30/20 09:06:32   ===     ===      ===     ===     ===        ===      ===
07/30/20 09:06:32     0       0        0       1       0          8        0
07/30/20 09:06:32 0 job proc(s) currently held
07/30/20 09:06:32 DAGMan Runtime Statistics: [ EventCycleTimeStd = 0.04962992668151855; EventCycleTimeMax = 0.04962992668151855; SubmitCycleTimeMin = 0.001199007034301758; SubmitCycleTimeAvg = 0.02169954776763916; SleepCycleTimeCount = 1.0; SubmitCycleTimeCount = 2.0; SubmitCycleTimeMax = 0.04220008850097656; SleepCycleTimeMin = 4.973302125930786; SubmitCycleTimeSum = 0.04339909553527832; LogProcessCycleTimeStd = 0.02033185958862305; SubmitCycleTimeStd = 0.02899214274106783; LogProcessCycleTimeAvg = 0.02033185958862305; EventCycleTimeMin = 0.04962992668151855; LogProcessCycleTimeMax = 0.02033185958862305; LogProcessCycleTimeMin = 0.02033185958862305; LogProcessCycleTimeSum = 0.02033185958862305; LogProcessCycleTimeCount = 1.0; EventCycleTimeSum = 0.04962992668151855; SleepCycleTimeSum = 4.973302125930786; SleepCycleTimeAvg = 4.973302125930786; SleepCycleTimeStd = 4.973302125930786; SleepCycleTimeMax = 4.973302125930786; EventCycleTimeCount = 1.0; EventCycleTimeAvg = 0.04962992668151855; ]
07/30/20 09:06:32 Initializing user log writer for /home/scitech/shared-data/CatsAndDogs/scitech/pegasus/Cats_and_Dogs/run0006/./Cats_and_Dogs-0.dag.nodes.log, (36.0.0)
07/30/20 09:06:37 Currently monitoring 1 HTCondor log file(s)
07/30/20 09:06:37 Event: ULOG_POST_SCRIPT_TERMINATED for HTCondor Node create_dir_Cats_and_Dogs_0_local (36.0.0) {07/30/20 09:06:32}
07/30/20 09:06:37 POST Script of node create_dir_Cats_and_Dogs_0_local completed successfully.
07/30/20 09:06:37 DAG status: 0 (DAG_STATUS_OK)
07/30/20 09:06:37 Of 9 nodes total:
07/30/20 09:06:37  Done     Pre   Queued    Post   Ready   Un-Ready   Failed
07/30/20 09:06:37   ===     ===      ===     ===     ===        ===      ===
07/30/20 09:06:37     1       0        0       0       2          6        0
07/30/20 09:06:37 0 job proc(s) currently held
07/30/20 09:06:37 DAGMan Runtime Statistics: [ EventCycleTimeStd = 0.01497932713555983; EventCycleTimeMax = 0.04962992668151855; SubmitCycleTimeMin = 0.001199007034301758; SubmitCycleTimeAvg = 0.01499040921529134; SleepCycleTimeCount = 2.0; SubmitCycleTimeCount = 3.0; SubmitCycleTimeMax = 0.04220008850097656; SleepCycleTimeMin = 4.973302125930786; SubmitCycleTimeSum = 0.04497122764587402; LogProcessCycleTimeStd = 0.005727419537842412; SubmitCycleTimeStd = 0.02356501200303164; LogProcessCycleTimeAvg = 0.01628196239471436; EventCycleTimeMin = 0.02844595909118652; LogProcessCycleTimeMax = 0.02033185958862305; LogProcessCycleTimeMin = 0.01223206520080566; LogProcessCycleTimeSum = 0.03256392478942871; LogProcessCycleTimeCount = 2.0; EventCycleTimeSum = 0.07807588577270508; SleepCycleTimeSum = 10.1909601688385; SleepCycleTimeAvg = 5.09548008441925; SleepCycleTimeStd = 0.1727857259174433; SleepCycleTimeMax = 5.217658042907715; EventCycleTimeCount = 2.0; EventCycleTimeAvg = 0.03903794288635254; ]
07/30/20 09:06:42 Submitting HTCondor Node stage_in_remote_local_0_0 job(s)...
07/30/20 09:06:42 Adding a DAGMan workflow log /home/scitech/shared-data/CatsAndDogs/scitech/pegasus/Cats_and_Dogs/run0006/./Cats_and_Dogs-0.dag.nodes.log
07/30/20 09:06:42 Masking the events recorded in the DAGMAN workflow log
07/30/20 09:06:42 Mask for workflow log is 0,1,2,4,5,7,9,10,11,12,13,16,17,24,27,35,36
07/30/20 09:06:42 submitting: /usr/bin/condor_submit -a dag_node_name' '=' 'stage_in_remote_local_0_0 -a +DAGManJobId' '=' '35 -a DAGManJobId' '=' '35 -batch-name Cats_and_Dogs-0.dag+35 -a submit_event_notes' '=' 'DAG' 'Node:' 'stage_in_remote_local_0_0 -a dagman_log' '=' '/home/scitech/shared-data/CatsAndDogs/scitech/pegasus/Cats_and_Dogs/run0006/./Cats_and_Dogs-0.dag.nodes.log -a +DAGManNodesMask' '=' '"0,1,2,4,5,7,9,10,11,12,13,16,17,24,27,35,36" -a priority=700 -a +DAGNodeRetry' '=' '0 -a DAG_STATUS' '=' '0 -a FAILED_COUNT' '=' '0 -a +KeepClaimIdle' '=' '20 -a notification' '=' 'never -a +DAGParentNodeNames' '=' '"create_dir_Cats_and_Dogs_0_local" 00/00/stage_in_remote_local_0_0.sub
07/30/20 09:06:42 From submit: Submitting job(s).
07/30/20 09:06:42 From submit: 1 job(s) submitted to cluster 37.
07/30/20 09:06:42 	assigned HTCondor ID (37.0.0)
07/30/20 09:06:42 Submitting HTCondor Node stage_in_local_local_0_0 job(s)...
07/30/20 09:06:42 Adding a DAGMan workflow log /home/scitech/shared-data/CatsAndDogs/scitech/pegasus/Cats_and_Dogs/run0006/./Cats_and_Dogs-0.dag.nodes.log
07/30/20 09:06:42 Masking the events recorded in the DAGMAN workflow log
07/30/20 09:06:42 Mask for workflow log is 0,1,2,4,5,7,9,10,11,12,13,16,17,24,27,35,36
07/30/20 09:06:42 submitting: /usr/bin/condor_submit -a dag_node_name' '=' 'stage_in_local_local_0_0 -a +DAGManJobId' '=' '35 -a DAGManJobId' '=' '35 -batch-name Cats_and_Dogs-0.dag+35 -a submit_event_notes' '=' 'DAG' 'Node:' 'stage_in_local_local_0_0 -a dagman_log' '=' '/home/scitech/shared-data/CatsAndDogs/scitech/pegasus/Cats_and_Dogs/run0006/./Cats_and_Dogs-0.dag.nodes.log -a +DAGManNodesMask' '=' '"0,1,2,4,5,7,9,10,11,12,13,16,17,24,27,35,36" -a priority=700 -a +DAGNodeRetry' '=' '0 -a DAG_STATUS' '=' '0 -a FAILED_COUNT' '=' '0 -a +KeepClaimIdle' '=' '20 -a notification' '=' 'never -a +DAGParentNodeNames' '=' '"create_dir_Cats_and_Dogs_0_local" 00/00/stage_in_local_local_0_0.sub
07/30/20 09:06:42 From submit: Submitting job(s).
07/30/20 09:06:42 From submit: 1 job(s) submitted to cluster 38.
07/30/20 09:06:42 	assigned HTCondor ID (38.0.0)
07/30/20 09:06:42 Just submitted 2 jobs this cycle...
07/30/20 09:06:42 DAG status: 0 (DAG_STATUS_OK)
07/30/20 09:06:42 Of 9 nodes total:
07/30/20 09:06:42  Done     Pre   Queued    Post   Ready   Un-Ready   Failed
07/30/20 09:06:42   ===     ===      ===     ===     ===        ===      ===
07/30/20 09:06:42     1       0        2       0       0          6        0
07/30/20 09:06:42 0 job proc(s) currently held
07/30/20 09:06:42 DAGMan Runtime Statistics: [ EventCycleTimeStd = 0.01097710508455643; EventCycleTimeMax = 0.04962992668151855; SubmitCycleTimeMin = 0.001199007034301758; SubmitCycleTimeAvg = 0.03160709142684937; SleepCycleTimeCount = 3.0; SubmitCycleTimeCount = 4.0; SubmitCycleTimeMax = 0.08145713806152344; SleepCycleTimeMin = 4.973302125930786; SubmitCycleTimeSum = 0.1264283657073975; LogProcessCycleTimeStd = 0.005727419537842412; SubmitCycleTimeStd = 0.03840134161738344; LogProcessCycleTimeAvg = 0.01628196239471436; EventCycleTimeMin = 0.02844595909118652; LogProcessCycleTimeMax = 0.02033185958862305; LogProcessCycleTimeMin = 0.01223206520080566; LogProcessCycleTimeSum = 0.03256392478942871; LogProcessCycleTimeCount = 2.0; EventCycleTimeSum = 0.1121218204498291; SleepCycleTimeSum = 15.19736218452454; SleepCycleTimeAvg = 5.065787394841512; SleepCycleTimeStd = 0.1325610085337732; SleepCycleTimeMax = 5.217658042907715; EventCycleTimeCount = 3.0; EventCycleTimeAvg = 0.03737394014994303; ]
07/30/20 09:06:47 Currently monitoring 1 HTCondor log file(s)
07/30/20 09:06:47 Reassigning the id of job stage_in_remote_local_0_0 from (37.0.0) to (37.0.0)
07/30/20 09:06:47 Event: ULOG_SUBMIT for HTCondor Node stage_in_remote_local_0_0 (37.0.0) {07/30/20 09:06:42}
07/30/20 09:06:47 Number of idle job procs: 1
07/30/20 09:06:47 Reassigning the id of job stage_in_local_local_0_0 from (38.0.0) to (38.0.0)
07/30/20 09:06:47 Event: ULOG_SUBMIT for HTCondor Node stage_in_local_local_0_0 (38.0.0) {07/30/20 09:06:42}
07/30/20 09:06:47 Number of idle job procs: 2
07/30/20 09:06:47 Event: ULOG_EXECUTE for HTCondor Node stage_in_remote_local_0_0 (37.0.0) {07/30/20 09:06:43}
07/30/20 09:06:47 Number of idle job procs: 1
07/30/20 09:06:47 Event: ULOG_EXECUTE for HTCondor Node stage_in_local_local_0_0 (38.0.0) {07/30/20 09:06:43}
07/30/20 09:06:47 Number of idle job procs: 0
07/30/20 09:06:47 Event: ULOG_JOB_TERMINATED for HTCondor Node stage_in_remote_local_0_0 (37.0.0) {07/30/20 09:06:46}
07/30/20 09:06:47 Number of idle job procs: 0
07/30/20 09:06:47 Node stage_in_remote_local_0_0 job proc (37.0.0) completed successfully.
07/30/20 09:06:47 Node stage_in_remote_local_0_0 job completed
07/30/20 09:06:47 Running POST script of Node stage_in_remote_local_0_0...
07/30/20 09:06:47 Warning: mysin has length 0 (ignore if produced by DAGMan; see gittrac #4987, #5031)
07/30/20 09:06:47 DAG status: 0 (DAG_STATUS_OK)
07/30/20 09:06:47 Of 9 nodes total:
07/30/20 09:06:47  Done     Pre   Queued    Post   Ready   Un-Ready   Failed
07/30/20 09:06:47   ===     ===      ===     ===     ===        ===      ===
07/30/20 09:06:47     1       0        1       1       0          6        0
07/30/20 09:06:47 0 job proc(s) currently held
07/30/20 09:06:47 DAGMan Runtime Statistics: [ EventCycleTimeStd = 0.02600908972038048; EventCycleTimeMax = 0.08620595932006836; SubmitCycleTimeMin = 0.0001718997955322266; SubmitCycleTimeAvg = 0.02532005310058594; SleepCycleTimeCount = 4.0; SubmitCycleTimeCount = 5.0; SubmitCycleTimeMax = 0.08145713806152344; SleepCycleTimeMin = 4.973302125930786; SubmitCycleTimeSum = 0.1266002655029297; LogProcessCycleTimeStd = 0.004387470669340802; SubmitCycleTimeStd = 0.0361058379364164; LogProcessCycleTimeAvg = 0.01530758539835612; EventCycleTimeMin = 0.02844595909118652; LogProcessCycleTimeMax = 0.02033185958862305; LogProcessCycleTimeMin = 0.01223206520080566; LogProcessCycleTimeSum = 0.04592275619506836; LogProcessCycleTimeCount = 3.0; EventCycleTimeSum = 0.1983277797698975; SleepCycleTimeSum = 20.20025229454041; SleepCycleTimeAvg = 5.050063073635101; SleepCycleTimeStd = 0.1127118646458097; SleepCycleTimeMax = 5.217658042907715; EventCycleTimeCount = 4.0; EventCycleTimeAvg = 0.04958194494247437; ]
07/30/20 09:06:47 Initializing user log writer for /home/scitech/shared-data/CatsAndDogs/scitech/pegasus/Cats_and_Dogs/run0006/./Cats_and_Dogs-0.dag.nodes.log, (37.0.0)
07/30/20 09:06:52 Currently monitoring 1 HTCondor log file(s)
07/30/20 09:06:52 Event: ULOG_POST_SCRIPT_TERMINATED for HTCondor Node stage_in_remote_local_0_0 (37.0.0) {07/30/20 09:06:47}
07/30/20 09:06:52 POST Script of node stage_in_remote_local_0_0 completed successfully.
07/30/20 09:06:52 DAG status: 0 (DAG_STATUS_OK)
07/30/20 09:06:52 Of 9 nodes total:
07/30/20 09:06:52  Done     Pre   Queued    Post   Ready   Un-Ready   Failed
07/30/20 09:06:52   ===     ===      ===     ===     ===        ===      ===
07/30/20 09:06:52     2       0        1       0       0          6        0
07/30/20 09:06:52 0 job proc(s) currently held
07/30/20 09:06:52 DAGMan Runtime Statistics: [ EventCycleTimeStd = 0.02663909969226737; EventCycleTimeMax = 0.08620595932006836; SubmitCycleTimeMin = 0.0001718997955322266; SubmitCycleTimeAvg = 0.02112869421641032; SleepCycleTimeCount = 5.0; SubmitCycleTimeCount = 6.0; SubmitCycleTimeMax = 0.08145713806152344; SleepCycleTimeMin = 4.973302125930786; SubmitCycleTimeSum = 0.1267721652984619; LogProcessCycleTimeStd = 0.007585495454279672; SubmitCycleTimeStd = 0.03388672545774171; LogProcessCycleTimeAvg = 0.01196444034576416; EventCycleTimeMin = 0.01777887344360352; LogProcessCycleTimeMax = 0.02033185958862305; LogProcessCycleTimeMin = 0.001935005187988281; LogProcessCycleTimeSum = 0.04785776138305664; LogProcessCycleTimeCount = 4.0; EventCycleTimeSum = 0.216106653213501; SleepCycleTimeSum = 25.42631530761719; SleepCycleTimeAvg = 5.085263061523437; SleepCycleTimeStd = 0.1253920613940508; SleepCycleTimeMax = 5.226063013076782; EventCycleTimeCount = 5.0; EventCycleTimeAvg = 0.04322133064270019; ]
07/30/20 09:07:12 Currently monitoring 1 HTCondor log file(s)
07/30/20 09:07:12 Event: ULOG_JOB_TERMINATED for HTCondor Node stage_in_local_local_0_0 (38.0.0) {07/30/20 09:07:08}
07/30/20 09:07:12 Number of idle job procs: 0
07/30/20 09:07:12 Node stage_in_local_local_0_0 job proc (38.0.0) completed successfully.
07/30/20 09:07:12 Node stage_in_local_local_0_0 job completed
07/30/20 09:07:12 Running POST script of Node stage_in_local_local_0_0...
07/30/20 09:07:12 Warning: mysin has length 0 (ignore if produced by DAGMan; see gittrac #4987, #5031)
07/30/20 09:07:12 DAG status: 0 (DAG_STATUS_OK)
07/30/20 09:07:12 Of 9 nodes total:
07/30/20 09:07:12  Done     Pre   Queued    Post   Ready   Un-Ready   Failed
07/30/20 09:07:12   ===     ===      ===     ===     ===        ===      ===
07/30/20 09:07:12     2       0        0       1       0          6        0
07/30/20 09:07:12 0 job proc(s) currently held
07/30/20 09:07:12 DAGMan Runtime Statistics: [ EventCycleTimeStd = 0.02890155213852579; EventCycleTimeMax = 0.08620595932006836; SubmitCycleTimeMin = 0.0001718997955322266; SubmitCycleTimeAvg = 0.01282918453216553; SleepCycleTimeCount = 9.0; SubmitCycleTimeCount = 10.0; SubmitCycleTimeMax = 0.08145713806152344; SleepCycleTimeMin = 4.970462083816528; SubmitCycleTimeSum = 0.1282918453216553; LogProcessCycleTimeStd = 0.006592431232526078; SubmitCycleTimeStd = 0.02743679916244109; LogProcessCycleTimeAvg = 0.01221156120300293; EventCycleTimeMin = 0.0004248619079589844; LogProcessCycleTimeMax = 0.02033185958862305; LogProcessCycleTimeMin = 0.001935005187988281; LogProcessCycleTimeSum = 0.06105780601501465; LogProcessCycleTimeCount = 5.0; EventCycleTimeSum = 0.2229695320129395; SleepCycleTimeSum = 45.40441346168518; SleepCycleTimeAvg = 5.044934829076131; SleepCycleTimeStd = 0.1012235722515123; SleepCycleTimeMax = 5.226063013076782; EventCycleTimeCount = 9.0; EventCycleTimeAvg = 0.02477439244588216; ]
07/30/20 09:07:13 Initializing user log writer for /home/scitech/shared-data/CatsAndDogs/scitech/pegasus/Cats_and_Dogs/run0006/./Cats_and_Dogs-0.dag.nodes.log, (38.0.0)
07/30/20 09:07:17 Currently monitoring 1 HTCondor log file(s)
07/30/20 09:07:17 Event: ULOG_POST_SCRIPT_TERMINATED for HTCondor Node stage_in_local_local_0_0 (38.0.0) {07/30/20 09:07:13}
07/30/20 09:07:17 POST Script of node stage_in_local_local_0_0 completed successfully.
07/30/20 09:07:17 DAG status: 0 (DAG_STATUS_OK)
07/30/20 09:07:17 Of 9 nodes total:
07/30/20 09:07:17  Done     Pre   Queued    Post   Ready   Un-Ready   Failed
07/30/20 09:07:17   ===     ===      ===     ===     ===        ===      ===
07/30/20 09:07:17     3       0        0       0       1          5        0
07/30/20 09:07:17 0 job proc(s) currently held
07/30/20 09:07:17 DAGMan Runtime Statistics: [ EventCycleTimeStd = 0.02727976620956517; EventCycleTimeMax = 0.08620595932006836; SubmitCycleTimeMin = 0.0001718997955322266; SubmitCycleTimeAvg = 0.0117708986455744; SleepCycleTimeCount = 10.0; SubmitCycleTimeCount = 11.0; SubmitCycleTimeMax = 0.08145713806152344; SleepCycleTimeMin = 4.845421075820923; SubmitCycleTimeSum = 0.1294798851013184; LogProcessCycleTimeStd = 0.005897975032802777; SubmitCycleTimeStd = 0.02626442104154312; LogProcessCycleTimeAvg = 0.01215680440266927; EventCycleTimeMin = 0.0004248619079589844; LogProcessCycleTimeMax = 0.02033185958862305; LogProcessCycleTimeMin = 0.001935005187988281; LogProcessCycleTimeSum = 0.07294082641601562; LogProcessCycleTimeCount = 6.0; EventCycleTimeSum = 0.2436244487762451; SleepCycleTimeSum = 50.2498345375061; SleepCycleTimeAvg = 5.02498345375061; SleepCycleTimeStd = 0.114404184363579; SleepCycleTimeMax = 5.226063013076782; EventCycleTimeCount = 10.0; EventCycleTimeAvg = 0.02436244487762451; ]
07/30/20 09:07:22 Submitting HTCondor Node preprocess1_py_ID0000001 job(s)...
07/30/20 09:07:22 Adding a DAGMan workflow log /home/scitech/shared-data/CatsAndDogs/scitech/pegasus/Cats_and_Dogs/run0006/./Cats_and_Dogs-0.dag.nodes.log
07/30/20 09:07:22 Masking the events recorded in the DAGMAN workflow log
07/30/20 09:07:22 Mask for workflow log is 0,1,2,4,5,7,9,10,11,12,13,16,17,24,27,35,36
07/30/20 09:07:22 submitting: /usr/bin/condor_submit -a dag_node_name' '=' 'preprocess1_py_ID0000001 -a +DAGManJobId' '=' '35 -a DAGManJobId' '=' '35 -batch-name Cats_and_Dogs-0.dag+35 -a submit_event_notes' '=' 'DAG' 'Node:' 'preprocess1_py_ID0000001 -a dagman_log' '=' '/home/scitech/shared-data/CatsAndDogs/scitech/pegasus/Cats_and_Dogs/run0006/./Cats_and_Dogs-0.dag.nodes.log -a +DAGManNodesMask' '=' '"0,1,2,4,5,7,9,10,11,12,13,16,17,24,27,35,36" -a priority=20 -a +DAGNodeRetry' '=' '0 -a DAG_STATUS' '=' '0 -a FAILED_COUNT' '=' '0 -a +KeepClaimIdle' '=' '20 -a notification' '=' 'never -a +DAGParentNodeNames' '=' '"stage_in_remote_local_0_0,stage_in_local_local_0_0" 00/00/preprocess1_py_ID0000001.sub
07/30/20 09:07:23 From submit: Submitting job(s).
07/30/20 09:07:23 From submit: 1 job(s) submitted to cluster 39.
07/30/20 09:07:23 	assigned HTCondor ID (39.0.0)
07/30/20 09:07:23 Just submitted 1 job this cycle...
07/30/20 09:07:23 DAG status: 0 (DAG_STATUS_OK)
07/30/20 09:07:23 Of 9 nodes total:
07/30/20 09:07:23  Done     Pre   Queued    Post   Ready   Un-Ready   Failed
07/30/20 09:07:23   ===     ===      ===     ===     ===        ===      ===
07/30/20 09:07:23     3       0        1       0       0          5        0
07/30/20 09:07:23 0 job proc(s) currently held
07/30/20 09:07:23 DAGMan Runtime Statistics: [ EventCycleTimeStd = 0.02588007066322804; EventCycleTimeMax = 0.08620595932006836; SubmitCycleTimeMin = 0.0001718997955322266; SubmitCycleTimeAvg = 0.03223180770874023; SleepCycleTimeCount = 11.0; SubmitCycleTimeCount = 12.0; SubmitCycleTimeMax = 0.2573018074035645; SleepCycleTimeMin = 4.845421075820923; SubmitCycleTimeSum = 0.3867816925048828; LogProcessCycleTimeStd = 0.005897975032802777; SubmitCycleTimeStd = 0.07517243189416115; LogProcessCycleTimeAvg = 0.01215680440266927; EventCycleTimeMin = 0.0004248619079589844; LogProcessCycleTimeMax = 0.02033185958862305; LogProcessCycleTimeMin = 0.001935005187988281; LogProcessCycleTimeSum = 0.07294082641601562; LogProcessCycleTimeCount = 6.0; EventCycleTimeSum = 0.2676393985748291; SleepCycleTimeSum = 55.25103068351746; SleepCycleTimeAvg = 5.022820971228859; SleepCycleTimeStd = 0.1087700569878038; SleepCycleTimeMax = 5.226063013076782; EventCycleTimeCount = 11.0; EventCycleTimeAvg = 0.02433085441589355; ]
07/30/20 09:07:28 Currently monitoring 1 HTCondor log file(s)
07/30/20 09:07:28 Reassigning the id of job preprocess1_py_ID0000001 from (39.0.0) to (39.0.0)
07/30/20 09:07:28 Event: ULOG_SUBMIT for HTCondor Node preprocess1_py_ID0000001 (39.0.0) {07/30/20 09:07:23}
07/30/20 09:07:28 Number of idle job procs: 1
07/30/20 09:07:33 Currently monitoring 1 HTCondor log file(s)
07/30/20 09:07:33 Event: ULOG_EXECUTE for HTCondor Node preprocess1_py_ID0000001 (39.0.0) {07/30/20 09:07:29}
07/30/20 09:07:33 Number of idle job procs: 0
07/30/20 09:07:38 Currently monitoring 1 HTCondor log file(s)
07/30/20 09:07:38 Event: ULOG_SHADOW_EXCEPTION for HTCondor Node preprocess1_py_ID0000001 (39.0.0) {07/30/20 09:07:34}
07/30/20 09:07:38 Number of idle job procs: 1
07/30/20 09:07:38 Event: ULOG_JOB_HELD for HTCondor Node preprocess1_py_ID0000001 (39.0.0) {07/30/20 09:07:34}
07/30/20 09:07:38   Hold reason: Error from slot1@aaaaab5e7244: STARTER at 127.0.0.1 failed to send file(s) to <127.0.0.1:9618>: error reading from /var/lib/condor/execute/dir_42438/resized_Dog23.jpg: (errno 2) No such file or directory; SHADOW failed to receive file(s) from <127.0.0.1:43265>
07/30/20 09:07:38 Number of idle job procs: 1
07/30/20 09:07:38 DAG status: 0 (DAG_STATUS_OK)
07/30/20 09:07:38 Of 9 nodes total:
07/30/20 09:07:38  Done     Pre   Queued    Post   Ready   Un-Ready   Failed
07/30/20 09:07:38   ===     ===      ===     ===     ===        ===      ===
07/30/20 09:07:38     3       0        1       0       0          5        0
07/30/20 09:07:38 1 job proc(s) currently held
07/30/20 09:07:38 DAGMan Runtime Statistics: [ EventCycleTimeStd = 0.06891940599802085; EventCycleTimeMax = 0.2630689144134521; SubmitCycleTimeMin = 0.0001718997955322266; SubmitCycleTimeAvg = 0.02583611806233724; SleepCycleTimeCount = 14.0; SubmitCycleTimeCount = 15.0; SubmitCycleTimeMax = 0.2573018074035645; SleepCycleTimeMin = 4.845421075820923; SubmitCycleTimeSum = 0.3875417709350586; LogProcessCycleTimeStd = 0.006304818839412467; SubmitCycleTimeStd = 0.0679359648663735; LogProcessCycleTimeAvg = 0.009351650873819986; EventCycleTimeMin = 0.0004248619079589844; LogProcessCycleTimeMax = 0.02033185958862305; LogProcessCycleTimeMin = 0.001935005187988281; LogProcessCycleTimeSum = 0.08416485786437988; LogProcessCycleTimeCount = 9.0; EventCycleTimeSum = 0.5382742881774902; SleepCycleTimeSum = 70.2302577495575; SleepCycleTimeAvg = 5.016446982111249; SleepCycleTimeStd = 0.09658014244016119; SleepCycleTimeMax = 5.226063013076782; EventCycleTimeCount = 14.0; EventCycleTimeAvg = 0.0384481634412493; ]
