2020-08-03 10:49:28,342:INFO:pegasus-monitord(58): pegasus-monitord starting - pid 38552 
2020-08-03 10:49:28,359:INFO:pegasus-monitord(455): Final Command line options are: ['-N', 'Cats_and_Dogs-0.dag.dagman.out']
2020-08-03 10:49:28,379:INFO:Pegasus.monitoring.event_output(629): Connecting workflow event sink to sqlite:////home/scitech/shared-data/CatsAndDogs/scitech/pegasus/Cats_and_Dogs/run0006/Cats_and_Dogs-0.stampede.db
Created Pegasus database in: sqlite:////home/scitech/shared-data/CatsAndDogs/scitech/pegasus/Cats_and_Dogs/run0006/Cats_and_Dogs-0.stampede.db
Your database is compatible with Pegasus version: 5.0.0dev
2020-08-03 10:49:29,189:INFO:Pegasus.monitoring.event_output(703): output type=DB namespace=stampede. name=sqlite:////home/scitech/shared-data/CatsAndDogs/scitech/pegasus/Cats_and_Dogs/run0006/Cats_and_Dogs-0.stampede.db
2020-08-03 10:49:29,190:INFO:Pegasus.monitoring.event_output(629): Connecting workflow event sink to sqlite:////home/scitech/.pegasus/workflow.db
Your database is compatible with Pegasus version: 5.0.0dev
2020-08-03 10:49:29,580:INFO:Pegasus.monitoring.event_output(703): output type=DB namespace=dashboard. name=sqlite:////home/scitech/.pegasus/workflow.db
2020-08-03 10:49:29,581:INFO:pegasus-monitord(1247): monitord started in fast start mode
2020-08-03 10:49:29,598:INFO:Pegasus.monitoring.workflow(461): cannot open state file /home/scitech/shared-data/CatsAndDogs/scitech/pegasus/Cats_and_Dogs/run0006/monitord.info, continuing without state...
2020-08-03 10:49:29,599:INFO:Pegasus.monitoring.workflow(1148): creating new file /home/scitech/shared-data/CatsAndDogs/scitech/pegasus/Cats_and_Dogs/run0006/jobstate.log
2020-08-03 10:49:29,599:INFO:Pegasus.monitoring.workflow(1158): Appending to existing jobstate.log replay_mode 0 previous_processed_line 0
2020-08-03 10:49:29,600:INFO:Pegasus.monitoring.notifications(474): loading notifications from /home/scitech/shared-data/CatsAndDogs/scitech/pegasus/Cats_and_Dogs/run0006/Cats_and_Dogs-0.notify
2020-08-03 10:49:29,800:INFO:Pegasus.monitoring.workflow(205): Parsing DAG file /home/scitech/shared-data/CatsAndDogs/scitech/pegasus/Cats_and_Dogs/run0006/Cats_and_Dogs-0.dag
2020-08-03 10:49:29,805:INFO:pegasus-monitord(974): Using DAGMan version 8.8.9 80809
2020-08-03 10:49:29,805:INFO:pegasus-monitord(949): DAGMan runs at pid 38551
2020-08-03 10:49:29,808:INFO:pegasus-monitord(955): using dag Cats_and_Dogs-0.dag
2020-08-03 10:49:29,808:INFO:Pegasus.monitoring.workflow(811): DAGMan starting with condor id 31.0
2020-08-03 10:50:49,108:WARNING:Pegasus.monitoring.workflow(1706): truncating stdout for job stage_in_local_local_0_0
2020-08-03 10:51:23,704:WARNING:Pegasus.monitoring.workflow(1706): truncating stdout for job stage_out_local_local_0_0
2020-08-03 10:51:43,917:INFO:Pegasus.monitoring.workflow(2467): Populating locations corresponding to succeeded registration job  /home/scitech/shared-data/CatsAndDogs/scitech/pegasus/Cats_and_Dogs/run0006/00/00/register_local_0_0.in 
2020-08-03 10:52:14,006:WARNING:pegasus-monitord(1029): DAGMan was aborted for workflow running in directory /home/scitech/shared-data/CatsAndDogs/scitech/pegasus/Cats_and_Dogs/run0006
2020-08-03 10:52:14,010:INFO:pegasus-monitord(927): DAGMan Cats_and_Dogs-0.dag finished with exit code 2
2020-08-03 10:52:15,031:INFO:pegasus-monitord(1427): workflow /home/scitech/shared-data/CatsAndDogs/scitech/pegasus/Cats_and_Dogs/run0006/Cats_and_Dogs-0.dag.dagman.out ended
2020-08-03 10:52:15,036:INFO:Pegasus.monitoring.workflow(1377): recovery file deleted: /home/scitech/shared-data/CatsAndDogs/scitech/pegasus/Cats_and_Dogs/run0006/monitord.recover
2020-08-03 10:52:15,039:INFO:pegasus-monitord(1665): finishing workflow: /home/scitech/shared-data/CatsAndDogs/scitech/pegasus/Cats_and_Dogs/run0006/Cats_and_Dogs-0.dag.dagman.out
2020-08-03 10:52:15,040:INFO:pegasus-monitord(1719): finishing notifications...
2020-08-03 10:52:15,041:INFO:pegasus-monitord(1727): monitord process 38552 exiting with 0
2020-08-03 10:52:15,042:INFO:pegasus-monitord(197): DB flushing beginning
2020-08-03 10:52:15,042:INFO:Pegasus.db.workflow_loader.WorkflowLoader(1244): Executing final flush
2020-08-03 10:52:15,066:INFO:Pegasus.db.dashboard_loader.DashboardLoader(397): Executing final flush
2020-08-03 10:52:15,067:INFO:pegasus-monitord(213): DB flushing ended
