2020-09-24 10:15:09,656:INFO:pegasus-monitord(58): pegasus-monitord starting - pid 56118 
2020-09-24 10:15:09,674:INFO:pegasus-monitord(455): Final Command line options are: ['-N', 'Cats_and_Dogs-0.dag.dagman.out']
2020-09-24 10:15:09,692:INFO:Pegasus.monitoring.event_output(629): Connecting workflow event sink to sqlite:////home/scitech/shared-data/CatsAndDogs/scitech/pegasus/Cats_and_Dogs/run0024/Cats_and_Dogs-0.stampede.db
Created Pegasus database in: sqlite:////home/scitech/shared-data/CatsAndDogs/scitech/pegasus/Cats_and_Dogs/run0024/Cats_and_Dogs-0.stampede.db
Your database is compatible with Pegasus version: 5.0.0dev
2020-09-24 10:15:10,497:INFO:Pegasus.monitoring.event_output(703): output type=DB namespace=stampede. name=sqlite:////home/scitech/shared-data/CatsAndDogs/scitech/pegasus/Cats_and_Dogs/run0024/Cats_and_Dogs-0.stampede.db
2020-09-24 10:15:10,498:INFO:Pegasus.monitoring.event_output(629): Connecting workflow event sink to sqlite:////home/scitech/.pegasus/workflow.db
Your database is compatible with Pegasus version: 5.0.0dev
2020-09-24 10:15:10,894:INFO:Pegasus.monitoring.event_output(703): output type=DB namespace=dashboard. name=sqlite:////home/scitech/.pegasus/workflow.db
2020-09-24 10:15:10,895:INFO:pegasus-monitord(1247): monitord started in fast start mode
2020-09-24 10:15:10,913:INFO:Pegasus.monitoring.workflow(461): cannot open state file /home/scitech/shared-data/CatsAndDogs/scitech/pegasus/Cats_and_Dogs/run0024/monitord.info, continuing without state...
2020-09-24 10:15:10,914:INFO:Pegasus.monitoring.workflow(1148): creating new file /home/scitech/shared-data/CatsAndDogs/scitech/pegasus/Cats_and_Dogs/run0024/jobstate.log
2020-09-24 10:15:10,914:INFO:Pegasus.monitoring.workflow(1158): Appending to existing jobstate.log replay_mode 0 previous_processed_line 0
2020-09-24 10:15:10,916:INFO:Pegasus.monitoring.notifications(474): loading notifications from /home/scitech/shared-data/CatsAndDogs/scitech/pegasus/Cats_and_Dogs/run0024/Cats_and_Dogs-0.notify
2020-09-24 10:15:11,165:INFO:Pegasus.monitoring.workflow(205): Parsing DAG file /home/scitech/shared-data/CatsAndDogs/scitech/pegasus/Cats_and_Dogs/run0024/Cats_and_Dogs-0.dag
2020-09-24 10:15:11,171:INFO:pegasus-monitord(974): Using DAGMan version 8.8.10 80810
2020-09-24 10:15:11,171:INFO:pegasus-monitord(949): DAGMan runs at pid 56117
2020-09-24 10:15:11,174:INFO:pegasus-monitord(955): using dag Cats_and_Dogs-0.dag
2020-09-24 10:15:11,175:INFO:Pegasus.monitoring.workflow(811): DAGMan starting with condor id 541.0
2020-09-24 10:15:39,183:INFO:Pegasus.monitoring.workflow(2468): Populating locations corresponding to succeeded registration job  /home/scitech/shared-data/CatsAndDogs/scitech/pegasus/Cats_and_Dogs/run0024/00/00/register_local_1000_0.in 
2020-09-24 10:16:50,390:INFO:Pegasus.monitoring.workflow(2468): Populating locations corresponding to succeeded registration job  /home/scitech/shared-data/CatsAndDogs/scitech/pegasus/Cats_and_Dogs/run0024/00/00/register_local_0_0.in 
2020-09-24 10:17:15,312:INFO:Pegasus.monitoring.workflow(2468): Populating locations corresponding to succeeded registration job  /home/scitech/shared-data/CatsAndDogs/scitech/pegasus/Cats_and_Dogs/run0024/00/00/register_local_1_0.in 
2020-09-24 10:17:24,550:INFO:Pegasus.monitoring.workflow(2468): Populating locations corresponding to succeeded registration job  /home/scitech/shared-data/CatsAndDogs/scitech/pegasus/Cats_and_Dogs/run0024/00/00/register_local_2_0.in 
2020-09-24 10:18:16,367:INFO:Pegasus.monitoring.workflow(2468): Populating locations corresponding to succeeded registration job  /home/scitech/shared-data/CatsAndDogs/scitech/pegasus/Cats_and_Dogs/run0024/00/00/register_local_3_0.in 
2020-09-24 10:18:31,512:INFO:pegasus-monitord(927): DAGMan Cats_and_Dogs-0.dag finished with exit code 0
2020-09-24 10:18:32,523:INFO:pegasus-monitord(1427): workflow /home/scitech/shared-data/CatsAndDogs/scitech/pegasus/Cats_and_Dogs/run0024/Cats_and_Dogs-0.dag.dagman.out ended
2020-09-24 10:18:32,527:INFO:Pegasus.monitoring.workflow(1378): recovery file deleted: /home/scitech/shared-data/CatsAndDogs/scitech/pegasus/Cats_and_Dogs/run0024/monitord.recover
2020-09-24 10:18:32,529:INFO:pegasus-monitord(1665): finishing workflow: /home/scitech/shared-data/CatsAndDogs/scitech/pegasus/Cats_and_Dogs/run0024/Cats_and_Dogs-0.dag.dagman.out
2020-09-24 10:18:32,530:INFO:pegasus-monitord(1719): finishing notifications...
2020-09-24 10:18:32,530:INFO:pegasus-monitord(1727): monitord process 56118 exiting with 0
2020-09-24 10:18:32,531:INFO:pegasus-monitord(197): DB flushing beginning
2020-09-24 10:18:32,531:INFO:Pegasus.db.workflow_loader.WorkflowLoader(1244): Executing final flush
2020-09-24 10:18:32,611:INFO:Pegasus.db.dashboard_loader.DashboardLoader(397): Executing final flush
2020-09-24 10:18:32,613:INFO:pegasus-monitord(213): DB flushing ended
