07/16/20 09:14:14 ******************************************************
07/16/20 09:14:14 ** condor_scheduniv_exec.40.0 (CONDOR_DAGMAN) STARTING UP
07/16/20 09:14:14 ** /usr/bin/condor_dagman
07/16/20 09:14:14 ** SubsystemInfo: name=DAGMAN type=DAGMAN(10) class=DAEMON(1)
07/16/20 09:14:14 ** Configuration: subsystem:DAGMAN local:<NONE> class:DAEMON
07/16/20 09:14:14 ** $CondorVersion: 8.8.9 May 06 2020 BuildID: 503068 PackageID: 8.8.9-1 $
07/16/20 09:14:14 ** $CondorPlatform: x86_64_CentOS7 $
07/16/20 09:14:14 ** PID = 70374
07/16/20 09:14:14 ** Log last touched time unavailable (No such file or directory)
07/16/20 09:14:14 ******************************************************
07/16/20 09:14:14 Using config source: /etc/condor/condor_config
07/16/20 09:14:14 Using local config sources: 
07/16/20 09:14:14    /etc/condor/config.d/00-minicondor
07/16/20 09:14:14    /etc/condor/condor_config.local
07/16/20 09:14:14 config Macros = 81, Sorted = 81, StringBytes = 2254, TablesBytes = 2964
07/16/20 09:14:14 CLASSAD_CACHING is ENABLED
07/16/20 09:14:14 Daemon Log is logging: D_ALWAYS D_ERROR
07/16/20 09:14:14 DaemonCore: No command port requested.
07/16/20 09:14:14 DAGMAN_USE_STRICT setting: 1
07/16/20 09:14:14 DAGMAN_VERBOSITY setting: 3
07/16/20 09:14:14 DAGMAN_DEBUG_CACHE_SIZE setting: 5242880
07/16/20 09:14:14 DAGMAN_DEBUG_CACHE_ENABLE setting: False
07/16/20 09:14:14 DAGMAN_SUBMIT_DELAY setting: 0
07/16/20 09:14:14 DAGMAN_MAX_SUBMIT_ATTEMPTS setting: 6
07/16/20 09:14:14 DAGMAN_STARTUP_CYCLE_DETECT setting: False
07/16/20 09:14:14 DAGMAN_MAX_SUBMITS_PER_INTERVAL setting: 100
07/16/20 09:14:14 DAGMAN_AGGRESSIVE_SUBMIT setting: False
07/16/20 09:14:14 DAGMAN_USER_LOG_SCAN_INTERVAL setting: 5
07/16/20 09:14:14 DAGMAN_QUEUE_UPDATE_INTERVAL setting: 300
07/16/20 09:14:14 DAGMAN_DEFAULT_PRIORITY setting: 0
07/16/20 09:14:14 DAGMAN_SUPPRESS_NOTIFICATION setting: True
07/16/20 09:14:14 allow_events (DAGMAN_ALLOW_EVENTS) setting: 114
07/16/20 09:14:14 DAGMAN_RETRY_SUBMIT_FIRST setting: True
07/16/20 09:14:14 DAGMAN_RETRY_NODE_FIRST setting: False
07/16/20 09:14:14 DAGMAN_MAX_JOBS_IDLE setting: 1000
07/16/20 09:14:14 DAGMAN_MAX_JOBS_SUBMITTED setting: 0
07/16/20 09:14:14 DAGMAN_MAX_PRE_SCRIPTS setting: 20
07/16/20 09:14:14 DAGMAN_MAX_POST_SCRIPTS setting: 20
07/16/20 09:14:14 DAGMAN_MUNGE_NODE_NAMES setting: True
07/16/20 09:14:14 DAGMAN_PROHIBIT_MULTI_JOBS setting: False
07/16/20 09:14:14 DAGMAN_SUBMIT_DEPTH_FIRST setting: False
07/16/20 09:14:14 DAGMAN_ALWAYS_RUN_POST setting: False
07/16/20 09:14:14 DAGMAN_CONDOR_SUBMIT_EXE setting: /usr/bin/condor_submit
07/16/20 09:14:14 DAGMAN_USE_CONDOR_SUBMIT setting: True
07/16/20 09:14:14 DAGMAN_ABORT_DUPLICATES setting: True
07/16/20 09:14:14 DAGMAN_ABORT_ON_SCARY_SUBMIT setting: True
07/16/20 09:14:14 DAGMAN_PENDING_REPORT_INTERVAL setting: 600
07/16/20 09:14:14 DAGMAN_AUTO_RESCUE setting: True
07/16/20 09:14:14 DAGMAN_MAX_RESCUE_NUM setting: 100
07/16/20 09:14:14 DAGMAN_WRITE_PARTIAL_RESCUE setting: True
07/16/20 09:14:14 DAGMAN_DEFAULT_NODE_LOG setting: @(DAG_DIR)/@(DAG_FILE).nodes.log
07/16/20 09:14:14 DAGMAN_GENERATE_SUBDAG_SUBMITS setting: True
07/16/20 09:14:14 DAGMAN_MAX_JOB_HOLDS setting: 100
07/16/20 09:14:14 DAGMAN_HOLD_CLAIM_TIME setting: 20
07/16/20 09:14:14 ALL_DEBUG setting: 
07/16/20 09:14:14 DAGMAN_DEBUG setting: 
07/16/20 09:14:14 DAGMAN_SUPPRESS_JOB_LOGS setting: False
07/16/20 09:14:14 DAGMAN_REMOVE_NODE_JOBS setting: True
07/16/20 09:14:14 argv[0] == "condor_scheduniv_exec.40.0"
07/16/20 09:14:14 argv[1] == "-Lockfile"
07/16/20 09:14:14 argv[2] == "add_thumbs-0.dag.lock"
07/16/20 09:14:14 argv[3] == "-AutoRescue"
07/16/20 09:14:14 argv[4] == "1"
07/16/20 09:14:14 argv[5] == "-DoRescueFrom"
07/16/20 09:14:14 argv[6] == "0"
07/16/20 09:14:14 argv[7] == "-Dag"
07/16/20 09:14:14 argv[8] == "add_thumbs-0.dag"
07/16/20 09:14:14 argv[9] == "-MaxPost"
07/16/20 09:14:14 argv[10] == "20"
07/16/20 09:14:14 argv[11] == "-Suppress_notification"
07/16/20 09:14:14 argv[12] == "-CsdVersion"
07/16/20 09:14:14 argv[13] == "$CondorVersion: 8.8.9 May 06 2020 BuildID: 503068 PackageID: 8.8.9-1 $"
07/16/20 09:14:14 argv[14] == "-Dagman"
07/16/20 09:14:14 argv[15] == "/bin/condor_dagman"
07/16/20 09:14:14 Workflow batch-name: <add_thumbs-0.dag+40>
07/16/20 09:14:14 Workflow accounting_group: <>
07/16/20 09:14:14 Workflow accounting_group_user: <>
07/16/20 09:14:14 Warning: failed to get attribute DAGNodeName
07/16/20 09:14:14 DAGMAN_LOG_ON_NFS_IS_ERROR setting: False
07/16/20 09:14:14 Default node log file is: </home/scitech/shared-data/Workflow/Workflow4/scitech/pegasus/add_thumbs/run0009/./add_thumbs-0.dag.nodes.log>
07/16/20 09:14:14 DAG Lockfile will be written to add_thumbs-0.dag.lock
07/16/20 09:14:14 DAG Input file is add_thumbs-0.dag
07/16/20 09:14:14 Parsing 1 dagfiles
07/16/20 09:14:14 Parsing add_thumbs-0.dag ...
07/16/20 09:14:14 Warning:  could not open Pegasus braindump file braindump.txt
07/16/20 09:14:14 Dag contains 8 total jobs
07/16/20 09:14:14 Sleeping for 3 seconds to ensure ProcessId uniqueness
07/16/20 09:14:17 Bootstrapping...
07/16/20 09:14:17 Number of pre-completed nodes: 0
07/16/20 09:14:17 MultiLogFiles: truncating log file /home/scitech/shared-data/Workflow/Workflow4/scitech/pegasus/add_thumbs/run0009/./add_thumbs-0.dag.nodes.log
07/16/20 09:14:17 DAG status: 0 (DAG_STATUS_OK)
07/16/20 09:14:17 Of 8 nodes total:
07/16/20 09:14:17  Done     Pre   Queued    Post   Ready   Un-Ready   Failed
07/16/20 09:14:17   ===     ===      ===     ===     ===        ===      ===
07/16/20 09:14:17     0       0        0       0       1          7        0
07/16/20 09:14:17 0 job proc(s) currently held
07/16/20 09:14:17 DAGMan Runtime Statistics: [ EventCycleTimeSum = 0.0; EventCycleTimeCount = 0.0; SleepCycleTimeCount = 0.0; SubmitCycleTimeSum = 0.0; SubmitCycleTimeCount = 0.0; LogProcessCycleTimeSum = 0.0; SleepCycleTimeSum = 0.0; LogProcessCycleTimeCount = 0.0; ]
07/16/20 09:14:17 Registering condor_event_timer...
07/16/20 09:14:18 Submitting HTCondor Node create_dir_add_thumbs_0_local job(s)...
07/16/20 09:14:18 Adding a DAGMan workflow log /home/scitech/shared-data/Workflow/Workflow4/scitech/pegasus/add_thumbs/run0009/./add_thumbs-0.dag.nodes.log
07/16/20 09:14:18 Masking the events recorded in the DAGMAN workflow log
07/16/20 09:14:18 Mask for workflow log is 0,1,2,4,5,7,9,10,11,12,13,16,17,24,27,35,36
07/16/20 09:14:18 submitting: /usr/bin/condor_submit -a dag_node_name' '=' 'create_dir_add_thumbs_0_local -a +DAGManJobId' '=' '40 -a DAGManJobId' '=' '40 -batch-name add_thumbs-0.dag+40 -a submit_event_notes' '=' 'DAG' 'Node:' 'create_dir_add_thumbs_0_local -a dagman_log' '=' '/home/scitech/shared-data/Workflow/Workflow4/scitech/pegasus/add_thumbs/run0009/./add_thumbs-0.dag.nodes.log -a +DAGManNodesMask' '=' '"0,1,2,4,5,7,9,10,11,12,13,16,17,24,27,35,36" -a priority=800 -a +DAGNodeRetry' '=' '0 -a DAG_STATUS' '=' '0 -a FAILED_COUNT' '=' '0 -a +KeepClaimIdle' '=' '20 -a notification' '=' 'never -a +DAGParentNodeNames' '=' '"" 00/00/create_dir_add_thumbs_0_local.sub
07/16/20 09:14:18 From submit: Submitting job(s).
07/16/20 09:14:18 From submit: 1 job(s) submitted to cluster 41.
07/16/20 09:14:18 	assigned HTCondor ID (41.0.0)
07/16/20 09:14:18 Just submitted 1 job this cycle...
07/16/20 09:14:18 DAG status: 0 (DAG_STATUS_OK)
07/16/20 09:14:18 Of 8 nodes total:
07/16/20 09:14:18  Done     Pre   Queued    Post   Ready   Un-Ready   Failed
07/16/20 09:14:18   ===     ===      ===     ===     ===        ===      ===
07/16/20 09:14:18     0       0        1       0       0          7        0
07/16/20 09:14:18 0 job proc(s) currently held
07/16/20 09:14:18 DAGMan Runtime Statistics: [ EventCycleTimeCount = 0.0; EventCycleTimeSum = 0.0; LogProcessCycleTimeCount = 0.0; SleepCycleTimeSum = 0.0; LogProcessCycleTimeSum = 0.0; SubmitCycleTimeCount = 1.0; SubmitCycleTimeMax = 0.05156278610229492; SubmitCycleTimeMin = 0.05156278610229492; SubmitCycleTimeAvg = 0.05156278610229492; SubmitCycleTimeStd = 0.05156278610229492; SubmitCycleTimeSum = 0.05156278610229492; SleepCycleTimeCount = 0.0; ]
07/16/20 09:14:23 Currently monitoring 1 HTCondor log file(s)
07/16/20 09:14:23 Reassigning the id of job create_dir_add_thumbs_0_local from (41.0.0) to (41.0.0)
07/16/20 09:14:23 Event: ULOG_SUBMIT for HTCondor Node create_dir_add_thumbs_0_local (41.0.0) {07/16/20 09:14:18}
07/16/20 09:14:23 Number of idle job procs: 1
07/16/20 09:14:23 Event: ULOG_EXECUTE for HTCondor Node create_dir_add_thumbs_0_local (41.0.0) {07/16/20 09:14:20}
07/16/20 09:14:23 Number of idle job procs: 0
07/16/20 09:14:23 Event: ULOG_JOB_TERMINATED for HTCondor Node create_dir_add_thumbs_0_local (41.0.0) {07/16/20 09:14:22}
07/16/20 09:14:23 Number of idle job procs: 0
07/16/20 09:14:23 Node create_dir_add_thumbs_0_local job proc (41.0.0) completed successfully.
07/16/20 09:14:23 Node create_dir_add_thumbs_0_local job completed
07/16/20 09:14:23 Running POST script of Node create_dir_add_thumbs_0_local...
07/16/20 09:14:23 Warning: mysin has length 0 (ignore if produced by DAGMan; see gittrac #4987, #5031)
07/16/20 09:14:23 DAG status: 0 (DAG_STATUS_OK)
07/16/20 09:14:23 Of 8 nodes total:
07/16/20 09:14:23  Done     Pre   Queued    Post   Ready   Un-Ready   Failed
07/16/20 09:14:24   ===     ===      ===     ===     ===        ===      ===
07/16/20 09:14:24     0       0        0       1       0          7        0
07/16/20 09:14:24 0 job proc(s) currently held
07/16/20 09:14:24 DAGMan Runtime Statistics: [ EventCycleTimeStd = 0.05627012252807617; EventCycleTimeMax = 0.05627012252807617; SubmitCycleTimeMin = 0.001013994216918945; SubmitCycleTimeAvg = 0.02628839015960693; SleepCycleTimeCount = 1.0; SubmitCycleTimeCount = 2.0; SubmitCycleTimeMax = 0.05156278610229492; SleepCycleTimeMin = 5.00812292098999; SubmitCycleTimeSum = 0.05257678031921387; LogProcessCycleTimeStd = 0.02559304237365723; SubmitCycleTimeStd = 0.03574339352293688; LogProcessCycleTimeAvg = 0.02559304237365723; EventCycleTimeMin = 0.05627012252807617; LogProcessCycleTimeMax = 0.02559304237365723; LogProcessCycleTimeMin = 0.02559304237365723; LogProcessCycleTimeSum = 0.02559304237365723; LogProcessCycleTimeCount = 1.0; EventCycleTimeSum = 0.05627012252807617; SleepCycleTimeSum = 5.00812292098999; SleepCycleTimeAvg = 5.00812292098999; SleepCycleTimeStd = 5.00812292098999; SleepCycleTimeMax = 5.00812292098999; EventCycleTimeCount = 1.0; EventCycleTimeAvg = 0.05627012252807617; ]
07/16/20 09:14:24 Initializing user log writer for /home/scitech/shared-data/Workflow/Workflow4/scitech/pegasus/add_thumbs/run0009/./add_thumbs-0.dag.nodes.log, (41.0.0)
07/16/20 09:14:29 Currently monitoring 1 HTCondor log file(s)
07/16/20 09:14:29 Event: ULOG_POST_SCRIPT_TERMINATED for HTCondor Node create_dir_add_thumbs_0_local (41.0.0) {07/16/20 09:14:24}
07/16/20 09:14:29 POST Script of node create_dir_add_thumbs_0_local completed successfully.
07/16/20 09:14:29 DAG status: 0 (DAG_STATUS_OK)
07/16/20 09:14:29 Of 8 nodes total:
07/16/20 09:14:29  Done     Pre   Queued    Post   Ready   Un-Ready   Failed
07/16/20 09:14:29   ===     ===      ===     ===     ===        ===      ===
07/16/20 09:14:29     1       0        0       0       1          6        0
07/16/20 09:14:29 0 job proc(s) currently held
07/16/20 09:14:29 DAGMan Runtime Statistics: [ EventCycleTimeStd = 0.01688992807225568; EventCycleTimeMax = 0.05627012252807617; SubmitCycleTimeMin = 0.0005421638488769531; SubmitCycleTimeAvg = 0.01770631472269694; SleepCycleTimeCount = 2.0; SubmitCycleTimeCount = 3.0; SubmitCycleTimeMax = 0.05156278610229492; SleepCycleTimeMin = 5.00812292098999; SubmitCycleTimeSum = 0.05311894416809082; LogProcessCycleTimeStd = 0.01507559053755871; SubmitCycleTimeStd = 0.02932151337639659; LogProcessCycleTimeAvg = 0.01493299007415771; EventCycleTimeMin = 0.03238415718078613; LogProcessCycleTimeMax = 0.02559304237365723; LogProcessCycleTimeMin = 0.004272937774658203; LogProcessCycleTimeSum = 0.02986598014831543; LogProcessCycleTimeCount = 2.0; EventCycleTimeSum = 0.0886542797088623; SleepCycleTimeSum = 10.22841382026672; SleepCycleTimeAvg = 5.114206910133362; SleepCycleTimeStd = 0.1500254161971963; SleepCycleTimeMax = 5.220290899276733; EventCycleTimeCount = 2.0; EventCycleTimeAvg = 0.04432713985443115; ]
07/16/20 09:14:34 Submitting HTCondor Node stage_in_local_local_0_0 job(s)...
07/16/20 09:14:34 Adding a DAGMan workflow log /home/scitech/shared-data/Workflow/Workflow4/scitech/pegasus/add_thumbs/run0009/./add_thumbs-0.dag.nodes.log
07/16/20 09:14:34 Masking the events recorded in the DAGMAN workflow log
07/16/20 09:14:34 Mask for workflow log is 0,1,2,4,5,7,9,10,11,12,13,16,17,24,27,35,36
07/16/20 09:14:34 submitting: /usr/bin/condor_submit -a dag_node_name' '=' 'stage_in_local_local_0_0 -a +DAGManJobId' '=' '40 -a DAGManJobId' '=' '40 -batch-name add_thumbs-0.dag+40 -a submit_event_notes' '=' 'DAG' 'Node:' 'stage_in_local_local_0_0 -a dagman_log' '=' '/home/scitech/shared-data/Workflow/Workflow4/scitech/pegasus/add_thumbs/run0009/./add_thumbs-0.dag.nodes.log -a +DAGManNodesMask' '=' '"0,1,2,4,5,7,9,10,11,12,13,16,17,24,27,35,36" -a priority=700 -a +DAGNodeRetry' '=' '0 -a DAG_STATUS' '=' '0 -a FAILED_COUNT' '=' '0 -a +KeepClaimIdle' '=' '20 -a notification' '=' 'never -a +DAGParentNodeNames' '=' '"create_dir_add_thumbs_0_local" 00/00/stage_in_local_local_0_0.sub
07/16/20 09:14:34 From submit: Submitting job(s).
07/16/20 09:14:34 From submit: 1 job(s) submitted to cluster 42.
07/16/20 09:14:34 	assigned HTCondor ID (42.0.0)
07/16/20 09:14:34 Just submitted 1 job this cycle...
07/16/20 09:14:34 DAG status: 0 (DAG_STATUS_OK)
07/16/20 09:14:34 Of 8 nodes total:
07/16/20 09:14:34  Done     Pre   Queued    Post   Ready   Un-Ready   Failed
07/16/20 09:14:34   ===     ===      ===     ===     ===        ===      ===
07/16/20 09:14:34     1       0        1       0       0          6        0
07/16/20 09:14:34 0 job proc(s) currently held
07/16/20 09:14:34 DAGMan Runtime Statistics: [ EventCycleTimeStd = 0.02261025884722787; EventCycleTimeMax = 0.05627012252807617; SubmitCycleTimeMin = 0.0005421638488769531; SubmitCycleTimeAvg = 0.02602672576904297; SleepCycleTimeCount = 3.0; SubmitCycleTimeCount = 4.0; SubmitCycleTimeMax = 0.05156278610229492; SleepCycleTimeMin = 5.007593870162964; SubmitCycleTimeSum = 0.1041069030761719; LogProcessCycleTimeStd = 0.01507559053755871; SubmitCycleTimeStd = 0.02915620673273699; LogProcessCycleTimeAvg = 0.01493299007415771; EventCycleTimeMin = 0.01107406616210938; LogProcessCycleTimeMax = 0.02559304237365723; LogProcessCycleTimeMin = 0.004272937774658203; LogProcessCycleTimeSum = 0.02986598014831543; LogProcessCycleTimeCount = 2.0; EventCycleTimeSum = 0.09972834587097168; SleepCycleTimeSum = 15.23600769042969; SleepCycleTimeAvg = 5.078669230143229; SleepCycleTimeStd = 0.1226482484579762; SleepCycleTimeMax = 5.220290899276733; EventCycleTimeCount = 3.0; EventCycleTimeAvg = 0.03324278195699056; ]
07/16/20 09:14:39 Currently monitoring 1 HTCondor log file(s)
07/16/20 09:14:39 Reassigning the id of job stage_in_local_local_0_0 from (42.0.0) to (42.0.0)
07/16/20 09:14:39 Event: ULOG_SUBMIT for HTCondor Node stage_in_local_local_0_0 (42.0.0) {07/16/20 09:14:34}
07/16/20 09:14:39 Number of idle job procs: 1
07/16/20 09:14:39 Event: ULOG_EXECUTE for HTCondor Node stage_in_local_local_0_0 (42.0.0) {07/16/20 09:14:36}
07/16/20 09:14:39 Number of idle job procs: 0
07/16/20 09:15:50 Received SIGUSR1
07/16/20 09:15:50 Aborting DAG...
07/16/20 09:15:50 Writing Rescue DAG to add_thumbs-0.dag.rescue001...
07/16/20 09:15:50 Removing submitted jobs...
07/16/20 09:15:50 Removing any/all submitted HTCondor jobs...
07/16/20 09:15:50 Running: /usr/bin/condor_rm -const DAGManJobId' '=?=' '40
07/16/20 09:15:50 Note: 0 total job deferrals because of -MaxJobs limit (0)
07/16/20 09:15:50 Note: 0 total job deferrals because of -MaxIdle limit (1000)
07/16/20 09:15:50 Note: 0 total job deferrals because of node category throttles
07/16/20 09:15:50 Note: 0 total PRE script deferrals because of -MaxPre limit (20) or DEFER
07/16/20 09:15:50 Note: 0 total POST script deferrals because of -MaxPost limit (20) or DEFER
07/16/20 09:15:50 DAG status: 4 (DAG_STATUS_RM)
07/16/20 09:15:50 Of 8 nodes total:
07/16/20 09:15:50  Done     Pre   Queued    Post   Ready   Un-Ready   Failed
07/16/20 09:15:50   ===     ===      ===     ===     ===        ===      ===
07/16/20 09:15:50     1       0        1       0       0          6        0
07/16/20 09:15:50 0 job proc(s) currently held
07/16/20 09:15:50 DAGMan Runtime Statistics: [ EventCycleTimeStd = 0.01768166848624583; EventCycleTimeMax = 0.05627012252807617; SubmitCycleTimeMin = 0.0001800060272216797; SubmitCycleTimeAvg = 0.006079573380319695; SleepCycleTimeCount = 18.0; SubmitCycleTimeCount = 19.0; SubmitCycleTimeMax = 0.05156278610229492; SleepCycleTimeMin = 4.972038984298706; SubmitCycleTimeSum = 0.1155118942260742; LogProcessCycleTimeStd = 0.01213418089677948; SubmitCycleTimeStd = 0.01593116843914794; LogProcessCycleTimeAvg = 0.01158626874287923; EventCycleTimeMin = 0.0005731582641601562; LogProcessCycleTimeMax = 0.02559304237365723; LogProcessCycleTimeMin = 0.004272937774658203; LogProcessCycleTimeSum = 0.0347588062286377; LogProcessCycleTimeCount = 3.0; EventCycleTimeSum = 0.1879684925079346; SleepCycleTimeSum = 90.25202655792236; SleepCycleTimeAvg = 5.014001475440131; SleepCycleTimeStd = 0.05338619672480073; SleepCycleTimeMax = 5.220290899276733; EventCycleTimeCount = 19.0; EventCycleTimeAvg = 0.009893078553049188; ]
07/16/20 09:15:50 Wrote metrics file add_thumbs-0.dag.metrics.
07/16/20 09:15:50 Reporting metrics to Pegasus metrics server(s); output is in add_thumbs-0.dag.metrics.out.
07/16/20 09:15:50 Running command </usr/libexec/condor/condor_dagman_metrics_reporter -f add_thumbs-0.dag.metrics -s -t 100>
07/16/20 09:15:50 Warning: mysin has length 0 (ignore if produced by DAGMan; see gittrac #4987, #5031)
07/16/20 09:15:50 DAGMan Runtime Statistics: [ EventCycleTimeStd = 0.01768166848624583; EventCycleTimeMax = 0.05627012252807617; SubmitCycleTimeMin = 0.0001800060272216797; SubmitCycleTimeAvg = 0.006079573380319695; SleepCycleTimeCount = 18.0; SubmitCycleTimeCount = 19.0; SubmitCycleTimeMax = 0.05156278610229492; SleepCycleTimeMin = 4.972038984298706; SubmitCycleTimeSum = 0.1155118942260742; LogProcessCycleTimeStd = 0.01213418089677948; SubmitCycleTimeStd = 0.01593116843914794; LogProcessCycleTimeAvg = 0.01158626874287923; EventCycleTimeMin = 0.0005731582641601562; LogProcessCycleTimeMax = 0.02559304237365723; LogProcessCycleTimeMin = 0.004272937774658203; LogProcessCycleTimeSum = 0.0347588062286377; LogProcessCycleTimeCount = 3.0; EventCycleTimeSum = 0.1879684925079346; SleepCycleTimeSum = 90.25202655792236; SleepCycleTimeAvg = 5.014001475440131; SleepCycleTimeStd = 0.05338619672480073; SleepCycleTimeMax = 5.220290899276733; EventCycleTimeCount = 19.0; EventCycleTimeAvg = 0.009893078553049188; ]
07/16/20 09:15:50 **** condor_scheduniv_exec.40.0 (condor_DAGMAN) pid 70374 EXITING WITH STATUS 2
