2020-09-14 12:50:09,130:INFO:pegasus-monitord(58): pegasus-monitord starting - pid 55958 
2020-09-14 12:50:09,147:INFO:pegasus-monitord(455): Final Command line options are: ['-N', 'Cats_and_Dogs-0.dag.dagman.out']
2020-09-14 12:50:09,164:INFO:Pegasus.monitoring.event_output(629): Connecting workflow event sink to sqlite:////home/scitech/shared-data/CatsAndDogs/scitech/pegasus/Cats_and_Dogs/run0012/Cats_and_Dogs-0.stampede.db
Created Pegasus database in: sqlite:////home/scitech/shared-data/CatsAndDogs/scitech/pegasus/Cats_and_Dogs/run0012/Cats_and_Dogs-0.stampede.db
Your database is compatible with Pegasus version: 5.0.0dev
2020-09-14 12:50:09,981:INFO:Pegasus.monitoring.event_output(703): output type=DB namespace=stampede. name=sqlite:////home/scitech/shared-data/CatsAndDogs/scitech/pegasus/Cats_and_Dogs/run0012/Cats_and_Dogs-0.stampede.db
2020-09-14 12:50:09,981:INFO:Pegasus.monitoring.event_output(629): Connecting workflow event sink to sqlite:////home/scitech/.pegasus/workflow.db
Your database is compatible with Pegasus version: 5.0.0dev
2020-09-14 12:50:10,583:INFO:Pegasus.monitoring.event_output(703): output type=DB namespace=dashboard. name=sqlite:////home/scitech/.pegasus/workflow.db
2020-09-14 12:50:10,584:INFO:pegasus-monitord(1247): monitord started in fast start mode
2020-09-14 12:50:10,629:INFO:Pegasus.monitoring.workflow(461): cannot open state file /home/scitech/shared-data/CatsAndDogs/scitech/pegasus/Cats_and_Dogs/run0012/monitord.info, continuing without state...
2020-09-14 12:50:10,630:INFO:Pegasus.monitoring.workflow(1148): creating new file /home/scitech/shared-data/CatsAndDogs/scitech/pegasus/Cats_and_Dogs/run0012/jobstate.log
2020-09-14 12:50:10,631:INFO:Pegasus.monitoring.workflow(1158): Appending to existing jobstate.log replay_mode 0 previous_processed_line 0
2020-09-14 12:50:10,634:INFO:Pegasus.monitoring.notifications(474): loading notifications from /home/scitech/shared-data/CatsAndDogs/scitech/pegasus/Cats_and_Dogs/run0012/Cats_and_Dogs-0.notify
2020-09-14 12:50:11,022:INFO:Pegasus.monitoring.workflow(205): Parsing DAG file /home/scitech/shared-data/CatsAndDogs/scitech/pegasus/Cats_and_Dogs/run0012/Cats_and_Dogs-0.dag
2020-09-14 12:50:11,028:INFO:pegasus-monitord(974): Using DAGMan version 8.8.10 80810
2020-09-14 12:50:11,028:INFO:pegasus-monitord(949): DAGMan runs at pid 55957
2020-09-14 12:50:11,031:INFO:pegasus-monitord(955): using dag Cats_and_Dogs-0.dag
2020-09-14 12:50:11,031:INFO:Pegasus.monitoring.workflow(811): DAGMan starting with condor id 115.0
2020-09-14 12:50:44,703:INFO:Pegasus.monitoring.workflow(2468): Populating locations corresponding to succeeded registration job  /home/scitech/shared-data/CatsAndDogs/scitech/pegasus/Cats_and_Dogs/run0012/00/00/register_local_1000_0.in 
2020-09-14 12:51:40,542:WARNING:Pegasus.monitoring.workflow(1707): truncating stdout for job stage_in_local_local_0_0
2020-09-14 12:54:00,542:WARNING:Pegasus.monitoring.workflow(1707): truncating stdout for job stage_out_local_local_0_0
2020-09-14 12:54:01,714:INFO:Pegasus.monitoring.workflow(2468): Populating locations corresponding to succeeded registration job  /home/scitech/shared-data/CatsAndDogs/scitech/pegasus/Cats_and_Dogs/run0012/00/00/register_local_0_0.in 
2020-09-14 12:54:03,048:INFO:Pegasus.monitoring.workflow(2468): Populating locations corresponding to succeeded registration job  /home/scitech/shared-data/CatsAndDogs/scitech/pegasus/Cats_and_Dogs/run0012/00/00/register_local_2_0.in 
2020-09-14 12:54:03,375:WARNING:Pegasus.monitoring.workflow(1707): truncating stdout for job stage_out_local_local_1_0
2020-09-14 12:54:04,486:INFO:Pegasus.monitoring.workflow(2468): Populating locations corresponding to succeeded registration job  /home/scitech/shared-data/CatsAndDogs/scitech/pegasus/Cats_and_Dogs/run0012/00/00/register_local_1_0.in 
2020-09-14 13:06:55,885:WARNING:Pegasus.monitoring.workflow(1707): truncating stdout for job clean_up_local_level_6_0
2020-09-14 13:07:05,994:INFO:Pegasus.monitoring.workflow(2468): Populating locations corresponding to succeeded registration job  /home/scitech/shared-data/CatsAndDogs/scitech/pegasus/Cats_and_Dogs/run0012/00/00/register_local_3_0.in 
2020-09-14 13:07:16,265:INFO:pegasus-monitord(927): DAGMan Cats_and_Dogs-0.dag finished with exit code 0
2020-09-14 13:07:17,280:INFO:pegasus-monitord(1427): workflow /home/scitech/shared-data/CatsAndDogs/scitech/pegasus/Cats_and_Dogs/run0012/Cats_and_Dogs-0.dag.dagman.out ended
2020-09-14 13:07:17,283:INFO:Pegasus.monitoring.workflow(1378): recovery file deleted: /home/scitech/shared-data/CatsAndDogs/scitech/pegasus/Cats_and_Dogs/run0012/monitord.recover
2020-09-14 13:07:17,285:INFO:pegasus-monitord(1665): finishing workflow: /home/scitech/shared-data/CatsAndDogs/scitech/pegasus/Cats_and_Dogs/run0012/Cats_and_Dogs-0.dag.dagman.out
2020-09-14 13:07:17,286:INFO:pegasus-monitord(1719): finishing notifications...
2020-09-14 13:07:17,286:INFO:pegasus-monitord(1727): monitord process 55958 exiting with 0
2020-09-14 13:07:17,288:INFO:pegasus-monitord(197): DB flushing beginning
2020-09-14 13:07:17,289:INFO:Pegasus.db.workflow_loader.WorkflowLoader(1244): Executing final flush
2020-09-14 13:07:17,333:INFO:Pegasus.db.dashboard_loader.DashboardLoader(397): Executing final flush
2020-09-14 13:07:17,334:INFO:pegasus-monitord(213): DB flushing ended
