2020-07-20 11:11:40,965:INFO:pegasus-monitord(58): pegasus-monitord starting - pid 18997 
2020-07-20 11:11:40,981:INFO:pegasus-monitord(455): Final Command line options are: ['-N', 'checkpoint-wf-0.dag.dagman.out']
2020-07-20 11:11:41,000:INFO:Pegasus.monitoring.event_output(629): Connecting workflow event sink to sqlite:////home/scitech/shared-data/Workflow5/scitech/pegasus/checkpoint-wf/run0004/checkpoint-wf-0.stampede.db
Created Pegasus database in: sqlite:////home/scitech/shared-data/Workflow5/scitech/pegasus/checkpoint-wf/run0004/checkpoint-wf-0.stampede.db
Your database is compatible with Pegasus version: 5.0.0dev
2020-07-20 11:11:41,754:INFO:Pegasus.monitoring.event_output(703): output type=DB namespace=stampede. name=sqlite:////home/scitech/shared-data/Workflow5/scitech/pegasus/checkpoint-wf/run0004/checkpoint-wf-0.stampede.db
2020-07-20 11:11:41,755:INFO:Pegasus.monitoring.event_output(629): Connecting workflow event sink to sqlite:////home/scitech/.pegasus/workflow.db
Your database is compatible with Pegasus version: 5.0.0dev
2020-07-20 11:11:42,140:INFO:Pegasus.monitoring.event_output(703): output type=DB namespace=dashboard. name=sqlite:////home/scitech/.pegasus/workflow.db
2020-07-20 11:11:42,141:INFO:pegasus-monitord(1247): monitord started in fast start mode
2020-07-20 11:11:42,157:INFO:Pegasus.monitoring.workflow(461): cannot open state file /home/scitech/shared-data/Workflow5/scitech/pegasus/checkpoint-wf/run0004/monitord.info, continuing without state...
2020-07-20 11:11:42,158:INFO:Pegasus.monitoring.workflow(1148): creating new file /home/scitech/shared-data/Workflow5/scitech/pegasus/checkpoint-wf/run0004/jobstate.log
2020-07-20 11:11:42,158:INFO:Pegasus.monitoring.workflow(1158): Appending to existing jobstate.log replay_mode 0 previous_processed_line 0
2020-07-20 11:11:42,160:INFO:Pegasus.monitoring.notifications(474): loading notifications from /home/scitech/shared-data/Workflow5/scitech/pegasus/checkpoint-wf/run0004/checkpoint-wf-0.notify
2020-07-20 11:11:42,336:INFO:Pegasus.monitoring.workflow(205): Parsing DAG file /home/scitech/shared-data/Workflow5/scitech/pegasus/checkpoint-wf/run0004/checkpoint-wf-0.dag
2020-07-20 11:11:42,341:INFO:pegasus-monitord(974): Using DAGMan version 8.8.9 80809
2020-07-20 11:11:42,341:INFO:pegasus-monitord(949): DAGMan runs at pid 18996
2020-07-20 11:11:42,344:INFO:pegasus-monitord(955): using dag checkpoint-wf-0.dag
2020-07-20 11:11:42,344:INFO:Pegasus.monitoring.workflow(811): DAGMan starting with condor id 61.0
2020-07-20 11:13:47,010:INFO:pegasus-monitord(927): DAGMan checkpoint-wf-0.dag finished with exit code 1
2020-07-20 11:13:48,027:INFO:pegasus-monitord(1427): workflow /home/scitech/shared-data/Workflow5/scitech/pegasus/checkpoint-wf/run0004/checkpoint-wf-0.dag.dagman.out ended
2020-07-20 11:13:48,032:INFO:Pegasus.monitoring.workflow(1377): recovery file deleted: /home/scitech/shared-data/Workflow5/scitech/pegasus/checkpoint-wf/run0004/monitord.recover
2020-07-20 11:13:48,035:INFO:pegasus-monitord(1665): finishing workflow: /home/scitech/shared-data/Workflow5/scitech/pegasus/checkpoint-wf/run0004/checkpoint-wf-0.dag.dagman.out
2020-07-20 11:13:48,035:INFO:pegasus-monitord(1719): finishing notifications...
2020-07-20 11:13:48,036:INFO:pegasus-monitord(1727): monitord process 18997 exiting with 0
2020-07-20 11:13:48,037:INFO:pegasus-monitord(197): DB flushing beginning
2020-07-20 11:13:48,037:INFO:Pegasus.db.workflow_loader.WorkflowLoader(1244): Executing final flush
2020-07-20 11:13:48,099:INFO:Pegasus.db.dashboard_loader.DashboardLoader(397): Executing final flush
2020-07-20 11:13:48,099:INFO:pegasus-monitord(213): DB flushing ended
